{
  "stats": {
    "suites": 4,
    "tests": 9,
    "passes": 9,
    "pending": 0,
    "failures": 0,
    "testsRegistered": 9,
    "passPercent": 100,
    "pendingPercent": 0,
    "other": 0,
    "hasOther": false,
    "skipped": 0,
    "hasSkipped": false,
    "start": "2023-05-03T01:41:07.317Z",
    "end": "2023-05-03T01:41:07.611Z",
    "duration": 294
  },
  "results": [
    {
      "uuid": "41bd4b37-2bf6-493a-ab37-869878ae9502",
      "title": "@tresdoce-nestjs-toolkit/archetype",
      "fullFile": "",
      "file": "",
      "beforeHooks": [],
      "afterHooks": [],
      "tests": [],
      "suites": [
        {
          "uuid": "4ec5c2b9-c539-4422-9f66-49c12fd5a27f",
          "title": "@tresdoce-nestjs-toolkit/archetype",
          "fullFile": "",
          "file": "",
          "beforeHooks": [],
          "afterHooks": [],
          "tests": [
            {
              "fullTitle": "Constants > should be return exclude to prefix global",
              "title": "Constants > should be return exclude to prefix global",
              "timedOut": false,
              "duration": 2,
              "state": "passed",
              "speed": "fast",
              "pass": true,
              "fail": false,
              "pending": false,
              "context": null,
              "code": "import { RequestMethod } from '@nestjs/common';\nimport { manifestControllerExcludes } from '../archetype/constants/archetype.constants';\n\ndescribe('Constants', () => {\n  it('should be return exclude to prefix global', async () => {\n    expect(manifestControllerExcludes).toEqual(expect.any(Array));\n    expect(manifestControllerExcludes).toMatchObject([\n      {\n        path: '/info',\n        method: RequestMethod.GET,\n      },\n    ]);\n  });\n});\n",
              "err": {},
              "uuid": "9fe003ac-bbf2-4acd-96ad-e0dca3e88e47",
              "parentUUID": "4ec5c2b9-c539-4422-9f66-49c12fd5a27f",
              "isHook": false,
              "skipped": false
            },
            {
              "fullTitle": "ArchetypeService > should be defined",
              "title": "ArchetypeService > should be defined",
              "timedOut": false,
              "duration": 14,
              "state": "passed",
              "speed": "fast",
              "pass": true,
              "fail": false,
              "pending": false,
              "context": null,
              "code": "import { Test, TestingModule } from '@nestjs/testing';\nimport { ConfigModule } from '@nestjs/config';\n\nimport { config, manifest } from '@tresdoce-nestjs-toolkit/test-utils';\n\nimport { ArchetypeModule } from '../archetype/archetype.module';\nimport { ArchetypeService } from '../archetype/services/archetype.service';\n\ndescribe('ArchetypeService', () => {\n  let service: ArchetypeService;\n  /*const archetypeService = {\n      readFile: jest.fn(() => manifest),\n      getArchetypeVersion: jest.fn(() => ({ archetypeVersion: manifest.archetypeVersion })),\n      getApplicationInfo: jest.fn(() => ({\n        name: manifest.name,\n        version: manifest.version,\n        description: manifest.description,\n        author: manifest.author,\n        repository: manifest.repository,\n        homepage: manifest.homepage,\n        dependencies: manifest.dependencies,\n        devDependencies: manifest.devDependencies,\n      })),\n      generateManifest: jest.fn(() => manifest),\n    };*/\n\n  beforeEach(async () => {\n    const module: TestingModule = await Test.createTestingModule({\n      imports: [\n        ConfigModule.forRoot({\n          isGlobal: true,\n          load: [config],\n        }),\n        ArchetypeModule,\n      ],\n      providers: [ArchetypeService],\n    }).compile();\n\n    service = module.get<ArchetypeService>(ArchetypeService);\n  });\n\n  it('should be defined', () => {\n    expect(service).toBeDefined();\n  });\n\n  it('should be read package file', async () => {\n    const packageFile = await service.readFile(__dirname, '../../package.json');\n    expect(packageFile).toBeDefined();\n    expect(packageFile).toEqual(expect.any(Object));\n  });\n\n  it('should be return archetype version', async () => {\n    service.readFile = jest.fn().mockImplementation(() => ({ version: manifest.archetypeVersion }));\n\n    expect(await service.getArchetypeVersion()).toEqual({\n      archetypeVersion: manifest.archetypeVersion,\n    });\n  });\n\n  it('should be return application info', async () => {\n    service.readFile = jest.fn().mockImplementation(() => ({\n      apiPrefix: manifest.apiPrefix,\n      name: manifest.name,\n      version: manifest.version,\n      description: manifest.description,\n      author: manifest.author,\n      repository: manifest.repository,\n      homepage: manifest.homepage,\n      dependencies: manifest.dependencies,\n      devDependencies: manifest.devDependencies,\n    }));\n\n    expect(await service.getApplicationInfo()).toEqual({\n      apiPrefix: manifest.apiPrefix,\n      name: manifest.name,\n      version: manifest.version,\n      description: manifest.description,\n      author: manifest.author,\n      repository: manifest.repository,\n      homepage: manifest.homepage,\n      dependencies: {\n        '@tresdoce-nestjs-toolkit/archetype': '0.0.1',\n        '@tresdoce-nestjs-toolkit/health': '0.0.1',\n        '@tresdoce-nestjs-toolkit/http-client': '0.0.1',\n        '@nestjs/class-transformer': '^0.4.0',\n        '@nestjs/class-validator': '^0.13.3',\n        '@nestjs/common': '^9.2.1',\n        '@nestjs/config': '^2.2.0',\n        '@nestjs/core': '^8.2.5',\n        '@nestjs/platform-express': '^8.2.5',\n        '@nestjs/swagger': '^5.1.5',\n      },\n      devDependencies: {\n        '@tresdoce-nestjs-toolkit/commons': '0.0.1',\n        '@nestjs/cli': '^9.1.8',\n        '@nestjs/schematics': '^9.1.0',\n        '@nestjs/testing': '^9.4.0',\n      },\n    });\n  });\n\n  it('should be return manifest', async () => {\n    service.getArchetypeVersion = jest.fn().mockImplementation(() => ({\n      archetypeVersion: manifest.archetypeVersion,\n    }));\n\n    service.getApplicationInfo = jest.fn().mockImplementation(() => ({\n      apiPrefix: manifest.apiPrefix,\n      name: manifest.name,\n      version: manifest.version,\n      description: manifest.description,\n      author: manifest.author,\n      repository: manifest.repository,\n      homepage: manifest.homepage,\n      dependencies: manifest.dependencies,\n      devDependencies: manifest.devDependencies,\n    }));\n\n    expect(await service.generateManifest()).toEqual({ ...manifest });\n  });\n});\n",
              "err": {},
              "uuid": "5c18ea3a-bc4d-4662-9125-42d0efe02f03",
              "parentUUID": "4ec5c2b9-c539-4422-9f66-49c12fd5a27f",
              "isHook": false,
              "skipped": false
            },
            {
              "fullTitle": "ArchetypeService > should be read package file",
              "title": "ArchetypeService > should be read package file",
              "timedOut": false,
              "duration": 6,
              "state": "passed",
              "speed": "fast",
              "pass": true,
              "fail": false,
              "pending": false,
              "context": null,
              "code": "import { Test, TestingModule } from '@nestjs/testing';\nimport { ConfigModule } from '@nestjs/config';\n\nimport { config, manifest } from '@tresdoce-nestjs-toolkit/test-utils';\n\nimport { ArchetypeModule } from '../archetype/archetype.module';\nimport { ArchetypeService } from '../archetype/services/archetype.service';\n\ndescribe('ArchetypeService', () => {\n  let service: ArchetypeService;\n  /*const archetypeService = {\n      readFile: jest.fn(() => manifest),\n      getArchetypeVersion: jest.fn(() => ({ archetypeVersion: manifest.archetypeVersion })),\n      getApplicationInfo: jest.fn(() => ({\n        name: manifest.name,\n        version: manifest.version,\n        description: manifest.description,\n        author: manifest.author,\n        repository: manifest.repository,\n        homepage: manifest.homepage,\n        dependencies: manifest.dependencies,\n        devDependencies: manifest.devDependencies,\n      })),\n      generateManifest: jest.fn(() => manifest),\n    };*/\n\n  beforeEach(async () => {\n    const module: TestingModule = await Test.createTestingModule({\n      imports: [\n        ConfigModule.forRoot({\n          isGlobal: true,\n          load: [config],\n        }),\n        ArchetypeModule,\n      ],\n      providers: [ArchetypeService],\n    }).compile();\n\n    service = module.get<ArchetypeService>(ArchetypeService);\n  });\n\n  it('should be defined', () => {\n    expect(service).toBeDefined();\n  });\n\n  it('should be read package file', async () => {\n    const packageFile = await service.readFile(__dirname, '../../package.json');\n    expect(packageFile).toBeDefined();\n    expect(packageFile).toEqual(expect.any(Object));\n  });\n\n  it('should be return archetype version', async () => {\n    service.readFile = jest.fn().mockImplementation(() => ({ version: manifest.archetypeVersion }));\n\n    expect(await service.getArchetypeVersion()).toEqual({\n      archetypeVersion: manifest.archetypeVersion,\n    });\n  });\n\n  it('should be return application info', async () => {\n    service.readFile = jest.fn().mockImplementation(() => ({\n      apiPrefix: manifest.apiPrefix,\n      name: manifest.name,\n      version: manifest.version,\n      description: manifest.description,\n      author: manifest.author,\n      repository: manifest.repository,\n      homepage: manifest.homepage,\n      dependencies: manifest.dependencies,\n      devDependencies: manifest.devDependencies,\n    }));\n\n    expect(await service.getApplicationInfo()).toEqual({\n      apiPrefix: manifest.apiPrefix,\n      name: manifest.name,\n      version: manifest.version,\n      description: manifest.description,\n      author: manifest.author,\n      repository: manifest.repository,\n      homepage: manifest.homepage,\n      dependencies: {\n        '@tresdoce-nestjs-toolkit/archetype': '0.0.1',\n        '@tresdoce-nestjs-toolkit/health': '0.0.1',\n        '@tresdoce-nestjs-toolkit/http-client': '0.0.1',\n        '@nestjs/class-transformer': '^0.4.0',\n        '@nestjs/class-validator': '^0.13.3',\n        '@nestjs/common': '^9.2.1',\n        '@nestjs/config': '^2.2.0',\n        '@nestjs/core': '^8.2.5',\n        '@nestjs/platform-express': '^8.2.5',\n        '@nestjs/swagger': '^5.1.5',\n      },\n      devDependencies: {\n        '@tresdoce-nestjs-toolkit/commons': '0.0.1',\n        '@nestjs/cli': '^9.1.8',\n        '@nestjs/schematics': '^9.1.0',\n        '@nestjs/testing': '^9.4.0',\n      },\n    });\n  });\n\n  it('should be return manifest', async () => {\n    service.getArchetypeVersion = jest.fn().mockImplementation(() => ({\n      archetypeVersion: manifest.archetypeVersion,\n    }));\n\n    service.getApplicationInfo = jest.fn().mockImplementation(() => ({\n      apiPrefix: manifest.apiPrefix,\n      name: manifest.name,\n      version: manifest.version,\n      description: manifest.description,\n      author: manifest.author,\n      repository: manifest.repository,\n      homepage: manifest.homepage,\n      dependencies: manifest.dependencies,\n      devDependencies: manifest.devDependencies,\n    }));\n\n    expect(await service.generateManifest()).toEqual({ ...manifest });\n  });\n});\n",
              "err": {},
              "uuid": "7c98a4fc-cd10-4ef4-9540-7c202bc0b166",
              "parentUUID": "4ec5c2b9-c539-4422-9f66-49c12fd5a27f",
              "isHook": false,
              "skipped": false
            },
            {
              "fullTitle": "ArchetypeService > should be return archetype version",
              "title": "ArchetypeService > should be return archetype version",
              "timedOut": false,
              "duration": 4,
              "state": "passed",
              "speed": "fast",
              "pass": true,
              "fail": false,
              "pending": false,
              "context": null,
              "code": "import { Test, TestingModule } from '@nestjs/testing';\nimport { ConfigModule } from '@nestjs/config';\n\nimport { config, manifest } from '@tresdoce-nestjs-toolkit/test-utils';\n\nimport { ArchetypeModule } from '../archetype/archetype.module';\nimport { ArchetypeService } from '../archetype/services/archetype.service';\n\ndescribe('ArchetypeService', () => {\n  let service: ArchetypeService;\n  /*const archetypeService = {\n      readFile: jest.fn(() => manifest),\n      getArchetypeVersion: jest.fn(() => ({ archetypeVersion: manifest.archetypeVersion })),\n      getApplicationInfo: jest.fn(() => ({\n        name: manifest.name,\n        version: manifest.version,\n        description: manifest.description,\n        author: manifest.author,\n        repository: manifest.repository,\n        homepage: manifest.homepage,\n        dependencies: manifest.dependencies,\n        devDependencies: manifest.devDependencies,\n      })),\n      generateManifest: jest.fn(() => manifest),\n    };*/\n\n  beforeEach(async () => {\n    const module: TestingModule = await Test.createTestingModule({\n      imports: [\n        ConfigModule.forRoot({\n          isGlobal: true,\n          load: [config],\n        }),\n        ArchetypeModule,\n      ],\n      providers: [ArchetypeService],\n    }).compile();\n\n    service = module.get<ArchetypeService>(ArchetypeService);\n  });\n\n  it('should be defined', () => {\n    expect(service).toBeDefined();\n  });\n\n  it('should be read package file', async () => {\n    const packageFile = await service.readFile(__dirname, '../../package.json');\n    expect(packageFile).toBeDefined();\n    expect(packageFile).toEqual(expect.any(Object));\n  });\n\n  it('should be return archetype version', async () => {\n    service.readFile = jest.fn().mockImplementation(() => ({ version: manifest.archetypeVersion }));\n\n    expect(await service.getArchetypeVersion()).toEqual({\n      archetypeVersion: manifest.archetypeVersion,\n    });\n  });\n\n  it('should be return application info', async () => {\n    service.readFile = jest.fn().mockImplementation(() => ({\n      apiPrefix: manifest.apiPrefix,\n      name: manifest.name,\n      version: manifest.version,\n      description: manifest.description,\n      author: manifest.author,\n      repository: manifest.repository,\n      homepage: manifest.homepage,\n      dependencies: manifest.dependencies,\n      devDependencies: manifest.devDependencies,\n    }));\n\n    expect(await service.getApplicationInfo()).toEqual({\n      apiPrefix: manifest.apiPrefix,\n      name: manifest.name,\n      version: manifest.version,\n      description: manifest.description,\n      author: manifest.author,\n      repository: manifest.repository,\n      homepage: manifest.homepage,\n      dependencies: {\n        '@tresdoce-nestjs-toolkit/archetype': '0.0.1',\n        '@tresdoce-nestjs-toolkit/health': '0.0.1',\n        '@tresdoce-nestjs-toolkit/http-client': '0.0.1',\n        '@nestjs/class-transformer': '^0.4.0',\n        '@nestjs/class-validator': '^0.13.3',\n        '@nestjs/common': '^9.2.1',\n        '@nestjs/config': '^2.2.0',\n        '@nestjs/core': '^8.2.5',\n        '@nestjs/platform-express': '^8.2.5',\n        '@nestjs/swagger': '^5.1.5',\n      },\n      devDependencies: {\n        '@tresdoce-nestjs-toolkit/commons': '0.0.1',\n        '@nestjs/cli': '^9.1.8',\n        '@nestjs/schematics': '^9.1.0',\n        '@nestjs/testing': '^9.4.0',\n      },\n    });\n  });\n\n  it('should be return manifest', async () => {\n    service.getArchetypeVersion = jest.fn().mockImplementation(() => ({\n      archetypeVersion: manifest.archetypeVersion,\n    }));\n\n    service.getApplicationInfo = jest.fn().mockImplementation(() => ({\n      apiPrefix: manifest.apiPrefix,\n      name: manifest.name,\n      version: manifest.version,\n      description: manifest.description,\n      author: manifest.author,\n      repository: manifest.repository,\n      homepage: manifest.homepage,\n      dependencies: manifest.dependencies,\n      devDependencies: manifest.devDependencies,\n    }));\n\n    expect(await service.generateManifest()).toEqual({ ...manifest });\n  });\n});\n",
              "err": {},
              "uuid": "0fa1e1c9-6b01-43b2-8e0a-5474ae970fd8",
              "parentUUID": "4ec5c2b9-c539-4422-9f66-49c12fd5a27f",
              "isHook": false,
              "skipped": false
            },
            {
              "fullTitle": "ArchetypeService > should be return application info",
              "title": "ArchetypeService > should be return application info",
              "timedOut": false,
              "duration": 4,
              "state": "passed",
              "speed": "fast",
              "pass": true,
              "fail": false,
              "pending": false,
              "context": null,
              "code": "import { Test, TestingModule } from '@nestjs/testing';\nimport { ConfigModule } from '@nestjs/config';\n\nimport { config, manifest } from '@tresdoce-nestjs-toolkit/test-utils';\n\nimport { ArchetypeModule } from '../archetype/archetype.module';\nimport { ArchetypeService } from '../archetype/services/archetype.service';\n\ndescribe('ArchetypeService', () => {\n  let service: ArchetypeService;\n  /*const archetypeService = {\n      readFile: jest.fn(() => manifest),\n      getArchetypeVersion: jest.fn(() => ({ archetypeVersion: manifest.archetypeVersion })),\n      getApplicationInfo: jest.fn(() => ({\n        name: manifest.name,\n        version: manifest.version,\n        description: manifest.description,\n        author: manifest.author,\n        repository: manifest.repository,\n        homepage: manifest.homepage,\n        dependencies: manifest.dependencies,\n        devDependencies: manifest.devDependencies,\n      })),\n      generateManifest: jest.fn(() => manifest),\n    };*/\n\n  beforeEach(async () => {\n    const module: TestingModule = await Test.createTestingModule({\n      imports: [\n        ConfigModule.forRoot({\n          isGlobal: true,\n          load: [config],\n        }),\n        ArchetypeModule,\n      ],\n      providers: [ArchetypeService],\n    }).compile();\n\n    service = module.get<ArchetypeService>(ArchetypeService);\n  });\n\n  it('should be defined', () => {\n    expect(service).toBeDefined();\n  });\n\n  it('should be read package file', async () => {\n    const packageFile = await service.readFile(__dirname, '../../package.json');\n    expect(packageFile).toBeDefined();\n    expect(packageFile).toEqual(expect.any(Object));\n  });\n\n  it('should be return archetype version', async () => {\n    service.readFile = jest.fn().mockImplementation(() => ({ version: manifest.archetypeVersion }));\n\n    expect(await service.getArchetypeVersion()).toEqual({\n      archetypeVersion: manifest.archetypeVersion,\n    });\n  });\n\n  it('should be return application info', async () => {\n    service.readFile = jest.fn().mockImplementation(() => ({\n      apiPrefix: manifest.apiPrefix,\n      name: manifest.name,\n      version: manifest.version,\n      description: manifest.description,\n      author: manifest.author,\n      repository: manifest.repository,\n      homepage: manifest.homepage,\n      dependencies: manifest.dependencies,\n      devDependencies: manifest.devDependencies,\n    }));\n\n    expect(await service.getApplicationInfo()).toEqual({\n      apiPrefix: manifest.apiPrefix,\n      name: manifest.name,\n      version: manifest.version,\n      description: manifest.description,\n      author: manifest.author,\n      repository: manifest.repository,\n      homepage: manifest.homepage,\n      dependencies: {\n        '@tresdoce-nestjs-toolkit/archetype': '0.0.1',\n        '@tresdoce-nestjs-toolkit/health': '0.0.1',\n        '@tresdoce-nestjs-toolkit/http-client': '0.0.1',\n        '@nestjs/class-transformer': '^0.4.0',\n        '@nestjs/class-validator': '^0.13.3',\n        '@nestjs/common': '^9.2.1',\n        '@nestjs/config': '^2.2.0',\n        '@nestjs/core': '^8.2.5',\n        '@nestjs/platform-express': '^8.2.5',\n        '@nestjs/swagger': '^5.1.5',\n      },\n      devDependencies: {\n        '@tresdoce-nestjs-toolkit/commons': '0.0.1',\n        '@nestjs/cli': '^9.1.8',\n        '@nestjs/schematics': '^9.1.0',\n        '@nestjs/testing': '^9.4.0',\n      },\n    });\n  });\n\n  it('should be return manifest', async () => {\n    service.getArchetypeVersion = jest.fn().mockImplementation(() => ({\n      archetypeVersion: manifest.archetypeVersion,\n    }));\n\n    service.getApplicationInfo = jest.fn().mockImplementation(() => ({\n      apiPrefix: manifest.apiPrefix,\n      name: manifest.name,\n      version: manifest.version,\n      description: manifest.description,\n      author: manifest.author,\n      repository: manifest.repository,\n      homepage: manifest.homepage,\n      dependencies: manifest.dependencies,\n      devDependencies: manifest.devDependencies,\n    }));\n\n    expect(await service.generateManifest()).toEqual({ ...manifest });\n  });\n});\n",
              "err": {},
              "uuid": "1f0f38d3-f933-4f90-a255-ace52f91d46e",
              "parentUUID": "4ec5c2b9-c539-4422-9f66-49c12fd5a27f",
              "isHook": false,
              "skipped": false
            },
            {
              "fullTitle": "ArchetypeService > should be return manifest",
              "title": "ArchetypeService > should be return manifest",
              "timedOut": false,
              "duration": 3,
              "state": "passed",
              "speed": "fast",
              "pass": true,
              "fail": false,
              "pending": false,
              "context": null,
              "code": "import { Test, TestingModule } from '@nestjs/testing';\nimport { ConfigModule } from '@nestjs/config';\n\nimport { config, manifest } from '@tresdoce-nestjs-toolkit/test-utils';\n\nimport { ArchetypeModule } from '../archetype/archetype.module';\nimport { ArchetypeService } from '../archetype/services/archetype.service';\n\ndescribe('ArchetypeService', () => {\n  let service: ArchetypeService;\n  /*const archetypeService = {\n      readFile: jest.fn(() => manifest),\n      getArchetypeVersion: jest.fn(() => ({ archetypeVersion: manifest.archetypeVersion })),\n      getApplicationInfo: jest.fn(() => ({\n        name: manifest.name,\n        version: manifest.version,\n        description: manifest.description,\n        author: manifest.author,\n        repository: manifest.repository,\n        homepage: manifest.homepage,\n        dependencies: manifest.dependencies,\n        devDependencies: manifest.devDependencies,\n      })),\n      generateManifest: jest.fn(() => manifest),\n    };*/\n\n  beforeEach(async () => {\n    const module: TestingModule = await Test.createTestingModule({\n      imports: [\n        ConfigModule.forRoot({\n          isGlobal: true,\n          load: [config],\n        }),\n        ArchetypeModule,\n      ],\n      providers: [ArchetypeService],\n    }).compile();\n\n    service = module.get<ArchetypeService>(ArchetypeService);\n  });\n\n  it('should be defined', () => {\n    expect(service).toBeDefined();\n  });\n\n  it('should be read package file', async () => {\n    const packageFile = await service.readFile(__dirname, '../../package.json');\n    expect(packageFile).toBeDefined();\n    expect(packageFile).toEqual(expect.any(Object));\n  });\n\n  it('should be return archetype version', async () => {\n    service.readFile = jest.fn().mockImplementation(() => ({ version: manifest.archetypeVersion }));\n\n    expect(await service.getArchetypeVersion()).toEqual({\n      archetypeVersion: manifest.archetypeVersion,\n    });\n  });\n\n  it('should be return application info', async () => {\n    service.readFile = jest.fn().mockImplementation(() => ({\n      apiPrefix: manifest.apiPrefix,\n      name: manifest.name,\n      version: manifest.version,\n      description: manifest.description,\n      author: manifest.author,\n      repository: manifest.repository,\n      homepage: manifest.homepage,\n      dependencies: manifest.dependencies,\n      devDependencies: manifest.devDependencies,\n    }));\n\n    expect(await service.getApplicationInfo()).toEqual({\n      apiPrefix: manifest.apiPrefix,\n      name: manifest.name,\n      version: manifest.version,\n      description: manifest.description,\n      author: manifest.author,\n      repository: manifest.repository,\n      homepage: manifest.homepage,\n      dependencies: {\n        '@tresdoce-nestjs-toolkit/archetype': '0.0.1',\n        '@tresdoce-nestjs-toolkit/health': '0.0.1',\n        '@tresdoce-nestjs-toolkit/http-client': '0.0.1',\n        '@nestjs/class-transformer': '^0.4.0',\n        '@nestjs/class-validator': '^0.13.3',\n        '@nestjs/common': '^9.2.1',\n        '@nestjs/config': '^2.2.0',\n        '@nestjs/core': '^8.2.5',\n        '@nestjs/platform-express': '^8.2.5',\n        '@nestjs/swagger': '^5.1.5',\n      },\n      devDependencies: {\n        '@tresdoce-nestjs-toolkit/commons': '0.0.1',\n        '@nestjs/cli': '^9.1.8',\n        '@nestjs/schematics': '^9.1.0',\n        '@nestjs/testing': '^9.4.0',\n      },\n    });\n  });\n\n  it('should be return manifest', async () => {\n    service.getArchetypeVersion = jest.fn().mockImplementation(() => ({\n      archetypeVersion: manifest.archetypeVersion,\n    }));\n\n    service.getApplicationInfo = jest.fn().mockImplementation(() => ({\n      apiPrefix: manifest.apiPrefix,\n      name: manifest.name,\n      version: manifest.version,\n      description: manifest.description,\n      author: manifest.author,\n      repository: manifest.repository,\n      homepage: manifest.homepage,\n      dependencies: manifest.dependencies,\n      devDependencies: manifest.devDependencies,\n    }));\n\n    expect(await service.generateManifest()).toEqual({ ...manifest });\n  });\n});\n",
              "err": {},
              "uuid": "597693ac-5213-42ad-a036-6f4ba0bd239d",
              "parentUUID": "4ec5c2b9-c539-4422-9f66-49c12fd5a27f",
              "isHook": false,
              "skipped": false
            },
            {
              "fullTitle": "ArchetypeModule > should be define",
              "title": "ArchetypeModule > should be define",
              "timedOut": false,
              "duration": 235,
              "state": "passed",
              "speed": "medium",
              "pass": true,
              "fail": false,
              "pending": false,
              "context": null,
              "code": "import { INestApplication } from '@nestjs/common';\nimport { ConfigModule } from '@nestjs/config';\nimport { Test, TestingModule } from '@nestjs/testing';\nimport { config } from '@tresdoce-nestjs-toolkit/test-utils';\n\nimport { ArchetypeModule } from '../archetype/archetype.module';\n\ndescribe('ArchetypeModule', () => {\n  let app: INestApplication;\n\n  beforeEach(async () => {\n    const module: TestingModule = await Test.createTestingModule({\n      imports: [\n        ConfigModule.forRoot({\n          isGlobal: true,\n          load: [config],\n        }),\n        ArchetypeModule,\n      ],\n    }).compile();\n\n    app = module.createNestApplication();\n    await app.init();\n  });\n\n  it('should be define', async () => {\n    expect(app).toBeDefined();\n  });\n});\n",
              "err": {},
              "uuid": "97c87dee-13cd-43cd-96ae-fd7999e5ad89",
              "parentUUID": "4ec5c2b9-c539-4422-9f66-49c12fd5a27f",
              "isHook": false,
              "skipped": false
            },
            {
              "fullTitle": "ArchetypeController > should be defined",
              "title": "ArchetypeController > should be defined",
              "timedOut": false,
              "duration": 16,
              "state": "passed",
              "speed": "fast",
              "pass": true,
              "fail": false,
              "pending": false,
              "context": null,
              "code": "import { Test, TestingModule } from '@nestjs/testing';\nimport { ConfigModule } from '@nestjs/config';\n\nimport { config, manifest } from '@tresdoce-nestjs-toolkit/test-utils';\n\nimport { ArchetypeModule } from '../archetype/archetype.module';\nimport { ArchetypeController } from '../archetype/controllers/archetype.controller';\nimport { ArchetypeService } from '../archetype/services/archetype.service';\n\ndescribe('ArchetypeController', () => {\n  let controller: ArchetypeController;\n  const archetypeService = {\n    generateManifest: () => manifest,\n  };\n\n  beforeEach(async () => {\n    const module: TestingModule = await Test.createTestingModule({\n      imports: [\n        ConfigModule.forRoot({\n          isGlobal: true,\n          load: [config],\n        }),\n        ArchetypeModule,\n      ],\n      controllers: [ArchetypeController],\n      providers: [ArchetypeService],\n    })\n      .overrideProvider(ArchetypeService)\n      .useValue(archetypeService)\n      .compile();\n\n    controller = module.get<ArchetypeController>(ArchetypeController);\n  });\n\n  it('should be defined', () => {\n    expect(controller).toBeDefined();\n  });\n\n  it('should be return manifest json', async () => {\n    expect(await controller.getArchetypeInfo()).toBeDefined();\n    expect(await controller.getArchetypeInfo()).toEqual(manifest);\n  });\n});\n",
              "err": {},
              "uuid": "3eb293dd-6158-4a84-848d-d69d68b82cdb",
              "parentUUID": "4ec5c2b9-c539-4422-9f66-49c12fd5a27f",
              "isHook": false,
              "skipped": false
            },
            {
              "fullTitle": "ArchetypeController > should be return manifest json",
              "title": "ArchetypeController > should be return manifest json",
              "timedOut": false,
              "duration": 10,
              "state": "passed",
              "speed": "fast",
              "pass": true,
              "fail": false,
              "pending": false,
              "context": null,
              "code": "import { Test, TestingModule } from '@nestjs/testing';\nimport { ConfigModule } from '@nestjs/config';\n\nimport { config, manifest } from '@tresdoce-nestjs-toolkit/test-utils';\n\nimport { ArchetypeModule } from '../archetype/archetype.module';\nimport { ArchetypeController } from '../archetype/controllers/archetype.controller';\nimport { ArchetypeService } from '../archetype/services/archetype.service';\n\ndescribe('ArchetypeController', () => {\n  let controller: ArchetypeController;\n  const archetypeService = {\n    generateManifest: () => manifest,\n  };\n\n  beforeEach(async () => {\n    const module: TestingModule = await Test.createTestingModule({\n      imports: [\n        ConfigModule.forRoot({\n          isGlobal: true,\n          load: [config],\n        }),\n        ArchetypeModule,\n      ],\n      controllers: [ArchetypeController],\n      providers: [ArchetypeService],\n    })\n      .overrideProvider(ArchetypeService)\n      .useValue(archetypeService)\n      .compile();\n\n    controller = module.get<ArchetypeController>(ArchetypeController);\n  });\n\n  it('should be defined', () => {\n    expect(controller).toBeDefined();\n  });\n\n  it('should be return manifest json', async () => {\n    expect(await controller.getArchetypeInfo()).toBeDefined();\n    expect(await controller.getArchetypeInfo()).toEqual(manifest);\n  });\n});\n",
              "err": {},
              "uuid": "742d07ec-244b-4714-8c46-94f028f8e90f",
              "parentUUID": "4ec5c2b9-c539-4422-9f66-49c12fd5a27f",
              "isHook": false,
              "skipped": false
            }
          ],
          "suites": [],
          "passes": [
            "9fe003ac-bbf2-4acd-96ad-e0dca3e88e47",
            "5c18ea3a-bc4d-4662-9125-42d0efe02f03",
            "7c98a4fc-cd10-4ef4-9540-7c202bc0b166",
            "0fa1e1c9-6b01-43b2-8e0a-5474ae970fd8",
            "1f0f38d3-f933-4f90-a255-ace52f91d46e",
            "597693ac-5213-42ad-a036-6f4ba0bd239d",
            "97c87dee-13cd-43cd-96ae-fd7999e5ad89",
            "3eb293dd-6158-4a84-848d-d69d68b82cdb",
            "742d07ec-244b-4714-8c46-94f028f8e90f"
          ],
          "failures": [],
          "pending": [],
          "skipped": [],
          "duration": 294,
          "root": false,
          "rootEmpty": false,
          "_timeout": 5000
        }
      ],
      "passes": [],
      "failures": [],
      "pending": [],
      "skipped": [],
      "duration": 0,
      "root": true,
      "rootEmpty": true,
      "_timeout": 5000
    }
  ]
}
