{
  "stats": {
    "suites": 4,
    "tests": 9,
    "passes": 9,
    "pending": 0,
    "failures": 0,
    "testsRegistered": 9,
    "passPercent": 100,
    "pendingPercent": 0,
    "other": 0,
    "hasOther": false,
    "skipped": 0,
    "hasSkipped": false,
    "start": "2023-05-02T02:23:21.980Z",
    "end": "2023-05-02T02:23:22.209Z",
    "duration": 229
  },
  "results": [
    {
      "uuid": "924f441f-68a2-40b0-9c3c-fb6ba1f80e60",
      "title": "@tresdoce-nestjs-toolkit/archetype",
      "fullFile": "",
      "file": "",
      "beforeHooks": [],
      "afterHooks": [],
      "tests": [],
      "suites": [
        {
          "uuid": "04e07dd3-1828-4566-b425-ca8fcef456aa",
          "title": "@tresdoce-nestjs-toolkit/archetype",
          "fullFile": "",
          "file": "",
          "beforeHooks": [],
          "afterHooks": [],
          "tests": [
            {
              "title": "Constants > should be return exclude to prefix global",
              "fullTitle": "should be return exclude to prefix global",
              "timedOut": false,
              "duration": 3,
              "state": "passed",
              "speed": null,
              "pass": true,
              "fail": false,
              "pending": false,
              "context": null,
              "code": "import { RequestMethod } from '@nestjs/common';\nimport { manifestControllerExcludes } from '../archetype/constants/archetype.constants';\n\ndescribe('Constants', () => {\n  it('should be return exclude to prefix global', async () => {\n    expect(manifestControllerExcludes).toEqual(expect.any(Array));\n    expect(manifestControllerExcludes).toMatchObject([\n      {\n        path: '/info',\n        method: RequestMethod.GET,\n      },\n    ]);\n  });\n});\n",
              "err": {},
              "uuid": "9744ed85-e57b-42fd-89f5-d8297ecf95ea",
              "parentUUID": "04e07dd3-1828-4566-b425-ca8fcef456aa",
              "isHook": false,
              "skipped": false
            },
            {
              "title": "ArchetypeService > should be defined",
              "fullTitle": "should be defined",
              "timedOut": false,
              "duration": 16,
              "state": "passed",
              "speed": null,
              "pass": true,
              "fail": false,
              "pending": false,
              "context": null,
              "code": "import { Test, TestingModule } from '@nestjs/testing';\nimport { ConfigModule } from '@nestjs/config';\n\nimport { config, manifest } from '@tresdoce-nestjs-toolkit/test-utils';\n\nimport { ArchetypeModule } from '../archetype/archetype.module';\nimport { ArchetypeService } from '../archetype/services/archetype.service';\n\ndescribe('ArchetypeService', () => {\n  let service: ArchetypeService;\n  /*const archetypeService = {\n      readFile: jest.fn(() => manifest),\n      getArchetypeVersion: jest.fn(() => ({ archetypeVersion: manifest.archetypeVersion })),\n      getApplicationInfo: jest.fn(() => ({\n        name: manifest.name,\n        version: manifest.version,\n        description: manifest.description,\n        author: manifest.author,\n        repository: manifest.repository,\n        homepage: manifest.homepage,\n        dependencies: manifest.dependencies,\n        devDependencies: manifest.devDependencies,\n      })),\n      generateManifest: jest.fn(() => manifest),\n    };*/\n\n  beforeEach(async () => {\n    const module: TestingModule = await Test.createTestingModule({\n      imports: [\n        ConfigModule.forRoot({\n          isGlobal: true,\n          load: [config],\n        }),\n        ArchetypeModule,\n      ],\n      providers: [ArchetypeService],\n    }).compile();\n\n    service = module.get<ArchetypeService>(ArchetypeService);\n  });\n\n  it('should be defined', () => {\n    expect(service).toBeDefined();\n  });\n\n  it('should be read package file', async () => {\n    const packageFile = await service.readFile(__dirname, '../../package.json');\n    expect(packageFile).toBeDefined();\n    expect(packageFile).toEqual(expect.any(Object));\n  });\n\n  it('should be return archetype version', async () => {\n    service.readFile = jest.fn().mockImplementation(() => ({ version: manifest.archetypeVersion }));\n\n    expect(await service.getArchetypeVersion()).toEqual({\n      archetypeVersion: manifest.archetypeVersion,\n    });\n  });\n\n  it('should be return application info', async () => {\n    service.readFile = jest.fn().mockImplementation(() => ({\n      apiPrefix: manifest.apiPrefix,\n      name: manifest.name,\n      version: manifest.version,\n      description: manifest.description,\n      author: manifest.author,\n      repository: manifest.repository,\n      homepage: manifest.homepage,\n      dependencies: manifest.dependencies,\n      devDependencies: manifest.devDependencies,\n    }));\n\n    expect(await service.getApplicationInfo()).toEqual({\n      apiPrefix: manifest.apiPrefix,\n      name: manifest.name,\n      version: manifest.version,\n      description: manifest.description,\n      author: manifest.author,\n      repository: manifest.repository,\n      homepage: manifest.homepage,\n      dependencies: {\n        '@tresdoce-nestjs-toolkit/archetype': '0.0.1',\n        '@tresdoce-nestjs-toolkit/health': '0.0.1',\n        '@tresdoce-nestjs-toolkit/http-client': '0.0.1',\n        '@nestjs/class-transformer': '^0.4.0',\n        '@nestjs/class-validator': '^0.13.3',\n        '@nestjs/common': '^9.2.1',\n        '@nestjs/config': '^2.2.0',\n        '@nestjs/core': '^8.2.5',\n        '@nestjs/platform-express': '^8.2.5',\n        '@nestjs/swagger': '^5.1.5',\n      },\n      devDependencies: {\n        '@tresdoce-nestjs-toolkit/commons': '0.0.1',\n        '@nestjs/cli': '^9.1.8',\n        '@nestjs/schematics': '^9.1.0',\n        '@nestjs/testing': '^9.4.0',\n      },\n    });\n  });\n\n  it('should be return manifest', async () => {\n    service.getArchetypeVersion = jest.fn().mockImplementation(() => ({\n      archetypeVersion: manifest.archetypeVersion,\n    }));\n\n    service.getApplicationInfo = jest.fn().mockImplementation(() => ({\n      apiPrefix: manifest.apiPrefix,\n      name: manifest.name,\n      version: manifest.version,\n      description: manifest.description,\n      author: manifest.author,\n      repository: manifest.repository,\n      homepage: manifest.homepage,\n      dependencies: manifest.dependencies,\n      devDependencies: manifest.devDependencies,\n    }));\n\n    expect(await service.generateManifest()).toEqual({ ...manifest });\n  });\n});\n",
              "err": {},
              "uuid": "41565e3f-85dd-429e-86d6-686fdcc39641",
              "parentUUID": "04e07dd3-1828-4566-b425-ca8fcef456aa",
              "isHook": false,
              "skipped": false
            },
            {
              "title": "ArchetypeService > should be read package file",
              "fullTitle": "should be read package file",
              "timedOut": false,
              "duration": 5,
              "state": "passed",
              "speed": null,
              "pass": true,
              "fail": false,
              "pending": false,
              "context": null,
              "code": "import { Test, TestingModule } from '@nestjs/testing';\nimport { ConfigModule } from '@nestjs/config';\n\nimport { config, manifest } from '@tresdoce-nestjs-toolkit/test-utils';\n\nimport { ArchetypeModule } from '../archetype/archetype.module';\nimport { ArchetypeService } from '../archetype/services/archetype.service';\n\ndescribe('ArchetypeService', () => {\n  let service: ArchetypeService;\n  /*const archetypeService = {\n      readFile: jest.fn(() => manifest),\n      getArchetypeVersion: jest.fn(() => ({ archetypeVersion: manifest.archetypeVersion })),\n      getApplicationInfo: jest.fn(() => ({\n        name: manifest.name,\n        version: manifest.version,\n        description: manifest.description,\n        author: manifest.author,\n        repository: manifest.repository,\n        homepage: manifest.homepage,\n        dependencies: manifest.dependencies,\n        devDependencies: manifest.devDependencies,\n      })),\n      generateManifest: jest.fn(() => manifest),\n    };*/\n\n  beforeEach(async () => {\n    const module: TestingModule = await Test.createTestingModule({\n      imports: [\n        ConfigModule.forRoot({\n          isGlobal: true,\n          load: [config],\n        }),\n        ArchetypeModule,\n      ],\n      providers: [ArchetypeService],\n    }).compile();\n\n    service = module.get<ArchetypeService>(ArchetypeService);\n  });\n\n  it('should be defined', () => {\n    expect(service).toBeDefined();\n  });\n\n  it('should be read package file', async () => {\n    const packageFile = await service.readFile(__dirname, '../../package.json');\n    expect(packageFile).toBeDefined();\n    expect(packageFile).toEqual(expect.any(Object));\n  });\n\n  it('should be return archetype version', async () => {\n    service.readFile = jest.fn().mockImplementation(() => ({ version: manifest.archetypeVersion }));\n\n    expect(await service.getArchetypeVersion()).toEqual({\n      archetypeVersion: manifest.archetypeVersion,\n    });\n  });\n\n  it('should be return application info', async () => {\n    service.readFile = jest.fn().mockImplementation(() => ({\n      apiPrefix: manifest.apiPrefix,\n      name: manifest.name,\n      version: manifest.version,\n      description: manifest.description,\n      author: manifest.author,\n      repository: manifest.repository,\n      homepage: manifest.homepage,\n      dependencies: manifest.dependencies,\n      devDependencies: manifest.devDependencies,\n    }));\n\n    expect(await service.getApplicationInfo()).toEqual({\n      apiPrefix: manifest.apiPrefix,\n      name: manifest.name,\n      version: manifest.version,\n      description: manifest.description,\n      author: manifest.author,\n      repository: manifest.repository,\n      homepage: manifest.homepage,\n      dependencies: {\n        '@tresdoce-nestjs-toolkit/archetype': '0.0.1',\n        '@tresdoce-nestjs-toolkit/health': '0.0.1',\n        '@tresdoce-nestjs-toolkit/http-client': '0.0.1',\n        '@nestjs/class-transformer': '^0.4.0',\n        '@nestjs/class-validator': '^0.13.3',\n        '@nestjs/common': '^9.2.1',\n        '@nestjs/config': '^2.2.0',\n        '@nestjs/core': '^8.2.5',\n        '@nestjs/platform-express': '^8.2.5',\n        '@nestjs/swagger': '^5.1.5',\n      },\n      devDependencies: {\n        '@tresdoce-nestjs-toolkit/commons': '0.0.1',\n        '@nestjs/cli': '^9.1.8',\n        '@nestjs/schematics': '^9.1.0',\n        '@nestjs/testing': '^9.4.0',\n      },\n    });\n  });\n\n  it('should be return manifest', async () => {\n    service.getArchetypeVersion = jest.fn().mockImplementation(() => ({\n      archetypeVersion: manifest.archetypeVersion,\n    }));\n\n    service.getApplicationInfo = jest.fn().mockImplementation(() => ({\n      apiPrefix: manifest.apiPrefix,\n      name: manifest.name,\n      version: manifest.version,\n      description: manifest.description,\n      author: manifest.author,\n      repository: manifest.repository,\n      homepage: manifest.homepage,\n      dependencies: manifest.dependencies,\n      devDependencies: manifest.devDependencies,\n    }));\n\n    expect(await service.generateManifest()).toEqual({ ...manifest });\n  });\n});\n",
              "err": {},
              "uuid": "a9df8f49-0582-4408-bbeb-e8c757d650d6",
              "parentUUID": "04e07dd3-1828-4566-b425-ca8fcef456aa",
              "isHook": false,
              "skipped": false
            },
            {
              "title": "ArchetypeService > should be return archetype version",
              "fullTitle": "should be return archetype version",
              "timedOut": false,
              "duration": 4,
              "state": "passed",
              "speed": null,
              "pass": true,
              "fail": false,
              "pending": false,
              "context": null,
              "code": "import { Test, TestingModule } from '@nestjs/testing';\nimport { ConfigModule } from '@nestjs/config';\n\nimport { config, manifest } from '@tresdoce-nestjs-toolkit/test-utils';\n\nimport { ArchetypeModule } from '../archetype/archetype.module';\nimport { ArchetypeService } from '../archetype/services/archetype.service';\n\ndescribe('ArchetypeService', () => {\n  let service: ArchetypeService;\n  /*const archetypeService = {\n      readFile: jest.fn(() => manifest),\n      getArchetypeVersion: jest.fn(() => ({ archetypeVersion: manifest.archetypeVersion })),\n      getApplicationInfo: jest.fn(() => ({\n        name: manifest.name,\n        version: manifest.version,\n        description: manifest.description,\n        author: manifest.author,\n        repository: manifest.repository,\n        homepage: manifest.homepage,\n        dependencies: manifest.dependencies,\n        devDependencies: manifest.devDependencies,\n      })),\n      generateManifest: jest.fn(() => manifest),\n    };*/\n\n  beforeEach(async () => {\n    const module: TestingModule = await Test.createTestingModule({\n      imports: [\n        ConfigModule.forRoot({\n          isGlobal: true,\n          load: [config],\n        }),\n        ArchetypeModule,\n      ],\n      providers: [ArchetypeService],\n    }).compile();\n\n    service = module.get<ArchetypeService>(ArchetypeService);\n  });\n\n  it('should be defined', () => {\n    expect(service).toBeDefined();\n  });\n\n  it('should be read package file', async () => {\n    const packageFile = await service.readFile(__dirname, '../../package.json');\n    expect(packageFile).toBeDefined();\n    expect(packageFile).toEqual(expect.any(Object));\n  });\n\n  it('should be return archetype version', async () => {\n    service.readFile = jest.fn().mockImplementation(() => ({ version: manifest.archetypeVersion }));\n\n    expect(await service.getArchetypeVersion()).toEqual({\n      archetypeVersion: manifest.archetypeVersion,\n    });\n  });\n\n  it('should be return application info', async () => {\n    service.readFile = jest.fn().mockImplementation(() => ({\n      apiPrefix: manifest.apiPrefix,\n      name: manifest.name,\n      version: manifest.version,\n      description: manifest.description,\n      author: manifest.author,\n      repository: manifest.repository,\n      homepage: manifest.homepage,\n      dependencies: manifest.dependencies,\n      devDependencies: manifest.devDependencies,\n    }));\n\n    expect(await service.getApplicationInfo()).toEqual({\n      apiPrefix: manifest.apiPrefix,\n      name: manifest.name,\n      version: manifest.version,\n      description: manifest.description,\n      author: manifest.author,\n      repository: manifest.repository,\n      homepage: manifest.homepage,\n      dependencies: {\n        '@tresdoce-nestjs-toolkit/archetype': '0.0.1',\n        '@tresdoce-nestjs-toolkit/health': '0.0.1',\n        '@tresdoce-nestjs-toolkit/http-client': '0.0.1',\n        '@nestjs/class-transformer': '^0.4.0',\n        '@nestjs/class-validator': '^0.13.3',\n        '@nestjs/common': '^9.2.1',\n        '@nestjs/config': '^2.2.0',\n        '@nestjs/core': '^8.2.5',\n        '@nestjs/platform-express': '^8.2.5',\n        '@nestjs/swagger': '^5.1.5',\n      },\n      devDependencies: {\n        '@tresdoce-nestjs-toolkit/commons': '0.0.1',\n        '@nestjs/cli': '^9.1.8',\n        '@nestjs/schematics': '^9.1.0',\n        '@nestjs/testing': '^9.4.0',\n      },\n    });\n  });\n\n  it('should be return manifest', async () => {\n    service.getArchetypeVersion = jest.fn().mockImplementation(() => ({\n      archetypeVersion: manifest.archetypeVersion,\n    }));\n\n    service.getApplicationInfo = jest.fn().mockImplementation(() => ({\n      apiPrefix: manifest.apiPrefix,\n      name: manifest.name,\n      version: manifest.version,\n      description: manifest.description,\n      author: manifest.author,\n      repository: manifest.repository,\n      homepage: manifest.homepage,\n      dependencies: manifest.dependencies,\n      devDependencies: manifest.devDependencies,\n    }));\n\n    expect(await service.generateManifest()).toEqual({ ...manifest });\n  });\n});\n",
              "err": {},
              "uuid": "76ffe86d-5190-4cb0-a5a5-b22e9ecb3c61",
              "parentUUID": "04e07dd3-1828-4566-b425-ca8fcef456aa",
              "isHook": false,
              "skipped": false
            },
            {
              "title": "ArchetypeService > should be return application info",
              "fullTitle": "should be return application info",
              "timedOut": false,
              "duration": 4,
              "state": "passed",
              "speed": null,
              "pass": true,
              "fail": false,
              "pending": false,
              "context": null,
              "code": "import { Test, TestingModule } from '@nestjs/testing';\nimport { ConfigModule } from '@nestjs/config';\n\nimport { config, manifest } from '@tresdoce-nestjs-toolkit/test-utils';\n\nimport { ArchetypeModule } from '../archetype/archetype.module';\nimport { ArchetypeService } from '../archetype/services/archetype.service';\n\ndescribe('ArchetypeService', () => {\n  let service: ArchetypeService;\n  /*const archetypeService = {\n      readFile: jest.fn(() => manifest),\n      getArchetypeVersion: jest.fn(() => ({ archetypeVersion: manifest.archetypeVersion })),\n      getApplicationInfo: jest.fn(() => ({\n        name: manifest.name,\n        version: manifest.version,\n        description: manifest.description,\n        author: manifest.author,\n        repository: manifest.repository,\n        homepage: manifest.homepage,\n        dependencies: manifest.dependencies,\n        devDependencies: manifest.devDependencies,\n      })),\n      generateManifest: jest.fn(() => manifest),\n    };*/\n\n  beforeEach(async () => {\n    const module: TestingModule = await Test.createTestingModule({\n      imports: [\n        ConfigModule.forRoot({\n          isGlobal: true,\n          load: [config],\n        }),\n        ArchetypeModule,\n      ],\n      providers: [ArchetypeService],\n    }).compile();\n\n    service = module.get<ArchetypeService>(ArchetypeService);\n  });\n\n  it('should be defined', () => {\n    expect(service).toBeDefined();\n  });\n\n  it('should be read package file', async () => {\n    const packageFile = await service.readFile(__dirname, '../../package.json');\n    expect(packageFile).toBeDefined();\n    expect(packageFile).toEqual(expect.any(Object));\n  });\n\n  it('should be return archetype version', async () => {\n    service.readFile = jest.fn().mockImplementation(() => ({ version: manifest.archetypeVersion }));\n\n    expect(await service.getArchetypeVersion()).toEqual({\n      archetypeVersion: manifest.archetypeVersion,\n    });\n  });\n\n  it('should be return application info', async () => {\n    service.readFile = jest.fn().mockImplementation(() => ({\n      apiPrefix: manifest.apiPrefix,\n      name: manifest.name,\n      version: manifest.version,\n      description: manifest.description,\n      author: manifest.author,\n      repository: manifest.repository,\n      homepage: manifest.homepage,\n      dependencies: manifest.dependencies,\n      devDependencies: manifest.devDependencies,\n    }));\n\n    expect(await service.getApplicationInfo()).toEqual({\n      apiPrefix: manifest.apiPrefix,\n      name: manifest.name,\n      version: manifest.version,\n      description: manifest.description,\n      author: manifest.author,\n      repository: manifest.repository,\n      homepage: manifest.homepage,\n      dependencies: {\n        '@tresdoce-nestjs-toolkit/archetype': '0.0.1',\n        '@tresdoce-nestjs-toolkit/health': '0.0.1',\n        '@tresdoce-nestjs-toolkit/http-client': '0.0.1',\n        '@nestjs/class-transformer': '^0.4.0',\n        '@nestjs/class-validator': '^0.13.3',\n        '@nestjs/common': '^9.2.1',\n        '@nestjs/config': '^2.2.0',\n        '@nestjs/core': '^8.2.5',\n        '@nestjs/platform-express': '^8.2.5',\n        '@nestjs/swagger': '^5.1.5',\n      },\n      devDependencies: {\n        '@tresdoce-nestjs-toolkit/commons': '0.0.1',\n        '@nestjs/cli': '^9.1.8',\n        '@nestjs/schematics': '^9.1.0',\n        '@nestjs/testing': '^9.4.0',\n      },\n    });\n  });\n\n  it('should be return manifest', async () => {\n    service.getArchetypeVersion = jest.fn().mockImplementation(() => ({\n      archetypeVersion: manifest.archetypeVersion,\n    }));\n\n    service.getApplicationInfo = jest.fn().mockImplementation(() => ({\n      apiPrefix: manifest.apiPrefix,\n      name: manifest.name,\n      version: manifest.version,\n      description: manifest.description,\n      author: manifest.author,\n      repository: manifest.repository,\n      homepage: manifest.homepage,\n      dependencies: manifest.dependencies,\n      devDependencies: manifest.devDependencies,\n    }));\n\n    expect(await service.generateManifest()).toEqual({ ...manifest });\n  });\n});\n",
              "err": {},
              "uuid": "29743106-1b4a-4a06-b0ef-39e7e029eb4a",
              "parentUUID": "04e07dd3-1828-4566-b425-ca8fcef456aa",
              "isHook": false,
              "skipped": false
            },
            {
              "title": "ArchetypeService > should be return manifest",
              "fullTitle": "should be return manifest",
              "timedOut": false,
              "duration": 3,
              "state": "passed",
              "speed": null,
              "pass": true,
              "fail": false,
              "pending": false,
              "context": null,
              "code": "import { Test, TestingModule } from '@nestjs/testing';\nimport { ConfigModule } from '@nestjs/config';\n\nimport { config, manifest } from '@tresdoce-nestjs-toolkit/test-utils';\n\nimport { ArchetypeModule } from '../archetype/archetype.module';\nimport { ArchetypeService } from '../archetype/services/archetype.service';\n\ndescribe('ArchetypeService', () => {\n  let service: ArchetypeService;\n  /*const archetypeService = {\n      readFile: jest.fn(() => manifest),\n      getArchetypeVersion: jest.fn(() => ({ archetypeVersion: manifest.archetypeVersion })),\n      getApplicationInfo: jest.fn(() => ({\n        name: manifest.name,\n        version: manifest.version,\n        description: manifest.description,\n        author: manifest.author,\n        repository: manifest.repository,\n        homepage: manifest.homepage,\n        dependencies: manifest.dependencies,\n        devDependencies: manifest.devDependencies,\n      })),\n      generateManifest: jest.fn(() => manifest),\n    };*/\n\n  beforeEach(async () => {\n    const module: TestingModule = await Test.createTestingModule({\n      imports: [\n        ConfigModule.forRoot({\n          isGlobal: true,\n          load: [config],\n        }),\n        ArchetypeModule,\n      ],\n      providers: [ArchetypeService],\n    }).compile();\n\n    service = module.get<ArchetypeService>(ArchetypeService);\n  });\n\n  it('should be defined', () => {\n    expect(service).toBeDefined();\n  });\n\n  it('should be read package file', async () => {\n    const packageFile = await service.readFile(__dirname, '../../package.json');\n    expect(packageFile).toBeDefined();\n    expect(packageFile).toEqual(expect.any(Object));\n  });\n\n  it('should be return archetype version', async () => {\n    service.readFile = jest.fn().mockImplementation(() => ({ version: manifest.archetypeVersion }));\n\n    expect(await service.getArchetypeVersion()).toEqual({\n      archetypeVersion: manifest.archetypeVersion,\n    });\n  });\n\n  it('should be return application info', async () => {\n    service.readFile = jest.fn().mockImplementation(() => ({\n      apiPrefix: manifest.apiPrefix,\n      name: manifest.name,\n      version: manifest.version,\n      description: manifest.description,\n      author: manifest.author,\n      repository: manifest.repository,\n      homepage: manifest.homepage,\n      dependencies: manifest.dependencies,\n      devDependencies: manifest.devDependencies,\n    }));\n\n    expect(await service.getApplicationInfo()).toEqual({\n      apiPrefix: manifest.apiPrefix,\n      name: manifest.name,\n      version: manifest.version,\n      description: manifest.description,\n      author: manifest.author,\n      repository: manifest.repository,\n      homepage: manifest.homepage,\n      dependencies: {\n        '@tresdoce-nestjs-toolkit/archetype': '0.0.1',\n        '@tresdoce-nestjs-toolkit/health': '0.0.1',\n        '@tresdoce-nestjs-toolkit/http-client': '0.0.1',\n        '@nestjs/class-transformer': '^0.4.0',\n        '@nestjs/class-validator': '^0.13.3',\n        '@nestjs/common': '^9.2.1',\n        '@nestjs/config': '^2.2.0',\n        '@nestjs/core': '^8.2.5',\n        '@nestjs/platform-express': '^8.2.5',\n        '@nestjs/swagger': '^5.1.5',\n      },\n      devDependencies: {\n        '@tresdoce-nestjs-toolkit/commons': '0.0.1',\n        '@nestjs/cli': '^9.1.8',\n        '@nestjs/schematics': '^9.1.0',\n        '@nestjs/testing': '^9.4.0',\n      },\n    });\n  });\n\n  it('should be return manifest', async () => {\n    service.getArchetypeVersion = jest.fn().mockImplementation(() => ({\n      archetypeVersion: manifest.archetypeVersion,\n    }));\n\n    service.getApplicationInfo = jest.fn().mockImplementation(() => ({\n      apiPrefix: manifest.apiPrefix,\n      name: manifest.name,\n      version: manifest.version,\n      description: manifest.description,\n      author: manifest.author,\n      repository: manifest.repository,\n      homepage: manifest.homepage,\n      dependencies: manifest.dependencies,\n      devDependencies: manifest.devDependencies,\n    }));\n\n    expect(await service.generateManifest()).toEqual({ ...manifest });\n  });\n});\n",
              "err": {},
              "uuid": "f4eb7dad-d8aa-41d1-abdb-f5eddc6b0681",
              "parentUUID": "04e07dd3-1828-4566-b425-ca8fcef456aa",
              "isHook": false,
              "skipped": false
            },
            {
              "title": "ArchetypeModule > should be define",
              "fullTitle": "should be define",
              "timedOut": false,
              "duration": 169,
              "state": "passed",
              "speed": null,
              "pass": true,
              "fail": false,
              "pending": false,
              "context": null,
              "code": "import { INestApplication } from '@nestjs/common';\nimport { ConfigModule } from '@nestjs/config';\nimport { Test, TestingModule } from '@nestjs/testing';\nimport { config } from '@tresdoce-nestjs-toolkit/test-utils';\n\nimport { ArchetypeModule } from '../archetype/archetype.module';\n\ndescribe('ArchetypeModule', () => {\n  let app: INestApplication;\n\n  beforeEach(async () => {\n    const module: TestingModule = await Test.createTestingModule({\n      imports: [\n        ConfigModule.forRoot({\n          isGlobal: true,\n          load: [config],\n        }),\n        ArchetypeModule,\n      ],\n    }).compile();\n\n    app = module.createNestApplication();\n    await app.init();\n  });\n\n  it('should be define', async () => {\n    expect(app).toBeDefined();\n  });\n});\n",
              "err": {},
              "uuid": "0bafaa95-2bf8-484d-8f69-05163c66f7fe",
              "parentUUID": "04e07dd3-1828-4566-b425-ca8fcef456aa",
              "isHook": false,
              "skipped": false
            },
            {
              "title": "ArchetypeController > should be defined",
              "fullTitle": "should be defined",
              "timedOut": false,
              "duration": 15,
              "state": "passed",
              "speed": null,
              "pass": true,
              "fail": false,
              "pending": false,
              "context": null,
              "code": "import { Test, TestingModule } from '@nestjs/testing';\nimport { ConfigModule } from '@nestjs/config';\n\nimport { config, manifest } from '@tresdoce-nestjs-toolkit/test-utils';\n\nimport { ArchetypeModule } from '../archetype/archetype.module';\nimport { ArchetypeController } from '../archetype/controllers/archetype.controller';\nimport { ArchetypeService } from '../archetype/services/archetype.service';\n\ndescribe('ArchetypeController', () => {\n  let controller: ArchetypeController;\n  const archetypeService = {\n    generateManifest: () => manifest,\n  };\n\n  beforeEach(async () => {\n    const module: TestingModule = await Test.createTestingModule({\n      imports: [\n        ConfigModule.forRoot({\n          isGlobal: true,\n          load: [config],\n        }),\n        ArchetypeModule,\n      ],\n      controllers: [ArchetypeController],\n      providers: [ArchetypeService],\n    })\n      .overrideProvider(ArchetypeService)\n      .useValue(archetypeService)\n      .compile();\n\n    controller = module.get<ArchetypeController>(ArchetypeController);\n  });\n\n  it('should be defined', () => {\n    expect(controller).toBeDefined();\n  });\n\n  it('should be return manifest json', async () => {\n    expect(await controller.getArchetypeInfo()).toBeDefined();\n    expect(await controller.getArchetypeInfo()).toEqual(manifest);\n  });\n});\n",
              "err": {},
              "uuid": "ec030985-e1bd-4751-a73a-2525096df2fb",
              "parentUUID": "04e07dd3-1828-4566-b425-ca8fcef456aa",
              "isHook": false,
              "skipped": false
            },
            {
              "title": "ArchetypeController > should be return manifest json",
              "fullTitle": "should be return manifest json",
              "timedOut": false,
              "duration": 10,
              "state": "passed",
              "speed": null,
              "pass": true,
              "fail": false,
              "pending": false,
              "context": null,
              "code": "import { Test, TestingModule } from '@nestjs/testing';\nimport { ConfigModule } from '@nestjs/config';\n\nimport { config, manifest } from '@tresdoce-nestjs-toolkit/test-utils';\n\nimport { ArchetypeModule } from '../archetype/archetype.module';\nimport { ArchetypeController } from '../archetype/controllers/archetype.controller';\nimport { ArchetypeService } from '../archetype/services/archetype.service';\n\ndescribe('ArchetypeController', () => {\n  let controller: ArchetypeController;\n  const archetypeService = {\n    generateManifest: () => manifest,\n  };\n\n  beforeEach(async () => {\n    const module: TestingModule = await Test.createTestingModule({\n      imports: [\n        ConfigModule.forRoot({\n          isGlobal: true,\n          load: [config],\n        }),\n        ArchetypeModule,\n      ],\n      controllers: [ArchetypeController],\n      providers: [ArchetypeService],\n    })\n      .overrideProvider(ArchetypeService)\n      .useValue(archetypeService)\n      .compile();\n\n    controller = module.get<ArchetypeController>(ArchetypeController);\n  });\n\n  it('should be defined', () => {\n    expect(controller).toBeDefined();\n  });\n\n  it('should be return manifest json', async () => {\n    expect(await controller.getArchetypeInfo()).toBeDefined();\n    expect(await controller.getArchetypeInfo()).toEqual(manifest);\n  });\n});\n",
              "err": {},
              "uuid": "79fc4bfa-e29c-41a2-9aa1-18e46be29a42",
              "parentUUID": "04e07dd3-1828-4566-b425-ca8fcef456aa",
              "isHook": false,
              "skipped": false
            }
          ],
          "suites": [],
          "passes": [
            "9744ed85-e57b-42fd-89f5-d8297ecf95ea",
            "41565e3f-85dd-429e-86d6-686fdcc39641",
            "a9df8f49-0582-4408-bbeb-e8c757d650d6",
            "76ffe86d-5190-4cb0-a5a5-b22e9ecb3c61",
            "29743106-1b4a-4a06-b0ef-39e7e029eb4a",
            "f4eb7dad-d8aa-41d1-abdb-f5eddc6b0681",
            "0bafaa95-2bf8-484d-8f69-05163c66f7fe",
            "ec030985-e1bd-4751-a73a-2525096df2fb",
            "79fc4bfa-e29c-41a2-9aa1-18e46be29a42"
          ],
          "failures": [],
          "pending": [],
          "skipped": [],
          "duration": 229,
          "root": false,
          "rootEmpty": false,
          "_timeout": 5000
        }
      ],
      "passes": [],
      "failures": [],
      "pending": [],
      "skipped": [],
      "duration": 0,
      "root": true,
      "rootEmpty": true,
      "_timeout": 5000
    }
  ]
}
