{
  "stats": {
    "suites": 4,
    "tests": 9,
    "passes": 9,
    "pending": 0,
    "failures": 0,
    "testsRegistered": 9,
    "passPercent": 100,
    "pendingPercent": 0,
    "other": 0,
    "hasOther": false,
    "skipped": 0,
    "hasSkipped": false,
    "start": "2023-05-02T00:49:34.114Z",
    "end": "2023-05-02T00:49:34.334Z",
    "duration": 220
  },
  "results": [
    {
      "uuid": "6522fc3c-6a3a-4536-b146-3ce88f25e947",
      "title": "@tresdoce-nestjs-toolkit/archetype",
      "fullFile": "",
      "file": "",
      "beforeHooks": [],
      "afterHooks": [],
      "tests": [],
      "suites": [
        {
          "uuid": "a0690496-bfcb-4a9b-a1ba-5f95701f5b96",
          "title": "@tresdoce-nestjs-toolkit/archetype",
          "fullFile": "",
          "file": "",
          "beforeHooks": [],
          "afterHooks": [],
          "tests": [
            {
              "title": "healthConstants > should be return exclude to prefix global",
              "fullTitle": "should be return exclude to prefix global",
              "timedOut": false,
              "duration": 3,
              "state": "passed",
              "speed": null,
              "pass": true,
              "fail": false,
              "pending": false,
              "context": null,
              "code": "import { RequestMethod } from '@nestjs/common';\nimport { manifestControllerExcludes } from '../archetype/constants/archetype.constants';\n\ndescribe('healthConstants', () => {\n  it('should be return exclude to prefix global', async () => {\n    expect(manifestControllerExcludes).toEqual(expect.any(Array));\n    expect(manifestControllerExcludes).toMatchObject([\n      {\n        path: '/info',\n        method: RequestMethod.GET,\n      },\n    ]);\n  });\n});\n",
              "err": {},
              "uuid": "c7533da4-191b-4c33-8141-01622fd9de5e",
              "parentUUID": "a0690496-bfcb-4a9b-a1ba-5f95701f5b96",
              "isHook": false,
              "skipped": false
            },
            {
              "title": "ArchetypeService > should be defined",
              "fullTitle": "should be defined",
              "timedOut": false,
              "duration": 15,
              "state": "passed",
              "speed": null,
              "pass": true,
              "fail": false,
              "pending": false,
              "context": null,
              "code": "import { Test, TestingModule } from '@nestjs/testing';\nimport { ConfigModule } from '@nestjs/config';\n\nimport { config, manifest } from '@tresdoce-nestjs-toolkit/test-utils';\n\nimport { ArchetypeModule } from '../archetype/archetype.module';\nimport { ArchetypeService } from '../archetype/services/archetype.service';\n\ndescribe('ArchetypeService', () => {\n  let service: ArchetypeService;\n  /*const archetypeService = {\n      readFile: jest.fn(() => manifest),\n      getArchetypeVersion: jest.fn(() => ({ archetypeVersion: manifest.archetypeVersion })),\n      getApplicationInfo: jest.fn(() => ({\n        name: manifest.name,\n        version: manifest.version,\n        description: manifest.description,\n        author: manifest.author,\n        repository: manifest.repository,\n        homepage: manifest.homepage,\n        dependencies: manifest.dependencies,\n        devDependencies: manifest.devDependencies,\n      })),\n      generateManifest: jest.fn(() => manifest),\n    };*/\n\n  beforeEach(async () => {\n    const module: TestingModule = await Test.createTestingModule({\n      imports: [\n        ConfigModule.forRoot({\n          isGlobal: true,\n          load: [config],\n        }),\n        ArchetypeModule,\n      ],\n      providers: [ArchetypeService],\n    }).compile();\n\n    service = module.get<ArchetypeService>(ArchetypeService);\n  });\n\n  it('should be defined', () => {\n    expect(service).toBeDefined();\n  });\n\n  it('should be read package file', async () => {\n    const packageFile = await service.readFile(__dirname, '../../package.json');\n    expect(packageFile).toBeDefined();\n    expect(packageFile).toEqual(expect.any(Object));\n  });\n\n  it('should be return archetype version', async () => {\n    service.readFile = jest.fn().mockImplementation(() => ({ version: manifest.archetypeVersion }));\n\n    expect(await service.getArchetypeVersion()).toEqual({\n      archetypeVersion: manifest.archetypeVersion,\n    });\n  });\n\n  it('should be return application info', async () => {\n    service.readFile = jest.fn().mockImplementation(() => ({\n      apiPrefix: manifest.apiPrefix,\n      name: manifest.name,\n      version: manifest.version,\n      description: manifest.description,\n      author: manifest.author,\n      repository: manifest.repository,\n      homepage: manifest.homepage,\n      dependencies: manifest.dependencies,\n      devDependencies: manifest.devDependencies,\n    }));\n\n    expect(await service.getApplicationInfo()).toEqual({\n      apiPrefix: manifest.apiPrefix,\n      name: manifest.name,\n      version: manifest.version,\n      description: manifest.description,\n      author: manifest.author,\n      repository: manifest.repository,\n      homepage: manifest.homepage,\n      dependencies: {\n        '@tresdoce-nestjs-toolkit/archetype': '0.0.1',\n        '@tresdoce-nestjs-toolkit/health': '0.0.1',\n        '@tresdoce-nestjs-toolkit/http-client': '0.0.1',\n        '@nestjs/class-transformer': '^0.4.0',\n        '@nestjs/class-validator': '^0.13.3',\n        '@nestjs/common': '^9.2.1',\n        '@nestjs/config': '^2.2.0',\n        '@nestjs/core': '^8.2.5',\n        '@nestjs/platform-express': '^8.2.5',\n        '@nestjs/swagger': '^5.1.5',\n      },\n      devDependencies: {\n        '@tresdoce-nestjs-toolkit/commons': '0.0.1',\n        '@nestjs/cli': '^9.1.8',\n        '@nestjs/schematics': '^9.1.0',\n        '@nestjs/testing': '^9.4.0',\n      },\n    });\n  });\n\n  it('should be return manifest', async () => {\n    service.getArchetypeVersion = jest.fn().mockImplementation(() => ({\n      archetypeVersion: manifest.archetypeVersion,\n    }));\n\n    service.getApplicationInfo = jest.fn().mockImplementation(() => ({\n      apiPrefix: manifest.apiPrefix,\n      name: manifest.name,\n      version: manifest.version,\n      description: manifest.description,\n      author: manifest.author,\n      repository: manifest.repository,\n      homepage: manifest.homepage,\n      dependencies: manifest.dependencies,\n      devDependencies: manifest.devDependencies,\n    }));\n\n    expect(await service.generateManifest()).toEqual({ ...manifest });\n  });\n});\n",
              "err": {},
              "uuid": "7483c91b-3433-4cce-bd24-6af594ea8380",
              "parentUUID": "a0690496-bfcb-4a9b-a1ba-5f95701f5b96",
              "isHook": false,
              "skipped": false
            },
            {
              "title": "ArchetypeService > should be read package file",
              "fullTitle": "should be read package file",
              "timedOut": false,
              "duration": 5,
              "state": "passed",
              "speed": null,
              "pass": true,
              "fail": false,
              "pending": false,
              "context": null,
              "code": "import { Test, TestingModule } from '@nestjs/testing';\nimport { ConfigModule } from '@nestjs/config';\n\nimport { config, manifest } from '@tresdoce-nestjs-toolkit/test-utils';\n\nimport { ArchetypeModule } from '../archetype/archetype.module';\nimport { ArchetypeService } from '../archetype/services/archetype.service';\n\ndescribe('ArchetypeService', () => {\n  let service: ArchetypeService;\n  /*const archetypeService = {\n      readFile: jest.fn(() => manifest),\n      getArchetypeVersion: jest.fn(() => ({ archetypeVersion: manifest.archetypeVersion })),\n      getApplicationInfo: jest.fn(() => ({\n        name: manifest.name,\n        version: manifest.version,\n        description: manifest.description,\n        author: manifest.author,\n        repository: manifest.repository,\n        homepage: manifest.homepage,\n        dependencies: manifest.dependencies,\n        devDependencies: manifest.devDependencies,\n      })),\n      generateManifest: jest.fn(() => manifest),\n    };*/\n\n  beforeEach(async () => {\n    const module: TestingModule = await Test.createTestingModule({\n      imports: [\n        ConfigModule.forRoot({\n          isGlobal: true,\n          load: [config],\n        }),\n        ArchetypeModule,\n      ],\n      providers: [ArchetypeService],\n    }).compile();\n\n    service = module.get<ArchetypeService>(ArchetypeService);\n  });\n\n  it('should be defined', () => {\n    expect(service).toBeDefined();\n  });\n\n  it('should be read package file', async () => {\n    const packageFile = await service.readFile(__dirname, '../../package.json');\n    expect(packageFile).toBeDefined();\n    expect(packageFile).toEqual(expect.any(Object));\n  });\n\n  it('should be return archetype version', async () => {\n    service.readFile = jest.fn().mockImplementation(() => ({ version: manifest.archetypeVersion }));\n\n    expect(await service.getArchetypeVersion()).toEqual({\n      archetypeVersion: manifest.archetypeVersion,\n    });\n  });\n\n  it('should be return application info', async () => {\n    service.readFile = jest.fn().mockImplementation(() => ({\n      apiPrefix: manifest.apiPrefix,\n      name: manifest.name,\n      version: manifest.version,\n      description: manifest.description,\n      author: manifest.author,\n      repository: manifest.repository,\n      homepage: manifest.homepage,\n      dependencies: manifest.dependencies,\n      devDependencies: manifest.devDependencies,\n    }));\n\n    expect(await service.getApplicationInfo()).toEqual({\n      apiPrefix: manifest.apiPrefix,\n      name: manifest.name,\n      version: manifest.version,\n      description: manifest.description,\n      author: manifest.author,\n      repository: manifest.repository,\n      homepage: manifest.homepage,\n      dependencies: {\n        '@tresdoce-nestjs-toolkit/archetype': '0.0.1',\n        '@tresdoce-nestjs-toolkit/health': '0.0.1',\n        '@tresdoce-nestjs-toolkit/http-client': '0.0.1',\n        '@nestjs/class-transformer': '^0.4.0',\n        '@nestjs/class-validator': '^0.13.3',\n        '@nestjs/common': '^9.2.1',\n        '@nestjs/config': '^2.2.0',\n        '@nestjs/core': '^8.2.5',\n        '@nestjs/platform-express': '^8.2.5',\n        '@nestjs/swagger': '^5.1.5',\n      },\n      devDependencies: {\n        '@tresdoce-nestjs-toolkit/commons': '0.0.1',\n        '@nestjs/cli': '^9.1.8',\n        '@nestjs/schematics': '^9.1.0',\n        '@nestjs/testing': '^9.4.0',\n      },\n    });\n  });\n\n  it('should be return manifest', async () => {\n    service.getArchetypeVersion = jest.fn().mockImplementation(() => ({\n      archetypeVersion: manifest.archetypeVersion,\n    }));\n\n    service.getApplicationInfo = jest.fn().mockImplementation(() => ({\n      apiPrefix: manifest.apiPrefix,\n      name: manifest.name,\n      version: manifest.version,\n      description: manifest.description,\n      author: manifest.author,\n      repository: manifest.repository,\n      homepage: manifest.homepage,\n      dependencies: manifest.dependencies,\n      devDependencies: manifest.devDependencies,\n    }));\n\n    expect(await service.generateManifest()).toEqual({ ...manifest });\n  });\n});\n",
              "err": {},
              "uuid": "95fa94d3-f471-483c-92a2-ae95626d52ec",
              "parentUUID": "a0690496-bfcb-4a9b-a1ba-5f95701f5b96",
              "isHook": false,
              "skipped": false
            },
            {
              "title": "ArchetypeService > should be return archetype version",
              "fullTitle": "should be return archetype version",
              "timedOut": false,
              "duration": 4,
              "state": "passed",
              "speed": null,
              "pass": true,
              "fail": false,
              "pending": false,
              "context": null,
              "code": "import { Test, TestingModule } from '@nestjs/testing';\nimport { ConfigModule } from '@nestjs/config';\n\nimport { config, manifest } from '@tresdoce-nestjs-toolkit/test-utils';\n\nimport { ArchetypeModule } from '../archetype/archetype.module';\nimport { ArchetypeService } from '../archetype/services/archetype.service';\n\ndescribe('ArchetypeService', () => {\n  let service: ArchetypeService;\n  /*const archetypeService = {\n      readFile: jest.fn(() => manifest),\n      getArchetypeVersion: jest.fn(() => ({ archetypeVersion: manifest.archetypeVersion })),\n      getApplicationInfo: jest.fn(() => ({\n        name: manifest.name,\n        version: manifest.version,\n        description: manifest.description,\n        author: manifest.author,\n        repository: manifest.repository,\n        homepage: manifest.homepage,\n        dependencies: manifest.dependencies,\n        devDependencies: manifest.devDependencies,\n      })),\n      generateManifest: jest.fn(() => manifest),\n    };*/\n\n  beforeEach(async () => {\n    const module: TestingModule = await Test.createTestingModule({\n      imports: [\n        ConfigModule.forRoot({\n          isGlobal: true,\n          load: [config],\n        }),\n        ArchetypeModule,\n      ],\n      providers: [ArchetypeService],\n    }).compile();\n\n    service = module.get<ArchetypeService>(ArchetypeService);\n  });\n\n  it('should be defined', () => {\n    expect(service).toBeDefined();\n  });\n\n  it('should be read package file', async () => {\n    const packageFile = await service.readFile(__dirname, '../../package.json');\n    expect(packageFile).toBeDefined();\n    expect(packageFile).toEqual(expect.any(Object));\n  });\n\n  it('should be return archetype version', async () => {\n    service.readFile = jest.fn().mockImplementation(() => ({ version: manifest.archetypeVersion }));\n\n    expect(await service.getArchetypeVersion()).toEqual({\n      archetypeVersion: manifest.archetypeVersion,\n    });\n  });\n\n  it('should be return application info', async () => {\n    service.readFile = jest.fn().mockImplementation(() => ({\n      apiPrefix: manifest.apiPrefix,\n      name: manifest.name,\n      version: manifest.version,\n      description: manifest.description,\n      author: manifest.author,\n      repository: manifest.repository,\n      homepage: manifest.homepage,\n      dependencies: manifest.dependencies,\n      devDependencies: manifest.devDependencies,\n    }));\n\n    expect(await service.getApplicationInfo()).toEqual({\n      apiPrefix: manifest.apiPrefix,\n      name: manifest.name,\n      version: manifest.version,\n      description: manifest.description,\n      author: manifest.author,\n      repository: manifest.repository,\n      homepage: manifest.homepage,\n      dependencies: {\n        '@tresdoce-nestjs-toolkit/archetype': '0.0.1',\n        '@tresdoce-nestjs-toolkit/health': '0.0.1',\n        '@tresdoce-nestjs-toolkit/http-client': '0.0.1',\n        '@nestjs/class-transformer': '^0.4.0',\n        '@nestjs/class-validator': '^0.13.3',\n        '@nestjs/common': '^9.2.1',\n        '@nestjs/config': '^2.2.0',\n        '@nestjs/core': '^8.2.5',\n        '@nestjs/platform-express': '^8.2.5',\n        '@nestjs/swagger': '^5.1.5',\n      },\n      devDependencies: {\n        '@tresdoce-nestjs-toolkit/commons': '0.0.1',\n        '@nestjs/cli': '^9.1.8',\n        '@nestjs/schematics': '^9.1.0',\n        '@nestjs/testing': '^9.4.0',\n      },\n    });\n  });\n\n  it('should be return manifest', async () => {\n    service.getArchetypeVersion = jest.fn().mockImplementation(() => ({\n      archetypeVersion: manifest.archetypeVersion,\n    }));\n\n    service.getApplicationInfo = jest.fn().mockImplementation(() => ({\n      apiPrefix: manifest.apiPrefix,\n      name: manifest.name,\n      version: manifest.version,\n      description: manifest.description,\n      author: manifest.author,\n      repository: manifest.repository,\n      homepage: manifest.homepage,\n      dependencies: manifest.dependencies,\n      devDependencies: manifest.devDependencies,\n    }));\n\n    expect(await service.generateManifest()).toEqual({ ...manifest });\n  });\n});\n",
              "err": {},
              "uuid": "215316da-444b-4cd1-a91f-7523ed9327ad",
              "parentUUID": "a0690496-bfcb-4a9b-a1ba-5f95701f5b96",
              "isHook": false,
              "skipped": false
            },
            {
              "title": "ArchetypeService > should be return application info",
              "fullTitle": "should be return application info",
              "timedOut": false,
              "duration": 4,
              "state": "passed",
              "speed": null,
              "pass": true,
              "fail": false,
              "pending": false,
              "context": null,
              "code": "import { Test, TestingModule } from '@nestjs/testing';\nimport { ConfigModule } from '@nestjs/config';\n\nimport { config, manifest } from '@tresdoce-nestjs-toolkit/test-utils';\n\nimport { ArchetypeModule } from '../archetype/archetype.module';\nimport { ArchetypeService } from '../archetype/services/archetype.service';\n\ndescribe('ArchetypeService', () => {\n  let service: ArchetypeService;\n  /*const archetypeService = {\n      readFile: jest.fn(() => manifest),\n      getArchetypeVersion: jest.fn(() => ({ archetypeVersion: manifest.archetypeVersion })),\n      getApplicationInfo: jest.fn(() => ({\n        name: manifest.name,\n        version: manifest.version,\n        description: manifest.description,\n        author: manifest.author,\n        repository: manifest.repository,\n        homepage: manifest.homepage,\n        dependencies: manifest.dependencies,\n        devDependencies: manifest.devDependencies,\n      })),\n      generateManifest: jest.fn(() => manifest),\n    };*/\n\n  beforeEach(async () => {\n    const module: TestingModule = await Test.createTestingModule({\n      imports: [\n        ConfigModule.forRoot({\n          isGlobal: true,\n          load: [config],\n        }),\n        ArchetypeModule,\n      ],\n      providers: [ArchetypeService],\n    }).compile();\n\n    service = module.get<ArchetypeService>(ArchetypeService);\n  });\n\n  it('should be defined', () => {\n    expect(service).toBeDefined();\n  });\n\n  it('should be read package file', async () => {\n    const packageFile = await service.readFile(__dirname, '../../package.json');\n    expect(packageFile).toBeDefined();\n    expect(packageFile).toEqual(expect.any(Object));\n  });\n\n  it('should be return archetype version', async () => {\n    service.readFile = jest.fn().mockImplementation(() => ({ version: manifest.archetypeVersion }));\n\n    expect(await service.getArchetypeVersion()).toEqual({\n      archetypeVersion: manifest.archetypeVersion,\n    });\n  });\n\n  it('should be return application info', async () => {\n    service.readFile = jest.fn().mockImplementation(() => ({\n      apiPrefix: manifest.apiPrefix,\n      name: manifest.name,\n      version: manifest.version,\n      description: manifest.description,\n      author: manifest.author,\n      repository: manifest.repository,\n      homepage: manifest.homepage,\n      dependencies: manifest.dependencies,\n      devDependencies: manifest.devDependencies,\n    }));\n\n    expect(await service.getApplicationInfo()).toEqual({\n      apiPrefix: manifest.apiPrefix,\n      name: manifest.name,\n      version: manifest.version,\n      description: manifest.description,\n      author: manifest.author,\n      repository: manifest.repository,\n      homepage: manifest.homepage,\n      dependencies: {\n        '@tresdoce-nestjs-toolkit/archetype': '0.0.1',\n        '@tresdoce-nestjs-toolkit/health': '0.0.1',\n        '@tresdoce-nestjs-toolkit/http-client': '0.0.1',\n        '@nestjs/class-transformer': '^0.4.0',\n        '@nestjs/class-validator': '^0.13.3',\n        '@nestjs/common': '^9.2.1',\n        '@nestjs/config': '^2.2.0',\n        '@nestjs/core': '^8.2.5',\n        '@nestjs/platform-express': '^8.2.5',\n        '@nestjs/swagger': '^5.1.5',\n      },\n      devDependencies: {\n        '@tresdoce-nestjs-toolkit/commons': '0.0.1',\n        '@nestjs/cli': '^9.1.8',\n        '@nestjs/schematics': '^9.1.0',\n        '@nestjs/testing': '^9.4.0',\n      },\n    });\n  });\n\n  it('should be return manifest', async () => {\n    service.getArchetypeVersion = jest.fn().mockImplementation(() => ({\n      archetypeVersion: manifest.archetypeVersion,\n    }));\n\n    service.getApplicationInfo = jest.fn().mockImplementation(() => ({\n      apiPrefix: manifest.apiPrefix,\n      name: manifest.name,\n      version: manifest.version,\n      description: manifest.description,\n      author: manifest.author,\n      repository: manifest.repository,\n      homepage: manifest.homepage,\n      dependencies: manifest.dependencies,\n      devDependencies: manifest.devDependencies,\n    }));\n\n    expect(await service.generateManifest()).toEqual({ ...manifest });\n  });\n});\n",
              "err": {},
              "uuid": "426ebd9d-0938-4dfd-b7fc-2dfb31ace1b9",
              "parentUUID": "a0690496-bfcb-4a9b-a1ba-5f95701f5b96",
              "isHook": false,
              "skipped": false
            },
            {
              "title": "ArchetypeService > should be return manifest",
              "fullTitle": "should be return manifest",
              "timedOut": false,
              "duration": 3,
              "state": "passed",
              "speed": null,
              "pass": true,
              "fail": false,
              "pending": false,
              "context": null,
              "code": "import { Test, TestingModule } from '@nestjs/testing';\nimport { ConfigModule } from '@nestjs/config';\n\nimport { config, manifest } from '@tresdoce-nestjs-toolkit/test-utils';\n\nimport { ArchetypeModule } from '../archetype/archetype.module';\nimport { ArchetypeService } from '../archetype/services/archetype.service';\n\ndescribe('ArchetypeService', () => {\n  let service: ArchetypeService;\n  /*const archetypeService = {\n      readFile: jest.fn(() => manifest),\n      getArchetypeVersion: jest.fn(() => ({ archetypeVersion: manifest.archetypeVersion })),\n      getApplicationInfo: jest.fn(() => ({\n        name: manifest.name,\n        version: manifest.version,\n        description: manifest.description,\n        author: manifest.author,\n        repository: manifest.repository,\n        homepage: manifest.homepage,\n        dependencies: manifest.dependencies,\n        devDependencies: manifest.devDependencies,\n      })),\n      generateManifest: jest.fn(() => manifest),\n    };*/\n\n  beforeEach(async () => {\n    const module: TestingModule = await Test.createTestingModule({\n      imports: [\n        ConfigModule.forRoot({\n          isGlobal: true,\n          load: [config],\n        }),\n        ArchetypeModule,\n      ],\n      providers: [ArchetypeService],\n    }).compile();\n\n    service = module.get<ArchetypeService>(ArchetypeService);\n  });\n\n  it('should be defined', () => {\n    expect(service).toBeDefined();\n  });\n\n  it('should be read package file', async () => {\n    const packageFile = await service.readFile(__dirname, '../../package.json');\n    expect(packageFile).toBeDefined();\n    expect(packageFile).toEqual(expect.any(Object));\n  });\n\n  it('should be return archetype version', async () => {\n    service.readFile = jest.fn().mockImplementation(() => ({ version: manifest.archetypeVersion }));\n\n    expect(await service.getArchetypeVersion()).toEqual({\n      archetypeVersion: manifest.archetypeVersion,\n    });\n  });\n\n  it('should be return application info', async () => {\n    service.readFile = jest.fn().mockImplementation(() => ({\n      apiPrefix: manifest.apiPrefix,\n      name: manifest.name,\n      version: manifest.version,\n      description: manifest.description,\n      author: manifest.author,\n      repository: manifest.repository,\n      homepage: manifest.homepage,\n      dependencies: manifest.dependencies,\n      devDependencies: manifest.devDependencies,\n    }));\n\n    expect(await service.getApplicationInfo()).toEqual({\n      apiPrefix: manifest.apiPrefix,\n      name: manifest.name,\n      version: manifest.version,\n      description: manifest.description,\n      author: manifest.author,\n      repository: manifest.repository,\n      homepage: manifest.homepage,\n      dependencies: {\n        '@tresdoce-nestjs-toolkit/archetype': '0.0.1',\n        '@tresdoce-nestjs-toolkit/health': '0.0.1',\n        '@tresdoce-nestjs-toolkit/http-client': '0.0.1',\n        '@nestjs/class-transformer': '^0.4.0',\n        '@nestjs/class-validator': '^0.13.3',\n        '@nestjs/common': '^9.2.1',\n        '@nestjs/config': '^2.2.0',\n        '@nestjs/core': '^8.2.5',\n        '@nestjs/platform-express': '^8.2.5',\n        '@nestjs/swagger': '^5.1.5',\n      },\n      devDependencies: {\n        '@tresdoce-nestjs-toolkit/commons': '0.0.1',\n        '@nestjs/cli': '^9.1.8',\n        '@nestjs/schematics': '^9.1.0',\n        '@nestjs/testing': '^9.4.0',\n      },\n    });\n  });\n\n  it('should be return manifest', async () => {\n    service.getArchetypeVersion = jest.fn().mockImplementation(() => ({\n      archetypeVersion: manifest.archetypeVersion,\n    }));\n\n    service.getApplicationInfo = jest.fn().mockImplementation(() => ({\n      apiPrefix: manifest.apiPrefix,\n      name: manifest.name,\n      version: manifest.version,\n      description: manifest.description,\n      author: manifest.author,\n      repository: manifest.repository,\n      homepage: manifest.homepage,\n      dependencies: manifest.dependencies,\n      devDependencies: manifest.devDependencies,\n    }));\n\n    expect(await service.generateManifest()).toEqual({ ...manifest });\n  });\n});\n",
              "err": {},
              "uuid": "bbb1b0e0-1360-4fd6-81e8-67f31af41a94",
              "parentUUID": "a0690496-bfcb-4a9b-a1ba-5f95701f5b96",
              "isHook": false,
              "skipped": false
            },
            {
              "title": "ArchetypeModule > should be define",
              "fullTitle": "should be define",
              "timedOut": false,
              "duration": 163,
              "state": "passed",
              "speed": null,
              "pass": true,
              "fail": false,
              "pending": false,
              "context": null,
              "code": "import { INestApplication } from '@nestjs/common';\nimport { ConfigModule } from '@nestjs/config';\nimport { Test, TestingModule } from '@nestjs/testing';\nimport { config } from '@tresdoce-nestjs-toolkit/test-utils';\n\nimport { ArchetypeModule } from '../archetype/archetype.module';\n\ndescribe('ArchetypeModule', () => {\n  let app: INestApplication;\n\n  beforeEach(async () => {\n    const module: TestingModule = await Test.createTestingModule({\n      imports: [\n        ConfigModule.forRoot({\n          isGlobal: true,\n          load: [config],\n        }),\n        ArchetypeModule,\n      ],\n    }).compile();\n\n    app = module.createNestApplication();\n    await app.init();\n  });\n\n  it('should be define', async () => {\n    expect(app).toBeDefined();\n  });\n});\n",
              "err": {},
              "uuid": "c2f3b415-c893-4154-879c-01d0a3975134",
              "parentUUID": "a0690496-bfcb-4a9b-a1ba-5f95701f5b96",
              "isHook": false,
              "skipped": false
            },
            {
              "title": "ArchetypeController > should be defined",
              "fullTitle": "should be defined",
              "timedOut": false,
              "duration": 14,
              "state": "passed",
              "speed": null,
              "pass": true,
              "fail": false,
              "pending": false,
              "context": null,
              "code": "import { Test, TestingModule } from '@nestjs/testing';\nimport { ConfigModule } from '@nestjs/config';\n\nimport { config, manifest } from '@tresdoce-nestjs-toolkit/test-utils';\n\nimport { ArchetypeModule } from '../archetype/archetype.module';\nimport { ArchetypeController } from '../archetype/controllers/archetype.controller';\nimport { ArchetypeService } from '../archetype/services/archetype.service';\n\ndescribe('ArchetypeController', () => {\n  let controller: ArchetypeController;\n  const archetypeService = {\n    generateManifest: () => manifest,\n  };\n\n  beforeEach(async () => {\n    const module: TestingModule = await Test.createTestingModule({\n      imports: [\n        ConfigModule.forRoot({\n          isGlobal: true,\n          load: [config],\n        }),\n        ArchetypeModule,\n      ],\n      controllers: [ArchetypeController],\n      providers: [ArchetypeService],\n    })\n      .overrideProvider(ArchetypeService)\n      .useValue(archetypeService)\n      .compile();\n\n    controller = module.get<ArchetypeController>(ArchetypeController);\n  });\n\n  it('should be defined', () => {\n    expect(controller).toBeDefined();\n  });\n\n  it('should be return manifest json', async () => {\n    expect(await controller.getArchetypeInfo()).toBeDefined();\n    expect(await controller.getArchetypeInfo()).toEqual(manifest);\n  });\n});\n",
              "err": {},
              "uuid": "501607d8-c96b-43cc-9d7d-a9f527157fc5",
              "parentUUID": "a0690496-bfcb-4a9b-a1ba-5f95701f5b96",
              "isHook": false,
              "skipped": false
            },
            {
              "title": "ArchetypeController > should be return manifest json",
              "fullTitle": "should be return manifest json",
              "timedOut": false,
              "duration": 9,
              "state": "passed",
              "speed": null,
              "pass": true,
              "fail": false,
              "pending": false,
              "context": null,
              "code": "import { Test, TestingModule } from '@nestjs/testing';\nimport { ConfigModule } from '@nestjs/config';\n\nimport { config, manifest } from '@tresdoce-nestjs-toolkit/test-utils';\n\nimport { ArchetypeModule } from '../archetype/archetype.module';\nimport { ArchetypeController } from '../archetype/controllers/archetype.controller';\nimport { ArchetypeService } from '../archetype/services/archetype.service';\n\ndescribe('ArchetypeController', () => {\n  let controller: ArchetypeController;\n  const archetypeService = {\n    generateManifest: () => manifest,\n  };\n\n  beforeEach(async () => {\n    const module: TestingModule = await Test.createTestingModule({\n      imports: [\n        ConfigModule.forRoot({\n          isGlobal: true,\n          load: [config],\n        }),\n        ArchetypeModule,\n      ],\n      controllers: [ArchetypeController],\n      providers: [ArchetypeService],\n    })\n      .overrideProvider(ArchetypeService)\n      .useValue(archetypeService)\n      .compile();\n\n    controller = module.get<ArchetypeController>(ArchetypeController);\n  });\n\n  it('should be defined', () => {\n    expect(controller).toBeDefined();\n  });\n\n  it('should be return manifest json', async () => {\n    expect(await controller.getArchetypeInfo()).toBeDefined();\n    expect(await controller.getArchetypeInfo()).toEqual(manifest);\n  });\n});\n",
              "err": {},
              "uuid": "80a81f86-9c25-4e0f-8774-34ec6763bef5",
              "parentUUID": "a0690496-bfcb-4a9b-a1ba-5f95701f5b96",
              "isHook": false,
              "skipped": false
            }
          ],
          "suites": [],
          "passes": [
            "c7533da4-191b-4c33-8141-01622fd9de5e",
            "7483c91b-3433-4cce-bd24-6af594ea8380",
            "95fa94d3-f471-483c-92a2-ae95626d52ec",
            "215316da-444b-4cd1-a91f-7523ed9327ad",
            "426ebd9d-0938-4dfd-b7fc-2dfb31ace1b9",
            "bbb1b0e0-1360-4fd6-81e8-67f31af41a94",
            "c2f3b415-c893-4154-879c-01d0a3975134",
            "501607d8-c96b-43cc-9d7d-a9f527157fc5",
            "80a81f86-9c25-4e0f-8774-34ec6763bef5"
          ],
          "failures": [],
          "pending": [],
          "skipped": [],
          "duration": 220,
          "root": false,
          "rootEmpty": false,
          "_timeout": 5000
        }
      ],
      "passes": [],
      "failures": [],
      "pending": [],
      "skipped": [],
      "duration": 0,
      "root": true,
      "rootEmpty": true,
      "_timeout": 5000
    }
  ]
}
