{
  "stats": {
    "suites": 4,
    "tests": 9,
    "passes": 9,
    "pending": 0,
    "failures": 0,
    "testsRegistered": 9,
    "passPercent": 100,
    "pendingPercent": 0,
    "other": 0,
    "hasOther": false,
    "skipped": 0,
    "hasSkipped": false,
    "start": "2023-05-01T23:22:17.667Z",
    "end": "2023-05-01T23:22:17.914Z",
    "duration": 247
  },
  "results": [
    {
      "uuid": "d8ffac17-5074-43d2-84ed-43b843f7854f",
      "title": "@tresdoce-nestjs-toolkit/archetype",
      "fullFile": "",
      "file": "",
      "beforeHooks": [],
      "afterHooks": [],
      "tests": [],
      "suites": [
        {
          "uuid": "39e12755-b6e1-455b-a43f-cc1b03a0762e",
          "title": "@tresdoce-nestjs-toolkit/archetype",
          "fullFile": "",
          "file": "",
          "beforeHooks": [],
          "afterHooks": [],
          "tests": [
            {
              "title": "should be return exclude to prefix global",
              "fullTitle": "healthConstants > should be return exclude to prefix global",
              "timedOut": false,
              "duration": 3,
              "state": "passed",
              "speed": null,
              "pass": true,
              "fail": false,
              "pending": false,
              "context": null,
              "code": "",
              "err": {},
              "uuid": "0f0f1030-bd17-4837-8e14-a295b030c4da",
              "parentUUID": "39e12755-b6e1-455b-a43f-cc1b03a0762e",
              "isHook": false,
              "skipped": false
            },
            {
              "title": "should be defined",
              "fullTitle": "ArchetypeService > should be defined",
              "timedOut": false,
              "duration": 16,
              "state": "passed",
              "speed": null,
              "pass": true,
              "fail": false,
              "pending": false,
              "context": null,
              "code": "",
              "err": {},
              "uuid": "58b954e4-7dd2-4cad-be9b-6e893a980182",
              "parentUUID": "39e12755-b6e1-455b-a43f-cc1b03a0762e",
              "isHook": false,
              "skipped": false
            },
            {
              "title": "should be read package file",
              "fullTitle": "ArchetypeService > should be read package file",
              "timedOut": false,
              "duration": 5,
              "state": "passed",
              "speed": null,
              "pass": true,
              "fail": false,
              "pending": false,
              "context": null,
              "code": "",
              "err": {},
              "uuid": "12077836-2927-455e-9e14-90b117d7c37c",
              "parentUUID": "39e12755-b6e1-455b-a43f-cc1b03a0762e",
              "isHook": false,
              "skipped": false
            },
            {
              "title": "should be return archetype version",
              "fullTitle": "ArchetypeService > should be return archetype version",
              "timedOut": false,
              "duration": 4,
              "state": "passed",
              "speed": null,
              "pass": true,
              "fail": false,
              "pending": false,
              "context": null,
              "code": "",
              "err": {},
              "uuid": "ef68e4aa-30ec-498e-b2e5-0737dc06afd8",
              "parentUUID": "39e12755-b6e1-455b-a43f-cc1b03a0762e",
              "isHook": false,
              "skipped": false
            },
            {
              "title": "should be return application info",
              "fullTitle": "ArchetypeService > should be return application info",
              "timedOut": false,
              "duration": 5,
              "state": "passed",
              "speed": null,
              "pass": true,
              "fail": false,
              "pending": false,
              "context": null,
              "code": "",
              "err": {},
              "uuid": "ce7fcee1-d263-434c-ae96-9e3ceb678542",
              "parentUUID": "39e12755-b6e1-455b-a43f-cc1b03a0762e",
              "isHook": false,
              "skipped": false
            },
            {
              "title": "should be return manifest",
              "fullTitle": "ArchetypeService > should be return manifest",
              "timedOut": false,
              "duration": 3,
              "state": "passed",
              "speed": null,
              "pass": true,
              "fail": false,
              "pending": false,
              "context": null,
              "code": "",
              "err": {},
              "uuid": "cd48e282-00b3-4f8b-9ee7-006fff717e8d",
              "parentUUID": "39e12755-b6e1-455b-a43f-cc1b03a0762e",
              "isHook": false,
              "skipped": false
            },
            {
              "title": "should be define",
              "fullTitle": "ArchetypeModule > should be define",
              "timedOut": false,
              "duration": 185,
              "state": "passed",
              "speed": null,
              "pass": true,
              "fail": false,
              "pending": false,
              "context": null,
              "code": "",
              "err": {},
              "uuid": "b3fcaee5-6133-4c9b-a8a2-684c152a0da3",
              "parentUUID": "39e12755-b6e1-455b-a43f-cc1b03a0762e",
              "isHook": false,
              "skipped": false
            },
            {
              "title": "should be defined",
              "fullTitle": "ArchetypeController > should be defined",
              "timedOut": false,
              "duration": 16,
              "state": "passed",
              "speed": null,
              "pass": true,
              "fail": false,
              "pending": false,
              "context": null,
              "code": "",
              "err": {},
              "uuid": "f74899bc-897f-4913-854c-ba20f0b25fd1",
              "parentUUID": "39e12755-b6e1-455b-a43f-cc1b03a0762e",
              "isHook": false,
              "skipped": false
            },
            {
              "title": "should be return manifest json",
              "fullTitle": "ArchetypeController > should be return manifest json",
              "timedOut": false,
              "duration": 10,
              "state": "passed",
              "speed": null,
              "pass": true,
              "fail": false,
              "pending": false,
              "context": null,
              "code": "",
              "err": {},
              "uuid": "87677221-67c4-4b19-aaa0-d55c34014c85",
              "parentUUID": "39e12755-b6e1-455b-a43f-cc1b03a0762e",
              "isHook": false,
              "skipped": false
            }
          ],
          "suites": [],
          "passes": [
            "0f0f1030-bd17-4837-8e14-a295b030c4da",
            "58b954e4-7dd2-4cad-be9b-6e893a980182",
            "12077836-2927-455e-9e14-90b117d7c37c",
            "ef68e4aa-30ec-498e-b2e5-0737dc06afd8",
            "ce7fcee1-d263-434c-ae96-9e3ceb678542",
            "cd48e282-00b3-4f8b-9ee7-006fff717e8d",
            "b3fcaee5-6133-4c9b-a8a2-684c152a0da3",
            "f74899bc-897f-4913-854c-ba20f0b25fd1",
            "87677221-67c4-4b19-aaa0-d55c34014c85"
          ],
          "failures": [],
          "pending": [],
          "skipped": [],
          "duration": 247,
          "root": false,
          "rootEmpty": false,
          "_timeout": 5000
        }
      ],
      "passes": [],
      "failures": [],
      "pending": [],
      "skipped": [],
      "duration": 0,
      "root": true,
      "rootEmpty": true,
      "_timeout": 5000
    }
  ]
}
