{
  "stats": {
    "suites": 4,
    "tests": 9,
    "passes": 9,
    "pending": 0,
    "failures": 0,
    "testsRegistered": 9,
    "passPercent": 100,
    "pendingPercent": 0,
    "other": 0,
    "hasOther": false,
    "skipped": 0,
    "hasSkipped": false,
    "start": "2023-05-02T17:45:36.918Z",
    "end": "2023-05-02T17:45:37.148Z",
    "duration": 230
  },
  "results": [
    {
      "uuid": "ebb75201-fc94-4000-8834-d3a12bdcdf11",
      "title": "@tresdoce-nestjs-toolkit/archetype",
      "fullFile": "",
      "file": "",
      "beforeHooks": [],
      "afterHooks": [],
      "tests": [],
      "suites": [
        {
          "uuid": "87ef478e-bdf0-4b7d-9e79-5dc2bef0bbe4",
          "title": "@tresdoce-nestjs-toolkit/archetype",
          "fullFile": "",
          "file": "",
          "beforeHooks": [],
          "afterHooks": [],
          "tests": [
            {
              "fullTitle": "Constants > should be return exclude to prefix global",
              "title": "Constants > should be return exclude to prefix global",
              "timedOut": false,
              "duration": 2,
              "state": "passed",
              "speed": null,
              "pass": true,
              "fail": false,
              "pending": false,
              "context": null,
              "code": "import { RequestMethod } from '@nestjs/common';\nimport { manifestControllerExcludes } from '../archetype/constants/archetype.constants';\n\ndescribe('Constants', () => {\n  it('should be return exclude to prefix global', async () => {\n    expect(manifestControllerExcludes).toEqual(expect.any(Array));\n    expect(manifestControllerExcludes).toMatchObject([\n      {\n        path: '/info',\n        method: RequestMethod.GET,\n      },\n    ]);\n  });\n});\n",
              "err": {},
              "uuid": "635e4f1b-c597-4423-86e1-9d8d29ca87fa",
              "parentUUID": "87ef478e-bdf0-4b7d-9e79-5dc2bef0bbe4",
              "isHook": false,
              "skipped": false
            },
            {
              "fullTitle": "ArchetypeService > should be defined",
              "title": "ArchetypeService > should be defined",
              "timedOut": false,
              "duration": 16,
              "state": "passed",
              "speed": null,
              "pass": true,
              "fail": false,
              "pending": false,
              "context": null,
              "code": "import { Test, TestingModule } from '@nestjs/testing';\nimport { ConfigModule } from '@nestjs/config';\n\nimport { config, manifest } from '@tresdoce-nestjs-toolkit/test-utils';\n\nimport { ArchetypeModule } from '../archetype/archetype.module';\nimport { ArchetypeService } from '../archetype/services/archetype.service';\n\ndescribe('ArchetypeService', () => {\n  let service: ArchetypeService;\n  /*const archetypeService = {\n      readFile: jest.fn(() => manifest),\n      getArchetypeVersion: jest.fn(() => ({ archetypeVersion: manifest.archetypeVersion })),\n      getApplicationInfo: jest.fn(() => ({\n        name: manifest.name,\n        version: manifest.version,\n        description: manifest.description,\n        author: manifest.author,\n        repository: manifest.repository,\n        homepage: manifest.homepage,\n        dependencies: manifest.dependencies,\n        devDependencies: manifest.devDependencies,\n      })),\n      generateManifest: jest.fn(() => manifest),\n    };*/\n\n  beforeEach(async () => {\n    const module: TestingModule = await Test.createTestingModule({\n      imports: [\n        ConfigModule.forRoot({\n          isGlobal: true,\n          load: [config],\n        }),\n        ArchetypeModule,\n      ],\n      providers: [ArchetypeService],\n    }).compile();\n\n    service = module.get<ArchetypeService>(ArchetypeService);\n  });\n\n  it('should be defined', () => {\n    expect(service).toBeDefined();\n  });\n\n  it('should be read package file', async () => {\n    const packageFile = await service.readFile(__dirname, '../../package.json');\n    expect(packageFile).toBeDefined();\n    expect(packageFile).toEqual(expect.any(Object));\n  });\n\n  it('should be return archetype version', async () => {\n    service.readFile = jest.fn().mockImplementation(() => ({ version: manifest.archetypeVersion }));\n\n    expect(await service.getArchetypeVersion()).toEqual({\n      archetypeVersion: manifest.archetypeVersion,\n    });\n  });\n\n  it('should be return application info', async () => {\n    service.readFile = jest.fn().mockImplementation(() => ({\n      apiPrefix: manifest.apiPrefix,\n      name: manifest.name,\n      version: manifest.version,\n      description: manifest.description,\n      author: manifest.author,\n      repository: manifest.repository,\n      homepage: manifest.homepage,\n      dependencies: manifest.dependencies,\n      devDependencies: manifest.devDependencies,\n    }));\n\n    expect(await service.getApplicationInfo()).toEqual({\n      apiPrefix: manifest.apiPrefix,\n      name: manifest.name,\n      version: manifest.version,\n      description: manifest.description,\n      author: manifest.author,\n      repository: manifest.repository,\n      homepage: manifest.homepage,\n      dependencies: {\n        '@tresdoce-nestjs-toolkit/archetype': '0.0.1',\n        '@tresdoce-nestjs-toolkit/health': '0.0.1',\n        '@tresdoce-nestjs-toolkit/http-client': '0.0.1',\n        '@nestjs/class-transformer': '^0.4.0',\n        '@nestjs/class-validator': '^0.13.3',\n        '@nestjs/common': '^9.2.1',\n        '@nestjs/config': '^2.2.0',\n        '@nestjs/core': '^8.2.5',\n        '@nestjs/platform-express': '^8.2.5',\n        '@nestjs/swagger': '^5.1.5',\n      },\n      devDependencies: {\n        '@tresdoce-nestjs-toolkit/commons': '0.0.1',\n        '@nestjs/cli': '^9.1.8',\n        '@nestjs/schematics': '^9.1.0',\n        '@nestjs/testing': '^9.4.0',\n      },\n    });\n  });\n\n  it('should be return manifest', async () => {\n    service.getArchetypeVersion = jest.fn().mockImplementation(() => ({\n      archetypeVersion: manifest.archetypeVersion,\n    }));\n\n    service.getApplicationInfo = jest.fn().mockImplementation(() => ({\n      apiPrefix: manifest.apiPrefix,\n      name: manifest.name,\n      version: manifest.version,\n      description: manifest.description,\n      author: manifest.author,\n      repository: manifest.repository,\n      homepage: manifest.homepage,\n      dependencies: manifest.dependencies,\n      devDependencies: manifest.devDependencies,\n    }));\n\n    expect(await service.generateManifest()).toEqual({ ...manifest });\n  });\n});\n",
              "err": {},
              "uuid": "0cf34670-c2bf-43ea-b8be-26ec00b084df",
              "parentUUID": "87ef478e-bdf0-4b7d-9e79-5dc2bef0bbe4",
              "isHook": false,
              "skipped": false
            },
            {
              "fullTitle": "ArchetypeService > should be read package file",
              "title": "ArchetypeService > should be read package file",
              "timedOut": false,
              "duration": 5,
              "state": "passed",
              "speed": null,
              "pass": true,
              "fail": false,
              "pending": false,
              "context": null,
              "code": "import { Test, TestingModule } from '@nestjs/testing';\nimport { ConfigModule } from '@nestjs/config';\n\nimport { config, manifest } from '@tresdoce-nestjs-toolkit/test-utils';\n\nimport { ArchetypeModule } from '../archetype/archetype.module';\nimport { ArchetypeService } from '../archetype/services/archetype.service';\n\ndescribe('ArchetypeService', () => {\n  let service: ArchetypeService;\n  /*const archetypeService = {\n      readFile: jest.fn(() => manifest),\n      getArchetypeVersion: jest.fn(() => ({ archetypeVersion: manifest.archetypeVersion })),\n      getApplicationInfo: jest.fn(() => ({\n        name: manifest.name,\n        version: manifest.version,\n        description: manifest.description,\n        author: manifest.author,\n        repository: manifest.repository,\n        homepage: manifest.homepage,\n        dependencies: manifest.dependencies,\n        devDependencies: manifest.devDependencies,\n      })),\n      generateManifest: jest.fn(() => manifest),\n    };*/\n\n  beforeEach(async () => {\n    const module: TestingModule = await Test.createTestingModule({\n      imports: [\n        ConfigModule.forRoot({\n          isGlobal: true,\n          load: [config],\n        }),\n        ArchetypeModule,\n      ],\n      providers: [ArchetypeService],\n    }).compile();\n\n    service = module.get<ArchetypeService>(ArchetypeService);\n  });\n\n  it('should be defined', () => {\n    expect(service).toBeDefined();\n  });\n\n  it('should be read package file', async () => {\n    const packageFile = await service.readFile(__dirname, '../../package.json');\n    expect(packageFile).toBeDefined();\n    expect(packageFile).toEqual(expect.any(Object));\n  });\n\n  it('should be return archetype version', async () => {\n    service.readFile = jest.fn().mockImplementation(() => ({ version: manifest.archetypeVersion }));\n\n    expect(await service.getArchetypeVersion()).toEqual({\n      archetypeVersion: manifest.archetypeVersion,\n    });\n  });\n\n  it('should be return application info', async () => {\n    service.readFile = jest.fn().mockImplementation(() => ({\n      apiPrefix: manifest.apiPrefix,\n      name: manifest.name,\n      version: manifest.version,\n      description: manifest.description,\n      author: manifest.author,\n      repository: manifest.repository,\n      homepage: manifest.homepage,\n      dependencies: manifest.dependencies,\n      devDependencies: manifest.devDependencies,\n    }));\n\n    expect(await service.getApplicationInfo()).toEqual({\n      apiPrefix: manifest.apiPrefix,\n      name: manifest.name,\n      version: manifest.version,\n      description: manifest.description,\n      author: manifest.author,\n      repository: manifest.repository,\n      homepage: manifest.homepage,\n      dependencies: {\n        '@tresdoce-nestjs-toolkit/archetype': '0.0.1',\n        '@tresdoce-nestjs-toolkit/health': '0.0.1',\n        '@tresdoce-nestjs-toolkit/http-client': '0.0.1',\n        '@nestjs/class-transformer': '^0.4.0',\n        '@nestjs/class-validator': '^0.13.3',\n        '@nestjs/common': '^9.2.1',\n        '@nestjs/config': '^2.2.0',\n        '@nestjs/core': '^8.2.5',\n        '@nestjs/platform-express': '^8.2.5',\n        '@nestjs/swagger': '^5.1.5',\n      },\n      devDependencies: {\n        '@tresdoce-nestjs-toolkit/commons': '0.0.1',\n        '@nestjs/cli': '^9.1.8',\n        '@nestjs/schematics': '^9.1.0',\n        '@nestjs/testing': '^9.4.0',\n      },\n    });\n  });\n\n  it('should be return manifest', async () => {\n    service.getArchetypeVersion = jest.fn().mockImplementation(() => ({\n      archetypeVersion: manifest.archetypeVersion,\n    }));\n\n    service.getApplicationInfo = jest.fn().mockImplementation(() => ({\n      apiPrefix: manifest.apiPrefix,\n      name: manifest.name,\n      version: manifest.version,\n      description: manifest.description,\n      author: manifest.author,\n      repository: manifest.repository,\n      homepage: manifest.homepage,\n      dependencies: manifest.dependencies,\n      devDependencies: manifest.devDependencies,\n    }));\n\n    expect(await service.generateManifest()).toEqual({ ...manifest });\n  });\n});\n",
              "err": {},
              "uuid": "ef38b481-cbe2-47c4-a3ce-64a2ee2ae3ac",
              "parentUUID": "87ef478e-bdf0-4b7d-9e79-5dc2bef0bbe4",
              "isHook": false,
              "skipped": false
            },
            {
              "fullTitle": "ArchetypeService > should be return archetype version",
              "title": "ArchetypeService > should be return archetype version",
              "timedOut": false,
              "duration": 4,
              "state": "passed",
              "speed": null,
              "pass": true,
              "fail": false,
              "pending": false,
              "context": null,
              "code": "import { Test, TestingModule } from '@nestjs/testing';\nimport { ConfigModule } from '@nestjs/config';\n\nimport { config, manifest } from '@tresdoce-nestjs-toolkit/test-utils';\n\nimport { ArchetypeModule } from '../archetype/archetype.module';\nimport { ArchetypeService } from '../archetype/services/archetype.service';\n\ndescribe('ArchetypeService', () => {\n  let service: ArchetypeService;\n  /*const archetypeService = {\n      readFile: jest.fn(() => manifest),\n      getArchetypeVersion: jest.fn(() => ({ archetypeVersion: manifest.archetypeVersion })),\n      getApplicationInfo: jest.fn(() => ({\n        name: manifest.name,\n        version: manifest.version,\n        description: manifest.description,\n        author: manifest.author,\n        repository: manifest.repository,\n        homepage: manifest.homepage,\n        dependencies: manifest.dependencies,\n        devDependencies: manifest.devDependencies,\n      })),\n      generateManifest: jest.fn(() => manifest),\n    };*/\n\n  beforeEach(async () => {\n    const module: TestingModule = await Test.createTestingModule({\n      imports: [\n        ConfigModule.forRoot({\n          isGlobal: true,\n          load: [config],\n        }),\n        ArchetypeModule,\n      ],\n      providers: [ArchetypeService],\n    }).compile();\n\n    service = module.get<ArchetypeService>(ArchetypeService);\n  });\n\n  it('should be defined', () => {\n    expect(service).toBeDefined();\n  });\n\n  it('should be read package file', async () => {\n    const packageFile = await service.readFile(__dirname, '../../package.json');\n    expect(packageFile).toBeDefined();\n    expect(packageFile).toEqual(expect.any(Object));\n  });\n\n  it('should be return archetype version', async () => {\n    service.readFile = jest.fn().mockImplementation(() => ({ version: manifest.archetypeVersion }));\n\n    expect(await service.getArchetypeVersion()).toEqual({\n      archetypeVersion: manifest.archetypeVersion,\n    });\n  });\n\n  it('should be return application info', async () => {\n    service.readFile = jest.fn().mockImplementation(() => ({\n      apiPrefix: manifest.apiPrefix,\n      name: manifest.name,\n      version: manifest.version,\n      description: manifest.description,\n      author: manifest.author,\n      repository: manifest.repository,\n      homepage: manifest.homepage,\n      dependencies: manifest.dependencies,\n      devDependencies: manifest.devDependencies,\n    }));\n\n    expect(await service.getApplicationInfo()).toEqual({\n      apiPrefix: manifest.apiPrefix,\n      name: manifest.name,\n      version: manifest.version,\n      description: manifest.description,\n      author: manifest.author,\n      repository: manifest.repository,\n      homepage: manifest.homepage,\n      dependencies: {\n        '@tresdoce-nestjs-toolkit/archetype': '0.0.1',\n        '@tresdoce-nestjs-toolkit/health': '0.0.1',\n        '@tresdoce-nestjs-toolkit/http-client': '0.0.1',\n        '@nestjs/class-transformer': '^0.4.0',\n        '@nestjs/class-validator': '^0.13.3',\n        '@nestjs/common': '^9.2.1',\n        '@nestjs/config': '^2.2.0',\n        '@nestjs/core': '^8.2.5',\n        '@nestjs/platform-express': '^8.2.5',\n        '@nestjs/swagger': '^5.1.5',\n      },\n      devDependencies: {\n        '@tresdoce-nestjs-toolkit/commons': '0.0.1',\n        '@nestjs/cli': '^9.1.8',\n        '@nestjs/schematics': '^9.1.0',\n        '@nestjs/testing': '^9.4.0',\n      },\n    });\n  });\n\n  it('should be return manifest', async () => {\n    service.getArchetypeVersion = jest.fn().mockImplementation(() => ({\n      archetypeVersion: manifest.archetypeVersion,\n    }));\n\n    service.getApplicationInfo = jest.fn().mockImplementation(() => ({\n      apiPrefix: manifest.apiPrefix,\n      name: manifest.name,\n      version: manifest.version,\n      description: manifest.description,\n      author: manifest.author,\n      repository: manifest.repository,\n      homepage: manifest.homepage,\n      dependencies: manifest.dependencies,\n      devDependencies: manifest.devDependencies,\n    }));\n\n    expect(await service.generateManifest()).toEqual({ ...manifest });\n  });\n});\n",
              "err": {},
              "uuid": "613f23d9-9c6a-48e5-bd7a-4e74de4cf0c0",
              "parentUUID": "87ef478e-bdf0-4b7d-9e79-5dc2bef0bbe4",
              "isHook": false,
              "skipped": false
            },
            {
              "fullTitle": "ArchetypeService > should be return application info",
              "title": "ArchetypeService > should be return application info",
              "timedOut": false,
              "duration": 4,
              "state": "passed",
              "speed": null,
              "pass": true,
              "fail": false,
              "pending": false,
              "context": null,
              "code": "import { Test, TestingModule } from '@nestjs/testing';\nimport { ConfigModule } from '@nestjs/config';\n\nimport { config, manifest } from '@tresdoce-nestjs-toolkit/test-utils';\n\nimport { ArchetypeModule } from '../archetype/archetype.module';\nimport { ArchetypeService } from '../archetype/services/archetype.service';\n\ndescribe('ArchetypeService', () => {\n  let service: ArchetypeService;\n  /*const archetypeService = {\n      readFile: jest.fn(() => manifest),\n      getArchetypeVersion: jest.fn(() => ({ archetypeVersion: manifest.archetypeVersion })),\n      getApplicationInfo: jest.fn(() => ({\n        name: manifest.name,\n        version: manifest.version,\n        description: manifest.description,\n        author: manifest.author,\n        repository: manifest.repository,\n        homepage: manifest.homepage,\n        dependencies: manifest.dependencies,\n        devDependencies: manifest.devDependencies,\n      })),\n      generateManifest: jest.fn(() => manifest),\n    };*/\n\n  beforeEach(async () => {\n    const module: TestingModule = await Test.createTestingModule({\n      imports: [\n        ConfigModule.forRoot({\n          isGlobal: true,\n          load: [config],\n        }),\n        ArchetypeModule,\n      ],\n      providers: [ArchetypeService],\n    }).compile();\n\n    service = module.get<ArchetypeService>(ArchetypeService);\n  });\n\n  it('should be defined', () => {\n    expect(service).toBeDefined();\n  });\n\n  it('should be read package file', async () => {\n    const packageFile = await service.readFile(__dirname, '../../package.json');\n    expect(packageFile).toBeDefined();\n    expect(packageFile).toEqual(expect.any(Object));\n  });\n\n  it('should be return archetype version', async () => {\n    service.readFile = jest.fn().mockImplementation(() => ({ version: manifest.archetypeVersion }));\n\n    expect(await service.getArchetypeVersion()).toEqual({\n      archetypeVersion: manifest.archetypeVersion,\n    });\n  });\n\n  it('should be return application info', async () => {\n    service.readFile = jest.fn().mockImplementation(() => ({\n      apiPrefix: manifest.apiPrefix,\n      name: manifest.name,\n      version: manifest.version,\n      description: manifest.description,\n      author: manifest.author,\n      repository: manifest.repository,\n      homepage: manifest.homepage,\n      dependencies: manifest.dependencies,\n      devDependencies: manifest.devDependencies,\n    }));\n\n    expect(await service.getApplicationInfo()).toEqual({\n      apiPrefix: manifest.apiPrefix,\n      name: manifest.name,\n      version: manifest.version,\n      description: manifest.description,\n      author: manifest.author,\n      repository: manifest.repository,\n      homepage: manifest.homepage,\n      dependencies: {\n        '@tresdoce-nestjs-toolkit/archetype': '0.0.1',\n        '@tresdoce-nestjs-toolkit/health': '0.0.1',\n        '@tresdoce-nestjs-toolkit/http-client': '0.0.1',\n        '@nestjs/class-transformer': '^0.4.0',\n        '@nestjs/class-validator': '^0.13.3',\n        '@nestjs/common': '^9.2.1',\n        '@nestjs/config': '^2.2.0',\n        '@nestjs/core': '^8.2.5',\n        '@nestjs/platform-express': '^8.2.5',\n        '@nestjs/swagger': '^5.1.5',\n      },\n      devDependencies: {\n        '@tresdoce-nestjs-toolkit/commons': '0.0.1',\n        '@nestjs/cli': '^9.1.8',\n        '@nestjs/schematics': '^9.1.0',\n        '@nestjs/testing': '^9.4.0',\n      },\n    });\n  });\n\n  it('should be return manifest', async () => {\n    service.getArchetypeVersion = jest.fn().mockImplementation(() => ({\n      archetypeVersion: manifest.archetypeVersion,\n    }));\n\n    service.getApplicationInfo = jest.fn().mockImplementation(() => ({\n      apiPrefix: manifest.apiPrefix,\n      name: manifest.name,\n      version: manifest.version,\n      description: manifest.description,\n      author: manifest.author,\n      repository: manifest.repository,\n      homepage: manifest.homepage,\n      dependencies: manifest.dependencies,\n      devDependencies: manifest.devDependencies,\n    }));\n\n    expect(await service.generateManifest()).toEqual({ ...manifest });\n  });\n});\n",
              "err": {},
              "uuid": "8109d982-c92b-4962-a63f-18a4ebae08db",
              "parentUUID": "87ef478e-bdf0-4b7d-9e79-5dc2bef0bbe4",
              "isHook": false,
              "skipped": false
            },
            {
              "fullTitle": "ArchetypeService > should be return manifest",
              "title": "ArchetypeService > should be return manifest",
              "timedOut": false,
              "duration": 4,
              "state": "passed",
              "speed": null,
              "pass": true,
              "fail": false,
              "pending": false,
              "context": null,
              "code": "import { Test, TestingModule } from '@nestjs/testing';\nimport { ConfigModule } from '@nestjs/config';\n\nimport { config, manifest } from '@tresdoce-nestjs-toolkit/test-utils';\n\nimport { ArchetypeModule } from '../archetype/archetype.module';\nimport { ArchetypeService } from '../archetype/services/archetype.service';\n\ndescribe('ArchetypeService', () => {\n  let service: ArchetypeService;\n  /*const archetypeService = {\n      readFile: jest.fn(() => manifest),\n      getArchetypeVersion: jest.fn(() => ({ archetypeVersion: manifest.archetypeVersion })),\n      getApplicationInfo: jest.fn(() => ({\n        name: manifest.name,\n        version: manifest.version,\n        description: manifest.description,\n        author: manifest.author,\n        repository: manifest.repository,\n        homepage: manifest.homepage,\n        dependencies: manifest.dependencies,\n        devDependencies: manifest.devDependencies,\n      })),\n      generateManifest: jest.fn(() => manifest),\n    };*/\n\n  beforeEach(async () => {\n    const module: TestingModule = await Test.createTestingModule({\n      imports: [\n        ConfigModule.forRoot({\n          isGlobal: true,\n          load: [config],\n        }),\n        ArchetypeModule,\n      ],\n      providers: [ArchetypeService],\n    }).compile();\n\n    service = module.get<ArchetypeService>(ArchetypeService);\n  });\n\n  it('should be defined', () => {\n    expect(service).toBeDefined();\n  });\n\n  it('should be read package file', async () => {\n    const packageFile = await service.readFile(__dirname, '../../package.json');\n    expect(packageFile).toBeDefined();\n    expect(packageFile).toEqual(expect.any(Object));\n  });\n\n  it('should be return archetype version', async () => {\n    service.readFile = jest.fn().mockImplementation(() => ({ version: manifest.archetypeVersion }));\n\n    expect(await service.getArchetypeVersion()).toEqual({\n      archetypeVersion: manifest.archetypeVersion,\n    });\n  });\n\n  it('should be return application info', async () => {\n    service.readFile = jest.fn().mockImplementation(() => ({\n      apiPrefix: manifest.apiPrefix,\n      name: manifest.name,\n      version: manifest.version,\n      description: manifest.description,\n      author: manifest.author,\n      repository: manifest.repository,\n      homepage: manifest.homepage,\n      dependencies: manifest.dependencies,\n      devDependencies: manifest.devDependencies,\n    }));\n\n    expect(await service.getApplicationInfo()).toEqual({\n      apiPrefix: manifest.apiPrefix,\n      name: manifest.name,\n      version: manifest.version,\n      description: manifest.description,\n      author: manifest.author,\n      repository: manifest.repository,\n      homepage: manifest.homepage,\n      dependencies: {\n        '@tresdoce-nestjs-toolkit/archetype': '0.0.1',\n        '@tresdoce-nestjs-toolkit/health': '0.0.1',\n        '@tresdoce-nestjs-toolkit/http-client': '0.0.1',\n        '@nestjs/class-transformer': '^0.4.0',\n        '@nestjs/class-validator': '^0.13.3',\n        '@nestjs/common': '^9.2.1',\n        '@nestjs/config': '^2.2.0',\n        '@nestjs/core': '^8.2.5',\n        '@nestjs/platform-express': '^8.2.5',\n        '@nestjs/swagger': '^5.1.5',\n      },\n      devDependencies: {\n        '@tresdoce-nestjs-toolkit/commons': '0.0.1',\n        '@nestjs/cli': '^9.1.8',\n        '@nestjs/schematics': '^9.1.0',\n        '@nestjs/testing': '^9.4.0',\n      },\n    });\n  });\n\n  it('should be return manifest', async () => {\n    service.getArchetypeVersion = jest.fn().mockImplementation(() => ({\n      archetypeVersion: manifest.archetypeVersion,\n    }));\n\n    service.getApplicationInfo = jest.fn().mockImplementation(() => ({\n      apiPrefix: manifest.apiPrefix,\n      name: manifest.name,\n      version: manifest.version,\n      description: manifest.description,\n      author: manifest.author,\n      repository: manifest.repository,\n      homepage: manifest.homepage,\n      dependencies: manifest.dependencies,\n      devDependencies: manifest.devDependencies,\n    }));\n\n    expect(await service.generateManifest()).toEqual({ ...manifest });\n  });\n});\n",
              "err": {},
              "uuid": "c9448e7f-843b-4313-8afd-5ea0468d8b80",
              "parentUUID": "87ef478e-bdf0-4b7d-9e79-5dc2bef0bbe4",
              "isHook": false,
              "skipped": false
            },
            {
              "fullTitle": "ArchetypeModule > should be define",
              "title": "ArchetypeModule > should be define",
              "timedOut": false,
              "duration": 171,
              "state": "passed",
              "speed": null,
              "pass": true,
              "fail": false,
              "pending": false,
              "context": null,
              "code": "import { INestApplication } from '@nestjs/common';\nimport { ConfigModule } from '@nestjs/config';\nimport { Test, TestingModule } from '@nestjs/testing';\nimport { config } from '@tresdoce-nestjs-toolkit/test-utils';\n\nimport { ArchetypeModule } from '../archetype/archetype.module';\n\ndescribe('ArchetypeModule', () => {\n  let app: INestApplication;\n\n  beforeEach(async () => {\n    const module: TestingModule = await Test.createTestingModule({\n      imports: [\n        ConfigModule.forRoot({\n          isGlobal: true,\n          load: [config],\n        }),\n        ArchetypeModule,\n      ],\n    }).compile();\n\n    app = module.createNestApplication();\n    await app.init();\n  });\n\n  it('should be define', async () => {\n    expect(app).toBeDefined();\n  });\n});\n",
              "err": {},
              "uuid": "86aa6d4d-fcc7-41f6-90bb-e9020685639e",
              "parentUUID": "87ef478e-bdf0-4b7d-9e79-5dc2bef0bbe4",
              "isHook": false,
              "skipped": false
            },
            {
              "fullTitle": "ArchetypeController > should be defined",
              "title": "ArchetypeController > should be defined",
              "timedOut": false,
              "duration": 14,
              "state": "passed",
              "speed": null,
              "pass": true,
              "fail": false,
              "pending": false,
              "context": null,
              "code": "import { Test, TestingModule } from '@nestjs/testing';\nimport { ConfigModule } from '@nestjs/config';\n\nimport { config, manifest } from '@tresdoce-nestjs-toolkit/test-utils';\n\nimport { ArchetypeModule } from '../archetype/archetype.module';\nimport { ArchetypeController } from '../archetype/controllers/archetype.controller';\nimport { ArchetypeService } from '../archetype/services/archetype.service';\n\ndescribe('ArchetypeController', () => {\n  let controller: ArchetypeController;\n  const archetypeService = {\n    generateManifest: () => manifest,\n  };\n\n  beforeEach(async () => {\n    const module: TestingModule = await Test.createTestingModule({\n      imports: [\n        ConfigModule.forRoot({\n          isGlobal: true,\n          load: [config],\n        }),\n        ArchetypeModule,\n      ],\n      controllers: [ArchetypeController],\n      providers: [ArchetypeService],\n    })\n      .overrideProvider(ArchetypeService)\n      .useValue(archetypeService)\n      .compile();\n\n    controller = module.get<ArchetypeController>(ArchetypeController);\n  });\n\n  it('should be defined', () => {\n    expect(controller).toBeDefined();\n  });\n\n  it('should be return manifest json', async () => {\n    expect(await controller.getArchetypeInfo()).toBeDefined();\n    expect(await controller.getArchetypeInfo()).toEqual(manifest);\n  });\n});\n",
              "err": {},
              "uuid": "97ac1f93-a264-45b1-b7b7-02333bdf788c",
              "parentUUID": "87ef478e-bdf0-4b7d-9e79-5dc2bef0bbe4",
              "isHook": false,
              "skipped": false
            },
            {
              "fullTitle": "ArchetypeController > should be return manifest json",
              "title": "ArchetypeController > should be return manifest json",
              "timedOut": false,
              "duration": 10,
              "state": "passed",
              "speed": null,
              "pass": true,
              "fail": false,
              "pending": false,
              "context": null,
              "code": "import { Test, TestingModule } from '@nestjs/testing';\nimport { ConfigModule } from '@nestjs/config';\n\nimport { config, manifest } from '@tresdoce-nestjs-toolkit/test-utils';\n\nimport { ArchetypeModule } from '../archetype/archetype.module';\nimport { ArchetypeController } from '../archetype/controllers/archetype.controller';\nimport { ArchetypeService } from '../archetype/services/archetype.service';\n\ndescribe('ArchetypeController', () => {\n  let controller: ArchetypeController;\n  const archetypeService = {\n    generateManifest: () => manifest,\n  };\n\n  beforeEach(async () => {\n    const module: TestingModule = await Test.createTestingModule({\n      imports: [\n        ConfigModule.forRoot({\n          isGlobal: true,\n          load: [config],\n        }),\n        ArchetypeModule,\n      ],\n      controllers: [ArchetypeController],\n      providers: [ArchetypeService],\n    })\n      .overrideProvider(ArchetypeService)\n      .useValue(archetypeService)\n      .compile();\n\n    controller = module.get<ArchetypeController>(ArchetypeController);\n  });\n\n  it('should be defined', () => {\n    expect(controller).toBeDefined();\n  });\n\n  it('should be return manifest json', async () => {\n    expect(await controller.getArchetypeInfo()).toBeDefined();\n    expect(await controller.getArchetypeInfo()).toEqual(manifest);\n  });\n});\n",
              "err": {},
              "uuid": "31b00ebb-06b1-48a3-9e7b-13b6c1ff7705",
              "parentUUID": "87ef478e-bdf0-4b7d-9e79-5dc2bef0bbe4",
              "isHook": false,
              "skipped": false
            }
          ],
          "suites": [],
          "passes": [
            "635e4f1b-c597-4423-86e1-9d8d29ca87fa",
            "0cf34670-c2bf-43ea-b8be-26ec00b084df",
            "ef38b481-cbe2-47c4-a3ce-64a2ee2ae3ac",
            "613f23d9-9c6a-48e5-bd7a-4e74de4cf0c0",
            "8109d982-c92b-4962-a63f-18a4ebae08db",
            "c9448e7f-843b-4313-8afd-5ea0468d8b80",
            "86aa6d4d-fcc7-41f6-90bb-e9020685639e",
            "97ac1f93-a264-45b1-b7b7-02333bdf788c",
            "31b00ebb-06b1-48a3-9e7b-13b6c1ff7705"
          ],
          "failures": [],
          "pending": [],
          "skipped": [],
          "duration": 230,
          "root": false,
          "rootEmpty": false,
          "_timeout": 5000
        }
      ],
      "passes": [],
      "failures": [],
      "pending": [],
      "skipped": [],
      "duration": 0,
      "root": true,
      "rootEmpty": true,
      "_timeout": 5000
    }
  ]
}
