{
  "stats": {
    "suites": 4,
    "tests": 9,
    "passes": 9,
    "pending": 0,
    "failures": 0,
    "testsRegistered": 9,
    "passPercent": 100,
    "pendingPercent": 0,
    "other": 0,
    "hasOther": false,
    "skipped": 0,
    "hasSkipped": false,
    "start": "2023-05-01T23:14:53.192Z",
    "end": "2023-05-01T23:14:53.409Z",
    "duration": 217
  },
  "results": [
    {
      "uuid": "8d9a5b85-754c-449c-80bb-4c8fb2925b96",
      "title": "@tresdoce-nestjs-toolkit/archetype",
      "fullFile": "",
      "file": "",
      "beforeHooks": [],
      "afterHooks": [],
      "tests": [],
      "suites": [
        {
          "uuid": "c281a9d7-ee91-4b72-a400-576e1892383a",
          "title": "@tresdoce-nestjs-toolkit/archetype",
          "fullFile": "",
          "file": "",
          "beforeHooks": [],
          "afterHooks": [],
          "tests": [
            {
              "title": "should be return exclude to prefix global",
              "fullTitle": "healthConstants > should be return exclude to prefix global",
              "timedOut": false,
              "duration": 2,
              "state": "passed",
              "speed": null,
              "pass": true,
              "fail": false,
              "pending": false,
              "context": null,
              "code": "",
              "err": {},
              "uuid": "d6b0fcc7-df0c-49d8-8157-d1a991c42af9",
              "parentUUID": "c281a9d7-ee91-4b72-a400-576e1892383a",
              "isHook": false,
              "skipped": false
            },
            {
              "title": "should be defined",
              "fullTitle": "ArchetypeService > should be defined",
              "timedOut": false,
              "duration": 14,
              "state": "passed",
              "speed": null,
              "pass": true,
              "fail": false,
              "pending": false,
              "context": null,
              "code": "",
              "err": {},
              "uuid": "d7dbd200-91f7-4fa7-8c44-9a0048236fc5",
              "parentUUID": "c281a9d7-ee91-4b72-a400-576e1892383a",
              "isHook": false,
              "skipped": false
            },
            {
              "title": "should be read package file",
              "fullTitle": "ArchetypeService > should be read package file",
              "timedOut": false,
              "duration": 5,
              "state": "passed",
              "speed": null,
              "pass": true,
              "fail": false,
              "pending": false,
              "context": null,
              "code": "",
              "err": {},
              "uuid": "8496dc08-5651-4986-a6fc-c9501bcf074f",
              "parentUUID": "c281a9d7-ee91-4b72-a400-576e1892383a",
              "isHook": false,
              "skipped": false
            },
            {
              "title": "should be return archetype version",
              "fullTitle": "ArchetypeService > should be return archetype version",
              "timedOut": false,
              "duration": 4,
              "state": "passed",
              "speed": null,
              "pass": true,
              "fail": false,
              "pending": false,
              "context": null,
              "code": "",
              "err": {},
              "uuid": "227c30a8-a78b-439f-85c9-7fc7cadf05f8",
              "parentUUID": "c281a9d7-ee91-4b72-a400-576e1892383a",
              "isHook": false,
              "skipped": false
            },
            {
              "title": "should be return application info",
              "fullTitle": "ArchetypeService > should be return application info",
              "timedOut": false,
              "duration": 4,
              "state": "passed",
              "speed": null,
              "pass": true,
              "fail": false,
              "pending": false,
              "context": null,
              "code": "",
              "err": {},
              "uuid": "acc09673-823b-443b-acc5-80d7ff13e30e",
              "parentUUID": "c281a9d7-ee91-4b72-a400-576e1892383a",
              "isHook": false,
              "skipped": false
            },
            {
              "title": "should be return manifest",
              "fullTitle": "ArchetypeService > should be return manifest",
              "timedOut": false,
              "duration": 3,
              "state": "passed",
              "speed": null,
              "pass": true,
              "fail": false,
              "pending": false,
              "context": null,
              "code": "",
              "err": {},
              "uuid": "9eafbf17-e839-4e7a-b52c-213d5556f463",
              "parentUUID": "c281a9d7-ee91-4b72-a400-576e1892383a",
              "isHook": false,
              "skipped": false
            },
            {
              "title": "should be define",
              "fullTitle": "ArchetypeModule > should be define",
              "timedOut": false,
              "duration": 162,
              "state": "passed",
              "speed": null,
              "pass": true,
              "fail": false,
              "pending": false,
              "context": null,
              "code": "",
              "err": {},
              "uuid": "781f68c9-8033-4ef4-840c-ae9aac4b275c",
              "parentUUID": "c281a9d7-ee91-4b72-a400-576e1892383a",
              "isHook": false,
              "skipped": false
            },
            {
              "title": "should be defined",
              "fullTitle": "ArchetypeController > should be defined",
              "timedOut": false,
              "duration": 14,
              "state": "passed",
              "speed": null,
              "pass": true,
              "fail": false,
              "pending": false,
              "context": null,
              "code": "",
              "err": {},
              "uuid": "976c4b15-98a9-4647-bbff-07f23eca9e1b",
              "parentUUID": "c281a9d7-ee91-4b72-a400-576e1892383a",
              "isHook": false,
              "skipped": false
            },
            {
              "title": "should be return manifest json",
              "fullTitle": "ArchetypeController > should be return manifest json",
              "timedOut": false,
              "duration": 9,
              "state": "passed",
              "speed": null,
              "pass": true,
              "fail": false,
              "pending": false,
              "context": null,
              "code": "",
              "err": {},
              "uuid": "61a3f066-891e-4451-b573-bad51c43aefa",
              "parentUUID": "c281a9d7-ee91-4b72-a400-576e1892383a",
              "isHook": false,
              "skipped": false
            }
          ],
          "suites": [],
          "passes": [
            "d6b0fcc7-df0c-49d8-8157-d1a991c42af9",
            "d7dbd200-91f7-4fa7-8c44-9a0048236fc5",
            "8496dc08-5651-4986-a6fc-c9501bcf074f",
            "227c30a8-a78b-439f-85c9-7fc7cadf05f8",
            "acc09673-823b-443b-acc5-80d7ff13e30e",
            "9eafbf17-e839-4e7a-b52c-213d5556f463",
            "781f68c9-8033-4ef4-840c-ae9aac4b275c",
            "976c4b15-98a9-4647-bbff-07f23eca9e1b",
            "61a3f066-891e-4451-b573-bad51c43aefa"
          ],
          "failures": [],
          "pending": [],
          "skipped": [],
          "duration": 217,
          "root": false,
          "rootEmpty": false,
          "_timeout": 5000
        }
      ],
      "passes": [],
      "failures": [],
      "pending": [],
      "skipped": [],
      "duration": 0,
      "root": true,
      "rootEmpty": true,
      "_timeout": 5000
    }
  ]
}
