{
  "stats": {
    "suites": 2,
    "tests": 16,
    "passes": 16,
    "pending": 0,
    "failures": 0,
    "testsRegistered": 16,
    "passPercent": 100,
    "pendingPercent": 0,
    "other": 0,
    "hasOther": false,
    "skipped": 0,
    "hasSkipped": false,
    "start": "2023-05-05T13:18:04.068Z",
    "end": "2023-05-05T13:18:07.533Z",
    "duration": 3465
  },
  "results": [
    {
      "uuid": "e0063c2a-85cb-4b0a-907c-14dcde957be3",
      "title": "@tresdoce-nestjs-toolkit/redis",
      "fullFile": "",
      "file": "",
      "beforeHooks": [],
      "afterHooks": [],
      "tests": [],
      "suites": [
        {
          "uuid": "f91a5298-822f-4969-b8a3-08efa9095d2a",
          "title": "@tresdoce-nestjs-toolkit/redis",
          "fullFile": "",
          "file": "",
          "beforeHooks": [],
          "afterHooks": [],
          "tests": [
            {
              "fullTitle": "RedisService > should be defined",
              "title": "RedisService > should be defined",
              "timedOut": false,
              "duration": 192,
              "state": "passed",
              "speed": "medium",
              "pass": true,
              "fail": false,
              "pending": false,
              "context": null,
              "code": "import { INestApplication } from '@nestjs/common';\nimport { Test, TestingModule } from '@nestjs/testing';\nimport { delay, tcName, TCRedisOptions, testContainers } from '@tresdoce-nestjs-toolkit/test-utils';\nimport { RedisModule } from '../redis/redis.module';\nimport { RedisService } from '../redis/services/redis.service';\n\ndescribe('RedisService', () => {\n  let app: INestApplication;\n  let container: testContainers;\n  let service: RedisService;\n\n  beforeAll(async () => {\n    container = await new testContainers('redis:6.2-alpine', {\n      ...TCRedisOptions,\n      command: ['redis-server', '--appendonly', 'yes', '--requirepass', '123456'],\n      containerName: `${tcName}-redis-service`,\n    });\n    await container.start();\n  });\n\n  afterAll(async () => {\n    await container.stop({ removeVolumes: true });\n  });\n\n  beforeEach(async () => {\n    const module: TestingModule = await Test.createTestingModule({\n      imports: [\n        RedisModule.register({\n          name: 'test-redis-module',\n          username: encodeURIComponent('default'),\n          password: encodeURIComponent('123456'),\n          host: global.hostContainer,\n          port: parseInt('6379', 10),\n        }),\n      ],\n      providers: [RedisService],\n    }).compile();\n\n    app = module.createNestApplication();\n    service = module.get(RedisService);\n    await app.init();\n  });\n\n  afterEach(async () => {\n    await app.close();\n  });\n\n  it('should be defined', async () => {\n    await expect(app).toBeDefined();\n  }, 50000);\n\n  it('should be return echo', async () => {\n    const msg = 'hello world';\n    expect(await service.echo(msg)).toEqual(msg);\n  });\n\n  it('should be return false if key dont exist in redis', async () => {\n    expect(await service.exists('myKey')).toBeFalsy();\n  });\n\n  it('should be return OK when set value in redis', async () => {\n    expect(await service.set('myKey', 'hello world')).toEqual('OK');\n  });\n\n  it('should be return value of key', async () => {\n    expect(await service.get('myKey')).toEqual('hello world');\n  });\n\n  it('should be return true if key exist in redis', async () => {\n    expect(await service.exists('myKey')).toBeTruthy();\n  });\n\n  it('should be set value in redis with expiration date', async () => {\n    expect(await service.set('myKeyEx', 'hello world', 2)).toEqual('OK');\n    expect(await service.exists('myKeyEx')).toBeTruthy();\n    await delay(3000);\n    expect(await service.exists('myKeyEx')).toBeFalsy();\n  });\n\n  it('should be return true when copy key', async () => {\n    expect(await service.copy('myKey', 'copyKey')).toBeTruthy();\n  });\n\n  it('should be return false when copy key', async () => {\n    expect(await service.copy('myKey2', 'copyKey')).toBeFalsy();\n  });\n\n  it('should be rename a key', async () => {\n    expect(await service.rename('copyKey', 'newKey')).toEqual('OK');\n  });\n\n  it('should be return false when delete a key', async () => {\n    expect(await service.del('testKey')).toBeFalsy();\n  });\n\n  it('should be return true when delete a key', async () => {\n    expect(await service.del('newKey')).toBeTruthy();\n  });\n\n  it('should be flush all', async () => {\n    expect(await service.flushAll()).toEqual('OK');\n    expect(await service.get('myKey')).toBeNull();\n  });\n});\n",
              "err": {},
              "uuid": "736d0be0-4533-47b2-90b9-c64749567884",
              "parentUUID": "f91a5298-822f-4969-b8a3-08efa9095d2a",
              "isHook": false,
              "skipped": false
            },
            {
              "fullTitle": "RedisService > should be return echo",
              "title": "RedisService > should be return echo",
              "timedOut": false,
              "duration": 14,
              "state": "passed",
              "speed": "fast",
              "pass": true,
              "fail": false,
              "pending": false,
              "context": null,
              "code": "import { INestApplication } from '@nestjs/common';\nimport { Test, TestingModule } from '@nestjs/testing';\nimport { delay, tcName, TCRedisOptions, testContainers } from '@tresdoce-nestjs-toolkit/test-utils';\nimport { RedisModule } from '../redis/redis.module';\nimport { RedisService } from '../redis/services/redis.service';\n\ndescribe('RedisService', () => {\n  let app: INestApplication;\n  let container: testContainers;\n  let service: RedisService;\n\n  beforeAll(async () => {\n    container = await new testContainers('redis:6.2-alpine', {\n      ...TCRedisOptions,\n      command: ['redis-server', '--appendonly', 'yes', '--requirepass', '123456'],\n      containerName: `${tcName}-redis-service`,\n    });\n    await container.start();\n  });\n\n  afterAll(async () => {\n    await container.stop({ removeVolumes: true });\n  });\n\n  beforeEach(async () => {\n    const module: TestingModule = await Test.createTestingModule({\n      imports: [\n        RedisModule.register({\n          name: 'test-redis-module',\n          username: encodeURIComponent('default'),\n          password: encodeURIComponent('123456'),\n          host: global.hostContainer,\n          port: parseInt('6379', 10),\n        }),\n      ],\n      providers: [RedisService],\n    }).compile();\n\n    app = module.createNestApplication();\n    service = module.get(RedisService);\n    await app.init();\n  });\n\n  afterEach(async () => {\n    await app.close();\n  });\n\n  it('should be defined', async () => {\n    await expect(app).toBeDefined();\n  }, 50000);\n\n  it('should be return echo', async () => {\n    const msg = 'hello world';\n    expect(await service.echo(msg)).toEqual(msg);\n  });\n\n  it('should be return false if key dont exist in redis', async () => {\n    expect(await service.exists('myKey')).toBeFalsy();\n  });\n\n  it('should be return OK when set value in redis', async () => {\n    expect(await service.set('myKey', 'hello world')).toEqual('OK');\n  });\n\n  it('should be return value of key', async () => {\n    expect(await service.get('myKey')).toEqual('hello world');\n  });\n\n  it('should be return true if key exist in redis', async () => {\n    expect(await service.exists('myKey')).toBeTruthy();\n  });\n\n  it('should be set value in redis with expiration date', async () => {\n    expect(await service.set('myKeyEx', 'hello world', 2)).toEqual('OK');\n    expect(await service.exists('myKeyEx')).toBeTruthy();\n    await delay(3000);\n    expect(await service.exists('myKeyEx')).toBeFalsy();\n  });\n\n  it('should be return true when copy key', async () => {\n    expect(await service.copy('myKey', 'copyKey')).toBeTruthy();\n  });\n\n  it('should be return false when copy key', async () => {\n    expect(await service.copy('myKey2', 'copyKey')).toBeFalsy();\n  });\n\n  it('should be rename a key', async () => {\n    expect(await service.rename('copyKey', 'newKey')).toEqual('OK');\n  });\n\n  it('should be return false when delete a key', async () => {\n    expect(await service.del('testKey')).toBeFalsy();\n  });\n\n  it('should be return true when delete a key', async () => {\n    expect(await service.del('newKey')).toBeTruthy();\n  });\n\n  it('should be flush all', async () => {\n    expect(await service.flushAll()).toEqual('OK');\n    expect(await service.get('myKey')).toBeNull();\n  });\n});\n",
              "err": {},
              "uuid": "7dfeb273-b8bb-441d-a8f9-7389891ca300",
              "parentUUID": "f91a5298-822f-4969-b8a3-08efa9095d2a",
              "isHook": false,
              "skipped": false
            },
            {
              "fullTitle": "RedisService > should be return false if key dont exist in redis",
              "title": "RedisService > should be return false if key dont exist in redis",
              "timedOut": false,
              "duration": 10,
              "state": "passed",
              "speed": "fast",
              "pass": true,
              "fail": false,
              "pending": false,
              "context": null,
              "code": "import { INestApplication } from '@nestjs/common';\nimport { Test, TestingModule } from '@nestjs/testing';\nimport { delay, tcName, TCRedisOptions, testContainers } from '@tresdoce-nestjs-toolkit/test-utils';\nimport { RedisModule } from '../redis/redis.module';\nimport { RedisService } from '../redis/services/redis.service';\n\ndescribe('RedisService', () => {\n  let app: INestApplication;\n  let container: testContainers;\n  let service: RedisService;\n\n  beforeAll(async () => {\n    container = await new testContainers('redis:6.2-alpine', {\n      ...TCRedisOptions,\n      command: ['redis-server', '--appendonly', 'yes', '--requirepass', '123456'],\n      containerName: `${tcName}-redis-service`,\n    });\n    await container.start();\n  });\n\n  afterAll(async () => {\n    await container.stop({ removeVolumes: true });\n  });\n\n  beforeEach(async () => {\n    const module: TestingModule = await Test.createTestingModule({\n      imports: [\n        RedisModule.register({\n          name: 'test-redis-module',\n          username: encodeURIComponent('default'),\n          password: encodeURIComponent('123456'),\n          host: global.hostContainer,\n          port: parseInt('6379', 10),\n        }),\n      ],\n      providers: [RedisService],\n    }).compile();\n\n    app = module.createNestApplication();\n    service = module.get(RedisService);\n    await app.init();\n  });\n\n  afterEach(async () => {\n    await app.close();\n  });\n\n  it('should be defined', async () => {\n    await expect(app).toBeDefined();\n  }, 50000);\n\n  it('should be return echo', async () => {\n    const msg = 'hello world';\n    expect(await service.echo(msg)).toEqual(msg);\n  });\n\n  it('should be return false if key dont exist in redis', async () => {\n    expect(await service.exists('myKey')).toBeFalsy();\n  });\n\n  it('should be return OK when set value in redis', async () => {\n    expect(await service.set('myKey', 'hello world')).toEqual('OK');\n  });\n\n  it('should be return value of key', async () => {\n    expect(await service.get('myKey')).toEqual('hello world');\n  });\n\n  it('should be return true if key exist in redis', async () => {\n    expect(await service.exists('myKey')).toBeTruthy();\n  });\n\n  it('should be set value in redis with expiration date', async () => {\n    expect(await service.set('myKeyEx', 'hello world', 2)).toEqual('OK');\n    expect(await service.exists('myKeyEx')).toBeTruthy();\n    await delay(3000);\n    expect(await service.exists('myKeyEx')).toBeFalsy();\n  });\n\n  it('should be return true when copy key', async () => {\n    expect(await service.copy('myKey', 'copyKey')).toBeTruthy();\n  });\n\n  it('should be return false when copy key', async () => {\n    expect(await service.copy('myKey2', 'copyKey')).toBeFalsy();\n  });\n\n  it('should be rename a key', async () => {\n    expect(await service.rename('copyKey', 'newKey')).toEqual('OK');\n  });\n\n  it('should be return false when delete a key', async () => {\n    expect(await service.del('testKey')).toBeFalsy();\n  });\n\n  it('should be return true when delete a key', async () => {\n    expect(await service.del('newKey')).toBeTruthy();\n  });\n\n  it('should be flush all', async () => {\n    expect(await service.flushAll()).toEqual('OK');\n    expect(await service.get('myKey')).toBeNull();\n  });\n});\n",
              "err": {},
              "uuid": "e7e0d3aa-fcfa-4d5b-af7f-c5fb96f66cec",
              "parentUUID": "f91a5298-822f-4969-b8a3-08efa9095d2a",
              "isHook": false,
              "skipped": false
            },
            {
              "fullTitle": "RedisService > should be return OK when set value in redis",
              "title": "RedisService > should be return OK when set value in redis",
              "timedOut": false,
              "duration": 10,
              "state": "passed",
              "speed": "fast",
              "pass": true,
              "fail": false,
              "pending": false,
              "context": null,
              "code": "import { INestApplication } from '@nestjs/common';\nimport { Test, TestingModule } from '@nestjs/testing';\nimport { delay, tcName, TCRedisOptions, testContainers } from '@tresdoce-nestjs-toolkit/test-utils';\nimport { RedisModule } from '../redis/redis.module';\nimport { RedisService } from '../redis/services/redis.service';\n\ndescribe('RedisService', () => {\n  let app: INestApplication;\n  let container: testContainers;\n  let service: RedisService;\n\n  beforeAll(async () => {\n    container = await new testContainers('redis:6.2-alpine', {\n      ...TCRedisOptions,\n      command: ['redis-server', '--appendonly', 'yes', '--requirepass', '123456'],\n      containerName: `${tcName}-redis-service`,\n    });\n    await container.start();\n  });\n\n  afterAll(async () => {\n    await container.stop({ removeVolumes: true });\n  });\n\n  beforeEach(async () => {\n    const module: TestingModule = await Test.createTestingModule({\n      imports: [\n        RedisModule.register({\n          name: 'test-redis-module',\n          username: encodeURIComponent('default'),\n          password: encodeURIComponent('123456'),\n          host: global.hostContainer,\n          port: parseInt('6379', 10),\n        }),\n      ],\n      providers: [RedisService],\n    }).compile();\n\n    app = module.createNestApplication();\n    service = module.get(RedisService);\n    await app.init();\n  });\n\n  afterEach(async () => {\n    await app.close();\n  });\n\n  it('should be defined', async () => {\n    await expect(app).toBeDefined();\n  }, 50000);\n\n  it('should be return echo', async () => {\n    const msg = 'hello world';\n    expect(await service.echo(msg)).toEqual(msg);\n  });\n\n  it('should be return false if key dont exist in redis', async () => {\n    expect(await service.exists('myKey')).toBeFalsy();\n  });\n\n  it('should be return OK when set value in redis', async () => {\n    expect(await service.set('myKey', 'hello world')).toEqual('OK');\n  });\n\n  it('should be return value of key', async () => {\n    expect(await service.get('myKey')).toEqual('hello world');\n  });\n\n  it('should be return true if key exist in redis', async () => {\n    expect(await service.exists('myKey')).toBeTruthy();\n  });\n\n  it('should be set value in redis with expiration date', async () => {\n    expect(await service.set('myKeyEx', 'hello world', 2)).toEqual('OK');\n    expect(await service.exists('myKeyEx')).toBeTruthy();\n    await delay(3000);\n    expect(await service.exists('myKeyEx')).toBeFalsy();\n  });\n\n  it('should be return true when copy key', async () => {\n    expect(await service.copy('myKey', 'copyKey')).toBeTruthy();\n  });\n\n  it('should be return false when copy key', async () => {\n    expect(await service.copy('myKey2', 'copyKey')).toBeFalsy();\n  });\n\n  it('should be rename a key', async () => {\n    expect(await service.rename('copyKey', 'newKey')).toEqual('OK');\n  });\n\n  it('should be return false when delete a key', async () => {\n    expect(await service.del('testKey')).toBeFalsy();\n  });\n\n  it('should be return true when delete a key', async () => {\n    expect(await service.del('newKey')).toBeTruthy();\n  });\n\n  it('should be flush all', async () => {\n    expect(await service.flushAll()).toEqual('OK');\n    expect(await service.get('myKey')).toBeNull();\n  });\n});\n",
              "err": {},
              "uuid": "4eee2f73-b926-4739-8acb-453823c0ede6",
              "parentUUID": "f91a5298-822f-4969-b8a3-08efa9095d2a",
              "isHook": false,
              "skipped": false
            },
            {
              "fullTitle": "RedisService > should be return value of key",
              "title": "RedisService > should be return value of key",
              "timedOut": false,
              "duration": 12,
              "state": "passed",
              "speed": "fast",
              "pass": true,
              "fail": false,
              "pending": false,
              "context": null,
              "code": "import { INestApplication } from '@nestjs/common';\nimport { Test, TestingModule } from '@nestjs/testing';\nimport { delay, tcName, TCRedisOptions, testContainers } from '@tresdoce-nestjs-toolkit/test-utils';\nimport { RedisModule } from '../redis/redis.module';\nimport { RedisService } from '../redis/services/redis.service';\n\ndescribe('RedisService', () => {\n  let app: INestApplication;\n  let container: testContainers;\n  let service: RedisService;\n\n  beforeAll(async () => {\n    container = await new testContainers('redis:6.2-alpine', {\n      ...TCRedisOptions,\n      command: ['redis-server', '--appendonly', 'yes', '--requirepass', '123456'],\n      containerName: `${tcName}-redis-service`,\n    });\n    await container.start();\n  });\n\n  afterAll(async () => {\n    await container.stop({ removeVolumes: true });\n  });\n\n  beforeEach(async () => {\n    const module: TestingModule = await Test.createTestingModule({\n      imports: [\n        RedisModule.register({\n          name: 'test-redis-module',\n          username: encodeURIComponent('default'),\n          password: encodeURIComponent('123456'),\n          host: global.hostContainer,\n          port: parseInt('6379', 10),\n        }),\n      ],\n      providers: [RedisService],\n    }).compile();\n\n    app = module.createNestApplication();\n    service = module.get(RedisService);\n    await app.init();\n  });\n\n  afterEach(async () => {\n    await app.close();\n  });\n\n  it('should be defined', async () => {\n    await expect(app).toBeDefined();\n  }, 50000);\n\n  it('should be return echo', async () => {\n    const msg = 'hello world';\n    expect(await service.echo(msg)).toEqual(msg);\n  });\n\n  it('should be return false if key dont exist in redis', async () => {\n    expect(await service.exists('myKey')).toBeFalsy();\n  });\n\n  it('should be return OK when set value in redis', async () => {\n    expect(await service.set('myKey', 'hello world')).toEqual('OK');\n  });\n\n  it('should be return value of key', async () => {\n    expect(await service.get('myKey')).toEqual('hello world');\n  });\n\n  it('should be return true if key exist in redis', async () => {\n    expect(await service.exists('myKey')).toBeTruthy();\n  });\n\n  it('should be set value in redis with expiration date', async () => {\n    expect(await service.set('myKeyEx', 'hello world', 2)).toEqual('OK');\n    expect(await service.exists('myKeyEx')).toBeTruthy();\n    await delay(3000);\n    expect(await service.exists('myKeyEx')).toBeFalsy();\n  });\n\n  it('should be return true when copy key', async () => {\n    expect(await service.copy('myKey', 'copyKey')).toBeTruthy();\n  });\n\n  it('should be return false when copy key', async () => {\n    expect(await service.copy('myKey2', 'copyKey')).toBeFalsy();\n  });\n\n  it('should be rename a key', async () => {\n    expect(await service.rename('copyKey', 'newKey')).toEqual('OK');\n  });\n\n  it('should be return false when delete a key', async () => {\n    expect(await service.del('testKey')).toBeFalsy();\n  });\n\n  it('should be return true when delete a key', async () => {\n    expect(await service.del('newKey')).toBeTruthy();\n  });\n\n  it('should be flush all', async () => {\n    expect(await service.flushAll()).toEqual('OK');\n    expect(await service.get('myKey')).toBeNull();\n  });\n});\n",
              "err": {},
              "uuid": "4896a766-6c8b-43b1-81df-9cc32fe7ea8a",
              "parentUUID": "f91a5298-822f-4969-b8a3-08efa9095d2a",
              "isHook": false,
              "skipped": false
            },
            {
              "fullTitle": "RedisService > should be return true if key exist in redis",
              "title": "RedisService > should be return true if key exist in redis",
              "timedOut": false,
              "duration": 11,
              "state": "passed",
              "speed": "fast",
              "pass": true,
              "fail": false,
              "pending": false,
              "context": null,
              "code": "import { INestApplication } from '@nestjs/common';\nimport { Test, TestingModule } from '@nestjs/testing';\nimport { delay, tcName, TCRedisOptions, testContainers } from '@tresdoce-nestjs-toolkit/test-utils';\nimport { RedisModule } from '../redis/redis.module';\nimport { RedisService } from '../redis/services/redis.service';\n\ndescribe('RedisService', () => {\n  let app: INestApplication;\n  let container: testContainers;\n  let service: RedisService;\n\n  beforeAll(async () => {\n    container = await new testContainers('redis:6.2-alpine', {\n      ...TCRedisOptions,\n      command: ['redis-server', '--appendonly', 'yes', '--requirepass', '123456'],\n      containerName: `${tcName}-redis-service`,\n    });\n    await container.start();\n  });\n\n  afterAll(async () => {\n    await container.stop({ removeVolumes: true });\n  });\n\n  beforeEach(async () => {\n    const module: TestingModule = await Test.createTestingModule({\n      imports: [\n        RedisModule.register({\n          name: 'test-redis-module',\n          username: encodeURIComponent('default'),\n          password: encodeURIComponent('123456'),\n          host: global.hostContainer,\n          port: parseInt('6379', 10),\n        }),\n      ],\n      providers: [RedisService],\n    }).compile();\n\n    app = module.createNestApplication();\n    service = module.get(RedisService);\n    await app.init();\n  });\n\n  afterEach(async () => {\n    await app.close();\n  });\n\n  it('should be defined', async () => {\n    await expect(app).toBeDefined();\n  }, 50000);\n\n  it('should be return echo', async () => {\n    const msg = 'hello world';\n    expect(await service.echo(msg)).toEqual(msg);\n  });\n\n  it('should be return false if key dont exist in redis', async () => {\n    expect(await service.exists('myKey')).toBeFalsy();\n  });\n\n  it('should be return OK when set value in redis', async () => {\n    expect(await service.set('myKey', 'hello world')).toEqual('OK');\n  });\n\n  it('should be return value of key', async () => {\n    expect(await service.get('myKey')).toEqual('hello world');\n  });\n\n  it('should be return true if key exist in redis', async () => {\n    expect(await service.exists('myKey')).toBeTruthy();\n  });\n\n  it('should be set value in redis with expiration date', async () => {\n    expect(await service.set('myKeyEx', 'hello world', 2)).toEqual('OK');\n    expect(await service.exists('myKeyEx')).toBeTruthy();\n    await delay(3000);\n    expect(await service.exists('myKeyEx')).toBeFalsy();\n  });\n\n  it('should be return true when copy key', async () => {\n    expect(await service.copy('myKey', 'copyKey')).toBeTruthy();\n  });\n\n  it('should be return false when copy key', async () => {\n    expect(await service.copy('myKey2', 'copyKey')).toBeFalsy();\n  });\n\n  it('should be rename a key', async () => {\n    expect(await service.rename('copyKey', 'newKey')).toEqual('OK');\n  });\n\n  it('should be return false when delete a key', async () => {\n    expect(await service.del('testKey')).toBeFalsy();\n  });\n\n  it('should be return true when delete a key', async () => {\n    expect(await service.del('newKey')).toBeTruthy();\n  });\n\n  it('should be flush all', async () => {\n    expect(await service.flushAll()).toEqual('OK');\n    expect(await service.get('myKey')).toBeNull();\n  });\n});\n",
              "err": {},
              "uuid": "61e780a8-1d7d-473d-ad3e-9ee5d5a69a81",
              "parentUUID": "f91a5298-822f-4969-b8a3-08efa9095d2a",
              "isHook": false,
              "skipped": false
            },
            {
              "fullTitle": "RedisService > should be set value in redis with expiration date",
              "title": "RedisService > should be set value in redis with expiration date",
              "timedOut": false,
              "duration": 3012,
              "state": "passed",
              "speed": "slow",
              "pass": true,
              "fail": false,
              "pending": false,
              "context": null,
              "code": "import { INestApplication } from '@nestjs/common';\nimport { Test, TestingModule } from '@nestjs/testing';\nimport { delay, tcName, TCRedisOptions, testContainers } from '@tresdoce-nestjs-toolkit/test-utils';\nimport { RedisModule } from '../redis/redis.module';\nimport { RedisService } from '../redis/services/redis.service';\n\ndescribe('RedisService', () => {\n  let app: INestApplication;\n  let container: testContainers;\n  let service: RedisService;\n\n  beforeAll(async () => {\n    container = await new testContainers('redis:6.2-alpine', {\n      ...TCRedisOptions,\n      command: ['redis-server', '--appendonly', 'yes', '--requirepass', '123456'],\n      containerName: `${tcName}-redis-service`,\n    });\n    await container.start();\n  });\n\n  afterAll(async () => {\n    await container.stop({ removeVolumes: true });\n  });\n\n  beforeEach(async () => {\n    const module: TestingModule = await Test.createTestingModule({\n      imports: [\n        RedisModule.register({\n          name: 'test-redis-module',\n          username: encodeURIComponent('default'),\n          password: encodeURIComponent('123456'),\n          host: global.hostContainer,\n          port: parseInt('6379', 10),\n        }),\n      ],\n      providers: [RedisService],\n    }).compile();\n\n    app = module.createNestApplication();\n    service = module.get(RedisService);\n    await app.init();\n  });\n\n  afterEach(async () => {\n    await app.close();\n  });\n\n  it('should be defined', async () => {\n    await expect(app).toBeDefined();\n  }, 50000);\n\n  it('should be return echo', async () => {\n    const msg = 'hello world';\n    expect(await service.echo(msg)).toEqual(msg);\n  });\n\n  it('should be return false if key dont exist in redis', async () => {\n    expect(await service.exists('myKey')).toBeFalsy();\n  });\n\n  it('should be return OK when set value in redis', async () => {\n    expect(await service.set('myKey', 'hello world')).toEqual('OK');\n  });\n\n  it('should be return value of key', async () => {\n    expect(await service.get('myKey')).toEqual('hello world');\n  });\n\n  it('should be return true if key exist in redis', async () => {\n    expect(await service.exists('myKey')).toBeTruthy();\n  });\n\n  it('should be set value in redis with expiration date', async () => {\n    expect(await service.set('myKeyEx', 'hello world', 2)).toEqual('OK');\n    expect(await service.exists('myKeyEx')).toBeTruthy();\n    await delay(3000);\n    expect(await service.exists('myKeyEx')).toBeFalsy();\n  });\n\n  it('should be return true when copy key', async () => {\n    expect(await service.copy('myKey', 'copyKey')).toBeTruthy();\n  });\n\n  it('should be return false when copy key', async () => {\n    expect(await service.copy('myKey2', 'copyKey')).toBeFalsy();\n  });\n\n  it('should be rename a key', async () => {\n    expect(await service.rename('copyKey', 'newKey')).toEqual('OK');\n  });\n\n  it('should be return false when delete a key', async () => {\n    expect(await service.del('testKey')).toBeFalsy();\n  });\n\n  it('should be return true when delete a key', async () => {\n    expect(await service.del('newKey')).toBeTruthy();\n  });\n\n  it('should be flush all', async () => {\n    expect(await service.flushAll()).toEqual('OK');\n    expect(await service.get('myKey')).toBeNull();\n  });\n});\n",
              "err": {},
              "uuid": "8f59a20c-61a4-4ac2-bd92-0b6b28b2abf0",
              "parentUUID": "f91a5298-822f-4969-b8a3-08efa9095d2a",
              "isHook": false,
              "skipped": false
            },
            {
              "fullTitle": "RedisService > should be return true when copy key",
              "title": "RedisService > should be return true when copy key",
              "timedOut": false,
              "duration": 10,
              "state": "passed",
              "speed": "fast",
              "pass": true,
              "fail": false,
              "pending": false,
              "context": null,
              "code": "import { INestApplication } from '@nestjs/common';\nimport { Test, TestingModule } from '@nestjs/testing';\nimport { delay, tcName, TCRedisOptions, testContainers } from '@tresdoce-nestjs-toolkit/test-utils';\nimport { RedisModule } from '../redis/redis.module';\nimport { RedisService } from '../redis/services/redis.service';\n\ndescribe('RedisService', () => {\n  let app: INestApplication;\n  let container: testContainers;\n  let service: RedisService;\n\n  beforeAll(async () => {\n    container = await new testContainers('redis:6.2-alpine', {\n      ...TCRedisOptions,\n      command: ['redis-server', '--appendonly', 'yes', '--requirepass', '123456'],\n      containerName: `${tcName}-redis-service`,\n    });\n    await container.start();\n  });\n\n  afterAll(async () => {\n    await container.stop({ removeVolumes: true });\n  });\n\n  beforeEach(async () => {\n    const module: TestingModule = await Test.createTestingModule({\n      imports: [\n        RedisModule.register({\n          name: 'test-redis-module',\n          username: encodeURIComponent('default'),\n          password: encodeURIComponent('123456'),\n          host: global.hostContainer,\n          port: parseInt('6379', 10),\n        }),\n      ],\n      providers: [RedisService],\n    }).compile();\n\n    app = module.createNestApplication();\n    service = module.get(RedisService);\n    await app.init();\n  });\n\n  afterEach(async () => {\n    await app.close();\n  });\n\n  it('should be defined', async () => {\n    await expect(app).toBeDefined();\n  }, 50000);\n\n  it('should be return echo', async () => {\n    const msg = 'hello world';\n    expect(await service.echo(msg)).toEqual(msg);\n  });\n\n  it('should be return false if key dont exist in redis', async () => {\n    expect(await service.exists('myKey')).toBeFalsy();\n  });\n\n  it('should be return OK when set value in redis', async () => {\n    expect(await service.set('myKey', 'hello world')).toEqual('OK');\n  });\n\n  it('should be return value of key', async () => {\n    expect(await service.get('myKey')).toEqual('hello world');\n  });\n\n  it('should be return true if key exist in redis', async () => {\n    expect(await service.exists('myKey')).toBeTruthy();\n  });\n\n  it('should be set value in redis with expiration date', async () => {\n    expect(await service.set('myKeyEx', 'hello world', 2)).toEqual('OK');\n    expect(await service.exists('myKeyEx')).toBeTruthy();\n    await delay(3000);\n    expect(await service.exists('myKeyEx')).toBeFalsy();\n  });\n\n  it('should be return true when copy key', async () => {\n    expect(await service.copy('myKey', 'copyKey')).toBeTruthy();\n  });\n\n  it('should be return false when copy key', async () => {\n    expect(await service.copy('myKey2', 'copyKey')).toBeFalsy();\n  });\n\n  it('should be rename a key', async () => {\n    expect(await service.rename('copyKey', 'newKey')).toEqual('OK');\n  });\n\n  it('should be return false when delete a key', async () => {\n    expect(await service.del('testKey')).toBeFalsy();\n  });\n\n  it('should be return true when delete a key', async () => {\n    expect(await service.del('newKey')).toBeTruthy();\n  });\n\n  it('should be flush all', async () => {\n    expect(await service.flushAll()).toEqual('OK');\n    expect(await service.get('myKey')).toBeNull();\n  });\n});\n",
              "err": {},
              "uuid": "2939e4b3-ffa7-4536-89ee-52cdfec2d7ea",
              "parentUUID": "f91a5298-822f-4969-b8a3-08efa9095d2a",
              "isHook": false,
              "skipped": false
            },
            {
              "fullTitle": "RedisService > should be return false when copy key",
              "title": "RedisService > should be return false when copy key",
              "timedOut": false,
              "duration": 14,
              "state": "passed",
              "speed": "fast",
              "pass": true,
              "fail": false,
              "pending": false,
              "context": null,
              "code": "import { INestApplication } from '@nestjs/common';\nimport { Test, TestingModule } from '@nestjs/testing';\nimport { delay, tcName, TCRedisOptions, testContainers } from '@tresdoce-nestjs-toolkit/test-utils';\nimport { RedisModule } from '../redis/redis.module';\nimport { RedisService } from '../redis/services/redis.service';\n\ndescribe('RedisService', () => {\n  let app: INestApplication;\n  let container: testContainers;\n  let service: RedisService;\n\n  beforeAll(async () => {\n    container = await new testContainers('redis:6.2-alpine', {\n      ...TCRedisOptions,\n      command: ['redis-server', '--appendonly', 'yes', '--requirepass', '123456'],\n      containerName: `${tcName}-redis-service`,\n    });\n    await container.start();\n  });\n\n  afterAll(async () => {\n    await container.stop({ removeVolumes: true });\n  });\n\n  beforeEach(async () => {\n    const module: TestingModule = await Test.createTestingModule({\n      imports: [\n        RedisModule.register({\n          name: 'test-redis-module',\n          username: encodeURIComponent('default'),\n          password: encodeURIComponent('123456'),\n          host: global.hostContainer,\n          port: parseInt('6379', 10),\n        }),\n      ],\n      providers: [RedisService],\n    }).compile();\n\n    app = module.createNestApplication();\n    service = module.get(RedisService);\n    await app.init();\n  });\n\n  afterEach(async () => {\n    await app.close();\n  });\n\n  it('should be defined', async () => {\n    await expect(app).toBeDefined();\n  }, 50000);\n\n  it('should be return echo', async () => {\n    const msg = 'hello world';\n    expect(await service.echo(msg)).toEqual(msg);\n  });\n\n  it('should be return false if key dont exist in redis', async () => {\n    expect(await service.exists('myKey')).toBeFalsy();\n  });\n\n  it('should be return OK when set value in redis', async () => {\n    expect(await service.set('myKey', 'hello world')).toEqual('OK');\n  });\n\n  it('should be return value of key', async () => {\n    expect(await service.get('myKey')).toEqual('hello world');\n  });\n\n  it('should be return true if key exist in redis', async () => {\n    expect(await service.exists('myKey')).toBeTruthy();\n  });\n\n  it('should be set value in redis with expiration date', async () => {\n    expect(await service.set('myKeyEx', 'hello world', 2)).toEqual('OK');\n    expect(await service.exists('myKeyEx')).toBeTruthy();\n    await delay(3000);\n    expect(await service.exists('myKeyEx')).toBeFalsy();\n  });\n\n  it('should be return true when copy key', async () => {\n    expect(await service.copy('myKey', 'copyKey')).toBeTruthy();\n  });\n\n  it('should be return false when copy key', async () => {\n    expect(await service.copy('myKey2', 'copyKey')).toBeFalsy();\n  });\n\n  it('should be rename a key', async () => {\n    expect(await service.rename('copyKey', 'newKey')).toEqual('OK');\n  });\n\n  it('should be return false when delete a key', async () => {\n    expect(await service.del('testKey')).toBeFalsy();\n  });\n\n  it('should be return true when delete a key', async () => {\n    expect(await service.del('newKey')).toBeTruthy();\n  });\n\n  it('should be flush all', async () => {\n    expect(await service.flushAll()).toEqual('OK');\n    expect(await service.get('myKey')).toBeNull();\n  });\n});\n",
              "err": {},
              "uuid": "7b30220a-9d35-4f08-ba46-c9e6be550f43",
              "parentUUID": "f91a5298-822f-4969-b8a3-08efa9095d2a",
              "isHook": false,
              "skipped": false
            },
            {
              "fullTitle": "RedisService > should be rename a key",
              "title": "RedisService > should be rename a key",
              "timedOut": false,
              "duration": 11,
              "state": "passed",
              "speed": "fast",
              "pass": true,
              "fail": false,
              "pending": false,
              "context": null,
              "code": "import { INestApplication } from '@nestjs/common';\nimport { Test, TestingModule } from '@nestjs/testing';\nimport { delay, tcName, TCRedisOptions, testContainers } from '@tresdoce-nestjs-toolkit/test-utils';\nimport { RedisModule } from '../redis/redis.module';\nimport { RedisService } from '../redis/services/redis.service';\n\ndescribe('RedisService', () => {\n  let app: INestApplication;\n  let container: testContainers;\n  let service: RedisService;\n\n  beforeAll(async () => {\n    container = await new testContainers('redis:6.2-alpine', {\n      ...TCRedisOptions,\n      command: ['redis-server', '--appendonly', 'yes', '--requirepass', '123456'],\n      containerName: `${tcName}-redis-service`,\n    });\n    await container.start();\n  });\n\n  afterAll(async () => {\n    await container.stop({ removeVolumes: true });\n  });\n\n  beforeEach(async () => {\n    const module: TestingModule = await Test.createTestingModule({\n      imports: [\n        RedisModule.register({\n          name: 'test-redis-module',\n          username: encodeURIComponent('default'),\n          password: encodeURIComponent('123456'),\n          host: global.hostContainer,\n          port: parseInt('6379', 10),\n        }),\n      ],\n      providers: [RedisService],\n    }).compile();\n\n    app = module.createNestApplication();\n    service = module.get(RedisService);\n    await app.init();\n  });\n\n  afterEach(async () => {\n    await app.close();\n  });\n\n  it('should be defined', async () => {\n    await expect(app).toBeDefined();\n  }, 50000);\n\n  it('should be return echo', async () => {\n    const msg = 'hello world';\n    expect(await service.echo(msg)).toEqual(msg);\n  });\n\n  it('should be return false if key dont exist in redis', async () => {\n    expect(await service.exists('myKey')).toBeFalsy();\n  });\n\n  it('should be return OK when set value in redis', async () => {\n    expect(await service.set('myKey', 'hello world')).toEqual('OK');\n  });\n\n  it('should be return value of key', async () => {\n    expect(await service.get('myKey')).toEqual('hello world');\n  });\n\n  it('should be return true if key exist in redis', async () => {\n    expect(await service.exists('myKey')).toBeTruthy();\n  });\n\n  it('should be set value in redis with expiration date', async () => {\n    expect(await service.set('myKeyEx', 'hello world', 2)).toEqual('OK');\n    expect(await service.exists('myKeyEx')).toBeTruthy();\n    await delay(3000);\n    expect(await service.exists('myKeyEx')).toBeFalsy();\n  });\n\n  it('should be return true when copy key', async () => {\n    expect(await service.copy('myKey', 'copyKey')).toBeTruthy();\n  });\n\n  it('should be return false when copy key', async () => {\n    expect(await service.copy('myKey2', 'copyKey')).toBeFalsy();\n  });\n\n  it('should be rename a key', async () => {\n    expect(await service.rename('copyKey', 'newKey')).toEqual('OK');\n  });\n\n  it('should be return false when delete a key', async () => {\n    expect(await service.del('testKey')).toBeFalsy();\n  });\n\n  it('should be return true when delete a key', async () => {\n    expect(await service.del('newKey')).toBeTruthy();\n  });\n\n  it('should be flush all', async () => {\n    expect(await service.flushAll()).toEqual('OK');\n    expect(await service.get('myKey')).toBeNull();\n  });\n});\n",
              "err": {},
              "uuid": "188a1188-caeb-4b59-8c4f-962cdac2e070",
              "parentUUID": "f91a5298-822f-4969-b8a3-08efa9095d2a",
              "isHook": false,
              "skipped": false
            },
            {
              "fullTitle": "RedisService > should be return false when delete a key",
              "title": "RedisService > should be return false when delete a key",
              "timedOut": false,
              "duration": 9,
              "state": "passed",
              "speed": "fast",
              "pass": true,
              "fail": false,
              "pending": false,
              "context": null,
              "code": "import { INestApplication } from '@nestjs/common';\nimport { Test, TestingModule } from '@nestjs/testing';\nimport { delay, tcName, TCRedisOptions, testContainers } from '@tresdoce-nestjs-toolkit/test-utils';\nimport { RedisModule } from '../redis/redis.module';\nimport { RedisService } from '../redis/services/redis.service';\n\ndescribe('RedisService', () => {\n  let app: INestApplication;\n  let container: testContainers;\n  let service: RedisService;\n\n  beforeAll(async () => {\n    container = await new testContainers('redis:6.2-alpine', {\n      ...TCRedisOptions,\n      command: ['redis-server', '--appendonly', 'yes', '--requirepass', '123456'],\n      containerName: `${tcName}-redis-service`,\n    });\n    await container.start();\n  });\n\n  afterAll(async () => {\n    await container.stop({ removeVolumes: true });\n  });\n\n  beforeEach(async () => {\n    const module: TestingModule = await Test.createTestingModule({\n      imports: [\n        RedisModule.register({\n          name: 'test-redis-module',\n          username: encodeURIComponent('default'),\n          password: encodeURIComponent('123456'),\n          host: global.hostContainer,\n          port: parseInt('6379', 10),\n        }),\n      ],\n      providers: [RedisService],\n    }).compile();\n\n    app = module.createNestApplication();\n    service = module.get(RedisService);\n    await app.init();\n  });\n\n  afterEach(async () => {\n    await app.close();\n  });\n\n  it('should be defined', async () => {\n    await expect(app).toBeDefined();\n  }, 50000);\n\n  it('should be return echo', async () => {\n    const msg = 'hello world';\n    expect(await service.echo(msg)).toEqual(msg);\n  });\n\n  it('should be return false if key dont exist in redis', async () => {\n    expect(await service.exists('myKey')).toBeFalsy();\n  });\n\n  it('should be return OK when set value in redis', async () => {\n    expect(await service.set('myKey', 'hello world')).toEqual('OK');\n  });\n\n  it('should be return value of key', async () => {\n    expect(await service.get('myKey')).toEqual('hello world');\n  });\n\n  it('should be return true if key exist in redis', async () => {\n    expect(await service.exists('myKey')).toBeTruthy();\n  });\n\n  it('should be set value in redis with expiration date', async () => {\n    expect(await service.set('myKeyEx', 'hello world', 2)).toEqual('OK');\n    expect(await service.exists('myKeyEx')).toBeTruthy();\n    await delay(3000);\n    expect(await service.exists('myKeyEx')).toBeFalsy();\n  });\n\n  it('should be return true when copy key', async () => {\n    expect(await service.copy('myKey', 'copyKey')).toBeTruthy();\n  });\n\n  it('should be return false when copy key', async () => {\n    expect(await service.copy('myKey2', 'copyKey')).toBeFalsy();\n  });\n\n  it('should be rename a key', async () => {\n    expect(await service.rename('copyKey', 'newKey')).toEqual('OK');\n  });\n\n  it('should be return false when delete a key', async () => {\n    expect(await service.del('testKey')).toBeFalsy();\n  });\n\n  it('should be return true when delete a key', async () => {\n    expect(await service.del('newKey')).toBeTruthy();\n  });\n\n  it('should be flush all', async () => {\n    expect(await service.flushAll()).toEqual('OK');\n    expect(await service.get('myKey')).toBeNull();\n  });\n});\n",
              "err": {},
              "uuid": "76ce8772-8a75-4b7b-87f3-cd755fb1b4bd",
              "parentUUID": "f91a5298-822f-4969-b8a3-08efa9095d2a",
              "isHook": false,
              "skipped": false
            },
            {
              "fullTitle": "RedisService > should be return true when delete a key",
              "title": "RedisService > should be return true when delete a key",
              "timedOut": false,
              "duration": 14,
              "state": "passed",
              "speed": "fast",
              "pass": true,
              "fail": false,
              "pending": false,
              "context": null,
              "code": "import { INestApplication } from '@nestjs/common';\nimport { Test, TestingModule } from '@nestjs/testing';\nimport { delay, tcName, TCRedisOptions, testContainers } from '@tresdoce-nestjs-toolkit/test-utils';\nimport { RedisModule } from '../redis/redis.module';\nimport { RedisService } from '../redis/services/redis.service';\n\ndescribe('RedisService', () => {\n  let app: INestApplication;\n  let container: testContainers;\n  let service: RedisService;\n\n  beforeAll(async () => {\n    container = await new testContainers('redis:6.2-alpine', {\n      ...TCRedisOptions,\n      command: ['redis-server', '--appendonly', 'yes', '--requirepass', '123456'],\n      containerName: `${tcName}-redis-service`,\n    });\n    await container.start();\n  });\n\n  afterAll(async () => {\n    await container.stop({ removeVolumes: true });\n  });\n\n  beforeEach(async () => {\n    const module: TestingModule = await Test.createTestingModule({\n      imports: [\n        RedisModule.register({\n          name: 'test-redis-module',\n          username: encodeURIComponent('default'),\n          password: encodeURIComponent('123456'),\n          host: global.hostContainer,\n          port: parseInt('6379', 10),\n        }),\n      ],\n      providers: [RedisService],\n    }).compile();\n\n    app = module.createNestApplication();\n    service = module.get(RedisService);\n    await app.init();\n  });\n\n  afterEach(async () => {\n    await app.close();\n  });\n\n  it('should be defined', async () => {\n    await expect(app).toBeDefined();\n  }, 50000);\n\n  it('should be return echo', async () => {\n    const msg = 'hello world';\n    expect(await service.echo(msg)).toEqual(msg);\n  });\n\n  it('should be return false if key dont exist in redis', async () => {\n    expect(await service.exists('myKey')).toBeFalsy();\n  });\n\n  it('should be return OK when set value in redis', async () => {\n    expect(await service.set('myKey', 'hello world')).toEqual('OK');\n  });\n\n  it('should be return value of key', async () => {\n    expect(await service.get('myKey')).toEqual('hello world');\n  });\n\n  it('should be return true if key exist in redis', async () => {\n    expect(await service.exists('myKey')).toBeTruthy();\n  });\n\n  it('should be set value in redis with expiration date', async () => {\n    expect(await service.set('myKeyEx', 'hello world', 2)).toEqual('OK');\n    expect(await service.exists('myKeyEx')).toBeTruthy();\n    await delay(3000);\n    expect(await service.exists('myKeyEx')).toBeFalsy();\n  });\n\n  it('should be return true when copy key', async () => {\n    expect(await service.copy('myKey', 'copyKey')).toBeTruthy();\n  });\n\n  it('should be return false when copy key', async () => {\n    expect(await service.copy('myKey2', 'copyKey')).toBeFalsy();\n  });\n\n  it('should be rename a key', async () => {\n    expect(await service.rename('copyKey', 'newKey')).toEqual('OK');\n  });\n\n  it('should be return false when delete a key', async () => {\n    expect(await service.del('testKey')).toBeFalsy();\n  });\n\n  it('should be return true when delete a key', async () => {\n    expect(await service.del('newKey')).toBeTruthy();\n  });\n\n  it('should be flush all', async () => {\n    expect(await service.flushAll()).toEqual('OK');\n    expect(await service.get('myKey')).toBeNull();\n  });\n});\n",
              "err": {},
              "uuid": "f891fddd-37e9-454f-82d1-b3415d67c742",
              "parentUUID": "f91a5298-822f-4969-b8a3-08efa9095d2a",
              "isHook": false,
              "skipped": false
            },
            {
              "fullTitle": "RedisService > should be flush all",
              "title": "RedisService > should be flush all",
              "timedOut": false,
              "duration": 14,
              "state": "passed",
              "speed": "fast",
              "pass": true,
              "fail": false,
              "pending": false,
              "context": null,
              "code": "import { INestApplication } from '@nestjs/common';\nimport { Test, TestingModule } from '@nestjs/testing';\nimport { delay, tcName, TCRedisOptions, testContainers } from '@tresdoce-nestjs-toolkit/test-utils';\nimport { RedisModule } from '../redis/redis.module';\nimport { RedisService } from '../redis/services/redis.service';\n\ndescribe('RedisService', () => {\n  let app: INestApplication;\n  let container: testContainers;\n  let service: RedisService;\n\n  beforeAll(async () => {\n    container = await new testContainers('redis:6.2-alpine', {\n      ...TCRedisOptions,\n      command: ['redis-server', '--appendonly', 'yes', '--requirepass', '123456'],\n      containerName: `${tcName}-redis-service`,\n    });\n    await container.start();\n  });\n\n  afterAll(async () => {\n    await container.stop({ removeVolumes: true });\n  });\n\n  beforeEach(async () => {\n    const module: TestingModule = await Test.createTestingModule({\n      imports: [\n        RedisModule.register({\n          name: 'test-redis-module',\n          username: encodeURIComponent('default'),\n          password: encodeURIComponent('123456'),\n          host: global.hostContainer,\n          port: parseInt('6379', 10),\n        }),\n      ],\n      providers: [RedisService],\n    }).compile();\n\n    app = module.createNestApplication();\n    service = module.get(RedisService);\n    await app.init();\n  });\n\n  afterEach(async () => {\n    await app.close();\n  });\n\n  it('should be defined', async () => {\n    await expect(app).toBeDefined();\n  }, 50000);\n\n  it('should be return echo', async () => {\n    const msg = 'hello world';\n    expect(await service.echo(msg)).toEqual(msg);\n  });\n\n  it('should be return false if key dont exist in redis', async () => {\n    expect(await service.exists('myKey')).toBeFalsy();\n  });\n\n  it('should be return OK when set value in redis', async () => {\n    expect(await service.set('myKey', 'hello world')).toEqual('OK');\n  });\n\n  it('should be return value of key', async () => {\n    expect(await service.get('myKey')).toEqual('hello world');\n  });\n\n  it('should be return true if key exist in redis', async () => {\n    expect(await service.exists('myKey')).toBeTruthy();\n  });\n\n  it('should be set value in redis with expiration date', async () => {\n    expect(await service.set('myKeyEx', 'hello world', 2)).toEqual('OK');\n    expect(await service.exists('myKeyEx')).toBeTruthy();\n    await delay(3000);\n    expect(await service.exists('myKeyEx')).toBeFalsy();\n  });\n\n  it('should be return true when copy key', async () => {\n    expect(await service.copy('myKey', 'copyKey')).toBeTruthy();\n  });\n\n  it('should be return false when copy key', async () => {\n    expect(await service.copy('myKey2', 'copyKey')).toBeFalsy();\n  });\n\n  it('should be rename a key', async () => {\n    expect(await service.rename('copyKey', 'newKey')).toEqual('OK');\n  });\n\n  it('should be return false when delete a key', async () => {\n    expect(await service.del('testKey')).toBeFalsy();\n  });\n\n  it('should be return true when delete a key', async () => {\n    expect(await service.del('newKey')).toBeTruthy();\n  });\n\n  it('should be flush all', async () => {\n    expect(await service.flushAll()).toEqual('OK');\n    expect(await service.get('myKey')).toBeNull();\n  });\n});\n",
              "err": {},
              "uuid": "a2ef4bba-8989-44ed-9590-8114f74e4552",
              "parentUUID": "f91a5298-822f-4969-b8a3-08efa9095d2a",
              "isHook": false,
              "skipped": false
            },
            {
              "fullTitle": "RedisModule > with auth > forRootAsync > should be defined",
              "title": "RedisModule > with auth > forRootAsync > should be defined",
              "timedOut": false,
              "duration": 109,
              "state": "passed",
              "speed": "medium",
              "pass": true,
              "fail": false,
              "pending": false,
              "context": null,
              "code": "import { INestApplication } from '@nestjs/common';\nimport { Test, TestingModule } from '@nestjs/testing';\nimport { ConfigModule } from '@nestjs/config';\nimport { tcName, TCRedisOptions, testContainers } from '@tresdoce-nestjs-toolkit/test-utils';\n\nimport { RedisModule } from '../redis/redis.module';\nimport { config } from './utils';\n\njest.setTimeout(70000);\ndescribe('RedisModule', () => {\n  describe('with auth', () => {\n    let app: INestApplication;\n    let container: testContainers;\n\n    beforeAll(async () => {\n      container = await new testContainers('redis:6.2-alpine', {\n        ...TCRedisOptions,\n        command: ['redis-server', '--appendonly', 'yes', '--requirepass', '123456'],\n        containerName: `${tcName}-redis-module-with-auth`,\n      });\n      await container.start();\n    });\n\n    afterAll(async () => {\n      await container.stop({ removeVolumes: true });\n    });\n\n    describe('forRootAsync', () => {\n      beforeEach(async () => {\n        const module: TestingModule = await Test.createTestingModule({\n          imports: [\n            ConfigModule.forRoot({\n              isGlobal: true,\n              load: [config],\n            }),\n            RedisModule,\n          ],\n        }).compile();\n\n        app = module.createNestApplication();\n        await app.init();\n      });\n\n      afterEach(async () => {\n        await app.close();\n      });\n\n      it('should be defined', async () => {\n        await expect(app).toBeDefined();\n      }, 50000);\n    });\n\n    describe('register', () => {\n      beforeEach(async () => {\n        const module: TestingModule = await Test.createTestingModule({\n          imports: [\n            RedisModule.register({\n              name: 'test-redis-module',\n              username: encodeURIComponent('default'),\n              password: encodeURIComponent('123456'),\n              host: global.hostContainer,\n              port: parseInt('6379', 10),\n            }),\n          ],\n        }).compile();\n\n        app = module.createNestApplication();\n        await app.init();\n      });\n\n      afterEach(async () => {\n        await app.close();\n      });\n\n      it('should be defined', async () => {\n        await expect(app).toBeDefined();\n      }, 50000);\n    });\n  });\n\n  describe('without auth', () => {\n    let app: INestApplication;\n    let container: testContainers;\n\n    beforeAll(async () => {\n      container = await new testContainers('redis:6.2-alpine', {\n        ...TCRedisOptions,\n        containerName: `${tcName}-redis-module-without-auth`,\n        envs: {},\n        ports: [\n          {\n            container: 6379,\n            host: 6380,\n          },\n        ],\n      });\n      await container.start();\n    });\n\n    afterAll(async () => {\n      await container.stop({ removeVolumes: true });\n    });\n\n    beforeEach(async () => {\n      const module: TestingModule = await Test.createTestingModule({\n        imports: [\n          RedisModule.register({\n            host: global.hostContainer,\n            port: parseInt('6380', 10),\n            database: 1,\n          }),\n        ],\n      }).compile();\n\n      app = module.createNestApplication();\n      await app.init();\n    });\n\n    afterEach(async () => {\n      await app.close();\n    });\n\n    it('should be defined', async () => {\n      await expect(app).toBeDefined();\n    }, 50000);\n  });\n});\n",
              "err": {},
              "uuid": "1aef0271-9816-4181-ba86-e2096f1bc6e6",
              "parentUUID": "f91a5298-822f-4969-b8a3-08efa9095d2a",
              "isHook": false,
              "skipped": false
            },
            {
              "fullTitle": "RedisModule > with auth > register > should be defined",
              "title": "RedisModule > with auth > register > should be defined",
              "timedOut": false,
              "duration": 10,
              "state": "passed",
              "speed": "fast",
              "pass": true,
              "fail": false,
              "pending": false,
              "context": null,
              "code": "import { INestApplication } from '@nestjs/common';\nimport { Test, TestingModule } from '@nestjs/testing';\nimport { ConfigModule } from '@nestjs/config';\nimport { tcName, TCRedisOptions, testContainers } from '@tresdoce-nestjs-toolkit/test-utils';\n\nimport { RedisModule } from '../redis/redis.module';\nimport { config } from './utils';\n\njest.setTimeout(70000);\ndescribe('RedisModule', () => {\n  describe('with auth', () => {\n    let app: INestApplication;\n    let container: testContainers;\n\n    beforeAll(async () => {\n      container = await new testContainers('redis:6.2-alpine', {\n        ...TCRedisOptions,\n        command: ['redis-server', '--appendonly', 'yes', '--requirepass', '123456'],\n        containerName: `${tcName}-redis-module-with-auth`,\n      });\n      await container.start();\n    });\n\n    afterAll(async () => {\n      await container.stop({ removeVolumes: true });\n    });\n\n    describe('forRootAsync', () => {\n      beforeEach(async () => {\n        const module: TestingModule = await Test.createTestingModule({\n          imports: [\n            ConfigModule.forRoot({\n              isGlobal: true,\n              load: [config],\n            }),\n            RedisModule,\n          ],\n        }).compile();\n\n        app = module.createNestApplication();\n        await app.init();\n      });\n\n      afterEach(async () => {\n        await app.close();\n      });\n\n      it('should be defined', async () => {\n        await expect(app).toBeDefined();\n      }, 50000);\n    });\n\n    describe('register', () => {\n      beforeEach(async () => {\n        const module: TestingModule = await Test.createTestingModule({\n          imports: [\n            RedisModule.register({\n              name: 'test-redis-module',\n              username: encodeURIComponent('default'),\n              password: encodeURIComponent('123456'),\n              host: global.hostContainer,\n              port: parseInt('6379', 10),\n            }),\n          ],\n        }).compile();\n\n        app = module.createNestApplication();\n        await app.init();\n      });\n\n      afterEach(async () => {\n        await app.close();\n      });\n\n      it('should be defined', async () => {\n        await expect(app).toBeDefined();\n      }, 50000);\n    });\n  });\n\n  describe('without auth', () => {\n    let app: INestApplication;\n    let container: testContainers;\n\n    beforeAll(async () => {\n      container = await new testContainers('redis:6.2-alpine', {\n        ...TCRedisOptions,\n        containerName: `${tcName}-redis-module-without-auth`,\n        envs: {},\n        ports: [\n          {\n            container: 6379,\n            host: 6380,\n          },\n        ],\n      });\n      await container.start();\n    });\n\n    afterAll(async () => {\n      await container.stop({ removeVolumes: true });\n    });\n\n    beforeEach(async () => {\n      const module: TestingModule = await Test.createTestingModule({\n        imports: [\n          RedisModule.register({\n            host: global.hostContainer,\n            port: parseInt('6380', 10),\n            database: 1,\n          }),\n        ],\n      }).compile();\n\n      app = module.createNestApplication();\n      await app.init();\n    });\n\n    afterEach(async () => {\n      await app.close();\n    });\n\n    it('should be defined', async () => {\n      await expect(app).toBeDefined();\n    }, 50000);\n  });\n});\n",
              "err": {},
              "uuid": "c53da8e0-f2ee-4a08-9d40-fca870c98a52",
              "parentUUID": "f91a5298-822f-4969-b8a3-08efa9095d2a",
              "isHook": false,
              "skipped": false
            },
            {
              "fullTitle": "RedisModule > without auth > should be defined",
              "title": "RedisModule > without auth > should be defined",
              "timedOut": false,
              "duration": 13,
              "state": "passed",
              "speed": "fast",
              "pass": true,
              "fail": false,
              "pending": false,
              "context": null,
              "code": "import { INestApplication } from '@nestjs/common';\nimport { Test, TestingModule } from '@nestjs/testing';\nimport { ConfigModule } from '@nestjs/config';\nimport { tcName, TCRedisOptions, testContainers } from '@tresdoce-nestjs-toolkit/test-utils';\n\nimport { RedisModule } from '../redis/redis.module';\nimport { config } from './utils';\n\njest.setTimeout(70000);\ndescribe('RedisModule', () => {\n  describe('with auth', () => {\n    let app: INestApplication;\n    let container: testContainers;\n\n    beforeAll(async () => {\n      container = await new testContainers('redis:6.2-alpine', {\n        ...TCRedisOptions,\n        command: ['redis-server', '--appendonly', 'yes', '--requirepass', '123456'],\n        containerName: `${tcName}-redis-module-with-auth`,\n      });\n      await container.start();\n    });\n\n    afterAll(async () => {\n      await container.stop({ removeVolumes: true });\n    });\n\n    describe('forRootAsync', () => {\n      beforeEach(async () => {\n        const module: TestingModule = await Test.createTestingModule({\n          imports: [\n            ConfigModule.forRoot({\n              isGlobal: true,\n              load: [config],\n            }),\n            RedisModule,\n          ],\n        }).compile();\n\n        app = module.createNestApplication();\n        await app.init();\n      });\n\n      afterEach(async () => {\n        await app.close();\n      });\n\n      it('should be defined', async () => {\n        await expect(app).toBeDefined();\n      }, 50000);\n    });\n\n    describe('register', () => {\n      beforeEach(async () => {\n        const module: TestingModule = await Test.createTestingModule({\n          imports: [\n            RedisModule.register({\n              name: 'test-redis-module',\n              username: encodeURIComponent('default'),\n              password: encodeURIComponent('123456'),\n              host: global.hostContainer,\n              port: parseInt('6379', 10),\n            }),\n          ],\n        }).compile();\n\n        app = module.createNestApplication();\n        await app.init();\n      });\n\n      afterEach(async () => {\n        await app.close();\n      });\n\n      it('should be defined', async () => {\n        await expect(app).toBeDefined();\n      }, 50000);\n    });\n  });\n\n  describe('without auth', () => {\n    let app: INestApplication;\n    let container: testContainers;\n\n    beforeAll(async () => {\n      container = await new testContainers('redis:6.2-alpine', {\n        ...TCRedisOptions,\n        containerName: `${tcName}-redis-module-without-auth`,\n        envs: {},\n        ports: [\n          {\n            container: 6379,\n            host: 6380,\n          },\n        ],\n      });\n      await container.start();\n    });\n\n    afterAll(async () => {\n      await container.stop({ removeVolumes: true });\n    });\n\n    beforeEach(async () => {\n      const module: TestingModule = await Test.createTestingModule({\n        imports: [\n          RedisModule.register({\n            host: global.hostContainer,\n            port: parseInt('6380', 10),\n            database: 1,\n          }),\n        ],\n      }).compile();\n\n      app = module.createNestApplication();\n      await app.init();\n    });\n\n    afterEach(async () => {\n      await app.close();\n    });\n\n    it('should be defined', async () => {\n      await expect(app).toBeDefined();\n    }, 50000);\n  });\n});\n",
              "err": {},
              "uuid": "15491cc9-1c61-4432-acff-d65b426d82ce",
              "parentUUID": "f91a5298-822f-4969-b8a3-08efa9095d2a",
              "isHook": false,
              "skipped": false
            }
          ],
          "suites": [],
          "passes": [
            "736d0be0-4533-47b2-90b9-c64749567884",
            "7dfeb273-b8bb-441d-a8f9-7389891ca300",
            "e7e0d3aa-fcfa-4d5b-af7f-c5fb96f66cec",
            "4eee2f73-b926-4739-8acb-453823c0ede6",
            "4896a766-6c8b-43b1-81df-9cc32fe7ea8a",
            "61e780a8-1d7d-473d-ad3e-9ee5d5a69a81",
            "8f59a20c-61a4-4ac2-bd92-0b6b28b2abf0",
            "2939e4b3-ffa7-4536-89ee-52cdfec2d7ea",
            "7b30220a-9d35-4f08-ba46-c9e6be550f43",
            "188a1188-caeb-4b59-8c4f-962cdac2e070",
            "76ce8772-8a75-4b7b-87f3-cd755fb1b4bd",
            "f891fddd-37e9-454f-82d1-b3415d67c742",
            "a2ef4bba-8989-44ed-9590-8114f74e4552",
            "1aef0271-9816-4181-ba86-e2096f1bc6e6",
            "c53da8e0-f2ee-4a08-9d40-fca870c98a52",
            "15491cc9-1c61-4432-acff-d65b426d82ce"
          ],
          "failures": [],
          "pending": [],
          "skipped": [],
          "duration": 3465,
          "root": false,
          "rootEmpty": false,
          "_timeout": 5000
        }
      ],
      "passes": [],
      "failures": [],
      "pending": [],
      "skipped": [],
      "duration": 0,
      "root": true,
      "rootEmpty": true,
      "_timeout": 5000
    }
  ]
}