{
  "stats": {
    "suites": 2,
    "tests": 16,
    "passes": 16,
    "pending": 0,
    "failures": 0,
    "testsRegistered": 16,
    "passPercent": 100,
    "pendingPercent": 0,
    "other": 0,
    "hasOther": false,
    "skipped": 0,
    "hasSkipped": false,
    "start": "2023-05-01T23:24:03.382Z",
    "end": "2023-05-01T23:24:06.912Z",
    "duration": 3530
  },
  "results": [
    {
      "uuid": "82b2686b-48e5-4555-966b-341c7b3542c5",
      "title": "@tresdoce-nestjs-toolkit/redis",
      "fullFile": "",
      "file": "",
      "beforeHooks": [],
      "afterHooks": [],
      "tests": [],
      "suites": [
        {
          "uuid": "e9226b71-675c-4f6a-925b-7abc4769d973",
          "title": "@tresdoce-nestjs-toolkit/redis",
          "fullFile": "",
          "file": "",
          "beforeHooks": [],
          "afterHooks": [],
          "tests": [
            {
              "title": "should be defined",
              "fullTitle": "RedisService > should be defined",
              "timedOut": false,
              "duration": 273,
              "state": "passed",
              "speed": null,
              "pass": true,
              "fail": false,
              "pending": false,
              "context": null,
              "code": "",
              "err": {},
              "uuid": "9f42d9da-5b79-4e94-870d-e0915d150657",
              "parentUUID": "e9226b71-675c-4f6a-925b-7abc4769d973",
              "isHook": false,
              "skipped": false
            },
            {
              "title": "should be return echo",
              "fullTitle": "RedisService > should be return echo",
              "timedOut": false,
              "duration": 12,
              "state": "passed",
              "speed": null,
              "pass": true,
              "fail": false,
              "pending": false,
              "context": null,
              "code": "",
              "err": {},
              "uuid": "8d768aa5-2228-4aa4-b8dd-ecdc2b770351",
              "parentUUID": "e9226b71-675c-4f6a-925b-7abc4769d973",
              "isHook": false,
              "skipped": false
            },
            {
              "title": "should be return false if key dont exist in redis",
              "fullTitle": "RedisService > should be return false if key dont exist in redis",
              "timedOut": false,
              "duration": 10,
              "state": "passed",
              "speed": null,
              "pass": true,
              "fail": false,
              "pending": false,
              "context": null,
              "code": "",
              "err": {},
              "uuid": "de053a62-0412-4339-9669-4d62a17ebadf",
              "parentUUID": "e9226b71-675c-4f6a-925b-7abc4769d973",
              "isHook": false,
              "skipped": false
            },
            {
              "title": "should be return OK when set value in redis",
              "fullTitle": "RedisService > should be return OK when set value in redis",
              "timedOut": false,
              "duration": 9,
              "state": "passed",
              "speed": null,
              "pass": true,
              "fail": false,
              "pending": false,
              "context": null,
              "code": "",
              "err": {},
              "uuid": "db689f74-2c6e-4c0d-bb57-3cd7f2b3c7ab",
              "parentUUID": "e9226b71-675c-4f6a-925b-7abc4769d973",
              "isHook": false,
              "skipped": false
            },
            {
              "title": "should be return value of key",
              "fullTitle": "RedisService > should be return value of key",
              "timedOut": false,
              "duration": 10,
              "state": "passed",
              "speed": null,
              "pass": true,
              "fail": false,
              "pending": false,
              "context": null,
              "code": "",
              "err": {},
              "uuid": "4d5c3b33-48e1-4352-8321-0edfe1b040f4",
              "parentUUID": "e9226b71-675c-4f6a-925b-7abc4769d973",
              "isHook": false,
              "skipped": false
            },
            {
              "title": "should be return true if key exist in redis",
              "fullTitle": "RedisService > should be return true if key exist in redis",
              "timedOut": false,
              "duration": 9,
              "state": "passed",
              "speed": null,
              "pass": true,
              "fail": false,
              "pending": false,
              "context": null,
              "code": "",
              "err": {},
              "uuid": "6acf8c8a-fda4-414a-ba4a-16adcf41e89d",
              "parentUUID": "e9226b71-675c-4f6a-925b-7abc4769d973",
              "isHook": false,
              "skipped": false
            },
            {
              "title": "should be set value in redis with expiration date",
              "fullTitle": "RedisService > should be set value in redis with expiration date",
              "timedOut": false,
              "duration": 3013,
              "state": "passed",
              "speed": null,
              "pass": true,
              "fail": false,
              "pending": false,
              "context": null,
              "code": "",
              "err": {},
              "uuid": "04e09b31-b22c-4012-9e98-56127b642465",
              "parentUUID": "e9226b71-675c-4f6a-925b-7abc4769d973",
              "isHook": false,
              "skipped": false
            },
            {
              "title": "should be return true when copy key",
              "fullTitle": "RedisService > should be return true when copy key",
              "timedOut": false,
              "duration": 8,
              "state": "passed",
              "speed": null,
              "pass": true,
              "fail": false,
              "pending": false,
              "context": null,
              "code": "",
              "err": {},
              "uuid": "8adcde23-9295-404f-8d52-cc9ef754d7a2",
              "parentUUID": "e9226b71-675c-4f6a-925b-7abc4769d973",
              "isHook": false,
              "skipped": false
            },
            {
              "title": "should be return false when copy key",
              "fullTitle": "RedisService > should be return false when copy key",
              "timedOut": false,
              "duration": 11,
              "state": "passed",
              "speed": null,
              "pass": true,
              "fail": false,
              "pending": false,
              "context": null,
              "code": "",
              "err": {},
              "uuid": "ab067202-f3de-443d-b305-fcbc0cc2a2a8",
              "parentUUID": "e9226b71-675c-4f6a-925b-7abc4769d973",
              "isHook": false,
              "skipped": false
            },
            {
              "title": "should be rename a key",
              "fullTitle": "RedisService > should be rename a key",
              "timedOut": false,
              "duration": 10,
              "state": "passed",
              "speed": null,
              "pass": true,
              "fail": false,
              "pending": false,
              "context": null,
              "code": "",
              "err": {},
              "uuid": "d7b2f5a3-b7ea-4c45-8fd8-9eff550d21d5",
              "parentUUID": "e9226b71-675c-4f6a-925b-7abc4769d973",
              "isHook": false,
              "skipped": false
            },
            {
              "title": "should be return false when delete a key",
              "fullTitle": "RedisService > should be return false when delete a key",
              "timedOut": false,
              "duration": 10,
              "state": "passed",
              "speed": null,
              "pass": true,
              "fail": false,
              "pending": false,
              "context": null,
              "code": "",
              "err": {},
              "uuid": "fbf4eb2a-e4ac-4bda-9a2b-473292647259",
              "parentUUID": "e9226b71-675c-4f6a-925b-7abc4769d973",
              "isHook": false,
              "skipped": false
            },
            {
              "title": "should be return true when delete a key",
              "fullTitle": "RedisService > should be return true when delete a key",
              "timedOut": false,
              "duration": 9,
              "state": "passed",
              "speed": null,
              "pass": true,
              "fail": false,
              "pending": false,
              "context": null,
              "code": "",
              "err": {},
              "uuid": "34c6a429-6d11-4cc8-843a-44bcc0db33e7",
              "parentUUID": "e9226b71-675c-4f6a-925b-7abc4769d973",
              "isHook": false,
              "skipped": false
            },
            {
              "title": "should be flush all",
              "fullTitle": "RedisService > should be flush all",
              "timedOut": false,
              "duration": 12,
              "state": "passed",
              "speed": null,
              "pass": true,
              "fail": false,
              "pending": false,
              "context": null,
              "code": "",
              "err": {},
              "uuid": "946ce03d-5f97-40aa-88da-1681044be2aa",
              "parentUUID": "e9226b71-675c-4f6a-925b-7abc4769d973",
              "isHook": false,
              "skipped": false
            },
            {
              "title": "should be defined",
              "fullTitle": "RedisModule > with auth > forRootAsync > should be defined",
              "timedOut": false,
              "duration": 112,
              "state": "passed",
              "speed": null,
              "pass": true,
              "fail": false,
              "pending": false,
              "context": null,
              "code": "",
              "err": {},
              "uuid": "aea7e035-3ca1-472a-a84d-6aa88150893c",
              "parentUUID": "e9226b71-675c-4f6a-925b-7abc4769d973",
              "isHook": false,
              "skipped": false
            },
            {
              "title": "should be defined",
              "fullTitle": "RedisModule > with auth > forRootAsync > should be defined",
              "timedOut": false,
              "duration": 13,
              "state": "passed",
              "speed": null,
              "pass": true,
              "fail": false,
              "pending": false,
              "context": null,
              "code": "",
              "err": {},
              "uuid": "d0ffb7cb-e522-42b8-aace-21677f10bc12",
              "parentUUID": "e9226b71-675c-4f6a-925b-7abc4769d973",
              "isHook": false,
              "skipped": false
            },
            {
              "title": "should be defined",
              "fullTitle": "RedisModule > with auth > forRootAsync > should be defined",
              "timedOut": false,
              "duration": 9,
              "state": "passed",
              "speed": null,
              "pass": true,
              "fail": false,
              "pending": false,
              "context": null,
              "code": "",
              "err": {},
              "uuid": "7bd9ee3a-4a58-4636-8d8d-f958878d3a9c",
              "parentUUID": "e9226b71-675c-4f6a-925b-7abc4769d973",
              "isHook": false,
              "skipped": false
            }
          ],
          "suites": [],
          "passes": [
            "9f42d9da-5b79-4e94-870d-e0915d150657",
            "8d768aa5-2228-4aa4-b8dd-ecdc2b770351",
            "de053a62-0412-4339-9669-4d62a17ebadf",
            "db689f74-2c6e-4c0d-bb57-3cd7f2b3c7ab",
            "4d5c3b33-48e1-4352-8321-0edfe1b040f4",
            "6acf8c8a-fda4-414a-ba4a-16adcf41e89d",
            "04e09b31-b22c-4012-9e98-56127b642465",
            "8adcde23-9295-404f-8d52-cc9ef754d7a2",
            "ab067202-f3de-443d-b305-fcbc0cc2a2a8",
            "d7b2f5a3-b7ea-4c45-8fd8-9eff550d21d5",
            "fbf4eb2a-e4ac-4bda-9a2b-473292647259",
            "34c6a429-6d11-4cc8-843a-44bcc0db33e7",
            "946ce03d-5f97-40aa-88da-1681044be2aa",
            "aea7e035-3ca1-472a-a84d-6aa88150893c",
            "d0ffb7cb-e522-42b8-aace-21677f10bc12",
            "7bd9ee3a-4a58-4636-8d8d-f958878d3a9c"
          ],
          "failures": [],
          "pending": [],
          "skipped": [],
          "duration": 3530,
          "root": false,
          "rootEmpty": false,
          "_timeout": 5000
        }
      ],
      "passes": [],
      "failures": [],
      "pending": [],
      "skipped": [],
      "duration": 0,
      "root": true,
      "rootEmpty": true,
      "_timeout": 5000
    }
  ]
}
