{
  "stats": {
    "suites": 2,
    "tests": 16,
    "passes": 16,
    "pending": 0,
    "failures": 0,
    "testsRegistered": 16,
    "passPercent": 100,
    "pendingPercent": 0,
    "other": 0,
    "hasOther": false,
    "skipped": 0,
    "hasSkipped": false,
    "start": "2023-05-02T17:45:49.153Z",
    "end": "2023-05-02T17:45:52.567Z",
    "duration": 3414
  },
  "results": [
    {
      "uuid": "db58639b-14a1-4b1a-ac82-a473bc894735",
      "title": "@tresdoce-nestjs-toolkit/redis",
      "fullFile": "",
      "file": "",
      "beforeHooks": [],
      "afterHooks": [],
      "tests": [],
      "suites": [
        {
          "uuid": "3303d720-c1a9-47f5-ae1d-6c23ff8bc45a",
          "title": "@tresdoce-nestjs-toolkit/redis",
          "fullFile": "",
          "file": "",
          "beforeHooks": [],
          "afterHooks": [],
          "tests": [
            {
              "fullTitle": "RedisService > should be defined",
              "title": "RedisService > should be defined",
              "timedOut": false,
              "duration": 178,
              "state": "passed",
              "speed": null,
              "pass": true,
              "fail": false,
              "pending": false,
              "context": null,
              "code": "import { INestApplication } from '@nestjs/common';\nimport { Test, TestingModule } from '@nestjs/testing';\nimport { delay, tcName, TCRedisOptions, testContainers } from '@tresdoce-nestjs-toolkit/test-utils';\nimport { RedisModule } from '../redis/redis.module';\nimport { RedisService } from '../redis/services/redis.service';\n\ndescribe('RedisService', () => {\n  let app: INestApplication;\n  let container: testContainers;\n  let service: RedisService;\n\n  beforeAll(async () => {\n    container = await new testContainers('redis:6.2-alpine', {\n      ...TCRedisOptions,\n      command: ['redis-server', '--appendonly', 'yes', '--requirepass', '123456'],\n      containerName: `${tcName}-redis-service`,\n    });\n    await container.start();\n  });\n\n  afterAll(async () => {\n    await container.stop({ removeVolumes: true });\n  });\n\n  beforeEach(async () => {\n    const module: TestingModule = await Test.createTestingModule({\n      imports: [\n        RedisModule.register({\n          name: 'test-redis-module',\n          username: encodeURIComponent('default'),\n          password: encodeURIComponent('123456'),\n          host: global.hostContainer,\n          port: parseInt('6379', 10),\n        }),\n      ],\n      providers: [RedisService],\n    }).compile();\n\n    app = module.createNestApplication();\n    service = module.get(RedisService);\n    await app.init();\n  });\n\n  afterEach(async () => {\n    await app.close();\n  });\n\n  it('should be defined', async () => {\n    await expect(app).toBeDefined();\n  }, 50000);\n\n  it('should be return echo', async () => {\n    const msg = 'hello world';\n    expect(await service.echo(msg)).toEqual(msg);\n  });\n\n  it('should be return false if key dont exist in redis', async () => {\n    expect(await service.exists('myKey')).toBeFalsy();\n  });\n\n  it('should be return OK when set value in redis', async () => {\n    expect(await service.set('myKey', 'hello world')).toEqual('OK');\n  });\n\n  it('should be return value of key', async () => {\n    expect(await service.get('myKey')).toEqual('hello world');\n  });\n\n  it('should be return true if key exist in redis', async () => {\n    expect(await service.exists('myKey')).toBeTruthy();\n  });\n\n  it('should be set value in redis with expiration date', async () => {\n    expect(await service.set('myKeyEx', 'hello world', 2)).toEqual('OK');\n    expect(await service.exists('myKeyEx')).toBeTruthy();\n    await delay(3000);\n    expect(await service.exists('myKeyEx')).toBeFalsy();\n  });\n\n  it('should be return true when copy key', async () => {\n    expect(await service.copy('myKey', 'copyKey')).toBeTruthy();\n  });\n\n  it('should be return false when copy key', async () => {\n    expect(await service.copy('myKey2', 'copyKey')).toBeFalsy();\n  });\n\n  it('should be rename a key', async () => {\n    expect(await service.rename('copyKey', 'newKey')).toEqual('OK');\n  });\n\n  it('should be return false when delete a key', async () => {\n    expect(await service.del('testKey')).toBeFalsy();\n  });\n\n  it('should be return true when delete a key', async () => {\n    expect(await service.del('newKey')).toBeTruthy();\n  });\n\n  it('should be flush all', async () => {\n    expect(await service.flushAll()).toEqual('OK');\n    expect(await service.get('myKey')).toBeNull();\n  });\n});\n",
              "err": {},
              "uuid": "bd9c9dfc-0ff8-4bb6-a933-9407259f241a",
              "parentUUID": "3303d720-c1a9-47f5-ae1d-6c23ff8bc45a",
              "isHook": false,
              "skipped": false
            },
            {
              "fullTitle": "RedisService > should be return echo",
              "title": "RedisService > should be return echo",
              "timedOut": false,
              "duration": 13,
              "state": "passed",
              "speed": null,
              "pass": true,
              "fail": false,
              "pending": false,
              "context": null,
              "code": "import { INestApplication } from '@nestjs/common';\nimport { Test, TestingModule } from '@nestjs/testing';\nimport { delay, tcName, TCRedisOptions, testContainers } from '@tresdoce-nestjs-toolkit/test-utils';\nimport { RedisModule } from '../redis/redis.module';\nimport { RedisService } from '../redis/services/redis.service';\n\ndescribe('RedisService', () => {\n  let app: INestApplication;\n  let container: testContainers;\n  let service: RedisService;\n\n  beforeAll(async () => {\n    container = await new testContainers('redis:6.2-alpine', {\n      ...TCRedisOptions,\n      command: ['redis-server', '--appendonly', 'yes', '--requirepass', '123456'],\n      containerName: `${tcName}-redis-service`,\n    });\n    await container.start();\n  });\n\n  afterAll(async () => {\n    await container.stop({ removeVolumes: true });\n  });\n\n  beforeEach(async () => {\n    const module: TestingModule = await Test.createTestingModule({\n      imports: [\n        RedisModule.register({\n          name: 'test-redis-module',\n          username: encodeURIComponent('default'),\n          password: encodeURIComponent('123456'),\n          host: global.hostContainer,\n          port: parseInt('6379', 10),\n        }),\n      ],\n      providers: [RedisService],\n    }).compile();\n\n    app = module.createNestApplication();\n    service = module.get(RedisService);\n    await app.init();\n  });\n\n  afterEach(async () => {\n    await app.close();\n  });\n\n  it('should be defined', async () => {\n    await expect(app).toBeDefined();\n  }, 50000);\n\n  it('should be return echo', async () => {\n    const msg = 'hello world';\n    expect(await service.echo(msg)).toEqual(msg);\n  });\n\n  it('should be return false if key dont exist in redis', async () => {\n    expect(await service.exists('myKey')).toBeFalsy();\n  });\n\n  it('should be return OK when set value in redis', async () => {\n    expect(await service.set('myKey', 'hello world')).toEqual('OK');\n  });\n\n  it('should be return value of key', async () => {\n    expect(await service.get('myKey')).toEqual('hello world');\n  });\n\n  it('should be return true if key exist in redis', async () => {\n    expect(await service.exists('myKey')).toBeTruthy();\n  });\n\n  it('should be set value in redis with expiration date', async () => {\n    expect(await service.set('myKeyEx', 'hello world', 2)).toEqual('OK');\n    expect(await service.exists('myKeyEx')).toBeTruthy();\n    await delay(3000);\n    expect(await service.exists('myKeyEx')).toBeFalsy();\n  });\n\n  it('should be return true when copy key', async () => {\n    expect(await service.copy('myKey', 'copyKey')).toBeTruthy();\n  });\n\n  it('should be return false when copy key', async () => {\n    expect(await service.copy('myKey2', 'copyKey')).toBeFalsy();\n  });\n\n  it('should be rename a key', async () => {\n    expect(await service.rename('copyKey', 'newKey')).toEqual('OK');\n  });\n\n  it('should be return false when delete a key', async () => {\n    expect(await service.del('testKey')).toBeFalsy();\n  });\n\n  it('should be return true when delete a key', async () => {\n    expect(await service.del('newKey')).toBeTruthy();\n  });\n\n  it('should be flush all', async () => {\n    expect(await service.flushAll()).toEqual('OK');\n    expect(await service.get('myKey')).toBeNull();\n  });\n});\n",
              "err": {},
              "uuid": "cfa3a31a-83de-4849-a853-5b90f6cce48d",
              "parentUUID": "3303d720-c1a9-47f5-ae1d-6c23ff8bc45a",
              "isHook": false,
              "skipped": false
            },
            {
              "fullTitle": "RedisService > should be return false if key dont exist in redis",
              "title": "RedisService > should be return false if key dont exist in redis",
              "timedOut": false,
              "duration": 10,
              "state": "passed",
              "speed": null,
              "pass": true,
              "fail": false,
              "pending": false,
              "context": null,
              "code": "import { INestApplication } from '@nestjs/common';\nimport { Test, TestingModule } from '@nestjs/testing';\nimport { delay, tcName, TCRedisOptions, testContainers } from '@tresdoce-nestjs-toolkit/test-utils';\nimport { RedisModule } from '../redis/redis.module';\nimport { RedisService } from '../redis/services/redis.service';\n\ndescribe('RedisService', () => {\n  let app: INestApplication;\n  let container: testContainers;\n  let service: RedisService;\n\n  beforeAll(async () => {\n    container = await new testContainers('redis:6.2-alpine', {\n      ...TCRedisOptions,\n      command: ['redis-server', '--appendonly', 'yes', '--requirepass', '123456'],\n      containerName: `${tcName}-redis-service`,\n    });\n    await container.start();\n  });\n\n  afterAll(async () => {\n    await container.stop({ removeVolumes: true });\n  });\n\n  beforeEach(async () => {\n    const module: TestingModule = await Test.createTestingModule({\n      imports: [\n        RedisModule.register({\n          name: 'test-redis-module',\n          username: encodeURIComponent('default'),\n          password: encodeURIComponent('123456'),\n          host: global.hostContainer,\n          port: parseInt('6379', 10),\n        }),\n      ],\n      providers: [RedisService],\n    }).compile();\n\n    app = module.createNestApplication();\n    service = module.get(RedisService);\n    await app.init();\n  });\n\n  afterEach(async () => {\n    await app.close();\n  });\n\n  it('should be defined', async () => {\n    await expect(app).toBeDefined();\n  }, 50000);\n\n  it('should be return echo', async () => {\n    const msg = 'hello world';\n    expect(await service.echo(msg)).toEqual(msg);\n  });\n\n  it('should be return false if key dont exist in redis', async () => {\n    expect(await service.exists('myKey')).toBeFalsy();\n  });\n\n  it('should be return OK when set value in redis', async () => {\n    expect(await service.set('myKey', 'hello world')).toEqual('OK');\n  });\n\n  it('should be return value of key', async () => {\n    expect(await service.get('myKey')).toEqual('hello world');\n  });\n\n  it('should be return true if key exist in redis', async () => {\n    expect(await service.exists('myKey')).toBeTruthy();\n  });\n\n  it('should be set value in redis with expiration date', async () => {\n    expect(await service.set('myKeyEx', 'hello world', 2)).toEqual('OK');\n    expect(await service.exists('myKeyEx')).toBeTruthy();\n    await delay(3000);\n    expect(await service.exists('myKeyEx')).toBeFalsy();\n  });\n\n  it('should be return true when copy key', async () => {\n    expect(await service.copy('myKey', 'copyKey')).toBeTruthy();\n  });\n\n  it('should be return false when copy key', async () => {\n    expect(await service.copy('myKey2', 'copyKey')).toBeFalsy();\n  });\n\n  it('should be rename a key', async () => {\n    expect(await service.rename('copyKey', 'newKey')).toEqual('OK');\n  });\n\n  it('should be return false when delete a key', async () => {\n    expect(await service.del('testKey')).toBeFalsy();\n  });\n\n  it('should be return true when delete a key', async () => {\n    expect(await service.del('newKey')).toBeTruthy();\n  });\n\n  it('should be flush all', async () => {\n    expect(await service.flushAll()).toEqual('OK');\n    expect(await service.get('myKey')).toBeNull();\n  });\n});\n",
              "err": {},
              "uuid": "f6240f56-9767-42a5-9f76-384bc4549947",
              "parentUUID": "3303d720-c1a9-47f5-ae1d-6c23ff8bc45a",
              "isHook": false,
              "skipped": false
            },
            {
              "fullTitle": "RedisService > should be return OK when set value in redis",
              "title": "RedisService > should be return OK when set value in redis",
              "timedOut": false,
              "duration": 11,
              "state": "passed",
              "speed": null,
              "pass": true,
              "fail": false,
              "pending": false,
              "context": null,
              "code": "import { INestApplication } from '@nestjs/common';\nimport { Test, TestingModule } from '@nestjs/testing';\nimport { delay, tcName, TCRedisOptions, testContainers } from '@tresdoce-nestjs-toolkit/test-utils';\nimport { RedisModule } from '../redis/redis.module';\nimport { RedisService } from '../redis/services/redis.service';\n\ndescribe('RedisService', () => {\n  let app: INestApplication;\n  let container: testContainers;\n  let service: RedisService;\n\n  beforeAll(async () => {\n    container = await new testContainers('redis:6.2-alpine', {\n      ...TCRedisOptions,\n      command: ['redis-server', '--appendonly', 'yes', '--requirepass', '123456'],\n      containerName: `${tcName}-redis-service`,\n    });\n    await container.start();\n  });\n\n  afterAll(async () => {\n    await container.stop({ removeVolumes: true });\n  });\n\n  beforeEach(async () => {\n    const module: TestingModule = await Test.createTestingModule({\n      imports: [\n        RedisModule.register({\n          name: 'test-redis-module',\n          username: encodeURIComponent('default'),\n          password: encodeURIComponent('123456'),\n          host: global.hostContainer,\n          port: parseInt('6379', 10),\n        }),\n      ],\n      providers: [RedisService],\n    }).compile();\n\n    app = module.createNestApplication();\n    service = module.get(RedisService);\n    await app.init();\n  });\n\n  afterEach(async () => {\n    await app.close();\n  });\n\n  it('should be defined', async () => {\n    await expect(app).toBeDefined();\n  }, 50000);\n\n  it('should be return echo', async () => {\n    const msg = 'hello world';\n    expect(await service.echo(msg)).toEqual(msg);\n  });\n\n  it('should be return false if key dont exist in redis', async () => {\n    expect(await service.exists('myKey')).toBeFalsy();\n  });\n\n  it('should be return OK when set value in redis', async () => {\n    expect(await service.set('myKey', 'hello world')).toEqual('OK');\n  });\n\n  it('should be return value of key', async () => {\n    expect(await service.get('myKey')).toEqual('hello world');\n  });\n\n  it('should be return true if key exist in redis', async () => {\n    expect(await service.exists('myKey')).toBeTruthy();\n  });\n\n  it('should be set value in redis with expiration date', async () => {\n    expect(await service.set('myKeyEx', 'hello world', 2)).toEqual('OK');\n    expect(await service.exists('myKeyEx')).toBeTruthy();\n    await delay(3000);\n    expect(await service.exists('myKeyEx')).toBeFalsy();\n  });\n\n  it('should be return true when copy key', async () => {\n    expect(await service.copy('myKey', 'copyKey')).toBeTruthy();\n  });\n\n  it('should be return false when copy key', async () => {\n    expect(await service.copy('myKey2', 'copyKey')).toBeFalsy();\n  });\n\n  it('should be rename a key', async () => {\n    expect(await service.rename('copyKey', 'newKey')).toEqual('OK');\n  });\n\n  it('should be return false when delete a key', async () => {\n    expect(await service.del('testKey')).toBeFalsy();\n  });\n\n  it('should be return true when delete a key', async () => {\n    expect(await service.del('newKey')).toBeTruthy();\n  });\n\n  it('should be flush all', async () => {\n    expect(await service.flushAll()).toEqual('OK');\n    expect(await service.get('myKey')).toBeNull();\n  });\n});\n",
              "err": {},
              "uuid": "76a6d80d-7808-4c2c-9fad-42c3abb749d8",
              "parentUUID": "3303d720-c1a9-47f5-ae1d-6c23ff8bc45a",
              "isHook": false,
              "skipped": false
            },
            {
              "fullTitle": "RedisService > should be return value of key",
              "title": "RedisService > should be return value of key",
              "timedOut": false,
              "duration": 9,
              "state": "passed",
              "speed": null,
              "pass": true,
              "fail": false,
              "pending": false,
              "context": null,
              "code": "import { INestApplication } from '@nestjs/common';\nimport { Test, TestingModule } from '@nestjs/testing';\nimport { delay, tcName, TCRedisOptions, testContainers } from '@tresdoce-nestjs-toolkit/test-utils';\nimport { RedisModule } from '../redis/redis.module';\nimport { RedisService } from '../redis/services/redis.service';\n\ndescribe('RedisService', () => {\n  let app: INestApplication;\n  let container: testContainers;\n  let service: RedisService;\n\n  beforeAll(async () => {\n    container = await new testContainers('redis:6.2-alpine', {\n      ...TCRedisOptions,\n      command: ['redis-server', '--appendonly', 'yes', '--requirepass', '123456'],\n      containerName: `${tcName}-redis-service`,\n    });\n    await container.start();\n  });\n\n  afterAll(async () => {\n    await container.stop({ removeVolumes: true });\n  });\n\n  beforeEach(async () => {\n    const module: TestingModule = await Test.createTestingModule({\n      imports: [\n        RedisModule.register({\n          name: 'test-redis-module',\n          username: encodeURIComponent('default'),\n          password: encodeURIComponent('123456'),\n          host: global.hostContainer,\n          port: parseInt('6379', 10),\n        }),\n      ],\n      providers: [RedisService],\n    }).compile();\n\n    app = module.createNestApplication();\n    service = module.get(RedisService);\n    await app.init();\n  });\n\n  afterEach(async () => {\n    await app.close();\n  });\n\n  it('should be defined', async () => {\n    await expect(app).toBeDefined();\n  }, 50000);\n\n  it('should be return echo', async () => {\n    const msg = 'hello world';\n    expect(await service.echo(msg)).toEqual(msg);\n  });\n\n  it('should be return false if key dont exist in redis', async () => {\n    expect(await service.exists('myKey')).toBeFalsy();\n  });\n\n  it('should be return OK when set value in redis', async () => {\n    expect(await service.set('myKey', 'hello world')).toEqual('OK');\n  });\n\n  it('should be return value of key', async () => {\n    expect(await service.get('myKey')).toEqual('hello world');\n  });\n\n  it('should be return true if key exist in redis', async () => {\n    expect(await service.exists('myKey')).toBeTruthy();\n  });\n\n  it('should be set value in redis with expiration date', async () => {\n    expect(await service.set('myKeyEx', 'hello world', 2)).toEqual('OK');\n    expect(await service.exists('myKeyEx')).toBeTruthy();\n    await delay(3000);\n    expect(await service.exists('myKeyEx')).toBeFalsy();\n  });\n\n  it('should be return true when copy key', async () => {\n    expect(await service.copy('myKey', 'copyKey')).toBeTruthy();\n  });\n\n  it('should be return false when copy key', async () => {\n    expect(await service.copy('myKey2', 'copyKey')).toBeFalsy();\n  });\n\n  it('should be rename a key', async () => {\n    expect(await service.rename('copyKey', 'newKey')).toEqual('OK');\n  });\n\n  it('should be return false when delete a key', async () => {\n    expect(await service.del('testKey')).toBeFalsy();\n  });\n\n  it('should be return true when delete a key', async () => {\n    expect(await service.del('newKey')).toBeTruthy();\n  });\n\n  it('should be flush all', async () => {\n    expect(await service.flushAll()).toEqual('OK');\n    expect(await service.get('myKey')).toBeNull();\n  });\n});\n",
              "err": {},
              "uuid": "73dd8ad1-eae5-45b5-a944-862f824b4fb8",
              "parentUUID": "3303d720-c1a9-47f5-ae1d-6c23ff8bc45a",
              "isHook": false,
              "skipped": false
            },
            {
              "fullTitle": "RedisService > should be return true if key exist in redis",
              "title": "RedisService > should be return true if key exist in redis",
              "timedOut": false,
              "duration": 11,
              "state": "passed",
              "speed": null,
              "pass": true,
              "fail": false,
              "pending": false,
              "context": null,
              "code": "import { INestApplication } from '@nestjs/common';\nimport { Test, TestingModule } from '@nestjs/testing';\nimport { delay, tcName, TCRedisOptions, testContainers } from '@tresdoce-nestjs-toolkit/test-utils';\nimport { RedisModule } from '../redis/redis.module';\nimport { RedisService } from '../redis/services/redis.service';\n\ndescribe('RedisService', () => {\n  let app: INestApplication;\n  let container: testContainers;\n  let service: RedisService;\n\n  beforeAll(async () => {\n    container = await new testContainers('redis:6.2-alpine', {\n      ...TCRedisOptions,\n      command: ['redis-server', '--appendonly', 'yes', '--requirepass', '123456'],\n      containerName: `${tcName}-redis-service`,\n    });\n    await container.start();\n  });\n\n  afterAll(async () => {\n    await container.stop({ removeVolumes: true });\n  });\n\n  beforeEach(async () => {\n    const module: TestingModule = await Test.createTestingModule({\n      imports: [\n        RedisModule.register({\n          name: 'test-redis-module',\n          username: encodeURIComponent('default'),\n          password: encodeURIComponent('123456'),\n          host: global.hostContainer,\n          port: parseInt('6379', 10),\n        }),\n      ],\n      providers: [RedisService],\n    }).compile();\n\n    app = module.createNestApplication();\n    service = module.get(RedisService);\n    await app.init();\n  });\n\n  afterEach(async () => {\n    await app.close();\n  });\n\n  it('should be defined', async () => {\n    await expect(app).toBeDefined();\n  }, 50000);\n\n  it('should be return echo', async () => {\n    const msg = 'hello world';\n    expect(await service.echo(msg)).toEqual(msg);\n  });\n\n  it('should be return false if key dont exist in redis', async () => {\n    expect(await service.exists('myKey')).toBeFalsy();\n  });\n\n  it('should be return OK when set value in redis', async () => {\n    expect(await service.set('myKey', 'hello world')).toEqual('OK');\n  });\n\n  it('should be return value of key', async () => {\n    expect(await service.get('myKey')).toEqual('hello world');\n  });\n\n  it('should be return true if key exist in redis', async () => {\n    expect(await service.exists('myKey')).toBeTruthy();\n  });\n\n  it('should be set value in redis with expiration date', async () => {\n    expect(await service.set('myKeyEx', 'hello world', 2)).toEqual('OK');\n    expect(await service.exists('myKeyEx')).toBeTruthy();\n    await delay(3000);\n    expect(await service.exists('myKeyEx')).toBeFalsy();\n  });\n\n  it('should be return true when copy key', async () => {\n    expect(await service.copy('myKey', 'copyKey')).toBeTruthy();\n  });\n\n  it('should be return false when copy key', async () => {\n    expect(await service.copy('myKey2', 'copyKey')).toBeFalsy();\n  });\n\n  it('should be rename a key', async () => {\n    expect(await service.rename('copyKey', 'newKey')).toEqual('OK');\n  });\n\n  it('should be return false when delete a key', async () => {\n    expect(await service.del('testKey')).toBeFalsy();\n  });\n\n  it('should be return true when delete a key', async () => {\n    expect(await service.del('newKey')).toBeTruthy();\n  });\n\n  it('should be flush all', async () => {\n    expect(await service.flushAll()).toEqual('OK');\n    expect(await service.get('myKey')).toBeNull();\n  });\n});\n",
              "err": {},
              "uuid": "349a33e8-f54b-4609-8b7f-d422aa5dd8ee",
              "parentUUID": "3303d720-c1a9-47f5-ae1d-6c23ff8bc45a",
              "isHook": false,
              "skipped": false
            },
            {
              "fullTitle": "RedisService > should be set value in redis with expiration date",
              "title": "RedisService > should be set value in redis with expiration date",
              "timedOut": false,
              "duration": 3013,
              "state": "passed",
              "speed": null,
              "pass": true,
              "fail": false,
              "pending": false,
              "context": null,
              "code": "import { INestApplication } from '@nestjs/common';\nimport { Test, TestingModule } from '@nestjs/testing';\nimport { delay, tcName, TCRedisOptions, testContainers } from '@tresdoce-nestjs-toolkit/test-utils';\nimport { RedisModule } from '../redis/redis.module';\nimport { RedisService } from '../redis/services/redis.service';\n\ndescribe('RedisService', () => {\n  let app: INestApplication;\n  let container: testContainers;\n  let service: RedisService;\n\n  beforeAll(async () => {\n    container = await new testContainers('redis:6.2-alpine', {\n      ...TCRedisOptions,\n      command: ['redis-server', '--appendonly', 'yes', '--requirepass', '123456'],\n      containerName: `${tcName}-redis-service`,\n    });\n    await container.start();\n  });\n\n  afterAll(async () => {\n    await container.stop({ removeVolumes: true });\n  });\n\n  beforeEach(async () => {\n    const module: TestingModule = await Test.createTestingModule({\n      imports: [\n        RedisModule.register({\n          name: 'test-redis-module',\n          username: encodeURIComponent('default'),\n          password: encodeURIComponent('123456'),\n          host: global.hostContainer,\n          port: parseInt('6379', 10),\n        }),\n      ],\n      providers: [RedisService],\n    }).compile();\n\n    app = module.createNestApplication();\n    service = module.get(RedisService);\n    await app.init();\n  });\n\n  afterEach(async () => {\n    await app.close();\n  });\n\n  it('should be defined', async () => {\n    await expect(app).toBeDefined();\n  }, 50000);\n\n  it('should be return echo', async () => {\n    const msg = 'hello world';\n    expect(await service.echo(msg)).toEqual(msg);\n  });\n\n  it('should be return false if key dont exist in redis', async () => {\n    expect(await service.exists('myKey')).toBeFalsy();\n  });\n\n  it('should be return OK when set value in redis', async () => {\n    expect(await service.set('myKey', 'hello world')).toEqual('OK');\n  });\n\n  it('should be return value of key', async () => {\n    expect(await service.get('myKey')).toEqual('hello world');\n  });\n\n  it('should be return true if key exist in redis', async () => {\n    expect(await service.exists('myKey')).toBeTruthy();\n  });\n\n  it('should be set value in redis with expiration date', async () => {\n    expect(await service.set('myKeyEx', 'hello world', 2)).toEqual('OK');\n    expect(await service.exists('myKeyEx')).toBeTruthy();\n    await delay(3000);\n    expect(await service.exists('myKeyEx')).toBeFalsy();\n  });\n\n  it('should be return true when copy key', async () => {\n    expect(await service.copy('myKey', 'copyKey')).toBeTruthy();\n  });\n\n  it('should be return false when copy key', async () => {\n    expect(await service.copy('myKey2', 'copyKey')).toBeFalsy();\n  });\n\n  it('should be rename a key', async () => {\n    expect(await service.rename('copyKey', 'newKey')).toEqual('OK');\n  });\n\n  it('should be return false when delete a key', async () => {\n    expect(await service.del('testKey')).toBeFalsy();\n  });\n\n  it('should be return true when delete a key', async () => {\n    expect(await service.del('newKey')).toBeTruthy();\n  });\n\n  it('should be flush all', async () => {\n    expect(await service.flushAll()).toEqual('OK');\n    expect(await service.get('myKey')).toBeNull();\n  });\n});\n",
              "err": {},
              "uuid": "ecd8ff1b-6689-4e70-b1e5-723ab8418a66",
              "parentUUID": "3303d720-c1a9-47f5-ae1d-6c23ff8bc45a",
              "isHook": false,
              "skipped": false
            },
            {
              "fullTitle": "RedisService > should be return true when copy key",
              "title": "RedisService > should be return true when copy key",
              "timedOut": false,
              "duration": 9,
              "state": "passed",
              "speed": null,
              "pass": true,
              "fail": false,
              "pending": false,
              "context": null,
              "code": "import { INestApplication } from '@nestjs/common';\nimport { Test, TestingModule } from '@nestjs/testing';\nimport { delay, tcName, TCRedisOptions, testContainers } from '@tresdoce-nestjs-toolkit/test-utils';\nimport { RedisModule } from '../redis/redis.module';\nimport { RedisService } from '../redis/services/redis.service';\n\ndescribe('RedisService', () => {\n  let app: INestApplication;\n  let container: testContainers;\n  let service: RedisService;\n\n  beforeAll(async () => {\n    container = await new testContainers('redis:6.2-alpine', {\n      ...TCRedisOptions,\n      command: ['redis-server', '--appendonly', 'yes', '--requirepass', '123456'],\n      containerName: `${tcName}-redis-service`,\n    });\n    await container.start();\n  });\n\n  afterAll(async () => {\n    await container.stop({ removeVolumes: true });\n  });\n\n  beforeEach(async () => {\n    const module: TestingModule = await Test.createTestingModule({\n      imports: [\n        RedisModule.register({\n          name: 'test-redis-module',\n          username: encodeURIComponent('default'),\n          password: encodeURIComponent('123456'),\n          host: global.hostContainer,\n          port: parseInt('6379', 10),\n        }),\n      ],\n      providers: [RedisService],\n    }).compile();\n\n    app = module.createNestApplication();\n    service = module.get(RedisService);\n    await app.init();\n  });\n\n  afterEach(async () => {\n    await app.close();\n  });\n\n  it('should be defined', async () => {\n    await expect(app).toBeDefined();\n  }, 50000);\n\n  it('should be return echo', async () => {\n    const msg = 'hello world';\n    expect(await service.echo(msg)).toEqual(msg);\n  });\n\n  it('should be return false if key dont exist in redis', async () => {\n    expect(await service.exists('myKey')).toBeFalsy();\n  });\n\n  it('should be return OK when set value in redis', async () => {\n    expect(await service.set('myKey', 'hello world')).toEqual('OK');\n  });\n\n  it('should be return value of key', async () => {\n    expect(await service.get('myKey')).toEqual('hello world');\n  });\n\n  it('should be return true if key exist in redis', async () => {\n    expect(await service.exists('myKey')).toBeTruthy();\n  });\n\n  it('should be set value in redis with expiration date', async () => {\n    expect(await service.set('myKeyEx', 'hello world', 2)).toEqual('OK');\n    expect(await service.exists('myKeyEx')).toBeTruthy();\n    await delay(3000);\n    expect(await service.exists('myKeyEx')).toBeFalsy();\n  });\n\n  it('should be return true when copy key', async () => {\n    expect(await service.copy('myKey', 'copyKey')).toBeTruthy();\n  });\n\n  it('should be return false when copy key', async () => {\n    expect(await service.copy('myKey2', 'copyKey')).toBeFalsy();\n  });\n\n  it('should be rename a key', async () => {\n    expect(await service.rename('copyKey', 'newKey')).toEqual('OK');\n  });\n\n  it('should be return false when delete a key', async () => {\n    expect(await service.del('testKey')).toBeFalsy();\n  });\n\n  it('should be return true when delete a key', async () => {\n    expect(await service.del('newKey')).toBeTruthy();\n  });\n\n  it('should be flush all', async () => {\n    expect(await service.flushAll()).toEqual('OK');\n    expect(await service.get('myKey')).toBeNull();\n  });\n});\n",
              "err": {},
              "uuid": "0f6e8981-d35f-4d8e-88df-5f43494abf79",
              "parentUUID": "3303d720-c1a9-47f5-ae1d-6c23ff8bc45a",
              "isHook": false,
              "skipped": false
            },
            {
              "fullTitle": "RedisService > should be return false when copy key",
              "title": "RedisService > should be return false when copy key",
              "timedOut": false,
              "duration": 11,
              "state": "passed",
              "speed": null,
              "pass": true,
              "fail": false,
              "pending": false,
              "context": null,
              "code": "import { INestApplication } from '@nestjs/common';\nimport { Test, TestingModule } from '@nestjs/testing';\nimport { delay, tcName, TCRedisOptions, testContainers } from '@tresdoce-nestjs-toolkit/test-utils';\nimport { RedisModule } from '../redis/redis.module';\nimport { RedisService } from '../redis/services/redis.service';\n\ndescribe('RedisService', () => {\n  let app: INestApplication;\n  let container: testContainers;\n  let service: RedisService;\n\n  beforeAll(async () => {\n    container = await new testContainers('redis:6.2-alpine', {\n      ...TCRedisOptions,\n      command: ['redis-server', '--appendonly', 'yes', '--requirepass', '123456'],\n      containerName: `${tcName}-redis-service`,\n    });\n    await container.start();\n  });\n\n  afterAll(async () => {\n    await container.stop({ removeVolumes: true });\n  });\n\n  beforeEach(async () => {\n    const module: TestingModule = await Test.createTestingModule({\n      imports: [\n        RedisModule.register({\n          name: 'test-redis-module',\n          username: encodeURIComponent('default'),\n          password: encodeURIComponent('123456'),\n          host: global.hostContainer,\n          port: parseInt('6379', 10),\n        }),\n      ],\n      providers: [RedisService],\n    }).compile();\n\n    app = module.createNestApplication();\n    service = module.get(RedisService);\n    await app.init();\n  });\n\n  afterEach(async () => {\n    await app.close();\n  });\n\n  it('should be defined', async () => {\n    await expect(app).toBeDefined();\n  }, 50000);\n\n  it('should be return echo', async () => {\n    const msg = 'hello world';\n    expect(await service.echo(msg)).toEqual(msg);\n  });\n\n  it('should be return false if key dont exist in redis', async () => {\n    expect(await service.exists('myKey')).toBeFalsy();\n  });\n\n  it('should be return OK when set value in redis', async () => {\n    expect(await service.set('myKey', 'hello world')).toEqual('OK');\n  });\n\n  it('should be return value of key', async () => {\n    expect(await service.get('myKey')).toEqual('hello world');\n  });\n\n  it('should be return true if key exist in redis', async () => {\n    expect(await service.exists('myKey')).toBeTruthy();\n  });\n\n  it('should be set value in redis with expiration date', async () => {\n    expect(await service.set('myKeyEx', 'hello world', 2)).toEqual('OK');\n    expect(await service.exists('myKeyEx')).toBeTruthy();\n    await delay(3000);\n    expect(await service.exists('myKeyEx')).toBeFalsy();\n  });\n\n  it('should be return true when copy key', async () => {\n    expect(await service.copy('myKey', 'copyKey')).toBeTruthy();\n  });\n\n  it('should be return false when copy key', async () => {\n    expect(await service.copy('myKey2', 'copyKey')).toBeFalsy();\n  });\n\n  it('should be rename a key', async () => {\n    expect(await service.rename('copyKey', 'newKey')).toEqual('OK');\n  });\n\n  it('should be return false when delete a key', async () => {\n    expect(await service.del('testKey')).toBeFalsy();\n  });\n\n  it('should be return true when delete a key', async () => {\n    expect(await service.del('newKey')).toBeTruthy();\n  });\n\n  it('should be flush all', async () => {\n    expect(await service.flushAll()).toEqual('OK');\n    expect(await service.get('myKey')).toBeNull();\n  });\n});\n",
              "err": {},
              "uuid": "b626dd69-4d03-47aa-be52-c4ac9b6b674a",
              "parentUUID": "3303d720-c1a9-47f5-ae1d-6c23ff8bc45a",
              "isHook": false,
              "skipped": false
            },
            {
              "fullTitle": "RedisService > should be rename a key",
              "title": "RedisService > should be rename a key",
              "timedOut": false,
              "duration": 9,
              "state": "passed",
              "speed": null,
              "pass": true,
              "fail": false,
              "pending": false,
              "context": null,
              "code": "import { INestApplication } from '@nestjs/common';\nimport { Test, TestingModule } from '@nestjs/testing';\nimport { delay, tcName, TCRedisOptions, testContainers } from '@tresdoce-nestjs-toolkit/test-utils';\nimport { RedisModule } from '../redis/redis.module';\nimport { RedisService } from '../redis/services/redis.service';\n\ndescribe('RedisService', () => {\n  let app: INestApplication;\n  let container: testContainers;\n  let service: RedisService;\n\n  beforeAll(async () => {\n    container = await new testContainers('redis:6.2-alpine', {\n      ...TCRedisOptions,\n      command: ['redis-server', '--appendonly', 'yes', '--requirepass', '123456'],\n      containerName: `${tcName}-redis-service`,\n    });\n    await container.start();\n  });\n\n  afterAll(async () => {\n    await container.stop({ removeVolumes: true });\n  });\n\n  beforeEach(async () => {\n    const module: TestingModule = await Test.createTestingModule({\n      imports: [\n        RedisModule.register({\n          name: 'test-redis-module',\n          username: encodeURIComponent('default'),\n          password: encodeURIComponent('123456'),\n          host: global.hostContainer,\n          port: parseInt('6379', 10),\n        }),\n      ],\n      providers: [RedisService],\n    }).compile();\n\n    app = module.createNestApplication();\n    service = module.get(RedisService);\n    await app.init();\n  });\n\n  afterEach(async () => {\n    await app.close();\n  });\n\n  it('should be defined', async () => {\n    await expect(app).toBeDefined();\n  }, 50000);\n\n  it('should be return echo', async () => {\n    const msg = 'hello world';\n    expect(await service.echo(msg)).toEqual(msg);\n  });\n\n  it('should be return false if key dont exist in redis', async () => {\n    expect(await service.exists('myKey')).toBeFalsy();\n  });\n\n  it('should be return OK when set value in redis', async () => {\n    expect(await service.set('myKey', 'hello world')).toEqual('OK');\n  });\n\n  it('should be return value of key', async () => {\n    expect(await service.get('myKey')).toEqual('hello world');\n  });\n\n  it('should be return true if key exist in redis', async () => {\n    expect(await service.exists('myKey')).toBeTruthy();\n  });\n\n  it('should be set value in redis with expiration date', async () => {\n    expect(await service.set('myKeyEx', 'hello world', 2)).toEqual('OK');\n    expect(await service.exists('myKeyEx')).toBeTruthy();\n    await delay(3000);\n    expect(await service.exists('myKeyEx')).toBeFalsy();\n  });\n\n  it('should be return true when copy key', async () => {\n    expect(await service.copy('myKey', 'copyKey')).toBeTruthy();\n  });\n\n  it('should be return false when copy key', async () => {\n    expect(await service.copy('myKey2', 'copyKey')).toBeFalsy();\n  });\n\n  it('should be rename a key', async () => {\n    expect(await service.rename('copyKey', 'newKey')).toEqual('OK');\n  });\n\n  it('should be return false when delete a key', async () => {\n    expect(await service.del('testKey')).toBeFalsy();\n  });\n\n  it('should be return true when delete a key', async () => {\n    expect(await service.del('newKey')).toBeTruthy();\n  });\n\n  it('should be flush all', async () => {\n    expect(await service.flushAll()).toEqual('OK');\n    expect(await service.get('myKey')).toBeNull();\n  });\n});\n",
              "err": {},
              "uuid": "1a201b90-0a85-4fcc-8ef7-61155092cfe7",
              "parentUUID": "3303d720-c1a9-47f5-ae1d-6c23ff8bc45a",
              "isHook": false,
              "skipped": false
            },
            {
              "fullTitle": "RedisService > should be return false when delete a key",
              "title": "RedisService > should be return false when delete a key",
              "timedOut": false,
              "duration": 8,
              "state": "passed",
              "speed": null,
              "pass": true,
              "fail": false,
              "pending": false,
              "context": null,
              "code": "import { INestApplication } from '@nestjs/common';\nimport { Test, TestingModule } from '@nestjs/testing';\nimport { delay, tcName, TCRedisOptions, testContainers } from '@tresdoce-nestjs-toolkit/test-utils';\nimport { RedisModule } from '../redis/redis.module';\nimport { RedisService } from '../redis/services/redis.service';\n\ndescribe('RedisService', () => {\n  let app: INestApplication;\n  let container: testContainers;\n  let service: RedisService;\n\n  beforeAll(async () => {\n    container = await new testContainers('redis:6.2-alpine', {\n      ...TCRedisOptions,\n      command: ['redis-server', '--appendonly', 'yes', '--requirepass', '123456'],\n      containerName: `${tcName}-redis-service`,\n    });\n    await container.start();\n  });\n\n  afterAll(async () => {\n    await container.stop({ removeVolumes: true });\n  });\n\n  beforeEach(async () => {\n    const module: TestingModule = await Test.createTestingModule({\n      imports: [\n        RedisModule.register({\n          name: 'test-redis-module',\n          username: encodeURIComponent('default'),\n          password: encodeURIComponent('123456'),\n          host: global.hostContainer,\n          port: parseInt('6379', 10),\n        }),\n      ],\n      providers: [RedisService],\n    }).compile();\n\n    app = module.createNestApplication();\n    service = module.get(RedisService);\n    await app.init();\n  });\n\n  afterEach(async () => {\n    await app.close();\n  });\n\n  it('should be defined', async () => {\n    await expect(app).toBeDefined();\n  }, 50000);\n\n  it('should be return echo', async () => {\n    const msg = 'hello world';\n    expect(await service.echo(msg)).toEqual(msg);\n  });\n\n  it('should be return false if key dont exist in redis', async () => {\n    expect(await service.exists('myKey')).toBeFalsy();\n  });\n\n  it('should be return OK when set value in redis', async () => {\n    expect(await service.set('myKey', 'hello world')).toEqual('OK');\n  });\n\n  it('should be return value of key', async () => {\n    expect(await service.get('myKey')).toEqual('hello world');\n  });\n\n  it('should be return true if key exist in redis', async () => {\n    expect(await service.exists('myKey')).toBeTruthy();\n  });\n\n  it('should be set value in redis with expiration date', async () => {\n    expect(await service.set('myKeyEx', 'hello world', 2)).toEqual('OK');\n    expect(await service.exists('myKeyEx')).toBeTruthy();\n    await delay(3000);\n    expect(await service.exists('myKeyEx')).toBeFalsy();\n  });\n\n  it('should be return true when copy key', async () => {\n    expect(await service.copy('myKey', 'copyKey')).toBeTruthy();\n  });\n\n  it('should be return false when copy key', async () => {\n    expect(await service.copy('myKey2', 'copyKey')).toBeFalsy();\n  });\n\n  it('should be rename a key', async () => {\n    expect(await service.rename('copyKey', 'newKey')).toEqual('OK');\n  });\n\n  it('should be return false when delete a key', async () => {\n    expect(await service.del('testKey')).toBeFalsy();\n  });\n\n  it('should be return true when delete a key', async () => {\n    expect(await service.del('newKey')).toBeTruthy();\n  });\n\n  it('should be flush all', async () => {\n    expect(await service.flushAll()).toEqual('OK');\n    expect(await service.get('myKey')).toBeNull();\n  });\n});\n",
              "err": {},
              "uuid": "19393224-8f15-41f2-baa2-9c757526a20d",
              "parentUUID": "3303d720-c1a9-47f5-ae1d-6c23ff8bc45a",
              "isHook": false,
              "skipped": false
            },
            {
              "fullTitle": "RedisService > should be return true when delete a key",
              "title": "RedisService > should be return true when delete a key",
              "timedOut": false,
              "duration": 7,
              "state": "passed",
              "speed": null,
              "pass": true,
              "fail": false,
              "pending": false,
              "context": null,
              "code": "import { INestApplication } from '@nestjs/common';\nimport { Test, TestingModule } from '@nestjs/testing';\nimport { delay, tcName, TCRedisOptions, testContainers } from '@tresdoce-nestjs-toolkit/test-utils';\nimport { RedisModule } from '../redis/redis.module';\nimport { RedisService } from '../redis/services/redis.service';\n\ndescribe('RedisService', () => {\n  let app: INestApplication;\n  let container: testContainers;\n  let service: RedisService;\n\n  beforeAll(async () => {\n    container = await new testContainers('redis:6.2-alpine', {\n      ...TCRedisOptions,\n      command: ['redis-server', '--appendonly', 'yes', '--requirepass', '123456'],\n      containerName: `${tcName}-redis-service`,\n    });\n    await container.start();\n  });\n\n  afterAll(async () => {\n    await container.stop({ removeVolumes: true });\n  });\n\n  beforeEach(async () => {\n    const module: TestingModule = await Test.createTestingModule({\n      imports: [\n        RedisModule.register({\n          name: 'test-redis-module',\n          username: encodeURIComponent('default'),\n          password: encodeURIComponent('123456'),\n          host: global.hostContainer,\n          port: parseInt('6379', 10),\n        }),\n      ],\n      providers: [RedisService],\n    }).compile();\n\n    app = module.createNestApplication();\n    service = module.get(RedisService);\n    await app.init();\n  });\n\n  afterEach(async () => {\n    await app.close();\n  });\n\n  it('should be defined', async () => {\n    await expect(app).toBeDefined();\n  }, 50000);\n\n  it('should be return echo', async () => {\n    const msg = 'hello world';\n    expect(await service.echo(msg)).toEqual(msg);\n  });\n\n  it('should be return false if key dont exist in redis', async () => {\n    expect(await service.exists('myKey')).toBeFalsy();\n  });\n\n  it('should be return OK when set value in redis', async () => {\n    expect(await service.set('myKey', 'hello world')).toEqual('OK');\n  });\n\n  it('should be return value of key', async () => {\n    expect(await service.get('myKey')).toEqual('hello world');\n  });\n\n  it('should be return true if key exist in redis', async () => {\n    expect(await service.exists('myKey')).toBeTruthy();\n  });\n\n  it('should be set value in redis with expiration date', async () => {\n    expect(await service.set('myKeyEx', 'hello world', 2)).toEqual('OK');\n    expect(await service.exists('myKeyEx')).toBeTruthy();\n    await delay(3000);\n    expect(await service.exists('myKeyEx')).toBeFalsy();\n  });\n\n  it('should be return true when copy key', async () => {\n    expect(await service.copy('myKey', 'copyKey')).toBeTruthy();\n  });\n\n  it('should be return false when copy key', async () => {\n    expect(await service.copy('myKey2', 'copyKey')).toBeFalsy();\n  });\n\n  it('should be rename a key', async () => {\n    expect(await service.rename('copyKey', 'newKey')).toEqual('OK');\n  });\n\n  it('should be return false when delete a key', async () => {\n    expect(await service.del('testKey')).toBeFalsy();\n  });\n\n  it('should be return true when delete a key', async () => {\n    expect(await service.del('newKey')).toBeTruthy();\n  });\n\n  it('should be flush all', async () => {\n    expect(await service.flushAll()).toEqual('OK');\n    expect(await service.get('myKey')).toBeNull();\n  });\n});\n",
              "err": {},
              "uuid": "f5f27999-551c-44ca-92ec-f97e7f0d61ad",
              "parentUUID": "3303d720-c1a9-47f5-ae1d-6c23ff8bc45a",
              "isHook": false,
              "skipped": false
            },
            {
              "fullTitle": "RedisService > should be flush all",
              "title": "RedisService > should be flush all",
              "timedOut": false,
              "duration": 11,
              "state": "passed",
              "speed": null,
              "pass": true,
              "fail": false,
              "pending": false,
              "context": null,
              "code": "import { INestApplication } from '@nestjs/common';\nimport { Test, TestingModule } from '@nestjs/testing';\nimport { delay, tcName, TCRedisOptions, testContainers } from '@tresdoce-nestjs-toolkit/test-utils';\nimport { RedisModule } from '../redis/redis.module';\nimport { RedisService } from '../redis/services/redis.service';\n\ndescribe('RedisService', () => {\n  let app: INestApplication;\n  let container: testContainers;\n  let service: RedisService;\n\n  beforeAll(async () => {\n    container = await new testContainers('redis:6.2-alpine', {\n      ...TCRedisOptions,\n      command: ['redis-server', '--appendonly', 'yes', '--requirepass', '123456'],\n      containerName: `${tcName}-redis-service`,\n    });\n    await container.start();\n  });\n\n  afterAll(async () => {\n    await container.stop({ removeVolumes: true });\n  });\n\n  beforeEach(async () => {\n    const module: TestingModule = await Test.createTestingModule({\n      imports: [\n        RedisModule.register({\n          name: 'test-redis-module',\n          username: encodeURIComponent('default'),\n          password: encodeURIComponent('123456'),\n          host: global.hostContainer,\n          port: parseInt('6379', 10),\n        }),\n      ],\n      providers: [RedisService],\n    }).compile();\n\n    app = module.createNestApplication();\n    service = module.get(RedisService);\n    await app.init();\n  });\n\n  afterEach(async () => {\n    await app.close();\n  });\n\n  it('should be defined', async () => {\n    await expect(app).toBeDefined();\n  }, 50000);\n\n  it('should be return echo', async () => {\n    const msg = 'hello world';\n    expect(await service.echo(msg)).toEqual(msg);\n  });\n\n  it('should be return false if key dont exist in redis', async () => {\n    expect(await service.exists('myKey')).toBeFalsy();\n  });\n\n  it('should be return OK when set value in redis', async () => {\n    expect(await service.set('myKey', 'hello world')).toEqual('OK');\n  });\n\n  it('should be return value of key', async () => {\n    expect(await service.get('myKey')).toEqual('hello world');\n  });\n\n  it('should be return true if key exist in redis', async () => {\n    expect(await service.exists('myKey')).toBeTruthy();\n  });\n\n  it('should be set value in redis with expiration date', async () => {\n    expect(await service.set('myKeyEx', 'hello world', 2)).toEqual('OK');\n    expect(await service.exists('myKeyEx')).toBeTruthy();\n    await delay(3000);\n    expect(await service.exists('myKeyEx')).toBeFalsy();\n  });\n\n  it('should be return true when copy key', async () => {\n    expect(await service.copy('myKey', 'copyKey')).toBeTruthy();\n  });\n\n  it('should be return false when copy key', async () => {\n    expect(await service.copy('myKey2', 'copyKey')).toBeFalsy();\n  });\n\n  it('should be rename a key', async () => {\n    expect(await service.rename('copyKey', 'newKey')).toEqual('OK');\n  });\n\n  it('should be return false when delete a key', async () => {\n    expect(await service.del('testKey')).toBeFalsy();\n  });\n\n  it('should be return true when delete a key', async () => {\n    expect(await service.del('newKey')).toBeTruthy();\n  });\n\n  it('should be flush all', async () => {\n    expect(await service.flushAll()).toEqual('OK');\n    expect(await service.get('myKey')).toBeNull();\n  });\n});\n",
              "err": {},
              "uuid": "9fc526d8-40b3-4244-b402-828afd0321b1",
              "parentUUID": "3303d720-c1a9-47f5-ae1d-6c23ff8bc45a",
              "isHook": false,
              "skipped": false
            },
            {
              "fullTitle": "RedisModule > with auth > forRootAsync > should be defined",
              "title": "RedisModule > with auth > forRootAsync > should be defined",
              "timedOut": false,
              "duration": 93,
              "state": "passed",
              "speed": null,
              "pass": true,
              "fail": false,
              "pending": false,
              "context": null,
              "code": "import { INestApplication } from '@nestjs/common';\nimport { Test, TestingModule } from '@nestjs/testing';\nimport { ConfigModule } from '@nestjs/config';\nimport { tcName, TCRedisOptions, testContainers } from '@tresdoce-nestjs-toolkit/test-utils';\n\nimport { RedisModule } from '../redis/redis.module';\nimport { config } from './utils';\n\njest.setTimeout(70000);\ndescribe('RedisModule', () => {\n  describe('with auth', () => {\n    let app: INestApplication;\n    let container: testContainers;\n\n    beforeAll(async () => {\n      container = await new testContainers('redis:6.2-alpine', {\n        ...TCRedisOptions,\n        command: ['redis-server', '--appendonly', 'yes', '--requirepass', '123456'],\n        containerName: `${tcName}-redis-module-with-auth`,\n      });\n      await container.start();\n    });\n\n    afterAll(async () => {\n      await container.stop({ removeVolumes: true });\n    });\n\n    describe('forRootAsync', () => {\n      beforeEach(async () => {\n        const module: TestingModule = await Test.createTestingModule({\n          imports: [\n            ConfigModule.forRoot({\n              isGlobal: true,\n              load: [config],\n            }),\n            RedisModule,\n          ],\n        }).compile();\n\n        app = module.createNestApplication();\n        await app.init();\n      });\n\n      afterEach(async () => {\n        await app.close();\n      });\n\n      it('should be defined', async () => {\n        await expect(app).toBeDefined();\n      }, 50000);\n    });\n\n    describe('register', () => {\n      beforeEach(async () => {\n        const module: TestingModule = await Test.createTestingModule({\n          imports: [\n            RedisModule.register({\n              name: 'test-redis-module',\n              username: encodeURIComponent('default'),\n              password: encodeURIComponent('123456'),\n              host: global.hostContainer,\n              port: parseInt('6379', 10),\n            }),\n          ],\n        }).compile();\n\n        app = module.createNestApplication();\n        await app.init();\n      });\n\n      afterEach(async () => {\n        await app.close();\n      });\n\n      it('should be defined', async () => {\n        await expect(app).toBeDefined();\n      }, 50000);\n    });\n  });\n\n  describe('without auth', () => {\n    let app: INestApplication;\n    let container: testContainers;\n\n    beforeAll(async () => {\n      container = await new testContainers('redis:6.2-alpine', {\n        ...TCRedisOptions,\n        containerName: `${tcName}-redis-module-without-auth`,\n        envs: {},\n        ports: [\n          {\n            container: 6379,\n            host: 6380,\n          },\n        ],\n      });\n      await container.start();\n    });\n\n    afterAll(async () => {\n      await container.stop({ removeVolumes: true });\n    });\n\n    beforeEach(async () => {\n      const module: TestingModule = await Test.createTestingModule({\n        imports: [\n          RedisModule.register({\n            host: global.hostContainer,\n            port: parseInt('6380', 10),\n            database: 1,\n          }),\n        ],\n      }).compile();\n\n      app = module.createNestApplication();\n      await app.init();\n    });\n\n    afterEach(async () => {\n      await app.close();\n    });\n\n    it('should be defined', async () => {\n      await expect(app).toBeDefined();\n    }, 50000);\n  });\n});\n",
              "err": {},
              "uuid": "cc6c7419-103b-4703-b3bb-5f41d8d7cdbb",
              "parentUUID": "3303d720-c1a9-47f5-ae1d-6c23ff8bc45a",
              "isHook": false,
              "skipped": false
            },
            {
              "fullTitle": "RedisModule > with auth > forRootAsync > should be defined",
              "title": "RedisModule > with auth > forRootAsync > should be defined",
              "timedOut": false,
              "duration": 11,
              "state": "passed",
              "speed": null,
              "pass": true,
              "fail": false,
              "pending": false,
              "context": null,
              "code": "import { INestApplication } from '@nestjs/common';\nimport { Test, TestingModule } from '@nestjs/testing';\nimport { ConfigModule } from '@nestjs/config';\nimport { tcName, TCRedisOptions, testContainers } from '@tresdoce-nestjs-toolkit/test-utils';\n\nimport { RedisModule } from '../redis/redis.module';\nimport { config } from './utils';\n\njest.setTimeout(70000);\ndescribe('RedisModule', () => {\n  describe('with auth', () => {\n    let app: INestApplication;\n    let container: testContainers;\n\n    beforeAll(async () => {\n      container = await new testContainers('redis:6.2-alpine', {\n        ...TCRedisOptions,\n        command: ['redis-server', '--appendonly', 'yes', '--requirepass', '123456'],\n        containerName: `${tcName}-redis-module-with-auth`,\n      });\n      await container.start();\n    });\n\n    afterAll(async () => {\n      await container.stop({ removeVolumes: true });\n    });\n\n    describe('forRootAsync', () => {\n      beforeEach(async () => {\n        const module: TestingModule = await Test.createTestingModule({\n          imports: [\n            ConfigModule.forRoot({\n              isGlobal: true,\n              load: [config],\n            }),\n            RedisModule,\n          ],\n        }).compile();\n\n        app = module.createNestApplication();\n        await app.init();\n      });\n\n      afterEach(async () => {\n        await app.close();\n      });\n\n      it('should be defined', async () => {\n        await expect(app).toBeDefined();\n      }, 50000);\n    });\n\n    describe('register', () => {\n      beforeEach(async () => {\n        const module: TestingModule = await Test.createTestingModule({\n          imports: [\n            RedisModule.register({\n              name: 'test-redis-module',\n              username: encodeURIComponent('default'),\n              password: encodeURIComponent('123456'),\n              host: global.hostContainer,\n              port: parseInt('6379', 10),\n            }),\n          ],\n        }).compile();\n\n        app = module.createNestApplication();\n        await app.init();\n      });\n\n      afterEach(async () => {\n        await app.close();\n      });\n\n      it('should be defined', async () => {\n        await expect(app).toBeDefined();\n      }, 50000);\n    });\n  });\n\n  describe('without auth', () => {\n    let app: INestApplication;\n    let container: testContainers;\n\n    beforeAll(async () => {\n      container = await new testContainers('redis:6.2-alpine', {\n        ...TCRedisOptions,\n        containerName: `${tcName}-redis-module-without-auth`,\n        envs: {},\n        ports: [\n          {\n            container: 6379,\n            host: 6380,\n          },\n        ],\n      });\n      await container.start();\n    });\n\n    afterAll(async () => {\n      await container.stop({ removeVolumes: true });\n    });\n\n    beforeEach(async () => {\n      const module: TestingModule = await Test.createTestingModule({\n        imports: [\n          RedisModule.register({\n            host: global.hostContainer,\n            port: parseInt('6380', 10),\n            database: 1,\n          }),\n        ],\n      }).compile();\n\n      app = module.createNestApplication();\n      await app.init();\n    });\n\n    afterEach(async () => {\n      await app.close();\n    });\n\n    it('should be defined', async () => {\n      await expect(app).toBeDefined();\n    }, 50000);\n  });\n});\n",
              "err": {},
              "uuid": "fd8ea324-28b9-467d-9768-d4535f9404df",
              "parentUUID": "3303d720-c1a9-47f5-ae1d-6c23ff8bc45a",
              "isHook": false,
              "skipped": false
            },
            {
              "fullTitle": "RedisModule > with auth > forRootAsync > should be defined",
              "title": "RedisModule > with auth > forRootAsync > should be defined",
              "timedOut": false,
              "duration": 10,
              "state": "passed",
              "speed": null,
              "pass": true,
              "fail": false,
              "pending": false,
              "context": null,
              "code": "import { INestApplication } from '@nestjs/common';\nimport { Test, TestingModule } from '@nestjs/testing';\nimport { ConfigModule } from '@nestjs/config';\nimport { tcName, TCRedisOptions, testContainers } from '@tresdoce-nestjs-toolkit/test-utils';\n\nimport { RedisModule } from '../redis/redis.module';\nimport { config } from './utils';\n\njest.setTimeout(70000);\ndescribe('RedisModule', () => {\n  describe('with auth', () => {\n    let app: INestApplication;\n    let container: testContainers;\n\n    beforeAll(async () => {\n      container = await new testContainers('redis:6.2-alpine', {\n        ...TCRedisOptions,\n        command: ['redis-server', '--appendonly', 'yes', '--requirepass', '123456'],\n        containerName: `${tcName}-redis-module-with-auth`,\n      });\n      await container.start();\n    });\n\n    afterAll(async () => {\n      await container.stop({ removeVolumes: true });\n    });\n\n    describe('forRootAsync', () => {\n      beforeEach(async () => {\n        const module: TestingModule = await Test.createTestingModule({\n          imports: [\n            ConfigModule.forRoot({\n              isGlobal: true,\n              load: [config],\n            }),\n            RedisModule,\n          ],\n        }).compile();\n\n        app = module.createNestApplication();\n        await app.init();\n      });\n\n      afterEach(async () => {\n        await app.close();\n      });\n\n      it('should be defined', async () => {\n        await expect(app).toBeDefined();\n      }, 50000);\n    });\n\n    describe('register', () => {\n      beforeEach(async () => {\n        const module: TestingModule = await Test.createTestingModule({\n          imports: [\n            RedisModule.register({\n              name: 'test-redis-module',\n              username: encodeURIComponent('default'),\n              password: encodeURIComponent('123456'),\n              host: global.hostContainer,\n              port: parseInt('6379', 10),\n            }),\n          ],\n        }).compile();\n\n        app = module.createNestApplication();\n        await app.init();\n      });\n\n      afterEach(async () => {\n        await app.close();\n      });\n\n      it('should be defined', async () => {\n        await expect(app).toBeDefined();\n      }, 50000);\n    });\n  });\n\n  describe('without auth', () => {\n    let app: INestApplication;\n    let container: testContainers;\n\n    beforeAll(async () => {\n      container = await new testContainers('redis:6.2-alpine', {\n        ...TCRedisOptions,\n        containerName: `${tcName}-redis-module-without-auth`,\n        envs: {},\n        ports: [\n          {\n            container: 6379,\n            host: 6380,\n          },\n        ],\n      });\n      await container.start();\n    });\n\n    afterAll(async () => {\n      await container.stop({ removeVolumes: true });\n    });\n\n    beforeEach(async () => {\n      const module: TestingModule = await Test.createTestingModule({\n        imports: [\n          RedisModule.register({\n            host: global.hostContainer,\n            port: parseInt('6380', 10),\n            database: 1,\n          }),\n        ],\n      }).compile();\n\n      app = module.createNestApplication();\n      await app.init();\n    });\n\n    afterEach(async () => {\n      await app.close();\n    });\n\n    it('should be defined', async () => {\n      await expect(app).toBeDefined();\n    }, 50000);\n  });\n});\n",
              "err": {},
              "uuid": "9b2efa8a-1844-4f6b-8074-10397a7a3be6",
              "parentUUID": "3303d720-c1a9-47f5-ae1d-6c23ff8bc45a",
              "isHook": false,
              "skipped": false
            }
          ],
          "suites": [],
          "passes": [
            "bd9c9dfc-0ff8-4bb6-a933-9407259f241a",
            "cfa3a31a-83de-4849-a853-5b90f6cce48d",
            "f6240f56-9767-42a5-9f76-384bc4549947",
            "76a6d80d-7808-4c2c-9fad-42c3abb749d8",
            "73dd8ad1-eae5-45b5-a944-862f824b4fb8",
            "349a33e8-f54b-4609-8b7f-d422aa5dd8ee",
            "ecd8ff1b-6689-4e70-b1e5-723ab8418a66",
            "0f6e8981-d35f-4d8e-88df-5f43494abf79",
            "b626dd69-4d03-47aa-be52-c4ac9b6b674a",
            "1a201b90-0a85-4fcc-8ef7-61155092cfe7",
            "19393224-8f15-41f2-baa2-9c757526a20d",
            "f5f27999-551c-44ca-92ec-f97e7f0d61ad",
            "9fc526d8-40b3-4244-b402-828afd0321b1",
            "cc6c7419-103b-4703-b3bb-5f41d8d7cdbb",
            "fd8ea324-28b9-467d-9768-d4535f9404df",
            "9b2efa8a-1844-4f6b-8074-10397a7a3be6"
          ],
          "failures": [],
          "pending": [],
          "skipped": [],
          "duration": 3414,
          "root": false,
          "rootEmpty": false,
          "_timeout": 5000
        }
      ],
      "passes": [],
      "failures": [],
      "pending": [],
      "skipped": [],
      "duration": 0,
      "root": true,
      "rootEmpty": true,
      "_timeout": 5000
    }
  ]
}
