{
  "stats": {
    "suites": 2,
    "tests": 16,
    "passes": 16,
    "pending": 0,
    "failures": 0,
    "testsRegistered": 16,
    "passPercent": 100,
    "pendingPercent": 0,
    "other": 0,
    "hasOther": false,
    "skipped": 0,
    "hasSkipped": false,
    "start": "2023-05-01T23:15:11.770Z",
    "end": "2023-05-01T23:15:15.297Z",
    "duration": 3527
  },
  "results": [
    {
      "uuid": "b1ae7732-f6f9-4b35-bdc9-7cb731197494",
      "title": "@tresdoce-nestjs-toolkit/redis",
      "fullFile": "",
      "file": "",
      "beforeHooks": [],
      "afterHooks": [],
      "tests": [],
      "suites": [
        {
          "uuid": "c066cbab-30c3-4943-9cb2-43f271803edd",
          "title": "@tresdoce-nestjs-toolkit/redis",
          "fullFile": "",
          "file": "",
          "beforeHooks": [],
          "afterHooks": [],
          "tests": [
            {
              "title": "should be defined",
              "fullTitle": "RedisService > should be defined",
              "timedOut": false,
              "duration": 188,
              "state": "passed",
              "speed": null,
              "pass": true,
              "fail": false,
              "pending": false,
              "context": null,
              "code": "",
              "err": {},
              "uuid": "b259693c-1d0d-4db5-9d5b-c085c6bdfe40",
              "parentUUID": "c066cbab-30c3-4943-9cb2-43f271803edd",
              "isHook": false,
              "skipped": false
            },
            {
              "title": "should be return echo",
              "fullTitle": "RedisService > should be return echo",
              "timedOut": false,
              "duration": 13,
              "state": "passed",
              "speed": null,
              "pass": true,
              "fail": false,
              "pending": false,
              "context": null,
              "code": "",
              "err": {},
              "uuid": "f7ffd330-9c6c-42cb-a256-ca6df511a521",
              "parentUUID": "c066cbab-30c3-4943-9cb2-43f271803edd",
              "isHook": false,
              "skipped": false
            },
            {
              "title": "should be return false if key dont exist in redis",
              "fullTitle": "RedisService > should be return false if key dont exist in redis",
              "timedOut": false,
              "duration": 10,
              "state": "passed",
              "speed": null,
              "pass": true,
              "fail": false,
              "pending": false,
              "context": null,
              "code": "",
              "err": {},
              "uuid": "2c410e8e-1b9f-4bb6-a2ab-26a642a48501",
              "parentUUID": "c066cbab-30c3-4943-9cb2-43f271803edd",
              "isHook": false,
              "skipped": false
            },
            {
              "title": "should be return OK when set value in redis",
              "fullTitle": "RedisService > should be return OK when set value in redis",
              "timedOut": false,
              "duration": 13,
              "state": "passed",
              "speed": null,
              "pass": true,
              "fail": false,
              "pending": false,
              "context": null,
              "code": "",
              "err": {},
              "uuid": "7fefc0c3-566b-4ef2-838a-d79f3409c6de",
              "parentUUID": "c066cbab-30c3-4943-9cb2-43f271803edd",
              "isHook": false,
              "skipped": false
            },
            {
              "title": "should be return value of key",
              "fullTitle": "RedisService > should be return value of key",
              "timedOut": false,
              "duration": 10,
              "state": "passed",
              "speed": null,
              "pass": true,
              "fail": false,
              "pending": false,
              "context": null,
              "code": "",
              "err": {},
              "uuid": "d584cca6-2857-4836-8c1a-0eade57e7ecd",
              "parentUUID": "c066cbab-30c3-4943-9cb2-43f271803edd",
              "isHook": false,
              "skipped": false
            },
            {
              "title": "should be return true if key exist in redis",
              "fullTitle": "RedisService > should be return true if key exist in redis",
              "timedOut": false,
              "duration": 11,
              "state": "passed",
              "speed": null,
              "pass": true,
              "fail": false,
              "pending": false,
              "context": null,
              "code": "",
              "err": {},
              "uuid": "bf20617a-edc9-4e34-8907-6f15a5dff48d",
              "parentUUID": "c066cbab-30c3-4943-9cb2-43f271803edd",
              "isHook": false,
              "skipped": false
            },
            {
              "title": "should be set value in redis with expiration date",
              "fullTitle": "RedisService > should be set value in redis with expiration date",
              "timedOut": false,
              "duration": 3015,
              "state": "passed",
              "speed": null,
              "pass": true,
              "fail": false,
              "pending": false,
              "context": null,
              "code": "",
              "err": {},
              "uuid": "4a96d2b0-6259-43f5-aa8b-020ab81783e9",
              "parentUUID": "c066cbab-30c3-4943-9cb2-43f271803edd",
              "isHook": false,
              "skipped": false
            },
            {
              "title": "should be return true when copy key",
              "fullTitle": "RedisService > should be return true when copy key",
              "timedOut": false,
              "duration": 13,
              "state": "passed",
              "speed": null,
              "pass": true,
              "fail": false,
              "pending": false,
              "context": null,
              "code": "",
              "err": {},
              "uuid": "229956a3-fe4b-4590-aa16-967d0ee693d1",
              "parentUUID": "c066cbab-30c3-4943-9cb2-43f271803edd",
              "isHook": false,
              "skipped": false
            },
            {
              "title": "should be return false when copy key",
              "fullTitle": "RedisService > should be return false when copy key",
              "timedOut": false,
              "duration": 14,
              "state": "passed",
              "speed": null,
              "pass": true,
              "fail": false,
              "pending": false,
              "context": null,
              "code": "",
              "err": {},
              "uuid": "baa6aaee-57d2-4489-ba52-9fd661f56926",
              "parentUUID": "c066cbab-30c3-4943-9cb2-43f271803edd",
              "isHook": false,
              "skipped": false
            },
            {
              "title": "should be rename a key",
              "fullTitle": "RedisService > should be rename a key",
              "timedOut": false,
              "duration": 12,
              "state": "passed",
              "speed": null,
              "pass": true,
              "fail": false,
              "pending": false,
              "context": null,
              "code": "",
              "err": {},
              "uuid": "777d9e84-c925-41d4-b52f-6ffd2c9cf133",
              "parentUUID": "c066cbab-30c3-4943-9cb2-43f271803edd",
              "isHook": false,
              "skipped": false
            },
            {
              "title": "should be return false when delete a key",
              "fullTitle": "RedisService > should be return false when delete a key",
              "timedOut": false,
              "duration": 12,
              "state": "passed",
              "speed": null,
              "pass": true,
              "fail": false,
              "pending": false,
              "context": null,
              "code": "",
              "err": {},
              "uuid": "bd8488cc-db0d-4405-bbd3-165a10c40273",
              "parentUUID": "c066cbab-30c3-4943-9cb2-43f271803edd",
              "isHook": false,
              "skipped": false
            },
            {
              "title": "should be return true when delete a key",
              "fullTitle": "RedisService > should be return true when delete a key",
              "timedOut": false,
              "duration": 9,
              "state": "passed",
              "speed": null,
              "pass": true,
              "fail": false,
              "pending": false,
              "context": null,
              "code": "",
              "err": {},
              "uuid": "76a89e0f-af35-49c5-844c-f3a107df12f4",
              "parentUUID": "c066cbab-30c3-4943-9cb2-43f271803edd",
              "isHook": false,
              "skipped": false
            },
            {
              "title": "should be flush all",
              "fullTitle": "RedisService > should be flush all",
              "timedOut": false,
              "duration": 12,
              "state": "passed",
              "speed": null,
              "pass": true,
              "fail": false,
              "pending": false,
              "context": null,
              "code": "",
              "err": {},
              "uuid": "89e0fae6-0776-426e-a92b-fc0efcba64ce",
              "parentUUID": "c066cbab-30c3-4943-9cb2-43f271803edd",
              "isHook": false,
              "skipped": false
            },
            {
              "title": "should be defined",
              "fullTitle": "RedisModule > with auth > forRootAsync > should be defined",
              "timedOut": false,
              "duration": 159,
              "state": "passed",
              "speed": null,
              "pass": true,
              "fail": false,
              "pending": false,
              "context": null,
              "code": "",
              "err": {},
              "uuid": "b03cdc0f-d548-4539-9223-44fba9cde9b2",
              "parentUUID": "c066cbab-30c3-4943-9cb2-43f271803edd",
              "isHook": false,
              "skipped": false
            },
            {
              "title": "should be defined",
              "fullTitle": "RedisModule > with auth > forRootAsync > should be defined",
              "timedOut": false,
              "duration": 18,
              "state": "passed",
              "speed": null,
              "pass": true,
              "fail": false,
              "pending": false,
              "context": null,
              "code": "",
              "err": {},
              "uuid": "fe7623cd-bfd4-4410-ae93-c4f4caabc9b9",
              "parentUUID": "c066cbab-30c3-4943-9cb2-43f271803edd",
              "isHook": false,
              "skipped": false
            },
            {
              "title": "should be defined",
              "fullTitle": "RedisModule > with auth > forRootAsync > should be defined",
              "timedOut": false,
              "duration": 18,
              "state": "passed",
              "speed": null,
              "pass": true,
              "fail": false,
              "pending": false,
              "context": null,
              "code": "",
              "err": {},
              "uuid": "baeed068-4a64-4cf6-97b7-30d01c3f6af3",
              "parentUUID": "c066cbab-30c3-4943-9cb2-43f271803edd",
              "isHook": false,
              "skipped": false
            }
          ],
          "suites": [],
          "passes": [
            "b259693c-1d0d-4db5-9d5b-c085c6bdfe40",
            "f7ffd330-9c6c-42cb-a256-ca6df511a521",
            "2c410e8e-1b9f-4bb6-a2ab-26a642a48501",
            "7fefc0c3-566b-4ef2-838a-d79f3409c6de",
            "d584cca6-2857-4836-8c1a-0eade57e7ecd",
            "bf20617a-edc9-4e34-8907-6f15a5dff48d",
            "4a96d2b0-6259-43f5-aa8b-020ab81783e9",
            "229956a3-fe4b-4590-aa16-967d0ee693d1",
            "baa6aaee-57d2-4489-ba52-9fd661f56926",
            "777d9e84-c925-41d4-b52f-6ffd2c9cf133",
            "bd8488cc-db0d-4405-bbd3-165a10c40273",
            "76a89e0f-af35-49c5-844c-f3a107df12f4",
            "89e0fae6-0776-426e-a92b-fc0efcba64ce",
            "b03cdc0f-d548-4539-9223-44fba9cde9b2",
            "fe7623cd-bfd4-4410-ae93-c4f4caabc9b9",
            "baeed068-4a64-4cf6-97b7-30d01c3f6af3"
          ],
          "failures": [],
          "pending": [],
          "skipped": [],
          "duration": 3527,
          "root": false,
          "rootEmpty": false,
          "_timeout": 5000
        }
      ],
      "passes": [],
      "failures": [],
      "pending": [],
      "skipped": [],
      "duration": 0,
      "root": true,
      "rootEmpty": true,
      "_timeout": 5000
    }
  ]
}
