{
  "stats": {
    "suites": 2,
    "tests": 16,
    "passes": 16,
    "pending": 0,
    "failures": 0,
    "testsRegistered": 16,
    "passPercent": 100,
    "pendingPercent": 0,
    "other": 0,
    "hasOther": false,
    "skipped": 0,
    "hasSkipped": false,
    "start": "2023-05-02T02:22:42.283Z",
    "end": "2023-05-02T02:22:45.695Z",
    "duration": 3412
  },
  "results": [
    {
      "uuid": "d250b8f9-1e1d-4ac0-89ae-760943016deb",
      "title": "@tresdoce-nestjs-toolkit/redis",
      "fullFile": "",
      "file": "",
      "beforeHooks": [],
      "afterHooks": [],
      "tests": [],
      "suites": [
        {
          "uuid": "7508d625-fcef-4569-ade0-8664de66d08b",
          "title": "@tresdoce-nestjs-toolkit/redis",
          "fullFile": "",
          "file": "",
          "beforeHooks": [],
          "afterHooks": [],
          "tests": [
            {
              "title": "RedisService > should be defined",
              "fullTitle": "should be defined",
              "timedOut": false,
              "duration": 171,
              "state": "passed",
              "speed": null,
              "pass": true,
              "fail": false,
              "pending": false,
              "context": null,
              "code": "import { INestApplication } from '@nestjs/common';\nimport { Test, TestingModule } from '@nestjs/testing';\nimport { delay, tcName, TCRedisOptions, testContainers } from '@tresdoce-nestjs-toolkit/test-utils';\nimport { RedisModule } from '../redis/redis.module';\nimport { RedisService } from '../redis/services/redis.service';\n\ndescribe('RedisService', () => {\n  let app: INestApplication;\n  let container: testContainers;\n  let service: RedisService;\n\n  beforeAll(async () => {\n    container = await new testContainers('redis:6.2-alpine', {\n      ...TCRedisOptions,\n      command: ['redis-server', '--appendonly', 'yes', '--requirepass', '123456'],\n      containerName: `${tcName}-redis-service`,\n    });\n    await container.start();\n  });\n\n  afterAll(async () => {\n    await container.stop({ removeVolumes: true });\n  });\n\n  beforeEach(async () => {\n    const module: TestingModule = await Test.createTestingModule({\n      imports: [\n        RedisModule.register({\n          name: 'test-redis-module',\n          username: encodeURIComponent('default'),\n          password: encodeURIComponent('123456'),\n          host: global.hostContainer,\n          port: parseInt('6379', 10),\n        }),\n      ],\n      providers: [RedisService],\n    }).compile();\n\n    app = module.createNestApplication();\n    service = module.get(RedisService);\n    await app.init();\n  });\n\n  afterEach(async () => {\n    await app.close();\n  });\n\n  it('should be defined', async () => {\n    await expect(app).toBeDefined();\n  }, 50000);\n\n  it('should be return echo', async () => {\n    const msg = 'hello world';\n    expect(await service.echo(msg)).toEqual(msg);\n  });\n\n  it('should be return false if key dont exist in redis', async () => {\n    expect(await service.exists('myKey')).toBeFalsy();\n  });\n\n  it('should be return OK when set value in redis', async () => {\n    expect(await service.set('myKey', 'hello world')).toEqual('OK');\n  });\n\n  it('should be return value of key', async () => {\n    expect(await service.get('myKey')).toEqual('hello world');\n  });\n\n  it('should be return true if key exist in redis', async () => {\n    expect(await service.exists('myKey')).toBeTruthy();\n  });\n\n  it('should be set value in redis with expiration date', async () => {\n    expect(await service.set('myKeyEx', 'hello world', 2)).toEqual('OK');\n    expect(await service.exists('myKeyEx')).toBeTruthy();\n    await delay(3000);\n    expect(await service.exists('myKeyEx')).toBeFalsy();\n  });\n\n  it('should be return true when copy key', async () => {\n    expect(await service.copy('myKey', 'copyKey')).toBeTruthy();\n  });\n\n  it('should be return false when copy key', async () => {\n    expect(await service.copy('myKey2', 'copyKey')).toBeFalsy();\n  });\n\n  it('should be rename a key', async () => {\n    expect(await service.rename('copyKey', 'newKey')).toEqual('OK');\n  });\n\n  it('should be return false when delete a key', async () => {\n    expect(await service.del('testKey')).toBeFalsy();\n  });\n\n  it('should be return true when delete a key', async () => {\n    expect(await service.del('newKey')).toBeTruthy();\n  });\n\n  it('should be flush all', async () => {\n    expect(await service.flushAll()).toEqual('OK');\n    expect(await service.get('myKey')).toBeNull();\n  });\n});\n",
              "err": {},
              "uuid": "73cb961c-fc6d-4264-b384-fdf57eb67c04",
              "parentUUID": "7508d625-fcef-4569-ade0-8664de66d08b",
              "isHook": false,
              "skipped": false
            },
            {
              "title": "RedisService > should be return echo",
              "fullTitle": "should be return echo",
              "timedOut": false,
              "duration": 13,
              "state": "passed",
              "speed": null,
              "pass": true,
              "fail": false,
              "pending": false,
              "context": null,
              "code": "import { INestApplication } from '@nestjs/common';\nimport { Test, TestingModule } from '@nestjs/testing';\nimport { delay, tcName, TCRedisOptions, testContainers } from '@tresdoce-nestjs-toolkit/test-utils';\nimport { RedisModule } from '../redis/redis.module';\nimport { RedisService } from '../redis/services/redis.service';\n\ndescribe('RedisService', () => {\n  let app: INestApplication;\n  let container: testContainers;\n  let service: RedisService;\n\n  beforeAll(async () => {\n    container = await new testContainers('redis:6.2-alpine', {\n      ...TCRedisOptions,\n      command: ['redis-server', '--appendonly', 'yes', '--requirepass', '123456'],\n      containerName: `${tcName}-redis-service`,\n    });\n    await container.start();\n  });\n\n  afterAll(async () => {\n    await container.stop({ removeVolumes: true });\n  });\n\n  beforeEach(async () => {\n    const module: TestingModule = await Test.createTestingModule({\n      imports: [\n        RedisModule.register({\n          name: 'test-redis-module',\n          username: encodeURIComponent('default'),\n          password: encodeURIComponent('123456'),\n          host: global.hostContainer,\n          port: parseInt('6379', 10),\n        }),\n      ],\n      providers: [RedisService],\n    }).compile();\n\n    app = module.createNestApplication();\n    service = module.get(RedisService);\n    await app.init();\n  });\n\n  afterEach(async () => {\n    await app.close();\n  });\n\n  it('should be defined', async () => {\n    await expect(app).toBeDefined();\n  }, 50000);\n\n  it('should be return echo', async () => {\n    const msg = 'hello world';\n    expect(await service.echo(msg)).toEqual(msg);\n  });\n\n  it('should be return false if key dont exist in redis', async () => {\n    expect(await service.exists('myKey')).toBeFalsy();\n  });\n\n  it('should be return OK when set value in redis', async () => {\n    expect(await service.set('myKey', 'hello world')).toEqual('OK');\n  });\n\n  it('should be return value of key', async () => {\n    expect(await service.get('myKey')).toEqual('hello world');\n  });\n\n  it('should be return true if key exist in redis', async () => {\n    expect(await service.exists('myKey')).toBeTruthy();\n  });\n\n  it('should be set value in redis with expiration date', async () => {\n    expect(await service.set('myKeyEx', 'hello world', 2)).toEqual('OK');\n    expect(await service.exists('myKeyEx')).toBeTruthy();\n    await delay(3000);\n    expect(await service.exists('myKeyEx')).toBeFalsy();\n  });\n\n  it('should be return true when copy key', async () => {\n    expect(await service.copy('myKey', 'copyKey')).toBeTruthy();\n  });\n\n  it('should be return false when copy key', async () => {\n    expect(await service.copy('myKey2', 'copyKey')).toBeFalsy();\n  });\n\n  it('should be rename a key', async () => {\n    expect(await service.rename('copyKey', 'newKey')).toEqual('OK');\n  });\n\n  it('should be return false when delete a key', async () => {\n    expect(await service.del('testKey')).toBeFalsy();\n  });\n\n  it('should be return true when delete a key', async () => {\n    expect(await service.del('newKey')).toBeTruthy();\n  });\n\n  it('should be flush all', async () => {\n    expect(await service.flushAll()).toEqual('OK');\n    expect(await service.get('myKey')).toBeNull();\n  });\n});\n",
              "err": {},
              "uuid": "95285352-2111-466f-8944-7915747b9573",
              "parentUUID": "7508d625-fcef-4569-ade0-8664de66d08b",
              "isHook": false,
              "skipped": false
            },
            {
              "title": "RedisService > should be return false if key dont exist in redis",
              "fullTitle": "should be return false if key dont exist in redis",
              "timedOut": false,
              "duration": 10,
              "state": "passed",
              "speed": null,
              "pass": true,
              "fail": false,
              "pending": false,
              "context": null,
              "code": "import { INestApplication } from '@nestjs/common';\nimport { Test, TestingModule } from '@nestjs/testing';\nimport { delay, tcName, TCRedisOptions, testContainers } from '@tresdoce-nestjs-toolkit/test-utils';\nimport { RedisModule } from '../redis/redis.module';\nimport { RedisService } from '../redis/services/redis.service';\n\ndescribe('RedisService', () => {\n  let app: INestApplication;\n  let container: testContainers;\n  let service: RedisService;\n\n  beforeAll(async () => {\n    container = await new testContainers('redis:6.2-alpine', {\n      ...TCRedisOptions,\n      command: ['redis-server', '--appendonly', 'yes', '--requirepass', '123456'],\n      containerName: `${tcName}-redis-service`,\n    });\n    await container.start();\n  });\n\n  afterAll(async () => {\n    await container.stop({ removeVolumes: true });\n  });\n\n  beforeEach(async () => {\n    const module: TestingModule = await Test.createTestingModule({\n      imports: [\n        RedisModule.register({\n          name: 'test-redis-module',\n          username: encodeURIComponent('default'),\n          password: encodeURIComponent('123456'),\n          host: global.hostContainer,\n          port: parseInt('6379', 10),\n        }),\n      ],\n      providers: [RedisService],\n    }).compile();\n\n    app = module.createNestApplication();\n    service = module.get(RedisService);\n    await app.init();\n  });\n\n  afterEach(async () => {\n    await app.close();\n  });\n\n  it('should be defined', async () => {\n    await expect(app).toBeDefined();\n  }, 50000);\n\n  it('should be return echo', async () => {\n    const msg = 'hello world';\n    expect(await service.echo(msg)).toEqual(msg);\n  });\n\n  it('should be return false if key dont exist in redis', async () => {\n    expect(await service.exists('myKey')).toBeFalsy();\n  });\n\n  it('should be return OK when set value in redis', async () => {\n    expect(await service.set('myKey', 'hello world')).toEqual('OK');\n  });\n\n  it('should be return value of key', async () => {\n    expect(await service.get('myKey')).toEqual('hello world');\n  });\n\n  it('should be return true if key exist in redis', async () => {\n    expect(await service.exists('myKey')).toBeTruthy();\n  });\n\n  it('should be set value in redis with expiration date', async () => {\n    expect(await service.set('myKeyEx', 'hello world', 2)).toEqual('OK');\n    expect(await service.exists('myKeyEx')).toBeTruthy();\n    await delay(3000);\n    expect(await service.exists('myKeyEx')).toBeFalsy();\n  });\n\n  it('should be return true when copy key', async () => {\n    expect(await service.copy('myKey', 'copyKey')).toBeTruthy();\n  });\n\n  it('should be return false when copy key', async () => {\n    expect(await service.copy('myKey2', 'copyKey')).toBeFalsy();\n  });\n\n  it('should be rename a key', async () => {\n    expect(await service.rename('copyKey', 'newKey')).toEqual('OK');\n  });\n\n  it('should be return false when delete a key', async () => {\n    expect(await service.del('testKey')).toBeFalsy();\n  });\n\n  it('should be return true when delete a key', async () => {\n    expect(await service.del('newKey')).toBeTruthy();\n  });\n\n  it('should be flush all', async () => {\n    expect(await service.flushAll()).toEqual('OK');\n    expect(await service.get('myKey')).toBeNull();\n  });\n});\n",
              "err": {},
              "uuid": "e4bb8061-c960-4545-851a-bd6e16de15cd",
              "parentUUID": "7508d625-fcef-4569-ade0-8664de66d08b",
              "isHook": false,
              "skipped": false
            },
            {
              "title": "RedisService > should be return OK when set value in redis",
              "fullTitle": "should be return OK when set value in redis",
              "timedOut": false,
              "duration": 9,
              "state": "passed",
              "speed": null,
              "pass": true,
              "fail": false,
              "pending": false,
              "context": null,
              "code": "import { INestApplication } from '@nestjs/common';\nimport { Test, TestingModule } from '@nestjs/testing';\nimport { delay, tcName, TCRedisOptions, testContainers } from '@tresdoce-nestjs-toolkit/test-utils';\nimport { RedisModule } from '../redis/redis.module';\nimport { RedisService } from '../redis/services/redis.service';\n\ndescribe('RedisService', () => {\n  let app: INestApplication;\n  let container: testContainers;\n  let service: RedisService;\n\n  beforeAll(async () => {\n    container = await new testContainers('redis:6.2-alpine', {\n      ...TCRedisOptions,\n      command: ['redis-server', '--appendonly', 'yes', '--requirepass', '123456'],\n      containerName: `${tcName}-redis-service`,\n    });\n    await container.start();\n  });\n\n  afterAll(async () => {\n    await container.stop({ removeVolumes: true });\n  });\n\n  beforeEach(async () => {\n    const module: TestingModule = await Test.createTestingModule({\n      imports: [\n        RedisModule.register({\n          name: 'test-redis-module',\n          username: encodeURIComponent('default'),\n          password: encodeURIComponent('123456'),\n          host: global.hostContainer,\n          port: parseInt('6379', 10),\n        }),\n      ],\n      providers: [RedisService],\n    }).compile();\n\n    app = module.createNestApplication();\n    service = module.get(RedisService);\n    await app.init();\n  });\n\n  afterEach(async () => {\n    await app.close();\n  });\n\n  it('should be defined', async () => {\n    await expect(app).toBeDefined();\n  }, 50000);\n\n  it('should be return echo', async () => {\n    const msg = 'hello world';\n    expect(await service.echo(msg)).toEqual(msg);\n  });\n\n  it('should be return false if key dont exist in redis', async () => {\n    expect(await service.exists('myKey')).toBeFalsy();\n  });\n\n  it('should be return OK when set value in redis', async () => {\n    expect(await service.set('myKey', 'hello world')).toEqual('OK');\n  });\n\n  it('should be return value of key', async () => {\n    expect(await service.get('myKey')).toEqual('hello world');\n  });\n\n  it('should be return true if key exist in redis', async () => {\n    expect(await service.exists('myKey')).toBeTruthy();\n  });\n\n  it('should be set value in redis with expiration date', async () => {\n    expect(await service.set('myKeyEx', 'hello world', 2)).toEqual('OK');\n    expect(await service.exists('myKeyEx')).toBeTruthy();\n    await delay(3000);\n    expect(await service.exists('myKeyEx')).toBeFalsy();\n  });\n\n  it('should be return true when copy key', async () => {\n    expect(await service.copy('myKey', 'copyKey')).toBeTruthy();\n  });\n\n  it('should be return false when copy key', async () => {\n    expect(await service.copy('myKey2', 'copyKey')).toBeFalsy();\n  });\n\n  it('should be rename a key', async () => {\n    expect(await service.rename('copyKey', 'newKey')).toEqual('OK');\n  });\n\n  it('should be return false when delete a key', async () => {\n    expect(await service.del('testKey')).toBeFalsy();\n  });\n\n  it('should be return true when delete a key', async () => {\n    expect(await service.del('newKey')).toBeTruthy();\n  });\n\n  it('should be flush all', async () => {\n    expect(await service.flushAll()).toEqual('OK');\n    expect(await service.get('myKey')).toBeNull();\n  });\n});\n",
              "err": {},
              "uuid": "0d8453fb-622f-4bc1-af5c-5f12c50f84ad",
              "parentUUID": "7508d625-fcef-4569-ade0-8664de66d08b",
              "isHook": false,
              "skipped": false
            },
            {
              "title": "RedisService > should be return value of key",
              "fullTitle": "should be return value of key",
              "timedOut": false,
              "duration": 10,
              "state": "passed",
              "speed": null,
              "pass": true,
              "fail": false,
              "pending": false,
              "context": null,
              "code": "import { INestApplication } from '@nestjs/common';\nimport { Test, TestingModule } from '@nestjs/testing';\nimport { delay, tcName, TCRedisOptions, testContainers } from '@tresdoce-nestjs-toolkit/test-utils';\nimport { RedisModule } from '../redis/redis.module';\nimport { RedisService } from '../redis/services/redis.service';\n\ndescribe('RedisService', () => {\n  let app: INestApplication;\n  let container: testContainers;\n  let service: RedisService;\n\n  beforeAll(async () => {\n    container = await new testContainers('redis:6.2-alpine', {\n      ...TCRedisOptions,\n      command: ['redis-server', '--appendonly', 'yes', '--requirepass', '123456'],\n      containerName: `${tcName}-redis-service`,\n    });\n    await container.start();\n  });\n\n  afterAll(async () => {\n    await container.stop({ removeVolumes: true });\n  });\n\n  beforeEach(async () => {\n    const module: TestingModule = await Test.createTestingModule({\n      imports: [\n        RedisModule.register({\n          name: 'test-redis-module',\n          username: encodeURIComponent('default'),\n          password: encodeURIComponent('123456'),\n          host: global.hostContainer,\n          port: parseInt('6379', 10),\n        }),\n      ],\n      providers: [RedisService],\n    }).compile();\n\n    app = module.createNestApplication();\n    service = module.get(RedisService);\n    await app.init();\n  });\n\n  afterEach(async () => {\n    await app.close();\n  });\n\n  it('should be defined', async () => {\n    await expect(app).toBeDefined();\n  }, 50000);\n\n  it('should be return echo', async () => {\n    const msg = 'hello world';\n    expect(await service.echo(msg)).toEqual(msg);\n  });\n\n  it('should be return false if key dont exist in redis', async () => {\n    expect(await service.exists('myKey')).toBeFalsy();\n  });\n\n  it('should be return OK when set value in redis', async () => {\n    expect(await service.set('myKey', 'hello world')).toEqual('OK');\n  });\n\n  it('should be return value of key', async () => {\n    expect(await service.get('myKey')).toEqual('hello world');\n  });\n\n  it('should be return true if key exist in redis', async () => {\n    expect(await service.exists('myKey')).toBeTruthy();\n  });\n\n  it('should be set value in redis with expiration date', async () => {\n    expect(await service.set('myKeyEx', 'hello world', 2)).toEqual('OK');\n    expect(await service.exists('myKeyEx')).toBeTruthy();\n    await delay(3000);\n    expect(await service.exists('myKeyEx')).toBeFalsy();\n  });\n\n  it('should be return true when copy key', async () => {\n    expect(await service.copy('myKey', 'copyKey')).toBeTruthy();\n  });\n\n  it('should be return false when copy key', async () => {\n    expect(await service.copy('myKey2', 'copyKey')).toBeFalsy();\n  });\n\n  it('should be rename a key', async () => {\n    expect(await service.rename('copyKey', 'newKey')).toEqual('OK');\n  });\n\n  it('should be return false when delete a key', async () => {\n    expect(await service.del('testKey')).toBeFalsy();\n  });\n\n  it('should be return true when delete a key', async () => {\n    expect(await service.del('newKey')).toBeTruthy();\n  });\n\n  it('should be flush all', async () => {\n    expect(await service.flushAll()).toEqual('OK');\n    expect(await service.get('myKey')).toBeNull();\n  });\n});\n",
              "err": {},
              "uuid": "d6012023-e815-44eb-9ca0-e6758a62319d",
              "parentUUID": "7508d625-fcef-4569-ade0-8664de66d08b",
              "isHook": false,
              "skipped": false
            },
            {
              "title": "RedisService > should be return true if key exist in redis",
              "fullTitle": "should be return true if key exist in redis",
              "timedOut": false,
              "duration": 9,
              "state": "passed",
              "speed": null,
              "pass": true,
              "fail": false,
              "pending": false,
              "context": null,
              "code": "import { INestApplication } from '@nestjs/common';\nimport { Test, TestingModule } from '@nestjs/testing';\nimport { delay, tcName, TCRedisOptions, testContainers } from '@tresdoce-nestjs-toolkit/test-utils';\nimport { RedisModule } from '../redis/redis.module';\nimport { RedisService } from '../redis/services/redis.service';\n\ndescribe('RedisService', () => {\n  let app: INestApplication;\n  let container: testContainers;\n  let service: RedisService;\n\n  beforeAll(async () => {\n    container = await new testContainers('redis:6.2-alpine', {\n      ...TCRedisOptions,\n      command: ['redis-server', '--appendonly', 'yes', '--requirepass', '123456'],\n      containerName: `${tcName}-redis-service`,\n    });\n    await container.start();\n  });\n\n  afterAll(async () => {\n    await container.stop({ removeVolumes: true });\n  });\n\n  beforeEach(async () => {\n    const module: TestingModule = await Test.createTestingModule({\n      imports: [\n        RedisModule.register({\n          name: 'test-redis-module',\n          username: encodeURIComponent('default'),\n          password: encodeURIComponent('123456'),\n          host: global.hostContainer,\n          port: parseInt('6379', 10),\n        }),\n      ],\n      providers: [RedisService],\n    }).compile();\n\n    app = module.createNestApplication();\n    service = module.get(RedisService);\n    await app.init();\n  });\n\n  afterEach(async () => {\n    await app.close();\n  });\n\n  it('should be defined', async () => {\n    await expect(app).toBeDefined();\n  }, 50000);\n\n  it('should be return echo', async () => {\n    const msg = 'hello world';\n    expect(await service.echo(msg)).toEqual(msg);\n  });\n\n  it('should be return false if key dont exist in redis', async () => {\n    expect(await service.exists('myKey')).toBeFalsy();\n  });\n\n  it('should be return OK when set value in redis', async () => {\n    expect(await service.set('myKey', 'hello world')).toEqual('OK');\n  });\n\n  it('should be return value of key', async () => {\n    expect(await service.get('myKey')).toEqual('hello world');\n  });\n\n  it('should be return true if key exist in redis', async () => {\n    expect(await service.exists('myKey')).toBeTruthy();\n  });\n\n  it('should be set value in redis with expiration date', async () => {\n    expect(await service.set('myKeyEx', 'hello world', 2)).toEqual('OK');\n    expect(await service.exists('myKeyEx')).toBeTruthy();\n    await delay(3000);\n    expect(await service.exists('myKeyEx')).toBeFalsy();\n  });\n\n  it('should be return true when copy key', async () => {\n    expect(await service.copy('myKey', 'copyKey')).toBeTruthy();\n  });\n\n  it('should be return false when copy key', async () => {\n    expect(await service.copy('myKey2', 'copyKey')).toBeFalsy();\n  });\n\n  it('should be rename a key', async () => {\n    expect(await service.rename('copyKey', 'newKey')).toEqual('OK');\n  });\n\n  it('should be return false when delete a key', async () => {\n    expect(await service.del('testKey')).toBeFalsy();\n  });\n\n  it('should be return true when delete a key', async () => {\n    expect(await service.del('newKey')).toBeTruthy();\n  });\n\n  it('should be flush all', async () => {\n    expect(await service.flushAll()).toEqual('OK');\n    expect(await service.get('myKey')).toBeNull();\n  });\n});\n",
              "err": {},
              "uuid": "e5e2afda-8e61-43a1-8d83-57bfda31f850",
              "parentUUID": "7508d625-fcef-4569-ade0-8664de66d08b",
              "isHook": false,
              "skipped": false
            },
            {
              "title": "RedisService > should be set value in redis with expiration date",
              "fullTitle": "should be set value in redis with expiration date",
              "timedOut": false,
              "duration": 3013,
              "state": "passed",
              "speed": null,
              "pass": true,
              "fail": false,
              "pending": false,
              "context": null,
              "code": "import { INestApplication } from '@nestjs/common';\nimport { Test, TestingModule } from '@nestjs/testing';\nimport { delay, tcName, TCRedisOptions, testContainers } from '@tresdoce-nestjs-toolkit/test-utils';\nimport { RedisModule } from '../redis/redis.module';\nimport { RedisService } from '../redis/services/redis.service';\n\ndescribe('RedisService', () => {\n  let app: INestApplication;\n  let container: testContainers;\n  let service: RedisService;\n\n  beforeAll(async () => {\n    container = await new testContainers('redis:6.2-alpine', {\n      ...TCRedisOptions,\n      command: ['redis-server', '--appendonly', 'yes', '--requirepass', '123456'],\n      containerName: `${tcName}-redis-service`,\n    });\n    await container.start();\n  });\n\n  afterAll(async () => {\n    await container.stop({ removeVolumes: true });\n  });\n\n  beforeEach(async () => {\n    const module: TestingModule = await Test.createTestingModule({\n      imports: [\n        RedisModule.register({\n          name: 'test-redis-module',\n          username: encodeURIComponent('default'),\n          password: encodeURIComponent('123456'),\n          host: global.hostContainer,\n          port: parseInt('6379', 10),\n        }),\n      ],\n      providers: [RedisService],\n    }).compile();\n\n    app = module.createNestApplication();\n    service = module.get(RedisService);\n    await app.init();\n  });\n\n  afterEach(async () => {\n    await app.close();\n  });\n\n  it('should be defined', async () => {\n    await expect(app).toBeDefined();\n  }, 50000);\n\n  it('should be return echo', async () => {\n    const msg = 'hello world';\n    expect(await service.echo(msg)).toEqual(msg);\n  });\n\n  it('should be return false if key dont exist in redis', async () => {\n    expect(await service.exists('myKey')).toBeFalsy();\n  });\n\n  it('should be return OK when set value in redis', async () => {\n    expect(await service.set('myKey', 'hello world')).toEqual('OK');\n  });\n\n  it('should be return value of key', async () => {\n    expect(await service.get('myKey')).toEqual('hello world');\n  });\n\n  it('should be return true if key exist in redis', async () => {\n    expect(await service.exists('myKey')).toBeTruthy();\n  });\n\n  it('should be set value in redis with expiration date', async () => {\n    expect(await service.set('myKeyEx', 'hello world', 2)).toEqual('OK');\n    expect(await service.exists('myKeyEx')).toBeTruthy();\n    await delay(3000);\n    expect(await service.exists('myKeyEx')).toBeFalsy();\n  });\n\n  it('should be return true when copy key', async () => {\n    expect(await service.copy('myKey', 'copyKey')).toBeTruthy();\n  });\n\n  it('should be return false when copy key', async () => {\n    expect(await service.copy('myKey2', 'copyKey')).toBeFalsy();\n  });\n\n  it('should be rename a key', async () => {\n    expect(await service.rename('copyKey', 'newKey')).toEqual('OK');\n  });\n\n  it('should be return false when delete a key', async () => {\n    expect(await service.del('testKey')).toBeFalsy();\n  });\n\n  it('should be return true when delete a key', async () => {\n    expect(await service.del('newKey')).toBeTruthy();\n  });\n\n  it('should be flush all', async () => {\n    expect(await service.flushAll()).toEqual('OK');\n    expect(await service.get('myKey')).toBeNull();\n  });\n});\n",
              "err": {},
              "uuid": "f76355fd-8851-47ec-b729-787521ea28f4",
              "parentUUID": "7508d625-fcef-4569-ade0-8664de66d08b",
              "isHook": false,
              "skipped": false
            },
            {
              "title": "RedisService > should be return true when copy key",
              "fullTitle": "should be return true when copy key",
              "timedOut": false,
              "duration": 11,
              "state": "passed",
              "speed": null,
              "pass": true,
              "fail": false,
              "pending": false,
              "context": null,
              "code": "import { INestApplication } from '@nestjs/common';\nimport { Test, TestingModule } from '@nestjs/testing';\nimport { delay, tcName, TCRedisOptions, testContainers } from '@tresdoce-nestjs-toolkit/test-utils';\nimport { RedisModule } from '../redis/redis.module';\nimport { RedisService } from '../redis/services/redis.service';\n\ndescribe('RedisService', () => {\n  let app: INestApplication;\n  let container: testContainers;\n  let service: RedisService;\n\n  beforeAll(async () => {\n    container = await new testContainers('redis:6.2-alpine', {\n      ...TCRedisOptions,\n      command: ['redis-server', '--appendonly', 'yes', '--requirepass', '123456'],\n      containerName: `${tcName}-redis-service`,\n    });\n    await container.start();\n  });\n\n  afterAll(async () => {\n    await container.stop({ removeVolumes: true });\n  });\n\n  beforeEach(async () => {\n    const module: TestingModule = await Test.createTestingModule({\n      imports: [\n        RedisModule.register({\n          name: 'test-redis-module',\n          username: encodeURIComponent('default'),\n          password: encodeURIComponent('123456'),\n          host: global.hostContainer,\n          port: parseInt('6379', 10),\n        }),\n      ],\n      providers: [RedisService],\n    }).compile();\n\n    app = module.createNestApplication();\n    service = module.get(RedisService);\n    await app.init();\n  });\n\n  afterEach(async () => {\n    await app.close();\n  });\n\n  it('should be defined', async () => {\n    await expect(app).toBeDefined();\n  }, 50000);\n\n  it('should be return echo', async () => {\n    const msg = 'hello world';\n    expect(await service.echo(msg)).toEqual(msg);\n  });\n\n  it('should be return false if key dont exist in redis', async () => {\n    expect(await service.exists('myKey')).toBeFalsy();\n  });\n\n  it('should be return OK when set value in redis', async () => {\n    expect(await service.set('myKey', 'hello world')).toEqual('OK');\n  });\n\n  it('should be return value of key', async () => {\n    expect(await service.get('myKey')).toEqual('hello world');\n  });\n\n  it('should be return true if key exist in redis', async () => {\n    expect(await service.exists('myKey')).toBeTruthy();\n  });\n\n  it('should be set value in redis with expiration date', async () => {\n    expect(await service.set('myKeyEx', 'hello world', 2)).toEqual('OK');\n    expect(await service.exists('myKeyEx')).toBeTruthy();\n    await delay(3000);\n    expect(await service.exists('myKeyEx')).toBeFalsy();\n  });\n\n  it('should be return true when copy key', async () => {\n    expect(await service.copy('myKey', 'copyKey')).toBeTruthy();\n  });\n\n  it('should be return false when copy key', async () => {\n    expect(await service.copy('myKey2', 'copyKey')).toBeFalsy();\n  });\n\n  it('should be rename a key', async () => {\n    expect(await service.rename('copyKey', 'newKey')).toEqual('OK');\n  });\n\n  it('should be return false when delete a key', async () => {\n    expect(await service.del('testKey')).toBeFalsy();\n  });\n\n  it('should be return true when delete a key', async () => {\n    expect(await service.del('newKey')).toBeTruthy();\n  });\n\n  it('should be flush all', async () => {\n    expect(await service.flushAll()).toEqual('OK');\n    expect(await service.get('myKey')).toBeNull();\n  });\n});\n",
              "err": {},
              "uuid": "e1131aa1-6ab2-4204-9157-eb093b8f706b",
              "parentUUID": "7508d625-fcef-4569-ade0-8664de66d08b",
              "isHook": false,
              "skipped": false
            },
            {
              "title": "RedisService > should be return false when copy key",
              "fullTitle": "should be return false when copy key",
              "timedOut": false,
              "duration": 13,
              "state": "passed",
              "speed": null,
              "pass": true,
              "fail": false,
              "pending": false,
              "context": null,
              "code": "import { INestApplication } from '@nestjs/common';\nimport { Test, TestingModule } from '@nestjs/testing';\nimport { delay, tcName, TCRedisOptions, testContainers } from '@tresdoce-nestjs-toolkit/test-utils';\nimport { RedisModule } from '../redis/redis.module';\nimport { RedisService } from '../redis/services/redis.service';\n\ndescribe('RedisService', () => {\n  let app: INestApplication;\n  let container: testContainers;\n  let service: RedisService;\n\n  beforeAll(async () => {\n    container = await new testContainers('redis:6.2-alpine', {\n      ...TCRedisOptions,\n      command: ['redis-server', '--appendonly', 'yes', '--requirepass', '123456'],\n      containerName: `${tcName}-redis-service`,\n    });\n    await container.start();\n  });\n\n  afterAll(async () => {\n    await container.stop({ removeVolumes: true });\n  });\n\n  beforeEach(async () => {\n    const module: TestingModule = await Test.createTestingModule({\n      imports: [\n        RedisModule.register({\n          name: 'test-redis-module',\n          username: encodeURIComponent('default'),\n          password: encodeURIComponent('123456'),\n          host: global.hostContainer,\n          port: parseInt('6379', 10),\n        }),\n      ],\n      providers: [RedisService],\n    }).compile();\n\n    app = module.createNestApplication();\n    service = module.get(RedisService);\n    await app.init();\n  });\n\n  afterEach(async () => {\n    await app.close();\n  });\n\n  it('should be defined', async () => {\n    await expect(app).toBeDefined();\n  }, 50000);\n\n  it('should be return echo', async () => {\n    const msg = 'hello world';\n    expect(await service.echo(msg)).toEqual(msg);\n  });\n\n  it('should be return false if key dont exist in redis', async () => {\n    expect(await service.exists('myKey')).toBeFalsy();\n  });\n\n  it('should be return OK when set value in redis', async () => {\n    expect(await service.set('myKey', 'hello world')).toEqual('OK');\n  });\n\n  it('should be return value of key', async () => {\n    expect(await service.get('myKey')).toEqual('hello world');\n  });\n\n  it('should be return true if key exist in redis', async () => {\n    expect(await service.exists('myKey')).toBeTruthy();\n  });\n\n  it('should be set value in redis with expiration date', async () => {\n    expect(await service.set('myKeyEx', 'hello world', 2)).toEqual('OK');\n    expect(await service.exists('myKeyEx')).toBeTruthy();\n    await delay(3000);\n    expect(await service.exists('myKeyEx')).toBeFalsy();\n  });\n\n  it('should be return true when copy key', async () => {\n    expect(await service.copy('myKey', 'copyKey')).toBeTruthy();\n  });\n\n  it('should be return false when copy key', async () => {\n    expect(await service.copy('myKey2', 'copyKey')).toBeFalsy();\n  });\n\n  it('should be rename a key', async () => {\n    expect(await service.rename('copyKey', 'newKey')).toEqual('OK');\n  });\n\n  it('should be return false when delete a key', async () => {\n    expect(await service.del('testKey')).toBeFalsy();\n  });\n\n  it('should be return true when delete a key', async () => {\n    expect(await service.del('newKey')).toBeTruthy();\n  });\n\n  it('should be flush all', async () => {\n    expect(await service.flushAll()).toEqual('OK');\n    expect(await service.get('myKey')).toBeNull();\n  });\n});\n",
              "err": {},
              "uuid": "62353d56-2993-4561-afaa-c93c9ae1a667",
              "parentUUID": "7508d625-fcef-4569-ade0-8664de66d08b",
              "isHook": false,
              "skipped": false
            },
            {
              "title": "RedisService > should be rename a key",
              "fullTitle": "should be rename a key",
              "timedOut": false,
              "duration": 10,
              "state": "passed",
              "speed": null,
              "pass": true,
              "fail": false,
              "pending": false,
              "context": null,
              "code": "import { INestApplication } from '@nestjs/common';\nimport { Test, TestingModule } from '@nestjs/testing';\nimport { delay, tcName, TCRedisOptions, testContainers } from '@tresdoce-nestjs-toolkit/test-utils';\nimport { RedisModule } from '../redis/redis.module';\nimport { RedisService } from '../redis/services/redis.service';\n\ndescribe('RedisService', () => {\n  let app: INestApplication;\n  let container: testContainers;\n  let service: RedisService;\n\n  beforeAll(async () => {\n    container = await new testContainers('redis:6.2-alpine', {\n      ...TCRedisOptions,\n      command: ['redis-server', '--appendonly', 'yes', '--requirepass', '123456'],\n      containerName: `${tcName}-redis-service`,\n    });\n    await container.start();\n  });\n\n  afterAll(async () => {\n    await container.stop({ removeVolumes: true });\n  });\n\n  beforeEach(async () => {\n    const module: TestingModule = await Test.createTestingModule({\n      imports: [\n        RedisModule.register({\n          name: 'test-redis-module',\n          username: encodeURIComponent('default'),\n          password: encodeURIComponent('123456'),\n          host: global.hostContainer,\n          port: parseInt('6379', 10),\n        }),\n      ],\n      providers: [RedisService],\n    }).compile();\n\n    app = module.createNestApplication();\n    service = module.get(RedisService);\n    await app.init();\n  });\n\n  afterEach(async () => {\n    await app.close();\n  });\n\n  it('should be defined', async () => {\n    await expect(app).toBeDefined();\n  }, 50000);\n\n  it('should be return echo', async () => {\n    const msg = 'hello world';\n    expect(await service.echo(msg)).toEqual(msg);\n  });\n\n  it('should be return false if key dont exist in redis', async () => {\n    expect(await service.exists('myKey')).toBeFalsy();\n  });\n\n  it('should be return OK when set value in redis', async () => {\n    expect(await service.set('myKey', 'hello world')).toEqual('OK');\n  });\n\n  it('should be return value of key', async () => {\n    expect(await service.get('myKey')).toEqual('hello world');\n  });\n\n  it('should be return true if key exist in redis', async () => {\n    expect(await service.exists('myKey')).toBeTruthy();\n  });\n\n  it('should be set value in redis with expiration date', async () => {\n    expect(await service.set('myKeyEx', 'hello world', 2)).toEqual('OK');\n    expect(await service.exists('myKeyEx')).toBeTruthy();\n    await delay(3000);\n    expect(await service.exists('myKeyEx')).toBeFalsy();\n  });\n\n  it('should be return true when copy key', async () => {\n    expect(await service.copy('myKey', 'copyKey')).toBeTruthy();\n  });\n\n  it('should be return false when copy key', async () => {\n    expect(await service.copy('myKey2', 'copyKey')).toBeFalsy();\n  });\n\n  it('should be rename a key', async () => {\n    expect(await service.rename('copyKey', 'newKey')).toEqual('OK');\n  });\n\n  it('should be return false when delete a key', async () => {\n    expect(await service.del('testKey')).toBeFalsy();\n  });\n\n  it('should be return true when delete a key', async () => {\n    expect(await service.del('newKey')).toBeTruthy();\n  });\n\n  it('should be flush all', async () => {\n    expect(await service.flushAll()).toEqual('OK');\n    expect(await service.get('myKey')).toBeNull();\n  });\n});\n",
              "err": {},
              "uuid": "0eac137c-f6f7-4e48-8c20-e463e9330d7b",
              "parentUUID": "7508d625-fcef-4569-ade0-8664de66d08b",
              "isHook": false,
              "skipped": false
            },
            {
              "title": "RedisService > should be return false when delete a key",
              "fullTitle": "should be return false when delete a key",
              "timedOut": false,
              "duration": 9,
              "state": "passed",
              "speed": null,
              "pass": true,
              "fail": false,
              "pending": false,
              "context": null,
              "code": "import { INestApplication } from '@nestjs/common';\nimport { Test, TestingModule } from '@nestjs/testing';\nimport { delay, tcName, TCRedisOptions, testContainers } from '@tresdoce-nestjs-toolkit/test-utils';\nimport { RedisModule } from '../redis/redis.module';\nimport { RedisService } from '../redis/services/redis.service';\n\ndescribe('RedisService', () => {\n  let app: INestApplication;\n  let container: testContainers;\n  let service: RedisService;\n\n  beforeAll(async () => {\n    container = await new testContainers('redis:6.2-alpine', {\n      ...TCRedisOptions,\n      command: ['redis-server', '--appendonly', 'yes', '--requirepass', '123456'],\n      containerName: `${tcName}-redis-service`,\n    });\n    await container.start();\n  });\n\n  afterAll(async () => {\n    await container.stop({ removeVolumes: true });\n  });\n\n  beforeEach(async () => {\n    const module: TestingModule = await Test.createTestingModule({\n      imports: [\n        RedisModule.register({\n          name: 'test-redis-module',\n          username: encodeURIComponent('default'),\n          password: encodeURIComponent('123456'),\n          host: global.hostContainer,\n          port: parseInt('6379', 10),\n        }),\n      ],\n      providers: [RedisService],\n    }).compile();\n\n    app = module.createNestApplication();\n    service = module.get(RedisService);\n    await app.init();\n  });\n\n  afterEach(async () => {\n    await app.close();\n  });\n\n  it('should be defined', async () => {\n    await expect(app).toBeDefined();\n  }, 50000);\n\n  it('should be return echo', async () => {\n    const msg = 'hello world';\n    expect(await service.echo(msg)).toEqual(msg);\n  });\n\n  it('should be return false if key dont exist in redis', async () => {\n    expect(await service.exists('myKey')).toBeFalsy();\n  });\n\n  it('should be return OK when set value in redis', async () => {\n    expect(await service.set('myKey', 'hello world')).toEqual('OK');\n  });\n\n  it('should be return value of key', async () => {\n    expect(await service.get('myKey')).toEqual('hello world');\n  });\n\n  it('should be return true if key exist in redis', async () => {\n    expect(await service.exists('myKey')).toBeTruthy();\n  });\n\n  it('should be set value in redis with expiration date', async () => {\n    expect(await service.set('myKeyEx', 'hello world', 2)).toEqual('OK');\n    expect(await service.exists('myKeyEx')).toBeTruthy();\n    await delay(3000);\n    expect(await service.exists('myKeyEx')).toBeFalsy();\n  });\n\n  it('should be return true when copy key', async () => {\n    expect(await service.copy('myKey', 'copyKey')).toBeTruthy();\n  });\n\n  it('should be return false when copy key', async () => {\n    expect(await service.copy('myKey2', 'copyKey')).toBeFalsy();\n  });\n\n  it('should be rename a key', async () => {\n    expect(await service.rename('copyKey', 'newKey')).toEqual('OK');\n  });\n\n  it('should be return false when delete a key', async () => {\n    expect(await service.del('testKey')).toBeFalsy();\n  });\n\n  it('should be return true when delete a key', async () => {\n    expect(await service.del('newKey')).toBeTruthy();\n  });\n\n  it('should be flush all', async () => {\n    expect(await service.flushAll()).toEqual('OK');\n    expect(await service.get('myKey')).toBeNull();\n  });\n});\n",
              "err": {},
              "uuid": "6af13509-7959-4219-bc90-61d752ab826f",
              "parentUUID": "7508d625-fcef-4569-ade0-8664de66d08b",
              "isHook": false,
              "skipped": false
            },
            {
              "title": "RedisService > should be return true when delete a key",
              "fullTitle": "should be return true when delete a key",
              "timedOut": false,
              "duration": 9,
              "state": "passed",
              "speed": null,
              "pass": true,
              "fail": false,
              "pending": false,
              "context": null,
              "code": "import { INestApplication } from '@nestjs/common';\nimport { Test, TestingModule } from '@nestjs/testing';\nimport { delay, tcName, TCRedisOptions, testContainers } from '@tresdoce-nestjs-toolkit/test-utils';\nimport { RedisModule } from '../redis/redis.module';\nimport { RedisService } from '../redis/services/redis.service';\n\ndescribe('RedisService', () => {\n  let app: INestApplication;\n  let container: testContainers;\n  let service: RedisService;\n\n  beforeAll(async () => {\n    container = await new testContainers('redis:6.2-alpine', {\n      ...TCRedisOptions,\n      command: ['redis-server', '--appendonly', 'yes', '--requirepass', '123456'],\n      containerName: `${tcName}-redis-service`,\n    });\n    await container.start();\n  });\n\n  afterAll(async () => {\n    await container.stop({ removeVolumes: true });\n  });\n\n  beforeEach(async () => {\n    const module: TestingModule = await Test.createTestingModule({\n      imports: [\n        RedisModule.register({\n          name: 'test-redis-module',\n          username: encodeURIComponent('default'),\n          password: encodeURIComponent('123456'),\n          host: global.hostContainer,\n          port: parseInt('6379', 10),\n        }),\n      ],\n      providers: [RedisService],\n    }).compile();\n\n    app = module.createNestApplication();\n    service = module.get(RedisService);\n    await app.init();\n  });\n\n  afterEach(async () => {\n    await app.close();\n  });\n\n  it('should be defined', async () => {\n    await expect(app).toBeDefined();\n  }, 50000);\n\n  it('should be return echo', async () => {\n    const msg = 'hello world';\n    expect(await service.echo(msg)).toEqual(msg);\n  });\n\n  it('should be return false if key dont exist in redis', async () => {\n    expect(await service.exists('myKey')).toBeFalsy();\n  });\n\n  it('should be return OK when set value in redis', async () => {\n    expect(await service.set('myKey', 'hello world')).toEqual('OK');\n  });\n\n  it('should be return value of key', async () => {\n    expect(await service.get('myKey')).toEqual('hello world');\n  });\n\n  it('should be return true if key exist in redis', async () => {\n    expect(await service.exists('myKey')).toBeTruthy();\n  });\n\n  it('should be set value in redis with expiration date', async () => {\n    expect(await service.set('myKeyEx', 'hello world', 2)).toEqual('OK');\n    expect(await service.exists('myKeyEx')).toBeTruthy();\n    await delay(3000);\n    expect(await service.exists('myKeyEx')).toBeFalsy();\n  });\n\n  it('should be return true when copy key', async () => {\n    expect(await service.copy('myKey', 'copyKey')).toBeTruthy();\n  });\n\n  it('should be return false when copy key', async () => {\n    expect(await service.copy('myKey2', 'copyKey')).toBeFalsy();\n  });\n\n  it('should be rename a key', async () => {\n    expect(await service.rename('copyKey', 'newKey')).toEqual('OK');\n  });\n\n  it('should be return false when delete a key', async () => {\n    expect(await service.del('testKey')).toBeFalsy();\n  });\n\n  it('should be return true when delete a key', async () => {\n    expect(await service.del('newKey')).toBeTruthy();\n  });\n\n  it('should be flush all', async () => {\n    expect(await service.flushAll()).toEqual('OK');\n    expect(await service.get('myKey')).toBeNull();\n  });\n});\n",
              "err": {},
              "uuid": "c6af6bf2-2f1d-4b24-8a00-21853b087fc9",
              "parentUUID": "7508d625-fcef-4569-ade0-8664de66d08b",
              "isHook": false,
              "skipped": false
            },
            {
              "title": "RedisService > should be flush all",
              "fullTitle": "should be flush all",
              "timedOut": false,
              "duration": 13,
              "state": "passed",
              "speed": null,
              "pass": true,
              "fail": false,
              "pending": false,
              "context": null,
              "code": "import { INestApplication } from '@nestjs/common';\nimport { Test, TestingModule } from '@nestjs/testing';\nimport { delay, tcName, TCRedisOptions, testContainers } from '@tresdoce-nestjs-toolkit/test-utils';\nimport { RedisModule } from '../redis/redis.module';\nimport { RedisService } from '../redis/services/redis.service';\n\ndescribe('RedisService', () => {\n  let app: INestApplication;\n  let container: testContainers;\n  let service: RedisService;\n\n  beforeAll(async () => {\n    container = await new testContainers('redis:6.2-alpine', {\n      ...TCRedisOptions,\n      command: ['redis-server', '--appendonly', 'yes', '--requirepass', '123456'],\n      containerName: `${tcName}-redis-service`,\n    });\n    await container.start();\n  });\n\n  afterAll(async () => {\n    await container.stop({ removeVolumes: true });\n  });\n\n  beforeEach(async () => {\n    const module: TestingModule = await Test.createTestingModule({\n      imports: [\n        RedisModule.register({\n          name: 'test-redis-module',\n          username: encodeURIComponent('default'),\n          password: encodeURIComponent('123456'),\n          host: global.hostContainer,\n          port: parseInt('6379', 10),\n        }),\n      ],\n      providers: [RedisService],\n    }).compile();\n\n    app = module.createNestApplication();\n    service = module.get(RedisService);\n    await app.init();\n  });\n\n  afterEach(async () => {\n    await app.close();\n  });\n\n  it('should be defined', async () => {\n    await expect(app).toBeDefined();\n  }, 50000);\n\n  it('should be return echo', async () => {\n    const msg = 'hello world';\n    expect(await service.echo(msg)).toEqual(msg);\n  });\n\n  it('should be return false if key dont exist in redis', async () => {\n    expect(await service.exists('myKey')).toBeFalsy();\n  });\n\n  it('should be return OK when set value in redis', async () => {\n    expect(await service.set('myKey', 'hello world')).toEqual('OK');\n  });\n\n  it('should be return value of key', async () => {\n    expect(await service.get('myKey')).toEqual('hello world');\n  });\n\n  it('should be return true if key exist in redis', async () => {\n    expect(await service.exists('myKey')).toBeTruthy();\n  });\n\n  it('should be set value in redis with expiration date', async () => {\n    expect(await service.set('myKeyEx', 'hello world', 2)).toEqual('OK');\n    expect(await service.exists('myKeyEx')).toBeTruthy();\n    await delay(3000);\n    expect(await service.exists('myKeyEx')).toBeFalsy();\n  });\n\n  it('should be return true when copy key', async () => {\n    expect(await service.copy('myKey', 'copyKey')).toBeTruthy();\n  });\n\n  it('should be return false when copy key', async () => {\n    expect(await service.copy('myKey2', 'copyKey')).toBeFalsy();\n  });\n\n  it('should be rename a key', async () => {\n    expect(await service.rename('copyKey', 'newKey')).toEqual('OK');\n  });\n\n  it('should be return false when delete a key', async () => {\n    expect(await service.del('testKey')).toBeFalsy();\n  });\n\n  it('should be return true when delete a key', async () => {\n    expect(await service.del('newKey')).toBeTruthy();\n  });\n\n  it('should be flush all', async () => {\n    expect(await service.flushAll()).toEqual('OK');\n    expect(await service.get('myKey')).toBeNull();\n  });\n});\n",
              "err": {},
              "uuid": "06035412-2732-416f-93d0-edc0b96f6d28",
              "parentUUID": "7508d625-fcef-4569-ade0-8664de66d08b",
              "isHook": false,
              "skipped": false
            },
            {
              "title": "RedisModule > with auth > forRootAsync > should be defined",
              "fullTitle": "should be defined",
              "timedOut": false,
              "duration": 92,
              "state": "passed",
              "speed": null,
              "pass": true,
              "fail": false,
              "pending": false,
              "context": null,
              "code": "import { INestApplication } from '@nestjs/common';\nimport { Test, TestingModule } from '@nestjs/testing';\nimport { ConfigModule } from '@nestjs/config';\nimport { tcName, TCRedisOptions, testContainers } from '@tresdoce-nestjs-toolkit/test-utils';\n\nimport { RedisModule } from '../redis/redis.module';\nimport { config } from './utils';\n\njest.setTimeout(70000);\ndescribe('RedisModule', () => {\n  describe('with auth', () => {\n    let app: INestApplication;\n    let container: testContainers;\n\n    beforeAll(async () => {\n      container = await new testContainers('redis:6.2-alpine', {\n        ...TCRedisOptions,\n        command: ['redis-server', '--appendonly', 'yes', '--requirepass', '123456'],\n        containerName: `${tcName}-redis-module-with-auth`,\n      });\n      await container.start();\n    });\n\n    afterAll(async () => {\n      await container.stop({ removeVolumes: true });\n    });\n\n    describe('forRootAsync', () => {\n      beforeEach(async () => {\n        const module: TestingModule = await Test.createTestingModule({\n          imports: [\n            ConfigModule.forRoot({\n              isGlobal: true,\n              load: [config],\n            }),\n            RedisModule,\n          ],\n        }).compile();\n\n        app = module.createNestApplication();\n        await app.init();\n      });\n\n      afterEach(async () => {\n        await app.close();\n      });\n\n      it('should be defined', async () => {\n        await expect(app).toBeDefined();\n      }, 50000);\n    });\n\n    describe('register', () => {\n      beforeEach(async () => {\n        const module: TestingModule = await Test.createTestingModule({\n          imports: [\n            RedisModule.register({\n              name: 'test-redis-module',\n              username: encodeURIComponent('default'),\n              password: encodeURIComponent('123456'),\n              host: global.hostContainer,\n              port: parseInt('6379', 10),\n            }),\n          ],\n        }).compile();\n\n        app = module.createNestApplication();\n        await app.init();\n      });\n\n      afterEach(async () => {\n        await app.close();\n      });\n\n      it('should be defined', async () => {\n        await expect(app).toBeDefined();\n      }, 50000);\n    });\n  });\n\n  describe('without auth', () => {\n    let app: INestApplication;\n    let container: testContainers;\n\n    beforeAll(async () => {\n      container = await new testContainers('redis:6.2-alpine', {\n        ...TCRedisOptions,\n        containerName: `${tcName}-redis-module-without-auth`,\n        envs: {},\n        ports: [\n          {\n            container: 6379,\n            host: 6380,\n          },\n        ],\n      });\n      await container.start();\n    });\n\n    afterAll(async () => {\n      await container.stop({ removeVolumes: true });\n    });\n\n    beforeEach(async () => {\n      const module: TestingModule = await Test.createTestingModule({\n        imports: [\n          RedisModule.register({\n            host: global.hostContainer,\n            port: parseInt('6380', 10),\n            database: 1,\n          }),\n        ],\n      }).compile();\n\n      app = module.createNestApplication();\n      await app.init();\n    });\n\n    afterEach(async () => {\n      await app.close();\n    });\n\n    it('should be defined', async () => {\n      await expect(app).toBeDefined();\n    }, 50000);\n  });\n});\n",
              "err": {},
              "uuid": "c5940784-f27f-42dc-8a44-898f088b7a53",
              "parentUUID": "7508d625-fcef-4569-ade0-8664de66d08b",
              "isHook": false,
              "skipped": false
            },
            {
              "title": "RedisModule > with auth > forRootAsync > should be defined",
              "fullTitle": "should be defined",
              "timedOut": false,
              "duration": 11,
              "state": "passed",
              "speed": null,
              "pass": true,
              "fail": false,
              "pending": false,
              "context": null,
              "code": "import { INestApplication } from '@nestjs/common';\nimport { Test, TestingModule } from '@nestjs/testing';\nimport { ConfigModule } from '@nestjs/config';\nimport { tcName, TCRedisOptions, testContainers } from '@tresdoce-nestjs-toolkit/test-utils';\n\nimport { RedisModule } from '../redis/redis.module';\nimport { config } from './utils';\n\njest.setTimeout(70000);\ndescribe('RedisModule', () => {\n  describe('with auth', () => {\n    let app: INestApplication;\n    let container: testContainers;\n\n    beforeAll(async () => {\n      container = await new testContainers('redis:6.2-alpine', {\n        ...TCRedisOptions,\n        command: ['redis-server', '--appendonly', 'yes', '--requirepass', '123456'],\n        containerName: `${tcName}-redis-module-with-auth`,\n      });\n      await container.start();\n    });\n\n    afterAll(async () => {\n      await container.stop({ removeVolumes: true });\n    });\n\n    describe('forRootAsync', () => {\n      beforeEach(async () => {\n        const module: TestingModule = await Test.createTestingModule({\n          imports: [\n            ConfigModule.forRoot({\n              isGlobal: true,\n              load: [config],\n            }),\n            RedisModule,\n          ],\n        }).compile();\n\n        app = module.createNestApplication();\n        await app.init();\n      });\n\n      afterEach(async () => {\n        await app.close();\n      });\n\n      it('should be defined', async () => {\n        await expect(app).toBeDefined();\n      }, 50000);\n    });\n\n    describe('register', () => {\n      beforeEach(async () => {\n        const module: TestingModule = await Test.createTestingModule({\n          imports: [\n            RedisModule.register({\n              name: 'test-redis-module',\n              username: encodeURIComponent('default'),\n              password: encodeURIComponent('123456'),\n              host: global.hostContainer,\n              port: parseInt('6379', 10),\n            }),\n          ],\n        }).compile();\n\n        app = module.createNestApplication();\n        await app.init();\n      });\n\n      afterEach(async () => {\n        await app.close();\n      });\n\n      it('should be defined', async () => {\n        await expect(app).toBeDefined();\n      }, 50000);\n    });\n  });\n\n  describe('without auth', () => {\n    let app: INestApplication;\n    let container: testContainers;\n\n    beforeAll(async () => {\n      container = await new testContainers('redis:6.2-alpine', {\n        ...TCRedisOptions,\n        containerName: `${tcName}-redis-module-without-auth`,\n        envs: {},\n        ports: [\n          {\n            container: 6379,\n            host: 6380,\n          },\n        ],\n      });\n      await container.start();\n    });\n\n    afterAll(async () => {\n      await container.stop({ removeVolumes: true });\n    });\n\n    beforeEach(async () => {\n      const module: TestingModule = await Test.createTestingModule({\n        imports: [\n          RedisModule.register({\n            host: global.hostContainer,\n            port: parseInt('6380', 10),\n            database: 1,\n          }),\n        ],\n      }).compile();\n\n      app = module.createNestApplication();\n      await app.init();\n    });\n\n    afterEach(async () => {\n      await app.close();\n    });\n\n    it('should be defined', async () => {\n      await expect(app).toBeDefined();\n    }, 50000);\n  });\n});\n",
              "err": {},
              "uuid": "12077c19-816f-4c08-a056-c09337af5b62",
              "parentUUID": "7508d625-fcef-4569-ade0-8664de66d08b",
              "isHook": false,
              "skipped": false
            },
            {
              "title": "RedisModule > with auth > forRootAsync > should be defined",
              "fullTitle": "should be defined",
              "timedOut": false,
              "duration": 9,
              "state": "passed",
              "speed": null,
              "pass": true,
              "fail": false,
              "pending": false,
              "context": null,
              "code": "import { INestApplication } from '@nestjs/common';\nimport { Test, TestingModule } from '@nestjs/testing';\nimport { ConfigModule } from '@nestjs/config';\nimport { tcName, TCRedisOptions, testContainers } from '@tresdoce-nestjs-toolkit/test-utils';\n\nimport { RedisModule } from '../redis/redis.module';\nimport { config } from './utils';\n\njest.setTimeout(70000);\ndescribe('RedisModule', () => {\n  describe('with auth', () => {\n    let app: INestApplication;\n    let container: testContainers;\n\n    beforeAll(async () => {\n      container = await new testContainers('redis:6.2-alpine', {\n        ...TCRedisOptions,\n        command: ['redis-server', '--appendonly', 'yes', '--requirepass', '123456'],\n        containerName: `${tcName}-redis-module-with-auth`,\n      });\n      await container.start();\n    });\n\n    afterAll(async () => {\n      await container.stop({ removeVolumes: true });\n    });\n\n    describe('forRootAsync', () => {\n      beforeEach(async () => {\n        const module: TestingModule = await Test.createTestingModule({\n          imports: [\n            ConfigModule.forRoot({\n              isGlobal: true,\n              load: [config],\n            }),\n            RedisModule,\n          ],\n        }).compile();\n\n        app = module.createNestApplication();\n        await app.init();\n      });\n\n      afterEach(async () => {\n        await app.close();\n      });\n\n      it('should be defined', async () => {\n        await expect(app).toBeDefined();\n      }, 50000);\n    });\n\n    describe('register', () => {\n      beforeEach(async () => {\n        const module: TestingModule = await Test.createTestingModule({\n          imports: [\n            RedisModule.register({\n              name: 'test-redis-module',\n              username: encodeURIComponent('default'),\n              password: encodeURIComponent('123456'),\n              host: global.hostContainer,\n              port: parseInt('6379', 10),\n            }),\n          ],\n        }).compile();\n\n        app = module.createNestApplication();\n        await app.init();\n      });\n\n      afterEach(async () => {\n        await app.close();\n      });\n\n      it('should be defined', async () => {\n        await expect(app).toBeDefined();\n      }, 50000);\n    });\n  });\n\n  describe('without auth', () => {\n    let app: INestApplication;\n    let container: testContainers;\n\n    beforeAll(async () => {\n      container = await new testContainers('redis:6.2-alpine', {\n        ...TCRedisOptions,\n        containerName: `${tcName}-redis-module-without-auth`,\n        envs: {},\n        ports: [\n          {\n            container: 6379,\n            host: 6380,\n          },\n        ],\n      });\n      await container.start();\n    });\n\n    afterAll(async () => {\n      await container.stop({ removeVolumes: true });\n    });\n\n    beforeEach(async () => {\n      const module: TestingModule = await Test.createTestingModule({\n        imports: [\n          RedisModule.register({\n            host: global.hostContainer,\n            port: parseInt('6380', 10),\n            database: 1,\n          }),\n        ],\n      }).compile();\n\n      app = module.createNestApplication();\n      await app.init();\n    });\n\n    afterEach(async () => {\n      await app.close();\n    });\n\n    it('should be defined', async () => {\n      await expect(app).toBeDefined();\n    }, 50000);\n  });\n});\n",
              "err": {},
              "uuid": "919a2be3-13ad-4897-a250-b21978587185",
              "parentUUID": "7508d625-fcef-4569-ade0-8664de66d08b",
              "isHook": false,
              "skipped": false
            }
          ],
          "suites": [],
          "passes": [
            "73cb961c-fc6d-4264-b384-fdf57eb67c04",
            "95285352-2111-466f-8944-7915747b9573",
            "e4bb8061-c960-4545-851a-bd6e16de15cd",
            "0d8453fb-622f-4bc1-af5c-5f12c50f84ad",
            "d6012023-e815-44eb-9ca0-e6758a62319d",
            "e5e2afda-8e61-43a1-8d83-57bfda31f850",
            "f76355fd-8851-47ec-b729-787521ea28f4",
            "e1131aa1-6ab2-4204-9157-eb093b8f706b",
            "62353d56-2993-4561-afaa-c93c9ae1a667",
            "0eac137c-f6f7-4e48-8c20-e463e9330d7b",
            "6af13509-7959-4219-bc90-61d752ab826f",
            "c6af6bf2-2f1d-4b24-8a00-21853b087fc9",
            "06035412-2732-416f-93d0-edc0b96f6d28",
            "c5940784-f27f-42dc-8a44-898f088b7a53",
            "12077c19-816f-4c08-a056-c09337af5b62",
            "919a2be3-13ad-4897-a250-b21978587185"
          ],
          "failures": [],
          "pending": [],
          "skipped": [],
          "duration": 3412,
          "root": false,
          "rootEmpty": false,
          "_timeout": 5000
        }
      ],
      "passes": [],
      "failures": [],
      "pending": [],
      "skipped": [],
      "duration": 0,
      "root": true,
      "rootEmpty": true,
      "_timeout": 5000
    }
  ]
}
