{
  "stats": {
    "suites": 13,
    "tests": 155,
    "passes": 155,
    "pending": 0,
    "failures": 0,
    "testsRegistered": 155,
    "passPercent": 100,
    "pendingPercent": 0,
    "other": 0,
    "hasOther": false,
    "skipped": 0,
    "hasSkipped": false,
    "start": "2023-04-30T20:05:03.658Z",
    "end": "2023-05-01T23:15:15.297Z",
    "duration": 97811639
  },
  "results": [
    {
      "uuid": "8d9a5b85-754c-449c-80bb-4c8fb2925b96",
      "title": "@tresdoce-nestjs-toolkit/archetype",
      "fullFile": "",
      "file": "",
      "beforeHooks": [],
      "afterHooks": [],
      "tests": [],
      "suites": [
        {
          "uuid": "c281a9d7-ee91-4b72-a400-576e1892383a",
          "title": "@tresdoce-nestjs-toolkit/archetype",
          "fullFile": "",
          "file": "",
          "beforeHooks": [],
          "afterHooks": [],
          "tests": [
            {
              "title": "should be return exclude to prefix global",
              "fullTitle": "healthConstants > should be return exclude to prefix global",
              "timedOut": false,
              "duration": 2,
              "state": "passed",
              "speed": null,
              "pass": true,
              "fail": false,
              "pending": false,
              "context": null,
              "code": "",
              "err": {},
              "uuid": "d6b0fcc7-df0c-49d8-8157-d1a991c42af9",
              "parentUUID": "c281a9d7-ee91-4b72-a400-576e1892383a",
              "isHook": false,
              "skipped": false
            },
            {
              "title": "should be defined",
              "fullTitle": "ArchetypeService > should be defined",
              "timedOut": false,
              "duration": 14,
              "state": "passed",
              "speed": null,
              "pass": true,
              "fail": false,
              "pending": false,
              "context": null,
              "code": "",
              "err": {},
              "uuid": "d7dbd200-91f7-4fa7-8c44-9a0048236fc5",
              "parentUUID": "c281a9d7-ee91-4b72-a400-576e1892383a",
              "isHook": false,
              "skipped": false
            },
            {
              "title": "should be read package file",
              "fullTitle": "ArchetypeService > should be read package file",
              "timedOut": false,
              "duration": 5,
              "state": "passed",
              "speed": null,
              "pass": true,
              "fail": false,
              "pending": false,
              "context": null,
              "code": "",
              "err": {},
              "uuid": "8496dc08-5651-4986-a6fc-c9501bcf074f",
              "parentUUID": "c281a9d7-ee91-4b72-a400-576e1892383a",
              "isHook": false,
              "skipped": false
            },
            {
              "title": "should be return archetype version",
              "fullTitle": "ArchetypeService > should be return archetype version",
              "timedOut": false,
              "duration": 4,
              "state": "passed",
              "speed": null,
              "pass": true,
              "fail": false,
              "pending": false,
              "context": null,
              "code": "",
              "err": {},
              "uuid": "227c30a8-a78b-439f-85c9-7fc7cadf05f8",
              "parentUUID": "c281a9d7-ee91-4b72-a400-576e1892383a",
              "isHook": false,
              "skipped": false
            },
            {
              "title": "should be return application info",
              "fullTitle": "ArchetypeService > should be return application info",
              "timedOut": false,
              "duration": 4,
              "state": "passed",
              "speed": null,
              "pass": true,
              "fail": false,
              "pending": false,
              "context": null,
              "code": "",
              "err": {},
              "uuid": "acc09673-823b-443b-acc5-80d7ff13e30e",
              "parentUUID": "c281a9d7-ee91-4b72-a400-576e1892383a",
              "isHook": false,
              "skipped": false
            },
            {
              "title": "should be return manifest",
              "fullTitle": "ArchetypeService > should be return manifest",
              "timedOut": false,
              "duration": 3,
              "state": "passed",
              "speed": null,
              "pass": true,
              "fail": false,
              "pending": false,
              "context": null,
              "code": "",
              "err": {},
              "uuid": "9eafbf17-e839-4e7a-b52c-213d5556f463",
              "parentUUID": "c281a9d7-ee91-4b72-a400-576e1892383a",
              "isHook": false,
              "skipped": false
            },
            {
              "title": "should be define",
              "fullTitle": "ArchetypeModule > should be define",
              "timedOut": false,
              "duration": 162,
              "state": "passed",
              "speed": null,
              "pass": true,
              "fail": false,
              "pending": false,
              "context": null,
              "code": "",
              "err": {},
              "uuid": "781f68c9-8033-4ef4-840c-ae9aac4b275c",
              "parentUUID": "c281a9d7-ee91-4b72-a400-576e1892383a",
              "isHook": false,
              "skipped": false
            },
            {
              "title": "should be defined",
              "fullTitle": "ArchetypeController > should be defined",
              "timedOut": false,
              "duration": 14,
              "state": "passed",
              "speed": null,
              "pass": true,
              "fail": false,
              "pending": false,
              "context": null,
              "code": "",
              "err": {},
              "uuid": "976c4b15-98a9-4647-bbff-07f23eca9e1b",
              "parentUUID": "c281a9d7-ee91-4b72-a400-576e1892383a",
              "isHook": false,
              "skipped": false
            },
            {
              "title": "should be return manifest json",
              "fullTitle": "ArchetypeController > should be return manifest json",
              "timedOut": false,
              "duration": 9,
              "state": "passed",
              "speed": null,
              "pass": true,
              "fail": false,
              "pending": false,
              "context": null,
              "code": "",
              "err": {},
              "uuid": "61a3f066-891e-4451-b573-bad51c43aefa",
              "parentUUID": "c281a9d7-ee91-4b72-a400-576e1892383a",
              "isHook": false,
              "skipped": false
            }
          ],
          "suites": [],
          "passes": [
            "d6b0fcc7-df0c-49d8-8157-d1a991c42af9",
            "d7dbd200-91f7-4fa7-8c44-9a0048236fc5",
            "8496dc08-5651-4986-a6fc-c9501bcf074f",
            "227c30a8-a78b-439f-85c9-7fc7cadf05f8",
            "acc09673-823b-443b-acc5-80d7ff13e30e",
            "9eafbf17-e839-4e7a-b52c-213d5556f463",
            "781f68c9-8033-4ef4-840c-ae9aac4b275c",
            "976c4b15-98a9-4647-bbff-07f23eca9e1b",
            "61a3f066-891e-4451-b573-bad51c43aefa"
          ],
          "failures": [],
          "pending": [],
          "skipped": [],
          "duration": 217,
          "root": false,
          "rootEmpty": false,
          "_timeout": 5000
        }
      ],
      "passes": [],
      "failures": [],
      "pending": [],
      "skipped": [],
      "duration": 0,
      "root": true,
      "rootEmpty": true,
      "_timeout": 5000
    },
    {
      "uuid": "e5bdc099-139a-4005-8ade-b43144db0b8c",
      "title": "@tresdoce-nestjs-toolkit/camunda",
      "fullFile": "",
      "file": "",
      "beforeHooks": [],
      "afterHooks": [],
      "tests": [],
      "suites": [
        {
          "uuid": "99ae8d72-9ed7-4a4c-9928-08e9eca79664",
          "title": "@tresdoce-nestjs-toolkit/camunda",
          "fullFile": "",
          "file": "",
          "beforeHooks": [],
          "afterHooks": [],
          "tests": [
            {
              "title": "should be defined",
              "fullTitle": "CamundaModule > should be defined",
              "timedOut": false,
              "duration": 203,
              "state": "passed",
              "speed": null,
              "pass": true,
              "fail": false,
              "pending": false,
              "context": null,
              "code": "",
              "err": {},
              "uuid": "76a4383e-b822-4d75-84af-f77782a43395",
              "parentUUID": "99ae8d72-9ed7-4a4c-9928-08e9eca79664",
              "isHook": false,
              "skipped": false
            },
            {
              "title": "should be Subscription decorator is defined with options",
              "fullTitle": "CamundaModule > should be Subscription decorator is defined with options",
              "timedOut": false,
              "duration": 9,
              "state": "passed",
              "speed": null,
              "pass": true,
              "fail": false,
              "pending": false,
              "context": null,
              "code": "",
              "err": {},
              "uuid": "c5515c9d-d08d-454a-8a8c-78bf7c903d97",
              "parentUUID": "99ae8d72-9ed7-4a4c-9928-08e9eca79664",
              "isHook": false,
              "skipped": false
            }
          ],
          "suites": [],
          "passes": [
            "76a4383e-b822-4d75-84af-f77782a43395",
            "c5515c9d-d08d-454a-8a8c-78bf7c903d97"
          ],
          "failures": [],
          "pending": [],
          "skipped": [],
          "duration": 212,
          "root": false,
          "rootEmpty": false,
          "_timeout": 5000
        }
      ],
      "passes": [],
      "failures": [],
      "pending": [],
      "skipped": [],
      "duration": 0,
      "root": true,
      "rootEmpty": true,
      "_timeout": 5000
    },
    {
      "uuid": "d8ae1259-1d76-44ad-8b1d-c5bc595af29a",
      "title": "@tresdoce-nestjs-toolkit/commons",
      "fullFile": "",
      "file": "",
      "beforeHooks": [],
      "afterHooks": [],
      "tests": [],
      "suites": [
        {
          "uuid": "7e75a157-a06e-4fe7-9e70-c38233ca23fd",
          "title": "@tresdoce-nestjs-toolkit/commons",
          "fullFile": "",
          "file": "",
          "beforeHooks": [],
          "afterHooks": [],
          "tests": [
            {
              "title": "should be return jest config is build",
              "fullTitle": "build-config > should be return jest config is build",
              "timedOut": false,
              "duration": 3,
              "state": "passed",
              "speed": null,
              "pass": true,
              "fail": false,
              "pending": false,
              "context": null,
              "code": "",
              "err": {},
              "uuid": "29076bc1-c7eb-47eb-bdf1-2f107dcf2e10",
              "parentUUID": "7e75a157-a06e-4fe7-9e70-c38233ca23fd",
              "isHook": false,
              "skipped": false
            },
            {
              "title": "should be return jest config not is build",
              "fullTitle": "build-config > should be return jest config not is build",
              "timedOut": false,
              "duration": 1,
              "state": "passed",
              "speed": null,
              "pass": true,
              "fail": false,
              "pending": false,
              "context": null,
              "code": "",
              "err": {},
              "uuid": "6489023b-b21f-48f0-9614-2b285e44efa5",
              "parentUUID": "7e75a157-a06e-4fe7-9e70-c38233ca23fd",
              "isHook": false,
              "skipped": false
            },
            {
              "title": "should be return jest config",
              "fullTitle": "testing-library > should be return jest config",
              "timedOut": false,
              "duration": 2,
              "state": "passed",
              "speed": null,
              "pass": true,
              "fail": false,
              "pending": false,
              "context": null,
              "code": "",
              "err": {},
              "uuid": "a82a5746-f5fc-4ff9-9db6-f7ea5275ba16",
              "parentUUID": "7e75a157-a06e-4fe7-9e70-c38233ca23fd",
              "isHook": false,
              "skipped": false
            },
            {
              "title": "should be return jest config",
              "fullTitle": "eslint-config > should be return jest config",
              "timedOut": false,
              "duration": 2,
              "state": "passed",
              "speed": null,
              "pass": true,
              "fail": false,
              "pending": false,
              "context": null,
              "code": "",
              "err": {},
              "uuid": "8f98ea79-822e-4db0-b2e2-84cebe857a3f",
              "parentUUID": "7e75a157-a06e-4fe7-9e70-c38233ca23fd",
              "isHook": false,
              "skipped": false
            }
          ],
          "suites": [],
          "passes": [
            "29076bc1-c7eb-47eb-bdf1-2f107dcf2e10",
            "6489023b-b21f-48f0-9614-2b285e44efa5",
            "a82a5746-f5fc-4ff9-9db6-f7ea5275ba16",
            "8f98ea79-822e-4db0-b2e2-84cebe857a3f"
          ],
          "failures": [],
          "pending": [],
          "skipped": [],
          "duration": 8,
          "root": false,
          "rootEmpty": false,
          "_timeout": 5000
        }
      ],
      "passes": [],
      "failures": [],
      "pending": [],
      "skipped": [],
      "duration": 0,
      "root": true,
      "rootEmpty": true,
      "_timeout": 5000
    },
    {
      "uuid": "16ac6072-9c30-4749-acd8-21e4978a6076",
      "title": "@tresdoce-nestjs-toolkit/core",
      "fullFile": "",
      "file": "",
      "beforeHooks": [],
      "afterHooks": [],
      "tests": [],
      "suites": [
        {
          "uuid": "dda77b51-831f-4ccd-b27f-d490ed328605",
          "title": "@tresdoce-nestjs-toolkit/core",
          "fullFile": "",
          "file": "",
          "beforeHooks": [],
          "afterHooks": [],
          "tests": [
            {
              "title": "should be return commons exclude paths with context",
              "fullTitle": "commons > with env context > should be return commons exclude paths with context",
              "timedOut": false,
              "duration": 3,
              "state": "passed",
              "speed": null,
              "pass": true,
              "fail": false,
              "pending": false,
              "context": null,
              "code": "",
              "err": {},
              "uuid": "a43c8b36-48a0-4157-8bc2-ea2cf74790b7",
              "parentUUID": "dda77b51-831f-4ccd-b27f-d490ed328605",
              "isHook": false,
              "skipped": false
            },
            {
              "title": "should be return array of exclude paths with context",
              "fullTitle": "commons > with env context > should be return array of exclude paths with context",
              "timedOut": false,
              "duration": 1,
              "state": "passed",
              "speed": null,
              "pass": true,
              "fail": false,
              "pending": false,
              "context": null,
              "code": "",
              "err": {},
              "uuid": "5338ffa9-cb1e-459d-b651-687f223acb60",
              "parentUUID": "dda77b51-831f-4ccd-b27f-d490ed328605",
              "isHook": false,
              "skipped": false
            },
            {
              "title": "should be return commons exclude paths without context",
              "fullTitle": "commons > with env context > should be return commons exclude paths without context",
              "timedOut": false,
              "duration": 1,
              "state": "passed",
              "speed": null,
              "pass": true,
              "fail": false,
              "pending": false,
              "context": null,
              "code": "",
              "err": {},
              "uuid": "12f45295-9fb2-4a77-84a0-712f2ab1cf01",
              "parentUUID": "dda77b51-831f-4ccd-b27f-d490ed328605",
              "isHook": false,
              "skipped": false
            },
            {
              "title": "should be return array of exclude paths without context",
              "fullTitle": "commons > with env context > should be return array of exclude paths without context",
              "timedOut": false,
              "duration": 1,
              "state": "passed",
              "speed": null,
              "pass": true,
              "fail": false,
              "pending": false,
              "context": null,
              "code": "",
              "err": {},
              "uuid": "4b623ae3-5c64-4c2c-8ac3-a6c4a4e9a912",
              "parentUUID": "dda77b51-831f-4ccd-b27f-d490ed328605",
              "isHook": false,
              "skipped": false
            },
            {
              "title": "should be defined",
              "fullTitle": "Public decorator > should be defined",
              "timedOut": false,
              "duration": 2,
              "state": "passed",
              "speed": null,
              "pass": true,
              "fail": false,
              "pending": false,
              "context": null,
              "code": "",
              "err": {},
              "uuid": "94bf73a9-aa89-4f27-92f6-5f7e821db38e",
              "parentUUID": "dda77b51-831f-4ccd-b27f-d490ed328605",
              "isHook": false,
              "skipped": false
            },
            {
              "title": "should be return key",
              "fullTitle": "Public decorator > should be return key",
              "timedOut": false,
              "duration": 0,
              "state": "passed",
              "speed": null,
              "pass": true,
              "fail": false,
              "pending": false,
              "context": null,
              "code": "",
              "err": {},
              "uuid": "ac6fd39d-9606-48d8-b58b-642dbc7f03ff",
              "parentUUID": "dda77b51-831f-4ccd-b27f-d490ed328605",
              "isHook": false,
              "skipped": false
            },
            {
              "title": "should be return https certificate config",
              "fullTitle": "https-certificate > should be return https certificate config",
              "timedOut": false,
              "duration": 4,
              "state": "passed",
              "speed": null,
              "pass": true,
              "fail": false,
              "pending": false,
              "context": null,
              "code": "",
              "err": {},
              "uuid": "d6797434-146f-441b-9f56-a02a731c3918",
              "parentUUID": "dda77b51-831f-4ccd-b27f-d490ed328605",
              "isHook": false,
              "skipped": false
            },
            {
              "title": "should be return https certificate config empty",
              "fullTitle": "https-certificate > should be return https certificate config empty",
              "timedOut": false,
              "duration": 1,
              "state": "passed",
              "speed": null,
              "pass": true,
              "fail": false,
              "pending": false,
              "context": null,
              "code": "",
              "err": {},
              "uuid": "e01fa7ec-fa6e-4a7d-8b67-afb08a5e2dd3",
              "parentUUID": "dda77b51-831f-4ccd-b27f-d490ed328605",
              "isHook": false,
              "skipped": false
            },
            {
              "title": "should be defined",
              "fullTitle": "Public decorator > should be defined",
              "timedOut": false,
              "duration": 2,
              "state": "passed",
              "speed": null,
              "pass": true,
              "fail": false,
              "pending": false,
              "context": null,
              "code": "",
              "err": {},
              "uuid": "73a96bbe-3804-482b-aee2-c541238ccb9c",
              "parentUUID": "dda77b51-831f-4ccd-b27f-d490ed328605",
              "isHook": false,
              "skipped": false
            },
            {
              "title": "should be return key",
              "fullTitle": "Public decorator > should be return key",
              "timedOut": false,
              "duration": 0,
              "state": "passed",
              "speed": null,
              "pass": true,
              "fail": false,
              "pending": false,
              "context": null,
              "code": "",
              "err": {},
              "uuid": "eb7ab5ba-f6ef-4db4-9866-23be2d3b9db6",
              "parentUUID": "dda77b51-831f-4ccd-b27f-d490ed328605",
              "isHook": false,
              "skipped": false
            }
          ],
          "suites": [],
          "passes": [
            "a43c8b36-48a0-4157-8bc2-ea2cf74790b7",
            "5338ffa9-cb1e-459d-b651-687f223acb60",
            "12f45295-9fb2-4a77-84a0-712f2ab1cf01",
            "4b623ae3-5c64-4c2c-8ac3-a6c4a4e9a912",
            "94bf73a9-aa89-4f27-92f6-5f7e821db38e",
            "ac6fd39d-9606-48d8-b58b-642dbc7f03ff",
            "d6797434-146f-441b-9f56-a02a731c3918",
            "e01fa7ec-fa6e-4a7d-8b67-afb08a5e2dd3",
            "73a96bbe-3804-482b-aee2-c541238ccb9c",
            "eb7ab5ba-f6ef-4db4-9866-23be2d3b9db6"
          ],
          "failures": [],
          "pending": [],
          "skipped": [],
          "duration": 15,
          "root": false,
          "rootEmpty": false,
          "_timeout": 5000
        }
      ],
      "passes": [],
      "failures": [],
      "pending": [],
      "skipped": [],
      "duration": 0,
      "root": true,
      "rootEmpty": true,
      "_timeout": 5000
    },
    {
      "uuid": "ec76a59f-c13d-42dc-a802-1fa68ee34653",
      "title": "@tresdoce-nestjs-toolkit/elk",
      "fullFile": "",
      "file": "",
      "beforeHooks": [],
      "afterHooks": [],
      "tests": [],
      "suites": [
        {
          "uuid": "4e6a3001-461c-4023-add0-6591aed829c4",
          "title": "@tresdoce-nestjs-toolkit/elk",
          "fullFile": "",
          "file": "",
          "beforeHooks": [],
          "afterHooks": [],
          "tests": [
            {
              "title": "should be defined",
              "fullTitle": "ElkModule > should be defined",
              "timedOut": false,
              "duration": 1329,
              "state": "passed",
              "speed": null,
              "pass": true,
              "fail": false,
              "pending": false,
              "context": null,
              "code": "",
              "err": {},
              "uuid": "795eb383-92ce-46a0-998c-b57cbc11f158",
              "parentUUID": "4e6a3001-461c-4023-add0-6591aed829c4",
              "isHook": false,
              "skipped": false
            },
            {
              "title": "should be an ElkInterceptor instance to be defined",
              "fullTitle": "ElkModule > should be an ElkInterceptor instance to be defined",
              "timedOut": false,
              "duration": 1010,
              "state": "passed",
              "speed": null,
              "pass": true,
              "fail": false,
              "pending": false,
              "context": null,
              "code": "",
              "err": {},
              "uuid": "688288c4-baeb-426d-a34c-9c9a4317eff1",
              "parentUUID": "4e6a3001-461c-4023-add0-6591aed829c4",
              "isHook": false,
              "skipped": false
            },
            {
              "title": "should be create document in elasticsearch when return success string",
              "fullTitle": "ElkModule > should be create document in elasticsearch when return success string",
              "timedOut": false,
              "duration": 1013,
              "state": "passed",
              "speed": null,
              "pass": true,
              "fail": false,
              "pending": false,
              "context": null,
              "code": "",
              "err": {},
              "uuid": "75b5c48d-29ec-4626-baee-ef8efa5bb72b",
              "parentUUID": "4e6a3001-461c-4023-add0-6591aed829c4",
              "isHook": false,
              "skipped": false
            },
            {
              "title": "should be create document in elasticsearch when return success object",
              "fullTitle": "ElkModule > should be create document in elasticsearch when return success object",
              "timedOut": false,
              "duration": 1012,
              "state": "passed",
              "speed": null,
              "pass": true,
              "fail": false,
              "pending": false,
              "context": null,
              "code": "",
              "err": {},
              "uuid": "c056f838-3b09-4fcb-afb5-06c7198a3dbb",
              "parentUUID": "4e6a3001-461c-4023-add0-6591aed829c4",
              "isHook": false,
              "skipped": false
            },
            {
              "title": "should be create document in elasticsearch when return success with parameters",
              "fullTitle": "ElkModule > should be create document in elasticsearch when return success with parameters",
              "timedOut": false,
              "duration": 1018,
              "state": "passed",
              "speed": null,
              "pass": true,
              "fail": false,
              "pending": false,
              "context": null,
              "code": "",
              "err": {},
              "uuid": "31c29671-e067-476e-98e1-30d742877672",
              "parentUUID": "4e6a3001-461c-4023-add0-6591aed829c4",
              "isHook": false,
              "skipped": false
            },
            {
              "title": "should be create document in elasticsearch when return exception",
              "fullTitle": "ElkModule > should be create document in elasticsearch when return exception",
              "timedOut": false,
              "duration": 1013,
              "state": "passed",
              "speed": null,
              "pass": true,
              "fail": false,
              "pending": false,
              "context": null,
              "code": "",
              "err": {},
              "uuid": "f8ab573b-2074-4003-9d74-c647835c469d",
              "parentUUID": "4e6a3001-461c-4023-add0-6591aed829c4",
              "isHook": false,
              "skipped": false
            },
            {
              "title": "should be create document in elasticsearch when return exception http",
              "fullTitle": "ElkModule > should be create document in elasticsearch when return exception http",
              "timedOut": false,
              "duration": 1009,
              "state": "passed",
              "speed": null,
              "pass": true,
              "fail": false,
              "pending": false,
              "context": null,
              "code": "",
              "err": {},
              "uuid": "eb48b012-a714-4181-8ee7-bd932b655132",
              "parentUUID": "4e6a3001-461c-4023-add0-6591aed829c4",
              "isHook": false,
              "skipped": false
            },
            {
              "title": "should be defined",
              "fullTitle": "ElkModule > should be defined",
              "timedOut": false,
              "duration": 1015,
              "state": "passed",
              "speed": null,
              "pass": true,
              "fail": false,
              "pending": false,
              "context": null,
              "code": "",
              "err": {},
              "uuid": "c38b09e3-9277-4fc9-8268-b67da1207cb1",
              "parentUUID": "4e6a3001-461c-4023-add0-6591aed829c4",
              "isHook": false,
              "skipped": false
            }
          ],
          "suites": [],
          "passes": [
            "795eb383-92ce-46a0-998c-b57cbc11f158",
            "688288c4-baeb-426d-a34c-9c9a4317eff1",
            "75b5c48d-29ec-4626-baee-ef8efa5bb72b",
            "c056f838-3b09-4fcb-afb5-06c7198a3dbb",
            "31c29671-e067-476e-98e1-30d742877672",
            "f8ab573b-2074-4003-9d74-c647835c469d",
            "eb48b012-a714-4181-8ee7-bd932b655132",
            "c38b09e3-9277-4fc9-8268-b67da1207cb1"
          ],
          "failures": [],
          "pending": [],
          "skipped": [],
          "duration": 8419,
          "root": false,
          "rootEmpty": false,
          "_timeout": 5000
        }
      ],
      "passes": [],
      "failures": [],
      "pending": [],
      "skipped": [],
      "duration": 0,
      "root": true,
      "rootEmpty": true,
      "_timeout": 5000
    },
    {
      "uuid": "243adf13-eab1-4808-afc9-219e1e2ccebd",
      "title": "@tresdoce-nestjs-toolkit/filters",
      "fullFile": "",
      "file": "",
      "beforeHooks": [],
      "afterHooks": [],
      "tests": [],
      "suites": [
        {
          "uuid": "2cab564c-9a11-41f8-a7db-8d3c25f0c04f",
          "title": "@tresdoce-nestjs-toolkit/filters",
          "fullFile": "",
          "file": "",
          "beforeHooks": [],
          "afterHooks": [],
          "tests": [
            {
              "title": "should map a regular code exception",
              "fullTitle": "filters > code exception > should map a regular code exception",
              "timedOut": false,
              "duration": 1,
              "state": "passed",
              "speed": null,
              "pass": true,
              "fail": false,
              "pending": false,
              "context": null,
              "code": "",
              "err": {},
              "uuid": "cc01da99-7651-4f42-8176-b599ae978702",
              "parentUUID": "2cab564c-9a11-41f8-a7db-8d3c25f0c04f",
              "isHook": false,
              "skipped": false
            },
            {
              "title": "should map default exception when thrown with not parameters",
              "fullTitle": "filters > code exception > should map default exception when thrown with not parameters",
              "timedOut": false,
              "duration": 1,
              "state": "passed",
              "speed": null,
              "pass": true,
              "fail": false,
              "pending": false,
              "context": null,
              "code": "",
              "err": {},
              "uuid": "58cdc3a3-2df9-4e0f-93b8-28d16e6ef257",
              "parentUUID": "2cab564c-9a11-41f8-a7db-8d3c25f0c04f",
              "isHook": false,
              "skipped": false
            },
            {
              "title": "should map default exception when thrown with error details",
              "fullTitle": "filters > code exception > should map default exception when thrown with error details",
              "timedOut": false,
              "duration": 1,
              "state": "passed",
              "speed": null,
              "pass": true,
              "fail": false,
              "pending": false,
              "context": null,
              "code": "",
              "err": {},
              "uuid": "836dc6eb-f99d-4fb1-89f3-438052dfe004",
              "parentUUID": "2cab564c-9a11-41f8-a7db-8d3c25f0c04f",
              "isHook": false,
              "skipped": false
            },
            {
              "title": "should map default exception when thrown with error details and description",
              "fullTitle": "filters > code exception > should map default exception when thrown with error details and description",
              "timedOut": false,
              "duration": 1,
              "state": "passed",
              "speed": null,
              "pass": true,
              "fail": false,
              "pending": false,
              "context": null,
              "code": "",
              "err": {},
              "uuid": "ca7e36a3-38c9-4ffb-850c-2f7036011d7c",
              "parentUUID": "2cab564c-9a11-41f8-a7db-8d3c25f0c04f",
              "isHook": false,
              "skipped": false
            },
            {
              "title": "should map HttpException response when called with a string",
              "fullTitle": "filters > code exception > should map HttpException response when called with a string",
              "timedOut": false,
              "duration": 1,
              "state": "passed",
              "speed": null,
              "pass": true,
              "fail": false,
              "pending": false,
              "context": null,
              "code": "",
              "err": {},
              "uuid": "5c29bbce-060a-4ddd-87bf-710a58521fac",
              "parentUUID": "2cab564c-9a11-41f8-a7db-8d3c25f0c04f",
              "isHook": false,
              "skipped": false
            },
            {
              "title": "should map HttpException response when called with an object",
              "fullTitle": "filters > code exception > should map HttpException response when called with an object",
              "timedOut": false,
              "duration": 0,
              "state": "passed",
              "speed": null,
              "pass": true,
              "fail": false,
              "pending": false,
              "context": null,
              "code": "",
              "err": {},
              "uuid": "0f96b1f0-a4f8-4e41-8ee8-657d60a6e95a",
              "parentUUID": "2cab564c-9a11-41f8-a7db-8d3c25f0c04f",
              "isHook": false,
              "skipped": false
            },
            {
              "title": "should map HttpException response when called with an object with empty message",
              "fullTitle": "filters > code exception > should map HttpException response when called with an object with empty message",
              "timedOut": false,
              "duration": 1,
              "state": "passed",
              "speed": null,
              "pass": true,
              "fail": false,
              "pending": false,
              "context": null,
              "code": "",
              "err": {},
              "uuid": "74245e15-6c72-4305-92eb-bb191c244ba3",
              "parentUUID": "2cab564c-9a11-41f8-a7db-8d3c25f0c04f",
              "isHook": false,
              "skipped": false
            },
            {
              "title": "should map HttpException response when called with an array",
              "fullTitle": "filters > code exception > should map HttpException response when called with an array",
              "timedOut": false,
              "duration": 1,
              "state": "passed",
              "speed": null,
              "pass": true,
              "fail": false,
              "pending": false,
              "context": null,
              "code": "",
              "err": {},
              "uuid": "d4425b2f-0ade-4765-b79d-70d35527db92",
              "parentUUID": "2cab564c-9a11-41f8-a7db-8d3c25f0c04f",
              "isHook": false,
              "skipped": false
            },
            {
              "title": "should map HttpException response when called with an object",
              "fullTitle": "filters > code exception > should map HttpException response when called with an object",
              "timedOut": false,
              "duration": 0,
              "state": "passed",
              "speed": null,
              "pass": true,
              "fail": false,
              "pending": false,
              "context": null,
              "code": "",
              "err": {},
              "uuid": "333d5ac6-b9f4-4d43-81b1-1cf601bfed34",
              "parentUUID": "2cab564c-9a11-41f8-a7db-8d3c25f0c04f",
              "isHook": false,
              "skipped": false
            },
            {
              "title": "should map default exception when thrown with not parameters",
              "fullTitle": "filters > code exception > should map default exception when thrown with not parameters",
              "timedOut": false,
              "duration": 0,
              "state": "passed",
              "speed": null,
              "pass": true,
              "fail": false,
              "pending": false,
              "context": null,
              "code": "",
              "err": {},
              "uuid": "a084cf0b-98cd-4b29-bb77-89868b564634",
              "parentUUID": "2cab564c-9a11-41f8-a7db-8d3c25f0c04f",
              "isHook": false,
              "skipped": false
            },
            {
              "title": "should be return application info",
              "fullTitle": "filters > code exception > should be return application info",
              "timedOut": false,
              "duration": 1,
              "state": "passed",
              "speed": null,
              "pass": true,
              "fail": false,
              "pending": false,
              "context": null,
              "code": "",
              "err": {},
              "uuid": "60122de5-ef10-4f0f-bfc7-2921bb8be6cf",
              "parentUUID": "2cab564c-9a11-41f8-a7db-8d3c25f0c04f",
              "isHook": false,
              "skipped": false
            },
            {
              "title": "should be return code in string",
              "fullTitle": "error.utils > should be return code in string",
              "timedOut": false,
              "duration": 3,
              "state": "passed",
              "speed": null,
              "pass": true,
              "fail": false,
              "pending": false,
              "context": null,
              "code": "",
              "err": {},
              "uuid": "a4574a4e-71be-4979-9784-cf0341197ca7",
              "parentUUID": "2cab564c-9a11-41f8-a7db-8d3c25f0c04f",
              "isHook": false,
              "skipped": false
            },
            {
              "title": "should be return code in string obj",
              "fullTitle": "error.utils > should be return code in string obj",
              "timedOut": false,
              "duration": 1,
              "state": "passed",
              "speed": null,
              "pass": true,
              "fail": false,
              "pending": false,
              "context": null,
              "code": "",
              "err": {},
              "uuid": "0de57236-a54b-4090-8ccd-0230ec40a5cf",
              "parentUUID": "2cab564c-9a11-41f8-a7db-8d3c25f0c04f",
              "isHook": false,
              "skipped": false
            },
            {
              "title": "should be return code in string",
              "fullTitle": "error.utils > should be return code in string",
              "timedOut": false,
              "duration": 0,
              "state": "passed",
              "speed": null,
              "pass": true,
              "fail": false,
              "pending": false,
              "context": null,
              "code": "",
              "err": {},
              "uuid": "7cd02358-ea3a-46e7-8757-1bf3e5e0e8a5",
              "parentUUID": "2cab564c-9a11-41f8-a7db-8d3c25f0c04f",
              "isHook": false,
              "skipped": false
            }
          ],
          "suites": [],
          "passes": [
            "cc01da99-7651-4f42-8176-b599ae978702",
            "58cdc3a3-2df9-4e0f-93b8-28d16e6ef257",
            "836dc6eb-f99d-4fb1-89f3-438052dfe004",
            "ca7e36a3-38c9-4ffb-850c-2f7036011d7c",
            "5c29bbce-060a-4ddd-87bf-710a58521fac",
            "0f96b1f0-a4f8-4e41-8ee8-657d60a6e95a",
            "74245e15-6c72-4305-92eb-bb191c244ba3",
            "d4425b2f-0ade-4765-b79d-70d35527db92",
            "333d5ac6-b9f4-4d43-81b1-1cf601bfed34",
            "a084cf0b-98cd-4b29-bb77-89868b564634",
            "60122de5-ef10-4f0f-bfc7-2921bb8be6cf",
            "a4574a4e-71be-4979-9784-cf0341197ca7",
            "0de57236-a54b-4090-8ccd-0230ec40a5cf",
            "7cd02358-ea3a-46e7-8757-1bf3e5e0e8a5"
          ],
          "failures": [],
          "pending": [],
          "skipped": [],
          "duration": 12,
          "root": false,
          "rootEmpty": false,
          "_timeout": 5000
        }
      ],
      "passes": [],
      "failures": [],
      "pending": [],
      "skipped": [],
      "duration": 0,
      "root": true,
      "rootEmpty": true,
      "_timeout": 5000
    },
    {
      "uuid": "6e61b80f-f9e3-415d-8801-91a2e7240ec5",
      "title": "@tresdoce-nestjs-toolkit/health",
      "fullFile": "",
      "file": "",
      "beforeHooks": [],
      "afterHooks": [],
      "tests": [],
      "suites": [
        {
          "uuid": "d197e9cf-85f0-4147-993a-8e7d7ad4cfda",
          "title": "@tresdoce-nestjs-toolkit/health",
          "fullFile": "",
          "file": "",
          "beforeHooks": [],
          "afterHooks": [],
          "tests": [
            {
              "title": "should be defined with extend config",
              "fullTitle": "Health > Ready controller - extend config > should be defined with extend config",
              "timedOut": false,
              "duration": 761,
              "state": "passed",
              "speed": null,
              "pass": true,
              "fail": false,
              "pending": false,
              "context": null,
              "code": "",
              "err": {},
              "uuid": "b7e8e73f-a630-4a40-bac0-86294dec43f8",
              "parentUUID": "d197e9cf-85f0-4147-993a-8e7d7ad4cfda",
              "isHook": false,
              "skipped": false
            },
            {
              "title": "should be return up services with extend config",
              "fullTitle": "Health > Ready controller - extend config > should be return up services with extend config",
              "timedOut": false,
              "duration": 7,
              "state": "passed",
              "speed": null,
              "pass": true,
              "fail": false,
              "pending": false,
              "context": null,
              "code": "",
              "err": {},
              "uuid": "48046496-c1c2-47fd-94f7-04209725afce",
              "parentUUID": "d197e9cf-85f0-4147-993a-8e7d7ad4cfda",
              "isHook": false,
              "skipped": false
            },
            {
              "title": "should be defined with simple config",
              "fullTitle": "Health > Ready controller - extend config > should be defined with simple config",
              "timedOut": false,
              "duration": 5,
              "state": "passed",
              "speed": null,
              "pass": true,
              "fail": false,
              "pending": false,
              "context": null,
              "code": "",
              "err": {},
              "uuid": "4c5e120a-f04a-4bed-89a7-4aa325dcc9bc",
              "parentUUID": "d197e9cf-85f0-4147-993a-8e7d7ad4cfda",
              "isHook": false,
              "skipped": false
            },
            {
              "title": "should be return up services with simple config",
              "fullTitle": "Health > Ready controller - extend config > should be return up services with simple config",
              "timedOut": false,
              "duration": 5,
              "state": "passed",
              "speed": null,
              "pass": true,
              "fail": false,
              "pending": false,
              "context": null,
              "code": "",
              "err": {},
              "uuid": "965546ad-ba08-4aff-9470-6a716b9266b0",
              "parentUUID": "d197e9cf-85f0-4147-993a-8e7d7ad4cfda",
              "isHook": false,
              "skipped": false
            },
            {
              "title": "should be define",
              "fullTitle": "HealthModule > should be define",
              "timedOut": false,
              "duration": 597,
              "state": "passed",
              "speed": null,
              "pass": true,
              "fail": false,
              "pending": false,
              "context": null,
              "code": "",
              "err": {},
              "uuid": "9902eddd-78ab-4dcd-9535-f806f9b27631",
              "parentUUID": "d197e9cf-85f0-4147-993a-8e7d7ad4cfda",
              "isHook": false,
              "skipped": false
            },
            {
              "title": "should be return status up",
              "fullTitle": "HealthModule > should be return status up",
              "timedOut": false,
              "duration": 12,
              "state": "passed",
              "speed": null,
              "pass": true,
              "fail": false,
              "pending": false,
              "context": null,
              "code": "",
              "err": {},
              "uuid": "c171d3e5-f3a4-481f-9f49-1a3d5c1a6f26",
              "parentUUID": "d197e9cf-85f0-4147-993a-8e7d7ad4cfda",
              "isHook": false,
              "skipped": false
            },
            {
              "title": "should be return readiness services",
              "fullTitle": "HealthModule > should be return readiness services",
              "timedOut": false,
              "duration": 373,
              "state": "passed",
              "speed": null,
              "pass": true,
              "fail": false,
              "pending": false,
              "context": null,
              "code": "",
              "err": {},
              "uuid": "355fef8f-f158-41e1-9f6e-dfa9b86a9b77",
              "parentUUID": "d197e9cf-85f0-4147-993a-8e7d7ad4cfda",
              "isHook": false,
              "skipped": false
            },
            {
              "title": "should be defined",
              "fullTitle": "Health - Live controller > should be defined",
              "timedOut": false,
              "duration": 11,
              "state": "passed",
              "speed": null,
              "pass": true,
              "fail": false,
              "pending": false,
              "context": null,
              "code": "",
              "err": {},
              "uuid": "29cf8bb6-ea71-4799-9611-95bb5005f998",
              "parentUUID": "d197e9cf-85f0-4147-993a-8e7d7ad4cfda",
              "isHook": false,
              "skipped": false
            },
            {
              "title": "should be return up liveness",
              "fullTitle": "Health - Live controller > should be return up liveness",
              "timedOut": false,
              "duration": 3,
              "state": "passed",
              "speed": null,
              "pass": true,
              "fail": false,
              "pending": false,
              "context": null,
              "code": "",
              "err": {},
              "uuid": "7a0bc484-bef6-449b-8b62-189e97436344",
              "parentUUID": "d197e9cf-85f0-4147-993a-8e7d7ad4cfda",
              "isHook": false,
              "skipped": false
            },
            {
              "title": "should be return exclude to prefix global",
              "fullTitle": "healthConstants > should be return exclude to prefix global",
              "timedOut": false,
              "duration": 3,
              "state": "passed",
              "speed": null,
              "pass": true,
              "fail": false,
              "pending": false,
              "context": null,
              "code": "",
              "err": {},
              "uuid": "d1cad4ab-afb9-4fde-898d-18219196b23b",
              "parentUUID": "d197e9cf-85f0-4147-993a-8e7d7ad4cfda",
              "isHook": false,
              "skipped": false
            }
          ],
          "suites": [],
          "passes": [
            "b7e8e73f-a630-4a40-bac0-86294dec43f8",
            "48046496-c1c2-47fd-94f7-04209725afce",
            "4c5e120a-f04a-4bed-89a7-4aa325dcc9bc",
            "965546ad-ba08-4aff-9470-6a716b9266b0",
            "9902eddd-78ab-4dcd-9535-f806f9b27631",
            "c171d3e5-f3a4-481f-9f49-1a3d5c1a6f26",
            "355fef8f-f158-41e1-9f6e-dfa9b86a9b77",
            "29cf8bb6-ea71-4799-9611-95bb5005f998",
            "7a0bc484-bef6-449b-8b62-189e97436344",
            "d1cad4ab-afb9-4fde-898d-18219196b23b"
          ],
          "failures": [],
          "pending": [],
          "skipped": [],
          "duration": 1777,
          "root": false,
          "rootEmpty": false,
          "_timeout": 5000
        }
      ],
      "passes": [],
      "failures": [],
      "pending": [],
      "skipped": [],
      "duration": 0,
      "root": true,
      "rootEmpty": true,
      "_timeout": 5000
    },
    {
      "uuid": "b54c54a6-de64-42f2-92ef-ec8493ebd755",
      "title": "@tresdoce-nestjs-toolkit/http-client",
      "fullFile": "",
      "file": "",
      "beforeHooks": [],
      "afterHooks": [],
      "tests": [],
      "suites": [
        {
          "uuid": "8623b6a5-1b34-44c2-a06e-06612e0f480a",
          "title": "@tresdoce-nestjs-toolkit/http-client",
          "fullFile": "",
          "file": "",
          "beforeHooks": [],
          "afterHooks": [],
          "tests": [
            {
              "title": "should be defined",
              "fullTitle": "HttpService > should be defined",
              "timedOut": false,
              "duration": 264,
              "state": "passed",
              "speed": null,
              "pass": true,
              "fail": false,
              "pending": false,
              "context": null,
              "code": "",
              "err": {},
              "uuid": "a7726864-7f5c-4702-8bb6-97b5ce850b41",
              "parentUUID": "8623b6a5-1b34-44c2-a06e-06612e0f480a",
              "isHook": false,
              "skipped": false
            },
            {
              "title": "should be return status 200 - request",
              "fullTitle": "HttpService > should be return status 200 - request",
              "timedOut": false,
              "duration": 581,
              "state": "passed",
              "speed": null,
              "pass": true,
              "fail": false,
              "pending": false,
              "context": null,
              "code": "",
              "err": {},
              "uuid": "8693b83a-fdd8-4e95-a1d5-a396e22f552d",
              "parentUUID": "8623b6a5-1b34-44c2-a06e-06612e0f480a",
              "isHook": false,
              "skipped": false
            },
            {
              "title": "should be return status 200 - get",
              "fullTitle": "HttpService > should be return status 200 - get",
              "timedOut": false,
              "duration": 453,
              "state": "passed",
              "speed": null,
              "pass": true,
              "fail": false,
              "pending": false,
              "context": null,
              "code": "",
              "err": {},
              "uuid": "dcb701af-d919-421d-b660-0d4bd69acd0a",
              "parentUUID": "8623b6a5-1b34-44c2-a06e-06612e0f480a",
              "isHook": false,
              "skipped": false
            },
            {
              "title": "should be return status 201 - post",
              "fullTitle": "HttpService > should be return status 201 - post",
              "timedOut": false,
              "duration": 503,
              "state": "passed",
              "speed": null,
              "pass": true,
              "fail": false,
              "pending": false,
              "context": null,
              "code": "",
              "err": {},
              "uuid": "d359dc4c-3df3-44df-99ee-9d8017501c7c",
              "parentUUID": "8623b6a5-1b34-44c2-a06e-06612e0f480a",
              "isHook": false,
              "skipped": false
            },
            {
              "title": "should be return status 200 - get by id",
              "fullTitle": "HttpService > should be return status 200 - get by id",
              "timedOut": false,
              "duration": 467,
              "state": "passed",
              "speed": null,
              "pass": true,
              "fail": false,
              "pending": false,
              "context": null,
              "code": "",
              "err": {},
              "uuid": "1ebeafdb-a9b4-4fc1-b425-51ebbe74443a",
              "parentUUID": "8623b6a5-1b34-44c2-a06e-06612e0f480a",
              "isHook": false,
              "skipped": false
            },
            {
              "title": "should be return status 200 - put",
              "fullTitle": "HttpService > should be return status 200 - put",
              "timedOut": false,
              "duration": 524,
              "state": "passed",
              "speed": null,
              "pass": true,
              "fail": false,
              "pending": false,
              "context": null,
              "code": "",
              "err": {},
              "uuid": "e0657d0a-f171-4ebd-ab92-501385f0c242",
              "parentUUID": "8623b6a5-1b34-44c2-a06e-06612e0f480a",
              "isHook": false,
              "skipped": false
            },
            {
              "title": "should be return status 200 - delete",
              "fullTitle": "HttpService > should be return status 200 - delete",
              "timedOut": false,
              "duration": 496,
              "state": "passed",
              "speed": null,
              "pass": true,
              "fail": false,
              "pending": false,
              "context": null,
              "code": "",
              "err": {},
              "uuid": "3606b299-05d1-465f-bee8-f6994e793967",
              "parentUUID": "8623b6a5-1b34-44c2-a06e-06612e0f480a",
              "isHook": false,
              "skipped": false
            },
            {
              "title": "should be return status 200 - patch",
              "fullTitle": "HttpService > should be return status 200 - patch",
              "timedOut": false,
              "duration": 503,
              "state": "passed",
              "speed": null,
              "pass": true,
              "fail": false,
              "pending": false,
              "context": null,
              "code": "",
              "err": {},
              "uuid": "f0ea226d-ce93-40d0-b1eb-2483045af7f6",
              "parentUUID": "8623b6a5-1b34-44c2-a06e-06612e0f480a",
              "isHook": false,
              "skipped": false
            },
            {
              "title": "should be return status 200 - head",
              "fullTitle": "HttpService > should be return status 200 - head",
              "timedOut": false,
              "duration": 443,
              "state": "passed",
              "speed": null,
              "pass": true,
              "fail": false,
              "pending": false,
              "context": null,
              "code": "",
              "err": {},
              "uuid": "8d707ceb-b198-43f2-a908-f43b44e3a1a0",
              "parentUUID": "8623b6a5-1b34-44c2-a06e-06612e0f480a",
              "isHook": false,
              "skipped": false
            },
            {
              "title": "should be return error",
              "fullTitle": "HttpService > should be return error",
              "timedOut": false,
              "duration": 456,
              "state": "passed",
              "speed": null,
              "pass": true,
              "fail": false,
              "pending": false,
              "context": null,
              "code": "",
              "err": {},
              "uuid": "b8854a9a-da47-4cec-abc3-949fb9d905db",
              "parentUUID": "8623b6a5-1b34-44c2-a06e-06612e0f480a",
              "isHook": false,
              "skipped": false
            },
            {
              "title": "should be define",
              "fullTitle": "HttpModule > registerAsync useFactory > should be define",
              "timedOut": false,
              "duration": 87,
              "state": "passed",
              "speed": null,
              "pass": true,
              "fail": false,
              "pending": false,
              "context": null,
              "code": "",
              "err": {},
              "uuid": "bbe0764f-67fb-4144-b952-65cd32488b4d",
              "parentUUID": "8623b6a5-1b34-44c2-a06e-06612e0f480a",
              "isHook": false,
              "skipped": false
            },
            {
              "title": "should be define",
              "fullTitle": "HttpModule > registerAsync useFactory > should be define",
              "timedOut": false,
              "duration": 8,
              "state": "passed",
              "speed": null,
              "pass": true,
              "fail": false,
              "pending": false,
              "context": null,
              "code": "",
              "err": {},
              "uuid": "ecaf5846-1cab-41b8-8bf1-db913c73d74d",
              "parentUUID": "8623b6a5-1b34-44c2-a06e-06612e0f480a",
              "isHook": false,
              "skipped": false
            },
            {
              "title": "should be define",
              "fullTitle": "HttpModule > registerAsync useFactory > should be define",
              "timedOut": false,
              "duration": 8,
              "state": "passed",
              "speed": null,
              "pass": true,
              "fail": false,
              "pending": false,
              "context": null,
              "code": "",
              "err": {},
              "uuid": "7d300f41-0a24-43c3-a4b8-1a96fcc4d0da",
              "parentUUID": "8623b6a5-1b34-44c2-a06e-06612e0f480a",
              "isHook": false,
              "skipped": false
            },
            {
              "title": "should be define",
              "fullTitle": "HttpModule > registerAsync useFactory > should be define",
              "timedOut": false,
              "duration": 13,
              "state": "passed",
              "speed": null,
              "pass": true,
              "fail": false,
              "pending": false,
              "context": null,
              "code": "",
              "err": {},
              "uuid": "b8079845-380f-4775-8794-dacf6793d985",
              "parentUUID": "8623b6a5-1b34-44c2-a06e-06612e0f480a",
              "isHook": false,
              "skipped": false
            },
            {
              "title": "should be defined",
              "fullTitle": "HttpInterceptor > should be defined",
              "timedOut": false,
              "duration": 77,
              "state": "passed",
              "speed": null,
              "pass": true,
              "fail": false,
              "pending": false,
              "context": null,
              "code": "",
              "err": {},
              "uuid": "2d08e571-46dd-4bcf-ae05-9da1e9a293ab",
              "parentUUID": "8623b6a5-1b34-44c2-a06e-06612e0f480a",
              "isHook": false,
              "skipped": false
            },
            {
              "title": "should be intercept and pass headers",
              "fullTitle": "HttpInterceptor > should be intercept and pass headers",
              "timedOut": false,
              "duration": 6,
              "state": "passed",
              "speed": null,
              "pass": true,
              "fail": false,
              "pending": false,
              "context": null,
              "code": "",
              "err": {},
              "uuid": "f99af7c5-d7a8-41f0-836e-4aefdd4519d7",
              "parentUUID": "8623b6a5-1b34-44c2-a06e-06612e0f480a",
              "isHook": false,
              "skipped": false
            }
          ],
          "suites": [],
          "passes": [
            "a7726864-7f5c-4702-8bb6-97b5ce850b41",
            "8693b83a-fdd8-4e95-a1d5-a396e22f552d",
            "dcb701af-d919-421d-b660-0d4bd69acd0a",
            "d359dc4c-3df3-44df-99ee-9d8017501c7c",
            "1ebeafdb-a9b4-4fc1-b425-51ebbe74443a",
            "e0657d0a-f171-4ebd-ab92-501385f0c242",
            "3606b299-05d1-465f-bee8-f6994e793967",
            "f0ea226d-ce93-40d0-b1eb-2483045af7f6",
            "8d707ceb-b198-43f2-a908-f43b44e3a1a0",
            "b8854a9a-da47-4cec-abc3-949fb9d905db",
            "bbe0764f-67fb-4144-b952-65cd32488b4d",
            "ecaf5846-1cab-41b8-8bf1-db913c73d74d",
            "7d300f41-0a24-43c3-a4b8-1a96fcc4d0da",
            "b8079845-380f-4775-8794-dacf6793d985",
            "2d08e571-46dd-4bcf-ae05-9da1e9a293ab",
            "f99af7c5-d7a8-41f0-836e-4aefdd4519d7"
          ],
          "failures": [],
          "pending": [],
          "skipped": [],
          "duration": 4889,
          "root": false,
          "rootEmpty": false,
          "_timeout": 5000
        }
      ],
      "passes": [],
      "failures": [],
      "pending": [],
      "skipped": [],
      "duration": 0,
      "root": true,
      "rootEmpty": true,
      "_timeout": 5000
    },
    {
      "uuid": "00bb91c8-4f1c-4ea1-b6fc-d0594edbe18d",
      "title": "@tresdoce-nestjs-toolkit/mailer",
      "fullFile": "",
      "file": "",
      "beforeHooks": [],
      "afterHooks": [],
      "tests": [],
      "suites": [
        {
          "uuid": "bf144cd2-0ab2-43bc-b190-770a8aafdb14",
          "title": "@tresdoce-nestjs-toolkit/mailer",
          "fullFile": "",
          "file": "",
          "beforeHooks": [],
          "afterHooks": [],
          "tests": [
            {
              "title": "should not be defined if a transport is not provided",
              "fullTitle": "MailerService > should not be defined if a transport is not provided",
              "timedOut": false,
              "duration": 13,
              "state": "passed",
              "speed": null,
              "pass": true,
              "fail": false,
              "pending": false,
              "context": null,
              "code": "",
              "err": {},
              "uuid": "a5024d0a-f826-478d-9fe0-0fdc97fa0915",
              "parentUUID": "bf144cd2-0ab2-43bc-b190-770a8aafdb14",
              "isHook": false,
              "skipped": false
            },
            {
              "title": "should accept a smtp transport string",
              "fullTitle": "MailerService > should accept a smtp transport string",
              "timedOut": false,
              "duration": 7,
              "state": "passed",
              "speed": null,
              "pass": true,
              "fail": false,
              "pending": false,
              "context": null,
              "code": "",
              "err": {},
              "uuid": "5810ce40-8023-41e1-b8a4-7fee55a6d78e",
              "parentUUID": "bf144cd2-0ab2-43bc-b190-770a8aafdb14",
              "isHook": false,
              "skipped": false
            },
            {
              "title": "should accept a smtp transports string",
              "fullTitle": "MailerService > should accept a smtp transports string",
              "timedOut": false,
              "duration": 3,
              "state": "passed",
              "speed": null,
              "pass": true,
              "fail": false,
              "pending": false,
              "context": null,
              "code": "",
              "err": {},
              "uuid": "663a6ddb-8060-4805-b6a0-8a99f09f8717",
              "parentUUID": "bf144cd2-0ab2-43bc-b190-770a8aafdb14",
              "isHook": false,
              "skipped": false
            },
            {
              "title": "should accept smtp transport options",
              "fullTitle": "MailerService > should accept smtp transport options",
              "timedOut": false,
              "duration": 2,
              "state": "passed",
              "speed": null,
              "pass": true,
              "fail": false,
              "pending": false,
              "context": null,
              "code": "",
              "err": {},
              "uuid": "50538c89-bdc7-496b-aa5b-8046315db57d",
              "parentUUID": "bf144cd2-0ab2-43bc-b190-770a8aafdb14",
              "isHook": false,
              "skipped": false
            },
            {
              "title": "should accept a smtp transport instance",
              "fullTitle": "MailerService > should accept a smtp transport instance",
              "timedOut": false,
              "duration": 3,
              "state": "passed",
              "speed": null,
              "pass": true,
              "fail": false,
              "pending": false,
              "context": null,
              "code": "",
              "err": {},
              "uuid": "13b19d55-b606-451d-9946-7749f8e9f5a4",
              "parentUUID": "bf144cd2-0ab2-43bc-b190-770a8aafdb14",
              "isHook": false,
              "skipped": false
            },
            {
              "title": "should send emails with nodemailer",
              "fullTitle": "MailerService > should send emails with nodemailer",
              "timedOut": false,
              "duration": 9,
              "state": "passed",
              "speed": null,
              "pass": true,
              "fail": false,
              "pending": false,
              "context": null,
              "code": "",
              "err": {},
              "uuid": "3153be91-99d0-4b48-9b6a-2e582714092b",
              "parentUUID": "bf144cd2-0ab2-43bc-b190-770a8aafdb14",
              "isHook": false,
              "skipped": false
            },
            {
              "title": "should send emails with nodemailer transports",
              "fullTitle": "MailerService > should send emails with nodemailer transports",
              "timedOut": false,
              "duration": 3,
              "state": "passed",
              "speed": null,
              "pass": true,
              "fail": false,
              "pending": false,
              "context": null,
              "code": "",
              "err": {},
              "uuid": "d43f31b5-1589-4d12-9c18-16bb3770540e",
              "parentUUID": "bf144cd2-0ab2-43bc-b190-770a8aafdb14",
              "isHook": false,
              "skipped": false
            },
            {
              "title": "should send emails with nodemailer with different transports name",
              "fullTitle": "MailerService > should send emails with nodemailer with different transports name",
              "timedOut": false,
              "duration": 5,
              "state": "passed",
              "speed": null,
              "pass": true,
              "fail": false,
              "pending": false,
              "context": null,
              "code": "",
              "err": {},
              "uuid": "dc1d1e88-a673-454c-b27a-d0e092421cc0",
              "parentUUID": "bf144cd2-0ab2-43bc-b190-770a8aafdb14",
              "isHook": false,
              "skipped": false
            },
            {
              "title": "should send emails with nodemailer without transports",
              "fullTitle": "MailerService > should send emails with nodemailer without transports",
              "timedOut": false,
              "duration": 2,
              "state": "passed",
              "speed": null,
              "pass": true,
              "fail": false,
              "pending": false,
              "context": null,
              "code": "",
              "err": {},
              "uuid": "ee474cb7-71ee-4119-9365-88ba4cbce8ec",
              "parentUUID": "bf144cd2-0ab2-43bc-b190-770a8aafdb14",
              "isHook": false,
              "skipped": false
            },
            {
              "title": "should use mailerOptions.defaults when send emails",
              "fullTitle": "MailerService > should use mailerOptions.defaults when send emails",
              "timedOut": false,
              "duration": 3,
              "state": "passed",
              "speed": null,
              "pass": true,
              "fail": false,
              "pending": false,
              "context": null,
              "code": "",
              "err": {},
              "uuid": "26d14a1f-f6d7-4402-881b-2a90c0daf154",
              "parentUUID": "bf144cd2-0ab2-43bc-b190-770a8aafdb14",
              "isHook": false,
              "skipped": false
            },
            {
              "title": "should use custom transport to send mail",
              "fullTitle": "MailerService > should use custom transport to send mail",
              "timedOut": false,
              "duration": 6,
              "state": "passed",
              "speed": null,
              "pass": true,
              "fail": false,
              "pending": false,
              "context": null,
              "code": "",
              "err": {},
              "uuid": "c66de1f7-b435-474c-a7e4-62cf04e018ff",
              "parentUUID": "bf144cd2-0ab2-43bc-b190-770a8aafdb14",
              "isHook": false,
              "skipped": false
            },
            {
              "title": "should compile template with the handlebars adapter",
              "fullTitle": "MailerService > should compile template with the handlebars adapter",
              "timedOut": false,
              "duration": 21,
              "state": "passed",
              "speed": null,
              "pass": true,
              "fail": false,
              "pending": false,
              "context": null,
              "code": "",
              "err": {},
              "uuid": "be954858-8094-4b6c-a53c-d6aba65d3fdc",
              "parentUUID": "bf144cd2-0ab2-43bc-b190-770a8aafdb14",
              "isHook": false,
              "skipped": false
            },
            {
              "title": "should compile template with the handlebars adapter with relative path",
              "fullTitle": "MailerService > should compile template with the handlebars adapter with relative path",
              "timedOut": false,
              "duration": 18,
              "state": "passed",
              "speed": null,
              "pass": true,
              "fail": false,
              "pending": false,
              "context": null,
              "code": "",
              "err": {},
              "uuid": "7baa36f6-0021-41c2-837e-bb16b9c24af6",
              "parentUUID": "bf144cd2-0ab2-43bc-b190-770a8aafdb14",
              "isHook": false,
              "skipped": false
            },
            {
              "title": "should compile template with the handlebars adapter with error template path",
              "fullTitle": "MailerService > should compile template with the handlebars adapter with error template path",
              "timedOut": false,
              "duration": 2,
              "state": "passed",
              "speed": null,
              "pass": true,
              "fail": false,
              "pending": false,
              "context": null,
              "code": "",
              "err": {},
              "uuid": "f462e221-3df9-4661-9cce-3015e5d75b95",
              "parentUUID": "bf144cd2-0ab2-43bc-b190-770a8aafdb14",
              "isHook": false,
              "skipped": false
            },
            {
              "title": "should compile template with the handlebars adapter with disabled inline-css",
              "fullTitle": "MailerService > should compile template with the handlebars adapter with disabled inline-css",
              "timedOut": false,
              "duration": 4,
              "state": "passed",
              "speed": null,
              "pass": true,
              "fail": false,
              "pending": false,
              "context": null,
              "code": "",
              "err": {},
              "uuid": "b95af108-f5a0-4524-826a-2b0336a2dd6d",
              "parentUUID": "bf144cd2-0ab2-43bc-b190-770a8aafdb14",
              "isHook": false,
              "skipped": false
            },
            {
              "title": "should compile template with the handlebars adapter with enabled inline-css and media query",
              "fullTitle": "MailerService > should compile template with the handlebars adapter with enabled inline-css and media query",
              "timedOut": false,
              "duration": 7,
              "state": "passed",
              "speed": null,
              "pass": true,
              "fail": false,
              "pending": false,
              "context": null,
              "code": "",
              "err": {},
              "uuid": "289a4569-9c44-457f-912a-de6ef9f41da1",
              "parentUUID": "bf144cd2-0ab2-43bc-b190-770a8aafdb14",
              "isHook": false,
              "skipped": false
            },
            {
              "title": "should compile template with the pug adapter",
              "fullTitle": "MailerService > should compile template with the pug adapter",
              "timedOut": false,
              "duration": 27,
              "state": "passed",
              "speed": null,
              "pass": true,
              "fail": false,
              "pending": false,
              "context": null,
              "code": "",
              "err": {},
              "uuid": "75a70daa-e537-4738-982c-d659065d6fb1",
              "parentUUID": "bf144cd2-0ab2-43bc-b190-770a8aafdb14",
              "isHook": false,
              "skipped": false
            },
            {
              "title": "should compile template with the pug adapter with relative path",
              "fullTitle": "MailerService > should compile template with the pug adapter with relative path",
              "timedOut": false,
              "duration": 7,
              "state": "passed",
              "speed": null,
              "pass": true,
              "fail": false,
              "pending": false,
              "context": null,
              "code": "",
              "err": {},
              "uuid": "b8b2656b-b1c8-4277-a020-50f8a9b5bfd6",
              "parentUUID": "bf144cd2-0ab2-43bc-b190-770a8aafdb14",
              "isHook": false,
              "skipped": false
            },
            {
              "title": "should compile template with the pug adapter with error to read template",
              "fullTitle": "MailerService > should compile template with the pug adapter with error to read template",
              "timedOut": false,
              "duration": 2,
              "state": "passed",
              "speed": null,
              "pass": true,
              "fail": false,
              "pending": false,
              "context": null,
              "code": "",
              "err": {},
              "uuid": "103aaee0-b3f1-4669-bd68-20e9a9da14bd",
              "parentUUID": "bf144cd2-0ab2-43bc-b190-770a8aafdb14",
              "isHook": false,
              "skipped": false
            },
            {
              "title": "should compile template with the pug adapter without inline css",
              "fullTitle": "MailerService > should compile template with the pug adapter without inline css",
              "timedOut": false,
              "duration": 5,
              "state": "passed",
              "speed": null,
              "pass": true,
              "fail": false,
              "pending": false,
              "context": null,
              "code": "",
              "err": {},
              "uuid": "384d0007-5328-4146-8c6b-2e4dbe26dce8",
              "parentUUID": "bf144cd2-0ab2-43bc-b190-770a8aafdb14",
              "isHook": false,
              "skipped": false
            },
            {
              "title": "should compile template with the ejs adapter",
              "fullTitle": "MailerService > should compile template with the ejs adapter",
              "timedOut": false,
              "duration": 4,
              "state": "passed",
              "speed": null,
              "pass": true,
              "fail": false,
              "pending": false,
              "context": null,
              "code": "",
              "err": {},
              "uuid": "00163733-b899-41ff-b30d-b2f47b7dc796",
              "parentUUID": "bf144cd2-0ab2-43bc-b190-770a8aafdb14",
              "isHook": false,
              "skipped": false
            },
            {
              "title": "should compile template with the ejs adapter with error to read template",
              "fullTitle": "MailerService > should compile template with the ejs adapter with error to read template",
              "timedOut": false,
              "duration": 2,
              "state": "passed",
              "speed": null,
              "pass": true,
              "fail": false,
              "pending": false,
              "context": null,
              "code": "",
              "err": {},
              "uuid": "c0120a7f-589c-450d-ba00-69e21d5906b8",
              "parentUUID": "bf144cd2-0ab2-43bc-b190-770a8aafdb14",
              "isHook": false,
              "skipped": false
            },
            {
              "title": "should compile template with the ejs adapter read template relative url",
              "fullTitle": "MailerService > should compile template with the ejs adapter read template relative url",
              "timedOut": false,
              "duration": 2,
              "state": "passed",
              "speed": null,
              "pass": true,
              "fail": false,
              "pending": false,
              "context": null,
              "code": "",
              "err": {},
              "uuid": "6c4e5951-f20e-4c60-8b25-da88b4b226aa",
              "parentUUID": "bf144cd2-0ab2-43bc-b190-770a8aafdb14",
              "isHook": false,
              "skipped": false
            },
            {
              "title": "should compile template with the ejs adapter without css inline",
              "fullTitle": "MailerService > should compile template with the ejs adapter without css inline",
              "timedOut": false,
              "duration": 5,
              "state": "passed",
              "speed": null,
              "pass": true,
              "fail": false,
              "pending": false,
              "context": null,
              "code": "",
              "err": {},
              "uuid": "e3c6ba15-aa8c-490f-8de2-ee191b242d3a",
              "parentUUID": "bf144cd2-0ab2-43bc-b190-770a8aafdb14",
              "isHook": false,
              "skipped": false
            },
            {
              "title": "should compile template with the ejs adapter with css inline",
              "fullTitle": "MailerService > should compile template with the ejs adapter with css inline",
              "timedOut": false,
              "duration": 4,
              "state": "passed",
              "speed": null,
              "pass": true,
              "fail": false,
              "pending": false,
              "context": null,
              "code": "",
              "err": {},
              "uuid": "e5e9441c-3207-41aa-8bea-bec429d5d7ee",
              "parentUUID": "bf144cd2-0ab2-43bc-b190-770a8aafdb14",
              "isHook": false,
              "skipped": false
            },
            {
              "title": "should be defined",
              "fullTitle": "MailerModule > forRoot > should be defined",
              "timedOut": false,
              "duration": 206,
              "state": "passed",
              "speed": null,
              "pass": true,
              "fail": false,
              "pending": false,
              "context": null,
              "code": "",
              "err": {},
              "uuid": "61b8ae6c-e8d7-410a-830c-547d6d36e5fd",
              "parentUUID": "bf144cd2-0ab2-43bc-b190-770a8aafdb14",
              "isHook": false,
              "skipped": false
            },
            {
              "title": "should be defined",
              "fullTitle": "MailerModule > forRoot > should be defined",
              "timedOut": false,
              "duration": 8,
              "state": "passed",
              "speed": null,
              "pass": true,
              "fail": false,
              "pending": false,
              "context": null,
              "code": "",
              "err": {},
              "uuid": "337df9bf-455f-421c-b375-06c3de04f53a",
              "parentUUID": "bf144cd2-0ab2-43bc-b190-770a8aafdb14",
[...]
              "speed": null,
              "pass": true,
              "fail": false,
              "pending": false,
              "context": null,
              "code": "",
              "err": {},
              "uuid": "c1ef118b-5bab-4011-9f5d-0a7183474cd0",
              "parentUUID": "514a5e5d-00e3-4844-83eb-2e94043d8147",
              "isHook": false,
              "skipped": false
            },
            {
              "title": "should be defined",
              "fullTitle": "TestContainers > Redis > should be defined",
              "timedOut": false,
              "duration": 1,
              "state": "passed",
              "speed": null,
              "pass": true,
              "fail": false,
              "pending": false,
              "context": null,
              "code": "",
              "err": {},
              "uuid": "fd44a8d8-7c3d-42d1-853e-51138f6cfd8e",
              "parentUUID": "514a5e5d-00e3-4844-83eb-2e94043d8147",
              "isHook": false,
              "skipped": false
            },
            {
              "title": "should be defined",
              "fullTitle": "TestContainers > Redis > should be defined",
              "timedOut": false,
              "duration": 0,
              "state": "passed",
              "speed": null,
              "pass": true,
              "fail": false,
              "pending": false,
              "context": null,
              "code": "",
              "err": {},
              "uuid": "95686362-78e0-4901-b8d9-6ea078def9d2",
              "parentUUID": "514a5e5d-00e3-4844-83eb-2e94043d8147",
              "isHook": false,
              "skipped": false
            },
            {
              "title": "should be defined",
              "fullTitle": "TestContainers > Redis > should be defined",
              "timedOut": false,
              "duration": 0,
              "state": "passed",
              "speed": null,
              "pass": true,
              "fail": false,
              "pending": false,
              "context": null,
              "code": "",
              "err": {},
              "uuid": "3e290940-12c6-4fd9-8676-140beb655003",
              "parentUUID": "514a5e5d-00e3-4844-83eb-2e94043d8147",
              "isHook": false,
              "skipped": false
            },
            {
              "title": "should be defined",
              "fullTitle": "TestContainers > Redis > should be defined",
              "timedOut": false,
              "duration": 1,
              "state": "passed",
              "speed": null,
              "pass": true,
              "fail": false,
              "pending": false,
              "context": null,
              "code": "",
              "err": {},
              "uuid": "42d0fa6d-8847-409d-a750-053df738146b",
              "parentUUID": "514a5e5d-00e3-4844-83eb-2e94043d8147",
              "isHook": false,
              "skipped": false
            },
            {
              "title": "should be defined",
              "fullTitle": "TestContainers > Redis > should be defined",
              "timedOut": false,
              "duration": 1,
              "state": "passed",
              "speed": null,
              "pass": true,
              "fail": false,
              "pending": false,
              "context": null,
              "code": "",
              "err": {},
              "uuid": "9123371c-8abf-4ccd-973d-45eb86ed5e1e",
              "parentUUID": "514a5e5d-00e3-4844-83eb-2e94043d8147",
              "isHook": false,
              "skipped": false
            },
            {
              "title": "should be return delay default time",
              "fullTitle": "utilities > should be return delay default time",
              "timedOut": false,
              "duration": 10006,
              "state": "passed",
              "speed": null,
              "pass": true,
              "fail": false,
              "pending": false,
              "context": null,
              "code": "",
              "err": {},
              "uuid": "ba1fa439-6eac-475d-b266-ac142aa5f188",
              "parentUUID": "514a5e5d-00e3-4844-83eb-2e94043d8147",
              "isHook": false,
              "skipped": false
            },
            {
              "title": "should be return delay custom time",
              "fullTitle": "utilities > should be return delay custom time",
              "timedOut": false,
              "duration": 63,
              "state": "passed",
              "speed": null,
              "pass": true,
              "fail": false,
              "pending": false,
              "context": null,
              "code": "",
              "err": {},
              "uuid": "5874e045-56ea-4bb5-8455-5dac283d919f",
              "parentUUID": "514a5e5d-00e3-4844-83eb-2e94043d8147",
              "isHook": false,
              "skipped": false
            },
            {
              "title": "should be return a join of paths",
              "fullTitle": "utilities > should be return a join of paths",
              "timedOut": false,
              "duration": 1,
              "state": "passed",
              "speed": null,
              "pass": true,
              "fail": false,
              "pending": false,
              "context": null,
              "code": "",
              "err": {},
              "uuid": "8fa198e9-30e3-460a-a631-945d68614f9f",
              "parentUUID": "514a5e5d-00e3-4844-83eb-2e94043d8147",
              "isHook": false,
              "skipped": false
            },
            {
              "title": "should be return config",
              "fullTitle": "Config > baseConfig > should be return config",
              "timedOut": false,
              "duration": 4,
              "state": "passed",
              "speed": null,
              "pass": true,
              "fail": false,
              "pending": false,
              "context": null,
              "code": "",
              "err": {},
              "uuid": "737c241d-2d84-4a58-9941-e29cbeb3ff40",
              "parentUUID": "514a5e5d-00e3-4844-83eb-2e94043d8147",
              "isHook": false,
              "skipped": false
            },
            {
              "title": "should be return config with args",
              "fullTitle": "Config > baseConfig > should be return config with args",
              "timedOut": false,
              "duration": 0,
              "state": "passed",
              "speed": null,
              "pass": true,
              "fail": false,
              "pending": false,
              "context": null,
              "code": "",
              "err": {},
              "uuid": "1872a8ce-a222-41aa-af1a-ed0c7d630ead",
              "parentUUID": "514a5e5d-00e3-4844-83eb-2e94043d8147",
              "isHook": false,
              "skipped": false
            },
            {
              "title": "should be return config without args",
              "fullTitle": "Config > baseConfig > should be return config without args",
              "timedOut": false,
              "duration": 1,
              "state": "passed",
              "speed": null,
              "pass": true,
              "fail": false,
              "pending": false,
              "context": null,
              "code": "",
              "err": {},
              "uuid": "86fe6b59-af20-4228-a8bf-9d620e93aff8",
              "parentUUID": "514a5e5d-00e3-4844-83eb-2e94043d8147",
              "isHook": false,
              "skipped": false
            },
            {
              "title": "should be return appBaseConfig",
              "fullTitle": "Fixtures > appConfigBase > should be return appBaseConfig",
              "timedOut": false,
              "duration": 2,
              "state": "passed",
              "speed": null,
              "pass": true,
              "fail": false,
              "pending": false,
              "context": null,
              "code": "",
              "err": {},
              "uuid": "1da60573-9bb7-44b5-93d2-c5c1f4abcb8b",
              "parentUUID": "514a5e5d-00e3-4844-83eb-2e94043d8147",
              "isHook": false,
              "skipped": false
            },
            {
              "title": "should be return appBaseConfig",
              "fullTitle": "Fixtures > appConfigBase > should be return appBaseConfig",
              "timedOut": false,
              "duration": 1,
              "state": "passed",
              "speed": null,
              "pass": true,
              "fail": false,
              "pending": false,
              "context": null,
              "code": "",
              "err": {},
              "uuid": "3d9823a5-cf8b-4cfd-a251-f0eb4cd2599f",
              "parentUUID": "514a5e5d-00e3-4844-83eb-2e94043d8147",
              "isHook": false,
              "skipped": false
            },
            {
              "title": "should be define Redis options",
              "fullTitle": "Fixtures > appConfigBase > should be define Redis options",
              "timedOut": false,
              "duration": 2,
              "state": "passed",
              "speed": null,
              "pass": true,
              "fail": false,
              "pending": false,
              "context": null,
              "code": "",
              "err": {},
              "uuid": "80333b4b-9531-45f3-afaf-f8746d58f659",
              "parentUUID": "514a5e5d-00e3-4844-83eb-2e94043d8147",
              "isHook": false,
              "skipped": false
            },
            {
              "title": "should be define DynamoDB options",
              "fullTitle": "Fixtures > appConfigBase > should be define DynamoDB options",
              "timedOut": false,
              "duration": 1,
              "state": "passed",
              "speed": null,
              "pass": true,
              "fail": false,
              "pending": false,
              "context": null,
              "code": "",
              "err": {},
              "uuid": "04702368-9ce5-48e3-8fab-4c3f2c037227",
              "parentUUID": "514a5e5d-00e3-4844-83eb-2e94043d8147",
              "isHook": false,
              "skipped": false
            },
            {
              "title": "should be define MongoDB options",
              "fullTitle": "Fixtures > appConfigBase > should be define MongoDB options",
              "timedOut": false,
              "duration": 2,
              "state": "passed",
              "speed": null,
              "pass": true,
              "fail": false,
              "pending": false,
              "context": null,
              "code": "",
              "err": {},
              "uuid": "5c9a4f1b-018f-4afe-920c-2b9ba585dafe",
              "parentUUID": "514a5e5d-00e3-4844-83eb-2e94043d8147",
              "isHook": false,
              "skipped": false
            },
            {
              "title": "should be define MySql options",
              "fullTitle": "Fixtures > appConfigBase > should be define MySql options",
              "timedOut": false,
              "duration": 1,
              "state": "passed",
              "speed": null,
              "pass": true,
              "fail": false,
              "pending": false,
              "context": null,
              "code": "",
              "err": {},
              "uuid": "6aa283de-f659-4a14-a725-b9a0fe1bd630",
              "parentUUID": "514a5e5d-00e3-4844-83eb-2e94043d8147",
              "isHook": false,
              "skipped": false
            },
            {
              "title": "should be define Postgres options",
              "fullTitle": "Fixtures > appConfigBase > should be define Postgres options",
              "timedOut": false,
              "duration": 1,
              "state": "passed",
              "speed": null,
              "pass": true,
              "fail": false,
              "pending": false,
              "context": null,
              "code": "",
              "err": {},
              "uuid": "ba4bc210-9175-4182-af66-651e538d5725",
              "parentUUID": "514a5e5d-00e3-4844-83eb-2e94043d8147",
              "isHook": false,
              "skipped": false
            },
            {
              "title": "should be define ElasticSearch options",
              "fullTitle": "Fixtures > appConfigBase > should be define ElasticSearch options",
              "timedOut": false,
              "duration": 0,
              "state": "passed",
              "speed": null,
              "pass": true,
              "fail": false,
              "pending": false,
              "context": null,
              "code": "",
              "err": {},
              "uuid": "fe69eaa7-1533-4a9d-bd98-f8100a767905",
              "parentUUID": "514a5e5d-00e3-4844-83eb-2e94043d8147",
              "isHook": false,
              "skipped": false
            }
          ],
          "suites": [],
          "passes": [
            "94c8fa79-ee47-423e-a464-454a9f656018",
            "5af2ac72-51f2-45f6-8a7a-7e96f6a02350",
            "da294b53-5f1f-4310-aed0-d5375a2c312e",
            "a770abe2-bfcf-4a40-bb51-9f3e401cbd8e",
            "ccf784c5-824d-4264-be1e-1726ef86cc84",
            "59c4bff2-52e7-4478-8da5-ad529fe21dac",
            "b0909efc-6f24-4dd6-8db5-788391580908",
            "4350e2b0-d059-40ba-a0e3-c411f9753ca5",
            "333acf54-3d5e-4571-b26e-b128f967a818",
            "94b7151e-3494-452b-804e-5517d02fae32",
            "c1ef118b-5bab-4011-9f5d-0a7183474cd0",
            "fd44a8d8-7c3d-42d1-853e-51138f6cfd8e",
            "95686362-78e0-4901-b8d9-6ea078def9d2",
            "3e290940-12c6-4fd9-8676-140beb655003",
            "42d0fa6d-8847-409d-a750-053df738146b",
            "9123371c-8abf-4ccd-973d-45eb86ed5e1e",
            "ba1fa439-6eac-475d-b266-ac142aa5f188",
            "5874e045-56ea-4bb5-8455-5dac283d919f",
            "8fa198e9-30e3-460a-a631-945d68614f9f",
            "737c241d-2d84-4a58-9941-e29cbeb3ff40",
            "1872a8ce-a222-41aa-af1a-ed0c7d630ead",
            "86fe6b59-af20-4228-a8bf-9d620e93aff8",
            "1da60573-9bb7-44b5-93d2-c5c1f4abcb8b",
            "3d9823a5-cf8b-4cfd-a251-f0eb4cd2599f",
            "80333b4b-9531-45f3-afaf-f8746d58f659",
            "04702368-9ce5-48e3-8fab-4c3f2c037227",
            "5c9a4f1b-018f-4afe-920c-2b9ba585dafe",
            "6aa283de-f659-4a14-a725-b9a0fe1bd630",
            "ba4bc210-9175-4182-af66-651e538d5725",
            "fe69eaa7-1533-4a9d-bd98-f8100a767905"
          ],
          "failures": [],
          "pending": [],
          "skipped": [],
          "duration": 48701,
          "root": false,
          "rootEmpty": false,
          "_timeout": 5000
        }
      ],
      "passes": [],
      "failures": [],
      "pending": [],
      "skipped": [],
      "duration": 0,
      "root": true,
      "rootEmpty": true,
      "_timeout": 5000
    },
    {
      "uuid": "0be72177-45bf-4f86-bd58-d936a52fdb7c",
      "title": "@tresdoce-nestjs-toolkit/typeorm",
      "fullFile": "",
      "file": "",
      "beforeHooks": [],
      "afterHooks": [],
      "tests": [],
      "suites": [
        {
          "uuid": "c9d471f3-25a9-43fb-817f-3308233f5b20",
          "title": "@tresdoce-nestjs-toolkit/typeorm",
          "fullFile": "",
          "file": "",
          "beforeHooks": [],
          "afterHooks": [],
          "tests": [
            {
              "title": "should be defined",
              "fullTitle": "TypeOrm > Postgres > should be defined",
              "timedOut": false,
              "duration": 295,
              "state": "passed",
              "speed": null,
              "pass": true,
              "fail": false,
              "pending": false,
              "context": null,
              "code": "",
              "err": {},
              "uuid": "cf60051d-f1ae-4b2b-ad64-47f0348190a2",
              "parentUUID": "c9d471f3-25a9-43fb-817f-3308233f5b20",
              "isHook": false,
              "skipped": false
            },
            {
              "title": "should be return an array of post",
              "fullTitle": "TypeOrm > Postgres > should be return an array of post",
              "timedOut": false,
              "duration": 75,
              "state": "passed",
              "speed": null,
              "pass": true,
              "fail": false,
              "pending": false,
              "context": null,
              "code": "",
              "err": {},
              "uuid": "ac920f74-4d6d-4074-b001-142246459660",
              "parentUUID": "c9d471f3-25a9-43fb-817f-3308233f5b20",
              "isHook": false,
              "skipped": false
            },
            {
              "title": "should be defined",
              "fullTitle": "TypeOrm > Postgres > should be defined",
              "timedOut": false,
              "duration": 147,
              "state": "passed",
              "speed": null,
              "pass": true,
              "fail": false,
              "pending": false,
              "context": null,
              "code": "",
              "err": {},
              "uuid": "3a720912-8020-455b-991f-ac52dab2b874",
              "parentUUID": "c9d471f3-25a9-43fb-817f-3308233f5b20",
              "isHook": false,
              "skipped": false
            },
            {
              "title": "should be return an array of post",
              "fullTitle": "TypeOrm > Postgres > should be return an array of post",
              "timedOut": false,
              "duration": 58,
              "state": "passed",
              "speed": null,
              "pass": true,
              "fail": false,
              "pending": false,
              "context": null,
              "code": "",
              "err": {},
              "uuid": "74bc04fa-eaca-4610-962a-8d15ff346fe5",
              "parentUUID": "c9d471f3-25a9-43fb-817f-3308233f5b20",
              "isHook": false,
              "skipped": false
            },
            {
              "title": "should be defined",
              "fullTitle": "TypeOrm > Postgres > should be defined",
              "timedOut": false,
              "duration": 2276,
              "state": "passed",
              "speed": null,
              "pass": true,
              "fail": false,
              "pending": false,
              "context": null,
              "code": "",
              "err": {},
              "uuid": "ef950ee9-4057-417a-94a1-87a298837b0d",
              "parentUUID": "c9d471f3-25a9-43fb-817f-3308233f5b20",
              "isHook": false,
              "skipped": false
            },
            {
              "title": "should be return an array of user",
              "fullTitle": "TypeOrm > Postgres > should be return an array of user",
              "timedOut": false,
              "duration": 49,
              "state": "passed",
              "speed": null,
              "pass": true,
              "fail": false,
              "pending": false,
              "context": null,
              "code": "",
              "err": {},
              "uuid": "c8762da0-031a-4199-a124-08b5959dd72e",
              "parentUUID": "c9d471f3-25a9-43fb-817f-3308233f5b20",
              "isHook": false,
              "skipped": false
            }
          ],
          "suites": [],
          "passes": [
            "cf60051d-f1ae-4b2b-ad64-47f0348190a2",
            "ac920f74-4d6d-4074-b001-142246459660",
            "3a720912-8020-455b-991f-ac52dab2b874",
            "74bc04fa-eaca-4610-962a-8d15ff346fe5",
            "ef950ee9-4057-417a-94a1-87a298837b0d",
            "c8762da0-031a-4199-a124-08b5959dd72e"
          ],
          "failures": [],
          "pending": [],
          "skipped": [],
          "duration": 2900,
          "root": false,
          "rootEmpty": false,
          "_timeout": 5000
        }
      ],
      "passes": [],
      "failures": [],
      "pending": [],
      "skipped": [],
      "duration": 0,
      "root": true,
      "rootEmpty": true,
      "_timeout": 5000
    }
  ]
}