{
  "stats": {
    "suites": 13,
    "tests": 155,
    "passes": 155,
    "pending": 0,
    "failures": 0,
    "testsRegistered": 155,
    "passPercent": 100,
    "pendingPercent": 0,
    "other": 0,
    "hasOther": false,
    "skipped": 0,
    "hasSkipped": false,
    "start": "2023-04-30T20:05:03.658Z",
    "end": "2023-05-01T23:24:29.537Z",
    "duration": 98365879
  },
  "results": [
    {
      "uuid": "d8ffac17-5074-43d2-84ed-43b843f7854f",
      "title": "@tresdoce-nestjs-toolkit/archetype",
      "fullFile": "",
      "file": "",
      "beforeHooks": [],
      "afterHooks": [],
      "tests": [],
      "suites": [
        {
          "uuid": "39e12755-b6e1-455b-a43f-cc1b03a0762e",
          "title": "@tresdoce-nestjs-toolkit/archetype",
          "fullFile": "",
          "file": "",
          "beforeHooks": [],
          "afterHooks": [],
          "tests": [
            {
              "title": "should be return exclude to prefix global",
              "fullTitle": "healthConstants > should be return exclude to prefix global",
              "timedOut": false,
              "duration": 3,
              "state": "passed",
              "speed": null,
              "pass": true,
              "fail": false,
              "pending": false,
              "context": null,
              "code": "",
              "err": {},
              "uuid": "0f0f1030-bd17-4837-8e14-a295b030c4da",
              "parentUUID": "39e12755-b6e1-455b-a43f-cc1b03a0762e",
              "isHook": false,
              "skipped": false
            },
            {
              "title": "should be defined",
              "fullTitle": "ArchetypeService > should be defined",
              "timedOut": false,
              "duration": 16,
              "state": "passed",
              "speed": null,
              "pass": true,
              "fail": false,
              "pending": false,
              "context": null,
              "code": "",
              "err": {},
              "uuid": "58b954e4-7dd2-4cad-be9b-6e893a980182",
              "parentUUID": "39e12755-b6e1-455b-a43f-cc1b03a0762e",
              "isHook": false,
              "skipped": false
            },
            {
              "title": "should be read package file",
              "fullTitle": "ArchetypeService > should be read package file",
              "timedOut": false,
              "duration": 5,
              "state": "passed",
              "speed": null,
              "pass": true,
              "fail": false,
              "pending": false,
              "context": null,
              "code": "",
              "err": {},
              "uuid": "12077836-2927-455e-9e14-90b117d7c37c",
              "parentUUID": "39e12755-b6e1-455b-a43f-cc1b03a0762e",
              "isHook": false,
              "skipped": false
            },
            {
              "title": "should be return archetype version",
              "fullTitle": "ArchetypeService > should be return archetype version",
              "timedOut": false,
              "duration": 4,
              "state": "passed",
              "speed": null,
              "pass": true,
              "fail": false,
              "pending": false,
              "context": null,
              "code": "",
              "err": {},
              "uuid": "ef68e4aa-30ec-498e-b2e5-0737dc06afd8",
              "parentUUID": "39e12755-b6e1-455b-a43f-cc1b03a0762e",
              "isHook": false,
              "skipped": false
            },
            {
              "title": "should be return application info",
              "fullTitle": "ArchetypeService > should be return application info",
              "timedOut": false,
              "duration": 5,
              "state": "passed",
              "speed": null,
              "pass": true,
              "fail": false,
              "pending": false,
              "context": null,
              "code": "",
              "err": {},
              "uuid": "ce7fcee1-d263-434c-ae96-9e3ceb678542",
              "parentUUID": "39e12755-b6e1-455b-a43f-cc1b03a0762e",
              "isHook": false,
              "skipped": false
            },
            {
              "title": "should be return manifest",
              "fullTitle": "ArchetypeService > should be return manifest",
              "timedOut": false,
              "duration": 3,
              "state": "passed",
              "speed": null,
              "pass": true,
              "fail": false,
              "pending": false,
              "context": null,
              "code": "",
              "err": {},
              "uuid": "cd48e282-00b3-4f8b-9ee7-006fff717e8d",
              "parentUUID": "39e12755-b6e1-455b-a43f-cc1b03a0762e",
              "isHook": false,
              "skipped": false
            },
            {
              "title": "should be define",
              "fullTitle": "ArchetypeModule > should be define",
              "timedOut": false,
              "duration": 185,
              "state": "passed",
              "speed": null,
              "pass": true,
              "fail": false,
              "pending": false,
              "context": null,
              "code": "",
              "err": {},
              "uuid": "b3fcaee5-6133-4c9b-a8a2-684c152a0da3",
              "parentUUID": "39e12755-b6e1-455b-a43f-cc1b03a0762e",
              "isHook": false,
              "skipped": false
            },
            {
              "title": "should be defined",
              "fullTitle": "ArchetypeController > should be defined",
              "timedOut": false,
              "duration": 16,
              "state": "passed",
              "speed": null,
              "pass": true,
              "fail": false,
              "pending": false,
              "context": null,
              "code": "",
              "err": {},
              "uuid": "f74899bc-897f-4913-854c-ba20f0b25fd1",
              "parentUUID": "39e12755-b6e1-455b-a43f-cc1b03a0762e",
              "isHook": false,
              "skipped": false
            },
            {
              "title": "should be return manifest json",
              "fullTitle": "ArchetypeController > should be return manifest json",
              "timedOut": false,
              "duration": 10,
              "state": "passed",
              "speed": null,
              "pass": true,
              "fail": false,
              "pending": false,
              "context": null,
              "code": "",
              "err": {},
              "uuid": "87677221-67c4-4b19-aaa0-d55c34014c85",
              "parentUUID": "39e12755-b6e1-455b-a43f-cc1b03a0762e",
              "isHook": false,
              "skipped": false
            }
          ],
          "suites": [],
          "passes": [
            "0f0f1030-bd17-4837-8e14-a295b030c4da",
            "58b954e4-7dd2-4cad-be9b-6e893a980182",
            "12077836-2927-455e-9e14-90b117d7c37c",
            "ef68e4aa-30ec-498e-b2e5-0737dc06afd8",
            "ce7fcee1-d263-434c-ae96-9e3ceb678542",
            "cd48e282-00b3-4f8b-9ee7-006fff717e8d",
            "b3fcaee5-6133-4c9b-a8a2-684c152a0da3",
            "f74899bc-897f-4913-854c-ba20f0b25fd1",
            "87677221-67c4-4b19-aaa0-d55c34014c85"
          ],
          "failures": [],
          "pending": [],
          "skipped": [],
          "duration": 247,
          "root": false,
          "rootEmpty": false,
          "_timeout": 5000
        }
      ],
      "passes": [],
      "failures": [],
      "pending": [],
      "skipped": [],
      "duration": 0,
      "root": true,
      "rootEmpty": true,
      "_timeout": 5000
    },
    {
      "uuid": "ea162bb0-145a-42e9-a6fc-3be6dd91485c",
      "title": "@tresdoce-nestjs-toolkit/camunda",
      "fullFile": "",
      "file": "",
      "beforeHooks": [],
      "afterHooks": [],
      "tests": [],
      "suites": [
        {
          "uuid": "caa9c667-02b3-4b4a-b950-6f0ce86d4b9f",
          "title": "@tresdoce-nestjs-toolkit/camunda",
          "fullFile": "",
          "file": "",
          "beforeHooks": [],
          "afterHooks": [],
          "tests": [
            {
              "title": "should be defined",
              "fullTitle": "CamundaModule > should be defined",
              "timedOut": false,
              "duration": 209,
              "state": "passed",
              "speed": null,
              "pass": true,
              "fail": false,
              "pending": false,
              "context": null,
              "code": "",
              "err": {},
              "uuid": "45ae0f3d-1df7-40dd-a463-fbc34edb75af",
              "parentUUID": "caa9c667-02b3-4b4a-b950-6f0ce86d4b9f",
              "isHook": false,
              "skipped": false
            },
            {
              "title": "should be Subscription decorator is defined with options",
              "fullTitle": "CamundaModule > should be Subscription decorator is defined with options",
              "timedOut": false,
              "duration": 9,
              "state": "passed",
              "speed": null,
              "pass": true,
              "fail": false,
              "pending": false,
              "context": null,
              "code": "",
              "err": {},
              "uuid": "5504d540-509b-41db-ac3a-2631e324ce41",
              "parentUUID": "caa9c667-02b3-4b4a-b950-6f0ce86d4b9f",
              "isHook": false,
              "skipped": false
            }
          ],
          "suites": [],
          "passes": [
            "45ae0f3d-1df7-40dd-a463-fbc34edb75af",
            "5504d540-509b-41db-ac3a-2631e324ce41"
          ],
          "failures": [],
          "pending": [],
          "skipped": [],
          "duration": 218,
          "root": false,
          "rootEmpty": false,
          "_timeout": 5000
        }
      ],
      "passes": [],
      "failures": [],
      "pending": [],
      "skipped": [],
      "duration": 0,
      "root": true,
      "rootEmpty": true,
      "_timeout": 5000
    },
    {
      "uuid": "76fb780a-d137-4b79-ae1a-017b2970fb67",
      "title": "@tresdoce-nestjs-toolkit/commons",
      "fullFile": "",
      "file": "",
      "beforeHooks": [],
      "afterHooks": [],
      "tests": [],
      "suites": [
        {
          "uuid": "8024b736-c2c0-4262-8eab-af1e382bc32b",
          "title": "@tresdoce-nestjs-toolkit/commons",
          "fullFile": "",
          "file": "",
          "beforeHooks": [],
          "afterHooks": [],
          "tests": [
            {
              "title": "should be return jest config is build",
              "fullTitle": "build-config > should be return jest config is build",
              "timedOut": false,
              "duration": 3,
              "state": "passed",
              "speed": null,
              "pass": true,
              "fail": false,
              "pending": false,
              "context": null,
              "code": "",
              "err": {},
              "uuid": "7753dcb0-2ac6-4b36-89e1-5040614add9c",
              "parentUUID": "8024b736-c2c0-4262-8eab-af1e382bc32b",
              "isHook": false,
              "skipped": false
            },
            {
              "title": "should be return jest config not is build",
              "fullTitle": "build-config > should be return jest config not is build",
              "timedOut": false,
              "duration": 1,
              "state": "passed",
              "speed": null,
              "pass": true,
              "fail": false,
              "pending": false,
              "context": null,
              "code": "",
              "err": {},
              "uuid": "1abc21f0-0b89-486f-83be-7232590fab06",
              "parentUUID": "8024b736-c2c0-4262-8eab-af1e382bc32b",
              "isHook": false,
              "skipped": false
            },
            {
              "title": "should be return jest config",
              "fullTitle": "testing-library > should be return jest config",
              "timedOut": false,
              "duration": 2,
              "state": "passed",
              "speed": null,
              "pass": true,
              "fail": false,
              "pending": false,
              "context": null,
              "code": "",
              "err": {},
              "uuid": "fd1ef85a-d4d9-4456-ab1c-f79b2bffc8ad",
              "parentUUID": "8024b736-c2c0-4262-8eab-af1e382bc32b",
              "isHook": false,
              "skipped": false
            },
            {
              "title": "should be return jest config",
              "fullTitle": "eslint-config > should be return jest config",
              "timedOut": false,
              "duration": 2,
              "state": "passed",
              "speed": null,
              "pass": true,
              "fail": false,
              "pending": false,
              "context": null,
              "code": "",
              "err": {},
              "uuid": "38a161fe-a5c6-46ba-bb45-73e54b9e2922",
              "parentUUID": "8024b736-c2c0-4262-8eab-af1e382bc32b",
              "isHook": false,
              "skipped": false
            }
          ],
          "suites": [],
          "passes": [
            "7753dcb0-2ac6-4b36-89e1-5040614add9c",
            "1abc21f0-0b89-486f-83be-7232590fab06",
            "fd1ef85a-d4d9-4456-ab1c-f79b2bffc8ad",
            "38a161fe-a5c6-46ba-bb45-73e54b9e2922"
          ],
          "failures": [],
          "pending": [],
          "skipped": [],
          "duration": 8,
          "root": false,
          "rootEmpty": false,
          "_timeout": 5000
        }
      ],
      "passes": [],
      "failures": [],
      "pending": [],
      "skipped": [],
      "duration": 0,
      "root": true,
      "rootEmpty": true,
      "_timeout": 5000
    },
    {
      "uuid": "4d37bc60-12fc-49b8-8a5b-f7db317dc7c9",
      "title": "@tresdoce-nestjs-toolkit/core",
      "fullFile": "",
      "file": "",
      "beforeHooks": [],
      "afterHooks": [],
      "tests": [],
      "suites": [
        {
          "uuid": "ad0a5763-18d2-4882-96eb-f034d20944bf",
          "title": "@tresdoce-nestjs-toolkit/core",
          "fullFile": "",
          "file": "",
          "beforeHooks": [],
          "afterHooks": [],
          "tests": [
            {
              "title": "should be return commons exclude paths with context",
              "fullTitle": "commons > with env context > should be return commons exclude paths with context",
              "timedOut": false,
              "duration": 3,
              "state": "passed",
              "speed": null,
              "pass": true,
              "fail": false,
              "pending": false,
              "context": null,
              "code": "",
              "err": {},
              "uuid": "0ceff360-5e43-433b-88b2-98560fe9b232",
              "parentUUID": "ad0a5763-18d2-4882-96eb-f034d20944bf",
              "isHook": false,
              "skipped": false
            },
            {
              "title": "should be return array of exclude paths with context",
              "fullTitle": "commons > with env context > should be return array of exclude paths with context",
              "timedOut": false,
              "duration": 1,
              "state": "passed",
              "speed": null,
              "pass": true,
              "fail": false,
              "pending": false,
              "context": null,
              "code": "",
              "err": {},
              "uuid": "00f1f939-bb8a-47d1-8259-f5254fe2a3c3",
              "parentUUID": "ad0a5763-18d2-4882-96eb-f034d20944bf",
              "isHook": false,
              "skipped": false
            },
            {
              "title": "should be return commons exclude paths without context",
              "fullTitle": "commons > with env context > should be return commons exclude paths without context",
              "timedOut": false,
              "duration": 2,
              "state": "passed",
              "speed": null,
              "pass": true,
              "fail": false,
              "pending": false,
              "context": null,
              "code": "",
              "err": {},
              "uuid": "16fe8276-78a6-4f09-b3c1-390b55756996",
              "parentUUID": "ad0a5763-18d2-4882-96eb-f034d20944bf",
              "isHook": false,
              "skipped": false
            },
            {
              "title": "should be return array of exclude paths without context",
              "fullTitle": "commons > with env context > should be return array of exclude paths without context",
              "timedOut": false,
              "duration": 1,
              "state": "passed",
              "speed": null,
              "pass": true,
              "fail": false,
              "pending": false,
              "context": null,
              "code": "",
              "err": {},
              "uuid": "dfa5ec2e-2e63-46b2-a399-19f986ea33dc",
              "parentUUID": "ad0a5763-18d2-4882-96eb-f034d20944bf",
              "isHook": false,
              "skipped": false
            },
            {
              "title": "should be defined",
              "fullTitle": "Public decorator > should be defined",
              "timedOut": false,
              "duration": 2,
              "state": "passed",
              "speed": null,
              "pass": true,
              "fail": false,
              "pending": false,
              "context": null,
              "code": "",
              "err": {},
              "uuid": "e3aebab4-05de-406f-880a-c8fcab25c54a",
              "parentUUID": "ad0a5763-18d2-4882-96eb-f034d20944bf",
              "isHook": false,
              "skipped": false
            },
            {
              "title": "should be return key",
              "fullTitle": "Public decorator > should be return key",
              "timedOut": false,
              "duration": 1,
              "state": "passed",
              "speed": null,
              "pass": true,
              "fail": false,
              "pending": false,
              "context": null,
              "code": "",
              "err": {},
              "uuid": "332ff44b-4611-4938-9ad1-5f90470a6fc3",
              "parentUUID": "ad0a5763-18d2-4882-96eb-f034d20944bf",
              "isHook": false,
              "skipped": false
            },
            {
              "title": "should be return https certificate config",
              "fullTitle": "https-certificate > should be return https certificate config",
              "timedOut": false,
              "duration": 4,
              "state": "passed",
              "speed": null,
              "pass": true,
              "fail": false,
              "pending": false,
              "context": null,
              "code": "",
              "err": {},
              "uuid": "a367845c-0d37-4689-88af-fbc18fe0f537",
              "parentUUID": "ad0a5763-18d2-4882-96eb-f034d20944bf",
              "isHook": false,
              "skipped": false
            },
            {
              "title": "should be return https certificate config empty",
              "fullTitle": "https-certificate > should be return https certificate config empty",
              "timedOut": false,
              "duration": 1,
              "state": "passed",
              "speed": null,
              "pass": true,
              "fail": false,
              "pending": false,
              "context": null,
              "code": "",
              "err": {},
              "uuid": "8f2fd275-e522-49ab-8ff1-a74c35c1da69",
              "parentUUID": "ad0a5763-18d2-4882-96eb-f034d20944bf",
              "isHook": false,
              "skipped": false
            },
            {
              "title": "should be defined",
              "fullTitle": "Public decorator > should be defined",
              "timedOut": false,
              "duration": 1,
              "state": "passed",
              "speed": null,
              "pass": true,
              "fail": false,
              "pending": false,
              "context": null,
              "code": "",
              "err": {},
              "uuid": "764ddaba-e0f1-43dc-bf1a-bf52d3053ac1",
              "parentUUID": "ad0a5763-18d2-4882-96eb-f034d20944bf",
              "isHook": false,
              "skipped": false
            },
            {
              "title": "should be return key",
              "fullTitle": "Public decorator > should be return key",
              "timedOut": false,
              "duration": 0,
              "state": "passed",
              "speed": null,
              "pass": true,
              "fail": false,
              "pending": false,
              "context": null,
              "code": "",
              "err": {},
              "uuid": "1cca90eb-8ab2-43f9-9f81-81bc390ee3d8",
              "parentUUID": "ad0a5763-18d2-4882-96eb-f034d20944bf",
              "isHook": false,
              "skipped": false
            }
          ],
          "suites": [],
          "passes": [
            "0ceff360-5e43-433b-88b2-98560fe9b232",
            "00f1f939-bb8a-47d1-8259-f5254fe2a3c3",
            "16fe8276-78a6-4f09-b3c1-390b55756996",
            "dfa5ec2e-2e63-46b2-a399-19f986ea33dc",
            "e3aebab4-05de-406f-880a-c8fcab25c54a",
            "332ff44b-4611-4938-9ad1-5f90470a6fc3",
            "a367845c-0d37-4689-88af-fbc18fe0f537",
            "8f2fd275-e522-49ab-8ff1-a74c35c1da69",
            "764ddaba-e0f1-43dc-bf1a-bf52d3053ac1",
            "1cca90eb-8ab2-43f9-9f81-81bc390ee3d8"
          ],
          "failures": [],
          "pending": [],
          "skipped": [],
          "duration": 16,
          "root": false,
          "rootEmpty": false,
          "_timeout": 5000
        }
      ],
      "passes": [],
      "failures": [],
      "pending": [],
      "skipped": [],
      "duration": 0,
      "root": true,
      "rootEmpty": true,
      "_timeout": 5000
    },
    {
      "uuid": "5f4cde57-7d09-4a34-81e7-f6a4ab35415d",
      "title": "@tresdoce-nestjs-toolkit/elk",
      "fullFile": "",
      "file": "",
      "beforeHooks": [],
      "afterHooks": [],
      "tests": [],
      "suites": [
        {
          "uuid": "aa5d7a23-21f9-48ef-8000-ea97e8277c67",
          "title": "@tresdoce-nestjs-toolkit/elk",
          "fullFile": "",
          "file": "",
          "beforeHooks": [],
          "afterHooks": [],
          "tests": [
            {
              "title": "should be defined",
              "fullTitle": "ElkModule > should be defined",
              "timedOut": false,
              "duration": 1360,
              "state": "passed",
              "speed": null,
              "pass": true,
              "fail": false,
              "pending": false,
              "context": null,
              "code": "",
              "err": {},
              "uuid": "063b52c9-ba3b-41c0-b7dd-f6a0e5b35941",
              "parentUUID": "aa5d7a23-21f9-48ef-8000-ea97e8277c67",
              "isHook": false,
              "skipped": false
            },
            {
              "title": "should be an ElkInterceptor instance to be defined",
              "fullTitle": "ElkModule > should be an ElkInterceptor instance to be defined",
              "timedOut": false,
              "duration": 1010,
              "state": "passed",
              "speed": null,
              "pass": true,
              "fail": false,
              "pending": false,
              "context": null,
              "code": "",
              "err": {},
              "uuid": "a31beed7-701d-4d9f-8bdc-53e5c298ef90",
              "parentUUID": "aa5d7a23-21f9-48ef-8000-ea97e8277c67",
              "isHook": false,
              "skipped": false
            },
            {
              "title": "should be create document in elasticsearch when return success string",
              "fullTitle": "ElkModule > should be create document in elasticsearch when return success string",
              "timedOut": false,
              "duration": 1014,
              "state": "passed",
              "speed": null,
              "pass": true,
              "fail": false,
              "pending": false,
              "context": null,
              "code": "",
              "err": {},
              "uuid": "23ac2e69-2360-4c97-9afc-788c723a439f",
              "parentUUID": "aa5d7a23-21f9-48ef-8000-ea97e8277c67",
              "isHook": false,
              "skipped": false
            },
            {
              "title": "should be create document in elasticsearch when return success object",
              "fullTitle": "ElkModule > should be create document in elasticsearch when return success object",
              "timedOut": false,
              "duration": 1010,
              "state": "passed",
              "speed": null,
              "pass": true,
              "fail": false,
              "pending": false,
              "context": null,
              "code": "",
              "err": {},
              "uuid": "2c7c6f0b-8f8e-4df2-8b5e-b1d77e869c51",
              "parentUUID": "aa5d7a23-21f9-48ef-8000-ea97e8277c67",
              "isHook": false,
              "skipped": false
            },
            {
              "title": "should be create document in elasticsearch when return success with parameters",
              "fullTitle": "ElkModule > should be create document in elasticsearch when return success with parameters",
              "timedOut": false,
              "duration": 1009,
              "state": "passed",
              "speed": null,
              "pass": true,
              "fail": false,
              "pending": false,
              "context": null,
              "code": "",
              "err": {},
              "uuid": "dd5aabd8-391e-492c-9278-258a4b39176e",
              "parentUUID": "aa5d7a23-21f9-48ef-8000-ea97e8277c67",
              "isHook": false,
              "skipped": false
            },
            {
              "title": "should be create document in elasticsearch when return exception",
              "fullTitle": "ElkModule > should be create document in elasticsearch when return exception",
              "timedOut": false,
              "duration": 1009,
              "state": "passed",
              "speed": null,
              "pass": true,
              "fail": false,
              "pending": false,
              "context": null,
              "code": "",
              "err": {},
              "uuid": "6d46e1d6-11df-44ac-9e1f-8cad4069e919",
              "parentUUID": "aa5d7a23-21f9-48ef-8000-ea97e8277c67",
              "isHook": false,
              "skipped": false
            },
            {
              "title": "should be create document in elasticsearch when return exception http",
              "fullTitle": "ElkModule > should be create document in elasticsearch when return exception http",
              "timedOut": false,
              "duration": 1010,
              "state": "passed",
              "speed": null,
              "pass": true,
              "fail": false,
              "pending": false,
              "context": null,
              "code": "",
              "err": {},
              "uuid": "e56e6e9c-7d06-47af-9b9e-9c4658b276d4",
              "parentUUID": "aa5d7a23-21f9-48ef-8000-ea97e8277c67",
              "isHook": false,
              "skipped": false
            },
            {
              "title": "should be defined",
              "fullTitle": "ElkModule > should be defined",
              "timedOut": false,
              "duration": 1015,
              "state": "passed",
              "speed": null,
              "pass": true,
              "fail": false,
              "pending": false,
              "context": null,
              "code": "",
              "err": {},
              "uuid": "97d764a2-4e9a-4d38-84e5-c15e1fbe05f0",
              "parentUUID": "aa5d7a23-21f9-48ef-8000-ea97e8277c67",
              "isHook": false,
              "skipped": false
            }
          ],
          "suites": [],
          "passes": [
            "063b52c9-ba3b-41c0-b7dd-f6a0e5b35941",
            "a31beed7-701d-4d9f-8bdc-53e5c298ef90",
            "23ac2e69-2360-4c97-9afc-788c723a439f",
            "2c7c6f0b-8f8e-4df2-8b5e-b1d77e869c51",
            "dd5aabd8-391e-492c-9278-258a4b39176e",
            "6d46e1d6-11df-44ac-9e1f-8cad4069e919",
            "e56e6e9c-7d06-47af-9b9e-9c4658b276d4",
            "97d764a2-4e9a-4d38-84e5-c15e1fbe05f0"
          ],
          "failures": [],
          "pending": [],
          "skipped": [],
          "duration": 8437,
          "root": false,
          "rootEmpty": false,
          "_timeout": 5000
        }
      ],
      "passes": [],
      "failures": [],
      "pending": [],
      "skipped": [],
      "duration": 0,
      "root": true,
      "rootEmpty": true,
      "_timeout": 5000
    },
    {
      "uuid": "171847cf-32b4-4c96-a0e3-9f953f48e77b",
      "title": "@tresdoce-nestjs-toolkit/filters",
      "fullFile": "",
      "file": "",
      "beforeHooks": [],
      "afterHooks": [],
      "tests": [],
      "suites": [
        {
          "uuid": "a3d6216e-8e8a-4b09-a074-504235064f61",
          "title": "@tresdoce-nestjs-toolkit/filters",
          "fullFile": "",
          "file": "",
          "beforeHooks": [],
          "afterHooks": [],
          "tests": [
            {
              "title": "should map a regular code exception",
              "fullTitle": "filters > code exception > should map a regular code exception",
              "timedOut": false,
              "duration": 1,
              "state": "passed",
              "speed": null,
              "pass": true,
              "fail": false,
              "pending": false,
              "context": null,
              "code": "",
              "err": {},
              "uuid": "fa67e119-a445-4677-a824-b2921dfc9383",
              "parentUUID": "a3d6216e-8e8a-4b09-a074-504235064f61",
              "isHook": false,
              "skipped": false
            },
            {
              "title": "should map default exception when thrown with not parameters",
              "fullTitle": "filters > code exception > should map default exception when thrown with not parameters",
              "timedOut": false,
              "duration": 1,
              "state": "passed",
              "speed": null,
              "pass": true,
              "fail": false,
              "pending": false,
              "context": null,
              "code": "",
              "err": {},
              "uuid": "6c2e8ac0-a76c-4289-9c4e-de734d00a1ef",
              "parentUUID": "a3d6216e-8e8a-4b09-a074-504235064f61",
              "isHook": false,
              "skipped": false
            },
            {
              "title": "should map default exception when thrown with error details",
              "fullTitle": "filters > code exception > should map default exception when thrown with error details",
              "timedOut": false,
              "duration": 1,
              "state": "passed",
              "speed": null,
              "pass": true,
              "fail": false,
              "pending": false,
              "context": null,
              "code": "",
              "err": {},
              "uuid": "0ecb5fdc-f85f-422b-9a0b-735a7ba3b1e9",
              "parentUUID": "a3d6216e-8e8a-4b09-a074-504235064f61",
              "isHook": false,
              "skipped": false
            },
            {
              "title": "should map default exception when thrown with error details and description",
              "fullTitle": "filters > code exception > should map default exception when thrown with error details and description",
              "timedOut": false,
              "duration": 1,
              "state": "passed",
              "speed": null,
              "pass": true,
              "fail": false,
              "pending": false,
              "context": null,
              "code": "",
              "err": {},
              "uuid": "cb7f6169-0484-42b8-8cbd-bfd40faff5af",
              "parentUUID": "a3d6216e-8e8a-4b09-a074-504235064f61",
              "isHook": false,
              "skipped": false
            },
            {
              "title": "should map HttpException response when called with a string",
              "fullTitle": "filters > code exception > should map HttpException response when called with a string",
              "timedOut": false,
              "duration": 1,
              "state": "passed",
              "speed": null,
              "pass": true,
              "fail": false,
              "pending": false,
              "context": null,
              "code": "",
              "err": {},
              "uuid": "5d1419af-1f94-4422-8748-9cde6a44a01f",
              "parentUUID": "a3d6216e-8e8a-4b09-a074-504235064f61",
              "isHook": false,
              "skipped": false
            },
            {
              "title": "should map HttpException response when called with an object",
              "fullTitle": "filters > code exception > should map HttpException response when called with an object",
              "timedOut": false,
              "duration": 1,
              "state": "passed",
              "speed": null,
              "pass": true,
              "fail": false,
              "pending": false,
              "context": null,
              "code": "",
              "err": {},
              "uuid": "f633edad-76c9-44ac-8476-8b59b2065dc4",
              "parentUUID": "a3d6216e-8e8a-4b09-a074-504235064f61",
              "isHook": false,
              "skipped": false
            },
            {
              "title": "should map HttpException response when called with an object with empty message",
              "fullTitle": "filters > code exception > should map HttpException response when called with an object with empty message",
              "timedOut": false,
              "duration": 1,
              "state": "passed",
              "speed": null,
              "pass": true,
              "fail": false,
              "pending": false,
              "context": null,
              "code": "",
              "err": {},
              "uuid": "861257ad-c7fe-449f-8669-584b1645f13b",
              "parentUUID": "a3d6216e-8e8a-4b09-a074-504235064f61",
              "isHook": false,
              "skipped": false
            },
            {
              "title": "should map HttpException response when called with an array",
              "fullTitle": "filters > code exception > should map HttpException response when called with an array",
              "timedOut": false,
              "duration": 1,
              "state": "passed",
              "speed": null,
              "pass": true,
              "fail": false,
              "pending": false,
              "context": null,
              "code": "",
              "err": {},
              "uuid": "ec747fa2-2652-4e7b-be5b-28603f326c80",
              "parentUUID": "a3d6216e-8e8a-4b09-a074-504235064f61",
              "isHook": false,
              "skipped": false
            },
            {
              "title": "should map HttpException response when called with an object",
              "fullTitle": "filters > code exception > should map HttpException response when called with an object",
              "timedOut": false,
              "duration": 1,
              "state": "passed",
              "speed": null,
              "pass": true,
              "fail": false,
              "pending": false,
              "context": null,
              "code": "",
              "err": {},
              "uuid": "0c781042-b3af-4314-8c0a-3b41b2a7058e",
              "parentUUID": "a3d6216e-8e8a-4b09-a074-504235064f61",
              "isHook": false,
              "skipped": false
            },
            {
              "title": "should map default exception when thrown with not parameters",
              "fullTitle": "filters > code exception > should map default exception when thrown with not parameters",
              "timedOut": false,
              "duration": 0,
              "state": "passed",
              "speed": null,
              "pass": true,
              "fail": false,
              "pending": false,
              "context": null,
              "code": "",
              "err": {},
              "uuid": "5fe880b6-cc29-4990-b3b9-a7d6146dcafb",
              "parentUUID": "a3d6216e-8e8a-4b09-a074-504235064f61",
              "isHook": false,
              "skipped": false
            },
            {
              "title": "should be return application info",
              "fullTitle": "filters > code exception > should be return application info",
              "timedOut": false,
              "duration": 0,
              "state": "passed",
              "speed": null,
              "pass": true,
              "fail": false,
              "pending": false,
              "context": null,
              "code": "",
              "err": {},
              "uuid": "7fb4a91c-5271-4b65-ad7d-1fe46c7185f3",
              "parentUUID": "a3d6216e-8e8a-4b09-a074-504235064f61",
              "isHook": false,
              "skipped": false
            },
            {
              "title": "should be return code in string",
              "fullTitle": "error.utils > should be return code in string",
              "timedOut": false,
              "duration": 3,
              "state": "passed",
              "speed": null,
              "pass": true,
              "fail": false,
              "pending": false,
              "context": null,
              "code": "",
              "err": {},
              "uuid": "e6f71575-ec9f-4540-8391-1fba5c65e08b",
              "parentUUID": "a3d6216e-8e8a-4b09-a074-504235064f61",
              "isHook": false,
              "skipped": false
            },
            {
              "title": "should be return code in string obj",
              "fullTitle": "error.utils > should be return code in string obj",
              "timedOut": false,
              "duration": 0,
              "state": "passed",
              "speed": null,
              "pass": true,
              "fail": false,
              "pending": false,
              "context": null,
              "code": "",
              "err": {},
              "uuid": "dfe2cac9-5fe0-490c-95e2-d9a7221f400b",
              "parentUUID": "a3d6216e-8e8a-4b09-a074-504235064f61",
              "isHook": false,
              "skipped": false
            },
            {
              "title": "should be return code in string",
              "fullTitle": "error.utils > should be return code in string",
              "timedOut": false,
              "duration": 1,
              "state": "passed",
              "speed": null,
              "pass": true,
              "fail": false,
              "pending": false,
              "context": null,
              "code": "",
              "err": {},
              "uuid": "51182793-da70-456f-b8ef-43310df432ef",
              "parentUUID": "a3d6216e-8e8a-4b09-a074-504235064f61",
              "isHook": false,
              "skipped": false
            }
          ],
          "suites": [],
          "passes": [
            "fa67e119-a445-4677-a824-b2921dfc9383",
            "6c2e8ac0-a76c-4289-9c4e-de734d00a1ef",
            "0ecb5fdc-f85f-422b-9a0b-735a7ba3b1e9",
            "cb7f6169-0484-42b8-8cbd-bfd40faff5af",
            "5d1419af-1f94-4422-8748-9cde6a44a01f",
            "f633edad-76c9-44ac-8476-8b59b2065dc4",
            "861257ad-c7fe-449f-8669-584b1645f13b",
            "ec747fa2-2652-4e7b-be5b-28603f326c80",
            "0c781042-b3af-4314-8c0a-3b41b2a7058e",
            "5fe880b6-cc29-4990-b3b9-a7d6146dcafb",
            "7fb4a91c-5271-4b65-ad7d-1fe46c7185f3",
            "e6f71575-ec9f-4540-8391-1fba5c65e08b",
            "dfe2cac9-5fe0-490c-95e2-d9a7221f400b",
            "51182793-da70-456f-b8ef-43310df432ef"
          ],
          "failures": [],
          "pending": [],
          "skipped": [],
          "duration": 13,
          "root": false,
          "rootEmpty": false,
          "_timeout": 5000
        }
      ],
      "passes": [],
      "failures": [],
      "pending": [],
      "skipped": [],
      "duration": 0,
      "root": true,
      "rootEmpty": true,
      "_timeout": 5000
    },
    {
      "uuid": "df9133c3-16b8-4973-8f56-a751fc9738ae",
      "title": "@tresdoce-nestjs-toolkit/health",
      "fullFile": "",
      "file": "",
      "beforeHooks": [],
      "afterHooks": [],
      "tests": [],
      "suites": [
        {
          "uuid": "7e7d9980-87cb-4301-a63e-51728fabeccd",
          "title": "@tresdoce-nestjs-toolkit/health",
          "fullFile": "",
          "file": "",
          "beforeHooks": [],
          "afterHooks": [],
          "tests": [
            {
              "title": "should be defined with extend config",
              "fullTitle": "Health > Ready controller - extend config > should be defined with extend config",
              "timedOut": false,
              "duration": 673,
              "state": "passed",
              "speed": null,
              "pass": true,
              "fail": false,
              "pending": false,
              "context": null,
              "code": "",
              "err": {},
              "uuid": "1097a587-0cb3-4944-8ff7-9b4bdab16af8",
              "parentUUID": "7e7d9980-87cb-4301-a63e-51728fabeccd",
              "isHook": false,
              "skipped": false
            },
            {
              "title": "should be return up services with extend config",
              "fullTitle": "Health > Ready controller - extend config > should be return up services with extend config",
              "timedOut": false,
              "duration": 7,
              "state": "passed",
              "speed": null,
              "pass": true,
              "fail": false,
              "pending": false,
              "context": null,
              "code": "",
              "err": {},
              "uuid": "cdbb15cc-2a34-480a-8baa-079f6bc399f3",
              "parentUUID": "7e7d9980-87cb-4301-a63e-51728fabeccd",
              "isHook": false,
              "skipped": false
            },
            {
              "title": "should be defined with simple config",
              "fullTitle": "Health > Ready controller - extend config > should be defined with simple config",
              "timedOut": false,
              "duration": 6,
              "state": "passed",
              "speed": null,
              "pass": true,
              "fail": false,
              "pending": false,
              "context": null,
              "code": "",
              "err": {},
              "uuid": "4438e26d-0033-4b44-a992-f9613da63622",
              "parentUUID": "7e7d9980-87cb-4301-a63e-51728fabeccd",
              "isHook": false,
              "skipped": false
            },
            {
              "title": "should be return up services with simple config",
              "fullTitle": "Health > Ready controller - extend config > should be return up services with simple config",
              "timedOut": false,
              "duration": 5,
              "state": "passed",
              "speed": null,
              "pass": true,
              "fail": false,
              "pending": false,
              "context": null,
              "code": "",
              "err": {},
              "uuid": "dc1e8221-3832-4f4e-8d1c-ad3ee3faf1da",
              "parentUUID": "7e7d9980-87cb-4301-a63e-51728fabeccd",
              "isHook": false,
              "skipped": false
            },
            {
              "title": "should be define",
              "fullTitle": "HealthModule > should be define",
              "timedOut": false,
              "duration": 427,
              "state": "passed",
              "speed": null,
              "pass": true,
              "fail": false,
              "pending": false,
              "context": null,
              "code": "",
              "err": {},
              "uuid": "6a15d0b7-dcca-437d-b33c-292afdb0ad02",
              "parentUUID": "7e7d9980-87cb-4301-a63e-51728fabeccd",
              "isHook": false,
              "skipped": false
            },
            {
              "title": "should be return status up",
              "fullTitle": "HealthModule > should be return status up",
              "timedOut": false,
              "duration": 12,
              "state": "passed",
              "speed": null,
              "pass": true,
              "fail": false,
              "pending": false,
              "context": null,
              "code": "",
              "err": {},
              "uuid": "202e9651-449d-436a-b1b9-9015418d3fe8",
              "parentUUID": "7e7d9980-87cb-4301-a63e-51728fabeccd",
              "isHook": false,
              "skipped": false
            },
            {
              "title": "should be return readiness services",
              "fullTitle": "HealthModule > should be return readiness services",
              "timedOut": false,
              "duration": 494,
              "state": "passed",
              "speed": null,
              "pass": true,
              "fail": false,
              "pending": false,
              "context": null,
              "code": "",
              "err": {},
              "uuid": "0c4abce8-ac6b-4457-b867-9951db04faf7",
              "parentUUID": "7e7d9980-87cb-4301-a63e-51728fabeccd",
              "isHook": false,
              "skipped": false
            },
            {
              "title": "should be defined",
              "fullTitle": "Health - Live controller > should be defined",
              "timedOut": false,
              "duration": 12,
              "state": "passed",
              "speed": null,
              "pass": true,
              "fail": false,
              "pending": false,
              "context": null,
              "code": "",
              "err": {},
              "uuid": "288409cf-ba56-401f-8776-80352fdff380",
              "parentUUID": "7e7d9980-87cb-4301-a63e-51728fabeccd",
              "isHook": false,
              "skipped": false
            },
            {
              "title": "should be return up liveness",
              "fullTitle": "Health - Live controller > should be return up liveness",
              "timedOut": false,
              "duration": 3,
              "state": "passed",
              "speed": null,
              "pass": true,
              "fail": false,
              "pending": false,
              "context": null,
              "code": "",
              "err": {},
              "uuid": "043621da-5fb7-4dad-a2de-b0057f59d810",
              "parentUUID": "7e7d9980-87cb-4301-a63e-51728fabeccd",
              "isHook": false,
              "skipped": false
            },
            {
              "title": "should be return exclude to prefix global",
              "fullTitle": "healthConstants > should be return exclude to prefix global",
              "timedOut": false,
              "duration": 2,
              "state": "passed",
              "speed": null,
              "pass": true,
              "fail": false,
              "pending": false,
              "context": null,
              "code": "",
              "err": {},
              "uuid": "9091b163-22a2-4a3c-bc1b-31e2174efdb2",
              "parentUUID": "7e7d9980-87cb-4301-a63e-51728fabeccd",
              "isHook": false,
              "skipped": false
            }
          ],
          "suites": [],
          "passes": [
            "1097a587-0cb3-4944-8ff7-9b4bdab16af8",
            "cdbb15cc-2a34-480a-8baa-079f6bc399f3",
            "4438e26d-0033-4b44-a992-f9613da63622",
            "dc1e8221-3832-4f4e-8d1c-ad3ee3faf1da",
            "6a15d0b7-dcca-437d-b33c-292afdb0ad02",
            "202e9651-449d-436a-b1b9-9015418d3fe8",
            "0c4abce8-ac6b-4457-b867-9951db04faf7",
            "288409cf-ba56-401f-8776-80352fdff380",
            "043621da-5fb7-4dad-a2de-b0057f59d810",
            "9091b163-22a2-4a3c-bc1b-31e2174efdb2"
          ],
          "failures": [],
          "pending": [],
          "skipped": [],
          "duration": 1641,
          "root": false,
          "rootEmpty": false,
          "_timeout": 5000
        }
      ],
      "passes": [],
      "failures": [],
      "pending": [],
      "skipped": [],
      "duration": 0,
      "root": true,
      "rootEmpty": true,
      "_timeout": 5000
    },
    {
      "uuid": "93fa08cb-3725-455a-a8d6-c322fa273d56",
      "title": "@tresdoce-nestjs-toolkit/http-client",
      "fullFile": "",
      "file": "",
      "beforeHooks": [],
      "afterHooks": [],
      "tests": [],
      "suites": [
        {
          "uuid": "2c372e34-50ef-4755-ab4e-50cfc3204c7c",
          "title": "@tresdoce-nestjs-toolkit/http-client",
          "fullFile": "",
          "file": "",
          "beforeHooks": [],
          "afterHooks": [],
          "tests": [
            {
              "title": "should be defined",
              "fullTitle": "HttpService > should be defined",
              "timedOut": false,
              "duration": 161,
              "state": "passed",
              "speed": null,
              "pass": true,
              "fail": false,
              "pending": false,
              "context": null,
              "code": "",
              "err": {},
              "uuid": "e422398d-0966-43e0-aaaf-5f3920a45a45",
              "parentUUID": "2c372e34-50ef-4755-ab4e-50cfc3204c7c",
              "isHook": false,
              "skipped": false
            },
            {
              "title": "should be return status 200 - request",
              "fullTitle": "HttpService > should be return status 200 - request",
              "timedOut": false,
              "duration": 540,
              "state": "passed",
              "speed": null,
              "pass": true,
              "fail": false,
              "pending": false,
              "context": null,
              "code": "",
              "err": {},
              "uuid": "891c0c34-fd42-4b09-9feb-40b35d8819de",
              "parentUUID": "2c372e34-50ef-4755-ab4e-50cfc3204c7c",
              "isHook": false,
              "skipped": false
            },
            {
              "title": "should be return status 200 - get",
              "fullTitle": "HttpService > should be return status 200 - get",
              "timedOut": false,
              "duration": 543,
              "state": "passed",
              "speed": null,
              "pass": true,
              "fail": false,
              "pending": false,
              "context": null,
              "code": "",
              "err": {},
              "uuid": "48462b10-1fcc-4fde-be64-341e259f5b36",
              "parentUUID": "2c372e34-50ef-4755-ab4e-50cfc3204c7c",
              "isHook": false,
              "skipped": false
            },
            {
              "title": "should be return status 201 - post",
              "fullTitle": "HttpService > should be return status 201 - post",
              "timedOut": false,
              "duration": 586,
              "state": "passed",
              "speed": null,
              "pass": true,
              "fail": false,
              "pending": false,
              "context": null,
              "code": "",
              "err": {},
              "uuid": "f30f587f-ee23-4c53-9761-4be7b0a4c312",
              "parentUUID": "2c372e34-50ef-4755-ab4e-50cfc3204c7c",
              "isHook": false,
              "skipped": false
            },
            {
              "title": "should be return status 200 - get by id",
              "fullTitle": "HttpService > should be return status 200 - get by id",
              "timedOut": false,
              "duration": 466,
              "state": "passed",
              "speed": null,
              "pass": true,
              "fail": false,
              "pending": false,
              "context": null,
              "code": "",
              "err": {},
              "uuid": "b501d71e-20d4-414d-b0dc-6d03d3ab30f0",
              "parentUUID": "2c372e34-50ef-4755-ab4e-50cfc3204c7c",
              "isHook": false,
              "skipped": false
            },
            {
              "title": "should be return status 200 - put",
              "fullTitle": "HttpService > should be return status 200 - put",
              "timedOut": false,
              "duration": 535,
              "state": "passed",
              "speed": null,
              "pass": true,
              "fail": false,
              "pending": false,
              "context": null,
              "code": "",
              "err": {},
              "uuid": "ff4a1a3d-a4d4-45ee-a70a-1a8dbe559dfe",
              "parentUUID": "2c372e34-50ef-4755-ab4e-50cfc3204c7c",
              "isHook": false,
              "skipped": false
            },
            {
              "title": "should be return status 200 - delete",
              "fullTitle": "HttpService > should be return status 200 - delete",
              "timedOut": false,
              "duration": 547,
              "state": "passed",
              "speed": null,
              "pass": true,
              "fail": false,
              "pending": false,
              "context": null,
              "code": "",
              "err": {},
              "uuid": "c2324a0b-0fe5-4c2c-b47c-b884a1b4acee",
              "parentUUID": "2c372e34-50ef-4755-ab4e-50cfc3204c7c",
              "isHook": false,
              "skipped": false
            },
            {
              "title": "should be return status 200 - patch",
              "fullTitle": "HttpService > should be return status 200 - patch",
              "timedOut": false,
              "duration": 542,
              "state": "passed",
              "speed": null,
              "pass": true,
              "fail": false,
              "pending": false,
              "context": null,
              "code": "",
              "err": {},
              "uuid": "8a53ccef-88db-4da0-bbc0-d4407a4381e2",
              "parentUUID": "2c372e34-50ef-4755-ab4e-50cfc3204c7c",
              "isHook": false,
              "skipped": false
            },
            {
              "title": "should be return status 200 - head",
              "fullTitle": "HttpService > should be return status 200 - head",
              "timedOut": false,
              "duration": 460,
              "state": "passed",
              "speed": null,
              "pass": true,
              "fail": false,
              "pending": false,
              "context": null,
              "code": "",
              "err": {},
              "uuid": "8499ecda-cf13-41c5-9b99-a5dc743e858a",
              "parentUUID": "2c372e34-50ef-4755-ab4e-50cfc3204c7c",
              "isHook": false,
              "skipped": false
            },
            {
              "title": "should be return error",
              "fullTitle": "HttpService > should be return error",
              "timedOut": false,
              "duration": 456,
              "state": "passed",
              "speed": null,
              "pass": true,
              "fail": false,
              "pending": false,
              "context": null,
              "code": "",
              "err": {},
              "uuid": "50dd1f70-aa32-4d44-b86e-55aa1399d89f",
              "parentUUID": "2c372e34-50ef-4755-ab4e-50cfc3204c7c",
              "isHook": false,
              "skipped": false
            },
            {
              "title": "should be defined",
              "fullTitle": "HttpInterceptor > should be defined",
              "timedOut": false,
              "duration": 83,
              "state": "passed",
              "speed": null,
              "pass": true,
              "fail": false,
              "pending": false,
              "context": null,
              "code": "",
              "err": {},
              "uuid": "c330b24e-e3fd-41f3-933d-4e778b1a9a80",
              "parentUUID": "2c372e34-50ef-4755-ab4e-50cfc3204c7c",
              "isHook": false,
              "skipped": false
            },
            {
              "title": "should be intercept and pass headers",
              "fullTitle": "HttpInterceptor > should be intercept and pass headers",
              "timedOut": false,
              "duration": 7,
              "state": "passed",
              "speed": null,
              "pass": true,
              "fail": false,
              "pending": false,
              "context": null,
              "code": "",
              "err": {},
              "uuid": "00994882-5208-4e30-9930-3a6e1c1651a8",
              "parentUUID": "2c372e34-50ef-4755-ab4e-50cfc3204c7c",
              "isHook": false,
              "skipped": false
            },
            {
              "title": "should be define",
              "fullTitle": "HttpModule > registerAsync useFactory > should be define",
              "timedOut": false,
              "duration": 78,
              "state": "passed",
              "speed": null,
              "pass": true,
              "fail": false,
              "pending": false,
              "context": null,
              "code": "",
              "err": {},
              "uuid": "cb6dd247-bd68-48c9-9e2b-d2d3d521ee60",
              "parentUUID": "2c372e34-50ef-4755-ab4e-50cfc3204c7c",
              "isHook": false,
              "skipped": false
            },
            {
              "title": "should be define",
              "fullTitle": "HttpModule > registerAsync useFactory > should be define",
              "timedOut": false,
              "duration": 6,
              "state": "passed",
              "speed": null,
              "pass": true,
              "fail": false,
              "pending": false,
              "context": null,
              "code": "",
              "err": {},
              "uuid": "e2817219-4498-479f-ab70-e8bc57e3886e",
              "parentUUID": "2c372e34-50ef-4755-ab4e-50cfc3204c7c",
              "isHook": false,
              "skipped": false
            },
            {
              "title": "should be define",
              "fullTitle": "HttpModule > registerAsync useFactory > should be define",
              "timedOut": false,
              "duration": 5,
              "state": "passed",
              "speed": null,
              "pass": true,
              "fail": false,
              "pending": false,
              "context": null,
              "code": "",
              "err": {},
              "uuid": "9d74fea5-73d7-4985-b18a-7e2704939f87",
              "parentUUID": "2c372e34-50ef-4755-ab4e-50cfc3204c7c",
              "isHook": false,
              "skipped": false
            },
            {
              "title": "should be define",
              "fullTitle": "HttpModule > registerAsync useFactory > should be define",
              "timedOut": false,
              "duration": 5,
              "state": "passed",
              "speed": null,
              "pass": true,
              "fail": false,
              "pending": false,
              "context": null,
              "code": "",
              "err": {},
              "uuid": "16bb870d-0ee1-4895-b906-1968ead4b968",
              "parentUUID": "2c372e34-50ef-4755-ab4e-50cfc3204c7c",
              "isHook": false,
              "skipped": false
            }
          ],
          "suites": [],
          "passes": [
            "e422398d-0966-43e0-aaaf-5f3920a45a45",
            "891c0c34-fd42-4b09-9feb-40b35d8819de",
            "48462b10-1fcc-4fde-be64-341e259f5b36",
            "f30f587f-ee23-4c53-9761-4be7b0a4c312",
            "b501d71e-20d4-414d-b0dc-6d03d3ab30f0",
            "ff4a1a3d-a4d4-45ee-a70a-1a8dbe559dfe",
            "c2324a0b-0fe5-4c2c-b47c-b884a1b4acee",
            "8a53ccef-88db-4da0-bbc0-d4407a4381e2",
            "8499ecda-cf13-41c5-9b99-a5dc743e858a",
            "50dd1f70-aa32-4d44-b86e-55aa1399d89f",
            "c330b24e-e3fd-41f3-933d-4e778b1a9a80",
            "00994882-5208-4e30-9930-3a6e1c1651a8",
            "cb6dd247-bd68-48c9-9e2b-d2d3d521ee60",
            "e2817219-4498-479f-ab70-e8bc57e3886e",
            "9d74fea5-73d7-4985-b18a-7e2704939f87",
            "16bb870d-0ee1-4895-b906-1968ead4b968"
          ],
          "failures": [],
          "pending": [],
          "skipped": [],
          "duration": 5020,
          "root": false,
          "rootEmpty": false,
          "_timeout": 5000
        }
      ],
      "passes": [],
      "failures": [],
      "pending": [],
      "skipped": [],
      "duration": 0,
      "root": true,
      "rootEmpty": true,
      "_timeout": 5000
    },
    {
      "uuid": "b7cf4f4e-be6b-4edd-a4ee-d393d0e27664",
      "title": "@tresdoce-nestjs-toolkit/mailer",
      "fullFile": "",
      "file": "",
      "beforeHooks": [],
      "afterHooks": [],
      "tests": [],
      "suites": [
        {
          "uuid": "43c289d1-b1e2-47c1-82c1-1a21873f1767",
          "title": "@tresdoce-nestjs-toolkit/mailer",
          "fullFile": "",
          "file": "",
          "beforeHooks": [],
          "afterHooks": [],
          "tests": [
            {
              "title": "should not be defined if a transport is not provided",
              "fullTitle": "MailerService > should not be defined if a transport is not provided",
              "timedOut": false,
              "duration": 13,
              "state": "passed",
              "speed": null,
              "pass": true,
              "fail": false,
              "pending": false,
              "context": null,
              "code": "",
              "err": {},
              "uuid": "681f3175-fea6-4e71-be69-896002c37dcb",
              "parentUUID": "43c289d1-b1e2-47c1-82c1-1a21873f1767",
              "isHook": false,
              "skipped": false
            },
            {
              "title": "should accept a smtp transport string",
              "fullTitle": "MailerService > should accept a smtp transport string",
              "timedOut": false,
              "duration": 6,
              "state": "passed",
              "speed": null,
              "pass": true,
              "fail": false,
              "pending": false,
              "context": null,
              "code": "",
              "err": {},
              "uuid": "0f20fb8a-6896-414e-9f1c-21d9051fbcf1",
              "parentUUID": "43c289d1-b1e2-47c1-82c1-1a21873f1767",
              "isHook": false,
              "skipped": false
            },
            {
              "title": "should accept a smtp transports string",
              "fullTitle": "MailerService > should accept a smtp transports string",
              "timedOut": false,
              "duration": 3,
              "state": "passed",
              "speed": null,
              "pass": true,
              "fail": false,
              "pending": false,
              "context": null,
              "code": "",
              "err": {},
              "uuid": "ffdbf3c1-3075-4bc0-870a-1a76e49bf1fd",
              "parentUUID": "43c289d1-b1e2-47c1-82c1-1a21873f1767",
              "isHook": false,
              "skipped": false
            },
            {
              "title": "should accept smtp transport options",
              "fullTitle": "MailerService > should accept smtp transport options",
              "timedOut": false,
              "duration": 2,
              "state": "passed",
              "speed": null,
              "pass": true,
              "fail": false,
              "pending": false,
              "context": null,
              "code": "",
              "err": {},
              "uuid": "49b4c94e-9849-4eac-a4e1-71063b5d5a4d",
              "parentUUID": "43c289d1-b1e2-47c1-82c1-1a21873f1767",
              "isHook": false,
              "skipped": false
            },
            {
              "title": "should accept a smtp transport instance",
              "fullTitle": "MailerService > should accept a smtp transport instance",
              "timedOut": false,
              "duration": 3,
              "state": "passed",
              "speed": null,
              "pass": true,
              "fail": false,
              "pending": false,
              "context": null,
              "code": "",
              "err": {},
              "uuid": "2af2183e-8dd8-47c4-9445-99e80daccb7f",
              "parentUUID": "43c289d1-b1e2-47c1-82c1-1a21873f1767",
              "isHook": false,
              "skipped": false
            },
            {
              "title": "should send emails with nodemailer",
              "fullTitle": "MailerService > should send emails with nodemailer",
              "timedOut": false,
              "duration": 9,
              "state": "passed",
              "speed": null,
              "pass": true,
              "fail": false,
              "pending": false,
              "context": null,
              "code": "",
              "err": {},
              "uuid": "16706a84-643a-471d-b9b5-c6e3e226318a",
              "parentUUID": "43c289d1-b1e2-47c1-82c1-1a21873f1767",
              "isHook": false,
              "skipped": false
            },
            {
              "title": "should send emails with nodemailer transports",
              "fullTitle": "MailerService > should send emails with nodemailer transports",
              "timedOut": false,
              "duration": 4,
              "state": "passed",
              "speed": null,
              "pass": true,
              "fail": false,
              "pending": false,
              "context": null,
              "code": "",
              "err": {},
              "uuid": "df8fba46-92f4-4bd1-9bd0-27db9d89db55",
              "parentUUID": "43c289d1-b1e2-47c1-82c1-1a21873f1767",
              "isHook": false,
              "skipped": false
            },
            {
              "title": "should send emails with nodemailer with different transports name",
              "fullTitle": "MailerService > should send emails with nodemailer with different transports name",
              "timedOut": false,
              "duration": 5,
              "state": "passed",
              "speed": null,
              "pass": true,
              "fail": false,
              "pending": false,
              "context": null,
              "code": "",
              "err": {},
              "uuid": "53953911-d2ba-4e7f-a667-c20cc4dbbff5",
              "parentUUID": "43c289d1-b1e2-47c1-82c1-1a21873f1767",
              "isHook": false,
              "skipped": false
            },
            {
              "title": "should send emails with nodemailer without transports",
              "fullTitle": "MailerService > should send emails with nodemailer without transports",
              "timedOut": false,
              "duration": 2,
              "state": "passed",
              "speed": null,
              "pass": true,
              "fail": false,
              "pending": false,
              "context": null,
              "code": "",
              "err": {},
              "uuid": "b3588a82-e315-4684-b7b1-93e41becb019",
              "parentUUID": "43c289d1-b1e2-47c1-82c1-1a21873f1767",
              "isHook": false,
              "skipped": false
            },
            {
              "title": "should use mailerOptions.defaults when send emails",
              "fullTitle": "MailerService > should use mailerOptions.defaults when send emails",
              "timedOut": false,
              "duration": 3,
              "state": "passed",
              "speed": null,
              "pass": true,
              "fail": false,
              "pending": false,
              "context": null,
              "code": "",
              "err": {},
              "uuid": "fabe1592-819e-457c-9920-0c9086086356",
              "parentUUID": "43c289d1-b1e2-47c1-82c1-1a21873f1767",
              "isHook": false,
              "skipped": false
            },
            {
              "title": "should use custom transport to send mail",
              "fullTitle": "MailerService > should use custom transport to send mail",
              "timedOut": false,
              "duration": 5,
              "state": "passed",
              "speed": null,
              "pass": true,
              "fail": false,
              "pending": false,
              "context": null,
              "code": "",
              "err": {},
              "uuid": "ce93b4e9-a1fb-45b3-8068-edd1f164995d",
              "parentUUID": "43c289d1-b1e2-47c1-82c1-1a21873f1767",
              "isHook": false,
              "skipped": false
            },
            {
              "title": "should compile template with the handlebars adapter",
              "fullTitle": "MailerService > should compile template with the handlebars adapter",
              "timedOut": false,
              "duration": 23,
              "state": "passed",
              "speed": null,
              "pass": true,
              "fail": false,
              "pending": false,
              "context": null,
              "code": "",
              "err": {},
              "uuid": "b111d00c-bdbf-49d2-ac59-14393642129c",
              "parentUUID": "43c289d1-b1e2-47c1-82c1-1a21873f1767",
              "isHook": false,
              "skipped": false
            },
            {
              "title": "should compile template with the handlebars adapter with relative path",
              "fullTitle": "MailerService > should compile template with the handlebars adapter with relative path",
              "timedOut": false,
              "duration": 21,
              "state": "passed",
              "speed": null,
              "pass": true,
              "fail": false,
              "pending": false,
              "context": null,
              "code": "",
              "err": {},
              "uuid": "c44c91d2-5504-4762-8caa-29db23e9636d",
              "parentUUID": "43c289d1-b1e2-47c1-82c1-1a21873f1767",
              "isHook": false,
              "skipped": false
            },
            {
              "title": "should compile template with the handlebars adapter with error template path",
              "fullTitle": "MailerService > should compile template with the handlebars adapter with error template path",
              "timedOut": false,
              "duration": 3,
              "state": "passed",
              "speed": null,
              "pass": true,
              "fail": false,
              "pending": false,
              "context": null,
              "code": "",
              "err": {},
              "uuid": "817060dd-36fa-428e-8ff9-e22f6d47f088",
              "parentUUID": "43c289d1-b1e2-47c1-82c1-1a21873f1767",
              "isHook": false,
              "skipped": false
            },
            {
              "title": "should compile template with the handlebars adapter with disabled inline-css",
              "fullTitle": "MailerService > should compile template with the handlebars adapter with disabled inline-css",
              "timedOut": false,
              "duration": 4,
              "state": "passed",
              "speed": null,
              "pass": true,
              "fail": false,
              "pending": false,
              "context": null,
              "code": "",
              "err": {},
              "uuid": "ccd2c8d1-dc60-48b4-b877-a320dc0445b9",
              "parentUUID": "43c289d1-b1e2-47c1-82c1-1a21873f1767",
              "isHook": false,
              "skipped": false
            },
            {
              "title": "should compile template with the handlebars adapter with enabled inline-css and media query",
              "fullTitle": "MailerService > should compile template with the handlebars adapter with enabled inline-css and media query",
              "timedOut": false,
              "duration": 9,
              "state": "passed",
              "speed": null,
              "pass": true,
              "fail": false,
              "pending": false,
              "context": null,
              "code": "",
              "err": {},
              "uuid": "907a4429-ec39-4294-a0b2-2f9360ccabc4",
              "parentUUID": "43c289d1-b1e2-47c1-82c1-1a21873f1767",
              "isHook": false,
              "skipped": false
            },
            {
              "title": "should compile template with the pug adapter",
              "fullTitle": "MailerService > should compile template with the pug adapter",
              "timedOut": false,
              "duration": 29,
              "state": "passed",
              "speed": null,
              "pass": true,
              "fail": false,
              "pending": false,
              "context": null,
              "code": "",
              "err": {},
              "uuid": "51859575-9af7-40f8-bab8-f61c0897a049",
              "parentUUID": "43c289d1-b1e2-47c1-82c1-1a21873f1767",
              "isHook": false,
              "skipped": false
            },
            {
              "title": "should compile template with the pug adapter with relative path",
              "fullTitle": "MailerService > should compile template with the pug adapter with relative path",
              "timedOut": false,
              "duration": 7,
              "state": "passed",
              "speed": null,
              "pass": true,
              "fail": false,
              "pending": false,
              "context": null,
              "code": "",
              "err": {},
              "uuid": "11351755-54da-4b3a-866e-8091934d9072",
              "parentUUID": "43c289d1-b1e2-47c1-82c1-1a21873f1767",
              "isHook": false,
              "skipped": false
            },
            {
              "title": "should compile template with the pug adapter with error to read template",
              "fullTitle": "MailerService > should compile template with the pug adapter with error to read template",
              "timedOut": false,
              "duration": 2,
              "state": "passed",
              "speed": null,
              "pass": true,
              "fail": false,
              "pending": false,
              "context": null,
              "code": "",
              "err": {},
              "uuid": "400287c5-1e4c-4940-8194-08434245f68e",
              "parentUUID": "43c289d1-b1e2-47c1-82c1-1a21873f1767",
              "isHook": false,
              "skipped": false
            },
            {
              "title": "should compile template with the pug adapter without inline css",
              "fullTitle": "MailerService > should compile template with the pug adapter without inline css",
              "timedOut": false,
              "duration": 4,
              "state": "passed",
              "speed": null,
              "pass": true,
              "fail": false,
              "pending": false,
              "context": null,
              "code": "",
              "err": {},
              "uuid": "ba8d5100-f477-48fa-b9c6-18e2c38c84dc",
              "parentUUID": "43c289d1-b1e2-47c1-82c1-1a21873f1767",
              "isHook": false,
              "skipped": false
            },
            {
              "title": "should compile template with the ejs adapter",
              "fullTitle": "MailerService > should compile template with the ejs adapter",
              "timedOut": false,
              "duration": 4,
              "state": "passed",
              "speed": null,
              "pass": true,
              "fail": false,
              "pending": false,
              "context": null,
              "code": "",
              "err": {},
              "uuid": "690bdb57-e832-40b9-bd7b-13d716bb556e",
              "parentUUID": "43c289d1-b1e2-47c1-82c1-1a21873f1767",
              "isHook": false,
              "skipped": false
            },
            {
              "title": "should compile template with the ejs adapter with error to read template",
              "fullTitle": "MailerService > should compile template with the ejs adapter with error to read template",
              "timedOut": false,
              "duration": 2,
              "state": "passed",
              "speed": null,
              "pass": true,
              "fail": false,
              "pending": false,
              "context": null,
              "code": "",
              "err": {},
              "uuid": "4b64e663-2ca4-494d-82cb-0a9cf69ed5e7",
              "parentUUID": "43c289d1-b1e2-47c1-82c1-1a21873f1767",
              "isHook": false,
              "skipped": false
            },
            {
              "title": "should compile template with the ejs adapter read template relative url",
              "fullTitle": "MailerService > should compile template with the ejs adapter read template relative url",
              "timedOut": false,
              "duration": 2,
              "state": "passed",
              "speed": null,
              "pass": true,
              "fail": false,
              "pending": false,
              "context": null,
              "code": "",
              "err": {},
              "uuid": "127f61b1-bb8d-4beb-9f5a-9acc52982aaf",
              "parentUUID": "43c289d1-b1e2-47c1-82c1-1a21873f1767",
              "isHook": false,
              "skipped": false
            },
            {
              "title": "should compile template with the ejs adapter without css inline",
              "fullTitle": "MailerService > should compile template with the ejs adapter without css inline",
              "timedOut": false,
              "duration": 3,
              "state": "passed",
              "speed": null,
              "pass": true,
              "fail": false,
              "pending": false,
              "context": null,
              "code": "",
              "err": {},
              "uuid": "1b1377e0-86a5-4b01-8055-9980790c52e7",
              "parentUUID": "43c289d1-b1e2-47c1-82c1-1a21873f1767",
              "isHook": false,
              "skipped": false
            },
            {
              "title": "should compile template with the ejs adapter with css inline",
              "fullTitle": "MailerService > should compile template with the ejs adapter with css inline",
              "timedOut": false,
              "duration": 3,
              "state": "passed",
              "speed": null,
              "pass": true,
              "fail": false,
              "pending": false,
              "context": null,
              "code": "",
              "err": {},
              "uuid": "29d8cdeb-2187-440c-aa64-d827cd298ca0",
              "parentUUID": "43c289d1-b1e2-47c1-82c1-1a21873f1767",
              "isHook": false,
              "skipped": false
            },
            {
              "title": "should be defined",
              "fullTitle": "MailerModule > forRoot > should be defined",
              "timedOut": false,
              "duration": 168,
              "state": "passed",
              "speed": null,
              "pass": true,
              "fail": false,
              "pending": false,
              "context": null,
              "code": "",
              "err": {},
              "uuid": "22a427e5-c62a-4ebc-a10f-b0978ca5a679",
              "parentUUID": "43c289d1-b1e2-47c1-82c1-1a21873f1767",
              "isHook": false,
              "skipped": false
            },
            {
              "title": "should be defined",
              "fullTitle": "MailerModule > forRoot > should be defined",
              "timedOut": false,
              "duration": 8,
              "state": "passed",
              "speed": null,
              "pass": true,
              "fail": false,
              "pending": false,
              "context": null,
              "code": "",
              "err": {},
              "uuid": "b71e2074-f3e0-4229-a97b-887852e68b3e",
              "parentUUID": "43c289d1-b1e2-47c1-82c1-1a21873f1767",
[...]
              "speed": null,
              "pass": true,
              "fail": false,
              "pending": false,
              "context": null,
              "code": "",
              "err": {},
              "uuid": "cac83445-7cab-48cf-b4a4-05d24a178781",
              "parentUUID": "5fea7e97-955b-4ede-85d1-aa36f3984590",
              "isHook": false,
              "skipped": false
            },
            {
              "title": "should be defined",
              "fullTitle": "TestContainers > Redis > should be defined",
              "timedOut": false,
              "duration": 1,
              "state": "passed",
              "speed": null,
              "pass": true,
              "fail": false,
              "pending": false,
              "context": null,
              "code": "",
              "err": {},
              "uuid": "87184fe1-f6f9-450b-bd51-faeef9bfdc39",
              "parentUUID": "5fea7e97-955b-4ede-85d1-aa36f3984590",
              "isHook": false,
              "skipped": false
            },
            {
              "title": "should be defined",
              "fullTitle": "TestContainers > Redis > should be defined",
              "timedOut": false,
              "duration": 1,
              "state": "passed",
              "speed": null,
              "pass": true,
              "fail": false,
              "pending": false,
              "context": null,
              "code": "",
              "err": {},
              "uuid": "357357fb-f7af-4ae3-b8f2-f494a1bd258d",
              "parentUUID": "5fea7e97-955b-4ede-85d1-aa36f3984590",
              "isHook": false,
              "skipped": false
            },
            {
              "title": "should be defined",
              "fullTitle": "TestContainers > Redis > should be defined",
              "timedOut": false,
              "duration": 1,
              "state": "passed",
              "speed": null,
              "pass": true,
              "fail": false,
              "pending": false,
              "context": null,
              "code": "",
              "err": {},
              "uuid": "fb71e811-6942-4354-9625-67da6fa972d4",
              "parentUUID": "5fea7e97-955b-4ede-85d1-aa36f3984590",
              "isHook": false,
              "skipped": false
            },
            {
              "title": "should be defined",
              "fullTitle": "TestContainers > Redis > should be defined",
              "timedOut": false,
              "duration": 0,
              "state": "passed",
              "speed": null,
              "pass": true,
              "fail": false,
              "pending": false,
              "context": null,
              "code": "",
              "err": {},
              "uuid": "a4c460b4-5c36-4857-ac22-26e585ef01b0",
              "parentUUID": "5fea7e97-955b-4ede-85d1-aa36f3984590",
              "isHook": false,
              "skipped": false
            },
            {
              "title": "should be defined",
              "fullTitle": "TestContainers > Redis > should be defined",
              "timedOut": false,
              "duration": 2,
              "state": "passed",
              "speed": null,
              "pass": true,
              "fail": false,
              "pending": false,
              "context": null,
              "code": "",
              "err": {},
              "uuid": "2df282eb-9816-4305-8c6a-45a0bba0c390",
              "parentUUID": "5fea7e97-955b-4ede-85d1-aa36f3984590",
              "isHook": false,
              "skipped": false
            },
            {
              "title": "should be return delay default time",
              "fullTitle": "utilities > should be return delay default time",
              "timedOut": false,
              "duration": 10007,
              "state": "passed",
              "speed": null,
              "pass": true,
              "fail": false,
              "pending": false,
              "context": null,
              "code": "",
              "err": {},
              "uuid": "e10fb9c8-83d4-4843-9a5e-377591038610",
              "parentUUID": "5fea7e97-955b-4ede-85d1-aa36f3984590",
              "isHook": false,
              "skipped": false
            },
            {
              "title": "should be return delay custom time",
              "fullTitle": "utilities > should be return delay custom time",
              "timedOut": false,
              "duration": 63,
              "state": "passed",
              "speed": null,
              "pass": true,
              "fail": false,
              "pending": false,
              "context": null,
              "code": "",
              "err": {},
              "uuid": "b518eee9-1150-4f8e-9f01-013b78966857",
              "parentUUID": "5fea7e97-955b-4ede-85d1-aa36f3984590",
              "isHook": false,
              "skipped": false
            },
            {
              "title": "should be return a join of paths",
              "fullTitle": "utilities > should be return a join of paths",
              "timedOut": false,
              "duration": 1,
              "state": "passed",
              "speed": null,
              "pass": true,
              "fail": false,
              "pending": false,
              "context": null,
              "code": "",
              "err": {},
              "uuid": "32c160b4-321c-4a03-9071-422a7372dad4",
              "parentUUID": "5fea7e97-955b-4ede-85d1-aa36f3984590",
              "isHook": false,
              "skipped": false
            },
            {
              "title": "should be return config",
              "fullTitle": "Config > baseConfig > should be return config",
              "timedOut": false,
              "duration": 3,
              "state": "passed",
              "speed": null,
              "pass": true,
              "fail": false,
              "pending": false,
              "context": null,
              "code": "",
              "err": {},
              "uuid": "d37b5daf-cd74-4ea0-94ea-527c7f4e26f6",
              "parentUUID": "5fea7e97-955b-4ede-85d1-aa36f3984590",
              "isHook": false,
              "skipped": false
            },
            {
              "title": "should be return config with args",
              "fullTitle": "Config > baseConfig > should be return config with args",
              "timedOut": false,
              "duration": 4,
              "state": "passed",
              "speed": null,
              "pass": true,
              "fail": false,
              "pending": false,
              "context": null,
              "code": "",
              "err": {},
              "uuid": "1d9e0cc4-12ee-4422-9672-96f194c64ea7",
              "parentUUID": "5fea7e97-955b-4ede-85d1-aa36f3984590",
              "isHook": false,
              "skipped": false
            },
            {
              "title": "should be return config without args",
              "fullTitle": "Config > baseConfig > should be return config without args",
              "timedOut": false,
              "duration": 1,
              "state": "passed",
              "speed": null,
              "pass": true,
              "fail": false,
              "pending": false,
              "context": null,
              "code": "",
              "err": {},
              "uuid": "c87b87b3-8fe1-4eb5-9b1d-81ba860c6a61",
              "parentUUID": "5fea7e97-955b-4ede-85d1-aa36f3984590",
              "isHook": false,
              "skipped": false
            },
            {
              "title": "should be return appBaseConfig",
              "fullTitle": "Fixtures > appConfigBase > should be return appBaseConfig",
              "timedOut": false,
              "duration": 1,
              "state": "passed",
              "speed": null,
              "pass": true,
              "fail": false,
              "pending": false,
              "context": null,
              "code": "",
              "err": {},
              "uuid": "cb49fa11-6833-4ecc-a71d-273763262779",
              "parentUUID": "5fea7e97-955b-4ede-85d1-aa36f3984590",
              "isHook": false,
              "skipped": false
            },
            {
              "title": "should be return appBaseConfig",
              "fullTitle": "Fixtures > appConfigBase > should be return appBaseConfig",
              "timedOut": false,
              "duration": 0,
              "state": "passed",
              "speed": null,
              "pass": true,
              "fail": false,
              "pending": false,
              "context": null,
              "code": "",
              "err": {},
              "uuid": "6bf58570-9e8b-4f3b-bd32-7a5c08d74969",
              "parentUUID": "5fea7e97-955b-4ede-85d1-aa36f3984590",
              "isHook": false,
              "skipped": false
            },
            {
              "title": "should be define Redis options",
              "fullTitle": "Fixtures > appConfigBase > should be define Redis options",
              "timedOut": false,
              "duration": 1,
              "state": "passed",
              "speed": null,
              "pass": true,
              "fail": false,
              "pending": false,
              "context": null,
              "code": "",
              "err": {},
              "uuid": "fb77dfb5-480a-4c4a-91ba-ddb6545b2881",
              "parentUUID": "5fea7e97-955b-4ede-85d1-aa36f3984590",
              "isHook": false,
              "skipped": false
            },
            {
              "title": "should be define DynamoDB options",
              "fullTitle": "Fixtures > appConfigBase > should be define DynamoDB options",
              "timedOut": false,
              "duration": 1,
              "state": "passed",
              "speed": null,
              "pass": true,
              "fail": false,
              "pending": false,
              "context": null,
              "code": "",
              "err": {},
              "uuid": "2e70b648-29e0-49fd-9bda-e76c165f6752",
              "parentUUID": "5fea7e97-955b-4ede-85d1-aa36f3984590",
              "isHook": false,
              "skipped": false
            },
            {
              "title": "should be define MongoDB options",
              "fullTitle": "Fixtures > appConfigBase > should be define MongoDB options",
              "timedOut": false,
              "duration": 1,
              "state": "passed",
              "speed": null,
              "pass": true,
              "fail": false,
              "pending": false,
              "context": null,
              "code": "",
              "err": {},
              "uuid": "06783545-cda2-4af4-a8b6-ead2cd2e54ff",
              "parentUUID": "5fea7e97-955b-4ede-85d1-aa36f3984590",
              "isHook": false,
              "skipped": false
            },
            {
              "title": "should be define MySql options",
              "fullTitle": "Fixtures > appConfigBase > should be define MySql options",
              "timedOut": false,
              "duration": 1,
              "state": "passed",
              "speed": null,
              "pass": true,
              "fail": false,
              "pending": false,
              "context": null,
              "code": "",
              "err": {},
              "uuid": "6755b9e5-2cfb-4813-9fd5-f46fa026bf3c",
              "parentUUID": "5fea7e97-955b-4ede-85d1-aa36f3984590",
              "isHook": false,
              "skipped": false
            },
            {
              "title": "should be define Postgres options",
              "fullTitle": "Fixtures > appConfigBase > should be define Postgres options",
              "timedOut": false,
              "duration": 1,
              "state": "passed",
              "speed": null,
              "pass": true,
              "fail": false,
              "pending": false,
              "context": null,
              "code": "",
              "err": {},
              "uuid": "93f55c9d-4258-41c2-9bd1-d13f7e39c06a",
              "parentUUID": "5fea7e97-955b-4ede-85d1-aa36f3984590",
              "isHook": false,
              "skipped": false
            },
            {
              "title": "should be define ElasticSearch options",
              "fullTitle": "Fixtures > appConfigBase > should be define ElasticSearch options",
              "timedOut": false,
              "duration": 1,
              "state": "passed",
              "speed": null,
              "pass": true,
              "fail": false,
              "pending": false,
              "context": null,
              "code": "",
              "err": {},
              "uuid": "c45a47d3-60e1-44fb-bf82-ea2dab748a05",
              "parentUUID": "5fea7e97-955b-4ede-85d1-aa36f3984590",
              "isHook": false,
              "skipped": false
            }
          ],
          "suites": [],
          "passes": [
            "4a7db324-0816-45bf-a3c8-f85c645c4a95",
            "a02ee388-8372-4ffb-9b48-78e8f8de343e",
            "910ceac2-121b-4c7f-b715-a7e636a9dc66",
            "7817651c-1be2-46f7-b89b-1a245732f6ee",
            "153624bb-dcc7-4e89-890f-d428e352761d",
            "119e1af9-9cd6-4fd8-8945-575b4661eb51",
            "6e950c34-f043-40e9-9683-de0499f204d6",
            "49915bb9-a8cc-4d85-ae77-b395a0bd58d9",
            "954b71b2-1939-4b24-9d95-97e731450122",
            "dfbb55dc-a87c-4d72-9067-72b9b74b914d",
            "cac83445-7cab-48cf-b4a4-05d24a178781",
            "87184fe1-f6f9-450b-bd51-faeef9bfdc39",
            "357357fb-f7af-4ae3-b8f2-f494a1bd258d",
            "fb71e811-6942-4354-9625-67da6fa972d4",
            "a4c460b4-5c36-4857-ac22-26e585ef01b0",
            "2df282eb-9816-4305-8c6a-45a0bba0c390",
            "e10fb9c8-83d4-4843-9a5e-377591038610",
            "b518eee9-1150-4f8e-9f01-013b78966857",
            "32c160b4-321c-4a03-9071-422a7372dad4",
            "d37b5daf-cd74-4ea0-94ea-527c7f4e26f6",
            "1d9e0cc4-12ee-4422-9672-96f194c64ea7",
            "c87b87b3-8fe1-4eb5-9b1d-81ba860c6a61",
            "cb49fa11-6833-4ecc-a71d-273763262779",
            "6bf58570-9e8b-4f3b-bd32-7a5c08d74969",
            "fb77dfb5-480a-4c4a-91ba-ddb6545b2881",
            "2e70b648-29e0-49fd-9bda-e76c165f6752",
            "06783545-cda2-4af4-a8b6-ead2cd2e54ff",
            "6755b9e5-2cfb-4813-9fd5-f46fa026bf3c",
            "93f55c9d-4258-41c2-9bd1-d13f7e39c06a",
            "c45a47d3-60e1-44fb-bf82-ea2dab748a05"
          ],
          "failures": [],
          "pending": [],
          "skipped": [],
          "duration": 48456,
          "root": false,
          "rootEmpty": false,
          "_timeout": 5000
        }
      ],
      "passes": [],
      "failures": [],
      "pending": [],
      "skipped": [],
      "duration": 0,
      "root": true,
      "rootEmpty": true,
      "_timeout": 5000
    },
    {
      "uuid": "fde85c33-bff8-4347-8212-3b8425967eb6",
      "title": "@tresdoce-nestjs-toolkit/typeorm",
      "fullFile": "",
      "file": "",
      "beforeHooks": [],
      "afterHooks": [],
      "tests": [],
      "suites": [
        {
          "uuid": "3817cdb1-385b-43b6-b359-2a2dff38915d",
          "title": "@tresdoce-nestjs-toolkit/typeorm",
          "fullFile": "",
          "file": "",
          "beforeHooks": [],
          "afterHooks": [],
          "tests": [
            {
              "title": "should be defined",
              "fullTitle": "TypeOrm > Postgres > should be defined",
              "timedOut": false,
              "duration": 412,
              "state": "passed",
              "speed": null,
              "pass": true,
              "fail": false,
              "pending": false,
              "context": null,
              "code": "",
              "err": {},
              "uuid": "39906426-8050-46fc-8f46-e97cb69a5bda",
              "parentUUID": "3817cdb1-385b-43b6-b359-2a2dff38915d",
              "isHook": false,
              "skipped": false
            },
            {
              "title": "should be return an array of post",
              "fullTitle": "TypeOrm > Postgres > should be return an array of post",
              "timedOut": false,
              "duration": 68,
              "state": "passed",
              "speed": null,
              "pass": true,
              "fail": false,
              "pending": false,
              "context": null,
              "code": "",
              "err": {},
              "uuid": "7391a12d-c167-40f2-83b1-bb73324ee6f8",
              "parentUUID": "3817cdb1-385b-43b6-b359-2a2dff38915d",
              "isHook": false,
              "skipped": false
            },
            {
              "title": "should be defined",
              "fullTitle": "TypeOrm > Postgres > should be defined",
              "timedOut": false,
              "duration": 130,
              "state": "passed",
              "speed": null,
              "pass": true,
              "fail": false,
              "pending": false,
              "context": null,
              "code": "",
              "err": {},
              "uuid": "e51b6f3b-66ef-4141-8c7a-133f174ea814",
              "parentUUID": "3817cdb1-385b-43b6-b359-2a2dff38915d",
              "isHook": false,
              "skipped": false
            },
            {
              "title": "should be return an array of post",
              "fullTitle": "TypeOrm > Postgres > should be return an array of post",
              "timedOut": false,
              "duration": 69,
              "state": "passed",
              "speed": null,
              "pass": true,
              "fail": false,
              "pending": false,
              "context": null,
              "code": "",
              "err": {},
              "uuid": "bcaab21a-7e7e-4e62-9934-30e204bd03aa",
              "parentUUID": "3817cdb1-385b-43b6-b359-2a2dff38915d",
              "isHook": false,
              "skipped": false
            },
            {
              "title": "should be defined",
              "fullTitle": "TypeOrm > Postgres > should be defined",
              "timedOut": false,
              "duration": 2274,
              "state": "passed",
              "speed": null,
              "pass": true,
              "fail": false,
              "pending": false,
              "context": null,
              "code": "",
              "err": {},
              "uuid": "76a507cf-2d61-4318-be05-05b029911c56",
              "parentUUID": "3817cdb1-385b-43b6-b359-2a2dff38915d",
              "isHook": false,
              "skipped": false
            },
            {
              "title": "should be return an array of user",
              "fullTitle": "TypeOrm > Postgres > should be return an array of user",
              "timedOut": false,
              "duration": 73,
              "state": "passed",
              "speed": null,
              "pass": true,
              "fail": false,
              "pending": false,
              "context": null,
              "code": "",
              "err": {},
              "uuid": "27401030-a756-44d4-9a84-b48080c574b4",
              "parentUUID": "3817cdb1-385b-43b6-b359-2a2dff38915d",
              "isHook": false,
              "skipped": false
            }
          ],
          "suites": [],
          "passes": [
            "39906426-8050-46fc-8f46-e97cb69a5bda",
            "7391a12d-c167-40f2-83b1-bb73324ee6f8",
            "e51b6f3b-66ef-4141-8c7a-133f174ea814",
            "bcaab21a-7e7e-4e62-9934-30e204bd03aa",
            "76a507cf-2d61-4318-be05-05b029911c56",
            "27401030-a756-44d4-9a84-b48080c574b4"
          ],
          "failures": [],
          "pending": [],
          "skipped": [],
          "duration": 3026,
          "root": false,
          "rootEmpty": false,
          "_timeout": 5000
        }
      ],
      "passes": [],
      "failures": [],
      "pending": [],
      "skipped": [],
      "duration": 0,
      "root": true,
      "rootEmpty": true,
      "_timeout": 5000
    }
  ]
}