{
  "stats": {
    "suites": 13,
    "tests": 155,
    "passes": 155,
    "pending": 0,
    "failures": 0,
    "testsRegistered": 155,
    "passPercent": 100,
    "pendingPercent": 0,
    "other": 0,
    "hasOther": false,
    "skipped": 0,
    "hasSkipped": false,
    "start": "2023-05-11T01:02:07.488Z",
    "end": "2023-05-11T01:05:07.828Z",
    "duration": 180340
  },
  "results": [
    {
      "uuid": "76941e43-b937-400d-905d-f08c8677782b",
      "title": "",
      "fullFile": "",
      "file": "",
      "beforeHooks": [],
      "afterHooks": [],
      "tests": [],
      "suites": [
        {
          "uuid": "1090ec0e-a1dd-41d3-b069-1dff4e69c697",
          "title": "@tresdoce-nestjs-toolkit/archetype",
          "fullFile": "",
          "file": "",
          "beforeHooks": [],
          "afterHooks": [],
          "tests": [],
          "suites": [
            {
              "uuid": "eafd3f05-1f9b-4e4a-8a5a-f5daa581e14f",
              "title": "ArchetypeController",
              "fullFile": "/Users/maximilianodelgado/Projects/Mex/tresdoce-nestjs-toolkit/packages/archetype/src/__test__/archetype.controller.spec.ts",
              "file": "archetype.controller.spec.ts",
              "beforeHooks": [],
              "afterHooks": [],
              "tests": [
                {
                  "fullTitle": "ArchetypeController should be defined",
                  "title": "should be defined",
                  "timedOut": false,
                  "duration": 91,
                  "state": "passed",
                  "speed": "fast",
                  "pass": true,
                  "fail": false,
                  "pending": false,
                  "context": null,
                  "code": "it('should be defined', async () => {\n    expect(controller).toBeDefined();\n  }, 1000)",
                  "err": {},
                  "uuid": "34d2077b-291b-4350-a430-addbf5e35875",
                  "parentUUID": "eafd3f05-1f9b-4e4a-8a5a-f5daa581e14f",
                  "isHook": false,
                  "skipped": false
                },
                {
                  "fullTitle": "ArchetypeController should be return manifest json",
                  "title": "should be return manifest json",
                  "timedOut": false,
                  "duration": 17,
                  "state": "passed",
                  "speed": "fast",
                  "pass": true,
                  "fail": false,
                  "pending": false,
                  "context": null,
                  "code": "it('should be return manifest json', async () => {\n    expect(await controller.getArchetypeInfo()).toBeDefined();\n    expect(await controller.getArchetypeInfo()).toEqual(manifest);\n  })",
                  "err": {},
                  "uuid": "8f63bcf1-cd16-4586-bfce-7a26dd5daca9",
                  "parentUUID": "eafd3f05-1f9b-4e4a-8a5a-f5daa581e14f",
                  "isHook": false,
                  "skipped": false
                }
              ],
              "suites": [],
              "passes": [
                "34d2077b-291b-4350-a430-addbf5e35875",
                "8f63bcf1-cd16-4586-bfce-7a26dd5daca9"
              ],
              "failures": [],
              "pending": [],
              "skipped": [],
              "duration": 108,
              "root": false,
              "rootEmpty": false,
              "_timeout": 5000
            },
            {
              "uuid": "1c192d7c-e0f8-4c47-98f4-27a6751ab6e8",
              "title": "Constants",
              "fullFile": "/Users/maximilianodelgado/Projects/Mex/tresdoce-nestjs-toolkit/packages/archetype/src/__test__/constants.spec.ts",
              "file": "constants.spec.ts",
              "beforeHooks": [],
              "afterHooks": [],
              "tests": [
                {
                  "fullTitle": "Constants should be return exclude to prefix global",
                  "title": "should be return exclude to prefix global",
                  "timedOut": false,
                  "duration": 3,
                  "state": "passed",
                  "speed": "fast",
                  "pass": true,
                  "fail": false,
                  "pending": false,
                  "context": null,
                  "code": "it('should be return exclude to prefix global', async () => {\n    expect(manifestControllerExcludes).toEqual(expect.any(Array));\n    expect(manifestControllerExcludes).toMatchObject([\n      {\n        path: '/info',\n        method: RequestMethod.GET,\n      },\n    ]);\n  })",
                  "err": {},
                  "uuid": "675109a0-3f91-4db1-a9e1-3354b7ad5d35",
                  "parentUUID": "1c192d7c-e0f8-4c47-98f4-27a6751ab6e8",
                  "isHook": false,
                  "skipped": false
                }
              ],
              "suites": [],
              "passes": [
                "675109a0-3f91-4db1-a9e1-3354b7ad5d35"
              ],
              "failures": [],
              "pending": [],
              "skipped": [],
              "duration": 3,
              "root": false,
              "rootEmpty": false,
              "_timeout": 5000
            },
            {
              "uuid": "3d732666-e266-47ce-87cd-3e23fcd73fda",
              "title": "ArchetypeModule",
              "fullFile": "/Users/maximilianodelgado/Projects/Mex/tresdoce-nestjs-toolkit/packages/archetype/src/__test__/archetype.module.spec.ts",
              "file": "archetype.module.spec.ts",
              "beforeHooks": [],
              "afterHooks": [],
              "tests": [
                {
                  "fullTitle": "ArchetypeModule should be define",
                  "title": "should be define",
                  "timedOut": false,
                  "duration": 358,
                  "state": "passed",
                  "speed": "medium",
                  "pass": true,
                  "fail": false,
                  "pending": false,
                  "context": null,
                  "code": "it('should be define', async () => {\n    expect(app).toBeDefined();\n  })",
                  "err": {},
                  "uuid": "1a7f33c4-a510-43b4-8aa8-588f4b8dacc5",
                  "parentUUID": "3d732666-e266-47ce-87cd-3e23fcd73fda",
                  "isHook": false,
                  "skipped": false
                }
              ],
              "suites": [],
              "passes": [
                "1a7f33c4-a510-43b4-8aa8-588f4b8dacc5"
              ],
              "failures": [],
              "pending": [],
              "skipped": [],
              "duration": 358,
              "root": false,
              "rootEmpty": false,
              "_timeout": 5000
            },
            {
              "uuid": "1bd92741-35d7-49b0-9722-7a0c61946bfc",
              "title": "ArchetypeService",
              "fullFile": "/Users/maximilianodelgado/Projects/Mex/tresdoce-nestjs-toolkit/packages/archetype/src/__test__/archetype.service.spec.ts",
              "file": "archetype.service.spec.ts",
              "beforeHooks": [],
              "afterHooks": [],
              "tests": [
                {
                  "fullTitle": "ArchetypeService should be defined",
                  "title": "should be defined",
                  "timedOut": false,
                  "duration": 35,
                  "state": "passed",
                  "speed": "fast",
                  "pass": true,
                  "fail": false,
                  "pending": false,
                  "context": null,
                  "code": "it('should be defined', () => {\n    expect(service).toBeDefined();\n  })",
                  "err": {},
                  "uuid": "9e4729ae-f780-4953-ba9e-75c53e461de2",
                  "parentUUID": "1bd92741-35d7-49b0-9722-7a0c61946bfc",
                  "isHook": false,
                  "skipped": false
                },
                {
                  "fullTitle": "ArchetypeService should be read package file",
                  "title": "should be read package file",
                  "timedOut": false,
                  "duration": 6,
                  "state": "passed",
                  "speed": "fast",
                  "pass": true,
                  "fail": false,
                  "pending": false,
                  "context": null,
                  "code": "it('should be read package file', async () => {\n    const packageFile = await service.readFile(__dirname, '../../package.json');\n    expect(packageFile).toBeDefined();\n    expect(packageFile).toEqual(expect.any(Object));\n  })",
                  "err": {},
                  "uuid": "7154f99c-79ac-4f7d-8574-38922472c9d8",
                  "parentUUID": "1bd92741-35d7-49b0-9722-7a0c61946bfc",
                  "isHook": false,
                  "skipped": false
                },
                {
                  "fullTitle": "ArchetypeService should be return archetype version",
                  "title": "should be return archetype version",
                  "timedOut": false,
                  "duration": 6,
                  "state": "passed",
                  "speed": "fast",
                  "pass": true,
                  "fail": false,
                  "pending": false,
                  "context": null,
                  "code": "it('should be return archetype version', async () => {\n    service.readFile = jest.fn().mockImplementation(() => ({ version: manifest.archetypeVersion }));\n\n    expect(await service.getArchetypeVersion()).toEqual({\n      archetypeVersion: manifest.archetypeVersion,\n    });\n  })",
                  "err": {},
                  "uuid": "86a98430-9e64-4359-af96-707a548f2f25",
                  "parentUUID": "1bd92741-35d7-49b0-9722-7a0c61946bfc",
                  "isHook": false,
                  "skipped": false
                },
                {
                  "fullTitle": "ArchetypeService should be return application info",
                  "title": "should be return application info",
                  "timedOut": false,
                  "duration": 18,
                  "state": "passed",
                  "speed": "fast",
                  "pass": true,
                  "fail": false,
                  "pending": false,
                  "context": null,
                  "code": "it('should be return application info', async () => {\n    service.readFile = jest.fn().mockImplementation(() => ({\n      apiPrefix: manifest.apiPrefix,\n      name: manifest.name,\n      version: manifest.version,\n      description: manifest.description,\n      author: manifest.author,\n      repository: manifest.repository,\n      homepage: manifest.homepage,\n      dependencies: manifest.dependencies,\n      devDependencies: manifest.devDependencies,\n    }));\n\n    expect(await service.getApplicationInfo()).toEqual({\n      apiPrefix: manifest.apiPrefix,\n      name: manifest.name,\n      version: manifest.version,\n      description: manifest.description,\n      author: manifest.author,\n      repository: manifest.repository,\n      homepage: manifest.homepage,\n      dependencies: {\n        '@tresdoce-nestjs-toolkit/archetype': '0.0.1',\n        '@tresdoce-nestjs-toolkit/health': '0.0.1',\n        '@tresdoce-nestjs-toolkit/http-client': '0.0.1',\n        '@nestjs/class-transformer': '^0.4.0',\n        '@nestjs/class-validator': '^0.13.3',\n        '@nestjs/common': '^9.2.1',\n        '@nestjs/config': '^2.2.0',\n        '@nestjs/core': '^8.2.5',\n        '@nestjs/platform-express': '^8.2.5',\n        '@nestjs/swagger': '^5.1.5',\n      },\n      devDependencies: {\n        '@tresdoce-nestjs-toolkit/commons': '0.0.1',\n        '@nestjs/cli': '^9.1.8',\n        '@nestjs/schematics': '^9.1.0',\n        '@nestjs/testing': '^9.4.0',\n      },\n    });\n  })",
                  "err": {},
                  "uuid": "780bf254-aa95-49c8-a766-ffb4a86c69fc",
                  "parentUUID": "1bd92741-35d7-49b0-9722-7a0c61946bfc",
                  "isHook": false,
                  "skipped": false
                },
                {
                  "fullTitle": "ArchetypeService should be return manifest",
                  "title": "should be return manifest",
                  "timedOut": false,
                  "duration": 12,
                  "state": "passed",
                  "speed": "fast",
                  "pass": true,
                  "fail": false,
                  "pending": false,
                  "context": null,
                  "code": "it('should be return manifest', async () => {\n    service.getArchetypeVersion = jest.fn().mockImplementation(() => ({\n      archetypeVersion: manifest.archetypeVersion,\n    }));\n\n    service.getApplicationInfo = jest.fn().mockImplementation(() => ({\n      apiPrefix: manifest.apiPrefix,\n      name: manifest.name,\n      version: manifest.version,\n      description: manifest.description,\n      author: manifest.author,\n      repository: manifest.repository,\n      homepage: manifest.homepage,\n      dependencies: manifest.dependencies,\n      devDependencies: manifest.devDependencies,\n    }));\n\n    expect(await service.generateManifest()).toEqual({ ...manifest });\n  })",
                  "err": {},
                  "uuid": "b0484edf-131e-4e5a-a8e7-70df87e89dd9",
                  "parentUUID": "1bd92741-35d7-49b0-9722-7a0c61946bfc",
                  "isHook": false,
                  "skipped": false
                }
              ],
              "suites": [],
              "passes": [
                "9e4729ae-f780-4953-ba9e-75c53e461de2",
                "7154f99c-79ac-4f7d-8574-38922472c9d8",
                "86a98430-9e64-4359-af96-707a548f2f25",
                "780bf254-aa95-49c8-a766-ffb4a86c69fc",
                "b0484edf-131e-4e5a-a8e7-70df87e89dd9"
              ],
              "failures": [],
              "pending": [],
              "skipped": [],
              "duration": 77,
              "root": false,
              "rootEmpty": false,
              "_timeout": 5000
            }
          ],
          "passes": [],
          "failures": [],
          "pending": [],
          "skipped": [],
          "duration": 0,
          "root": false,
          "rootEmpty": false,
          "_timeout": 5000
        }
      ],
      "passes": [],
      "failures": [],
      "pending": [],
      "skipped": [],
      "duration": 0,
      "root": true,
      "rootEmpty": true,
      "_timeout": 5000
    },
    {
      "uuid": "ae45de6a-e149-4ac0-8609-cc3023f56ca8",
      "title": "",
      "fullFile": "",
      "file": "",
      "beforeHooks": [],
      "afterHooks": [],
      "tests": [],
      "suites": [
        {
          "uuid": "a08ff1da-4577-4050-a492-c4283ce91883",
          "title": "@tresdoce-nestjs-toolkit/camunda",
          "fullFile": "",
          "file": "",
          "beforeHooks": [],
          "afterHooks": [],
          "tests": [],
          "suites": [
            {
              "uuid": "d72bd556-7acf-483a-9c43-09121348ea2a",
              "title": "CamundaModule",
              "fullFile": "/Users/maximilianodelgado/Projects/Mex/tresdoce-nestjs-toolkit/packages/camunda/src/__test__/camunda.module.spec.ts",
              "file": "camunda.module.spec.ts",
              "beforeHooks": [],
              "afterHooks": [],
              "tests": [
                {
                  "fullTitle": "CamundaModule should be defined",
                  "title": "should be defined",
                  "timedOut": false,
                  "duration": 275,
                  "state": "passed",
                  "speed": "medium",
                  "pass": true,
                  "fail": false,
                  "pending": false,
                  "context": null,
                  "code": "it('should be defined', () => {\n    expect(app).toBeDefined();\n  })",
                  "err": {},
                  "uuid": "bdecc497-16a7-4e39-ab79-d28286e265af",
                  "parentUUID": "d72bd556-7acf-483a-9c43-09121348ea2a",
                  "isHook": false,
                  "skipped": false
                },
                {
                  "fullTitle": "CamundaModule should be Subscription decorator is defined with options",
                  "title": "should be Subscription decorator is defined with options",
                  "timedOut": false,
                  "duration": 9,
                  "state": "passed",
                  "speed": "fast",
                  "pass": true,
                  "fail": false,
                  "pending": false,
                  "context": null,
                  "code": "it('should be Subscription decorator is defined with options', async () => {\n    const decorator = Subscription('test-topic', { lockDuration: 500 });\n    console.log(decorator);\n    expect(decorator).toBeDefined();\n  })",
                  "err": {},
                  "uuid": "15e3ded4-05eb-4130-8170-8d88cf2476be",
                  "parentUUID": "d72bd556-7acf-483a-9c43-09121348ea2a",
                  "isHook": false,
                  "skipped": false
                }
              ],
              "suites": [],
              "passes": [
                "bdecc497-16a7-4e39-ab79-d28286e265af",
                "15e3ded4-05eb-4130-8170-8d88cf2476be"
              ],
              "failures": [],
              "pending": [],
              "skipped": [],
              "duration": 284,
              "root": false,
              "rootEmpty": false,
              "_timeout": 5000
            }
          ],
          "passes": [],
          "failures": [],
          "pending": [],
          "skipped": [],
          "duration": 0,
          "root": false,
          "rootEmpty": false,
          "_timeout": 5000
        }
      ],
      "passes": [],
      "failures": [],
      "pending": [],
      "skipped": [],
      "duration": 0,
      "root": true,
      "rootEmpty": true,
      "_timeout": 5000
    },
    {
      "uuid": "7f633265-7b3d-4528-943e-673db43006ad",
      "title": "",
      "fullFile": "",
      "file": "",
      "beforeHooks": [],
      "afterHooks": [],
      "tests": [],
      "suites": [
        {
          "uuid": "e9d5c9d9-bb3b-4b08-a7aa-c3adf333be1f",
          "title": "@tresdoce-nestjs-toolkit/commons",
          "fullFile": "",
          "file": "",
          "beforeHooks": [],
          "afterHooks": [],
          "tests": [],
          "suites": [
            {
              "uuid": "cbc32f0b-54c3-4080-a43b-860cb3d292f4",
              "title": "build-config",
              "fullFile": "/Users/maximilianodelgado/Projects/Mex/tresdoce-nestjs-toolkit/packages/commons/src/__test__/build-config.spec.ts",
              "file": "build-config.spec.ts",
              "beforeHooks": [],
              "afterHooks": [],
              "tests": [
                {
                  "fullTitle": "build-config should be return jest config is build",
                  "title": "should be return jest config is build",
                  "timedOut": false,
                  "duration": 3,
                  "state": "passed",
                  "speed": "fast",
                  "pass": true,
                  "fail": false,
                  "pending": false,
                  "context": null,
                  "code": "it('should be return jest config is build', () => {\n    process.env.NODE_ENV = 'build';\n    const config = buildConfig({ output: {}, optimization: {} });\n    expect(config).not.toBe(null);\n    expect(typeof config).toBe('object');\n    expect(config).toBeDefined();\n    expect(config.mode).toEqual('production');\n  })",
                  "err": {},
                  "uuid": "566aef52-74fc-4c39-95ef-76d43c414547",
                  "parentUUID": "cbc32f0b-54c3-4080-a43b-860cb3d292f4",
                  "isHook": false,
                  "skipped": false
                },
                {
                  "fullTitle": "build-config should be return jest config not is build",
                  "title": "should be return jest config not is build",
                  "timedOut": false,
                  "duration": 1,
                  "state": "passed",
                  "speed": "fast",
                  "pass": true,
                  "fail": false,
                  "pending": false,
                  "context": null,
                  "code": "it('should be return jest config not is build', () => {\n    process.env.NODE_ENV = 'dev';\n    const config = buildConfig({ output: {}, optimization: {} });\n    expect(config).not.toBe(null);\n    expect(typeof config).toBe('object');\n    expect(config).toBeDefined();\n    expect(config.mode).toEqual('none');\n  })",
                  "err": {},
                  "uuid": "04953bec-ab16-493c-a264-b2e115dc3734",
                  "parentUUID": "cbc32f0b-54c3-4080-a43b-860cb3d292f4",
                  "isHook": false,
                  "skipped": false
                }
              ],
              "suites": [],
              "passes": [
                "566aef52-74fc-4c39-95ef-76d43c414547",
                "04953bec-ab16-493c-a264-b2e115dc3734"
              ],
              "failures": [],
              "pending": [],
              "skipped": [],
              "duration": 4,
              "root": false,
              "rootEmpty": false,
              "_timeout": 5000
            },
            {
              "uuid": "c19c1c73-0d77-4d8b-8aa2-331f2d9f2b17",
              "title": "eslint-config",
              "fullFile": "/Users/maximilianodelgado/Projects/Mex/tresdoce-nestjs-toolkit/packages/commons/src/__test__/eslint-config.spec.ts",
              "file": "eslint-config.spec.ts",
              "beforeHooks": [],
              "afterHooks": [],
              "tests": [
                {
                  "fullTitle": "eslint-config should be return jest config",
                  "title": "should be return jest config",
                  "timedOut": false,
                  "duration": 2,
                  "state": "passed",
                  "speed": "fast",
                  "pass": true,
                  "fail": false,
                  "pending": false,
                  "context": null,
                  "code": "it('should be return jest config', () => {\n    const config = eslintConfig();\n    expect(config).not.toBe(null);\n    expect(typeof config).toBe('object');\n    expect(config).toBeDefined();\n  })",
                  "err": {},
                  "uuid": "a19e1d5a-75ad-43a9-840b-09d3d420eac0",
                  "parentUUID": "c19c1c73-0d77-4d8b-8aa2-331f2d9f2b17",
                  "isHook": false,
                  "skipped": false
                }
              ],
              "suites": [],
              "passes": [
                "a19e1d5a-75ad-43a9-840b-09d3d420eac0"
              ],
              "failures": [],
              "pending": [],
              "skipped": [],
              "duration": 2,
              "root": false,
              "rootEmpty": false,
              "_timeout": 5000
            },
            {
              "uuid": "f784320a-9822-4630-aa56-039e66fb3119",
              "title": "testing-library",
              "fullFile": "/Users/maximilianodelgado/Projects/Mex/tresdoce-nestjs-toolkit/packages/commons/src/__test__/testing-library.spec.ts",
              "file": "testing-library.spec.ts",
              "beforeHooks": [],
              "afterHooks": [],
              "tests": [
                {
                  "fullTitle": "testing-library should be return jest config",
                  "title": "should be return jest config",
                  "timedOut": false,
                  "duration": 2,
                  "state": "passed",
                  "speed": "fast",
                  "pass": true,
                  "fail": false,
                  "pending": false,
                  "context": null,
                  "code": "it('should be return jest config', () => {\n    const config = jestConfig();\n    expect(config).not.toBe(null);\n    expect(typeof config).toBe('object');\n    expect(config).toBeDefined();\n  })",
                  "err": {},
                  "uuid": "b5c6779e-d14b-4aae-a75b-d136df5aa09d",
                  "parentUUID": "f784320a-9822-4630-aa56-039e66fb3119",
                  "isHook": false,
                  "skipped": false
                }
              ],
              "suites": [],
              "passes": [
                "b5c6779e-d14b-4aae-a75b-d136df5aa09d"
              ],
              "failures": [],
              "pending": [],
              "skipped": [],
              "duration": 2,
              "root": false,
              "rootEmpty": false,
              "_timeout": 5000
            }
          ],
          "passes": [],
          "failures": [],
          "pending": [],
          "skipped": [],
          "duration": 0,
          "root": false,
          "rootEmpty": false,
          "_timeout": 5000
        }
      ],
      "passes": [],
      "failures": [],
      "pending": [],
      "skipped": [],
      "duration": 0,
      "root": true,
      "rootEmpty": true,
      "_timeout": 5000
    },
    {
      "uuid": "29ad9f73-52a1-4544-817e-a0ea8f71c663",
      "title": "",
      "fullFile": "",
      "file": "",
      "beforeHooks": [],
      "afterHooks": [],
      "tests": [],
      "suites": [
        {
          "uuid": "0aedc6c0-4738-4f55-ac47-302c1efb57a2",
          "title": "@tresdoce-nestjs-toolkit/core",
          "fullFile": "",
          "file": "",
          "beforeHooks": [],
          "afterHooks": [],
          "tests": [],
          "suites": [
            {
              "uuid": "5c9adf2d-28c0-4e74-abc4-38d02ab6f79d",
              "title": "commons",
              "fullFile": "/Users/maximilianodelgado/Projects/Mex/tresdoce-nestjs-toolkit/packages/core/src/__test__/commons.spec.ts",
              "file": "commons.spec.ts",
              "beforeHooks": [],
              "afterHooks": [],
              "tests": [],
              "suites": [
                {
                  "uuid": "fb3f8bb0-7951-4772-a0a8-33d930ce4e3b",
                  "title": "with env context",
                  "fullFile": "/Users/maximilianodelgado/Projects/Mex/tresdoce-nestjs-toolkit/packages/core/src/__test__/commons.spec.ts",
                  "file": "commons.spec.ts",
                  "beforeHooks": [],
                  "afterHooks": [],
                  "tests": [
                    {
                      "fullTitle": "commons with env context should be return commons exclude paths with context",
                      "title": "should be return commons exclude paths with context",
                      "timedOut": false,
                      "duration": 3,
                      "state": "passed",
                      "speed": "fast",
                      "pass": true,
                      "fail": false,
                      "pending": false,
                      "context": null,
                      "code": "it('should be return commons exclude paths with context', () => {\n      expect(corePathsExcludes()).not.toBe(null);\n      expect(corePathsExcludes()).toBeDefined();\n      expect(corePathsExcludes()).toBeInstanceOf(Array);\n\n      expect(corePathsExcludes()).toContainObject({\n        path: `/v1/api-test/health/liveness`,\n        method: RequestMethod.GET,\n      });\n\n      expect(corePathsExcludes()).toContainObject({\n        path: `/v1/api-test/health/readiness`,\n        method: RequestMethod.GET,\n      });\n\n      expect(corePathsExcludes()).toContainObject({\n        path: `/v1/api-test/info`,\n        method: RequestMethod.GET,\n      });\n    })",
                      "err": {},
                      "uuid": "6d0401f9-9048-441e-b74a-8356dc38862b",
                      "parentUUID": "fb3f8bb0-7951-4772-a0a8-33d930ce4e3b",
                      "isHook": false,
                      "skipped": false
                    },
                    {
                      "fullTitle": "commons with env context should be return array of exclude paths with context",
                      "title": "should be return array of exclude paths with context",
                      "timedOut": false,
                      "duration": 1,
                      "state": "passed",
                      "speed": "fast",
                      "pass": true,
                      "fail": false,
                      "pending": false,
                      "context": null,
                      "code": "it('should be return array of exclude paths with context', () => {\n      expect(excludePaths()).not.toBe(null);\n      expect(excludePaths()).toBeDefined();\n      expect(excludePaths()).toBeInstanceOf(Array);\n      expect(excludePaths()).toEqual([\n        `/v1/api-test/health/liveness`,\n        `/v1/api-test/health/readiness`,\n        `/v1/api-test/info`,\n      ]);\n    })",
                      "err": {},
                      "uuid": "013effe8-fef3-444b-8f31-e790318c4986",
                      "parentUUID": "fb3f8bb0-7951-4772-a0a8-33d930ce4e3b",
                      "isHook": false,
                      "skipped": false
                    }
                  ],
                  "suites": [],
                  "passes": [
                    "6d0401f9-9048-441e-b74a-8356dc38862b",
                    "013effe8-fef3-444b-8f31-e790318c4986"
                  ],
                  "failures": [],
                  "pending": [],
                  "skipped": [],
                  "duration": 4,
                  "root": false,
                  "rootEmpty": false,
                  "_timeout": 5000
                },
                {
                  "uuid": "cb9861f7-5451-41db-838e-98fc51e2200a",
                  "title": "without env context",
                  "fullFile": "/Users/maximilianodelgado/Projects/Mex/tresdoce-nestjs-toolkit/packages/core/src/__test__/commons.spec.ts",
                  "file": "commons.spec.ts",
                  "beforeHooks": [],
                  "afterHooks": [],
                  "tests": [
                    {
                      "fullTitle": "commons without env context should be return commons exclude paths without context",
                      "title": "should be return commons exclude paths without context",
                      "timedOut": false,
                      "duration": 1,
                      "state": "passed",
                      "speed": "fast",
                      "pass": true,
                      "fail": false,
                      "pending": false,
                      "context": null,
                      "code": "it('should be return commons exclude paths without context', () => {\n      expect(corePathsExcludes()).not.toBe(null);\n      expect(corePathsExcludes()).toBeDefined();\n      expect(corePathsExcludes()).toBeInstanceOf(Array);\n\n      expect(corePathsExcludes()).toContainObject({\n        path: '/health/liveness',\n        method: RequestMethod.GET,\n      });\n\n      expect(corePathsExcludes()).toContainObject({\n        path: '/health/readiness',\n        method: RequestMethod.GET,\n      });\n\n      expect(corePathsExcludes()).toContainObject({\n        path: '/info',\n        method: RequestMethod.GET,\n      });\n    })",
                      "err": {},
                      "uuid": "87a24f8c-6ac1-4ce2-835c-f815fa3ab9ef",
                      "parentUUID": "cb9861f7-5451-41db-838e-98fc51e2200a",
                      "isHook": false,
                      "skipped": false
                    },
                    {
                      "fullTitle": "commons without env context should be return array of exclude paths without context",
                      "title": "should be return array of exclude paths without context",
                      "timedOut": false,
                      "duration": 1,
                      "state": "passed",
                      "speed": "fast",
                      "pass": true,
                      "fail": false,
                      "pending": false,
                      "context": null,
                      "code": "it('should be return array of exclude paths without context', () => {\n      expect(excludePaths()).not.toBe(null);\n      expect(excludePaths()).toBeDefined();\n      expect(excludePaths()).toBeInstanceOf(Array);\n      expect(excludePaths()).toEqual(['/health/liveness', '/health/readiness', '/info']);\n    })",
                      "err": {},
                      "uuid": "afe89cc0-09e7-4bfd-bd5a-0c0217b286d9",
                      "parentUUID": "cb9861f7-5451-41db-838e-98fc51e2200a",
                      "isHook": false,
                      "skipped": false
                    }
                  ],
                  "suites": [],
                  "passes": [
                    "87a24f8c-6ac1-4ce2-835c-f815fa3ab9ef",
                    "afe89cc0-09e7-4bfd-bd5a-0c0217b286d9"
                  ],
                  "failures": [],
                  "pending": [],
                  "skipped": [],
                  "duration": 2,
                  "root": false,
                  "rootEmpty": false,
                  "_timeout": 5000
                }
              ],
              "passes": [],
              "failures": [],
              "pending": [],
              "skipped": [],
              "duration": 0,
              "root": false,
              "rootEmpty": false,
              "_timeout": 5000
            },
            {
              "uuid": "05584b13-9bc3-4dcf-b93b-39466a94d382",
              "title": "Public decorator",
              "fullFile": "/Users/maximilianodelgado/Projects/Mex/tresdoce-nestjs-toolkit/packages/core/src/__test__/public.decorator.spec.ts",
              "file": "public.decorator.spec.ts",
              "beforeHooks": [],
              "afterHooks": [],
              "tests": [
                {
                  "fullTitle": "Public decorator should be defined",
                  "title": "should be defined",
                  "timedOut": false,
                  "duration": 2,
                  "state": "passed",
                  "speed": "fast",
                  "pass": true,
                  "fail": false,
                  "pending": false,
                  "context": null,
                  "code": "it('should be defined', async () => {\n    expect(Public()).toBeDefined();\n  })",
                  "err": {},
                  "uuid": "0c6cefec-9286-42a2-904e-8f3c35e78268",
                  "parentUUID": "05584b13-9bc3-4dcf-b93b-39466a94d382",
                  "isHook": false,
                  "skipped": false
                },
                {
                  "fullTitle": "Public decorator should be return key",
                  "title": "should be return key",
                  "timedOut": false,
                  "duration": 0,
                  "state": "passed",
                  "speed": "fast",
                  "pass": true,
                  "fail": false,
                  "pending": false,
                  "context": null,
                  "code": "it('should be return key', async () => {\n    expect(IS_PUBLIC_KEY).toBe('isPublic');\n  })",
                  "err": {},
                  "uuid": "af0ced71-76fa-4033-acbe-bc8754ef2889",
                  "parentUUID": "05584b13-9bc3-4dcf-b93b-39466a94d382",
                  "isHook": false,
                  "skipped": false
                }
              ],
              "suites": [],
              "passes": [
                "0c6cefec-9286-42a2-904e-8f3c35e78268",
                "af0ced71-76fa-4033-acbe-bc8754ef2889"
              ],
              "failures": [],
              "pending": [],
              "skipped": [],
              "duration": 2,
              "root": false,
              "rootEmpty": false,
              "_timeout": 5000
            },
            {
              "uuid": "1f361c28-2b64-46d5-852b-d8aa2465203f",
              "title": "https-certificate",
              "fullFile": "/Users/maximilianodelgado/Projects/Mex/tresdoce-nestjs-toolkit/packages/core/src/__test__/https-certificate.spec.ts",
              "file": "https-certificate.spec.ts",
              "beforeHooks": [],
              "afterHooks": [],
              "tests": [
                {
                  "fullTitle": "https-certificate should be return https certificate config",
                  "title": "should be return https certificate config",
                  "timedOut": false,
                  "duration": 4,
                  "state": "passed",
                  "speed": "fast",
                  "pass": true,
                  "fail": false,
                  "pending": false,
                  "context": null,
                  "code": "it('should be return https certificate config', () => {\n    const crtPath = path.resolve(__dirname, './utils/localhost.crt');\n    const keyPath = path.resolve(__dirname, './utils/localhost.key');\n\n    const config = setHttpsOptions(crtPath, keyPath);\n    expect(typeof config).toBe('object');\n    expect(config).toBeDefined();\n    expect(config.cert).not.toEqual('');\n    expect(config.key).not.toEqual('');\n  })",
                  "err": {},
                  "uuid": "78104b08-164e-45dc-b436-5f6fa1f820ac",
                  "parentUUID": "1f361c28-2b64-46d5-852b-d8aa2465203f",
                  "isHook": false,
                  "skipped": false
                },
                {
                  "fullTitle": "https-certificate should be return https certificate config empty",
                  "title": "should be return https certificate config empty",
                  "timedOut": false,
                  "duration": 1,
                  "state": "passed",
                  "speed": "fast",
                  "pass": true,
                  "fail": false,
                  "pending": false,
                  "context": null,
                  "code": "it('should be return https certificate config empty', () => {\n    const crtPath = path.resolve(__dirname, './utils/my-localhost.crt');\n    const keyPath = path.resolve(__dirname, './utils/my-localhost.key');\n\n    const config = setHttpsOptions(crtPath, keyPath);\n    expect(typeof config).toBe('object');\n    expect(config).toBeDefined();\n    expect(config.cert).toEqual('');\n    expect(config.key).toEqual('');\n  })",
                  "err": {},
                  "uuid": "0ef17a98-7e7e-4e1d-a354-7c260555b3e0",
                  "parentUUID": "1f361c28-2b64-46d5-852b-d8aa2465203f",
                  "isHook": false,
                  "skipped": false
                }
              ],
              "suites": [],
              "passes": [
                "78104b08-164e-45dc-b436-5f6fa1f820ac",
                "0ef17a98-7e7e-4e1d-a354-7c260555b3e0"
              ],
              "failures": [],
              "pending": [],
              "skipped": [],
              "duration": 5,
              "root": false,
              "rootEmpty": false,
              "_timeout": 5000
            },
            {
              "uuid": "7d96d9a3-7d65-406f-9253-e5a97e2b8468",
              "title": "Public decorator",
              "fullFile": "/Users/maximilianodelgado/Projects/Mex/tresdoce-nestjs-toolkit/packages/core/src/__test__/roles.decorator.spec.ts",
              "file": "roles.decorator.spec.ts",
              "beforeHooks": [],
              "afterHooks": [],
              "tests": [
                {
                  "fullTitle": "Public decorator should be defined",
                  "title": "should be defined",
                  "timedOut": false,
                  "duration": 2,
                  "state": "passed",
                  "speed": "fast",
                  "pass": true,
                  "fail": false,
                  "pending": false,
                  "context": null,
                  "code": "it('should be defined', async () => {\n    expect(Roles('admin')).toBeDefined();\n    expect(Roles('admin', 'user')).toBeDefined();\n  })",
                  "err": {},
                  "uuid": "1461890e-9182-41d6-b832-1d675e5bcae1",
                  "parentUUID": "7d96d9a3-7d65-406f-9253-e5a97e2b8468",
                  "isHook": false,
                  "skipped": false
                },
                {
                  "fullTitle": "Public decorator should be return key",
                  "title": "should be return key",
                  "timedOut": false,
                  "duration": 0,
                  "state": "passed",
                  "speed": "fast",
                  "pass": true,
                  "fail": false,
                  "pending": false,
                  "context": null,
                  "code": "it('should be return key', async () => {\n    expect(ROLES_KEY).toBe('roles');\n  })",
                  "err": {},
                  "uuid": "9f043c00-e1ec-416b-a794-077376990748",
                  "parentUUID": "7d96d9a3-7d65-406f-9253-e5a97e2b8468",
                  "isHook": false,
                  "skipped": false
                }
              ],
              "suites": [],
              "passes": [
                "1461890e-9182-41d6-b832-1d675e5bcae1",
                "9f043c00-e1ec-416b-a794-077376990748"
              ],
              "failures": [],
              "pending": [],
              "skipped": [],
              "duration": 2,
              "root": false,
              "rootEmpty": false,
              "_timeout": 5000
            }
          ],
          "passes": [],
          "failures": [],
          "pending": [],
          "skipped": [],
          "duration": 0,
          "root": false,
          "rootEmpty": false,
          "_timeout": 5000
        }
      ],
      "passes": [],
      "failures": [],
      "pending": [],
      "skipped": [],
      "duration": 0,
      "root": true,
      "rootEmpty": true,
      "_timeout": 5000
    },
    {
      "uuid": "de6d65c5-67f7-4c5e-b780-32f17aa3c8b6",
      "title": "",
      "fullFile": "",
      "file": "",
      "beforeHooks": [],
      "afterHooks": [],
      "tests": [],
      "suites": [
        {
          "uuid": "9df829a6-0105-49c9-8484-663ec0a2b23e",
          "title": "@tresdoce-nestjs-toolkit/elk",
          "fullFile": "",
          "file": "",
          "beforeHooks": [],
          "afterHooks": [],
          "tests": [],
          "suites": [
            {
              "uuid": "a685fdc5-37f2-454e-b6e9-362c16121a34",
              "title": "ElkModule",
              "fullFile": "/Users/maximilianodelgado/Projects/Mex/tresdoce-nestjs-toolkit/packages/elk/src/__test__/elk.module.spec.ts",
              "file": "elk.module.spec.ts",
              "beforeHooks": [],
              "afterHooks": [],
              "tests": [],
              "suites": [
                {
                  "uuid": "a9c47848-02eb-4419-9ed2-e01da6a4e426",
                  "title": "forRoot",
                  "fullFile": "/Users/maximilianodelgado/Projects/Mex/tresdoce-nestjs-toolkit/packages/elk/src/__test__/elk.module.spec.ts",
                  "file": "elk.module.spec.ts",
                  "beforeHooks": [],
                  "afterHooks": [],
                  "tests": [
                    {
                      "fullTitle": "ElkModule forRoot should be defined",
                      "title": "should be defined",
                      "timedOut": false,
                      "duration": 1205,
                      "state": "passed",
                      "speed": "slow",
                      "pass": true,
                      "fail": false,
                      "pending": false,
                      "context": null,
                      "code": "it('should be defined', () => {\n      expect(app).toBeDefined();\n    })",
                      "err": {},
                      "uuid": "87f69f52-2cef-463d-8f35-e1252af4a326",
                      "parentUUID": "a9c47848-02eb-4419-9ed2-e01da6a4e426",
                      "isHook": false,
                      "skipped": false
                    }
                  ],
                  "suites": [],
                  "passes": [
                    "87f69f52-2cef-463d-8f35-e1252af4a326"
                  ],
                  "failures": [],
                  "pending": [],
                  "skipped": [],
                  "duration": 1205,
                  "root": false,
                  "rootEmpty": false,
                  "_timeout": 5000
                },
                {
                  "uuid": "3322794b-9a07-40b9-a82e-aac80d5dc662",
                  "title": "Interceptor",
                  "fullFile": "/Users/maximilianodelgado/Projects/Mex/tresdoce-nestjs-toolkit/packages/elk/src/__test__/elk.module.spec.ts",
                  "file": "elk.module.spec.ts",
                  "beforeHooks": [],
                  "afterHooks": [],
                  "tests": [
                    {
                      "fullTitle": "ElkModule Interceptor should be an ElkInterceptor instance to be defined",
                      "title": "should be an ElkInterceptor instance to be defined",
                      "timedOut": false,
                      "duration": 1013,
                      "state": "passed",
                      "speed": "slow",
                      "pass": true,
                      "fail": false,
                      "pending": false,
                      "context": null,
                      "code": "it('should be an ElkInterceptor instance to be defined', async () => {\n      expect(new ElkInterceptor(elkService)).toBeDefined();\n    })",
                      "err": {},
                      "uuid": "13ff59f1-e76b-4882-92d2-d815fac7aa59",
                      "parentUUID": "3322794b-9a07-40b9-a82e-aac80d5dc662",
                      "isHook": false,
                      "skipped": false
                    },
                    {
                      "fullTitle": "ElkModule Interceptor should be create document in elasticsearch when return success string",
                      "title": "should be create document in elasticsearch when return success string",
                      "timedOut": false,
                      "duration": 1016,
                      "state": "passed",
                      "speed": "slow",
                      "pass": true,
                      "fail": false,
                      "pending": false,
                      "context": null,
                      "code": "it('should be create document in elasticsearch when return success string', async () => {\n      const interceptorServiceSpy = jest.spyOn(elkService, 'serializeResponseInterceptor');\n      const timeRequest = Date.now();\n\n      const callHandler: any = {\n        handle: jest.fn(() => of('this is a test')),\n      };\n\n      const obs: Observable<any> = interceptor.intercept(executionContext, callHandler);\n      expect(callHandler.handle).toBeCalledTimes(1);\n\n      obs.subscribe({\n        next: (response) => {\n          elkService.serializeResponseInterceptor(timeRequest, executionContext, response, false);\n          expect(interceptorServiceSpy).toBeCalledWith(\n            timeRequest,\n            executionContext,\n            response,\n            false,\n          );\n        },\n        error: () => {},\n      });\n    })",
                      "err": {},
                      "uuid": "ab03d449-a32c-4d46-b0a3-6e29c6d00c84",
                      "parentUUID": "3322794b-9a07-40b9-a82e-aac80d5dc662",
                      "isHook": false,
                      "skipped": false
                    },
                    {
                      "fullTitle": "ElkModule Interceptor should be create document in elasticsearch when return success object",
                      "title": "should be create document in elasticsearch when return success object",
                      "timedOut": false,
                      "duration": 1012,
                      "state": "passed",
                      "speed": "slow",
                      "pass": true,
                      "fail": false,
                      "pending": false,
                      "context": null,
                      "code": "it('should be create document in elasticsearch when return success object', async () => {\n      const interceptorServiceSpy = jest.spyOn(elkService, 'serializeResponseInterceptor');\n      const timeRequest = Date.now();\n\n      const callHandler: any = {\n        handle: jest.fn(() => of([fixtureUserResponse])),\n      };\n\n      const obs: Observable<any> = interceptor.intercept(executionContext, callHandler);\n      expect(callHandler.handle).toBeCalledTimes(1);\n\n      obs.subscribe({\n        next: (response) => {\n          elkService.serializeResponseInterceptor(timeRequest, executionContext, response, false);\n          expect(interceptorServiceSpy).toBeCalledWith(\n            timeRequest,\n            executionContext,\n            response,\n            false,\n          );\n        },\n        error: () => {},\n      });\n    })",
                      "err": {},
                      "uuid": "e767b40b-8f69-412c-94d9-a04f3c4acaa9",
                      "parentUUID": "3322794b-9a07-40b9-a82e-aac80d5dc662",
                      "isHook": false,
                      "skipped": false
                    },
                    {
                      "fullTitle": "ElkModule Interceptor should be create document in elasticsearch when return success with parameters",
                      "title": "should be create document in elasticsearch when return success with parameters",
                      "timedOut": false,
                      "duration": 1013,
                      "state": "passed",
                      "speed": "slow",
                      "pass": true,
                      "fail": false,
                      "pending": false,
                      "context": null,
                      "code": "it('should be create document in elasticsearch when return success with parameters', async () => {\n      const interceptorServiceSpy = jest.spyOn(elkService, 'serializeResponseInterceptor');\n      const timeRequest = Date.now();\n\n      const callHandler: any = {\n        handle: jest.fn(() => of([fixtureUserResponse])),\n      };\n\n      const obs: Observable<any> = interceptor.intercept(executionContextParams, callHandler);\n      expect(callHandler.handle).toBeCalledTimes(1);\n\n      obs.subscribe({\n        next: (response) => {\n          elkService.serializeResponseInterceptor(\n            timeRequest,\n            executionContextParams,\n            response,\n            false,\n          );\n          expect(interceptorServiceSpy).toBeCalledWith(\n            timeRequest,\n            executionContextParams,\n            response,\n            false,\n          );\n        },\n        error: () => {},\n      });\n    })",
                      "err": {},
                      "uuid": "a9f94782-8cf8-4ec7-b23a-77e68a1cc67f",
                      "parentUUID": "3322794b-9a07-40b9-a82e-aac80d5dc662",
                      "isHook": false,
                      "skipped": false
                    },
                    {
                      "fullTitle": "ElkModule Interceptor should be create document in elasticsearch when return exception",
                      "title": "should be create document in elasticsearch when return exception",
                      "timedOut": false,
                      "duration": 1011,
                      "state": "passed",
                      "speed": "slow",
                      "pass": true,
                      "fail": false,
                      "pending": false,
                      "context": null,
                      "code": "it('should be create document in elasticsearch when return exception', async () => {\n      const interceptorServiceSpy = jest.spyOn(elkService, 'serializeResponseInterceptor');\n      const timeRequest = Date.now();\n\n      const error = new Error(`User #$1 not found`);\n\n      const callHandler: any = {\n        handle: jest.fn(() => throwError(error)),\n      };\n\n      const obs: Observable<any> = interceptor.intercept(executionContext, callHandler);\n      expect(callHandler.handle).toBeCalledTimes(1);\n\n      obs.subscribe({\n        next: () => {},\n        error: (error) => {\n          elkService.serializeResponseInterceptor(timeRequest, executionContext, error, true);\n          expect(interceptorServiceSpy).toBeCalledWith(timeRequest, executionContext, error, true);\n        },\n      });\n    })",
                      "err": {},
                      "uuid": "0e613bd2-7aa5-44c8-8d16-990a5e168f6a",
                      "parentUUID": "3322794b-9a07-40b9-a82e-aac80d5dc662",
                      "isHook": false,
                      "skipped": false
                    },
                    {
                      "fullTitle": "ElkModule Interceptor should be create document in elasticsearch when return exception http",
                      "title": "should be create document in elasticsearch when return exception http",
                      "timedOut": false,
                      "duration": 1010,
                      "state": "passed",
                      "speed": "slow",
                      "pass": true,
                      "fail": false,
                      "pending": false,
                      "context": null,
                      "code": "it('should be create document in elasticsearch when return exception http', async () => {\n      const interceptorServiceSpy = jest.spyOn(elkService, 'serializeResponseInterceptor');\n      const timeRequest = Date.now();\n\n      const error = new HttpException('not found', 404);\n\n      const callHandler: any = {\n        handle: jest.fn(() => throwError(error)),\n      };\n\n      const obs: Observable<any> = interceptor.intercept(executionContext, callHandler);\n      expect(callHandler.handle).toBeCalledTimes(1);\n\n      obs.subscribe({\n        next: () => {},\n        error: (error) => {\n          elkService.serializeResponseInterceptor(timeRequest, executionContext, error, true);\n          expect(interceptorServiceSpy).toBeCalledWith(timeRequest, executionContext, error, true);\n        },\n      });\n    })",
                      "err": {},
                      "uuid": "296f0a8e-c484-4f4e-a236-3f84202fff7f",
                      "parentUUID": "3322794b-9a07-40b9-a82e-aac80d5dc662",
                      "isHook": false,
                      "skipped": false
                    }
                  ],
                  "suites": [],
                  "passes": [
                    "13ff59f1-e76b-4882-92d2-d815fac7aa59",
                    "ab03d449-a32c-4d46-b0a3-6e29c6d00c84",
                    "e767b40b-8f69-412c-94d9-a04f3c4acaa9",
                    "a9f94782-8cf8-4ec7-b23a-77e68a1cc67f",
                    "0e613bd2-7aa5-44c8-8d16-990a5e168f6a",
                    "296f0a8e-c484-4f4e-a236-3f84202fff7f"
                  ],
                  "failures": [],
                  "pending": [],
                  "skipped": [],
                  "duration": 6075,
                  "root": false,
                  "rootEmpty": false,
                  "_timeout": 5000
                },
                {
                  "uuid": "f75d180a-c660-4ec0-8ae2-894a6c2ebc30",
                  "title": "Register",
                  "fullFile": "/Users/maximilianodelgado/Projects/Mex/tresdoce-nestjs-toolkit/packages/elk/src/__test__/elk.module.spec.ts",
                  "file": "elk.module.spec.ts",
                  "beforeHooks": [],
                  "afterHooks": [],
                  "tests": [
                    {
                      "fullTitle": "ElkModule Register should be defined",
                      "title": "should be defined",
                      "timedOut": false,
                      "duration": 1008,
                      "state": "passed",
                      "speed": "slow",
                      "pass": true,
                      "fail": false,
                      "pending": false,
                      "context": null,
                      "code": "it('should be defined', () => {\n      expect(app).toBeDefined();\n    })",
                      "err": {},
                      "uuid": "cc4983c3-fe1e-4481-a9cf-cc0b9b51bc5f",
                      "parentUUID": "f75d180a-c660-4ec0-8ae2-894a6c2ebc30",
                      "isHook": false,
                      "skipped": false
                    }
                  ],
                  "suites": [],
                  "passes": [
                    "cc4983c3-fe1e-4481-a9cf-cc0b9b51bc5f"
                  ],
                  "failures": [],
                  "pending": [],
                  "skipped": [],
                  "duration": 1008,
                  "root": false,
                  "rootEmpty": false,
                  "_timeout": 5000
                }
              ],
              "passes": [],
              "failures": [],
              "pending": [],
              "skipped": [],
              "duration": 0,
              "root": false,
              "rootEmpty": false,
              "_timeout": 5000
            }
          ],
          "passes": [],
          "failures": [],
          "pending": [],
          "skipped": [],
          "duration": 0,
          "root": false,
          "rootEmpty": false,
          "_timeout": 5000
        }
      ],
      "passes": [],
      "failures": [],
      "pending": [],
      "skipped": [],
      "duration": 0,
      "root": true,
      "rootEmpty": true,
      "_timeout": 5000
    },
    {
      "uuid": "f471e369-484f-4720-b2a4-0c28c797e7dd",
      "title": "",
      "fullFile": "",
      "file": "",
      "beforeHooks": [],
      "afterHooks": [],
      "tests": [],
      "suites": [
        {
          "uuid": "9c8c88eb-eb2e-4e9d-acbe-6afedf7d0fe9",
          "title": "@tresdoce-nestjs-toolkit/filters",
          "fullFile": "",
          "file": "",
          "beforeHooks": [],
          "afterHooks": [],
          "tests": [],
          "suites": [
            {
              "uuid": "867d1991-87f9-4d11-9afd-f98ac9132b16",
              "title": "filters",
              "fullFile": "/Users/maximilianodelgado/Projects/Mex/tresdoce-nestjs-toolkit/packages/filters/src/__test__/exceptions.filter.spec.ts",
              "file": "exceptions.filter.spec.ts",
              "beforeHooks": [],
              "afterHooks": [],
              "tests": [],
              "suites": [
                {
                  "uuid": "14430bfb-8413-4796-a984-5361846578f6",
                  "title": "code exception",
                  "fullFile": "/Users/maximilianodelgado/Projects/Mex/tresdoce-nestjs-toolkit/packages/filters/src/__test__/exceptions.filter.spec.ts",
                  "file": "exceptions.filter.spec.ts",
                  "beforeHooks": [],
                  "afterHooks": [],
                  "tests": [
                    {
                      "fullTitle": "filters code exception should map a regular code exception",
                      "title": "should map a regular code exception",
                      "timedOut": false,
                      "duration": 1,
                      "state": "passed",
                      "speed": "fast",
                      "pass": true,
                      "fail": false,
                      "pending": false,
                      "context": null,
                      "code": "it('should map a regular code exception', () => {\n      const status = HttpStatus.INTERNAL_SERVER_ERROR;\n      const expectation: IProblemDetail = {\n        message: HttpStatus[status],\n        status,\n        code: HttpStatus[status],\n      };\n      try {\n        const linea: any = undefined;\n        linea.split('');\n      } catch (error) {\n        filter.catch(error, mockArgumentsHost);\n        assertResponse(status, expectation);\n      }\n    })",
                      "err": {},
                      "uuid": "8caf335d-5923-41c7-abe1-a7d3098e219c",
                      "parentUUID": "14430bfb-8413-4796-a984-5361846578f6",
                      "isHook": false,
                      "skipped": false
                    }
                  ],
                  "suites": [],
                  "passes": [
                    "8caf335d-5923-41c7-abe1-a7d3098e219c"
                  ],
                  "failures": [],
                  "pending": [],
                  "skipped": [],
                  "duration": 1,
                  "root": false,
                  "rootEmpty": false,
                  "_timeout": 5000
                },
                {
                  "uuid": "bb38bb12-ae98-4185-b2a6-6991079046b7",
                  "title": "HttpExceptions",
                  "fullFile": "/Users/maximilianodelgado/Projects/Mex/tresdoce-nestjs-toolkit/packages/filters/src/__test__/exceptions.filter.spec.ts",
                  "file": "exceptions.filter.spec.ts",
                  "beforeHooks": [],
                  "afterHooks": [],
                  "tests": [],
                  "suites": [
                    {
                      "uuid": "4706f446-e455-4cba-a167-fda655fdad7a",
                      "title": "Default HttpExceptions",
                      "fullFile": "/Users/maximilianodelgado/Projects/Mex/tresdoce-nestjs-toolkit/packages/filters/src/__test__/exceptions.filter.spec.ts",
                      "file": "exceptions.filter.spec.ts",
                      "beforeHooks": [],
                      "afterHooks": [],
                      "tests": [
                        {
                          "fullTitle": "filters HttpExceptions Default HttpExceptions should map default exception when thrown with not parameters",
                          "title": "should map default exception when thrown with not parameters",
                          "timedOut": false,
                          "duration": 1,
                          "state": "passed",
                          "speed": "fast",
                          "pass": true,
                          "fail": false,
                          "pending": false,
                          "context": null,
                          "code": "it('should map default exception when thrown with not parameters', () => {\n      const status = HttpStatus.BAD_REQUEST;\n      const expectation: IProblemDetail = {\n        message: HttpStatus[status],\n        status,\n        code: HttpStatus[status],\n      };\n\n      filter.catch(new BadRequestException(), mockArgumentsHost);\n\n      assertResponse(status, expectation);\n    })",
                          "err": {},
                          "uuid": "a84af9e9-fc45-4e87-a553-45a44fc0c66f",
                          "parentUUID": "4706f446-e455-4cba-a167-fda655fdad7a",
                          "isHook": false,
                          "skipped": false
                        },
                        {
                          "fullTitle": "filters HttpExceptions Default HttpExceptions should map default exception when thrown with error details",
                          "title": "should map default exception when thrown with error details",
                          "timedOut": false,
                          "duration": 1,
                          "state": "passed",
                          "speed": "fast",
                          "pass": true,
                          "fail": false,
                          "pending": false,
                          "context": null,
                          "code": "it('should map default exception when thrown with error details', () => {\n        const status = HttpStatus.FORBIDDEN;\n        const message = 'not pass!';\n\n        const expectation: IProblemDetail = {\n          message,\n          status,\n          code: HttpStatus[status],\n          detail: HttpStatus[status],\n        };\n        filter.catch(new ForbiddenException(message), mockArgumentsHost);\n\n        assertResponse(status, expectation);\n      })",
                          "err": {},
                          "uuid": "dde0e5fe-5fd5-4c8b-ad4e-8d2bee1ce27b",
                          "parentUUID": "4706f446-e455-4cba-a167-fda655fdad7a",
                          "isHook": false,
                          "skipped": false
                        },
                        {
                          "fullTitle": "filters HttpExceptions Default HttpExceptions should map default exception when thrown with error details and description",
                          "title": "should map default exception when thrown with error details and description",
                          "timedOut": false,
                          "duration": 1,
                          "state": "passed",
                          "speed": "fast",
                          "pass": true,
                          "fail": false,
                          "pending": false,
                          "context": null,
                          "code": "it('should map default exception when thrown with error details and description', () => {\n        const status = HttpStatus.FORBIDDEN;\n        const message = 'passing?';\n        const details = 'not pass!';\n\n        const expectation: IProblemDetail = {\n          message,\n          detail: details,\n          status,\n          code: HttpStatus[status],\n        };\n        filter.catch(new ForbiddenException(message, details), mockArgumentsHost);\n\n        assertResponse(status, expectation);\n      })",
                          "err": {},
                          "uuid": "9ebf1908-c9f4-4ce1-8165-fd4c0703fda1",
                          "parentUUID": "4706f446-e455-4cba-a167-fda655fdad7a",
                          "isHook": false,
                          "skipped": false
                        },
                        {
                          "fullTitle": "filters HttpExceptions Default HttpExceptions should map HttpException response when called with an object",
                          "title": "should map HttpException response when called with an object",
                          "timedOut": false,
                          "duration": 1,
                          "state": "passed",
                          "speed": "fast",
                          "pass": true,
                          "fail": false,
                          "pending": false,
                          "context": null,
                          "code": "it('should map HttpException response when called with an object', () => {\n        const status = HttpStatus.SEE_OTHER;\n        const errorObject: IErrorDetail = {\n          message: 'some message',\n        };\n\n        const expectation: IProblemDetail = {\n          message: errorObject.message,\n          status,\n          code: HttpStatus[status],\n        };\n\n        filter.catch(new HttpException(errorObject, status), mockArgumentsHost);\n\n        assertResponse(status, expectation);\n      })",
                          "err": {},
                          "uuid": "fdfb7251-c665-4adb-8492-d683fd79733a",
                          "parentUUID": "4706f446-e455-4cba-a167-fda655fdad7a",
                          "isHook": false,
                          "skipped": false
                        }
                      ],
                      "suites": [],
                      "passes": [
                        "a84af9e9-fc45-4e87-a553-45a44fc0c66f",
                        "dde0e5fe-5fd5-4c8b-ad4e-8d2bee1ce27b",
                        "9ebf1908-c9f4-4ce1-8165-fd4c0703fda1",
                        "fdfb7251-c665-4adb-8492-d683fd79733a"
                      ],
                      "failures": [],
                      "pending": [],
                      "skipped": [],
                      "duration": 4,
                      "root": false,
                      "rootEmpty": false,
                      "_timeout": 5000
                    },
                    {
                      "uuid": "58ae164d-6e3f-4499-a10b-d993bc105bcc",
                      "title": "Generic HttpException",
                      "fullFile": "/Users/maximilianodelgado/Projects/Mex/tresdoce-nestjs-toolkit/packages/filters/src/__test__/exceptions.filter.spec.ts",
                      "file": "exceptions.filter.spec.ts",
                      "beforeHooks": [],
                      "afterHooks": [],
                      "tests": [
                        {
                          "fullTitle": "filters HttpExceptions Generic HttpException should map HttpException response when called with a string",
                          "title": "should map HttpException response when called with a string",
                          "timedOut": false,
                          "duration": 1,
                          "state": "passed",
                          "speed": "fast",
                          "pass": true,
                          "fail": false,
                          "pending": false,
                          "context": null,
                          "code": "it('should map HttpException response when called with a string', () => {\n        const status = HttpStatus.SEE_OTHER;\n        const message = 'Not passing';\n\n        const expectation: IProblemDetail = {\n          message,\n          status,\n          code: HttpStatus[status],\n        };\n\n        filter.catch(new HttpException(message, status), mockArgumentsHost);\n\n        assertResponse(status, expectation);\n      })",
                          "err": {},
                          "uuid": "f90446eb-7a92-4387-b3d2-139bbdf1f99a",
                          "parentUUID": "58ae164d-6e3f-4499-a10b-d993bc105bcc",
                          "isHook": false,
                          "skipped": false
                        },
                        {
                          "fullTitle": "filters HttpExceptions Generic HttpException should map HttpException response when called with an object",
                          "title": "should map HttpException response when called with an object",
                          "timedOut": false,
                          "duration": 3,
                          "state": "passed",
                          "speed": "fast",
                          "pass": true,
                          "fail": false,
                          "pending": false,
                          "context": null,
                          "code": "it('should map HttpException response when called with an object', () => {\n        const status = HttpStatus.SEE_OTHER;\n        const errorObject: IErrorDetail = {\n          message: 'some message',\n        };\n\n        const expectation: IProblemDetail = {\n          message: errorObject.message,\n          status,\n          code: HttpStatus[status],\n        };\n\n        filter.catch(new HttpException(errorObject, status), mockArgumentsHost);\n\n        assertResponse(status, expectation);\n      })",
                          "err": {},
                          "uuid": "735e5432-68e8-4964-a6a8-a675d2622abd",
                          "parentUUID": "58ae164d-6e3f-4499-a10b-d993bc105bcc",
                          "isHook": false,
                          "skipped": false
                        },
                        {
                          "fullTitle": "filters HttpExceptions Generic HttpException should map HttpException response when called with an object with empty message",
                          "title": "should map HttpException response when called with an object with empty message",
                          "timedOut": false,
                          "duration": 1,
                          "state": "passed",
                          "speed": "fast",
                          "pass": true,
                          "fail": false,
                          "pending": false,
                          "context": null,
                          "code": "it('should map HttpException response when called with an object with empty message', () => {\n        const status = HttpStatus.SEE_OTHER;\n        const errorObject: IErrorDetail = {\n          message: '',\n        };\n\n        const expectation: IProblemDetail = {\n          message: errorObject.message,\n          status,\n          code: HttpStatus[status],\n        };\n\n        filter.catch(new HttpException(errorObject, status), mockArgumentsHost);\n\n        assertResponse(status, expectation);\n      })",
                          "err": {},
                          "uuid": "9d4b535b-3af3-496a-b036-1f4533668012",
                          "parentUUID": "58ae164d-6e3f-4499-a10b-d993bc105bcc",
                          "isHook": false,
                          "skipped": false
                        },
                        {
                          "fullTitle": "filters HttpExceptions Generic HttpException should map HttpException response when called with an array",
                          "title": "should map HttpException response when called with an array",
                          "timedOut": false,
                          "duration": 0,
                          "state": "passed",
                          "speed": "fast",
                          "pass": true,
                          "fail": false,
                          "pending": false,
                          "context": null,
                          "code": "it('should map HttpException response when called with an array', () => {\n        const status = HttpStatus.SEE_OTHER;\n        const errorObject = {\n          message: ['some message', 'some message 2'],\n          error: 'Bad Request',\n        };\n\n        const expectation: IProblemDetail = {\n          message: errorObject.error,\n          detail: [{ message: errorObject.message[0] }, { message: errorObject.message[1] }],\n          status,\n          code: HttpStatus[status],\n        };\n\n        filter.catch(new HttpException(errorObject, status), mockArgumentsHost);\n        assertResponse(status, expectation);\n      })",
                          "err": {},
                          "uuid": "57fe92d8-4dd8-4993-9577-cdb6efc8cf21",
                          "parentUUID": "58ae164d-6e3f-4499-a10b-d993bc105bcc",
                          "isHook": false,
                          "skipped": false
                        }
                      ],
                      "suites": [],
                      "passes": [
                        "f90446eb-7a92-4387-b3d2-139bbdf1f99a",
                        "735e5432-68e8-4964-a6a8-a675d2622abd",
                        "9d4b535b-3af3-496a-b036-1f4533668012",
                        "57fe92d8-4dd8-4993-9577-cdb6efc8cf21"
                      ],
                      "failures": [],
                      "pending": [],
                      "skipped": [],
                      "duration": 5,
                      "root": false,
                      "rootEmpty": false,
                      "_timeout": 5000
                    }
                  ],
                  "passes": [],
                  "failures": [],
                  "pending": [],
                  "skipped": [],
                  "duration": 0,
                  "root": false,
                  "rootEmpty": false,
                  "_timeout": 5000
                },
                {
                  "uuid": "eda5e886-b60b-42d5-97a0-7ba0eb40530a",
                  "title": "when used outside a module",
                  "fullFile": "/Users/maximilianodelgado/Projects/Mex/tresdoce-nestjs-toolkit/packages/filters/src/__test__/exceptions.filter.spec.ts",
                  "file": "exceptions.filter.spec.ts",
                  "beforeHooks": [],
                  "afterHooks": [],
                  "tests": [
                    {
                      "fullTitle": "filters when used outside a module should map default exception when thrown with not parameters",
                      "title": "should map default exception when thrown with not parameters",
                      "timedOut": false,
                      "duration": 0,
                      "state": "passed",
                      "speed": "fast",
                      "pass": true,
                      "fail": false,
                      "pending": false,
                      "context": null,
                      "code": "it('should map default exception when thrown with not parameters', () => {\n      const status = HttpStatus.BAD_REQUEST;\n      const expectation: IProblemDetail = {\n        message: HttpStatus[status],\n        status,\n        code: HttpStatus[status],\n      };\n\n      filter.catch(new BadRequestException(), mockArgumentsHost);\n\n      assertResponse(status, expectation);\n    })",
                      "err": {},
                      "uuid": "e5edbbd4-b2ab-4b9c-9325-e70126df2ada",
                      "parentUUID": "eda5e886-b60b-42d5-97a0-7ba0eb40530a",
                      "isHook": false,
                      "skipped": false
                    }
                  ],
                  "suites": [],
                  "passes": [
                    "e5edbbd4-b2ab-4b9c-9325-e70126df2ada"
                  ],
                  "failures": [],
                  "pending": [],
                  "skipped": [],
                  "duration": 0,
                  "root": false,
                  "rootEmpty": false,
                  "_timeout": 5000
                },
                {
                  "uuid": "b638bb26-bbd4-4fa5-a810-241b4163a4bc",
                  "title": "configuration is defined with values",
                  "fullFile": "/Users/maximilianodelgado/Projects/Mex/tresdoce-nestjs-toolkit/packages/filters/src/__test__/exceptions.filter.spec.ts",
                  "file": "exceptions.filter.spec.ts",
                  "beforeHooks": [],
                  "afterHooks": [],
                  "tests": [
                    {
                      "fullTitle": "filters configuration is defined with values should be return application info",
                      "title": "should be return application info",
                      "timedOut": false,
                      "duration": 1,
                      "state": "passed",
                      "speed": "fast",
                      "pass": true,
                      "fail": false,
                      "pending": false,
                      "context": null,
                      "code": "it('should be return application info', async () => {\n      expect(appConfig.project.apiPrefix).toEqual('API-TEST');\n    })",
                      "err": {},
                      "uuid": "8cb2eb25-ee5c-49f2-9615-c041f66f2d59",
                      "parentUUID": "b638bb26-bbd4-4fa5-a810-241b4163a4bc",
                      "isHook": false,
                      "skipped": false
                    }
                  ],
                  "suites": [],
                  "passes": [
                    "8cb2eb25-ee5c-49f2-9615-c041f66f2d59"
                  ],
                  "failures": [],
                  "pending": [],
                  "skipped": [],
                  "duration": 1,
                  "root": false,
                  "rootEmpty": false,
                  "_timeout": 5000
                }
              ],
              "passes": [],
              "failures": [],
              "pending": [],
              "skipped": [],
              "duration": 0,
              "root": false,
              "rootEmpty": false,
              "_timeout": 5000
            },
            {
              "uuid": "5d7c10c4-6db4-4a13-844c-8c1ae98d473f",
              "title": "error.utils",
[...]
                      "uuid": "a54a0204-75aa-42f6-9858-838897f020ec",
                      "parentUUID": "075e7212-2520-4c83-9d4c-b7b2d6d8cc04",
                      "isHook": false,
                      "skipped": false
                    }
                  ],
                  "suites": [],
                  "passes": [
                    "a54a0204-75aa-42f6-9858-838897f020ec"
                  ],
                  "failures": [],
                  "pending": [],
                  "skipped": [],
                  "duration": 1,
                  "root": false,
                  "rootEmpty": false,
                  "_timeout": 5000
                },
                {
                  "uuid": "5b81f349-eba7-4bec-ab34-64def1514e6f",
                  "title": "TestContainers options",
                  "fullFile": "/Users/maximilianodelgado/Projects/Mex/tresdoce-nestjs-toolkit/packages/test-utils/src/__test__/fixtures.spec.ts",
                  "file": "fixtures.spec.ts",
                  "beforeHooks": [],
                  "afterHooks": [],
                  "tests": [
                    {
                      "fullTitle": "Fixtures TestContainers options should be define Redis options",
                      "title": "should be define Redis options",
                      "timedOut": false,
                      "duration": 1,
                      "state": "passed",
                      "speed": "fast",
                      "pass": true,
                      "fail": false,
                      "pending": false,
                      "context": null,
                      "code": "it('should be define Redis options', async () => {\n      expect(TCRedisOptions).toBeDefined();\n      expect(TCRedisOptions).not.toBe(null);\n      expect(typeof TCRedisOptions).toBe('object');\n      expect(TCRedisOptions.containerName).toEqual(`${containerName_prefix}-redis`);\n      expect(TCRedisOptions.ports).toEqual([\n        {\n          container: 6379,\n          host: 6379,\n        },\n      ]);\n    })",
                      "err": {},
                      "uuid": "4ee1c66b-41cc-48f1-93dc-3ca37615e4e7",
                      "parentUUID": "5b81f349-eba7-4bec-ab34-64def1514e6f",
                      "isHook": false,
                      "skipped": false
                    },
                    {
                      "fullTitle": "Fixtures TestContainers options should be define DynamoDB options",
                      "title": "should be define DynamoDB options",
                      "timedOut": false,
                      "duration": 1,
                      "state": "passed",
                      "speed": "fast",
                      "pass": true,
                      "fail": false,
                      "pending": false,
                      "context": null,
                      "code": "it('should be define DynamoDB options', async () => {\n      expect(TCDynamoDBOptions).toBeDefined();\n      expect(TCDynamoDBOptions).not.toBe(null);\n      expect(typeof TCDynamoDBOptions).toBe('object');\n      expect(TCDynamoDBOptions.containerName).toEqual(`${containerName_prefix}-dynamodb`);\n      expect(TCDynamoDBOptions.ports).toEqual([\n        {\n          container: 8000,\n          host: 8000,\n        },\n      ]);\n    })",
                      "err": {},
                      "uuid": "475becd1-225b-4e1e-b9f8-170f2e8e3879",
                      "parentUUID": "5b81f349-eba7-4bec-ab34-64def1514e6f",
                      "isHook": false,
                      "skipped": false
                    },
                    {
                      "fullTitle": "Fixtures TestContainers options should be define MongoDB options",
                      "title": "should be define MongoDB options",
                      "timedOut": false,
                      "duration": 1,
                      "state": "passed",
                      "speed": "fast",
                      "pass": true,
                      "fail": false,
                      "pending": false,
                      "context": null,
                      "code": "it('should be define MongoDB options', async () => {\n      expect(TCMongoOptions).toBeDefined();\n      expect(TCMongoOptions).not.toBe(null);\n      expect(typeof TCMongoOptions).toBe('object');\n      expect(TCMongoOptions.containerName).toEqual(`${containerName_prefix}-mongo`);\n      expect(TCMongoOptions.ports).toEqual([\n        {\n          container: 27017,\n          host: 27017,\n        },\n      ]);\n    })",
                      "err": {},
                      "uuid": "06316263-1d70-4cf8-8671-5a52e4f5bb66",
                      "parentUUID": "5b81f349-eba7-4bec-ab34-64def1514e6f",
                      "isHook": false,
                      "skipped": false
                    },
                    {
                      "fullTitle": "Fixtures TestContainers options should be define MySql options",
                      "title": "should be define MySql options",
                      "timedOut": false,
                      "duration": 1,
                      "state": "passed",
                      "speed": "fast",
                      "pass": true,
                      "fail": false,
                      "pending": false,
                      "context": null,
                      "code": "it('should be define MySql options', async () => {\n      expect(TCMySqlOptions).toBeDefined();\n      expect(TCMySqlOptions).not.toBe(null);\n      expect(typeof TCMySqlOptions).toBe('object');\n      expect(TCMySqlOptions.containerName).toEqual(`${containerName_prefix}-mysql`);\n      expect(TCMySqlOptions.ports).toEqual([\n        {\n          container: 3306,\n          host: 3306,\n        },\n      ]);\n    })",
                      "err": {},
                      "uuid": "621a5f8f-3f67-4261-8e5d-ca5f1014bb93",
                      "parentUUID": "5b81f349-eba7-4bec-ab34-64def1514e6f",
                      "isHook": false,
                      "skipped": false
                    },
                    {
                      "fullTitle": "Fixtures TestContainers options should be define Postgres options",
                      "title": "should be define Postgres options",
                      "timedOut": false,
                      "duration": 1,
                      "state": "passed",
                      "speed": "fast",
                      "pass": true,
                      "fail": false,
                      "pending": false,
                      "context": null,
                      "code": "it('should be define Postgres options', async () => {\n      expect(TCPostgresOptions).toBeDefined();\n      expect(TCPostgresOptions).not.toBe(null);\n      expect(typeof TCPostgresOptions).toBe('object');\n      expect(TCPostgresOptions.containerName).toEqual(`${containerName_prefix}-postgres`);\n      expect(TCPostgresOptions.ports).toEqual([\n        {\n          container: 5432,\n          host: 5432,\n        },\n      ]);\n    })",
                      "err": {},
                      "uuid": "e6b26788-e365-4988-9829-d55d4f4aa9c6",
                      "parentUUID": "5b81f349-eba7-4bec-ab34-64def1514e6f",
                      "isHook": false,
                      "skipped": false
                    },
                    {
                      "fullTitle": "Fixtures TestContainers options should be define ElasticSearch options",
                      "title": "should be define ElasticSearch options",
                      "timedOut": false,
                      "duration": 1,
                      "state": "passed",
                      "speed": "fast",
                      "pass": true,
                      "fail": false,
                      "pending": false,
                      "context": null,
                      "code": "it('should be define ElasticSearch options', async () => {\n      expect(TCElasticSearchOptions).toBeDefined();\n      expect(TCElasticSearchOptions).not.toBe(null);\n      expect(typeof TCElasticSearchOptions).toBe('object');\n      expect(TCElasticSearchOptions.containerName).toEqual(`${containerName_prefix}-elasticsearch`);\n      expect(TCElasticSearchOptions.ports).toEqual([\n        {\n          container: 9200,\n          host: 9200,\n        },\n      ]);\n    })",
                      "err": {},
                      "uuid": "b2971615-9723-434f-92f7-495ad0f51251",
                      "parentUUID": "5b81f349-eba7-4bec-ab34-64def1514e6f",
                      "isHook": false,
                      "skipped": false
                    }
                  ],
                  "suites": [],
                  "passes": [
                    "4ee1c66b-41cc-48f1-93dc-3ca37615e4e7",
                    "475becd1-225b-4e1e-b9f8-170f2e8e3879",
                    "06316263-1d70-4cf8-8671-5a52e4f5bb66",
                    "621a5f8f-3f67-4261-8e5d-ca5f1014bb93",
                    "e6b26788-e365-4988-9829-d55d4f4aa9c6",
                    "b2971615-9723-434f-92f7-495ad0f51251"
                  ],
                  "failures": [],
                  "pending": [],
                  "skipped": [],
                  "duration": 6,
                  "root": false,
                  "rootEmpty": false,
                  "_timeout": 5000
                }
              ],
              "passes": [],
              "failures": [],
              "pending": [],
              "skipped": [],
              "duration": 0,
              "root": false,
              "rootEmpty": false,
              "_timeout": 5000
            }
          ],
          "passes": [],
          "failures": [],
          "pending": [],
          "skipped": [],
          "duration": 0,
          "root": false,
          "rootEmpty": false,
          "_timeout": 5000
        }
      ],
      "passes": [],
      "failures": [],
      "pending": [],
      "skipped": [],
      "duration": 0,
      "root": true,
      "rootEmpty": true,
      "_timeout": 5000
    },
    {
      "uuid": "17cc875d-735b-42cb-850e-e48a70f62bdd",
      "title": "",
      "fullFile": "",
      "file": "",
      "beforeHooks": [],
      "afterHooks": [],
      "tests": [],
      "suites": [
        {
          "uuid": "f9f55e3e-dfb1-4d88-9570-a9f103b17149",
          "title": "@tresdoce-nestjs-toolkit/typeorm",
          "fullFile": "",
          "file": "",
          "beforeHooks": [],
          "afterHooks": [],
          "tests": [],
          "suites": [
            {
              "uuid": "a0eedde3-bdbd-4d84-90e8-f073855af073",
              "title": "TypeOrm",
              "fullFile": "/Users/maximilianodelgado/Projects/Mex/tresdoce-nestjs-toolkit/packages/typeorm/src/__test__/typeorm.module.spec.ts",
              "file": "typeorm.module.spec.ts",
              "beforeHooks": [],
              "afterHooks": [],
              "tests": [],
              "suites": [
                {
                  "uuid": "577ed780-6965-4b5e-bcbb-8885864aacac",
                  "title": "Postgres",
                  "fullFile": "/Users/maximilianodelgado/Projects/Mex/tresdoce-nestjs-toolkit/packages/typeorm/src/__test__/typeorm.module.spec.ts",
                  "file": "typeorm.module.spec.ts",
                  "beforeHooks": [],
                  "afterHooks": [],
                  "tests": [
                    {
                      "fullTitle": "TypeOrm Postgres should be defined",
                      "title": "should be defined",
                      "timedOut": false,
                      "duration": 468,
                      "state": "passed",
                      "speed": "medium",
                      "pass": true,
                      "fail": false,
                      "pending": false,
                      "context": null,
                      "code": "it('should be defined', async () => {\n      await expect(app).toBeDefined();\n    }, 50000)",
                      "err": {},
                      "uuid": "a40d09f8-f0b2-4a7a-b4de-6ed4bff28721",
                      "parentUUID": "577ed780-6965-4b5e-bcbb-8885864aacac",
                      "isHook": false,
                      "skipped": false
                    },
                    {
                      "fullTitle": "TypeOrm Postgres should be return an array of post",
                      "title": "should be return an array of post",
                      "timedOut": false,
                      "duration": 122,
                      "state": "passed",
                      "speed": "medium",
                      "pass": true,
                      "fail": false,
                      "pending": false,
                      "context": null,
                      "code": "it('should be return an array of post', async () => {\n      await repository.save([fixturePostResponse]);\n\n      const query = await repository.find();\n      expect(query).toEqual([fixturePostResponse]);\n    })",
                      "err": {},
                      "uuid": "32bc3e1f-ce48-48f9-8553-f6d81a4c3a35",
                      "parentUUID": "577ed780-6965-4b5e-bcbb-8885864aacac",
                      "isHook": false,
                      "skipped": false
                    }
                  ],
                  "suites": [],
                  "passes": [
                    "a40d09f8-f0b2-4a7a-b4de-6ed4bff28721",
                    "32bc3e1f-ce48-48f9-8553-f6d81a4c3a35"
                  ],
                  "failures": [],
                  "pending": [],
                  "skipped": [],
                  "duration": 590,
                  "root": false,
                  "rootEmpty": false,
                  "_timeout": 5000
                },
                {
                  "uuid": "68f611b5-ec13-4cd4-bf42-98ae105a662a",
                  "title": "MySql",
                  "fullFile": "/Users/maximilianodelgado/Projects/Mex/tresdoce-nestjs-toolkit/packages/typeorm/src/__test__/typeorm.module.spec.ts",
                  "file": "typeorm.module.spec.ts",
                  "beforeHooks": [],
                  "afterHooks": [],
                  "tests": [
                    {
                      "fullTitle": "TypeOrm MySql should be defined",
                      "title": "should be defined",
                      "timedOut": false,
                      "duration": 135,
                      "state": "passed",
                      "speed": "medium",
                      "pass": true,
                      "fail": false,
                      "pending": false,
                      "context": null,
                      "code": "it('should be defined', async () => {\n      await expect(app).toBeDefined();\n    }, 50000)",
                      "err": {},
                      "uuid": "37185b42-714b-4393-926f-fcbddecb2fb7",
                      "parentUUID": "68f611b5-ec13-4cd4-bf42-98ae105a662a",
                      "isHook": false,
                      "skipped": false
                    },
                    {
                      "fullTitle": "TypeOrm MySql should be return an array of post",
                      "title": "should be return an array of post",
                      "timedOut": false,
                      "duration": 61,
                      "state": "passed",
                      "speed": "fast",
                      "pass": true,
                      "fail": false,
                      "pending": false,
                      "context": null,
                      "code": "it('should be return an array of post', async () => {\n      await repository.save([fixturePostResponse]);\n\n      const query = await repository.find();\n      expect(query).toEqual([fixturePostResponse]);\n    })",
                      "err": {},
                      "uuid": "d4679617-6b0b-49f3-8a52-64beb0fb1818",
                      "parentUUID": "68f611b5-ec13-4cd4-bf42-98ae105a662a",
                      "isHook": false,
                      "skipped": false
                    }
                  ],
                  "suites": [],
                  "passes": [
                    "37185b42-714b-4393-926f-fcbddecb2fb7",
                    "d4679617-6b0b-49f3-8a52-64beb0fb1818"
                  ],
                  "failures": [],
                  "pending": [],
                  "skipped": [],
                  "duration": 196,
                  "root": false,
                  "rootEmpty": false,
                  "_timeout": 5000
                },
                {
                  "uuid": "1db2cf24-ce88-49ec-b181-a85cb8f05d27",
                  "title": "Mongo",
                  "fullFile": "/Users/maximilianodelgado/Projects/Mex/tresdoce-nestjs-toolkit/packages/typeorm/src/__test__/typeorm.module.spec.ts",
                  "file": "typeorm.module.spec.ts",
                  "beforeHooks": [],
                  "afterHooks": [],
                  "tests": [
                    {
                      "fullTitle": "TypeOrm Mongo should be defined",
                      "title": "should be defined",
                      "timedOut": false,
                      "duration": 2277,
                      "state": "passed",
                      "speed": "slow",
                      "pass": true,
                      "fail": false,
                      "pending": false,
                      "context": null,
                      "code": "it('should be defined', async () => {\n      await expect(app).toBeDefined();\n    }, 50000)",
                      "err": {},
                      "uuid": "54704691-3643-46cf-8749-285b5178dbf4",
                      "parentUUID": "1db2cf24-ce88-49ec-b181-a85cb8f05d27",
                      "isHook": false,
                      "skipped": false
                    },
                    {
                      "fullTitle": "TypeOrm Mongo should be return an array of user",
                      "title": "should be return an array of user",
                      "timedOut": false,
                      "duration": 53,
                      "state": "passed",
                      "speed": "fast",
                      "pass": true,
                      "fail": false,
                      "pending": false,
                      "context": null,
                      "code": "it('should be return an array of user', async () => {\n      await repository.save(fixtureUserArrayResponse);\n\n      const query: User[] = await repository.find();\n      expect(query).toEqual(expect.any(Array));\n    })",
                      "err": {},
                      "uuid": "37eb47da-80bb-42da-b044-fe3c8f6f8363",
                      "parentUUID": "1db2cf24-ce88-49ec-b181-a85cb8f05d27",
                      "isHook": false,
                      "skipped": false
                    }
                  ],
                  "suites": [],
                  "passes": [
                    "54704691-3643-46cf-8749-285b5178dbf4",
                    "37eb47da-80bb-42da-b044-fe3c8f6f8363"
                  ],
                  "failures": [],
                  "pending": [],
                  "skipped": [],
                  "duration": 2330,
                  "root": false,
                  "rootEmpty": false,
                  "_timeout": 5000
                }
              ],
              "passes": [],
              "failures": [],
              "pending": [],
              "skipped": [],
              "duration": 0,
              "root": false,
              "rootEmpty": false,
              "_timeout": 5000
            }
          ],
          "passes": [],
          "failures": [],
          "pending": [],
          "skipped": [],
          "duration": 0,
          "root": false,
          "rootEmpty": false,
          "_timeout": 5000
        }
      ],
      "passes": [],
      "failures": [],
      "pending": [],
      "skipped": [],
      "duration": 0,
      "root": true,
      "rootEmpty": true,
      "_timeout": 5000
    }
  ]
}