{
  "stats": {
    "suites": 1,
    "tests": 6,
    "passes": 6,
    "pending": 0,
    "failures": 0,
    "testsRegistered": 6,
    "passPercent": 100,
    "pendingPercent": 0,
    "other": 0,
    "hasOther": false,
    "skipped": 0,
    "hasSkipped": false,
    "start": "2023-05-02T02:23:38.488Z",
    "end": "2023-05-02T02:23:41.318Z",
    "duration": 2830
  },
  "results": [
    {
      "uuid": "150ca7c7-4a2b-4814-93fc-77235b96af03",
      "title": "@tresdoce-nestjs-toolkit/typeorm",
      "fullFile": "",
      "file": "",
      "beforeHooks": [],
      "afterHooks": [],
      "tests": [],
      "suites": [
        {
          "uuid": "973476f6-6d68-469d-a8d2-e7522b5dd2e0",
          "title": "@tresdoce-nestjs-toolkit/typeorm",
          "fullFile": "",
          "file": "",
          "beforeHooks": [],
          "afterHooks": [],
          "tests": [
            {
              "title": "TypeOrm > Postgres > should be defined",
              "fullTitle": "should be defined",
              "timedOut": false,
              "duration": 257,
              "state": "passed",
              "speed": null,
              "pass": true,
              "fail": false,
              "pending": false,
              "context": null,
              "code": "import { INestApplication } from '@nestjs/common';\nimport { ConfigModule } from '@nestjs/config';\nimport { Test, TestingModule } from '@nestjs/testing';\nimport {\n  TCMongoOptions,\n  TCMySqlOptions,\n  TCPostgresOptions,\n  tcName,\n  testContainers,\n  fixturePostResponse,\n  fixtureUserArrayResponse,\n} from '@tresdoce-nestjs-toolkit/test-utils';\nimport { Repository } from 'typeorm';\n\nimport { TypeOrmClientModule } from '../typeorm/typeorm.module';\nimport { Post } from './utils/post.entity';\nimport { User } from './utils/user.entity';\n\nimport { configPostgres, configMySql, configMongo } from './utils';\n\njest.setTimeout(70000);\ndescribe('TypeOrm', () => {\n  describe('Postgres', () => {\n    let app: INestApplication;\n    let container: testContainers;\n    let repository: Repository<Post>;\n\n    beforeAll(async () => {\n      container = await new testContainers('postgres:13', {\n        ...TCPostgresOptions,\n        containerName: `${tcName}-typeorm-postgres`,\n      });\n      await container.start();\n    });\n\n    afterAll(async () => {\n      await container.stop({ removeVolumes: true });\n    });\n\n    beforeEach(async () => {\n      const module: TestingModule = await Test.createTestingModule({\n        imports: [\n          ConfigModule.forRoot({\n            isGlobal: true,\n            load: [configPostgres],\n          }),\n          TypeOrmClientModule,\n          TypeOrmClientModule.forFeature([Post]),\n        ],\n      }).compile();\n      app = module.createNestApplication();\n      repository = module.get('PostRepository');\n      await app.init();\n    });\n\n    afterEach(async () => {\n      await app.close();\n    });\n\n    it('should be defined', async () => {\n      await expect(app).toBeDefined();\n    }, 50000);\n\n    it('should be return an array of post', async () => {\n      await repository.save([fixturePostResponse]);\n\n      const query = await repository.find();\n      expect(query).toEqual([fixturePostResponse]);\n    });\n  });\n\n  describe('MySql', () => {\n    let app: INestApplication;\n    let container: testContainers;\n    let repository: Repository<Post>;\n\n    beforeAll(async () => {\n      container = await new testContainers('mysql:5.7', {\n        ...TCMySqlOptions,\n        containerName: `${tcName}-typeorm-mysql`,\n      });\n      await container.start();\n    });\n\n    afterAll(async () => {\n      await container.stop({ removeVolumes: true });\n    });\n\n    beforeEach(async () => {\n      const module: TestingModule = await Test.createTestingModule({\n        imports: [\n          ConfigModule.forRoot({\n            isGlobal: true,\n            load: [configMySql],\n          }),\n          TypeOrmClientModule,\n          TypeOrmClientModule.forFeature([Post]),\n        ],\n      }).compile();\n      app = module.createNestApplication();\n      repository = module.get('PostRepository');\n      await app.init();\n    });\n\n    afterEach(async () => {\n      await app.close();\n    });\n\n    it('should be defined', async () => {\n      await expect(app).toBeDefined();\n    }, 50000);\n\n    it('should be return an array of post', async () => {\n      await repository.save([fixturePostResponse]);\n\n      const query = await repository.find();\n      expect(query).toEqual([fixturePostResponse]);\n    });\n  });\n\n  describe('Mongo', () => {\n    let app: INestApplication;\n    let container: testContainers;\n    let repository: Repository<User>;\n\n    beforeAll(async () => {\n      container = await new testContainers('mongo:5.0', {\n        ...TCMongoOptions,\n        containerName: `${tcName}-typeorm-mongo`,\n      });\n      await container.start();\n    });\n\n    afterAll(async () => {\n      await container.stop({ removeVolumes: true });\n    });\n\n    beforeEach(async () => {\n      const module: TestingModule = await Test.createTestingModule({\n        imports: [\n          ConfigModule.forRoot({\n            isGlobal: true,\n            load: [configMongo],\n          }),\n          TypeOrmClientModule,\n          TypeOrmClientModule.forFeature([User]),\n        ],\n      }).compile();\n      app = module.createNestApplication();\n      repository = module.get('UserRepository');\n      await app.init();\n    });\n\n    afterEach(async () => {\n      await app.close();\n    });\n\n    it('should be defined', async () => {\n      await expect(app).toBeDefined();\n    }, 50000);\n\n    it('should be return an array of user', async () => {\n      await repository.save(fixtureUserArrayResponse);\n\n      const query: User[] = await repository.find();\n      expect(query).toEqual(expect.any(Array));\n    });\n  });\n});\n",
              "err": {},
              "uuid": "f47ddbe2-6af5-416f-a12b-ba881bdf8b3f",
              "parentUUID": "973476f6-6d68-469d-a8d2-e7522b5dd2e0",
              "isHook": false,
              "skipped": false
            },
            {
              "title": "TypeOrm > Postgres > should be return an array of post",
              "fullTitle": "should be return an array of post",
              "timedOut": false,
              "duration": 73,
              "state": "passed",
              "speed": null,
              "pass": true,
              "fail": false,
              "pending": false,
              "context": null,
              "code": "import { INestApplication } from '@nestjs/common';\nimport { ConfigModule } from '@nestjs/config';\nimport { Test, TestingModule } from '@nestjs/testing';\nimport {\n  TCMongoOptions,\n  TCMySqlOptions,\n  TCPostgresOptions,\n  tcName,\n  testContainers,\n  fixturePostResponse,\n  fixtureUserArrayResponse,\n} from '@tresdoce-nestjs-toolkit/test-utils';\nimport { Repository } from 'typeorm';\n\nimport { TypeOrmClientModule } from '../typeorm/typeorm.module';\nimport { Post } from './utils/post.entity';\nimport { User } from './utils/user.entity';\n\nimport { configPostgres, configMySql, configMongo } from './utils';\n\njest.setTimeout(70000);\ndescribe('TypeOrm', () => {\n  describe('Postgres', () => {\n    let app: INestApplication;\n    let container: testContainers;\n    let repository: Repository<Post>;\n\n    beforeAll(async () => {\n      container = await new testContainers('postgres:13', {\n        ...TCPostgresOptions,\n        containerName: `${tcName}-typeorm-postgres`,\n      });\n      await container.start();\n    });\n\n    afterAll(async () => {\n      await container.stop({ removeVolumes: true });\n    });\n\n    beforeEach(async () => {\n      const module: TestingModule = await Test.createTestingModule({\n        imports: [\n          ConfigModule.forRoot({\n            isGlobal: true,\n            load: [configPostgres],\n          }),\n          TypeOrmClientModule,\n          TypeOrmClientModule.forFeature([Post]),\n        ],\n      }).compile();\n      app = module.createNestApplication();\n      repository = module.get('PostRepository');\n      await app.init();\n    });\n\n    afterEach(async () => {\n      await app.close();\n    });\n\n    it('should be defined', async () => {\n      await expect(app).toBeDefined();\n    }, 50000);\n\n    it('should be return an array of post', async () => {\n      await repository.save([fixturePostResponse]);\n\n      const query = await repository.find();\n      expect(query).toEqual([fixturePostResponse]);\n    });\n  });\n\n  describe('MySql', () => {\n    let app: INestApplication;\n    let container: testContainers;\n    let repository: Repository<Post>;\n\n    beforeAll(async () => {\n      container = await new testContainers('mysql:5.7', {\n        ...TCMySqlOptions,\n        containerName: `${tcName}-typeorm-mysql`,\n      });\n      await container.start();\n    });\n\n    afterAll(async () => {\n      await container.stop({ removeVolumes: true });\n    });\n\n    beforeEach(async () => {\n      const module: TestingModule = await Test.createTestingModule({\n        imports: [\n          ConfigModule.forRoot({\n            isGlobal: true,\n            load: [configMySql],\n          }),\n          TypeOrmClientModule,\n          TypeOrmClientModule.forFeature([Post]),\n        ],\n      }).compile();\n      app = module.createNestApplication();\n      repository = module.get('PostRepository');\n      await app.init();\n    });\n\n    afterEach(async () => {\n      await app.close();\n    });\n\n    it('should be defined', async () => {\n      await expect(app).toBeDefined();\n    }, 50000);\n\n    it('should be return an array of post', async () => {\n      await repository.save([fixturePostResponse]);\n\n      const query = await repository.find();\n      expect(query).toEqual([fixturePostResponse]);\n    });\n  });\n\n  describe('Mongo', () => {\n    let app: INestApplication;\n    let container: testContainers;\n    let repository: Repository<User>;\n\n    beforeAll(async () => {\n      container = await new testContainers('mongo:5.0', {\n        ...TCMongoOptions,\n        containerName: `${tcName}-typeorm-mongo`,\n      });\n      await container.start();\n    });\n\n    afterAll(async () => {\n      await container.stop({ removeVolumes: true });\n    });\n\n    beforeEach(async () => {\n      const module: TestingModule = await Test.createTestingModule({\n        imports: [\n          ConfigModule.forRoot({\n            isGlobal: true,\n            load: [configMongo],\n          }),\n          TypeOrmClientModule,\n          TypeOrmClientModule.forFeature([User]),\n        ],\n      }).compile();\n      app = module.createNestApplication();\n      repository = module.get('UserRepository');\n      await app.init();\n    });\n\n    afterEach(async () => {\n      await app.close();\n    });\n\n    it('should be defined', async () => {\n      await expect(app).toBeDefined();\n    }, 50000);\n\n    it('should be return an array of user', async () => {\n      await repository.save(fixtureUserArrayResponse);\n\n      const query: User[] = await repository.find();\n      expect(query).toEqual(expect.any(Array));\n    });\n  });\n});\n",
              "err": {},
              "uuid": "b011c363-ba60-4dbf-bb51-2984d076c2de",
              "parentUUID": "973476f6-6d68-469d-a8d2-e7522b5dd2e0",
              "isHook": false,
              "skipped": false
            },
            {
              "title": "TypeOrm > Postgres > should be defined",
              "fullTitle": "should be defined",
              "timedOut": false,
              "duration": 123,
              "state": "passed",
              "speed": null,
              "pass": true,
              "fail": false,
              "pending": false,
              "context": null,
              "code": "import { INestApplication } from '@nestjs/common';\nimport { ConfigModule } from '@nestjs/config';\nimport { Test, TestingModule } from '@nestjs/testing';\nimport {\n  TCMongoOptions,\n  TCMySqlOptions,\n  TCPostgresOptions,\n  tcName,\n  testContainers,\n  fixturePostResponse,\n  fixtureUserArrayResponse,\n} from '@tresdoce-nestjs-toolkit/test-utils';\nimport { Repository } from 'typeorm';\n\nimport { TypeOrmClientModule } from '../typeorm/typeorm.module';\nimport { Post } from './utils/post.entity';\nimport { User } from './utils/user.entity';\n\nimport { configPostgres, configMySql, configMongo } from './utils';\n\njest.setTimeout(70000);\ndescribe('TypeOrm', () => {\n  describe('Postgres', () => {\n    let app: INestApplication;\n    let container: testContainers;\n    let repository: Repository<Post>;\n\n    beforeAll(async () => {\n      container = await new testContainers('postgres:13', {\n        ...TCPostgresOptions,\n        containerName: `${tcName}-typeorm-postgres`,\n      });\n      await container.start();\n    });\n\n    afterAll(async () => {\n      await container.stop({ removeVolumes: true });\n    });\n\n    beforeEach(async () => {\n      const module: TestingModule = await Test.createTestingModule({\n        imports: [\n          ConfigModule.forRoot({\n            isGlobal: true,\n            load: [configPostgres],\n          }),\n          TypeOrmClientModule,\n          TypeOrmClientModule.forFeature([Post]),\n        ],\n      }).compile();\n      app = module.createNestApplication();\n      repository = module.get('PostRepository');\n      await app.init();\n    });\n\n    afterEach(async () => {\n      await app.close();\n    });\n\n    it('should be defined', async () => {\n      await expect(app).toBeDefined();\n    }, 50000);\n\n    it('should be return an array of post', async () => {\n      await repository.save([fixturePostResponse]);\n\n      const query = await repository.find();\n      expect(query).toEqual([fixturePostResponse]);\n    });\n  });\n\n  describe('MySql', () => {\n    let app: INestApplication;\n    let container: testContainers;\n    let repository: Repository<Post>;\n\n    beforeAll(async () => {\n      container = await new testContainers('mysql:5.7', {\n        ...TCMySqlOptions,\n        containerName: `${tcName}-typeorm-mysql`,\n      });\n      await container.start();\n    });\n\n    afterAll(async () => {\n      await container.stop({ removeVolumes: true });\n    });\n\n    beforeEach(async () => {\n      const module: TestingModule = await Test.createTestingModule({\n        imports: [\n          ConfigModule.forRoot({\n            isGlobal: true,\n            load: [configMySql],\n          }),\n          TypeOrmClientModule,\n          TypeOrmClientModule.forFeature([Post]),\n        ],\n      }).compile();\n      app = module.createNestApplication();\n      repository = module.get('PostRepository');\n      await app.init();\n    });\n\n    afterEach(async () => {\n      await app.close();\n    });\n\n    it('should be defined', async () => {\n      await expect(app).toBeDefined();\n    }, 50000);\n\n    it('should be return an array of post', async () => {\n      await repository.save([fixturePostResponse]);\n\n      const query = await repository.find();\n      expect(query).toEqual([fixturePostResponse]);\n    });\n  });\n\n  describe('Mongo', () => {\n    let app: INestApplication;\n    let container: testContainers;\n    let repository: Repository<User>;\n\n    beforeAll(async () => {\n      container = await new testContainers('mongo:5.0', {\n        ...TCMongoOptions,\n        containerName: `${tcName}-typeorm-mongo`,\n      });\n      await container.start();\n    });\n\n    afterAll(async () => {\n      await container.stop({ removeVolumes: true });\n    });\n\n    beforeEach(async () => {\n      const module: TestingModule = await Test.createTestingModule({\n        imports: [\n          ConfigModule.forRoot({\n            isGlobal: true,\n            load: [configMongo],\n          }),\n          TypeOrmClientModule,\n          TypeOrmClientModule.forFeature([User]),\n        ],\n      }).compile();\n      app = module.createNestApplication();\n      repository = module.get('UserRepository');\n      await app.init();\n    });\n\n    afterEach(async () => {\n      await app.close();\n    });\n\n    it('should be defined', async () => {\n      await expect(app).toBeDefined();\n    }, 50000);\n\n    it('should be return an array of user', async () => {\n      await repository.save(fixtureUserArrayResponse);\n\n      const query: User[] = await repository.find();\n      expect(query).toEqual(expect.any(Array));\n    });\n  });\n});\n",
              "err": {},
              "uuid": "38bee478-992c-4c66-bec6-32180702b855",
              "parentUUID": "973476f6-6d68-469d-a8d2-e7522b5dd2e0",
              "isHook": false,
              "skipped": false
            },
            {
              "title": "TypeOrm > Postgres > should be return an array of post",
              "fullTitle": "should be return an array of post",
              "timedOut": false,
              "duration": 60,
              "state": "passed",
              "speed": null,
              "pass": true,
              "fail": false,
              "pending": false,
              "context": null,
              "code": "import { INestApplication } from '@nestjs/common';\nimport { ConfigModule } from '@nestjs/config';\nimport { Test, TestingModule } from '@nestjs/testing';\nimport {\n  TCMongoOptions,\n  TCMySqlOptions,\n  TCPostgresOptions,\n  tcName,\n  testContainers,\n  fixturePostResponse,\n  fixtureUserArrayResponse,\n} from '@tresdoce-nestjs-toolkit/test-utils';\nimport { Repository } from 'typeorm';\n\nimport { TypeOrmClientModule } from '../typeorm/typeorm.module';\nimport { Post } from './utils/post.entity';\nimport { User } from './utils/user.entity';\n\nimport { configPostgres, configMySql, configMongo } from './utils';\n\njest.setTimeout(70000);\ndescribe('TypeOrm', () => {\n  describe('Postgres', () => {\n    let app: INestApplication;\n    let container: testContainers;\n    let repository: Repository<Post>;\n\n    beforeAll(async () => {\n      container = await new testContainers('postgres:13', {\n        ...TCPostgresOptions,\n        containerName: `${tcName}-typeorm-postgres`,\n      });\n      await container.start();\n    });\n\n    afterAll(async () => {\n      await container.stop({ removeVolumes: true });\n    });\n\n    beforeEach(async () => {\n      const module: TestingModule = await Test.createTestingModule({\n        imports: [\n          ConfigModule.forRoot({\n            isGlobal: true,\n            load: [configPostgres],\n          }),\n          TypeOrmClientModule,\n          TypeOrmClientModule.forFeature([Post]),\n        ],\n      }).compile();\n      app = module.createNestApplication();\n      repository = module.get('PostRepository');\n      await app.init();\n    });\n\n    afterEach(async () => {\n      await app.close();\n    });\n\n    it('should be defined', async () => {\n      await expect(app).toBeDefined();\n    }, 50000);\n\n    it('should be return an array of post', async () => {\n      await repository.save([fixturePostResponse]);\n\n      const query = await repository.find();\n      expect(query).toEqual([fixturePostResponse]);\n    });\n  });\n\n  describe('MySql', () => {\n    let app: INestApplication;\n    let container: testContainers;\n    let repository: Repository<Post>;\n\n    beforeAll(async () => {\n      container = await new testContainers('mysql:5.7', {\n        ...TCMySqlOptions,\n        containerName: `${tcName}-typeorm-mysql`,\n      });\n      await container.start();\n    });\n\n    afterAll(async () => {\n      await container.stop({ removeVolumes: true });\n    });\n\n    beforeEach(async () => {\n      const module: TestingModule = await Test.createTestingModule({\n        imports: [\n          ConfigModule.forRoot({\n            isGlobal: true,\n            load: [configMySql],\n          }),\n          TypeOrmClientModule,\n          TypeOrmClientModule.forFeature([Post]),\n        ],\n      }).compile();\n      app = module.createNestApplication();\n      repository = module.get('PostRepository');\n      await app.init();\n    });\n\n    afterEach(async () => {\n      await app.close();\n    });\n\n    it('should be defined', async () => {\n      await expect(app).toBeDefined();\n    }, 50000);\n\n    it('should be return an array of post', async () => {\n      await repository.save([fixturePostResponse]);\n\n      const query = await repository.find();\n      expect(query).toEqual([fixturePostResponse]);\n    });\n  });\n\n  describe('Mongo', () => {\n    let app: INestApplication;\n    let container: testContainers;\n    let repository: Repository<User>;\n\n    beforeAll(async () => {\n      container = await new testContainers('mongo:5.0', {\n        ...TCMongoOptions,\n        containerName: `${tcName}-typeorm-mongo`,\n      });\n      await container.start();\n    });\n\n    afterAll(async () => {\n      await container.stop({ removeVolumes: true });\n    });\n\n    beforeEach(async () => {\n      const module: TestingModule = await Test.createTestingModule({\n        imports: [\n          ConfigModule.forRoot({\n            isGlobal: true,\n            load: [configMongo],\n          }),\n          TypeOrmClientModule,\n          TypeOrmClientModule.forFeature([User]),\n        ],\n      }).compile();\n      app = module.createNestApplication();\n      repository = module.get('UserRepository');\n      await app.init();\n    });\n\n    afterEach(async () => {\n      await app.close();\n    });\n\n    it('should be defined', async () => {\n      await expect(app).toBeDefined();\n    }, 50000);\n\n    it('should be return an array of user', async () => {\n      await repository.save(fixtureUserArrayResponse);\n\n      const query: User[] = await repository.find();\n      expect(query).toEqual(expect.any(Array));\n    });\n  });\n});\n",
              "err": {},
              "uuid": "b46a61ee-532f-415e-a21d-4960491f0fc1",
              "parentUUID": "973476f6-6d68-469d-a8d2-e7522b5dd2e0",
              "isHook": false,
              "skipped": false
            },
            {
              "title": "TypeOrm > Postgres > should be defined",
              "fullTitle": "should be defined",
              "timedOut": false,
              "duration": 2270,
              "state": "passed",
              "speed": null,
              "pass": true,
              "fail": false,
              "pending": false,
              "context": null,
              "code": "import { INestApplication } from '@nestjs/common';\nimport { ConfigModule } from '@nestjs/config';\nimport { Test, TestingModule } from '@nestjs/testing';\nimport {\n  TCMongoOptions,\n  TCMySqlOptions,\n  TCPostgresOptions,\n  tcName,\n  testContainers,\n  fixturePostResponse,\n  fixtureUserArrayResponse,\n} from '@tresdoce-nestjs-toolkit/test-utils';\nimport { Repository } from 'typeorm';\n\nimport { TypeOrmClientModule } from '../typeorm/typeorm.module';\nimport { Post } from './utils/post.entity';\nimport { User } from './utils/user.entity';\n\nimport { configPostgres, configMySql, configMongo } from './utils';\n\njest.setTimeout(70000);\ndescribe('TypeOrm', () => {\n  describe('Postgres', () => {\n    let app: INestApplication;\n    let container: testContainers;\n    let repository: Repository<Post>;\n\n    beforeAll(async () => {\n      container = await new testContainers('postgres:13', {\n        ...TCPostgresOptions,\n        containerName: `${tcName}-typeorm-postgres`,\n      });\n      await container.start();\n    });\n\n    afterAll(async () => {\n      await container.stop({ removeVolumes: true });\n    });\n\n    beforeEach(async () => {\n      const module: TestingModule = await Test.createTestingModule({\n        imports: [\n          ConfigModule.forRoot({\n            isGlobal: true,\n            load: [configPostgres],\n          }),\n          TypeOrmClientModule,\n          TypeOrmClientModule.forFeature([Post]),\n        ],\n      }).compile();\n      app = module.createNestApplication();\n      repository = module.get('PostRepository');\n      await app.init();\n    });\n\n    afterEach(async () => {\n      await app.close();\n    });\n\n    it('should be defined', async () => {\n      await expect(app).toBeDefined();\n    }, 50000);\n\n    it('should be return an array of post', async () => {\n      await repository.save([fixturePostResponse]);\n\n      const query = await repository.find();\n      expect(query).toEqual([fixturePostResponse]);\n    });\n  });\n\n  describe('MySql', () => {\n    let app: INestApplication;\n    let container: testContainers;\n    let repository: Repository<Post>;\n\n    beforeAll(async () => {\n      container = await new testContainers('mysql:5.7', {\n        ...TCMySqlOptions,\n        containerName: `${tcName}-typeorm-mysql`,\n      });\n      await container.start();\n    });\n\n    afterAll(async () => {\n      await container.stop({ removeVolumes: true });\n    });\n\n    beforeEach(async () => {\n      const module: TestingModule = await Test.createTestingModule({\n        imports: [\n          ConfigModule.forRoot({\n            isGlobal: true,\n            load: [configMySql],\n          }),\n          TypeOrmClientModule,\n          TypeOrmClientModule.forFeature([Post]),\n        ],\n      }).compile();\n      app = module.createNestApplication();\n      repository = module.get('PostRepository');\n      await app.init();\n    });\n\n    afterEach(async () => {\n      await app.close();\n    });\n\n    it('should be defined', async () => {\n      await expect(app).toBeDefined();\n    }, 50000);\n\n    it('should be return an array of post', async () => {\n      await repository.save([fixturePostResponse]);\n\n      const query = await repository.find();\n      expect(query).toEqual([fixturePostResponse]);\n    });\n  });\n\n  describe('Mongo', () => {\n    let app: INestApplication;\n    let container: testContainers;\n    let repository: Repository<User>;\n\n    beforeAll(async () => {\n      container = await new testContainers('mongo:5.0', {\n        ...TCMongoOptions,\n        containerName: `${tcName}-typeorm-mongo`,\n      });\n      await container.start();\n    });\n\n    afterAll(async () => {\n      await container.stop({ removeVolumes: true });\n    });\n\n    beforeEach(async () => {\n      const module: TestingModule = await Test.createTestingModule({\n        imports: [\n          ConfigModule.forRoot({\n            isGlobal: true,\n            load: [configMongo],\n          }),\n          TypeOrmClientModule,\n          TypeOrmClientModule.forFeature([User]),\n        ],\n      }).compile();\n      app = module.createNestApplication();\n      repository = module.get('UserRepository');\n      await app.init();\n    });\n\n    afterEach(async () => {\n      await app.close();\n    });\n\n    it('should be defined', async () => {\n      await expect(app).toBeDefined();\n    }, 50000);\n\n    it('should be return an array of user', async () => {\n      await repository.save(fixtureUserArrayResponse);\n\n      const query: User[] = await repository.find();\n      expect(query).toEqual(expect.any(Array));\n    });\n  });\n});\n",
              "err": {},
              "uuid": "502e017d-9f3e-4b66-8b8e-7612c59c89fc",
              "parentUUID": "973476f6-6d68-469d-a8d2-e7522b5dd2e0",
              "isHook": false,
              "skipped": false
            },
            {
              "title": "TypeOrm > Postgres > should be return an array of user",
              "fullTitle": "should be return an array of user",
              "timedOut": false,
              "duration": 47,
              "state": "passed",
              "speed": null,
              "pass": true,
              "fail": false,
              "pending": false,
              "context": null,
              "code": "import { INestApplication } from '@nestjs/common';\nimport { ConfigModule } from '@nestjs/config';\nimport { Test, TestingModule } from '@nestjs/testing';\nimport {\n  TCMongoOptions,\n  TCMySqlOptions,\n  TCPostgresOptions,\n  tcName,\n  testContainers,\n  fixturePostResponse,\n  fixtureUserArrayResponse,\n} from '@tresdoce-nestjs-toolkit/test-utils';\nimport { Repository } from 'typeorm';\n\nimport { TypeOrmClientModule } from '../typeorm/typeorm.module';\nimport { Post } from './utils/post.entity';\nimport { User } from './utils/user.entity';\n\nimport { configPostgres, configMySql, configMongo } from './utils';\n\njest.setTimeout(70000);\ndescribe('TypeOrm', () => {\n  describe('Postgres', () => {\n    let app: INestApplication;\n    let container: testContainers;\n    let repository: Repository<Post>;\n\n    beforeAll(async () => {\n      container = await new testContainers('postgres:13', {\n        ...TCPostgresOptions,\n        containerName: `${tcName}-typeorm-postgres`,\n      });\n      await container.start();\n    });\n\n    afterAll(async () => {\n      await container.stop({ removeVolumes: true });\n    });\n\n    beforeEach(async () => {\n      const module: TestingModule = await Test.createTestingModule({\n        imports: [\n          ConfigModule.forRoot({\n            isGlobal: true,\n            load: [configPostgres],\n          }),\n          TypeOrmClientModule,\n          TypeOrmClientModule.forFeature([Post]),\n        ],\n      }).compile();\n      app = module.createNestApplication();\n      repository = module.get('PostRepository');\n      await app.init();\n    });\n\n    afterEach(async () => {\n      await app.close();\n    });\n\n    it('should be defined', async () => {\n      await expect(app).toBeDefined();\n    }, 50000);\n\n    it('should be return an array of post', async () => {\n      await repository.save([fixturePostResponse]);\n\n      const query = await repository.find();\n      expect(query).toEqual([fixturePostResponse]);\n    });\n  });\n\n  describe('MySql', () => {\n    let app: INestApplication;\n    let container: testContainers;\n    let repository: Repository<Post>;\n\n    beforeAll(async () => {\n      container = await new testContainers('mysql:5.7', {\n        ...TCMySqlOptions,\n        containerName: `${tcName}-typeorm-mysql`,\n      });\n      await container.start();\n    });\n\n    afterAll(async () => {\n      await container.stop({ removeVolumes: true });\n    });\n\n    beforeEach(async () => {\n      const module: TestingModule = await Test.createTestingModule({\n        imports: [\n          ConfigModule.forRoot({\n            isGlobal: true,\n            load: [configMySql],\n          }),\n          TypeOrmClientModule,\n          TypeOrmClientModule.forFeature([Post]),\n        ],\n      }).compile();\n      app = module.createNestApplication();\n      repository = module.get('PostRepository');\n      await app.init();\n    });\n\n    afterEach(async () => {\n      await app.close();\n    });\n\n    it('should be defined', async () => {\n      await expect(app).toBeDefined();\n    }, 50000);\n\n    it('should be return an array of post', async () => {\n      await repository.save([fixturePostResponse]);\n\n      const query = await repository.find();\n      expect(query).toEqual([fixturePostResponse]);\n    });\n  });\n\n  describe('Mongo', () => {\n    let app: INestApplication;\n    let container: testContainers;\n    let repository: Repository<User>;\n\n    beforeAll(async () => {\n      container = await new testContainers('mongo:5.0', {\n        ...TCMongoOptions,\n        containerName: `${tcName}-typeorm-mongo`,\n      });\n      await container.start();\n    });\n\n    afterAll(async () => {\n      await container.stop({ removeVolumes: true });\n    });\n\n    beforeEach(async () => {\n      const module: TestingModule = await Test.createTestingModule({\n        imports: [\n          ConfigModule.forRoot({\n            isGlobal: true,\n            load: [configMongo],\n          }),\n          TypeOrmClientModule,\n          TypeOrmClientModule.forFeature([User]),\n        ],\n      }).compile();\n      app = module.createNestApplication();\n      repository = module.get('UserRepository');\n      await app.init();\n    });\n\n    afterEach(async () => {\n      await app.close();\n    });\n\n    it('should be defined', async () => {\n      await expect(app).toBeDefined();\n    }, 50000);\n\n    it('should be return an array of user', async () => {\n      await repository.save(fixtureUserArrayResponse);\n\n      const query: User[] = await repository.find();\n      expect(query).toEqual(expect.any(Array));\n    });\n  });\n});\n",
              "err": {},
              "uuid": "29eb37d0-e780-457c-8189-8f6367685de5",
              "parentUUID": "973476f6-6d68-469d-a8d2-e7522b5dd2e0",
              "isHook": false,
              "skipped": false
            }
          ],
          "suites": [],
          "passes": [
            "f47ddbe2-6af5-416f-a12b-ba881bdf8b3f",
            "b011c363-ba60-4dbf-bb51-2984d076c2de",
            "38bee478-992c-4c66-bec6-32180702b855",
            "b46a61ee-532f-415e-a21d-4960491f0fc1",
            "502e017d-9f3e-4b66-8b8e-7612c59c89fc",
            "29eb37d0-e780-457c-8189-8f6367685de5"
          ],
          "failures": [],
          "pending": [],
          "skipped": [],
          "duration": 2830,
          "root": false,
          "rootEmpty": false,
          "_timeout": 5000
        }
      ],
      "passes": [],
      "failures": [],
      "pending": [],
      "skipped": [],
      "duration": 0,
      "root": true,
      "rootEmpty": true,
      "_timeout": 5000
    }
  ]
}
