{
  "stats": {
    "suites": 1,
    "tests": 6,
    "passes": 6,
    "pending": 0,
    "failures": 0,
    "testsRegistered": 6,
    "passPercent": 100,
    "pendingPercent": 0,
    "other": 0,
    "hasOther": false,
    "skipped": 0,
    "hasSkipped": false,
    "start": "2023-05-01T23:21:01.865Z",
    "end": "2023-05-01T23:21:04.891Z",
    "duration": 3026
  },
  "results": [
    {
      "uuid": "fde85c33-bff8-4347-8212-3b8425967eb6",
      "title": "@tresdoce-nestjs-toolkit/typeorm",
      "fullFile": "",
      "file": "",
      "beforeHooks": [],
      "afterHooks": [],
      "tests": [],
      "suites": [
        {
          "uuid": "3817cdb1-385b-43b6-b359-2a2dff38915d",
          "title": "@tresdoce-nestjs-toolkit/typeorm",
          "fullFile": "",
          "file": "",
          "beforeHooks": [],
          "afterHooks": [],
          "tests": [
            {
              "title": "should be defined",
              "fullTitle": "TypeOrm > Postgres > should be defined",
              "timedOut": false,
              "duration": 412,
              "state": "passed",
              "speed": null,
              "pass": true,
              "fail": false,
              "pending": false,
              "context": null,
              "code": "",
              "err": {},
              "uuid": "39906426-8050-46fc-8f46-e97cb69a5bda",
              "parentUUID": "3817cdb1-385b-43b6-b359-2a2dff38915d",
              "isHook": false,
              "skipped": false
            },
            {
              "title": "should be return an array of post",
              "fullTitle": "TypeOrm > Postgres > should be return an array of post",
              "timedOut": false,
              "duration": 68,
              "state": "passed",
              "speed": null,
              "pass": true,
              "fail": false,
              "pending": false,
              "context": null,
              "code": "",
              "err": {},
              "uuid": "7391a12d-c167-40f2-83b1-bb73324ee6f8",
              "parentUUID": "3817cdb1-385b-43b6-b359-2a2dff38915d",
              "isHook": false,
              "skipped": false
            },
            {
              "title": "should be defined",
              "fullTitle": "TypeOrm > Postgres > should be defined",
              "timedOut": false,
              "duration": 130,
              "state": "passed",
              "speed": null,
              "pass": true,
              "fail": false,
              "pending": false,
              "context": null,
              "code": "",
              "err": {},
              "uuid": "e51b6f3b-66ef-4141-8c7a-133f174ea814",
              "parentUUID": "3817cdb1-385b-43b6-b359-2a2dff38915d",
              "isHook": false,
              "skipped": false
            },
            {
              "title": "should be return an array of post",
              "fullTitle": "TypeOrm > Postgres > should be return an array of post",
              "timedOut": false,
              "duration": 69,
              "state": "passed",
              "speed": null,
              "pass": true,
              "fail": false,
              "pending": false,
              "context": null,
              "code": "",
              "err": {},
              "uuid": "bcaab21a-7e7e-4e62-9934-30e204bd03aa",
              "parentUUID": "3817cdb1-385b-43b6-b359-2a2dff38915d",
              "isHook": false,
              "skipped": false
            },
            {
              "title": "should be defined",
              "fullTitle": "TypeOrm > Postgres > should be defined",
              "timedOut": false,
              "duration": 2274,
              "state": "passed",
              "speed": null,
              "pass": true,
              "fail": false,
              "pending": false,
              "context": null,
              "code": "",
              "err": {},
              "uuid": "76a507cf-2d61-4318-be05-05b029911c56",
              "parentUUID": "3817cdb1-385b-43b6-b359-2a2dff38915d",
              "isHook": false,
              "skipped": false
            },
            {
              "title": "should be return an array of user",
              "fullTitle": "TypeOrm > Postgres > should be return an array of user",
              "timedOut": false,
              "duration": 73,
              "state": "passed",
              "speed": null,
              "pass": true,
              "fail": false,
              "pending": false,
              "context": null,
              "code": "",
              "err": {},
              "uuid": "27401030-a756-44d4-9a84-b48080c574b4",
              "parentUUID": "3817cdb1-385b-43b6-b359-2a2dff38915d",
              "isHook": false,
              "skipped": false
            }
          ],
          "suites": [],
          "passes": [
            "39906426-8050-46fc-8f46-e97cb69a5bda",
            "7391a12d-c167-40f2-83b1-bb73324ee6f8",
            "e51b6f3b-66ef-4141-8c7a-133f174ea814",
            "bcaab21a-7e7e-4e62-9934-30e204bd03aa",
            "76a507cf-2d61-4318-be05-05b029911c56",
            "27401030-a756-44d4-9a84-b48080c574b4"
          ],
          "failures": [],
          "pending": [],
          "skipped": [],
          "duration": 3026,
          "root": false,
          "rootEmpty": false,
          "_timeout": 5000
        }
      ],
      "passes": [],
      "failures": [],
      "pending": [],
      "skipped": [],
      "duration": 0,
      "root": true,
      "rootEmpty": true,
      "_timeout": 5000
    }
  ]
}
