{
  "stats": {
    "suites": 1,
    "tests": 6,
    "passes": 6,
    "pending": 0,
    "failures": 0,
    "testsRegistered": 6,
    "passPercent": 100,
    "pendingPercent": 0,
    "other": 0,
    "hasOther": false,
    "skipped": 0,
    "hasSkipped": false,
    "start": "2023-05-01T23:12:12.353Z",
    "end": "2023-05-01T23:12:15.253Z",
    "duration": 2900
  },
  "results": [
    {
      "uuid": "0be72177-45bf-4f86-bd58-d936a52fdb7c",
      "title": "@tresdoce-nestjs-toolkit/typeorm",
      "fullFile": "",
      "file": "",
      "beforeHooks": [],
      "afterHooks": [],
      "tests": [],
      "suites": [
        {
          "uuid": "c9d471f3-25a9-43fb-817f-3308233f5b20",
          "title": "@tresdoce-nestjs-toolkit/typeorm",
          "fullFile": "",
          "file": "",
          "beforeHooks": [],
          "afterHooks": [],
          "tests": [
            {
              "title": "should be defined",
              "fullTitle": "TypeOrm > Postgres > should be defined",
              "timedOut": false,
              "duration": 295,
              "state": "passed",
              "speed": null,
              "pass": true,
              "fail": false,
              "pending": false,
              "context": null,
              "code": "",
              "err": {},
              "uuid": "cf60051d-f1ae-4b2b-ad64-47f0348190a2",
              "parentUUID": "c9d471f3-25a9-43fb-817f-3308233f5b20",
              "isHook": false,
              "skipped": false
            },
            {
              "title": "should be return an array of post",
              "fullTitle": "TypeOrm > Postgres > should be return an array of post",
              "timedOut": false,
              "duration": 75,
              "state": "passed",
              "speed": null,
              "pass": true,
              "fail": false,
              "pending": false,
              "context": null,
              "code": "",
              "err": {},
              "uuid": "ac920f74-4d6d-4074-b001-142246459660",
              "parentUUID": "c9d471f3-25a9-43fb-817f-3308233f5b20",
              "isHook": false,
              "skipped": false
            },
            {
              "title": "should be defined",
              "fullTitle": "TypeOrm > Postgres > should be defined",
              "timedOut": false,
              "duration": 147,
              "state": "passed",
              "speed": null,
              "pass": true,
              "fail": false,
              "pending": false,
              "context": null,
              "code": "",
              "err": {},
              "uuid": "3a720912-8020-455b-991f-ac52dab2b874",
              "parentUUID": "c9d471f3-25a9-43fb-817f-3308233f5b20",
              "isHook": false,
              "skipped": false
            },
            {
              "title": "should be return an array of post",
              "fullTitle": "TypeOrm > Postgres > should be return an array of post",
              "timedOut": false,
              "duration": 58,
              "state": "passed",
              "speed": null,
              "pass": true,
              "fail": false,
              "pending": false,
              "context": null,
              "code": "",
              "err": {},
              "uuid": "74bc04fa-eaca-4610-962a-8d15ff346fe5",
              "parentUUID": "c9d471f3-25a9-43fb-817f-3308233f5b20",
              "isHook": false,
              "skipped": false
            },
            {
              "title": "should be defined",
              "fullTitle": "TypeOrm > Postgres > should be defined",
              "timedOut": false,
              "duration": 2276,
              "state": "passed",
              "speed": null,
              "pass": true,
              "fail": false,
              "pending": false,
              "context": null,
              "code": "",
              "err": {},
              "uuid": "ef950ee9-4057-417a-94a1-87a298837b0d",
              "parentUUID": "c9d471f3-25a9-43fb-817f-3308233f5b20",
              "isHook": false,
              "skipped": false
            },
            {
              "title": "should be return an array of user",
              "fullTitle": "TypeOrm > Postgres > should be return an array of user",
              "timedOut": false,
              "duration": 49,
              "state": "passed",
              "speed": null,
              "pass": true,
              "fail": false,
              "pending": false,
              "context": null,
              "code": "",
              "err": {},
              "uuid": "c8762da0-031a-4199-a124-08b5959dd72e",
              "parentUUID": "c9d471f3-25a9-43fb-817f-3308233f5b20",
              "isHook": false,
              "skipped": false
            }
          ],
          "suites": [],
          "passes": [
            "cf60051d-f1ae-4b2b-ad64-47f0348190a2",
            "ac920f74-4d6d-4074-b001-142246459660",
            "3a720912-8020-455b-991f-ac52dab2b874",
            "74bc04fa-eaca-4610-962a-8d15ff346fe5",
            "ef950ee9-4057-417a-94a1-87a298837b0d",
            "c8762da0-031a-4199-a124-08b5959dd72e"
          ],
          "failures": [],
          "pending": [],
          "skipped": [],
          "duration": 2900,
          "root": false,
          "rootEmpty": false,
          "_timeout": 5000
        }
      ],
      "passes": [],
      "failures": [],
      "pending": [],
      "skipped": [],
      "duration": 0,
      "root": true,
      "rootEmpty": true,
      "_timeout": 5000
    }
  ]
}
