{
  "stats": {
    "suites": 1,
    "tests": 6,
    "passes": 6,
    "pending": 0,
    "failures": 0,
    "testsRegistered": 6,
    "passPercent": 100,
    "pendingPercent": 0,
    "other": 0,
    "hasOther": false,
    "skipped": 0,
    "hasSkipped": false,
    "start": "2023-05-03T12:59:18.946Z",
    "end": "2023-05-03T12:59:21.966Z",
    "duration": 3020
  },
  "results": [
    {
      "uuid": "3da091d5-88ce-4d66-91bf-e501cb9b2e12",
      "title": "",
      "fullFile": "",
      "file": "",
      "beforeHooks": [],
      "afterHooks": [],
      "tests": [],
      "suites": [
        {
          "uuid": "3da091d5-88ce-4d66-91bf-e501cb9b2e61",
          "title": "@tresdoce-nestjs-toolkit/typeorm",
          "fullFile": "",
          "file": "",
          "beforeHooks": [],
          "afterHooks": [],
          "tests": [],
          "suites": [
            {
              "uuid": "3da091d5-88ce-4d66-91bf-e501cb9b2e62",
              "title": "TypeOrm",
              "fullFile": "/Users/maximilianodelgado/Projects/Mex/tresdoce-nestjs-toolkit/packages/typeorm/src/__test__/typeorm.module.spec.ts",
              "file": "typeorm.module.spec.ts",
              "beforeHooks": [],
              "afterHooks": [],
              "tests": [],
              "suites": [
                {
                  "uuid": "188bb0af-be76-427f-9c0b-9dd4f76cbc4a",
                  "title": "Postgres",
                  "fullFile": "/Users/maximilianodelgado/Projects/Mex/tresdoce-nestjs-toolkit/packages/typeorm/src/__test__/typeorm.module.spec.ts",
                  "file": "typeorm.module.spec.ts",
                  "beforeHooks": [],
                  "afterHooks": [],
                  "tests": [
                    {
                      "fullTitle": "TypeOrm > Postgres > should be defined",
                      "title": "should be defined",
                      "timedOut": false,
                      "duration": 353,
                      "state": "passed",
                      "speed": "medium",
                      "pass": true,
                      "fail": false,
                      "pending": false,
                      "context": null,
                      "code": "codigo",
                      "err": {},
                      "uuid": "23ed9ff5-ea5d-4b82-89f5-73f5b27da913",
                      "parentUUID": "188bb0af-be76-427f-9c0b-9dd4f76cbc4a",
                      "isHook": false,
                      "skipped": false
                    }
                  ],
                  "suites": [],
                  "passes": ["23ed9ff5-ea5d-4b82-89f5-73f5b27da913"],
                  "failures": [],
                  "pending": [],
                  "skipped": [],
                  "duration": 0,
                  "root": false,
                  "rootEmpty": false,
                  "_timeout": 5000
                },
                {
                  "uuid": "188bb0af-be76-427f-9c0b-9dd4f76cbc4a",
                  "title": "MySql",
                  "fullFile": "/Users/maximilianodelgado/Projects/Mex/tresdoce-nestjs-toolkit/packages/typeorm/src/__test__/typeorm.module.spec.ts",
                  "file": "typeorm.module.spec.ts",
                  "beforeHooks": [],
                  "afterHooks": [],
                  "tests": [
                    {
                      "fullTitle": "TypeOrm > MySql > should be defined",
                      "title": "should be defined",
                      "timedOut": false,
                      "duration": 127,
                      "state": "passed",
                      "speed": "medium",
                      "pass": true,
                      "fail": false,
                      "pending": false,
                      "context": null,
                      "code": "codigo",
                      "err": {},
                      "uuid": "080d95da-bf51-45a0-ba18-00d8601761d4",
                      "parentUUID": "188bb0af-be76-427f-9c0b-9dd4f76cbc4a",
                      "isHook": false,
                      "skipped": false
                    }
                  ],
                  "suites": [],
                  "passes": ["080d95da-bf51-45a0-ba18-00d8601761d4"],
                  "failures": [],
                  "pending": [],
                  "skipped": [],
                  "duration": 0,
                  "root": false,
                  "rootEmpty": false,
                  "_timeout": 5000
                },
                {
                  "uuid": "188bb0af-be76-427f-9c0b-9dd4f76cbc4a",
                  "title": "Mongo",
                  "fullFile": "/Users/maximilianodelgado/Projects/Mex/tresdoce-nestjs-toolkit/packages/typeorm/src/__test__/typeorm.module.spec.ts",
                  "file": "typeorm.module.spec.ts",
                  "beforeHooks": [],
                  "afterHooks": [],
                  "tests": [
                    {
                      "fullTitle": "TypeOrm > Mongo > should be defined",
                      "title": "should be defined",
                      "timedOut": false,
                      "duration": 2294,
                      "state": "passed",
                      "speed": "slow",
                      "pass": true,
                      "fail": false,
                      "pending": false,
                      "context": null,
                      "code": "",
                      "err": {},
                      "uuid": "a3a99e24-e583-46a0-84cd-36b469e14223",
                      "parentUUID": "188bb0af-be76-427f-9c0b-9dd4f76cbc4a",
                      "isHook": false,
                      "skipped": false
                    }
                  ],
                  "suites": [],
                  "passes": ["a3a99e24-e583-46a0-84cd-36b469e14223"],
                  "failures": [],
                  "pending": [],
                  "skipped": [],
                  "duration": 0,
                  "root": false,
                  "rootEmpty": false,
                  "_timeout": 5000
                }
              ],
              "passes": [],
              "failures": [],
              "pending": [],
              "skipped": [],
              "duration": 0,
              "root": false,
              "rootEmpty": false,
              "_timeout": 5000
            }
          ],
          "passes": [],
          "failures": [],
          "pending": [],
          "skipped": [],
          "duration": 0,
          "root": false,
          "rootEmpty": false,
          "_timeout": 5000
        }
      ],
      "passes": [],
      "failures": [],
      "pending": [],
      "skipped": [],
      "duration": 0,
      "root": true,
      "rootEmpty": true,
      "_timeout": 5000
    }
  ]
}
