{
  "stats": {
    "suites": 3,
    "tests": 4,
    "passes": 4,
    "pending": 0,
    "failures": 0,
    "testsRegistered": 4,
    "passPercent": 100,
    "pendingPercent": 0,
    "other": 0,
    "hasOther": false,
    "skipped": 0,
    "hasSkipped": false,
    "start": "2023-05-01T23:15:06.395Z",
    "end": "2023-05-01T23:15:06.403Z",
    "duration": 8
  },
  "results": [
    {
      "uuid": "d8ae1259-1d76-44ad-8b1d-c5bc595af29a",
      "title": "@tresdoce-nestjs-toolkit/commons",
      "fullFile": "",
      "file": "",
      "beforeHooks": [],
      "afterHooks": [],
      "tests": [],
      "suites": [
        {
          "uuid": "7e75a157-a06e-4fe7-9e70-c38233ca23fd",
          "title": "@tresdoce-nestjs-toolkit/commons",
          "fullFile": "",
          "file": "",
          "beforeHooks": [],
          "afterHooks": [],
          "tests": [
            {
              "title": "should be return jest config is build",
              "fullTitle": "build-config > should be return jest config is build",
              "timedOut": false,
              "duration": 3,
              "state": "passed",
              "speed": null,
              "pass": true,
              "fail": false,
              "pending": false,
              "context": null,
              "code": "",
              "err": {},
              "uuid": "29076bc1-c7eb-47eb-bdf1-2f107dcf2e10",
              "parentUUID": "7e75a157-a06e-4fe7-9e70-c38233ca23fd",
              "isHook": false,
              "skipped": false
            },
            {
              "title": "should be return jest config not is build",
              "fullTitle": "build-config > should be return jest config not is build",
              "timedOut": false,
              "duration": 1,
              "state": "passed",
              "speed": null,
              "pass": true,
              "fail": false,
              "pending": false,
              "context": null,
              "code": "",
              "err": {},
              "uuid": "6489023b-b21f-48f0-9614-2b285e44efa5",
              "parentUUID": "7e75a157-a06e-4fe7-9e70-c38233ca23fd",
              "isHook": false,
              "skipped": false
            },
            {
              "title": "should be return jest config",
              "fullTitle": "testing-library > should be return jest config",
              "timedOut": false,
              "duration": 2,
              "state": "passed",
              "speed": null,
              "pass": true,
              "fail": false,
              "pending": false,
              "context": null,
              "code": "",
              "err": {},
              "uuid": "a82a5746-f5fc-4ff9-9db6-f7ea5275ba16",
              "parentUUID": "7e75a157-a06e-4fe7-9e70-c38233ca23fd",
              "isHook": false,
              "skipped": false
            },
            {
              "title": "should be return jest config",
              "fullTitle": "eslint-config > should be return jest config",
              "timedOut": false,
              "duration": 2,
              "state": "passed",
              "speed": null,
              "pass": true,
              "fail": false,
              "pending": false,
              "context": null,
              "code": "",
              "err": {},
              "uuid": "8f98ea79-822e-4db0-b2e2-84cebe857a3f",
              "parentUUID": "7e75a157-a06e-4fe7-9e70-c38233ca23fd",
              "isHook": false,
              "skipped": false
            }
          ],
          "suites": [],
          "passes": [
            "29076bc1-c7eb-47eb-bdf1-2f107dcf2e10",
            "6489023b-b21f-48f0-9614-2b285e44efa5",
            "a82a5746-f5fc-4ff9-9db6-f7ea5275ba16",
            "8f98ea79-822e-4db0-b2e2-84cebe857a3f"
          ],
          "failures": [],
          "pending": [],
          "skipped": [],
          "duration": 8,
          "root": false,
          "rootEmpty": false,
          "_timeout": 5000
        }
      ],
      "passes": [],
      "failures": [],
      "pending": [],
      "skipped": [],
      "duration": 0,
      "root": true,
      "rootEmpty": true,
      "_timeout": 5000
    }
  ]
}
