{
  "stats": {
    "suites": 3,
    "tests": 4,
    "passes": 4,
    "pending": 0,
    "failures": 0,
    "testsRegistered": 4,
    "passPercent": 100,
    "pendingPercent": 0,
    "other": 0,
    "hasOther": false,
    "skipped": 0,
    "hasSkipped": false,
    "start": "2023-05-05T13:15:29.870Z",
    "end": "2023-05-05T13:15:29.878Z",
    "duration": 8
  },
  "results": [
    {
      "uuid": "9134f974-0456-4760-b66e-9bab6a0072f6",
      "title": "@tresdoce-nestjs-toolkit/commons",
      "fullFile": "",
      "file": "",
      "beforeHooks": [],
      "afterHooks": [],
      "tests": [],
      "suites": [
        {
          "uuid": "05f0e9f7-549a-4cae-9195-4f50b743658c",
          "title": "@tresdoce-nestjs-toolkit/commons",
          "fullFile": "",
          "file": "",
          "beforeHooks": [],
          "afterHooks": [],
          "tests": [
            {
              "fullTitle": "build-config > should be return jest config is build",
              "title": "build-config > should be return jest config is build",
              "timedOut": false,
              "duration": 3,
              "state": "passed",
              "speed": "fast",
              "pass": true,
              "fail": false,
              "pending": false,
              "context": null,
              "code": "import { buildConfig } from '../index';\ndescribe('build-config', () => {\n  const INIT_ENVS = process.env;\n\n  beforeEach(() => {\n    jest.resetModules();\n    process.env = { ...INIT_ENVS };\n  });\n\n  afterAll(() => {\n    process.env = INIT_ENVS;\n  });\n\n  it('should be return jest config is build', () => {\n    process.env.NODE_ENV = 'build';\n    const config = buildConfig({ output: {}, optimization: {} });\n    expect(config).not.toBe(null);\n    expect(typeof config).toBe('object');\n    expect(config).toBeDefined();\n    expect(config.mode).toEqual('production');\n  });\n\n  it('should be return jest config not is build', () => {\n    process.env.NODE_ENV = 'dev';\n    const config = buildConfig({ output: {}, optimization: {} });\n    expect(config).not.toBe(null);\n    expect(typeof config).toBe('object');\n    expect(config).toBeDefined();\n    expect(config.mode).toEqual('none');\n  });\n});\n",
              "err": {},
              "uuid": "c6966595-2662-4fac-abb4-c256a2c1a8dc",
              "parentUUID": "05f0e9f7-549a-4cae-9195-4f50b743658c",
              "isHook": false,
              "skipped": false
            },
            {
              "fullTitle": "build-config > should be return jest config not is build",
              "title": "build-config > should be return jest config not is build",
              "timedOut": false,
              "duration": 1,
              "state": "passed",
              "speed": "fast",
              "pass": true,
              "fail": false,
              "pending": false,
              "context": null,
              "code": "import { buildConfig } from '../index';\ndescribe('build-config', () => {\n  const INIT_ENVS = process.env;\n\n  beforeEach(() => {\n    jest.resetModules();\n    process.env = { ...INIT_ENVS };\n  });\n\n  afterAll(() => {\n    process.env = INIT_ENVS;\n  });\n\n  it('should be return jest config is build', () => {\n    process.env.NODE_ENV = 'build';\n    const config = buildConfig({ output: {}, optimization: {} });\n    expect(config).not.toBe(null);\n    expect(typeof config).toBe('object');\n    expect(config).toBeDefined();\n    expect(config.mode).toEqual('production');\n  });\n\n  it('should be return jest config not is build', () => {\n    process.env.NODE_ENV = 'dev';\n    const config = buildConfig({ output: {}, optimization: {} });\n    expect(config).not.toBe(null);\n    expect(typeof config).toBe('object');\n    expect(config).toBeDefined();\n    expect(config.mode).toEqual('none');\n  });\n});\n",
              "err": {},
              "uuid": "d7a8aadf-6a65-47a7-a0d1-6599072eeb23",
              "parentUUID": "05f0e9f7-549a-4cae-9195-4f50b743658c",
              "isHook": false,
              "skipped": false
            },
            {
              "fullTitle": "testing-library > should be return jest config",
              "title": "testing-library > should be return jest config",
              "timedOut": false,
              "duration": 2,
              "state": "passed",
              "speed": "fast",
              "pass": true,
              "fail": false,
              "pending": false,
              "context": null,
              "code": "import { jestConfig } from '../index';\n\ndescribe('testing-library', () => {\n  it('should be return jest config', () => {\n    const config = jestConfig();\n    expect(config).not.toBe(null);\n    expect(typeof config).toBe('object');\n    expect(config).toBeDefined();\n  });\n});\n",
              "err": {},
              "uuid": "7d07e3f4-48ac-4308-8c17-34e45868689a",
              "parentUUID": "05f0e9f7-549a-4cae-9195-4f50b743658c",
              "isHook": false,
              "skipped": false
            },
            {
              "fullTitle": "eslint-config > should be return jest config",
              "title": "eslint-config > should be return jest config",
              "timedOut": false,
              "duration": 2,
              "state": "passed",
              "speed": "fast",
              "pass": true,
              "fail": false,
              "pending": false,
              "context": null,
              "code": "import { eslintConfig } from '../index';\ndescribe('eslint-config', () => {\n  it('should be return jest config', () => {\n    const config = eslintConfig();\n    expect(config).not.toBe(null);\n    expect(typeof config).toBe('object');\n    expect(config).toBeDefined();\n  });\n});\n",
              "err": {},
              "uuid": "03544d79-00c1-4c54-88f3-2357f75aa579",
              "parentUUID": "05f0e9f7-549a-4cae-9195-4f50b743658c",
              "isHook": false,
              "skipped": false
            }
          ],
          "suites": [],
          "passes": [
            "c6966595-2662-4fac-abb4-c256a2c1a8dc",
            "d7a8aadf-6a65-47a7-a0d1-6599072eeb23",
            "7d07e3f4-48ac-4308-8c17-34e45868689a",
            "03544d79-00c1-4c54-88f3-2357f75aa579"
          ],
          "failures": [],
          "pending": [],
          "skipped": [],
          "duration": 8,
          "root": false,
          "rootEmpty": false,
          "_timeout": 5000
        }
      ],
      "passes": [],
      "failures": [],
      "pending": [],
      "skipped": [],
      "duration": 0,
      "root": true,
      "rootEmpty": true,
      "_timeout": 5000
    }
  ]
}