{
  "stats": {
    "suites": 3,
    "tests": 4,
    "passes": 4,
    "pending": 0,
    "failures": 0,
    "testsRegistered": 4,
    "passPercent": 100,
    "pendingPercent": 0,
    "other": 0,
    "hasOther": false,
    "skipped": 0,
    "hasSkipped": false,
    "start": "2023-05-01T23:22:09.906Z",
    "end": "2023-05-01T23:22:09.914Z",
    "duration": 8
  },
  "results": [
    {
      "uuid": "76fb780a-d137-4b79-ae1a-017b2970fb67",
      "title": "@tresdoce-nestjs-toolkit/commons",
      "fullFile": "",
      "file": "",
      "beforeHooks": [],
      "afterHooks": [],
      "tests": [],
      "suites": [
        {
          "uuid": "8024b736-c2c0-4262-8eab-af1e382bc32b",
          "title": "@tresdoce-nestjs-toolkit/commons",
          "fullFile": "",
          "file": "",
          "beforeHooks": [],
          "afterHooks": [],
          "tests": [
            {
              "title": "should be return jest config is build",
              "fullTitle": "build-config > should be return jest config is build",
              "timedOut": false,
              "duration": 3,
              "state": "passed",
              "speed": null,
              "pass": true,
              "fail": false,
              "pending": false,
              "context": null,
              "code": "",
              "err": {},
              "uuid": "7753dcb0-2ac6-4b36-89e1-5040614add9c",
              "parentUUID": "8024b736-c2c0-4262-8eab-af1e382bc32b",
              "isHook": false,
              "skipped": false
            },
            {
              "title": "should be return jest config not is build",
              "fullTitle": "build-config > should be return jest config not is build",
              "timedOut": false,
              "duration": 1,
              "state": "passed",
              "speed": null,
              "pass": true,
              "fail": false,
              "pending": false,
              "context": null,
              "code": "",
              "err": {},
              "uuid": "1abc21f0-0b89-486f-83be-7232590fab06",
              "parentUUID": "8024b736-c2c0-4262-8eab-af1e382bc32b",
              "isHook": false,
              "skipped": false
            },
            {
              "title": "should be return jest config",
              "fullTitle": "testing-library > should be return jest config",
              "timedOut": false,
              "duration": 2,
              "state": "passed",
              "speed": null,
              "pass": true,
              "fail": false,
              "pending": false,
              "context": null,
              "code": "",
              "err": {},
              "uuid": "fd1ef85a-d4d9-4456-ab1c-f79b2bffc8ad",
              "parentUUID": "8024b736-c2c0-4262-8eab-af1e382bc32b",
              "isHook": false,
              "skipped": false
            },
            {
              "title": "should be return jest config",
              "fullTitle": "eslint-config > should be return jest config",
              "timedOut": false,
              "duration": 2,
              "state": "passed",
              "speed": null,
              "pass": true,
              "fail": false,
              "pending": false,
              "context": null,
              "code": "",
              "err": {},
              "uuid": "38a161fe-a5c6-46ba-bb45-73e54b9e2922",
              "parentUUID": "8024b736-c2c0-4262-8eab-af1e382bc32b",
              "isHook": false,
              "skipped": false
            }
          ],
          "suites": [],
          "passes": [
            "7753dcb0-2ac6-4b36-89e1-5040614add9c",
            "1abc21f0-0b89-486f-83be-7232590fab06",
            "fd1ef85a-d4d9-4456-ab1c-f79b2bffc8ad",
            "38a161fe-a5c6-46ba-bb45-73e54b9e2922"
          ],
          "failures": [],
          "pending": [],
          "skipped": [],
          "duration": 8,
          "root": false,
          "rootEmpty": false,
          "_timeout": 5000
        }
      ],
      "passes": [],
      "failures": [],
      "pending": [],
      "skipped": [],
      "duration": 0,
      "root": true,
      "rootEmpty": true,
      "_timeout": 5000
    }
  ]
}
