{
  "stats": {
    "suites": 3,
    "tests": 4,
    "passes": 4,
    "pending": 0,
    "failures": 0,
    "testsRegistered": 4,
    "passPercent": 100,
    "pendingPercent": 0,
    "other": 0,
    "hasOther": false,
    "skipped": 0,
    "hasSkipped": false,
    "start": "2023-05-03T01:41:13.464Z",
    "end": "2023-05-03T01:41:13.472Z",
    "duration": 8
  },
  "results": [
    {
      "uuid": "897b94bc-1055-416e-b44a-0edbbac1f8fe",
      "title": "@tresdoce-nestjs-toolkit/commons",
      "fullFile": "",
      "file": "",
      "beforeHooks": [],
      "afterHooks": [],
      "tests": [],
      "suites": [
        {
          "uuid": "68deb495-5b46-481a-8ef5-0fe0c86ba1a6",
          "title": "@tresdoce-nestjs-toolkit/commons",
          "fullFile": "",
          "file": "",
          "beforeHooks": [],
          "afterHooks": [],
          "tests": [
            {
              "fullTitle": "build-config > should be return jest config is build",
              "title": "build-config > should be return jest config is build",
              "timedOut": false,
              "duration": 3,
              "state": "passed",
              "speed": "fast",
              "pass": true,
              "fail": false,
              "pending": false,
              "context": null,
              "code": "import { buildConfig } from '../index';\ndescribe('build-config', () => {\n  const INIT_ENVS = process.env;\n\n  beforeEach(() => {\n    jest.resetModules();\n    process.env = { ...INIT_ENVS };\n  });\n\n  afterAll(() => {\n    process.env = INIT_ENVS;\n  });\n\n  it('should be return jest config is build', () => {\n    process.env.NODE_ENV = 'build';\n    const config = buildConfig({ output: {}, optimization: {} });\n    expect(config).not.toBe(null);\n    expect(typeof config).toBe('object');\n    expect(config).toBeDefined();\n    expect(config.mode).toEqual('production');\n  });\n\n  it('should be return jest config not is build', () => {\n    process.env.NODE_ENV = 'dev';\n    const config = buildConfig({ output: {}, optimization: {} });\n    expect(config).not.toBe(null);\n    expect(typeof config).toBe('object');\n    expect(config).toBeDefined();\n    expect(config.mode).toEqual('none');\n  });\n});\n",
              "err": {},
              "uuid": "cfa178f1-ecb1-44ba-b593-5d82b0329ec0",
              "parentUUID": "68deb495-5b46-481a-8ef5-0fe0c86ba1a6",
              "isHook": false,
              "skipped": false
            },
            {
              "fullTitle": "build-config > should be return jest config not is build",
              "title": "build-config > should be return jest config not is build",
              "timedOut": false,
              "duration": 1,
              "state": "passed",
              "speed": "fast",
              "pass": true,
              "fail": false,
              "pending": false,
              "context": null,
              "code": "import { buildConfig } from '../index';\ndescribe('build-config', () => {\n  const INIT_ENVS = process.env;\n\n  beforeEach(() => {\n    jest.resetModules();\n    process.env = { ...INIT_ENVS };\n  });\n\n  afterAll(() => {\n    process.env = INIT_ENVS;\n  });\n\n  it('should be return jest config is build', () => {\n    process.env.NODE_ENV = 'build';\n    const config = buildConfig({ output: {}, optimization: {} });\n    expect(config).not.toBe(null);\n    expect(typeof config).toBe('object');\n    expect(config).toBeDefined();\n    expect(config.mode).toEqual('production');\n  });\n\n  it('should be return jest config not is build', () => {\n    process.env.NODE_ENV = 'dev';\n    const config = buildConfig({ output: {}, optimization: {} });\n    expect(config).not.toBe(null);\n    expect(typeof config).toBe('object');\n    expect(config).toBeDefined();\n    expect(config.mode).toEqual('none');\n  });\n});\n",
              "err": {},
              "uuid": "301cee8a-e0e3-49a8-ada9-1a95f00b6386",
              "parentUUID": "68deb495-5b46-481a-8ef5-0fe0c86ba1a6",
              "isHook": false,
              "skipped": false
            },
            {
              "fullTitle": "eslint-config > should be return jest config",
              "title": "eslint-config > should be return jest config",
              "timedOut": false,
              "duration": 2,
              "state": "passed",
              "speed": "fast",
              "pass": true,
              "fail": false,
              "pending": false,
              "context": null,
              "code": "import { eslintConfig } from '../index';\ndescribe('eslint-config', () => {\n  it('should be return jest config', () => {\n    const config = eslintConfig();\n    expect(config).not.toBe(null);\n    expect(typeof config).toBe('object');\n    expect(config).toBeDefined();\n  });\n});\n",
              "err": {},
              "uuid": "eb53e2e0-d947-4429-a5ed-18847b675b6e",
              "parentUUID": "68deb495-5b46-481a-8ef5-0fe0c86ba1a6",
              "isHook": false,
              "skipped": false
            },
            {
              "fullTitle": "testing-library > should be return jest config",
              "title": "testing-library > should be return jest config",
              "timedOut": false,
              "duration": 2,
              "state": "passed",
              "speed": "fast",
              "pass": true,
              "fail": false,
              "pending": false,
              "context": null,
              "code": "import { jestConfig } from '../index';\n\ndescribe('testing-library', () => {\n  it('should be return jest config', () => {\n    const config = jestConfig();\n    expect(config).not.toBe(null);\n    expect(typeof config).toBe('object');\n    expect(config).toBeDefined();\n  });\n});\n",
              "err": {},
              "uuid": "5df78768-1886-4dd9-8269-e73f601baaa3",
              "parentUUID": "68deb495-5b46-481a-8ef5-0fe0c86ba1a6",
              "isHook": false,
              "skipped": false
            }
          ],
          "suites": [],
          "passes": [
            "cfa178f1-ecb1-44ba-b593-5d82b0329ec0",
            "301cee8a-e0e3-49a8-ada9-1a95f00b6386",
            "eb53e2e0-d947-4429-a5ed-18847b675b6e",
            "5df78768-1886-4dd9-8269-e73f601baaa3"
          ],
          "failures": [],
          "pending": [],
          "skipped": [],
          "duration": 8,
          "root": false,
          "rootEmpty": false,
          "_timeout": 5000
        }
      ],
      "passes": [],
      "failures": [],
      "pending": [],
      "skipped": [],
      "duration": 0,
      "root": true,
      "rootEmpty": true,
      "_timeout": 5000
    }
  ]
}
