{
  "stats": {
    "suites": 3,
    "tests": 4,
    "passes": 4,
    "pending": 0,
    "failures": 0,
    "testsRegistered": 4,
    "passPercent": 100,
    "pendingPercent": 0,
    "other": 0,
    "hasOther": false,
    "skipped": 0,
    "hasSkipped": false,
    "start": "2023-05-02T02:24:16.578Z",
    "end": "2023-05-02T02:24:16.586Z",
    "duration": 8
  },
  "results": [
    {
      "uuid": "ac9c14c0-c26c-4930-bfe6-fd763e9aa0c0",
      "title": "@tresdoce-nestjs-toolkit/commons",
      "fullFile": "",
      "file": "",
      "beforeHooks": [],
      "afterHooks": [],
      "tests": [],
      "suites": [
        {
          "uuid": "6e523902-ed0f-457f-b070-7d60305b3647",
          "title": "@tresdoce-nestjs-toolkit/commons",
          "fullFile": "",
          "file": "",
          "beforeHooks": [],
          "afterHooks": [],
          "tests": [
            {
              "title": "build-config > should be return jest config is build",
              "fullTitle": "should be return jest config is build",
              "timedOut": false,
              "duration": 3,
              "state": "passed",
              "speed": null,
              "pass": true,
              "fail": false,
              "pending": false,
              "context": null,
              "code": "import { buildConfig } from '../index';\ndescribe('build-config', () => {\n  const INIT_ENVS = process.env;\n\n  beforeEach(() => {\n    jest.resetModules();\n    process.env = { ...INIT_ENVS };\n  });\n\n  afterAll(() => {\n    process.env = INIT_ENVS;\n  });\n\n  it('should be return jest config is build', () => {\n    process.env.NODE_ENV = 'build';\n    const config = buildConfig({ output: {}, optimization: {} });\n    expect(config).not.toBe(null);\n    expect(typeof config).toBe('object');\n    expect(config).toBeDefined();\n    expect(config.mode).toEqual('production');\n  });\n\n  it('should be return jest config not is build', () => {\n    process.env.NODE_ENV = 'dev';\n    const config = buildConfig({ output: {}, optimization: {} });\n    expect(config).not.toBe(null);\n    expect(typeof config).toBe('object');\n    expect(config).toBeDefined();\n    expect(config.mode).toEqual('none');\n  });\n});\n",
              "err": {},
              "uuid": "aedac7c9-dda3-4c3d-bfba-2106a8078116",
              "parentUUID": "6e523902-ed0f-457f-b070-7d60305b3647",
              "isHook": false,
              "skipped": false
            },
            {
              "title": "build-config > should be return jest config not is build",
              "fullTitle": "should be return jest config not is build",
              "timedOut": false,
              "duration": 1,
              "state": "passed",
              "speed": null,
              "pass": true,
              "fail": false,
              "pending": false,
              "context": null,
              "code": "import { buildConfig } from '../index';\ndescribe('build-config', () => {\n  const INIT_ENVS = process.env;\n\n  beforeEach(() => {\n    jest.resetModules();\n    process.env = { ...INIT_ENVS };\n  });\n\n  afterAll(() => {\n    process.env = INIT_ENVS;\n  });\n\n  it('should be return jest config is build', () => {\n    process.env.NODE_ENV = 'build';\n    const config = buildConfig({ output: {}, optimization: {} });\n    expect(config).not.toBe(null);\n    expect(typeof config).toBe('object');\n    expect(config).toBeDefined();\n    expect(config.mode).toEqual('production');\n  });\n\n  it('should be return jest config not is build', () => {\n    process.env.NODE_ENV = 'dev';\n    const config = buildConfig({ output: {}, optimization: {} });\n    expect(config).not.toBe(null);\n    expect(typeof config).toBe('object');\n    expect(config).toBeDefined();\n    expect(config.mode).toEqual('none');\n  });\n});\n",
              "err": {},
              "uuid": "d7b833cd-9548-43b7-a2d6-78f5f6686888",
              "parentUUID": "6e523902-ed0f-457f-b070-7d60305b3647",
              "isHook": false,
              "skipped": false
            },
            {
              "title": "eslint-config > should be return jest config",
              "fullTitle": "should be return jest config",
              "timedOut": false,
              "duration": 2,
              "state": "passed",
              "speed": null,
              "pass": true,
              "fail": false,
              "pending": false,
              "context": null,
              "code": "import { eslintConfig } from '../index';\ndescribe('eslint-config', () => {\n  it('should be return jest config', () => {\n    const config = eslintConfig();\n    expect(config).not.toBe(null);\n    expect(typeof config).toBe('object');\n    expect(config).toBeDefined();\n  });\n});\n",
              "err": {},
              "uuid": "ceabcfea-220e-4f3e-900e-f04648d45422",
              "parentUUID": "6e523902-ed0f-457f-b070-7d60305b3647",
              "isHook": false,
              "skipped": false
            },
            {
              "title": "testing-library > should be return jest config",
              "fullTitle": "should be return jest config",
              "timedOut": false,
              "duration": 2,
              "state": "passed",
              "speed": null,
              "pass": true,
              "fail": false,
              "pending": false,
              "context": null,
              "code": "import { jestConfig } from '../index';\n\ndescribe('testing-library', () => {\n  it('should be return jest config', () => {\n    const config = jestConfig();\n    expect(config).not.toBe(null);\n    expect(typeof config).toBe('object');\n    expect(config).toBeDefined();\n  });\n});\n",
              "err": {},
              "uuid": "c92ec633-cb69-424a-afac-7e9c24d83401",
              "parentUUID": "6e523902-ed0f-457f-b070-7d60305b3647",
              "isHook": false,
              "skipped": false
            }
          ],
          "suites": [],
          "passes": [
            "aedac7c9-dda3-4c3d-bfba-2106a8078116",
            "d7b833cd-9548-43b7-a2d6-78f5f6686888",
            "ceabcfea-220e-4f3e-900e-f04648d45422",
            "c92ec633-cb69-424a-afac-7e9c24d83401"
          ],
          "failures": [],
          "pending": [],
          "skipped": [],
          "duration": 8,
          "root": false,
          "rootEmpty": false,
          "_timeout": 5000
        }
      ],
      "passes": [],
      "failures": [],
      "pending": [],
      "skipped": [],
      "duration": 0,
      "root": true,
      "rootEmpty": true,
      "_timeout": 5000
    }
  ]
}
