{
  "stats": {
    "suites": 4,
    "tests": 10,
    "passes": 10,
    "pending": 0,
    "failures": 0,
    "testsRegistered": 10,
    "passPercent": 100,
    "pendingPercent": 0,
    "other": 0,
    "hasOther": false,
    "skipped": 0,
    "hasSkipped": false,
    "start": "2023-05-01T23:24:27.896Z",
    "end": "2023-05-01T23:24:29.537Z",
    "duration": 1641
  },
  "results": [
    {
      "uuid": "df9133c3-16b8-4973-8f56-a751fc9738ae",
      "title": "@tresdoce-nestjs-toolkit/health",
      "fullFile": "",
      "file": "",
      "beforeHooks": [],
      "afterHooks": [],
      "tests": [],
      "suites": [
        {
          "uuid": "7e7d9980-87cb-4301-a63e-51728fabeccd",
          "title": "@tresdoce-nestjs-toolkit/health",
          "fullFile": "",
          "file": "",
          "beforeHooks": [],
          "afterHooks": [],
          "tests": [
            {
              "title": "should be defined with extend config",
              "fullTitle": "Health > Ready controller - extend config > should be defined with extend config",
              "timedOut": false,
              "duration": 673,
              "state": "passed",
              "speed": null,
              "pass": true,
              "fail": false,
              "pending": false,
              "context": null,
              "code": "",
              "err": {},
              "uuid": "1097a587-0cb3-4944-8ff7-9b4bdab16af8",
              "parentUUID": "7e7d9980-87cb-4301-a63e-51728fabeccd",
              "isHook": false,
              "skipped": false
            },
            {
              "title": "should be return up services with extend config",
              "fullTitle": "Health > Ready controller - extend config > should be return up services with extend config",
              "timedOut": false,
              "duration": 7,
              "state": "passed",
              "speed": null,
              "pass": true,
              "fail": false,
              "pending": false,
              "context": null,
              "code": "",
              "err": {},
              "uuid": "cdbb15cc-2a34-480a-8baa-079f6bc399f3",
              "parentUUID": "7e7d9980-87cb-4301-a63e-51728fabeccd",
              "isHook": false,
              "skipped": false
            },
            {
              "title": "should be defined with simple config",
              "fullTitle": "Health > Ready controller - extend config > should be defined with simple config",
              "timedOut": false,
              "duration": 6,
              "state": "passed",
              "speed": null,
              "pass": true,
              "fail": false,
              "pending": false,
              "context": null,
              "code": "",
              "err": {},
              "uuid": "4438e26d-0033-4b44-a992-f9613da63622",
              "parentUUID": "7e7d9980-87cb-4301-a63e-51728fabeccd",
              "isHook": false,
              "skipped": false
            },
            {
              "title": "should be return up services with simple config",
              "fullTitle": "Health > Ready controller - extend config > should be return up services with simple config",
              "timedOut": false,
              "duration": 5,
              "state": "passed",
              "speed": null,
              "pass": true,
              "fail": false,
              "pending": false,
              "context": null,
              "code": "",
              "err": {},
              "uuid": "dc1e8221-3832-4f4e-8d1c-ad3ee3faf1da",
              "parentUUID": "7e7d9980-87cb-4301-a63e-51728fabeccd",
              "isHook": false,
              "skipped": false
            },
            {
              "title": "should be define",
              "fullTitle": "HealthModule > should be define",
              "timedOut": false,
              "duration": 427,
              "state": "passed",
              "speed": null,
              "pass": true,
              "fail": false,
              "pending": false,
              "context": null,
              "code": "",
              "err": {},
              "uuid": "6a15d0b7-dcca-437d-b33c-292afdb0ad02",
              "parentUUID": "7e7d9980-87cb-4301-a63e-51728fabeccd",
              "isHook": false,
              "skipped": false
            },
            {
              "title": "should be return status up",
              "fullTitle": "HealthModule > should be return status up",
              "timedOut": false,
              "duration": 12,
              "state": "passed",
              "speed": null,
              "pass": true,
              "fail": false,
              "pending": false,
              "context": null,
              "code": "",
              "err": {},
              "uuid": "202e9651-449d-436a-b1b9-9015418d3fe8",
              "parentUUID": "7e7d9980-87cb-4301-a63e-51728fabeccd",
              "isHook": false,
              "skipped": false
            },
            {
              "title": "should be return readiness services",
              "fullTitle": "HealthModule > should be return readiness services",
              "timedOut": false,
              "duration": 494,
              "state": "passed",
              "speed": null,
              "pass": true,
              "fail": false,
              "pending": false,
              "context": null,
              "code": "",
              "err": {},
              "uuid": "0c4abce8-ac6b-4457-b867-9951db04faf7",
              "parentUUID": "7e7d9980-87cb-4301-a63e-51728fabeccd",
              "isHook": false,
              "skipped": false
            },
            {
              "title": "should be defined",
              "fullTitle": "Health - Live controller > should be defined",
              "timedOut": false,
              "duration": 12,
              "state": "passed",
              "speed": null,
              "pass": true,
              "fail": false,
              "pending": false,
              "context": null,
              "code": "",
              "err": {},
              "uuid": "288409cf-ba56-401f-8776-80352fdff380",
              "parentUUID": "7e7d9980-87cb-4301-a63e-51728fabeccd",
              "isHook": false,
              "skipped": false
            },
            {
              "title": "should be return up liveness",
              "fullTitle": "Health - Live controller > should be return up liveness",
              "timedOut": false,
              "duration": 3,
              "state": "passed",
              "speed": null,
              "pass": true,
              "fail": false,
              "pending": false,
              "context": null,
              "code": "",
              "err": {},
              "uuid": "043621da-5fb7-4dad-a2de-b0057f59d810",
              "parentUUID": "7e7d9980-87cb-4301-a63e-51728fabeccd",
              "isHook": false,
              "skipped": false
            },
            {
              "title": "should be return exclude to prefix global",
              "fullTitle": "healthConstants > should be return exclude to prefix global",
              "timedOut": false,
              "duration": 2,
              "state": "passed",
              "speed": null,
              "pass": true,
              "fail": false,
              "pending": false,
              "context": null,
              "code": "",
              "err": {},
              "uuid": "9091b163-22a2-4a3c-bc1b-31e2174efdb2",
              "parentUUID": "7e7d9980-87cb-4301-a63e-51728fabeccd",
              "isHook": false,
              "skipped": false
            }
          ],
          "suites": [],
          "passes": [
            "1097a587-0cb3-4944-8ff7-9b4bdab16af8",
            "cdbb15cc-2a34-480a-8baa-079f6bc399f3",
            "4438e26d-0033-4b44-a992-f9613da63622",
            "dc1e8221-3832-4f4e-8d1c-ad3ee3faf1da",
            "6a15d0b7-dcca-437d-b33c-292afdb0ad02",
            "202e9651-449d-436a-b1b9-9015418d3fe8",
            "0c4abce8-ac6b-4457-b867-9951db04faf7",
            "288409cf-ba56-401f-8776-80352fdff380",
            "043621da-5fb7-4dad-a2de-b0057f59d810",
            "9091b163-22a2-4a3c-bc1b-31e2174efdb2"
          ],
          "failures": [],
          "pending": [],
          "skipped": [],
          "duration": 1641,
          "root": false,
          "rootEmpty": false,
          "_timeout": 5000
        }
      ],
      "passes": [],
      "failures": [],
      "pending": [],
      "skipped": [],
      "duration": 0,
      "root": true,
      "rootEmpty": true,
      "_timeout": 5000
    }
  ]
}
