{
  "stats": {
    "suites": 4,
    "tests": 10,
    "passes": 10,
    "pending": 0,
    "failures": 0,
    "testsRegistered": 10,
    "passPercent": 100,
    "pendingPercent": 0,
    "other": 0,
    "hasOther": false,
    "skipped": 0,
    "hasSkipped": false,
    "start": "2023-05-01T23:13:19.463Z",
    "end": "2023-05-01T23:13:21.240Z",
    "duration": 1777
  },
  "results": [
    {
      "uuid": "6e61b80f-f9e3-415d-8801-91a2e7240ec5",
      "title": "@tresdoce-nestjs-toolkit/health",
      "fullFile": "",
      "file": "",
      "beforeHooks": [],
      "afterHooks": [],
      "tests": [],
      "suites": [
        {
          "uuid": "d197e9cf-85f0-4147-993a-8e7d7ad4cfda",
          "title": "@tresdoce-nestjs-toolkit/health",
          "fullFile": "",
          "file": "",
          "beforeHooks": [],
          "afterHooks": [],
          "tests": [
            {
              "title": "should be defined with extend config",
              "fullTitle": "Health > Ready controller - extend config > should be defined with extend config",
              "timedOut": false,
              "duration": 761,
              "state": "passed",
              "speed": null,
              "pass": true,
              "fail": false,
              "pending": false,
              "context": null,
              "code": "",
              "err": {},
              "uuid": "b7e8e73f-a630-4a40-bac0-86294dec43f8",
              "parentUUID": "d197e9cf-85f0-4147-993a-8e7d7ad4cfda",
              "isHook": false,
              "skipped": false
            },
            {
              "title": "should be return up services with extend config",
              "fullTitle": "Health > Ready controller - extend config > should be return up services with extend config",
              "timedOut": false,
              "duration": 7,
              "state": "passed",
              "speed": null,
              "pass": true,
              "fail": false,
              "pending": false,
              "context": null,
              "code": "",
              "err": {},
              "uuid": "48046496-c1c2-47fd-94f7-04209725afce",
              "parentUUID": "d197e9cf-85f0-4147-993a-8e7d7ad4cfda",
              "isHook": false,
              "skipped": false
            },
            {
              "title": "should be defined with simple config",
              "fullTitle": "Health > Ready controller - extend config > should be defined with simple config",
              "timedOut": false,
              "duration": 5,
              "state": "passed",
              "speed": null,
              "pass": true,
              "fail": false,
              "pending": false,
              "context": null,
              "code": "",
              "err": {},
              "uuid": "4c5e120a-f04a-4bed-89a7-4aa325dcc9bc",
              "parentUUID": "d197e9cf-85f0-4147-993a-8e7d7ad4cfda",
              "isHook": false,
              "skipped": false
            },
            {
              "title": "should be return up services with simple config",
              "fullTitle": "Health > Ready controller - extend config > should be return up services with simple config",
              "timedOut": false,
              "duration": 5,
              "state": "passed",
              "speed": null,
              "pass": true,
              "fail": false,
              "pending": false,
              "context": null,
              "code": "",
              "err": {},
              "uuid": "965546ad-ba08-4aff-9470-6a716b9266b0",
              "parentUUID": "d197e9cf-85f0-4147-993a-8e7d7ad4cfda",
              "isHook": false,
              "skipped": false
            },
            {
              "title": "should be define",
              "fullTitle": "HealthModule > should be define",
              "timedOut": false,
              "duration": 597,
              "state": "passed",
              "speed": null,
              "pass": true,
              "fail": false,
              "pending": false,
              "context": null,
              "code": "",
              "err": {},
              "uuid": "9902eddd-78ab-4dcd-9535-f806f9b27631",
              "parentUUID": "d197e9cf-85f0-4147-993a-8e7d7ad4cfda",
              "isHook": false,
              "skipped": false
            },
            {
              "title": "should be return status up",
              "fullTitle": "HealthModule > should be return status up",
              "timedOut": false,
              "duration": 12,
              "state": "passed",
              "speed": null,
              "pass": true,
              "fail": false,
              "pending": false,
              "context": null,
              "code": "",
              "err": {},
              "uuid": "c171d3e5-f3a4-481f-9f49-1a3d5c1a6f26",
              "parentUUID": "d197e9cf-85f0-4147-993a-8e7d7ad4cfda",
              "isHook": false,
              "skipped": false
            },
            {
              "title": "should be return readiness services",
              "fullTitle": "HealthModule > should be return readiness services",
              "timedOut": false,
              "duration": 373,
              "state": "passed",
              "speed": null,
              "pass": true,
              "fail": false,
              "pending": false,
              "context": null,
              "code": "",
              "err": {},
              "uuid": "355fef8f-f158-41e1-9f6e-dfa9b86a9b77",
              "parentUUID": "d197e9cf-85f0-4147-993a-8e7d7ad4cfda",
              "isHook": false,
              "skipped": false
            },
            {
              "title": "should be defined",
              "fullTitle": "Health - Live controller > should be defined",
              "timedOut": false,
              "duration": 11,
              "state": "passed",
              "speed": null,
              "pass": true,
              "fail": false,
              "pending": false,
              "context": null,
              "code": "",
              "err": {},
              "uuid": "29cf8bb6-ea71-4799-9611-95bb5005f998",
              "parentUUID": "d197e9cf-85f0-4147-993a-8e7d7ad4cfda",
              "isHook": false,
              "skipped": false
            },
            {
              "title": "should be return up liveness",
              "fullTitle": "Health - Live controller > should be return up liveness",
              "timedOut": false,
              "duration": 3,
              "state": "passed",
              "speed": null,
              "pass": true,
              "fail": false,
              "pending": false,
              "context": null,
              "code": "",
              "err": {},
              "uuid": "7a0bc484-bef6-449b-8b62-189e97436344",
              "parentUUID": "d197e9cf-85f0-4147-993a-8e7d7ad4cfda",
              "isHook": false,
              "skipped": false
            },
            {
              "title": "should be return exclude to prefix global",
              "fullTitle": "healthConstants > should be return exclude to prefix global",
              "timedOut": false,
              "duration": 3,
              "state": "passed",
              "speed": null,
              "pass": true,
              "fail": false,
              "pending": false,
              "context": null,
              "code": "",
              "err": {},
              "uuid": "d1cad4ab-afb9-4fde-898d-18219196b23b",
              "parentUUID": "d197e9cf-85f0-4147-993a-8e7d7ad4cfda",
              "isHook": false,
              "skipped": false
            }
          ],
          "suites": [],
          "passes": [
            "b7e8e73f-a630-4a40-bac0-86294dec43f8",
            "48046496-c1c2-47fd-94f7-04209725afce",
            "4c5e120a-f04a-4bed-89a7-4aa325dcc9bc",
            "965546ad-ba08-4aff-9470-6a716b9266b0",
            "9902eddd-78ab-4dcd-9535-f806f9b27631",
            "c171d3e5-f3a4-481f-9f49-1a3d5c1a6f26",
            "355fef8f-f158-41e1-9f6e-dfa9b86a9b77",
            "29cf8bb6-ea71-4799-9611-95bb5005f998",
            "7a0bc484-bef6-449b-8b62-189e97436344",
            "d1cad4ab-afb9-4fde-898d-18219196b23b"
          ],
          "failures": [],
          "pending": [],
          "skipped": [],
          "duration": 1777,
          "root": false,
          "rootEmpty": false,
          "_timeout": 5000
        }
      ],
      "passes": [],
      "failures": [],
      "pending": [],
      "skipped": [],
      "duration": 0,
      "root": true,
      "rootEmpty": true,
      "_timeout": 5000
    }
  ]
}
