{
  "stats": {
    "suites": 4,
    "tests": 10,
    "passes": 10,
    "pending": 0,
    "failures": 0,
    "testsRegistered": 10,
    "passPercent": 100,
    "pendingPercent": 0,
    "other": 0,
    "hasOther": false,
    "skipped": 0,
    "hasSkipped": false,
    "start": "2023-05-02T17:44:46.087Z",
    "end": "2023-05-02T17:44:47.440Z",
    "duration": 1353
  },
  "results": [
    {
      "uuid": "5884c98a-4a16-4578-95e2-fd0aa2e31a99",
      "title": "@tresdoce-nestjs-toolkit/health",
      "fullFile": "",
      "file": "",
      "beforeHooks": [],
      "afterHooks": [],
      "tests": [],
      "suites": [
        {
          "uuid": "b0e244a7-0c81-4501-9781-0d0b6a92b260",
          "title": "@tresdoce-nestjs-toolkit/health",
          "fullFile": "",
          "file": "",
          "beforeHooks": [],
          "afterHooks": [],
          "tests": [
            {
              "fullTitle": "Health > Ready controller - extend config > should be defined with extend config",
              "title": "Health > Ready controller - extend config > should be defined with extend config",
              "timedOut": false,
              "duration": 580,
              "state": "passed",
              "speed": null,
              "pass": true,
              "fail": false,
              "pending": false,
              "context": null,
              "code": "import { Test, TestingModule } from '@nestjs/testing';\nimport { HttpModule } from '@nestjs/axios';\nimport {\n  HealthCheckService,\n  HttpHealthIndicator,\n  TerminusModule,\n  TypeOrmHealthIndicator,\n  MicroserviceHealthIndicator,\n} from '@nestjs/terminus';\n\nimport { ReadinessController } from '../health/controllers/readiness.controller';\nimport { CONFIG_OPTIONS } from '../health/constants';\n\nconst mockedConfig = {\n  services: {\n    myService: {\n      url: 'http://localhost:8082',\n      timeout: 3000,\n    },\n    demoApi: {\n      url: 'https://nestjs-starter.up.railway.app',\n      timeout: 3000,\n      healthPath: '/v1/health/liveness',\n    },\n  },\n  database: {\n    typeorm: {\n      type: 'postgres',\n    },\n  },\n  redis: {\n    host: 'localhost',\n    port: 6379,\n  },\n  elasticsearch: {\n    name: 'test-app',\n    node: 'http://localhost:9200',\n  },\n  camunda: {\n    baseUrl: 'http://localhost:8080/engine-rest',\n  },\n};\n\nconst mockExpectReadiness = {\n  status: 'ok',\n  info: {\n    myService: {\n      status: 'up',\n    },\n    typeOrm: {\n      status: 'up',\n    },\n    redis: {\n      status: 'up',\n    },\n    elasticsearch: {\n      status: 'up',\n    },\n    camunda: {\n      status: 'up',\n    },\n  },\n  error: {},\n  details: {\n    myService: {\n      status: 'up',\n    },\n    typeOrm: {\n      status: 'up',\n    },\n    redis: {\n      status: 'up',\n    },\n    elasticsearch: {\n      status: 'up',\n    },\n    camunda: {\n      status: 'up',\n    },\n  },\n};\n\nconst mockExpectReadinessDown = {\n  myService: {\n    status: 'down',\n    message: 'connect ECONNREFUSED 127.0.0.1:8082',\n  },\n};\n\nconst simpleConfig = {\n  services: {\n    myService: { url: 'http://localhost:8082' },\n  },\n};\n\ndescribe('Health', () => {\n  describe('Ready controller - extend config', () => {\n    let controller: ReadinessController;\n    let health: HealthCheckService;\n    let http: HttpHealthIndicator;\n    let typeOrm: TypeOrmHealthIndicator;\n    let redis: MicroserviceHealthIndicator;\n\n    beforeEach(async () => {\n      const module: TestingModule = await Test.createTestingModule({\n        imports: [TerminusModule, HttpModule],\n        controllers: [ReadinessController],\n        providers: [\n          {\n            provide: CONFIG_OPTIONS,\n            useValue: mockedConfig,\n          },\n        ],\n      }).compile();\n\n      controller = module.get<ReadinessController>(ReadinessController);\n      health = await module.resolve<HealthCheckService>(HealthCheckService);\n      http = await module.resolve<HttpHealthIndicator>(HttpHealthIndicator as any);\n      typeOrm = await module.resolve<TypeOrmHealthIndicator>(TypeOrmHealthIndicator);\n      redis = await module.resolve<MicroserviceHealthIndicator>(MicroserviceHealthIndicator);\n    });\n\n    it('should be defined with extend config', () => {\n      expect(controller).toBeDefined();\n    });\n\n    it('should be return up services with extend config', async () => {\n      http.pingCheck = jest.fn().mockImplementation(() => mockExpectReadiness.info);\n      typeOrm.pingCheck = jest.fn().mockImplementation(() => mockExpectReadiness.info);\n      redis.pingCheck = jest.fn().mockImplementation(() => mockExpectReadiness.info);\n      health.check = jest.fn().mockImplementation(() => mockExpectReadiness);\n\n      const readinessData = await controller.check();\n      expect(readinessData).toEqual(mockExpectReadiness);\n    });\n  });\n\n  describe('Ready controller - simple config', () => {\n    let controller: ReadinessController;\n    let health: HealthCheckService;\n    let http: HttpHealthIndicator;\n    let typeOrm: TypeOrmHealthIndicator;\n    let redis: MicroserviceHealthIndicator;\n\n    beforeEach(async () => {\n      const module: TestingModule = await Test.createTestingModule({\n        imports: [TerminusModule, HttpModule],\n        controllers: [ReadinessController],\n        providers: [\n          {\n            provide: CONFIG_OPTIONS,\n            useValue: simpleConfig,\n          },\n        ],\n      }).compile();\n\n      controller = module.get<ReadinessController>(ReadinessController);\n      health = await module.resolve<HealthCheckService>(HealthCheckService);\n      http = await module.resolve<HttpHealthIndicator>(HttpHealthIndicator as any);\n      typeOrm = await module.resolve<TypeOrmHealthIndicator>(TypeOrmHealthIndicator);\n      redis = await module.resolve<MicroserviceHealthIndicator>(MicroserviceHealthIndicator);\n    });\n\n    it('should be defined with simple config', () => {\n      expect(controller).toBeDefined();\n    });\n\n    it('should be return up services with simple config', async () => {\n      http.pingCheck = jest.fn().mockImplementation(() => mockExpectReadiness.info);\n      typeOrm.pingCheck = jest.fn().mockImplementation(() => mockExpectReadiness.info);\n      redis.pingCheck = jest.fn().mockImplementation(() => mockExpectReadiness.info);\n      health.check = jest.fn().mockImplementation(() => mockExpectReadiness);\n\n      const readinessData = await controller.check();\n      expect(readinessData).toEqual(mockExpectReadiness);\n    });\n  });\n});\n",
              "err": {},
              "uuid": "d72c016a-3093-4307-87e8-a78638d88a5b",
              "parentUUID": "b0e244a7-0c81-4501-9781-0d0b6a92b260",
              "isHook": false,
              "skipped": false
            },
            {
              "fullTitle": "Health > Ready controller - extend config > should be return up services with extend config",
              "title": "Health > Ready controller - extend config > should be return up services with extend config",
              "timedOut": false,
              "duration": 6,
              "state": "passed",
              "speed": null,
              "pass": true,
              "fail": false,
              "pending": false,
              "context": null,
              "code": "import { Test, TestingModule } from '@nestjs/testing';\nimport { HttpModule } from '@nestjs/axios';\nimport {\n  HealthCheckService,\n  HttpHealthIndicator,\n  TerminusModule,\n  TypeOrmHealthIndicator,\n  MicroserviceHealthIndicator,\n} from '@nestjs/terminus';\n\nimport { ReadinessController } from '../health/controllers/readiness.controller';\nimport { CONFIG_OPTIONS } from '../health/constants';\n\nconst mockedConfig = {\n  services: {\n    myService: {\n      url: 'http://localhost:8082',\n      timeout: 3000,\n    },\n    demoApi: {\n      url: 'https://nestjs-starter.up.railway.app',\n      timeout: 3000,\n      healthPath: '/v1/health/liveness',\n    },\n  },\n  database: {\n    typeorm: {\n      type: 'postgres',\n    },\n  },\n  redis: {\n    host: 'localhost',\n    port: 6379,\n  },\n  elasticsearch: {\n    name: 'test-app',\n    node: 'http://localhost:9200',\n  },\n  camunda: {\n    baseUrl: 'http://localhost:8080/engine-rest',\n  },\n};\n\nconst mockExpectReadiness = {\n  status: 'ok',\n  info: {\n    myService: {\n      status: 'up',\n    },\n    typeOrm: {\n      status: 'up',\n    },\n    redis: {\n      status: 'up',\n    },\n    elasticsearch: {\n      status: 'up',\n    },\n    camunda: {\n      status: 'up',\n    },\n  },\n  error: {},\n  details: {\n    myService: {\n      status: 'up',\n    },\n    typeOrm: {\n      status: 'up',\n    },\n    redis: {\n      status: 'up',\n    },\n    elasticsearch: {\n      status: 'up',\n    },\n    camunda: {\n      status: 'up',\n    },\n  },\n};\n\nconst mockExpectReadinessDown = {\n  myService: {\n    status: 'down',\n    message: 'connect ECONNREFUSED 127.0.0.1:8082',\n  },\n};\n\nconst simpleConfig = {\n  services: {\n    myService: { url: 'http://localhost:8082' },\n  },\n};\n\ndescribe('Health', () => {\n  describe('Ready controller - extend config', () => {\n    let controller: ReadinessController;\n    let health: HealthCheckService;\n    let http: HttpHealthIndicator;\n    let typeOrm: TypeOrmHealthIndicator;\n    let redis: MicroserviceHealthIndicator;\n\n    beforeEach(async () => {\n      const module: TestingModule = await Test.createTestingModule({\n        imports: [TerminusModule, HttpModule],\n        controllers: [ReadinessController],\n        providers: [\n          {\n            provide: CONFIG_OPTIONS,\n            useValue: mockedConfig,\n          },\n        ],\n      }).compile();\n\n      controller = module.get<ReadinessController>(ReadinessController);\n      health = await module.resolve<HealthCheckService>(HealthCheckService);\n      http = await module.resolve<HttpHealthIndicator>(HttpHealthIndicator as any);\n      typeOrm = await module.resolve<TypeOrmHealthIndicator>(TypeOrmHealthIndicator);\n      redis = await module.resolve<MicroserviceHealthIndicator>(MicroserviceHealthIndicator);\n    });\n\n    it('should be defined with extend config', () => {\n      expect(controller).toBeDefined();\n    });\n\n    it('should be return up services with extend config', async () => {\n      http.pingCheck = jest.fn().mockImplementation(() => mockExpectReadiness.info);\n      typeOrm.pingCheck = jest.fn().mockImplementation(() => mockExpectReadiness.info);\n      redis.pingCheck = jest.fn().mockImplementation(() => mockExpectReadiness.info);\n      health.check = jest.fn().mockImplementation(() => mockExpectReadiness);\n\n      const readinessData = await controller.check();\n      expect(readinessData).toEqual(mockExpectReadiness);\n    });\n  });\n\n  describe('Ready controller - simple config', () => {\n    let controller: ReadinessController;\n    let health: HealthCheckService;\n    let http: HttpHealthIndicator;\n    let typeOrm: TypeOrmHealthIndicator;\n    let redis: MicroserviceHealthIndicator;\n\n    beforeEach(async () => {\n      const module: TestingModule = await Test.createTestingModule({\n        imports: [TerminusModule, HttpModule],\n        controllers: [ReadinessController],\n        providers: [\n          {\n            provide: CONFIG_OPTIONS,\n            useValue: simpleConfig,\n          },\n        ],\n      }).compile();\n\n      controller = module.get<ReadinessController>(ReadinessController);\n      health = await module.resolve<HealthCheckService>(HealthCheckService);\n      http = await module.resolve<HttpHealthIndicator>(HttpHealthIndicator as any);\n      typeOrm = await module.resolve<TypeOrmHealthIndicator>(TypeOrmHealthIndicator);\n      redis = await module.resolve<MicroserviceHealthIndicator>(MicroserviceHealthIndicator);\n    });\n\n    it('should be defined with simple config', () => {\n      expect(controller).toBeDefined();\n    });\n\n    it('should be return up services with simple config', async () => {\n      http.pingCheck = jest.fn().mockImplementation(() => mockExpectReadiness.info);\n      typeOrm.pingCheck = jest.fn().mockImplementation(() => mockExpectReadiness.info);\n      redis.pingCheck = jest.fn().mockImplementation(() => mockExpectReadiness.info);\n      health.check = jest.fn().mockImplementation(() => mockExpectReadiness);\n\n      const readinessData = await controller.check();\n      expect(readinessData).toEqual(mockExpectReadiness);\n    });\n  });\n});\n",
              "err": {},
              "uuid": "dd6dd03d-8c6b-44d3-a6bc-21dfd3a77b48",
              "parentUUID": "b0e244a7-0c81-4501-9781-0d0b6a92b260",
              "isHook": false,
              "skipped": false
            },
            {
              "fullTitle": "Health > Ready controller - extend config > should be defined with simple config",
              "title": "Health > Ready controller - extend config > should be defined with simple config",
              "timedOut": false,
              "duration": 4,
              "state": "passed",
              "speed": null,
              "pass": true,
              "fail": false,
              "pending": false,
              "context": null,
              "code": "import { Test, TestingModule } from '@nestjs/testing';\nimport { HttpModule } from '@nestjs/axios';\nimport {\n  HealthCheckService,\n  HttpHealthIndicator,\n  TerminusModule,\n  TypeOrmHealthIndicator,\n  MicroserviceHealthIndicator,\n} from '@nestjs/terminus';\n\nimport { ReadinessController } from '../health/controllers/readiness.controller';\nimport { CONFIG_OPTIONS } from '../health/constants';\n\nconst mockedConfig = {\n  services: {\n    myService: {\n      url: 'http://localhost:8082',\n      timeout: 3000,\n    },\n    demoApi: {\n      url: 'https://nestjs-starter.up.railway.app',\n      timeout: 3000,\n      healthPath: '/v1/health/liveness',\n    },\n  },\n  database: {\n    typeorm: {\n      type: 'postgres',\n    },\n  },\n  redis: {\n    host: 'localhost',\n    port: 6379,\n  },\n  elasticsearch: {\n    name: 'test-app',\n    node: 'http://localhost:9200',\n  },\n  camunda: {\n    baseUrl: 'http://localhost:8080/engine-rest',\n  },\n};\n\nconst mockExpectReadiness = {\n  status: 'ok',\n  info: {\n    myService: {\n      status: 'up',\n    },\n    typeOrm: {\n      status: 'up',\n    },\n    redis: {\n      status: 'up',\n    },\n    elasticsearch: {\n      status: 'up',\n    },\n    camunda: {\n      status: 'up',\n    },\n  },\n  error: {},\n  details: {\n    myService: {\n      status: 'up',\n    },\n    typeOrm: {\n      status: 'up',\n    },\n    redis: {\n      status: 'up',\n    },\n    elasticsearch: {\n      status: 'up',\n    },\n    camunda: {\n      status: 'up',\n    },\n  },\n};\n\nconst mockExpectReadinessDown = {\n  myService: {\n    status: 'down',\n    message: 'connect ECONNREFUSED 127.0.0.1:8082',\n  },\n};\n\nconst simpleConfig = {\n  services: {\n    myService: { url: 'http://localhost:8082' },\n  },\n};\n\ndescribe('Health', () => {\n  describe('Ready controller - extend config', () => {\n    let controller: ReadinessController;\n    let health: HealthCheckService;\n    let http: HttpHealthIndicator;\n    let typeOrm: TypeOrmHealthIndicator;\n    let redis: MicroserviceHealthIndicator;\n\n    beforeEach(async () => {\n      const module: TestingModule = await Test.createTestingModule({\n        imports: [TerminusModule, HttpModule],\n        controllers: [ReadinessController],\n        providers: [\n          {\n            provide: CONFIG_OPTIONS,\n            useValue: mockedConfig,\n          },\n        ],\n      }).compile();\n\n      controller = module.get<ReadinessController>(ReadinessController);\n      health = await module.resolve<HealthCheckService>(HealthCheckService);\n      http = await module.resolve<HttpHealthIndicator>(HttpHealthIndicator as any);\n      typeOrm = await module.resolve<TypeOrmHealthIndicator>(TypeOrmHealthIndicator);\n      redis = await module.resolve<MicroserviceHealthIndicator>(MicroserviceHealthIndicator);\n    });\n\n    it('should be defined with extend config', () => {\n      expect(controller).toBeDefined();\n    });\n\n    it('should be return up services with extend config', async () => {\n      http.pingCheck = jest.fn().mockImplementation(() => mockExpectReadiness.info);\n      typeOrm.pingCheck = jest.fn().mockImplementation(() => mockExpectReadiness.info);\n      redis.pingCheck = jest.fn().mockImplementation(() => mockExpectReadiness.info);\n      health.check = jest.fn().mockImplementation(() => mockExpectReadiness);\n\n      const readinessData = await controller.check();\n      expect(readinessData).toEqual(mockExpectReadiness);\n    });\n  });\n\n  describe('Ready controller - simple config', () => {\n    let controller: ReadinessController;\n    let health: HealthCheckService;\n    let http: HttpHealthIndicator;\n    let typeOrm: TypeOrmHealthIndicator;\n    let redis: MicroserviceHealthIndicator;\n\n    beforeEach(async () => {\n      const module: TestingModule = await Test.createTestingModule({\n        imports: [TerminusModule, HttpModule],\n        controllers: [ReadinessController],\n        providers: [\n          {\n            provide: CONFIG_OPTIONS,\n            useValue: simpleConfig,\n          },\n        ],\n      }).compile();\n\n      controller = module.get<ReadinessController>(ReadinessController);\n      health = await module.resolve<HealthCheckService>(HealthCheckService);\n      http = await module.resolve<HttpHealthIndicator>(HttpHealthIndicator as any);\n      typeOrm = await module.resolve<TypeOrmHealthIndicator>(TypeOrmHealthIndicator);\n      redis = await module.resolve<MicroserviceHealthIndicator>(MicroserviceHealthIndicator);\n    });\n\n    it('should be defined with simple config', () => {\n      expect(controller).toBeDefined();\n    });\n\n    it('should be return up services with simple config', async () => {\n      http.pingCheck = jest.fn().mockImplementation(() => mockExpectReadiness.info);\n      typeOrm.pingCheck = jest.fn().mockImplementation(() => mockExpectReadiness.info);\n      redis.pingCheck = jest.fn().mockImplementation(() => mockExpectReadiness.info);\n      health.check = jest.fn().mockImplementation(() => mockExpectReadiness);\n\n      const readinessData = await controller.check();\n      expect(readinessData).toEqual(mockExpectReadiness);\n    });\n  });\n});\n",
              "err": {},
              "uuid": "ae1d8168-4e8d-4c43-a3e4-688253e5a3f0",
              "parentUUID": "b0e244a7-0c81-4501-9781-0d0b6a92b260",
              "isHook": false,
              "skipped": false
            },
            {
              "fullTitle": "Health > Ready controller - extend config > should be return up services with simple config",
              "title": "Health > Ready controller - extend config > should be return up services with simple config",
              "timedOut": false,
              "duration": 4,
              "state": "passed",
              "speed": null,
              "pass": true,
              "fail": false,
              "pending": false,
              "context": null,
              "code": "import { Test, TestingModule } from '@nestjs/testing';\nimport { HttpModule } from '@nestjs/axios';\nimport {\n  HealthCheckService,\n  HttpHealthIndicator,\n  TerminusModule,\n  TypeOrmHealthIndicator,\n  MicroserviceHealthIndicator,\n} from '@nestjs/terminus';\n\nimport { ReadinessController } from '../health/controllers/readiness.controller';\nimport { CONFIG_OPTIONS } from '../health/constants';\n\nconst mockedConfig = {\n  services: {\n    myService: {\n      url: 'http://localhost:8082',\n      timeout: 3000,\n    },\n    demoApi: {\n      url: 'https://nestjs-starter.up.railway.app',\n      timeout: 3000,\n      healthPath: '/v1/health/liveness',\n    },\n  },\n  database: {\n    typeorm: {\n      type: 'postgres',\n    },\n  },\n  redis: {\n    host: 'localhost',\n    port: 6379,\n  },\n  elasticsearch: {\n    name: 'test-app',\n    node: 'http://localhost:9200',\n  },\n  camunda: {\n    baseUrl: 'http://localhost:8080/engine-rest',\n  },\n};\n\nconst mockExpectReadiness = {\n  status: 'ok',\n  info: {\n    myService: {\n      status: 'up',\n    },\n    typeOrm: {\n      status: 'up',\n    },\n    redis: {\n      status: 'up',\n    },\n    elasticsearch: {\n      status: 'up',\n    },\n    camunda: {\n      status: 'up',\n    },\n  },\n  error: {},\n  details: {\n    myService: {\n      status: 'up',\n    },\n    typeOrm: {\n      status: 'up',\n    },\n    redis: {\n      status: 'up',\n    },\n    elasticsearch: {\n      status: 'up',\n    },\n    camunda: {\n      status: 'up',\n    },\n  },\n};\n\nconst mockExpectReadinessDown = {\n  myService: {\n    status: 'down',\n    message: 'connect ECONNREFUSED 127.0.0.1:8082',\n  },\n};\n\nconst simpleConfig = {\n  services: {\n    myService: { url: 'http://localhost:8082' },\n  },\n};\n\ndescribe('Health', () => {\n  describe('Ready controller - extend config', () => {\n    let controller: ReadinessController;\n    let health: HealthCheckService;\n    let http: HttpHealthIndicator;\n    let typeOrm: TypeOrmHealthIndicator;\n    let redis: MicroserviceHealthIndicator;\n\n    beforeEach(async () => {\n      const module: TestingModule = await Test.createTestingModule({\n        imports: [TerminusModule, HttpModule],\n        controllers: [ReadinessController],\n        providers: [\n          {\n            provide: CONFIG_OPTIONS,\n            useValue: mockedConfig,\n          },\n        ],\n      }).compile();\n\n      controller = module.get<ReadinessController>(ReadinessController);\n      health = await module.resolve<HealthCheckService>(HealthCheckService);\n      http = await module.resolve<HttpHealthIndicator>(HttpHealthIndicator as any);\n      typeOrm = await module.resolve<TypeOrmHealthIndicator>(TypeOrmHealthIndicator);\n      redis = await module.resolve<MicroserviceHealthIndicator>(MicroserviceHealthIndicator);\n    });\n\n    it('should be defined with extend config', () => {\n      expect(controller).toBeDefined();\n    });\n\n    it('should be return up services with extend config', async () => {\n      http.pingCheck = jest.fn().mockImplementation(() => mockExpectReadiness.info);\n      typeOrm.pingCheck = jest.fn().mockImplementation(() => mockExpectReadiness.info);\n      redis.pingCheck = jest.fn().mockImplementation(() => mockExpectReadiness.info);\n      health.check = jest.fn().mockImplementation(() => mockExpectReadiness);\n\n      const readinessData = await controller.check();\n      expect(readinessData).toEqual(mockExpectReadiness);\n    });\n  });\n\n  describe('Ready controller - simple config', () => {\n    let controller: ReadinessController;\n    let health: HealthCheckService;\n    let http: HttpHealthIndicator;\n    let typeOrm: TypeOrmHealthIndicator;\n    let redis: MicroserviceHealthIndicator;\n\n    beforeEach(async () => {\n      const module: TestingModule = await Test.createTestingModule({\n        imports: [TerminusModule, HttpModule],\n        controllers: [ReadinessController],\n        providers: [\n          {\n            provide: CONFIG_OPTIONS,\n            useValue: simpleConfig,\n          },\n        ],\n      }).compile();\n\n      controller = module.get<ReadinessController>(ReadinessController);\n      health = await module.resolve<HealthCheckService>(HealthCheckService);\n      http = await module.resolve<HttpHealthIndicator>(HttpHealthIndicator as any);\n      typeOrm = await module.resolve<TypeOrmHealthIndicator>(TypeOrmHealthIndicator);\n      redis = await module.resolve<MicroserviceHealthIndicator>(MicroserviceHealthIndicator);\n    });\n\n    it('should be defined with simple config', () => {\n      expect(controller).toBeDefined();\n    });\n\n    it('should be return up services with simple config', async () => {\n      http.pingCheck = jest.fn().mockImplementation(() => mockExpectReadiness.info);\n      typeOrm.pingCheck = jest.fn().mockImplementation(() => mockExpectReadiness.info);\n      redis.pingCheck = jest.fn().mockImplementation(() => mockExpectReadiness.info);\n      health.check = jest.fn().mockImplementation(() => mockExpectReadiness);\n\n      const readinessData = await controller.check();\n      expect(readinessData).toEqual(mockExpectReadiness);\n    });\n  });\n});\n",
              "err": {},
              "uuid": "cc41f2b4-c383-4d3f-bd89-fc0b13942285",
              "parentUUID": "b0e244a7-0c81-4501-9781-0d0b6a92b260",
              "isHook": false,
              "skipped": false
            },
            {
              "fullTitle": "HealthModule > should be define",
              "title": "HealthModule > should be define",
              "timedOut": false,
              "duration": 464,
              "state": "passed",
              "speed": null,
              "pass": true,
              "fail": false,
              "pending": false,
              "context": null,
              "code": "import { INestApplication } from '@nestjs/common';\nimport { Test, TestingModule } from '@nestjs/testing';\nimport { ConfigModule } from '@nestjs/config';\nimport { config } from '@tresdoce-nestjs-toolkit/test-utils';\n\nimport { HealthModule } from '../health/health.module';\nimport { LivenessController } from '../health/controllers/liveness.controller';\nimport { ReadinessController } from '../health/controllers/readiness.controller';\n\ndescribe('HealthModule', () => {\n  let app: INestApplication;\n  let livenessController: LivenessController;\n  let readinessController: ReadinessController;\n\n  beforeEach(async () => {\n    const module: TestingModule = await Test.createTestingModule({\n      imports: [\n        ConfigModule.forRoot({\n          isGlobal: true,\n          load: [config],\n        }),\n        HealthModule,\n      ],\n    }).compile();\n\n    app = module.createNestApplication();\n    livenessController = module.get<LivenessController>(LivenessController);\n    readinessController = module.get<ReadinessController>(ReadinessController);\n    await app.init();\n  });\n\n  afterEach(async () => {\n    await Promise.all([app.close()]);\n  });\n\n  it('should be define', async () => {\n    expect(app).toBeDefined();\n  });\n\n  it('should be return status up', async () => {\n    expect(livenessController.getLiveness()).toEqual({ status: 'up' });\n  });\n\n  it('should be return readiness services', async () => {\n    const result = await readinessController.check();\n    expect(result).toHaveProperty('details');\n    expect(result).toHaveProperty('error');\n    expect(result).toHaveProperty('info');\n    expect(result).toHaveProperty('status');\n  });\n});\n",
              "err": {},
              "uuid": "dfe62827-d03b-4565-baae-99e5f819e940",
              "parentUUID": "b0e244a7-0c81-4501-9781-0d0b6a92b260",
              "isHook": false,
              "skipped": false
            },
            {
              "fullTitle": "HealthModule > should be return status up",
              "title": "HealthModule > should be return status up",
              "timedOut": false,
              "duration": 11,
              "state": "passed",
              "speed": null,
              "pass": true,
              "fail": false,
              "pending": false,
              "context": null,
              "code": "import { INestApplication } from '@nestjs/common';\nimport { Test, TestingModule } from '@nestjs/testing';\nimport { ConfigModule } from '@nestjs/config';\nimport { config } from '@tresdoce-nestjs-toolkit/test-utils';\n\nimport { HealthModule } from '../health/health.module';\nimport { LivenessController } from '../health/controllers/liveness.controller';\nimport { ReadinessController } from '../health/controllers/readiness.controller';\n\ndescribe('HealthModule', () => {\n  let app: INestApplication;\n  let livenessController: LivenessController;\n  let readinessController: ReadinessController;\n\n  beforeEach(async () => {\n    const module: TestingModule = await Test.createTestingModule({\n      imports: [\n        ConfigModule.forRoot({\n          isGlobal: true,\n          load: [config],\n        }),\n        HealthModule,\n      ],\n    }).compile();\n\n    app = module.createNestApplication();\n    livenessController = module.get<LivenessController>(LivenessController);\n    readinessController = module.get<ReadinessController>(ReadinessController);\n    await app.init();\n  });\n\n  afterEach(async () => {\n    await Promise.all([app.close()]);\n  });\n\n  it('should be define', async () => {\n    expect(app).toBeDefined();\n  });\n\n  it('should be return status up', async () => {\n    expect(livenessController.getLiveness()).toEqual({ status: 'up' });\n  });\n\n  it('should be return readiness services', async () => {\n    const result = await readinessController.check();\n    expect(result).toHaveProperty('details');\n    expect(result).toHaveProperty('error');\n    expect(result).toHaveProperty('info');\n    expect(result).toHaveProperty('status');\n  });\n});\n",
              "err": {},
              "uuid": "7d3fa126-8ff0-43c3-941e-8f23ce4987da",
              "parentUUID": "b0e244a7-0c81-4501-9781-0d0b6a92b260",
              "isHook": false,
              "skipped": false
            },
            {
              "fullTitle": "HealthModule > should be return readiness services",
              "title": "HealthModule > should be return readiness services",
              "timedOut": false,
              "duration": 268,
              "state": "passed",
              "speed": null,
              "pass": true,
              "fail": false,
              "pending": false,
              "context": null,
              "code": "import { INestApplication } from '@nestjs/common';\nimport { Test, TestingModule } from '@nestjs/testing';\nimport { ConfigModule } from '@nestjs/config';\nimport { config } from '@tresdoce-nestjs-toolkit/test-utils';\n\nimport { HealthModule } from '../health/health.module';\nimport { LivenessController } from '../health/controllers/liveness.controller';\nimport { ReadinessController } from '../health/controllers/readiness.controller';\n\ndescribe('HealthModule', () => {\n  let app: INestApplication;\n  let livenessController: LivenessController;\n  let readinessController: ReadinessController;\n\n  beforeEach(async () => {\n    const module: TestingModule = await Test.createTestingModule({\n      imports: [\n        ConfigModule.forRoot({\n          isGlobal: true,\n          load: [config],\n        }),\n        HealthModule,\n      ],\n    }).compile();\n\n    app = module.createNestApplication();\n    livenessController = module.get<LivenessController>(LivenessController);\n    readinessController = module.get<ReadinessController>(ReadinessController);\n    await app.init();\n  });\n\n  afterEach(async () => {\n    await Promise.all([app.close()]);\n  });\n\n  it('should be define', async () => {\n    expect(app).toBeDefined();\n  });\n\n  it('should be return status up', async () => {\n    expect(livenessController.getLiveness()).toEqual({ status: 'up' });\n  });\n\n  it('should be return readiness services', async () => {\n    const result = await readinessController.check();\n    expect(result).toHaveProperty('details');\n    expect(result).toHaveProperty('error');\n    expect(result).toHaveProperty('info');\n    expect(result).toHaveProperty('status');\n  });\n});\n",
              "err": {},
              "uuid": "5cbd0e78-59af-4d3c-95aa-9dc4637a92d8",
              "parentUUID": "b0e244a7-0c81-4501-9781-0d0b6a92b260",
              "isHook": false,
              "skipped": false
            },
            {
              "fullTitle": "Health - Live controller > should be defined",
              "title": "Health - Live controller > should be defined",
              "timedOut": false,
              "duration": 10,
              "state": "passed",
              "speed": null,
              "pass": true,
              "fail": false,
              "pending": false,
              "context": null,
              "code": "import { Test, TestingModule } from '@nestjs/testing';\nimport { LivenessController } from '../health/controllers/liveness.controller';\n\ndescribe('Health - Live controller', () => {\n  let controller: LivenessController;\n\n  beforeEach(async () => {\n    const module: TestingModule = await Test.createTestingModule({\n      controllers: [LivenessController],\n    }).compile();\n\n    controller = module.get<LivenessController>(LivenessController);\n  });\n\n  it('should be defined', () => {\n    expect(controller).toBeDefined();\n  });\n\n  it('should be return up liveness', () => {\n    expect(controller.getLiveness()).toEqual({ status: 'up' });\n  });\n});\n",
              "err": {},
              "uuid": "08d8f30c-8aa7-437e-a7ea-10cab516e384",
              "parentUUID": "b0e244a7-0c81-4501-9781-0d0b6a92b260",
              "isHook": false,
              "skipped": false
            },
            {
              "fullTitle": "Health - Live controller > should be return up liveness",
              "title": "Health - Live controller > should be return up liveness",
              "timedOut": false,
              "duration": 3,
              "state": "passed",
              "speed": null,
              "pass": true,
              "fail": false,
              "pending": false,
              "context": null,
              "code": "import { Test, TestingModule } from '@nestjs/testing';\nimport { LivenessController } from '../health/controllers/liveness.controller';\n\ndescribe('Health - Live controller', () => {\n  let controller: LivenessController;\n\n  beforeEach(async () => {\n    const module: TestingModule = await Test.createTestingModule({\n      controllers: [LivenessController],\n    }).compile();\n\n    controller = module.get<LivenessController>(LivenessController);\n  });\n\n  it('should be defined', () => {\n    expect(controller).toBeDefined();\n  });\n\n  it('should be return up liveness', () => {\n    expect(controller.getLiveness()).toEqual({ status: 'up' });\n  });\n});\n",
              "err": {},
              "uuid": "35e080d6-4a09-414d-943c-9fe688ded559",
              "parentUUID": "b0e244a7-0c81-4501-9781-0d0b6a92b260",
              "isHook": false,
              "skipped": false
            },
            {
              "fullTitle": "healthConstants > should be return exclude to prefix global",
              "title": "healthConstants > should be return exclude to prefix global",
              "timedOut": false,
              "duration": 3,
              "state": "passed",
              "speed": null,
              "pass": true,
              "fail": false,
              "pending": false,
              "context": null,
              "code": "import { RequestMethod } from '@nestjs/common';\nimport { controllersExcludes } from '../health/constants';\n\ndescribe('healthConstants', () => {\n  it('should be return exclude to prefix global', async () => {\n    expect(controllersExcludes).toEqual(expect.any(Array));\n    expect(controllersExcludes).toMatchObject([\n      {\n        path: '/health/liveness',\n        method: RequestMethod.GET,\n      },\n      {\n        path: '/health/readiness',\n        method: RequestMethod.GET,\n      },\n    ]);\n  });\n});\n",
              "err": {},
              "uuid": "7fc33d43-61c7-4e49-adc0-588314c1a7f1",
              "parentUUID": "b0e244a7-0c81-4501-9781-0d0b6a92b260",
              "isHook": false,
              "skipped": false
            }
          ],
          "suites": [],
          "passes": [
            "d72c016a-3093-4307-87e8-a78638d88a5b",
            "dd6dd03d-8c6b-44d3-a6bc-21dfd3a77b48",
            "ae1d8168-4e8d-4c43-a3e4-688253e5a3f0",
            "cc41f2b4-c383-4d3f-bd89-fc0b13942285",
            "dfe62827-d03b-4565-baae-99e5f819e940",
            "7d3fa126-8ff0-43c3-941e-8f23ce4987da",
            "5cbd0e78-59af-4d3c-95aa-9dc4637a92d8",
            "08d8f30c-8aa7-437e-a7ea-10cab516e384",
            "35e080d6-4a09-414d-943c-9fe688ded559",
            "7fc33d43-61c7-4e49-adc0-588314c1a7f1"
          ],
          "failures": [],
          "pending": [],
          "skipped": [],
          "duration": 1353,
          "root": false,
          "rootEmpty": false,
          "_timeout": 5000
        }
      ],
      "passes": [],
      "failures": [],
      "pending": [],
      "skipped": [],
      "duration": 0,
      "root": true,
      "rootEmpty": true,
      "_timeout": 5000
    }
  ]
}
