{
  "stats": {
    "suites": 4,
    "tests": 10,
    "passes": 10,
    "pending": 0,
    "failures": 0,
    "testsRegistered": 10,
    "passPercent": 100,
    "pendingPercent": 0,
    "other": 0,
    "hasOther": false,
    "skipped": 0,
    "hasSkipped": false,
    "start": "2023-05-02T00:49:39.571Z",
    "end": "2023-05-02T00:49:41.238Z",
    "duration": 1667
  },
  "results": [
    {
      "uuid": "2a5b11b4-2b27-45e3-9cad-571f79ebe133",
      "title": "@tresdoce-nestjs-toolkit/health",
      "fullFile": "",
      "file": "",
      "beforeHooks": [],
      "afterHooks": [],
      "tests": [],
      "suites": [
        {
          "uuid": "fda9da9c-7e6e-43cb-9164-daee39e95a21",
          "title": "@tresdoce-nestjs-toolkit/health",
          "fullFile": "",
          "file": "",
          "beforeHooks": [],
          "afterHooks": [],
          "tests": [
            {
              "title": "Health > Ready controller - extend config > should be defined with extend config",
              "fullTitle": "should be defined with extend config",
              "timedOut": false,
              "duration": 730,
              "state": "passed",
              "speed": null,
              "pass": true,
              "fail": false,
              "pending": false,
              "context": null,
              "code": "import { Test, TestingModule } from '@nestjs/testing';\nimport { HttpModule } from '@nestjs/axios';\nimport {\n  HealthCheckService,\n  HttpHealthIndicator,\n  TerminusModule,\n  TypeOrmHealthIndicator,\n  MicroserviceHealthIndicator,\n} from '@nestjs/terminus';\n\nimport { ReadinessController } from '../health/controllers/readiness.controller';\nimport { CONFIG_OPTIONS } from '../health/constants';\n\nconst mockedConfig = {\n  services: {\n    myService: {\n      url: 'http://localhost:8082',\n      timeout: 3000,\n    },\n    demoApi: {\n      url: 'https://nestjs-starter.up.railway.app',\n      timeout: 3000,\n      healthPath: '/v1/health/liveness',\n    },\n  },\n  database: {\n    typeorm: {\n      type: 'postgres',\n    },\n  },\n  redis: {\n    host: 'localhost',\n    port: 6379,\n  },\n  elasticsearch: {\n    name: 'test-app',\n    node: 'http://localhost:9200',\n  },\n  camunda: {\n    baseUrl: 'http://localhost:8080/engine-rest',\n  },\n};\n\nconst mockExpectReadiness = {\n  status: 'ok',\n  info: {\n    myService: {\n      status: 'up',\n    },\n    typeOrm: {\n      status: 'up',\n    },\n    redis: {\n      status: 'up',\n    },\n    elasticsearch: {\n      status: 'up',\n    },\n    camunda: {\n      status: 'up',\n    },\n  },\n  error: {},\n  details: {\n    myService: {\n      status: 'up',\n    },\n    typeOrm: {\n      status: 'up',\n    },\n    redis: {\n      status: 'up',\n    },\n    elasticsearch: {\n      status: 'up',\n    },\n    camunda: {\n      status: 'up',\n    },\n  },\n};\n\nconst mockExpectReadinessDown = {\n  myService: {\n    status: 'down',\n    message: 'connect ECONNREFUSED 127.0.0.1:8082',\n  },\n};\n\nconst simpleConfig = {\n  services: {\n    myService: { url: 'http://localhost:8082' },\n  },\n};\n\ndescribe('Health', () => {\n  describe('Ready controller - extend config', () => {\n    let controller: ReadinessController;\n    let health: HealthCheckService;\n    let http: HttpHealthIndicator;\n    let typeOrm: TypeOrmHealthIndicator;\n    let redis: MicroserviceHealthIndicator;\n\n    beforeEach(async () => {\n      const module: TestingModule = await Test.createTestingModule({\n        imports: [TerminusModule, HttpModule],\n        controllers: [ReadinessController],\n        providers: [\n          {\n            provide: CONFIG_OPTIONS,\n            useValue: mockedConfig,\n          },\n        ],\n      }).compile();\n\n      controller = module.get<ReadinessController>(ReadinessController);\n      health = await module.resolve<HealthCheckService>(HealthCheckService);\n      http = await module.resolve<HttpHealthIndicator>(HttpHealthIndicator as any);\n      typeOrm = await module.resolve<TypeOrmHealthIndicator>(TypeOrmHealthIndicator);\n      redis = await module.resolve<MicroserviceHealthIndicator>(MicroserviceHealthIndicator);\n    });\n\n    it('should be defined with extend config', () => {\n      expect(controller).toBeDefined();\n    });\n\n    it('should be return up services with extend config', async () => {\n      http.pingCheck = jest.fn().mockImplementation(() => mockExpectReadiness.info);\n      typeOrm.pingCheck = jest.fn().mockImplementation(() => mockExpectReadiness.info);\n      redis.pingCheck = jest.fn().mockImplementation(() => mockExpectReadiness.info);\n      health.check = jest.fn().mockImplementation(() => mockExpectReadiness);\n\n      const readinessData = await controller.check();\n      expect(readinessData).toEqual(mockExpectReadiness);\n    });\n  });\n\n  describe('Ready controller - simple config', () => {\n    let controller: ReadinessController;\n    let health: HealthCheckService;\n    let http: HttpHealthIndicator;\n    let typeOrm: TypeOrmHealthIndicator;\n    let redis: MicroserviceHealthIndicator;\n\n    beforeEach(async () => {\n      const module: TestingModule = await Test.createTestingModule({\n        imports: [TerminusModule, HttpModule],\n        controllers: [ReadinessController],\n        providers: [\n          {\n            provide: CONFIG_OPTIONS,\n            useValue: simpleConfig,\n          },\n        ],\n      }).compile();\n\n      controller = module.get<ReadinessController>(ReadinessController);\n      health = await module.resolve<HealthCheckService>(HealthCheckService);\n      http = await module.resolve<HttpHealthIndicator>(HttpHealthIndicator as any);\n      typeOrm = await module.resolve<TypeOrmHealthIndicator>(TypeOrmHealthIndicator);\n      redis = await module.resolve<MicroserviceHealthIndicator>(MicroserviceHealthIndicator);\n    });\n\n    it('should be defined with simple config', () => {\n      expect(controller).toBeDefined();\n    });\n\n    it('should be return up services with simple config', async () => {\n      http.pingCheck = jest.fn().mockImplementation(() => mockExpectReadiness.info);\n      typeOrm.pingCheck = jest.fn().mockImplementation(() => mockExpectReadiness.info);\n      redis.pingCheck = jest.fn().mockImplementation(() => mockExpectReadiness.info);\n      health.check = jest.fn().mockImplementation(() => mockExpectReadiness);\n\n      const readinessData = await controller.check();\n      expect(readinessData).toEqual(mockExpectReadiness);\n    });\n  });\n});\n",
              "err": {},
              "uuid": "9a3d22fa-00c5-4045-94eb-dd3b44879331",
              "parentUUID": "fda9da9c-7e6e-43cb-9164-daee39e95a21",
              "isHook": false,
              "skipped": false
            },
            {
              "title": "Health > Ready controller - extend config > should be return up services with extend config",
              "fullTitle": "should be return up services with extend config",
              "timedOut": false,
              "duration": 8,
              "state": "passed",
              "speed": null,
              "pass": true,
              "fail": false,
              "pending": false,
              "context": null,
              "code": "import { Test, TestingModule } from '@nestjs/testing';\nimport { HttpModule } from '@nestjs/axios';\nimport {\n  HealthCheckService,\n  HttpHealthIndicator,\n  TerminusModule,\n  TypeOrmHealthIndicator,\n  MicroserviceHealthIndicator,\n} from '@nestjs/terminus';\n\nimport { ReadinessController } from '../health/controllers/readiness.controller';\nimport { CONFIG_OPTIONS } from '../health/constants';\n\nconst mockedConfig = {\n  services: {\n    myService: {\n      url: 'http://localhost:8082',\n      timeout: 3000,\n    },\n    demoApi: {\n      url: 'https://nestjs-starter.up.railway.app',\n      timeout: 3000,\n      healthPath: '/v1/health/liveness',\n    },\n  },\n  database: {\n    typeorm: {\n      type: 'postgres',\n    },\n  },\n  redis: {\n    host: 'localhost',\n    port: 6379,\n  },\n  elasticsearch: {\n    name: 'test-app',\n    node: 'http://localhost:9200',\n  },\n  camunda: {\n    baseUrl: 'http://localhost:8080/engine-rest',\n  },\n};\n\nconst mockExpectReadiness = {\n  status: 'ok',\n  info: {\n    myService: {\n      status: 'up',\n    },\n    typeOrm: {\n      status: 'up',\n    },\n    redis: {\n      status: 'up',\n    },\n    elasticsearch: {\n      status: 'up',\n    },\n    camunda: {\n      status: 'up',\n    },\n  },\n  error: {},\n  details: {\n    myService: {\n      status: 'up',\n    },\n    typeOrm: {\n      status: 'up',\n    },\n    redis: {\n      status: 'up',\n    },\n    elasticsearch: {\n      status: 'up',\n    },\n    camunda: {\n      status: 'up',\n    },\n  },\n};\n\nconst mockExpectReadinessDown = {\n  myService: {\n    status: 'down',\n    message: 'connect ECONNREFUSED 127.0.0.1:8082',\n  },\n};\n\nconst simpleConfig = {\n  services: {\n    myService: { url: 'http://localhost:8082' },\n  },\n};\n\ndescribe('Health', () => {\n  describe('Ready controller - extend config', () => {\n    let controller: ReadinessController;\n    let health: HealthCheckService;\n    let http: HttpHealthIndicator;\n    let typeOrm: TypeOrmHealthIndicator;\n    let redis: MicroserviceHealthIndicator;\n\n    beforeEach(async () => {\n      const module: TestingModule = await Test.createTestingModule({\n        imports: [TerminusModule, HttpModule],\n        controllers: [ReadinessController],\n        providers: [\n          {\n            provide: CONFIG_OPTIONS,\n            useValue: mockedConfig,\n          },\n        ],\n      }).compile();\n\n      controller = module.get<ReadinessController>(ReadinessController);\n      health = await module.resolve<HealthCheckService>(HealthCheckService);\n      http = await module.resolve<HttpHealthIndicator>(HttpHealthIndicator as any);\n      typeOrm = await module.resolve<TypeOrmHealthIndicator>(TypeOrmHealthIndicator);\n      redis = await module.resolve<MicroserviceHealthIndicator>(MicroserviceHealthIndicator);\n    });\n\n    it('should be defined with extend config', () => {\n      expect(controller).toBeDefined();\n    });\n\n    it('should be return up services with extend config', async () => {\n      http.pingCheck = jest.fn().mockImplementation(() => mockExpectReadiness.info);\n      typeOrm.pingCheck = jest.fn().mockImplementation(() => mockExpectReadiness.info);\n      redis.pingCheck = jest.fn().mockImplementation(() => mockExpectReadiness.info);\n      health.check = jest.fn().mockImplementation(() => mockExpectReadiness);\n\n      const readinessData = await controller.check();\n      expect(readinessData).toEqual(mockExpectReadiness);\n    });\n  });\n\n  describe('Ready controller - simple config', () => {\n    let controller: ReadinessController;\n    let health: HealthCheckService;\n    let http: HttpHealthIndicator;\n    let typeOrm: TypeOrmHealthIndicator;\n    let redis: MicroserviceHealthIndicator;\n\n    beforeEach(async () => {\n      const module: TestingModule = await Test.createTestingModule({\n        imports: [TerminusModule, HttpModule],\n        controllers: [ReadinessController],\n        providers: [\n          {\n            provide: CONFIG_OPTIONS,\n            useValue: simpleConfig,\n          },\n        ],\n      }).compile();\n\n      controller = module.get<ReadinessController>(ReadinessController);\n      health = await module.resolve<HealthCheckService>(HealthCheckService);\n      http = await module.resolve<HttpHealthIndicator>(HttpHealthIndicator as any);\n      typeOrm = await module.resolve<TypeOrmHealthIndicator>(TypeOrmHealthIndicator);\n      redis = await module.resolve<MicroserviceHealthIndicator>(MicroserviceHealthIndicator);\n    });\n\n    it('should be defined with simple config', () => {\n      expect(controller).toBeDefined();\n    });\n\n    it('should be return up services with simple config', async () => {\n      http.pingCheck = jest.fn().mockImplementation(() => mockExpectReadiness.info);\n      typeOrm.pingCheck = jest.fn().mockImplementation(() => mockExpectReadiness.info);\n      redis.pingCheck = jest.fn().mockImplementation(() => mockExpectReadiness.info);\n      health.check = jest.fn().mockImplementation(() => mockExpectReadiness);\n\n      const readinessData = await controller.check();\n      expect(readinessData).toEqual(mockExpectReadiness);\n    });\n  });\n});\n",
              "err": {},
              "uuid": "19490977-4d22-478c-9c85-074a716acaa3",
              "parentUUID": "fda9da9c-7e6e-43cb-9164-daee39e95a21",
              "isHook": false,
              "skipped": false
            },
            {
              "title": "Health > Ready controller - extend config > should be defined with simple config",
              "fullTitle": "should be defined with simple config",
              "timedOut": false,
              "duration": 5,
              "state": "passed",
              "speed": null,
              "pass": true,
              "fail": false,
              "pending": false,
              "context": null,
              "code": "import { Test, TestingModule } from '@nestjs/testing';\nimport { HttpModule } from '@nestjs/axios';\nimport {\n  HealthCheckService,\n  HttpHealthIndicator,\n  TerminusModule,\n  TypeOrmHealthIndicator,\n  MicroserviceHealthIndicator,\n} from '@nestjs/terminus';\n\nimport { ReadinessController } from '../health/controllers/readiness.controller';\nimport { CONFIG_OPTIONS } from '../health/constants';\n\nconst mockedConfig = {\n  services: {\n    myService: {\n      url: 'http://localhost:8082',\n      timeout: 3000,\n    },\n    demoApi: {\n      url: 'https://nestjs-starter.up.railway.app',\n      timeout: 3000,\n      healthPath: '/v1/health/liveness',\n    },\n  },\n  database: {\n    typeorm: {\n      type: 'postgres',\n    },\n  },\n  redis: {\n    host: 'localhost',\n    port: 6379,\n  },\n  elasticsearch: {\n    name: 'test-app',\n    node: 'http://localhost:9200',\n  },\n  camunda: {\n    baseUrl: 'http://localhost:8080/engine-rest',\n  },\n};\n\nconst mockExpectReadiness = {\n  status: 'ok',\n  info: {\n    myService: {\n      status: 'up',\n    },\n    typeOrm: {\n      status: 'up',\n    },\n    redis: {\n      status: 'up',\n    },\n    elasticsearch: {\n      status: 'up',\n    },\n    camunda: {\n      status: 'up',\n    },\n  },\n  error: {},\n  details: {\n    myService: {\n      status: 'up',\n    },\n    typeOrm: {\n      status: 'up',\n    },\n    redis: {\n      status: 'up',\n    },\n    elasticsearch: {\n      status: 'up',\n    },\n    camunda: {\n      status: 'up',\n    },\n  },\n};\n\nconst mockExpectReadinessDown = {\n  myService: {\n    status: 'down',\n    message: 'connect ECONNREFUSED 127.0.0.1:8082',\n  },\n};\n\nconst simpleConfig = {\n  services: {\n    myService: { url: 'http://localhost:8082' },\n  },\n};\n\ndescribe('Health', () => {\n  describe('Ready controller - extend config', () => {\n    let controller: ReadinessController;\n    let health: HealthCheckService;\n    let http: HttpHealthIndicator;\n    let typeOrm: TypeOrmHealthIndicator;\n    let redis: MicroserviceHealthIndicator;\n\n    beforeEach(async () => {\n      const module: TestingModule = await Test.createTestingModule({\n        imports: [TerminusModule, HttpModule],\n        controllers: [ReadinessController],\n        providers: [\n          {\n            provide: CONFIG_OPTIONS,\n            useValue: mockedConfig,\n          },\n        ],\n      }).compile();\n\n      controller = module.get<ReadinessController>(ReadinessController);\n      health = await module.resolve<HealthCheckService>(HealthCheckService);\n      http = await module.resolve<HttpHealthIndicator>(HttpHealthIndicator as any);\n      typeOrm = await module.resolve<TypeOrmHealthIndicator>(TypeOrmHealthIndicator);\n      redis = await module.resolve<MicroserviceHealthIndicator>(MicroserviceHealthIndicator);\n    });\n\n    it('should be defined with extend config', () => {\n      expect(controller).toBeDefined();\n    });\n\n    it('should be return up services with extend config', async () => {\n      http.pingCheck = jest.fn().mockImplementation(() => mockExpectReadiness.info);\n      typeOrm.pingCheck = jest.fn().mockImplementation(() => mockExpectReadiness.info);\n      redis.pingCheck = jest.fn().mockImplementation(() => mockExpectReadiness.info);\n      health.check = jest.fn().mockImplementation(() => mockExpectReadiness);\n\n      const readinessData = await controller.check();\n      expect(readinessData).toEqual(mockExpectReadiness);\n    });\n  });\n\n  describe('Ready controller - simple config', () => {\n    let controller: ReadinessController;\n    let health: HealthCheckService;\n    let http: HttpHealthIndicator;\n    let typeOrm: TypeOrmHealthIndicator;\n    let redis: MicroserviceHealthIndicator;\n\n    beforeEach(async () => {\n      const module: TestingModule = await Test.createTestingModule({\n        imports: [TerminusModule, HttpModule],\n        controllers: [ReadinessController],\n        providers: [\n          {\n            provide: CONFIG_OPTIONS,\n            useValue: simpleConfig,\n          },\n        ],\n      }).compile();\n\n      controller = module.get<ReadinessController>(ReadinessController);\n      health = await module.resolve<HealthCheckService>(HealthCheckService);\n      http = await module.resolve<HttpHealthIndicator>(HttpHealthIndicator as any);\n      typeOrm = await module.resolve<TypeOrmHealthIndicator>(TypeOrmHealthIndicator);\n      redis = await module.resolve<MicroserviceHealthIndicator>(MicroserviceHealthIndicator);\n    });\n\n    it('should be defined with simple config', () => {\n      expect(controller).toBeDefined();\n    });\n\n    it('should be return up services with simple config', async () => {\n      http.pingCheck = jest.fn().mockImplementation(() => mockExpectReadiness.info);\n      typeOrm.pingCheck = jest.fn().mockImplementation(() => mockExpectReadiness.info);\n      redis.pingCheck = jest.fn().mockImplementation(() => mockExpectReadiness.info);\n      health.check = jest.fn().mockImplementation(() => mockExpectReadiness);\n\n      const readinessData = await controller.check();\n      expect(readinessData).toEqual(mockExpectReadiness);\n    });\n  });\n});\n",
              "err": {},
              "uuid": "1bd46899-3851-46ea-9c08-9d49a1d95936",
              "parentUUID": "fda9da9c-7e6e-43cb-9164-daee39e95a21",
              "isHook": false,
              "skipped": false
            },
            {
              "title": "Health > Ready controller - extend config > should be return up services with simple config",
              "fullTitle": "should be return up services with simple config",
              "timedOut": false,
              "duration": 5,
              "state": "passed",
              "speed": null,
              "pass": true,
              "fail": false,
              "pending": false,
              "context": null,
              "code": "import { Test, TestingModule } from '@nestjs/testing';\nimport { HttpModule } from '@nestjs/axios';\nimport {\n  HealthCheckService,\n  HttpHealthIndicator,\n  TerminusModule,\n  TypeOrmHealthIndicator,\n  MicroserviceHealthIndicator,\n} from '@nestjs/terminus';\n\nimport { ReadinessController } from '../health/controllers/readiness.controller';\nimport { CONFIG_OPTIONS } from '../health/constants';\n\nconst mockedConfig = {\n  services: {\n    myService: {\n      url: 'http://localhost:8082',\n      timeout: 3000,\n    },\n    demoApi: {\n      url: 'https://nestjs-starter.up.railway.app',\n      timeout: 3000,\n      healthPath: '/v1/health/liveness',\n    },\n  },\n  database: {\n    typeorm: {\n      type: 'postgres',\n    },\n  },\n  redis: {\n    host: 'localhost',\n    port: 6379,\n  },\n  elasticsearch: {\n    name: 'test-app',\n    node: 'http://localhost:9200',\n  },\n  camunda: {\n    baseUrl: 'http://localhost:8080/engine-rest',\n  },\n};\n\nconst mockExpectReadiness = {\n  status: 'ok',\n  info: {\n    myService: {\n      status: 'up',\n    },\n    typeOrm: {\n      status: 'up',\n    },\n    redis: {\n      status: 'up',\n    },\n    elasticsearch: {\n      status: 'up',\n    },\n    camunda: {\n      status: 'up',\n    },\n  },\n  error: {},\n  details: {\n    myService: {\n      status: 'up',\n    },\n    typeOrm: {\n      status: 'up',\n    },\n    redis: {\n      status: 'up',\n    },\n    elasticsearch: {\n      status: 'up',\n    },\n    camunda: {\n      status: 'up',\n    },\n  },\n};\n\nconst mockExpectReadinessDown = {\n  myService: {\n    status: 'down',\n    message: 'connect ECONNREFUSED 127.0.0.1:8082',\n  },\n};\n\nconst simpleConfig = {\n  services: {\n    myService: { url: 'http://localhost:8082' },\n  },\n};\n\ndescribe('Health', () => {\n  describe('Ready controller - extend config', () => {\n    let controller: ReadinessController;\n    let health: HealthCheckService;\n    let http: HttpHealthIndicator;\n    let typeOrm: TypeOrmHealthIndicator;\n    let redis: MicroserviceHealthIndicator;\n\n    beforeEach(async () => {\n      const module: TestingModule = await Test.createTestingModule({\n        imports: [TerminusModule, HttpModule],\n        controllers: [ReadinessController],\n        providers: [\n          {\n            provide: CONFIG_OPTIONS,\n            useValue: mockedConfig,\n          },\n        ],\n      }).compile();\n\n      controller = module.get<ReadinessController>(ReadinessController);\n      health = await module.resolve<HealthCheckService>(HealthCheckService);\n      http = await module.resolve<HttpHealthIndicator>(HttpHealthIndicator as any);\n      typeOrm = await module.resolve<TypeOrmHealthIndicator>(TypeOrmHealthIndicator);\n      redis = await module.resolve<MicroserviceHealthIndicator>(MicroserviceHealthIndicator);\n    });\n\n    it('should be defined with extend config', () => {\n      expect(controller).toBeDefined();\n    });\n\n    it('should be return up services with extend config', async () => {\n      http.pingCheck = jest.fn().mockImplementation(() => mockExpectReadiness.info);\n      typeOrm.pingCheck = jest.fn().mockImplementation(() => mockExpectReadiness.info);\n      redis.pingCheck = jest.fn().mockImplementation(() => mockExpectReadiness.info);\n      health.check = jest.fn().mockImplementation(() => mockExpectReadiness);\n\n      const readinessData = await controller.check();\n      expect(readinessData).toEqual(mockExpectReadiness);\n    });\n  });\n\n  describe('Ready controller - simple config', () => {\n    let controller: ReadinessController;\n    let health: HealthCheckService;\n    let http: HttpHealthIndicator;\n    let typeOrm: TypeOrmHealthIndicator;\n    let redis: MicroserviceHealthIndicator;\n\n    beforeEach(async () => {\n      const module: TestingModule = await Test.createTestingModule({\n        imports: [TerminusModule, HttpModule],\n        controllers: [ReadinessController],\n        providers: [\n          {\n            provide: CONFIG_OPTIONS,\n            useValue: simpleConfig,\n          },\n        ],\n      }).compile();\n\n      controller = module.get<ReadinessController>(ReadinessController);\n      health = await module.resolve<HealthCheckService>(HealthCheckService);\n      http = await module.resolve<HttpHealthIndicator>(HttpHealthIndicator as any);\n      typeOrm = await module.resolve<TypeOrmHealthIndicator>(TypeOrmHealthIndicator);\n      redis = await module.resolve<MicroserviceHealthIndicator>(MicroserviceHealthIndicator);\n    });\n\n    it('should be defined with simple config', () => {\n      expect(controller).toBeDefined();\n    });\n\n    it('should be return up services with simple config', async () => {\n      http.pingCheck = jest.fn().mockImplementation(() => mockExpectReadiness.info);\n      typeOrm.pingCheck = jest.fn().mockImplementation(() => mockExpectReadiness.info);\n      redis.pingCheck = jest.fn().mockImplementation(() => mockExpectReadiness.info);\n      health.check = jest.fn().mockImplementation(() => mockExpectReadiness);\n\n      const readinessData = await controller.check();\n      expect(readinessData).toEqual(mockExpectReadiness);\n    });\n  });\n});\n",
              "err": {},
              "uuid": "42d31a36-7e3e-4a76-a88b-60169c9aa02f",
              "parentUUID": "fda9da9c-7e6e-43cb-9164-daee39e95a21",
              "isHook": false,
              "skipped": false
            },
            {
              "title": "HealthModule > should be define",
              "fullTitle": "should be define",
              "timedOut": false,
              "duration": 387,
              "state": "passed",
              "speed": null,
              "pass": true,
              "fail": false,
              "pending": false,
              "context": null,
              "code": "import { INestApplication } from '@nestjs/common';\nimport { Test, TestingModule } from '@nestjs/testing';\nimport { ConfigModule } from '@nestjs/config';\nimport { config } from '@tresdoce-nestjs-toolkit/test-utils';\n\nimport { HealthModule } from '../health/health.module';\nimport { LivenessController } from '../health/controllers/liveness.controller';\nimport { ReadinessController } from '../health/controllers/readiness.controller';\n\ndescribe('HealthModule', () => {\n  let app: INestApplication;\n  let livenessController: LivenessController;\n  let readinessController: ReadinessController;\n\n  beforeEach(async () => {\n    const module: TestingModule = await Test.createTestingModule({\n      imports: [\n        ConfigModule.forRoot({\n          isGlobal: true,\n          load: [config],\n        }),\n        HealthModule,\n      ],\n    }).compile();\n\n    app = module.createNestApplication();\n    livenessController = module.get<LivenessController>(LivenessController);\n    readinessController = module.get<ReadinessController>(ReadinessController);\n    await app.init();\n  });\n\n  afterEach(async () => {\n    await Promise.all([app.close()]);\n  });\n\n  it('should be define', async () => {\n    expect(app).toBeDefined();\n  });\n\n  it('should be return status up', async () => {\n    expect(livenessController.getLiveness()).toEqual({ status: 'up' });\n  });\n\n  it('should be return readiness services', async () => {\n    const result = await readinessController.check();\n    expect(result).toHaveProperty('details');\n    expect(result).toHaveProperty('error');\n    expect(result).toHaveProperty('info');\n    expect(result).toHaveProperty('status');\n  });\n});\n",
              "err": {},
              "uuid": "3d62ab7e-8f34-4deb-8da2-39d830a79790",
              "parentUUID": "fda9da9c-7e6e-43cb-9164-daee39e95a21",
              "isHook": false,
              "skipped": false
            },
            {
              "title": "HealthModule > should be return status up",
              "fullTitle": "should be return status up",
              "timedOut": false,
              "duration": 11,
              "state": "passed",
              "speed": null,
              "pass": true,
              "fail": false,
              "pending": false,
              "context": null,
              "code": "import { INestApplication } from '@nestjs/common';\nimport { Test, TestingModule } from '@nestjs/testing';\nimport { ConfigModule } from '@nestjs/config';\nimport { config } from '@tresdoce-nestjs-toolkit/test-utils';\n\nimport { HealthModule } from '../health/health.module';\nimport { LivenessController } from '../health/controllers/liveness.controller';\nimport { ReadinessController } from '../health/controllers/readiness.controller';\n\ndescribe('HealthModule', () => {\n  let app: INestApplication;\n  let livenessController: LivenessController;\n  let readinessController: ReadinessController;\n\n  beforeEach(async () => {\n    const module: TestingModule = await Test.createTestingModule({\n      imports: [\n        ConfigModule.forRoot({\n          isGlobal: true,\n          load: [config],\n        }),\n        HealthModule,\n      ],\n    }).compile();\n\n    app = module.createNestApplication();\n    livenessController = module.get<LivenessController>(LivenessController);\n    readinessController = module.get<ReadinessController>(ReadinessController);\n    await app.init();\n  });\n\n  afterEach(async () => {\n    await Promise.all([app.close()]);\n  });\n\n  it('should be define', async () => {\n    expect(app).toBeDefined();\n  });\n\n  it('should be return status up', async () => {\n    expect(livenessController.getLiveness()).toEqual({ status: 'up' });\n  });\n\n  it('should be return readiness services', async () => {\n    const result = await readinessController.check();\n    expect(result).toHaveProperty('details');\n    expect(result).toHaveProperty('error');\n    expect(result).toHaveProperty('info');\n    expect(result).toHaveProperty('status');\n  });\n});\n",
              "err": {},
              "uuid": "1f42b20f-620b-4a92-beac-d79f04d9d7f4",
              "parentUUID": "fda9da9c-7e6e-43cb-9164-daee39e95a21",
              "isHook": false,
              "skipped": false
            },
            {
              "title": "HealthModule > should be return readiness services",
              "fullTitle": "should be return readiness services",
              "timedOut": false,
              "duration": 505,
              "state": "passed",
              "speed": null,
              "pass": true,
              "fail": false,
              "pending": false,
              "context": null,
              "code": "import { INestApplication } from '@nestjs/common';\nimport { Test, TestingModule } from '@nestjs/testing';\nimport { ConfigModule } from '@nestjs/config';\nimport { config } from '@tresdoce-nestjs-toolkit/test-utils';\n\nimport { HealthModule } from '../health/health.module';\nimport { LivenessController } from '../health/controllers/liveness.controller';\nimport { ReadinessController } from '../health/controllers/readiness.controller';\n\ndescribe('HealthModule', () => {\n  let app: INestApplication;\n  let livenessController: LivenessController;\n  let readinessController: ReadinessController;\n\n  beforeEach(async () => {\n    const module: TestingModule = await Test.createTestingModule({\n      imports: [\n        ConfigModule.forRoot({\n          isGlobal: true,\n          load: [config],\n        }),\n        HealthModule,\n      ],\n    }).compile();\n\n    app = module.createNestApplication();\n    livenessController = module.get<LivenessController>(LivenessController);\n    readinessController = module.get<ReadinessController>(ReadinessController);\n    await app.init();\n  });\n\n  afterEach(async () => {\n    await Promise.all([app.close()]);\n  });\n\n  it('should be define', async () => {\n    expect(app).toBeDefined();\n  });\n\n  it('should be return status up', async () => {\n    expect(livenessController.getLiveness()).toEqual({ status: 'up' });\n  });\n\n  it('should be return readiness services', async () => {\n    const result = await readinessController.check();\n    expect(result).toHaveProperty('details');\n    expect(result).toHaveProperty('error');\n    expect(result).toHaveProperty('info');\n    expect(result).toHaveProperty('status');\n  });\n});\n",
              "err": {},
              "uuid": "d7c1b478-ca71-4396-ac61-c9205d15d7a0",
              "parentUUID": "fda9da9c-7e6e-43cb-9164-daee39e95a21",
              "isHook": false,
              "skipped": false
            },
            {
              "title": "Health - Live controller > should be defined",
              "fullTitle": "should be defined",
              "timedOut": false,
              "duration": 10,
              "state": "passed",
              "speed": null,
              "pass": true,
              "fail": false,
              "pending": false,
              "context": null,
              "code": "import { Test, TestingModule } from '@nestjs/testing';\nimport { LivenessController } from '../health/controllers/liveness.controller';\n\ndescribe('Health - Live controller', () => {\n  let controller: LivenessController;\n\n  beforeEach(async () => {\n    const module: TestingModule = await Test.createTestingModule({\n      controllers: [LivenessController],\n    }).compile();\n\n    controller = module.get<LivenessController>(LivenessController);\n  });\n\n  it('should be defined', () => {\n    expect(controller).toBeDefined();\n  });\n\n  it('should be return up liveness', () => {\n    expect(controller.getLiveness()).toEqual({ status: 'up' });\n  });\n});\n",
              "err": {},
              "uuid": "280a9635-c77e-4705-b379-0f5a24ae02b7",
              "parentUUID": "fda9da9c-7e6e-43cb-9164-daee39e95a21",
              "isHook": false,
              "skipped": false
            },
            {
              "title": "Health - Live controller > should be return up liveness",
              "fullTitle": "should be return up liveness",
              "timedOut": false,
              "duration": 3,
              "state": "passed",
              "speed": null,
              "pass": true,
              "fail": false,
              "pending": false,
              "context": null,
              "code": "import { Test, TestingModule } from '@nestjs/testing';\nimport { LivenessController } from '../health/controllers/liveness.controller';\n\ndescribe('Health - Live controller', () => {\n  let controller: LivenessController;\n\n  beforeEach(async () => {\n    const module: TestingModule = await Test.createTestingModule({\n      controllers: [LivenessController],\n    }).compile();\n\n    controller = module.get<LivenessController>(LivenessController);\n  });\n\n  it('should be defined', () => {\n    expect(controller).toBeDefined();\n  });\n\n  it('should be return up liveness', () => {\n    expect(controller.getLiveness()).toEqual({ status: 'up' });\n  });\n});\n",
              "err": {},
              "uuid": "d5217035-01f6-4667-bb2d-1a4e58772a4f",
              "parentUUID": "fda9da9c-7e6e-43cb-9164-daee39e95a21",
              "isHook": false,
              "skipped": false
            },
            {
              "title": "healthConstants > should be return exclude to prefix global",
              "fullTitle": "should be return exclude to prefix global",
              "timedOut": false,
              "duration": 3,
              "state": "passed",
              "speed": null,
              "pass": true,
              "fail": false,
              "pending": false,
              "context": null,
              "code": "import { RequestMethod } from '@nestjs/common';\nimport { controllersExcludes } from '../health/constants';\n\ndescribe('healthConstants', () => {\n  it('should be return exclude to prefix global', async () => {\n    expect(controllersExcludes).toEqual(expect.any(Array));\n    expect(controllersExcludes).toMatchObject([\n      {\n        path: '/health/liveness',\n        method: RequestMethod.GET,\n      },\n      {\n        path: '/health/readiness',\n        method: RequestMethod.GET,\n      },\n    ]);\n  });\n});\n",
              "err": {},
              "uuid": "301d4f8b-7ac4-46dd-9c58-107b6418c03a",
              "parentUUID": "fda9da9c-7e6e-43cb-9164-daee39e95a21",
              "isHook": false,
              "skipped": false
            }
          ],
          "suites": [],
          "passes": [
            "9a3d22fa-00c5-4045-94eb-dd3b44879331",
            "19490977-4d22-478c-9c85-074a716acaa3",
            "1bd46899-3851-46ea-9c08-9d49a1d95936",
            "42d31a36-7e3e-4a76-a88b-60169c9aa02f",
            "3d62ab7e-8f34-4deb-8da2-39d830a79790",
            "1f42b20f-620b-4a92-beac-d79f04d9d7f4",
            "d7c1b478-ca71-4396-ac61-c9205d15d7a0",
            "280a9635-c77e-4705-b379-0f5a24ae02b7",
            "d5217035-01f6-4667-bb2d-1a4e58772a4f",
            "301d4f8b-7ac4-46dd-9c58-107b6418c03a"
          ],
          "failures": [],
          "pending": [],
          "skipped": [],
          "duration": 1667,
          "root": false,
          "rootEmpty": false,
          "_timeout": 5000
        }
      ],
      "passes": [],
      "failures": [],
      "pending": [],
      "skipped": [],
      "duration": 0,
      "root": true,
      "rootEmpty": true,
      "_timeout": 5000
    }
  ]
}
