{
  "stats": {
    "suites": 1,
    "tests": 2,
    "passes": 2,
    "pending": 0,
    "failures": 0,
    "testsRegistered": 2,
    "passPercent": 100,
    "pendingPercent": 0,
    "other": 0,
    "hasOther": false,
    "skipped": 0,
    "hasSkipped": false,
    "start": "2023-05-01T23:24:15.579Z",
    "end": "2023-05-01T23:24:15.797Z",
    "duration": 218
  },
  "results": [
    {
      "uuid": "ea162bb0-145a-42e9-a6fc-3be6dd91485c",
      "title": "@tresdoce-nestjs-toolkit/camunda",
      "fullFile": "",
      "file": "",
      "beforeHooks": [],
      "afterHooks": [],
      "tests": [],
      "suites": [
        {
          "uuid": "caa9c667-02b3-4b4a-b950-6f0ce86d4b9f",
          "title": "@tresdoce-nestjs-toolkit/camunda",
          "fullFile": "",
          "file": "",
          "beforeHooks": [],
          "afterHooks": [],
          "tests": [
            {
              "title": "should be defined",
              "fullTitle": "CamundaModule > should be defined",
              "timedOut": false,
              "duration": 209,
              "state": "passed",
              "speed": null,
              "pass": true,
              "fail": false,
              "pending": false,
              "context": null,
              "code": "",
              "err": {},
              "uuid": "45ae0f3d-1df7-40dd-a463-fbc34edb75af",
              "parentUUID": "caa9c667-02b3-4b4a-b950-6f0ce86d4b9f",
              "isHook": false,
              "skipped": false
            },
            {
              "title": "should be Subscription decorator is defined with options",
              "fullTitle": "CamundaModule > should be Subscription decorator is defined with options",
              "timedOut": false,
              "duration": 9,
              "state": "passed",
              "speed": null,
              "pass": true,
              "fail": false,
              "pending": false,
              "context": null,
              "code": "",
              "err": {},
              "uuid": "5504d540-509b-41db-ac3a-2631e324ce41",
              "parentUUID": "caa9c667-02b3-4b4a-b950-6f0ce86d4b9f",
              "isHook": false,
              "skipped": false
            }
          ],
          "suites": [],
          "passes": [
            "45ae0f3d-1df7-40dd-a463-fbc34edb75af",
            "5504d540-509b-41db-ac3a-2631e324ce41"
          ],
          "failures": [],
          "pending": [],
          "skipped": [],
          "duration": 218,
          "root": false,
          "rootEmpty": false,
          "_timeout": 5000
        }
      ],
      "passes": [],
      "failures": [],
      "pending": [],
      "skipped": [],
      "duration": 0,
      "root": true,
      "rootEmpty": true,
      "_timeout": 5000
    }
  ]
}
