{
  "stats": {
    "suites": 4,
    "tests": 10,
    "passes": 10,
    "pending": 0,
    "failures": 0,
    "testsRegistered": 10,
    "passPercent": 100,
    "pendingPercent": 0,
    "other": 0,
    "hasOther": false,
    "skipped": 0,
    "hasSkipped": false,
    "start": "2023-05-01T23:12:42.589Z",
    "end": "2023-05-01T23:12:42.604Z",
    "duration": 15
  },
  "results": [
    {
      "uuid": "16ac6072-9c30-4749-acd8-21e4978a6076",
      "title": "@tresdoce-nestjs-toolkit/core",
      "fullFile": "",
      "file": "",
      "beforeHooks": [],
      "afterHooks": [],
      "tests": [],
      "suites": [
        {
          "uuid": "dda77b51-831f-4ccd-b27f-d490ed328605",
          "title": "@tresdoce-nestjs-toolkit/core",
          "fullFile": "",
          "file": "",
          "beforeHooks": [],
          "afterHooks": [],
          "tests": [
            {
              "title": "should be return commons exclude paths with context",
              "fullTitle": "commons > with env context > should be return commons exclude paths with context",
              "timedOut": false,
              "duration": 3,
              "state": "passed",
              "speed": null,
              "pass": true,
              "fail": false,
              "pending": false,
              "context": null,
              "code": "",
              "err": {},
              "uuid": "a43c8b36-48a0-4157-8bc2-ea2cf74790b7",
              "parentUUID": "dda77b51-831f-4ccd-b27f-d490ed328605",
              "isHook": false,
              "skipped": false
            },
            {
              "title": "should be return array of exclude paths with context",
              "fullTitle": "commons > with env context > should be return array of exclude paths with context",
              "timedOut": false,
              "duration": 1,
              "state": "passed",
              "speed": null,
              "pass": true,
              "fail": false,
              "pending": false,
              "context": null,
              "code": "",
              "err": {},
              "uuid": "5338ffa9-cb1e-459d-b651-687f223acb60",
              "parentUUID": "dda77b51-831f-4ccd-b27f-d490ed328605",
              "isHook": false,
              "skipped": false
            },
            {
              "title": "should be return commons exclude paths without context",
              "fullTitle": "commons > with env context > should be return commons exclude paths without context",
              "timedOut": false,
              "duration": 1,
              "state": "passed",
              "speed": null,
              "pass": true,
              "fail": false,
              "pending": false,
              "context": null,
              "code": "",
              "err": {},
              "uuid": "12f45295-9fb2-4a77-84a0-712f2ab1cf01",
              "parentUUID": "dda77b51-831f-4ccd-b27f-d490ed328605",
              "isHook": false,
              "skipped": false
            },
            {
              "title": "should be return array of exclude paths without context",
              "fullTitle": "commons > with env context > should be return array of exclude paths without context",
              "timedOut": false,
              "duration": 1,
              "state": "passed",
              "speed": null,
              "pass": true,
              "fail": false,
              "pending": false,
              "context": null,
              "code": "",
              "err": {},
              "uuid": "4b623ae3-5c64-4c2c-8ac3-a6c4a4e9a912",
              "parentUUID": "dda77b51-831f-4ccd-b27f-d490ed328605",
              "isHook": false,
              "skipped": false
            },
            {
              "title": "should be defined",
              "fullTitle": "Public decorator > should be defined",
              "timedOut": false,
              "duration": 2,
              "state": "passed",
              "speed": null,
              "pass": true,
              "fail": false,
              "pending": false,
              "context": null,
              "code": "",
              "err": {},
              "uuid": "94bf73a9-aa89-4f27-92f6-5f7e821db38e",
              "parentUUID": "dda77b51-831f-4ccd-b27f-d490ed328605",
              "isHook": false,
              "skipped": false
            },
            {
              "title": "should be return key",
              "fullTitle": "Public decorator > should be return key",
              "timedOut": false,
              "duration": 0,
              "state": "passed",
              "speed": null,
              "pass": true,
              "fail": false,
              "pending": false,
              "context": null,
              "code": "",
              "err": {},
              "uuid": "ac6fd39d-9606-48d8-b58b-642dbc7f03ff",
              "parentUUID": "dda77b51-831f-4ccd-b27f-d490ed328605",
              "isHook": false,
              "skipped": false
            },
            {
              "title": "should be return https certificate config",
              "fullTitle": "https-certificate > should be return https certificate config",
              "timedOut": false,
              "duration": 4,
              "state": "passed",
              "speed": null,
              "pass": true,
              "fail": false,
              "pending": false,
              "context": null,
              "code": "",
              "err": {},
              "uuid": "d6797434-146f-441b-9f56-a02a731c3918",
              "parentUUID": "dda77b51-831f-4ccd-b27f-d490ed328605",
              "isHook": false,
              "skipped": false
            },
            {
              "title": "should be return https certificate config empty",
              "fullTitle": "https-certificate > should be return https certificate config empty",
              "timedOut": false,
              "duration": 1,
              "state": "passed",
              "speed": null,
              "pass": true,
              "fail": false,
              "pending": false,
              "context": null,
              "code": "",
              "err": {},
              "uuid": "e01fa7ec-fa6e-4a7d-8b67-afb08a5e2dd3",
              "parentUUID": "dda77b51-831f-4ccd-b27f-d490ed328605",
              "isHook": false,
              "skipped": false
            },
            {
              "title": "should be defined",
              "fullTitle": "Public decorator > should be defined",
              "timedOut": false,
              "duration": 2,
              "state": "passed",
              "speed": null,
              "pass": true,
              "fail": false,
              "pending": false,
              "context": null,
              "code": "",
              "err": {},
              "uuid": "73a96bbe-3804-482b-aee2-c541238ccb9c",
              "parentUUID": "dda77b51-831f-4ccd-b27f-d490ed328605",
              "isHook": false,
              "skipped": false
            },
            {
              "title": "should be return key",
              "fullTitle": "Public decorator > should be return key",
              "timedOut": false,
              "duration": 0,
              "state": "passed",
              "speed": null,
              "pass": true,
              "fail": false,
              "pending": false,
              "context": null,
              "code": "",
              "err": {},
              "uuid": "eb7ab5ba-f6ef-4db4-9866-23be2d3b9db6",
              "parentUUID": "dda77b51-831f-4ccd-b27f-d490ed328605",
              "isHook": false,
              "skipped": false
            }
          ],
          "suites": [],
          "passes": [
            "a43c8b36-48a0-4157-8bc2-ea2cf74790b7",
            "5338ffa9-cb1e-459d-b651-687f223acb60",
            "12f45295-9fb2-4a77-84a0-712f2ab1cf01",
            "4b623ae3-5c64-4c2c-8ac3-a6c4a4e9a912",
            "94bf73a9-aa89-4f27-92f6-5f7e821db38e",
            "ac6fd39d-9606-48d8-b58b-642dbc7f03ff",
            "d6797434-146f-441b-9f56-a02a731c3918",
            "e01fa7ec-fa6e-4a7d-8b67-afb08a5e2dd3",
            "73a96bbe-3804-482b-aee2-c541238ccb9c",
            "eb7ab5ba-f6ef-4db4-9866-23be2d3b9db6"
          ],
          "failures": [],
          "pending": [],
          "skipped": [],
          "duration": 15,
          "root": false,
          "rootEmpty": false,
          "_timeout": 5000
        }
      ],
      "passes": [],
      "failures": [],
      "pending": [],
      "skipped": [],
      "duration": 0,
      "root": true,
      "rootEmpty": true,
      "_timeout": 5000
    }
  ]
}
