{
  "stats": {
    "suites": 4,
    "tests": 10,
    "passes": 10,
    "pending": 0,
    "failures": 0,
    "testsRegistered": 10,
    "passPercent": 100,
    "pendingPercent": 0,
    "other": 0,
    "hasOther": false,
    "skipped": 0,
    "hasSkipped": false,
    "start": "2023-05-05T13:15:35.018Z",
    "end": "2023-05-05T13:15:35.034Z",
    "duration": 16
  },
  "results": [
    {
      "uuid": "a5a6f14a-90ec-410c-8361-f8188348a5e7",
      "title": "@tresdoce-nestjs-toolkit/core",
      "fullFile": "",
      "file": "",
      "beforeHooks": [],
      "afterHooks": [],
      "tests": [],
      "suites": [
        {
          "uuid": "fef2c576-2dad-42e2-94b3-6609a1a5ea47",
          "title": "@tresdoce-nestjs-toolkit/core",
          "fullFile": "",
          "file": "",
          "beforeHooks": [],
          "afterHooks": [],
          "tests": [
            {
              "fullTitle": "commons > with env context > should be return commons exclude paths with context",
              "title": "commons > with env context > should be return commons exclude paths with context",
              "timedOut": false,
              "duration": 3,
              "state": "passed",
              "speed": "fast",
              "pass": true,
              "fail": false,
              "pending": false,
              "context": null,
              "code": "import { corePathsExcludes, excludePaths } from '../index';\nimport { RequestMethod } from '@nestjs/common';\n\ndescribe('commons', () => {\n  describe('with env context', () => {\n    beforeEach(() => {\n      process.env.CONTEXT = 'v1/api-test';\n    });\n\n    it('should be return commons exclude paths with context', () => {\n      expect(corePathsExcludes()).not.toBe(null);\n      expect(corePathsExcludes()).toBeDefined();\n      expect(corePathsExcludes()).toBeInstanceOf(Array);\n\n      expect(corePathsExcludes()).toContainObject({\n        path: `/v1/api-test/health/liveness`,\n        method: RequestMethod.GET,\n      });\n\n      expect(corePathsExcludes()).toContainObject({\n        path: `/v1/api-test/health/readiness`,\n        method: RequestMethod.GET,\n      });\n\n      expect(corePathsExcludes()).toContainObject({\n        path: `/v1/api-test/info`,\n        method: RequestMethod.GET,\n      });\n    });\n\n    it('should be return array of exclude paths with context', () => {\n      expect(excludePaths()).not.toBe(null);\n      expect(excludePaths()).toBeDefined();\n      expect(excludePaths()).toBeInstanceOf(Array);\n      expect(excludePaths()).toEqual([\n        `/v1/api-test/health/liveness`,\n        `/v1/api-test/health/readiness`,\n        `/v1/api-test/info`,\n      ]);\n    });\n  });\n\n  describe('without env context', () => {\n    beforeEach(() => {\n      process.env.CONTEXT = '';\n    });\n\n    it('should be return commons exclude paths without context', () => {\n      expect(corePathsExcludes()).not.toBe(null);\n      expect(corePathsExcludes()).toBeDefined();\n      expect(corePathsExcludes()).toBeInstanceOf(Array);\n\n      expect(corePathsExcludes()).toContainObject({\n        path: '/health/liveness',\n        method: RequestMethod.GET,\n      });\n\n      expect(corePathsExcludes()).toContainObject({\n        path: '/health/readiness',\n        method: RequestMethod.GET,\n      });\n\n      expect(corePathsExcludes()).toContainObject({\n        path: '/info',\n        method: RequestMethod.GET,\n      });\n    });\n\n    it('should be return array of exclude paths without context', () => {\n      expect(excludePaths()).not.toBe(null);\n      expect(excludePaths()).toBeDefined();\n      expect(excludePaths()).toBeInstanceOf(Array);\n      expect(excludePaths()).toEqual(['/health/liveness', '/health/readiness', '/info']);\n    });\n  });\n});\n",
              "err": {},
              "uuid": "6daa302e-8e35-4483-8363-a6a8a03eeab2",
              "parentUUID": "fef2c576-2dad-42e2-94b3-6609a1a5ea47",
              "isHook": false,
              "skipped": false
            },
            {
              "fullTitle": "commons > with env context > should be return array of exclude paths with context",
              "title": "commons > with env context > should be return array of exclude paths with context",
              "timedOut": false,
              "duration": 1,
              "state": "passed",
              "speed": "fast",
              "pass": true,
              "fail": false,
              "pending": false,
              "context": null,
              "code": "import { corePathsExcludes, excludePaths } from '../index';\nimport { RequestMethod } from '@nestjs/common';\n\ndescribe('commons', () => {\n  describe('with env context', () => {\n    beforeEach(() => {\n      process.env.CONTEXT = 'v1/api-test';\n    });\n\n    it('should be return commons exclude paths with context', () => {\n      expect(corePathsExcludes()).not.toBe(null);\n      expect(corePathsExcludes()).toBeDefined();\n      expect(corePathsExcludes()).toBeInstanceOf(Array);\n\n      expect(corePathsExcludes()).toContainObject({\n        path: `/v1/api-test/health/liveness`,\n        method: RequestMethod.GET,\n      });\n\n      expect(corePathsExcludes()).toContainObject({\n        path: `/v1/api-test/health/readiness`,\n        method: RequestMethod.GET,\n      });\n\n      expect(corePathsExcludes()).toContainObject({\n        path: `/v1/api-test/info`,\n        method: RequestMethod.GET,\n      });\n    });\n\n    it('should be return array of exclude paths with context', () => {\n      expect(excludePaths()).not.toBe(null);\n      expect(excludePaths()).toBeDefined();\n      expect(excludePaths()).toBeInstanceOf(Array);\n      expect(excludePaths()).toEqual([\n        `/v1/api-test/health/liveness`,\n        `/v1/api-test/health/readiness`,\n        `/v1/api-test/info`,\n      ]);\n    });\n  });\n\n  describe('without env context', () => {\n    beforeEach(() => {\n      process.env.CONTEXT = '';\n    });\n\n    it('should be return commons exclude paths without context', () => {\n      expect(corePathsExcludes()).not.toBe(null);\n      expect(corePathsExcludes()).toBeDefined();\n      expect(corePathsExcludes()).toBeInstanceOf(Array);\n\n      expect(corePathsExcludes()).toContainObject({\n        path: '/health/liveness',\n        method: RequestMethod.GET,\n      });\n\n      expect(corePathsExcludes()).toContainObject({\n        path: '/health/readiness',\n        method: RequestMethod.GET,\n      });\n\n      expect(corePathsExcludes()).toContainObject({\n        path: '/info',\n        method: RequestMethod.GET,\n      });\n    });\n\n    it('should be return array of exclude paths without context', () => {\n      expect(excludePaths()).not.toBe(null);\n      expect(excludePaths()).toBeDefined();\n      expect(excludePaths()).toBeInstanceOf(Array);\n      expect(excludePaths()).toEqual(['/health/liveness', '/health/readiness', '/info']);\n    });\n  });\n});\n",
              "err": {},
              "uuid": "50ce86c0-93fd-4b5e-9e4f-b660e6e4fa59",
              "parentUUID": "fef2c576-2dad-42e2-94b3-6609a1a5ea47",
              "isHook": false,
              "skipped": false
            },
            {
              "fullTitle": "commons > without env context > should be return commons exclude paths without context",
              "title": "commons > without env context > should be return commons exclude paths without context",
              "timedOut": false,
              "duration": 2,
              "state": "passed",
              "speed": "fast",
              "pass": true,
              "fail": false,
              "pending": false,
              "context": null,
              "code": "import { corePathsExcludes, excludePaths } from '../index';\nimport { RequestMethod } from '@nestjs/common';\n\ndescribe('commons', () => {\n  describe('with env context', () => {\n    beforeEach(() => {\n      process.env.CONTEXT = 'v1/api-test';\n    });\n\n    it('should be return commons exclude paths with context', () => {\n      expect(corePathsExcludes()).not.toBe(null);\n      expect(corePathsExcludes()).toBeDefined();\n      expect(corePathsExcludes()).toBeInstanceOf(Array);\n\n      expect(corePathsExcludes()).toContainObject({\n        path: `/v1/api-test/health/liveness`,\n        method: RequestMethod.GET,\n      });\n\n      expect(corePathsExcludes()).toContainObject({\n        path: `/v1/api-test/health/readiness`,\n        method: RequestMethod.GET,\n      });\n\n      expect(corePathsExcludes()).toContainObject({\n        path: `/v1/api-test/info`,\n        method: RequestMethod.GET,\n      });\n    });\n\n    it('should be return array of exclude paths with context', () => {\n      expect(excludePaths()).not.toBe(null);\n      expect(excludePaths()).toBeDefined();\n      expect(excludePaths()).toBeInstanceOf(Array);\n      expect(excludePaths()).toEqual([\n        `/v1/api-test/health/liveness`,\n        `/v1/api-test/health/readiness`,\n        `/v1/api-test/info`,\n      ]);\n    });\n  });\n\n  describe('without env context', () => {\n    beforeEach(() => {\n      process.env.CONTEXT = '';\n    });\n\n    it('should be return commons exclude paths without context', () => {\n      expect(corePathsExcludes()).not.toBe(null);\n      expect(corePathsExcludes()).toBeDefined();\n      expect(corePathsExcludes()).toBeInstanceOf(Array);\n\n      expect(corePathsExcludes()).toContainObject({\n        path: '/health/liveness',\n        method: RequestMethod.GET,\n      });\n\n      expect(corePathsExcludes()).toContainObject({\n        path: '/health/readiness',\n        method: RequestMethod.GET,\n      });\n\n      expect(corePathsExcludes()).toContainObject({\n        path: '/info',\n        method: RequestMethod.GET,\n      });\n    });\n\n    it('should be return array of exclude paths without context', () => {\n      expect(excludePaths()).not.toBe(null);\n      expect(excludePaths()).toBeDefined();\n      expect(excludePaths()).toBeInstanceOf(Array);\n      expect(excludePaths()).toEqual(['/health/liveness', '/health/readiness', '/info']);\n    });\n  });\n});\n",
              "err": {},
              "uuid": "ae75257c-1768-4b33-8cb2-834ff2d0edea",
              "parentUUID": "fef2c576-2dad-42e2-94b3-6609a1a5ea47",
              "isHook": false,
              "skipped": false
            },
            {
              "fullTitle": "commons > without env context > should be return array of exclude paths without context",
              "title": "commons > without env context > should be return array of exclude paths without context",
              "timedOut": false,
              "duration": 1,
              "state": "passed",
              "speed": "fast",
              "pass": true,
              "fail": false,
              "pending": false,
              "context": null,
              "code": "import { corePathsExcludes, excludePaths } from '../index';\nimport { RequestMethod } from '@nestjs/common';\n\ndescribe('commons', () => {\n  describe('with env context', () => {\n    beforeEach(() => {\n      process.env.CONTEXT = 'v1/api-test';\n    });\n\n    it('should be return commons exclude paths with context', () => {\n      expect(corePathsExcludes()).not.toBe(null);\n      expect(corePathsExcludes()).toBeDefined();\n      expect(corePathsExcludes()).toBeInstanceOf(Array);\n\n      expect(corePathsExcludes()).toContainObject({\n        path: `/v1/api-test/health/liveness`,\n        method: RequestMethod.GET,\n      });\n\n      expect(corePathsExcludes()).toContainObject({\n        path: `/v1/api-test/health/readiness`,\n        method: RequestMethod.GET,\n      });\n\n      expect(corePathsExcludes()).toContainObject({\n        path: `/v1/api-test/info`,\n        method: RequestMethod.GET,\n      });\n    });\n\n    it('should be return array of exclude paths with context', () => {\n      expect(excludePaths()).not.toBe(null);\n      expect(excludePaths()).toBeDefined();\n      expect(excludePaths()).toBeInstanceOf(Array);\n      expect(excludePaths()).toEqual([\n        `/v1/api-test/health/liveness`,\n        `/v1/api-test/health/readiness`,\n        `/v1/api-test/info`,\n      ]);\n    });\n  });\n\n  describe('without env context', () => {\n    beforeEach(() => {\n      process.env.CONTEXT = '';\n    });\n\n    it('should be return commons exclude paths without context', () => {\n      expect(corePathsExcludes()).not.toBe(null);\n      expect(corePathsExcludes()).toBeDefined();\n      expect(corePathsExcludes()).toBeInstanceOf(Array);\n\n      expect(corePathsExcludes()).toContainObject({\n        path: '/health/liveness',\n        method: RequestMethod.GET,\n      });\n\n      expect(corePathsExcludes()).toContainObject({\n        path: '/health/readiness',\n        method: RequestMethod.GET,\n      });\n\n      expect(corePathsExcludes()).toContainObject({\n        path: '/info',\n        method: RequestMethod.GET,\n      });\n    });\n\n    it('should be return array of exclude paths without context', () => {\n      expect(excludePaths()).not.toBe(null);\n      expect(excludePaths()).toBeDefined();\n      expect(excludePaths()).toBeInstanceOf(Array);\n      expect(excludePaths()).toEqual(['/health/liveness', '/health/readiness', '/info']);\n    });\n  });\n});\n",
              "err": {},
              "uuid": "4abe6383-1f72-498a-8448-8a9190a1f0e7",
              "parentUUID": "fef2c576-2dad-42e2-94b3-6609a1a5ea47",
              "isHook": false,
              "skipped": false
            },
            {
              "fullTitle": "Public decorator > should be defined",
              "title": "Public decorator > should be defined",
              "timedOut": false,
              "duration": 2,
              "state": "passed",
              "speed": "fast",
              "pass": true,
              "fail": false,
              "pending": false,
              "context": null,
              "code": "import { Roles, ROLES_KEY } from '../index';\n\ndescribe('Public decorator', () => {\n  it('should be defined', async () => {\n    expect(Roles('admin')).toBeDefined();\n    expect(Roles('admin', 'user')).toBeDefined();\n  });\n\n  it('should be return key', async () => {\n    expect(ROLES_KEY).toBe('roles');\n  });\n});\n",
              "err": {},
              "uuid": "7a0f4151-ecc7-4cf7-8b32-bd9b87eca063",
              "parentUUID": "fef2c576-2dad-42e2-94b3-6609a1a5ea47",
              "isHook": false,
              "skipped": false
            },
            {
              "fullTitle": "Public decorator > should be return key",
              "title": "Public decorator > should be return key",
              "timedOut": false,
              "duration": 1,
              "state": "passed",
              "speed": "fast",
              "pass": true,
              "fail": false,
              "pending": false,
              "context": null,
              "code": "import { Roles, ROLES_KEY } from '../index';\n\ndescribe('Public decorator', () => {\n  it('should be defined', async () => {\n    expect(Roles('admin')).toBeDefined();\n    expect(Roles('admin', 'user')).toBeDefined();\n  });\n\n  it('should be return key', async () => {\n    expect(ROLES_KEY).toBe('roles');\n  });\n});\n",
              "err": {},
              "uuid": "4b90b66a-df5b-48b8-957e-58a6949bc4b8",
              "parentUUID": "fef2c576-2dad-42e2-94b3-6609a1a5ea47",
              "isHook": false,
              "skipped": false
            },
            {
              "fullTitle": "Public decorator > should be defined",
              "title": "Public decorator > should be defined",
              "timedOut": false,
              "duration": 2,
              "state": "passed",
              "speed": "fast",
              "pass": true,
              "fail": false,
              "pending": false,
              "context": null,
              "code": "import { Public, IS_PUBLIC_KEY } from '../index';\n\ndescribe('Public decorator', () => {\n  it('should be defined', async () => {\n    expect(Public()).toBeDefined();\n  });\n\n  it('should be return key', async () => {\n    expect(IS_PUBLIC_KEY).toBe('isPublic');\n  });\n});\n",
              "err": {},
              "uuid": "ad1c44ad-7412-4267-b3c7-c15ff8f2cbc3",
              "parentUUID": "fef2c576-2dad-42e2-94b3-6609a1a5ea47",
              "isHook": false,
              "skipped": false
            },
            {
              "fullTitle": "Public decorator > should be return key",
              "title": "Public decorator > should be return key",
              "timedOut": false,
              "duration": 0,
              "state": "passed",
              "speed": "fast",
              "pass": true,
              "fail": false,
              "pending": false,
              "context": null,
              "code": "import { Public, IS_PUBLIC_KEY } from '../index';\n\ndescribe('Public decorator', () => {\n  it('should be defined', async () => {\n    expect(Public()).toBeDefined();\n  });\n\n  it('should be return key', async () => {\n    expect(IS_PUBLIC_KEY).toBe('isPublic');\n  });\n});\n",
              "err": {},
              "uuid": "949edea5-1ced-4839-891b-aeac31ae36b7",
              "parentUUID": "fef2c576-2dad-42e2-94b3-6609a1a5ea47",
              "isHook": false,
              "skipped": false
            },
            {
              "fullTitle": "https-certificate > should be return https certificate config",
              "title": "https-certificate > should be return https certificate config",
              "timedOut": false,
              "duration": 3,
              "state": "passed",
              "speed": "fast",
              "pass": true,
              "fail": false,
              "pending": false,
              "context": null,
              "code": "import { setHttpsOptions } from '../index';\nimport * as path from 'path';\ndescribe('https-certificate', () => {\n  it('should be return https certificate config', () => {\n    const crtPath = path.resolve(__dirname, './utils/localhost.crt');\n    const keyPath = path.resolve(__dirname, './utils/localhost.key');\n\n    const config = setHttpsOptions(crtPath, keyPath);\n    expect(typeof config).toBe('object');\n    expect(config).toBeDefined();\n    expect(config.cert).not.toEqual('');\n    expect(config.key).not.toEqual('');\n  });\n\n  it('should be return https certificate config empty', () => {\n    const crtPath = path.resolve(__dirname, './utils/my-localhost.crt');\n    const keyPath = path.resolve(__dirname, './utils/my-localhost.key');\n\n    const config = setHttpsOptions(crtPath, keyPath);\n    expect(typeof config).toBe('object');\n    expect(config).toBeDefined();\n    expect(config.cert).toEqual('');\n    expect(config.key).toEqual('');\n  });\n});\n",
              "err": {},
              "uuid": "9e7033d8-59fe-40fb-98eb-44b076262584",
              "parentUUID": "fef2c576-2dad-42e2-94b3-6609a1a5ea47",
              "isHook": false,
              "skipped": false
            },
            {
              "fullTitle": "https-certificate > should be return https certificate config empty",
              "title": "https-certificate > should be return https certificate config empty",
              "timedOut": false,
              "duration": 1,
              "state": "passed",
              "speed": "fast",
              "pass": true,
              "fail": false,
              "pending": false,
              "context": null,
              "code": "import { setHttpsOptions } from '../index';\nimport * as path from 'path';\ndescribe('https-certificate', () => {\n  it('should be return https certificate config', () => {\n    const crtPath = path.resolve(__dirname, './utils/localhost.crt');\n    const keyPath = path.resolve(__dirname, './utils/localhost.key');\n\n    const config = setHttpsOptions(crtPath, keyPath);\n    expect(typeof config).toBe('object');\n    expect(config).toBeDefined();\n    expect(config.cert).not.toEqual('');\n    expect(config.key).not.toEqual('');\n  });\n\n  it('should be return https certificate config empty', () => {\n    const crtPath = path.resolve(__dirname, './utils/my-localhost.crt');\n    const keyPath = path.resolve(__dirname, './utils/my-localhost.key');\n\n    const config = setHttpsOptions(crtPath, keyPath);\n    expect(typeof config).toBe('object');\n    expect(config).toBeDefined();\n    expect(config.cert).toEqual('');\n    expect(config.key).toEqual('');\n  });\n});\n",
              "err": {},
              "uuid": "bbb4123e-e315-4e2f-b1e2-1694c5440f11",
              "parentUUID": "fef2c576-2dad-42e2-94b3-6609a1a5ea47",
              "isHook": false,
              "skipped": false
            }
          ],
          "suites": [],
          "passes": [
            "6daa302e-8e35-4483-8363-a6a8a03eeab2",
            "50ce86c0-93fd-4b5e-9e4f-b660e6e4fa59",
            "ae75257c-1768-4b33-8cb2-834ff2d0edea",
            "4abe6383-1f72-498a-8448-8a9190a1f0e7",
            "7a0f4151-ecc7-4cf7-8b32-bd9b87eca063",
            "4b90b66a-df5b-48b8-957e-58a6949bc4b8",
            "ad1c44ad-7412-4267-b3c7-c15ff8f2cbc3",
            "949edea5-1ced-4839-891b-aeac31ae36b7",
            "9e7033d8-59fe-40fb-98eb-44b076262584",
            "bbb4123e-e315-4e2f-b1e2-1694c5440f11"
          ],
          "failures": [],
          "pending": [],
          "skipped": [],
          "duration": 16,
          "root": false,
          "rootEmpty": false,
          "_timeout": 5000
        }
      ],
      "passes": [],
      "failures": [],
      "pending": [],
      "skipped": [],
      "duration": 0,
      "root": true,
      "rootEmpty": true,
      "_timeout": 5000
    }
  ]
}