{
  "stats": {
    "suites": 4,
    "tests": 10,
    "passes": 10,
    "pending": 0,
    "failures": 0,
    "testsRegistered": 10,
    "passPercent": 100,
    "pendingPercent": 0,
    "other": 0,
    "hasOther": false,
    "skipped": 0,
    "hasSkipped": false,
    "start": "2023-05-02T00:48:40.449Z",
    "end": "2023-05-02T00:48:40.464Z",
    "duration": 15
  },
  "results": [
    {
      "uuid": "74d536f2-c49e-4e65-b2ba-dc16ece4daf5",
      "title": "@tresdoce-nestjs-toolkit/core",
      "fullFile": "",
      "file": "",
      "beforeHooks": [],
      "afterHooks": [],
      "tests": [],
      "suites": [
        {
          "uuid": "2da925a0-77fb-43b4-b046-aedc554bd9dc",
          "title": "@tresdoce-nestjs-toolkit/core",
          "fullFile": "",
          "file": "",
          "beforeHooks": [],
          "afterHooks": [],
          "tests": [
            {
              "title": "commons > with env context > should be return commons exclude paths with context",
              "fullTitle": "should be return commons exclude paths with context",
              "timedOut": false,
              "duration": 3,
              "state": "passed",
              "speed": null,
              "pass": true,
              "fail": false,
              "pending": false,
              "context": null,
              "code": "import { corePathsExcludes, excludePaths } from '../index';\nimport { RequestMethod } from '@nestjs/common';\n\ndescribe('commons', () => {\n  describe('with env context', () => {\n    beforeEach(() => {\n      process.env.CONTEXT = 'v1/api-test';\n    });\n\n    it('should be return commons exclude paths with context', () => {\n      expect(corePathsExcludes()).not.toBe(null);\n      expect(corePathsExcludes()).toBeDefined();\n      expect(corePathsExcludes()).toBeInstanceOf(Array);\n\n      expect(corePathsExcludes()).toContainObject({\n        path: `/v1/api-test/health/liveness`,\n        method: RequestMethod.GET,\n      });\n\n      expect(corePathsExcludes()).toContainObject({\n        path: `/v1/api-test/health/readiness`,\n        method: RequestMethod.GET,\n      });\n\n      expect(corePathsExcludes()).toContainObject({\n        path: `/v1/api-test/info`,\n        method: RequestMethod.GET,\n      });\n    });\n\n    it('should be return array of exclude paths with context', () => {\n      expect(excludePaths()).not.toBe(null);\n      expect(excludePaths()).toBeDefined();\n      expect(excludePaths()).toBeInstanceOf(Array);\n      expect(excludePaths()).toEqual([\n        `/v1/api-test/health/liveness`,\n        `/v1/api-test/health/readiness`,\n        `/v1/api-test/info`,\n      ]);\n    });\n  });\n\n  describe('without env context', () => {\n    beforeEach(() => {\n      process.env.CONTEXT = '';\n    });\n\n    it('should be return commons exclude paths without context', () => {\n      expect(corePathsExcludes()).not.toBe(null);\n      expect(corePathsExcludes()).toBeDefined();\n      expect(corePathsExcludes()).toBeInstanceOf(Array);\n\n      expect(corePathsExcludes()).toContainObject({\n        path: '/health/liveness',\n        method: RequestMethod.GET,\n      });\n\n      expect(corePathsExcludes()).toContainObject({\n        path: '/health/readiness',\n        method: RequestMethod.GET,\n      });\n\n      expect(corePathsExcludes()).toContainObject({\n        path: '/info',\n        method: RequestMethod.GET,\n      });\n    });\n\n    it('should be return array of exclude paths without context', () => {\n      expect(excludePaths()).not.toBe(null);\n      expect(excludePaths()).toBeDefined();\n      expect(excludePaths()).toBeInstanceOf(Array);\n      expect(excludePaths()).toEqual(['/health/liveness', '/health/readiness', '/info']);\n    });\n  });\n});\n",
              "err": {},
              "uuid": "fe02bcd9-a86c-4275-a12f-e4f24b1e086b",
              "parentUUID": "2da925a0-77fb-43b4-b046-aedc554bd9dc",
              "isHook": false,
              "skipped": false
            },
            {
              "title": "commons > with env context > should be return array of exclude paths with context",
              "fullTitle": "should be return array of exclude paths with context",
              "timedOut": false,
              "duration": 1,
              "state": "passed",
              "speed": null,
              "pass": true,
              "fail": false,
              "pending": false,
              "context": null,
              "code": "import { corePathsExcludes, excludePaths } from '../index';\nimport { RequestMethod } from '@nestjs/common';\n\ndescribe('commons', () => {\n  describe('with env context', () => {\n    beforeEach(() => {\n      process.env.CONTEXT = 'v1/api-test';\n    });\n\n    it('should be return commons exclude paths with context', () => {\n      expect(corePathsExcludes()).not.toBe(null);\n      expect(corePathsExcludes()).toBeDefined();\n      expect(corePathsExcludes()).toBeInstanceOf(Array);\n\n      expect(corePathsExcludes()).toContainObject({\n        path: `/v1/api-test/health/liveness`,\n        method: RequestMethod.GET,\n      });\n\n      expect(corePathsExcludes()).toContainObject({\n        path: `/v1/api-test/health/readiness`,\n        method: RequestMethod.GET,\n      });\n\n      expect(corePathsExcludes()).toContainObject({\n        path: `/v1/api-test/info`,\n        method: RequestMethod.GET,\n      });\n    });\n\n    it('should be return array of exclude paths with context', () => {\n      expect(excludePaths()).not.toBe(null);\n      expect(excludePaths()).toBeDefined();\n      expect(excludePaths()).toBeInstanceOf(Array);\n      expect(excludePaths()).toEqual([\n        `/v1/api-test/health/liveness`,\n        `/v1/api-test/health/readiness`,\n        `/v1/api-test/info`,\n      ]);\n    });\n  });\n\n  describe('without env context', () => {\n    beforeEach(() => {\n      process.env.CONTEXT = '';\n    });\n\n    it('should be return commons exclude paths without context', () => {\n      expect(corePathsExcludes()).not.toBe(null);\n      expect(corePathsExcludes()).toBeDefined();\n      expect(corePathsExcludes()).toBeInstanceOf(Array);\n\n      expect(corePathsExcludes()).toContainObject({\n        path: '/health/liveness',\n        method: RequestMethod.GET,\n      });\n\n      expect(corePathsExcludes()).toContainObject({\n        path: '/health/readiness',\n        method: RequestMethod.GET,\n      });\n\n      expect(corePathsExcludes()).toContainObject({\n        path: '/info',\n        method: RequestMethod.GET,\n      });\n    });\n\n    it('should be return array of exclude paths without context', () => {\n      expect(excludePaths()).not.toBe(null);\n      expect(excludePaths()).toBeDefined();\n      expect(excludePaths()).toBeInstanceOf(Array);\n      expect(excludePaths()).toEqual(['/health/liveness', '/health/readiness', '/info']);\n    });\n  });\n});\n",
              "err": {},
              "uuid": "49adc8c0-b1c2-4dce-abbc-d57dcbbceb53",
              "parentUUID": "2da925a0-77fb-43b4-b046-aedc554bd9dc",
              "isHook": false,
              "skipped": false
            },
            {
              "title": "commons > with env context > should be return commons exclude paths without context",
              "fullTitle": "should be return commons exclude paths without context",
              "timedOut": false,
              "duration": 2,
              "state": "passed",
              "speed": null,
              "pass": true,
              "fail": false,
              "pending": false,
              "context": null,
              "code": "import { corePathsExcludes, excludePaths } from '../index';\nimport { RequestMethod } from '@nestjs/common';\n\ndescribe('commons', () => {\n  describe('with env context', () => {\n    beforeEach(() => {\n      process.env.CONTEXT = 'v1/api-test';\n    });\n\n    it('should be return commons exclude paths with context', () => {\n      expect(corePathsExcludes()).not.toBe(null);\n      expect(corePathsExcludes()).toBeDefined();\n      expect(corePathsExcludes()).toBeInstanceOf(Array);\n\n      expect(corePathsExcludes()).toContainObject({\n        path: `/v1/api-test/health/liveness`,\n        method: RequestMethod.GET,\n      });\n\n      expect(corePathsExcludes()).toContainObject({\n        path: `/v1/api-test/health/readiness`,\n        method: RequestMethod.GET,\n      });\n\n      expect(corePathsExcludes()).toContainObject({\n        path: `/v1/api-test/info`,\n        method: RequestMethod.GET,\n      });\n    });\n\n    it('should be return array of exclude paths with context', () => {\n      expect(excludePaths()).not.toBe(null);\n      expect(excludePaths()).toBeDefined();\n      expect(excludePaths()).toBeInstanceOf(Array);\n      expect(excludePaths()).toEqual([\n        `/v1/api-test/health/liveness`,\n        `/v1/api-test/health/readiness`,\n        `/v1/api-test/info`,\n      ]);\n    });\n  });\n\n  describe('without env context', () => {\n    beforeEach(() => {\n      process.env.CONTEXT = '';\n    });\n\n    it('should be return commons exclude paths without context', () => {\n      expect(corePathsExcludes()).not.toBe(null);\n      expect(corePathsExcludes()).toBeDefined();\n      expect(corePathsExcludes()).toBeInstanceOf(Array);\n\n      expect(corePathsExcludes()).toContainObject({\n        path: '/health/liveness',\n        method: RequestMethod.GET,\n      });\n\n      expect(corePathsExcludes()).toContainObject({\n        path: '/health/readiness',\n        method: RequestMethod.GET,\n      });\n\n      expect(corePathsExcludes()).toContainObject({\n        path: '/info',\n        method: RequestMethod.GET,\n      });\n    });\n\n    it('should be return array of exclude paths without context', () => {\n      expect(excludePaths()).not.toBe(null);\n      expect(excludePaths()).toBeDefined();\n      expect(excludePaths()).toBeInstanceOf(Array);\n      expect(excludePaths()).toEqual(['/health/liveness', '/health/readiness', '/info']);\n    });\n  });\n});\n",
              "err": {},
              "uuid": "c8fd83af-1502-44eb-9a7f-5ece7043c4d8",
              "parentUUID": "2da925a0-77fb-43b4-b046-aedc554bd9dc",
              "isHook": false,
              "skipped": false
            },
            {
              "title": "commons > with env context > should be return array of exclude paths without context",
              "fullTitle": "should be return array of exclude paths without context",
              "timedOut": false,
              "duration": 1,
              "state": "passed",
              "speed": null,
              "pass": true,
              "fail": false,
              "pending": false,
              "context": null,
              "code": "import { corePathsExcludes, excludePaths } from '../index';\nimport { RequestMethod } from '@nestjs/common';\n\ndescribe('commons', () => {\n  describe('with env context', () => {\n    beforeEach(() => {\n      process.env.CONTEXT = 'v1/api-test';\n    });\n\n    it('should be return commons exclude paths with context', () => {\n      expect(corePathsExcludes()).not.toBe(null);\n      expect(corePathsExcludes()).toBeDefined();\n      expect(corePathsExcludes()).toBeInstanceOf(Array);\n\n      expect(corePathsExcludes()).toContainObject({\n        path: `/v1/api-test/health/liveness`,\n        method: RequestMethod.GET,\n      });\n\n      expect(corePathsExcludes()).toContainObject({\n        path: `/v1/api-test/health/readiness`,\n        method: RequestMethod.GET,\n      });\n\n      expect(corePathsExcludes()).toContainObject({\n        path: `/v1/api-test/info`,\n        method: RequestMethod.GET,\n      });\n    });\n\n    it('should be return array of exclude paths with context', () => {\n      expect(excludePaths()).not.toBe(null);\n      expect(excludePaths()).toBeDefined();\n      expect(excludePaths()).toBeInstanceOf(Array);\n      expect(excludePaths()).toEqual([\n        `/v1/api-test/health/liveness`,\n        `/v1/api-test/health/readiness`,\n        `/v1/api-test/info`,\n      ]);\n    });\n  });\n\n  describe('without env context', () => {\n    beforeEach(() => {\n      process.env.CONTEXT = '';\n    });\n\n    it('should be return commons exclude paths without context', () => {\n      expect(corePathsExcludes()).not.toBe(null);\n      expect(corePathsExcludes()).toBeDefined();\n      expect(corePathsExcludes()).toBeInstanceOf(Array);\n\n      expect(corePathsExcludes()).toContainObject({\n        path: '/health/liveness',\n        method: RequestMethod.GET,\n      });\n\n      expect(corePathsExcludes()).toContainObject({\n        path: '/health/readiness',\n        method: RequestMethod.GET,\n      });\n\n      expect(corePathsExcludes()).toContainObject({\n        path: '/info',\n        method: RequestMethod.GET,\n      });\n    });\n\n    it('should be return array of exclude paths without context', () => {\n      expect(excludePaths()).not.toBe(null);\n      expect(excludePaths()).toBeDefined();\n      expect(excludePaths()).toBeInstanceOf(Array);\n      expect(excludePaths()).toEqual(['/health/liveness', '/health/readiness', '/info']);\n    });\n  });\n});\n",
              "err": {},
              "uuid": "d5f4d29c-814e-48d9-b780-652c625282d1",
              "parentUUID": "2da925a0-77fb-43b4-b046-aedc554bd9dc",
              "isHook": false,
              "skipped": false
            },
            {
              "title": "Public decorator > should be defined",
              "fullTitle": "should be defined",
              "timedOut": false,
              "duration": 2,
              "state": "passed",
              "speed": null,
              "pass": true,
              "fail": false,
              "pending": false,
              "context": null,
              "code": "import { Roles, ROLES_KEY } from '../index';\n\ndescribe('Public decorator', () => {\n  it('should be defined', async () => {\n    expect(Roles('admin')).toBeDefined();\n    expect(Roles('admin', 'user')).toBeDefined();\n  });\n\n  it('should be return key', async () => {\n    expect(ROLES_KEY).toBe('roles');\n  });\n});\n",
              "err": {},
              "uuid": "b797e30d-329e-43fb-aada-43a2ef142f9c",
              "parentUUID": "2da925a0-77fb-43b4-b046-aedc554bd9dc",
              "isHook": false,
              "skipped": false
            },
            {
              "title": "Public decorator > should be return key",
              "fullTitle": "should be return key",
              "timedOut": false,
              "duration": 1,
              "state": "passed",
              "speed": null,
              "pass": true,
              "fail": false,
              "pending": false,
              "context": null,
              "code": "import { Roles, ROLES_KEY } from '../index';\n\ndescribe('Public decorator', () => {\n  it('should be defined', async () => {\n    expect(Roles('admin')).toBeDefined();\n    expect(Roles('admin', 'user')).toBeDefined();\n  });\n\n  it('should be return key', async () => {\n    expect(ROLES_KEY).toBe('roles');\n  });\n});\n",
              "err": {},
              "uuid": "a29ed287-e87e-4e1e-a70c-35f3cbfeed51",
              "parentUUID": "2da925a0-77fb-43b4-b046-aedc554bd9dc",
              "isHook": false,
              "skipped": false
            },
            {
              "title": "https-certificate > should be return https certificate config",
              "fullTitle": "should be return https certificate config",
              "timedOut": false,
              "duration": 3,
              "state": "passed",
              "speed": null,
              "pass": true,
              "fail": false,
              "pending": false,
              "context": null,
              "code": "import { setHttpsOptions } from '../index';\nimport * as path from 'path';\ndescribe('https-certificate', () => {\n  it('should be return https certificate config', () => {\n    const crtPath = path.resolve(__dirname, './utils/localhost.crt');\n    const keyPath = path.resolve(__dirname, './utils/localhost.key');\n\n    const config = setHttpsOptions(crtPath, keyPath);\n    expect(typeof config).toBe('object');\n    expect(config).toBeDefined();\n    expect(config.cert).not.toEqual('');\n    expect(config.key).not.toEqual('');\n  });\n\n  it('should be return https certificate config empty', () => {\n    const crtPath = path.resolve(__dirname, './utils/my-localhost.crt');\n    const keyPath = path.resolve(__dirname, './utils/my-localhost.key');\n\n    const config = setHttpsOptions(crtPath, keyPath);\n    expect(typeof config).toBe('object');\n    expect(config).toBeDefined();\n    expect(config.cert).toEqual('');\n    expect(config.key).toEqual('');\n  });\n});\n",
              "err": {},
              "uuid": "ed3c6dac-11f3-40d3-8d58-3af530929e4a",
              "parentUUID": "2da925a0-77fb-43b4-b046-aedc554bd9dc",
              "isHook": false,
              "skipped": false
            },
            {
              "title": "https-certificate > should be return https certificate config empty",
              "fullTitle": "should be return https certificate config empty",
              "timedOut": false,
              "duration": 0,
              "state": "passed",
              "speed": null,
              "pass": true,
              "fail": false,
              "pending": false,
              "context": null,
              "code": "import { setHttpsOptions } from '../index';\nimport * as path from 'path';\ndescribe('https-certificate', () => {\n  it('should be return https certificate config', () => {\n    const crtPath = path.resolve(__dirname, './utils/localhost.crt');\n    const keyPath = path.resolve(__dirname, './utils/localhost.key');\n\n    const config = setHttpsOptions(crtPath, keyPath);\n    expect(typeof config).toBe('object');\n    expect(config).toBeDefined();\n    expect(config.cert).not.toEqual('');\n    expect(config.key).not.toEqual('');\n  });\n\n  it('should be return https certificate config empty', () => {\n    const crtPath = path.resolve(__dirname, './utils/my-localhost.crt');\n    const keyPath = path.resolve(__dirname, './utils/my-localhost.key');\n\n    const config = setHttpsOptions(crtPath, keyPath);\n    expect(typeof config).toBe('object');\n    expect(config).toBeDefined();\n    expect(config.cert).toEqual('');\n    expect(config.key).toEqual('');\n  });\n});\n",
              "err": {},
              "uuid": "3f9db488-b19f-45c4-b28b-d2157e1aa31a",
              "parentUUID": "2da925a0-77fb-43b4-b046-aedc554bd9dc",
              "isHook": false,
              "skipped": false
            },
            {
              "title": "Public decorator > should be defined",
              "fullTitle": "should be defined",
              "timedOut": false,
              "duration": 2,
              "state": "passed",
              "speed": null,
              "pass": true,
              "fail": false,
              "pending": false,
              "context": null,
              "code": "import { Public, IS_PUBLIC_KEY } from '../index';\n\ndescribe('Public decorator', () => {\n  it('should be defined', async () => {\n    expect(Public()).toBeDefined();\n  });\n\n  it('should be return key', async () => {\n    expect(IS_PUBLIC_KEY).toBe('isPublic');\n  });\n});\n",
              "err": {},
              "uuid": "f75af5aa-fc9e-4f04-8ab7-2f3f1d7250a0",
              "parentUUID": "2da925a0-77fb-43b4-b046-aedc554bd9dc",
              "isHook": false,
              "skipped": false
            },
            {
              "title": "Public decorator > should be return key",
              "fullTitle": "should be return key",
              "timedOut": false,
              "duration": 0,
              "state": "passed",
              "speed": null,
              "pass": true,
              "fail": false,
              "pending": false,
              "context": null,
              "code": "import { Public, IS_PUBLIC_KEY } from '../index';\n\ndescribe('Public decorator', () => {\n  it('should be defined', async () => {\n    expect(Public()).toBeDefined();\n  });\n\n  it('should be return key', async () => {\n    expect(IS_PUBLIC_KEY).toBe('isPublic');\n  });\n});\n",
              "err": {},
              "uuid": "7fc925e3-a468-46a6-bc41-60921537cb29",
              "parentUUID": "2da925a0-77fb-43b4-b046-aedc554bd9dc",
              "isHook": false,
              "skipped": false
            }
          ],
          "suites": [],
          "passes": [
            "fe02bcd9-a86c-4275-a12f-e4f24b1e086b",
            "49adc8c0-b1c2-4dce-abbc-d57dcbbceb53",
            "c8fd83af-1502-44eb-9a7f-5ece7043c4d8",
            "d5f4d29c-814e-48d9-b780-652c625282d1",
            "b797e30d-329e-43fb-aada-43a2ef142f9c",
            "a29ed287-e87e-4e1e-a70c-35f3cbfeed51",
            "ed3c6dac-11f3-40d3-8d58-3af530929e4a",
            "3f9db488-b19f-45c4-b28b-d2157e1aa31a",
            "f75af5aa-fc9e-4f04-8ab7-2f3f1d7250a0",
            "7fc925e3-a468-46a6-bc41-60921537cb29"
          ],
          "failures": [],
          "pending": [],
          "skipped": [],
          "duration": 15,
          "root": false,
          "rootEmpty": false,
          "_timeout": 5000
        }
      ],
      "passes": [],
      "failures": [],
      "pending": [],
      "skipped": [],
      "duration": 0,
      "root": true,
      "rootEmpty": true,
      "_timeout": 5000
    }
  ]
}
