{
  "stats": {
    "suites": 4,
    "tests": 10,
    "passes": 10,
    "pending": 0,
    "failures": 0,
    "testsRegistered": 10,
    "passPercent": 100,
    "pendingPercent": 0,
    "other": 0,
    "hasOther": false,
    "skipped": 0,
    "hasSkipped": false,
    "start": "2023-05-02T17:45:59.482Z",
    "end": "2023-05-02T17:45:59.497Z",
    "duration": 15
  },
  "results": [
    {
      "uuid": "77de5374-d074-4a8e-b757-f7266ee5177a",
      "title": "@tresdoce-nestjs-toolkit/core",
      "fullFile": "",
      "file": "",
      "beforeHooks": [],
      "afterHooks": [],
      "tests": [],
      "suites": [
        {
          "uuid": "66e626a3-f698-49a1-ab90-d1c57181b270",
          "title": "@tresdoce-nestjs-toolkit/core",
          "fullFile": "",
          "file": "",
          "beforeHooks": [],
          "afterHooks": [],
          "tests": [
            {
              "fullTitle": "commons > with env context > should be return commons exclude paths with context",
              "title": "commons > with env context > should be return commons exclude paths with context",
              "timedOut": false,
              "duration": 3,
              "state": "passed",
              "speed": null,
              "pass": true,
              "fail": false,
              "pending": false,
              "context": null,
              "code": "import { corePathsExcludes, excludePaths } from '../index';\nimport { RequestMethod } from '@nestjs/common';\n\ndescribe('commons', () => {\n  describe('with env context', () => {\n    beforeEach(() => {\n      process.env.CONTEXT = 'v1/api-test';\n    });\n\n    it('should be return commons exclude paths with context', () => {\n      expect(corePathsExcludes()).not.toBe(null);\n      expect(corePathsExcludes()).toBeDefined();\n      expect(corePathsExcludes()).toBeInstanceOf(Array);\n\n      expect(corePathsExcludes()).toContainObject({\n        path: `/v1/api-test/health/liveness`,\n        method: RequestMethod.GET,\n      });\n\n      expect(corePathsExcludes()).toContainObject({\n        path: `/v1/api-test/health/readiness`,\n        method: RequestMethod.GET,\n      });\n\n      expect(corePathsExcludes()).toContainObject({\n        path: `/v1/api-test/info`,\n        method: RequestMethod.GET,\n      });\n    });\n\n    it('should be return array of exclude paths with context', () => {\n      expect(excludePaths()).not.toBe(null);\n      expect(excludePaths()).toBeDefined();\n      expect(excludePaths()).toBeInstanceOf(Array);\n      expect(excludePaths()).toEqual([\n        `/v1/api-test/health/liveness`,\n        `/v1/api-test/health/readiness`,\n        `/v1/api-test/info`,\n      ]);\n    });\n  });\n\n  describe('without env context', () => {\n    beforeEach(() => {\n      process.env.CONTEXT = '';\n    });\n\n    it('should be return commons exclude paths without context', () => {\n      expect(corePathsExcludes()).not.toBe(null);\n      expect(corePathsExcludes()).toBeDefined();\n      expect(corePathsExcludes()).toBeInstanceOf(Array);\n\n      expect(corePathsExcludes()).toContainObject({\n        path: '/health/liveness',\n        method: RequestMethod.GET,\n      });\n\n      expect(corePathsExcludes()).toContainObject({\n        path: '/health/readiness',\n        method: RequestMethod.GET,\n      });\n\n      expect(corePathsExcludes()).toContainObject({\n        path: '/info',\n        method: RequestMethod.GET,\n      });\n    });\n\n    it('should be return array of exclude paths without context', () => {\n      expect(excludePaths()).not.toBe(null);\n      expect(excludePaths()).toBeDefined();\n      expect(excludePaths()).toBeInstanceOf(Array);\n      expect(excludePaths()).toEqual(['/health/liveness', '/health/readiness', '/info']);\n    });\n  });\n});\n",
              "err": {},
              "uuid": "23466cf9-71b4-4712-832d-56d02936f61e",
              "parentUUID": "66e626a3-f698-49a1-ab90-d1c57181b270",
              "isHook": false,
              "skipped": false
            },
            {
              "fullTitle": "commons > with env context > should be return array of exclude paths with context",
              "title": "commons > with env context > should be return array of exclude paths with context",
              "timedOut": false,
              "duration": 1,
              "state": "passed",
              "speed": null,
              "pass": true,
              "fail": false,
              "pending": false,
              "context": null,
              "code": "import { corePathsExcludes, excludePaths } from '../index';\nimport { RequestMethod } from '@nestjs/common';\n\ndescribe('commons', () => {\n  describe('with env context', () => {\n    beforeEach(() => {\n      process.env.CONTEXT = 'v1/api-test';\n    });\n\n    it('should be return commons exclude paths with context', () => {\n      expect(corePathsExcludes()).not.toBe(null);\n      expect(corePathsExcludes()).toBeDefined();\n      expect(corePathsExcludes()).toBeInstanceOf(Array);\n\n      expect(corePathsExcludes()).toContainObject({\n        path: `/v1/api-test/health/liveness`,\n        method: RequestMethod.GET,\n      });\n\n      expect(corePathsExcludes()).toContainObject({\n        path: `/v1/api-test/health/readiness`,\n        method: RequestMethod.GET,\n      });\n\n      expect(corePathsExcludes()).toContainObject({\n        path: `/v1/api-test/info`,\n        method: RequestMethod.GET,\n      });\n    });\n\n    it('should be return array of exclude paths with context', () => {\n      expect(excludePaths()).not.toBe(null);\n      expect(excludePaths()).toBeDefined();\n      expect(excludePaths()).toBeInstanceOf(Array);\n      expect(excludePaths()).toEqual([\n        `/v1/api-test/health/liveness`,\n        `/v1/api-test/health/readiness`,\n        `/v1/api-test/info`,\n      ]);\n    });\n  });\n\n  describe('without env context', () => {\n    beforeEach(() => {\n      process.env.CONTEXT = '';\n    });\n\n    it('should be return commons exclude paths without context', () => {\n      expect(corePathsExcludes()).not.toBe(null);\n      expect(corePathsExcludes()).toBeDefined();\n      expect(corePathsExcludes()).toBeInstanceOf(Array);\n\n      expect(corePathsExcludes()).toContainObject({\n        path: '/health/liveness',\n        method: RequestMethod.GET,\n      });\n\n      expect(corePathsExcludes()).toContainObject({\n        path: '/health/readiness',\n        method: RequestMethod.GET,\n      });\n\n      expect(corePathsExcludes()).toContainObject({\n        path: '/info',\n        method: RequestMethod.GET,\n      });\n    });\n\n    it('should be return array of exclude paths without context', () => {\n      expect(excludePaths()).not.toBe(null);\n      expect(excludePaths()).toBeDefined();\n      expect(excludePaths()).toBeInstanceOf(Array);\n      expect(excludePaths()).toEqual(['/health/liveness', '/health/readiness', '/info']);\n    });\n  });\n});\n",
              "err": {},
              "uuid": "15e8c345-2f45-43fd-b8f6-6b330ade77cc",
              "parentUUID": "66e626a3-f698-49a1-ab90-d1c57181b270",
              "isHook": false,
              "skipped": false
            },
            {
              "fullTitle": "commons > with env context > should be return commons exclude paths without context",
              "title": "commons > with env context > should be return commons exclude paths without context",
              "timedOut": false,
              "duration": 2,
              "state": "passed",
              "speed": null,
              "pass": true,
              "fail": false,
              "pending": false,
              "context": null,
              "code": "import { corePathsExcludes, excludePaths } from '../index';\nimport { RequestMethod } from '@nestjs/common';\n\ndescribe('commons', () => {\n  describe('with env context', () => {\n    beforeEach(() => {\n      process.env.CONTEXT = 'v1/api-test';\n    });\n\n    it('should be return commons exclude paths with context', () => {\n      expect(corePathsExcludes()).not.toBe(null);\n      expect(corePathsExcludes()).toBeDefined();\n      expect(corePathsExcludes()).toBeInstanceOf(Array);\n\n      expect(corePathsExcludes()).toContainObject({\n        path: `/v1/api-test/health/liveness`,\n        method: RequestMethod.GET,\n      });\n\n      expect(corePathsExcludes()).toContainObject({\n        path: `/v1/api-test/health/readiness`,\n        method: RequestMethod.GET,\n      });\n\n      expect(corePathsExcludes()).toContainObject({\n        path: `/v1/api-test/info`,\n        method: RequestMethod.GET,\n      });\n    });\n\n    it('should be return array of exclude paths with context', () => {\n      expect(excludePaths()).not.toBe(null);\n      expect(excludePaths()).toBeDefined();\n      expect(excludePaths()).toBeInstanceOf(Array);\n      expect(excludePaths()).toEqual([\n        `/v1/api-test/health/liveness`,\n        `/v1/api-test/health/readiness`,\n        `/v1/api-test/info`,\n      ]);\n    });\n  });\n\n  describe('without env context', () => {\n    beforeEach(() => {\n      process.env.CONTEXT = '';\n    });\n\n    it('should be return commons exclude paths without context', () => {\n      expect(corePathsExcludes()).not.toBe(null);\n      expect(corePathsExcludes()).toBeDefined();\n      expect(corePathsExcludes()).toBeInstanceOf(Array);\n\n      expect(corePathsExcludes()).toContainObject({\n        path: '/health/liveness',\n        method: RequestMethod.GET,\n      });\n\n      expect(corePathsExcludes()).toContainObject({\n        path: '/health/readiness',\n        method: RequestMethod.GET,\n      });\n\n      expect(corePathsExcludes()).toContainObject({\n        path: '/info',\n        method: RequestMethod.GET,\n      });\n    });\n\n    it('should be return array of exclude paths without context', () => {\n      expect(excludePaths()).not.toBe(null);\n      expect(excludePaths()).toBeDefined();\n      expect(excludePaths()).toBeInstanceOf(Array);\n      expect(excludePaths()).toEqual(['/health/liveness', '/health/readiness', '/info']);\n    });\n  });\n});\n",
              "err": {},
              "uuid": "2e35da9c-bc5c-4c20-92a1-ca14beb807ad",
              "parentUUID": "66e626a3-f698-49a1-ab90-d1c57181b270",
              "isHook": false,
              "skipped": false
            },
            {
              "fullTitle": "commons > with env context > should be return array of exclude paths without context",
              "title": "commons > with env context > should be return array of exclude paths without context",
              "timedOut": false,
              "duration": 1,
              "state": "passed",
              "speed": null,
              "pass": true,
              "fail": false,
              "pending": false,
              "context": null,
              "code": "import { corePathsExcludes, excludePaths } from '../index';\nimport { RequestMethod } from '@nestjs/common';\n\ndescribe('commons', () => {\n  describe('with env context', () => {\n    beforeEach(() => {\n      process.env.CONTEXT = 'v1/api-test';\n    });\n\n    it('should be return commons exclude paths with context', () => {\n      expect(corePathsExcludes()).not.toBe(null);\n      expect(corePathsExcludes()).toBeDefined();\n      expect(corePathsExcludes()).toBeInstanceOf(Array);\n\n      expect(corePathsExcludes()).toContainObject({\n        path: `/v1/api-test/health/liveness`,\n        method: RequestMethod.GET,\n      });\n\n      expect(corePathsExcludes()).toContainObject({\n        path: `/v1/api-test/health/readiness`,\n        method: RequestMethod.GET,\n      });\n\n      expect(corePathsExcludes()).toContainObject({\n        path: `/v1/api-test/info`,\n        method: RequestMethod.GET,\n      });\n    });\n\n    it('should be return array of exclude paths with context', () => {\n      expect(excludePaths()).not.toBe(null);\n      expect(excludePaths()).toBeDefined();\n      expect(excludePaths()).toBeInstanceOf(Array);\n      expect(excludePaths()).toEqual([\n        `/v1/api-test/health/liveness`,\n        `/v1/api-test/health/readiness`,\n        `/v1/api-test/info`,\n      ]);\n    });\n  });\n\n  describe('without env context', () => {\n    beforeEach(() => {\n      process.env.CONTEXT = '';\n    });\n\n    it('should be return commons exclude paths without context', () => {\n      expect(corePathsExcludes()).not.toBe(null);\n      expect(corePathsExcludes()).toBeDefined();\n      expect(corePathsExcludes()).toBeInstanceOf(Array);\n\n      expect(corePathsExcludes()).toContainObject({\n        path: '/health/liveness',\n        method: RequestMethod.GET,\n      });\n\n      expect(corePathsExcludes()).toContainObject({\n        path: '/health/readiness',\n        method: RequestMethod.GET,\n      });\n\n      expect(corePathsExcludes()).toContainObject({\n        path: '/info',\n        method: RequestMethod.GET,\n      });\n    });\n\n    it('should be return array of exclude paths without context', () => {\n      expect(excludePaths()).not.toBe(null);\n      expect(excludePaths()).toBeDefined();\n      expect(excludePaths()).toBeInstanceOf(Array);\n      expect(excludePaths()).toEqual(['/health/liveness', '/health/readiness', '/info']);\n    });\n  });\n});\n",
              "err": {},
              "uuid": "5800d6bb-5798-4b9f-b68c-9af56927fdda",
              "parentUUID": "66e626a3-f698-49a1-ab90-d1c57181b270",
              "isHook": false,
              "skipped": false
            },
            {
              "fullTitle": "https-certificate > should be return https certificate config",
              "title": "https-certificate > should be return https certificate config",
              "timedOut": false,
              "duration": 4,
              "state": "passed",
              "speed": null,
              "pass": true,
              "fail": false,
              "pending": false,
              "context": null,
              "code": "import { setHttpsOptions } from '../index';\nimport * as path from 'path';\ndescribe('https-certificate', () => {\n  it('should be return https certificate config', () => {\n    const crtPath = path.resolve(__dirname, './utils/localhost.crt');\n    const keyPath = path.resolve(__dirname, './utils/localhost.key');\n\n    const config = setHttpsOptions(crtPath, keyPath);\n    expect(typeof config).toBe('object');\n    expect(config).toBeDefined();\n    expect(config.cert).not.toEqual('');\n    expect(config.key).not.toEqual('');\n  });\n\n  it('should be return https certificate config empty', () => {\n    const crtPath = path.resolve(__dirname, './utils/my-localhost.crt');\n    const keyPath = path.resolve(__dirname, './utils/my-localhost.key');\n\n    const config = setHttpsOptions(crtPath, keyPath);\n    expect(typeof config).toBe('object');\n    expect(config).toBeDefined();\n    expect(config.cert).toEqual('');\n    expect(config.key).toEqual('');\n  });\n});\n",
              "err": {},
              "uuid": "fb92a137-2245-4ba5-b936-871c51fe68a4",
              "parentUUID": "66e626a3-f698-49a1-ab90-d1c57181b270",
              "isHook": false,
              "skipped": false
            },
            {
              "fullTitle": "https-certificate > should be return https certificate config empty",
              "title": "https-certificate > should be return https certificate config empty",
              "timedOut": false,
              "duration": 1,
              "state": "passed",
              "speed": null,
              "pass": true,
              "fail": false,
              "pending": false,
              "context": null,
              "code": "import { setHttpsOptions } from '../index';\nimport * as path from 'path';\ndescribe('https-certificate', () => {\n  it('should be return https certificate config', () => {\n    const crtPath = path.resolve(__dirname, './utils/localhost.crt');\n    const keyPath = path.resolve(__dirname, './utils/localhost.key');\n\n    const config = setHttpsOptions(crtPath, keyPath);\n    expect(typeof config).toBe('object');\n    expect(config).toBeDefined();\n    expect(config.cert).not.toEqual('');\n    expect(config.key).not.toEqual('');\n  });\n\n  it('should be return https certificate config empty', () => {\n    const crtPath = path.resolve(__dirname, './utils/my-localhost.crt');\n    const keyPath = path.resolve(__dirname, './utils/my-localhost.key');\n\n    const config = setHttpsOptions(crtPath, keyPath);\n    expect(typeof config).toBe('object');\n    expect(config).toBeDefined();\n    expect(config.cert).toEqual('');\n    expect(config.key).toEqual('');\n  });\n});\n",
              "err": {},
              "uuid": "24fc18bd-1fcc-4094-a11a-9e1a0685110b",
              "parentUUID": "66e626a3-f698-49a1-ab90-d1c57181b270",
              "isHook": false,
              "skipped": false
            },
            {
              "fullTitle": "Public decorator > should be defined",
              "title": "Public decorator > should be defined",
              "timedOut": false,
              "duration": 1,
              "state": "passed",
              "speed": null,
              "pass": true,
              "fail": false,
              "pending": false,
              "context": null,
              "code": "import { Public, IS_PUBLIC_KEY } from '../index';\n\ndescribe('Public decorator', () => {\n  it('should be defined', async () => {\n    expect(Public()).toBeDefined();\n  });\n\n  it('should be return key', async () => {\n    expect(IS_PUBLIC_KEY).toBe('isPublic');\n  });\n});\n",
              "err": {},
              "uuid": "bb426f7c-7d12-4599-875e-640b2e766013",
              "parentUUID": "66e626a3-f698-49a1-ab90-d1c57181b270",
              "isHook": false,
              "skipped": false
            },
            {
              "fullTitle": "Public decorator > should be return key",
              "title": "Public decorator > should be return key",
              "timedOut": false,
              "duration": 0,
              "state": "passed",
              "speed": null,
              "pass": true,
              "fail": false,
              "pending": false,
              "context": null,
              "code": "import { Public, IS_PUBLIC_KEY } from '../index';\n\ndescribe('Public decorator', () => {\n  it('should be defined', async () => {\n    expect(Public()).toBeDefined();\n  });\n\n  it('should be return key', async () => {\n    expect(IS_PUBLIC_KEY).toBe('isPublic');\n  });\n});\n",
              "err": {},
              "uuid": "bb6e1ae3-0054-41bb-b5d1-b5f3aeae9833",
              "parentUUID": "66e626a3-f698-49a1-ab90-d1c57181b270",
              "isHook": false,
              "skipped": false
            },
            {
              "fullTitle": "Public decorator > should be defined",
              "title": "Public decorator > should be defined",
              "timedOut": false,
              "duration": 2,
              "state": "passed",
              "speed": null,
              "pass": true,
              "fail": false,
              "pending": false,
              "context": null,
              "code": "import { Roles, ROLES_KEY } from '../index';\n\ndescribe('Public decorator', () => {\n  it('should be defined', async () => {\n    expect(Roles('admin')).toBeDefined();\n    expect(Roles('admin', 'user')).toBeDefined();\n  });\n\n  it('should be return key', async () => {\n    expect(ROLES_KEY).toBe('roles');\n  });\n});\n",
              "err": {},
              "uuid": "b2bd3b70-73fa-410c-a5ba-d17bda2498a1",
              "parentUUID": "66e626a3-f698-49a1-ab90-d1c57181b270",
              "isHook": false,
              "skipped": false
            },
            {
              "fullTitle": "Public decorator > should be return key",
              "title": "Public decorator > should be return key",
              "timedOut": false,
              "duration": 0,
              "state": "passed",
              "speed": null,
              "pass": true,
              "fail": false,
              "pending": false,
              "context": null,
              "code": "import { Roles, ROLES_KEY } from '../index';\n\ndescribe('Public decorator', () => {\n  it('should be defined', async () => {\n    expect(Roles('admin')).toBeDefined();\n    expect(Roles('admin', 'user')).toBeDefined();\n  });\n\n  it('should be return key', async () => {\n    expect(ROLES_KEY).toBe('roles');\n  });\n});\n",
              "err": {},
              "uuid": "45911f40-5b09-46c1-878e-84f481cd069f",
              "parentUUID": "66e626a3-f698-49a1-ab90-d1c57181b270",
              "isHook": false,
              "skipped": false
            }
          ],
          "suites": [],
          "passes": [
            "23466cf9-71b4-4712-832d-56d02936f61e",
            "15e8c345-2f45-43fd-b8f6-6b330ade77cc",
            "2e35da9c-bc5c-4c20-92a1-ca14beb807ad",
            "5800d6bb-5798-4b9f-b68c-9af56927fdda",
            "fb92a137-2245-4ba5-b936-871c51fe68a4",
            "24fc18bd-1fcc-4094-a11a-9e1a0685110b",
            "bb426f7c-7d12-4599-875e-640b2e766013",
            "bb6e1ae3-0054-41bb-b5d1-b5f3aeae9833",
            "b2bd3b70-73fa-410c-a5ba-d17bda2498a1",
            "45911f40-5b09-46c1-878e-84f481cd069f"
          ],
          "failures": [],
          "pending": [],
          "skipped": [],
          "duration": 15,
          "root": false,
          "rootEmpty": false,
          "_timeout": 5000
        }
      ],
      "passes": [],
      "failures": [],
      "pending": [],
      "skipped": [],
      "duration": 0,
      "root": true,
      "rootEmpty": true,
      "_timeout": 5000
    }
  ]
}
