{
  "stats": {
    "suites": 4,
    "tests": 10,
    "passes": 10,
    "pending": 0,
    "failures": 0,
    "testsRegistered": 10,
    "passPercent": 100,
    "pendingPercent": 0,
    "other": 0,
    "hasOther": false,
    "skipped": 0,
    "hasSkipped": false,
    "start": "2023-05-01T23:24:23.465Z",
    "end": "2023-05-01T23:24:23.481Z",
    "duration": 16
  },
  "results": [
    {
      "uuid": "4d37bc60-12fc-49b8-8a5b-f7db317dc7c9",
      "title": "@tresdoce-nestjs-toolkit/core",
      "fullFile": "",
      "file": "",
      "beforeHooks": [],
      "afterHooks": [],
      "tests": [],
      "suites": [
        {
          "uuid": "ad0a5763-18d2-4882-96eb-f034d20944bf",
          "title": "@tresdoce-nestjs-toolkit/core",
          "fullFile": "",
          "file": "",
          "beforeHooks": [],
          "afterHooks": [],
          "tests": [
            {
              "title": "should be return commons exclude paths with context",
              "fullTitle": "commons > with env context > should be return commons exclude paths with context",
              "timedOut": false,
              "duration": 3,
              "state": "passed",
              "speed": null,
              "pass": true,
              "fail": false,
              "pending": false,
              "context": null,
              "code": "",
              "err": {},
              "uuid": "0ceff360-5e43-433b-88b2-98560fe9b232",
              "parentUUID": "ad0a5763-18d2-4882-96eb-f034d20944bf",
              "isHook": false,
              "skipped": false
            },
            {
              "title": "should be return array of exclude paths with context",
              "fullTitle": "commons > with env context > should be return array of exclude paths with context",
              "timedOut": false,
              "duration": 1,
              "state": "passed",
              "speed": null,
              "pass": true,
              "fail": false,
              "pending": false,
              "context": null,
              "code": "",
              "err": {},
              "uuid": "00f1f939-bb8a-47d1-8259-f5254fe2a3c3",
              "parentUUID": "ad0a5763-18d2-4882-96eb-f034d20944bf",
              "isHook": false,
              "skipped": false
            },
            {
              "title": "should be return commons exclude paths without context",
              "fullTitle": "commons > with env context > should be return commons exclude paths without context",
              "timedOut": false,
              "duration": 2,
              "state": "passed",
              "speed": null,
              "pass": true,
              "fail": false,
              "pending": false,
              "context": null,
              "code": "",
              "err": {},
              "uuid": "16fe8276-78a6-4f09-b3c1-390b55756996",
              "parentUUID": "ad0a5763-18d2-4882-96eb-f034d20944bf",
              "isHook": false,
              "skipped": false
            },
            {
              "title": "should be return array of exclude paths without context",
              "fullTitle": "commons > with env context > should be return array of exclude paths without context",
              "timedOut": false,
              "duration": 1,
              "state": "passed",
              "speed": null,
              "pass": true,
              "fail": false,
              "pending": false,
              "context": null,
              "code": "",
              "err": {},
              "uuid": "dfa5ec2e-2e63-46b2-a399-19f986ea33dc",
              "parentUUID": "ad0a5763-18d2-4882-96eb-f034d20944bf",
              "isHook": false,
              "skipped": false
            },
            {
              "title": "should be defined",
              "fullTitle": "Public decorator > should be defined",
              "timedOut": false,
              "duration": 2,
              "state": "passed",
              "speed": null,
              "pass": true,
              "fail": false,
              "pending": false,
              "context": null,
              "code": "",
              "err": {},
              "uuid": "e3aebab4-05de-406f-880a-c8fcab25c54a",
              "parentUUID": "ad0a5763-18d2-4882-96eb-f034d20944bf",
              "isHook": false,
              "skipped": false
            },
            {
              "title": "should be return key",
              "fullTitle": "Public decorator > should be return key",
              "timedOut": false,
              "duration": 1,
              "state": "passed",
              "speed": null,
              "pass": true,
              "fail": false,
              "pending": false,
              "context": null,
              "code": "",
              "err": {},
              "uuid": "332ff44b-4611-4938-9ad1-5f90470a6fc3",
              "parentUUID": "ad0a5763-18d2-4882-96eb-f034d20944bf",
              "isHook": false,
              "skipped": false
            },
            {
              "title": "should be return https certificate config",
              "fullTitle": "https-certificate > should be return https certificate config",
              "timedOut": false,
              "duration": 4,
              "state": "passed",
              "speed": null,
              "pass": true,
              "fail": false,
              "pending": false,
              "context": null,
              "code": "",
              "err": {},
              "uuid": "a367845c-0d37-4689-88af-fbc18fe0f537",
              "parentUUID": "ad0a5763-18d2-4882-96eb-f034d20944bf",
              "isHook": false,
              "skipped": false
            },
            {
              "title": "should be return https certificate config empty",
              "fullTitle": "https-certificate > should be return https certificate config empty",
              "timedOut": false,
              "duration": 1,
              "state": "passed",
              "speed": null,
              "pass": true,
              "fail": false,
              "pending": false,
              "context": null,
              "code": "",
              "err": {},
              "uuid": "8f2fd275-e522-49ab-8ff1-a74c35c1da69",
              "parentUUID": "ad0a5763-18d2-4882-96eb-f034d20944bf",
              "isHook": false,
              "skipped": false
            },
            {
              "title": "should be defined",
              "fullTitle": "Public decorator > should be defined",
              "timedOut": false,
              "duration": 1,
              "state": "passed",
              "speed": null,
              "pass": true,
              "fail": false,
              "pending": false,
              "context": null,
              "code": "",
              "err": {},
              "uuid": "764ddaba-e0f1-43dc-bf1a-bf52d3053ac1",
              "parentUUID": "ad0a5763-18d2-4882-96eb-f034d20944bf",
              "isHook": false,
              "skipped": false
            },
            {
              "title": "should be return key",
              "fullTitle": "Public decorator > should be return key",
              "timedOut": false,
              "duration": 0,
              "state": "passed",
              "speed": null,
              "pass": true,
              "fail": false,
              "pending": false,
              "context": null,
              "code": "",
              "err": {},
              "uuid": "1cca90eb-8ab2-43f9-9f81-81bc390ee3d8",
              "parentUUID": "ad0a5763-18d2-4882-96eb-f034d20944bf",
              "isHook": false,
              "skipped": false
            }
          ],
          "suites": [],
          "passes": [
            "0ceff360-5e43-433b-88b2-98560fe9b232",
            "00f1f939-bb8a-47d1-8259-f5254fe2a3c3",
            "16fe8276-78a6-4f09-b3c1-390b55756996",
            "dfa5ec2e-2e63-46b2-a399-19f986ea33dc",
            "e3aebab4-05de-406f-880a-c8fcab25c54a",
            "332ff44b-4611-4938-9ad1-5f90470a6fc3",
            "a367845c-0d37-4689-88af-fbc18fe0f537",
            "8f2fd275-e522-49ab-8ff1-a74c35c1da69",
            "764ddaba-e0f1-43dc-bf1a-bf52d3053ac1",
            "1cca90eb-8ab2-43f9-9f81-81bc390ee3d8"
          ],
          "failures": [],
          "pending": [],
          "skipped": [],
          "duration": 16,
          "root": false,
          "rootEmpty": false,
          "_timeout": 5000
        }
      ],
      "passes": [],
      "failures": [],
      "pending": [],
      "skipped": [],
      "duration": 0,
      "root": true,
      "rootEmpty": true,
      "_timeout": 5000
    }
  ]
}
