{
  "stats": {
    "suites": 5,
    "tests": 30,
    "passes": 30,
    "pending": 0,
    "failures": 0,
    "testsRegistered": 30,
    "passPercent": 100,
    "pendingPercent": 0,
    "other": 0,
    "hasOther": false,
    "skipped": 0,
    "hasSkipped": false,
    "start": "2023-05-01T23:22:33.093Z",
    "end": "2023-05-01T23:23:21.549Z",
    "duration": 48456
  },
  "results": [
    {
      "uuid": "9c5884b4-6c5c-4c17-b7bf-cb8b64dab1d6",
      "title": "@tresdoce-nestjs-toolkit/test-utils",
      "fullFile": "",
      "file": "",
      "beforeHooks": [],
      "afterHooks": [],
      "tests": [],
      "suites": [
        {
          "uuid": "5fea7e97-955b-4ede-85d1-aa36f3984590",
          "title": "@tresdoce-nestjs-toolkit/test-utils",
          "fullFile": "",
          "file": "",
          "beforeHooks": [],
          "afterHooks": [],
          "tests": [
            {
              "title": "should be initialize service from docker-compose.yml",
              "fullTitle": "globalTestContainers > should be initialize service from docker-compose.yml",
              "timedOut": false,
              "duration": 12706,
              "state": "passed",
              "speed": null,
              "pass": true,
              "fail": false,
              "pending": false,
              "context": null,
              "code": "",
              "err": {},
              "uuid": "4a7db324-0816-45bf-a3c8-f85c645c4a95",
              "parentUUID": "5fea7e97-955b-4ede-85d1-aa36f3984590",
              "isHook": false,
              "skipped": false
            },
            {
              "title": "should be initialize all services from docker-compose.yml",
              "fullTitle": "globalTestContainers > should be initialize all services from docker-compose.yml",
              "timedOut": false,
              "duration": 13615,
              "state": "passed",
              "speed": null,
              "pass": true,
              "fail": false,
              "pending": false,
              "context": null,
              "code": "",
              "err": {},
              "uuid": "a02ee388-8372-4ffb-9b48-78e8f8de343e",
              "parentUUID": "5fea7e97-955b-4ede-85d1-aa36f3984590",
              "isHook": false,
              "skipped": false
            },
            {
              "title": "should be initialize services from docker-compose.yml in default path and filename",
              "fullTitle": "globalTestContainers > should be initialize services from docker-compose.yml in default path and filename",
              "timedOut": false,
              "duration": 12037,
              "state": "passed",
              "speed": null,
              "pass": true,
              "fail": false,
              "pending": false,
              "context": null,
              "code": "",
              "err": {},
              "uuid": "910ceac2-121b-4c7f-b715-a7e636a9dc66",
              "parentUUID": "5fea7e97-955b-4ede-85d1-aa36f3984590",
              "isHook": false,
              "skipped": false
            },
            {
              "title": "should be defined",
              "fullTitle": "TestContainers > Redis > should be defined",
              "timedOut": false,
              "duration": 2,
              "state": "passed",
              "speed": null,
              "pass": true,
              "fail": false,
              "pending": false,
              "context": null,
              "code": "",
              "err": {},
              "uuid": "7817651c-1be2-46f7-b89b-1a245732f6ee",
              "parentUUID": "5fea7e97-955b-4ede-85d1-aa36f3984590",
              "isHook": false,
              "skipped": false
            },
            {
              "title": "should be return exception of instance",
              "fullTitle": "TestContainers > Redis > should be return exception of instance",
              "timedOut": false,
              "duration": 1,
              "state": "passed",
              "speed": null,
              "pass": true,
              "fail": false,
              "pending": false,
              "context": null,
              "code": "",
              "err": {},
              "uuid": "153624bb-dcc7-4e89-890f-d428e352761d",
              "parentUUID": "5fea7e97-955b-4ede-85d1-aa36f3984590",
              "isHook": false,
              "skipped": false
            },
            {
              "title": "should be get instance of test container",
              "fullTitle": "TestContainers > Redis > should be get instance of test container",
              "timedOut": false,
              "duration": 0,
              "state": "passed",
              "speed": null,
              "pass": true,
              "fail": false,
              "pending": false,
              "context": null,
              "code": "",
              "err": {},
              "uuid": "119e1af9-9cd6-4fd8-8945-575b4661eb51",
              "parentUUID": "5fea7e97-955b-4ede-85d1-aa36f3984590",
              "isHook": false,
              "skipped": false
            },
            {
              "title": "should be return envs of instance",
              "fullTitle": "TestContainers > Redis > should be return envs of instance",
              "timedOut": false,
              "duration": 1,
              "state": "passed",
              "speed": null,
              "pass": true,
              "fail": false,
              "pending": false,
              "context": null,
              "code": "",
              "err": {},
              "uuid": "6e950c34-f043-40e9-9683-de0499f204d6",
              "parentUUID": "5fea7e97-955b-4ede-85d1-aa36f3984590",
              "isHook": false,
              "skipped": false
            },
            {
              "title": "should be return container instance",
              "fullTitle": "TestContainers > Redis > should be return container instance",
              "timedOut": false,
              "duration": 1,
              "state": "passed",
              "speed": null,
              "pass": true,
              "fail": false,
              "pending": false,
              "context": null,
              "code": "",
              "err": {},
              "uuid": "49915bb9-a8cc-4d85-ae77-b395a0bd58d9",
              "parentUUID": "5fea7e97-955b-4ede-85d1-aa36f3984590",
              "isHook": false,
              "skipped": false
            },
            {
              "title": "should be return host of container instance",
              "fullTitle": "TestContainers > Redis > should be return host of container instance",
              "timedOut": false,
              "duration": 1,
              "state": "passed",
              "speed": null,
              "pass": true,
              "fail": false,
              "pending": false,
              "context": null,
              "code": "",
              "err": {},
              "uuid": "954b71b2-1939-4b24-9d95-97e731450122",
              "parentUUID": "5fea7e97-955b-4ede-85d1-aa36f3984590",
              "isHook": false,
              "skipped": false
            },
            {
              "title": "should be return name of container instance",
              "fullTitle": "TestContainers > Redis > should be return name of container instance",
              "timedOut": false,
              "duration": 1,
              "state": "passed",
              "speed": null,
              "pass": true,
              "fail": false,
              "pending": false,
              "context": null,
              "code": "",
              "err": {},
              "uuid": "dfbb55dc-a87c-4d72-9067-72b9b74b914d",
              "parentUUID": "5fea7e97-955b-4ede-85d1-aa36f3984590",
              "isHook": false,
              "skipped": false
            },
            {
              "title": "should be return mapped port",
              "fullTitle": "TestContainers > Redis > should be return mapped port",
              "timedOut": false,
              "duration": 0,
              "state": "passed",
              "speed": null,
              "pass": true,
              "fail": false,
              "pending": false,
              "context": null,
              "code": "",
              "err": {},
              "uuid": "cac83445-7cab-48cf-b4a4-05d24a178781",
              "parentUUID": "5fea7e97-955b-4ede-85d1-aa36f3984590",
              "isHook": false,
              "skipped": false
            },
            {
              "title": "should be defined",
              "fullTitle": "TestContainers > Redis > should be defined",
              "timedOut": false,
              "duration": 1,
              "state": "passed",
              "speed": null,
              "pass": true,
              "fail": false,
              "pending": false,
              "context": null,
              "code": "",
              "err": {},
              "uuid": "87184fe1-f6f9-450b-bd51-faeef9bfdc39",
              "parentUUID": "5fea7e97-955b-4ede-85d1-aa36f3984590",
              "isHook": false,
              "skipped": false
            },
            {
              "title": "should be defined",
              "fullTitle": "TestContainers > Redis > should be defined",
              "timedOut": false,
              "duration": 1,
              "state": "passed",
              "speed": null,
              "pass": true,
              "fail": false,
              "pending": false,
              "context": null,
              "code": "",
              "err": {},
              "uuid": "357357fb-f7af-4ae3-b8f2-f494a1bd258d",
              "parentUUID": "5fea7e97-955b-4ede-85d1-aa36f3984590",
              "isHook": false,
              "skipped": false
            },
            {
              "title": "should be defined",
              "fullTitle": "TestContainers > Redis > should be defined",
              "timedOut": false,
              "duration": 1,
              "state": "passed",
              "speed": null,
              "pass": true,
              "fail": false,
              "pending": false,
              "context": null,
              "code": "",
              "err": {},
              "uuid": "fb71e811-6942-4354-9625-67da6fa972d4",
              "parentUUID": "5fea7e97-955b-4ede-85d1-aa36f3984590",
              "isHook": false,
              "skipped": false
            },
            {
              "title": "should be defined",
              "fullTitle": "TestContainers > Redis > should be defined",
              "timedOut": false,
              "duration": 0,
              "state": "passed",
              "speed": null,
              "pass": true,
              "fail": false,
              "pending": false,
              "context": null,
              "code": "",
              "err": {},
              "uuid": "a4c460b4-5c36-4857-ac22-26e585ef01b0",
              "parentUUID": "5fea7e97-955b-4ede-85d1-aa36f3984590",
              "isHook": false,
              "skipped": false
            },
            {
              "title": "should be defined",
              "fullTitle": "TestContainers > Redis > should be defined",
              "timedOut": false,
              "duration": 2,
              "state": "passed",
              "speed": null,
              "pass": true,
              "fail": false,
              "pending": false,
              "context": null,
              "code": "",
              "err": {},
              "uuid": "2df282eb-9816-4305-8c6a-45a0bba0c390",
              "parentUUID": "5fea7e97-955b-4ede-85d1-aa36f3984590",
              "isHook": false,
              "skipped": false
            },
            {
              "title": "should be return delay default time",
              "fullTitle": "utilities > should be return delay default time",
              "timedOut": false,
              "duration": 10007,
              "state": "passed",
              "speed": null,
              "pass": true,
              "fail": false,
              "pending": false,
              "context": null,
              "code": "",
              "err": {},
              "uuid": "e10fb9c8-83d4-4843-9a5e-377591038610",
              "parentUUID": "5fea7e97-955b-4ede-85d1-aa36f3984590",
              "isHook": false,
              "skipped": false
            },
            {
              "title": "should be return delay custom time",
              "fullTitle": "utilities > should be return delay custom time",
              "timedOut": false,
              "duration": 63,
              "state": "passed",
              "speed": null,
              "pass": true,
              "fail": false,
              "pending": false,
              "context": null,
              "code": "",
              "err": {},
              "uuid": "b518eee9-1150-4f8e-9f01-013b78966857",
              "parentUUID": "5fea7e97-955b-4ede-85d1-aa36f3984590",
              "isHook": false,
              "skipped": false
            },
            {
              "title": "should be return a join of paths",
              "fullTitle": "utilities > should be return a join of paths",
              "timedOut": false,
              "duration": 1,
              "state": "passed",
              "speed": null,
              "pass": true,
              "fail": false,
              "pending": false,
              "context": null,
              "code": "",
              "err": {},
              "uuid": "32c160b4-321c-4a03-9071-422a7372dad4",
              "parentUUID": "5fea7e97-955b-4ede-85d1-aa36f3984590",
              "isHook": false,
              "skipped": false
            },
            {
              "title": "should be return config",
              "fullTitle": "Config > baseConfig > should be return config",
              "timedOut": false,
              "duration": 3,
              "state": "passed",
              "speed": null,
              "pass": true,
              "fail": false,
              "pending": false,
              "context": null,
              "code": "",
              "err": {},
              "uuid": "d37b5daf-cd74-4ea0-94ea-527c7f4e26f6",
              "parentUUID": "5fea7e97-955b-4ede-85d1-aa36f3984590",
              "isHook": false,
              "skipped": false
            },
            {
              "title": "should be return config with args",
              "fullTitle": "Config > baseConfig > should be return config with args",
              "timedOut": false,
              "duration": 4,
              "state": "passed",
              "speed": null,
              "pass": true,
              "fail": false,
              "pending": false,
              "context": null,
              "code": "",
              "err": {},
              "uuid": "1d9e0cc4-12ee-4422-9672-96f194c64ea7",
              "parentUUID": "5fea7e97-955b-4ede-85d1-aa36f3984590",
              "isHook": false,
              "skipped": false
            },
            {
              "title": "should be return config without args",
              "fullTitle": "Config > baseConfig > should be return config without args",
              "timedOut": false,
              "duration": 1,
              "state": "passed",
              "speed": null,
              "pass": true,
              "fail": false,
              "pending": false,
              "context": null,
              "code": "",
              "err": {},
              "uuid": "c87b87b3-8fe1-4eb5-9b1d-81ba860c6a61",
              "parentUUID": "5fea7e97-955b-4ede-85d1-aa36f3984590",
              "isHook": false,
              "skipped": false
            },
            {
              "title": "should be return appBaseConfig",
              "fullTitle": "Fixtures > appConfigBase > should be return appBaseConfig",
              "timedOut": false,
              "duration": 1,
              "state": "passed",
              "speed": null,
              "pass": true,
              "fail": false,
              "pending": false,
              "context": null,
              "code": "",
              "err": {},
              "uuid": "cb49fa11-6833-4ecc-a71d-273763262779",
              "parentUUID": "5fea7e97-955b-4ede-85d1-aa36f3984590",
              "isHook": false,
              "skipped": false
            },
            {
              "title": "should be return appBaseConfig",
              "fullTitle": "Fixtures > appConfigBase > should be return appBaseConfig",
              "timedOut": false,
              "duration": 0,
              "state": "passed",
              "speed": null,
              "pass": true,
              "fail": false,
              "pending": false,
              "context": null,
              "code": "",
              "err": {},
              "uuid": "6bf58570-9e8b-4f3b-bd32-7a5c08d74969",
              "parentUUID": "5fea7e97-955b-4ede-85d1-aa36f3984590",
              "isHook": false,
              "skipped": false
            },
            {
              "title": "should be define Redis options",
              "fullTitle": "Fixtures > appConfigBase > should be define Redis options",
              "timedOut": false,
              "duration": 1,
              "state": "passed",
              "speed": null,
              "pass": true,
              "fail": false,
              "pending": false,
              "context": null,
              "code": "",
              "err": {},
              "uuid": "fb77dfb5-480a-4c4a-91ba-ddb6545b2881",
              "parentUUID": "5fea7e97-955b-4ede-85d1-aa36f3984590",
              "isHook": false,
              "skipped": false
            },
            {
              "title": "should be define DynamoDB options",
              "fullTitle": "Fixtures > appConfigBase > should be define DynamoDB options",
              "timedOut": false,
              "duration": 1,
              "state": "passed",
              "speed": null,
              "pass": true,
              "fail": false,
              "pending": false,
              "context": null,
              "code": "",
              "err": {},
              "uuid": "2e70b648-29e0-49fd-9bda-e76c165f6752",
              "parentUUID": "5fea7e97-955b-4ede-85d1-aa36f3984590",
              "isHook": false,
              "skipped": false
            },
            {
              "title": "should be define MongoDB options",
              "fullTitle": "Fixtures > appConfigBase > should be define MongoDB options",
              "timedOut": false,
              "duration": 1,
              "state": "passed",
              "speed": null,
              "pass": true,
              "fail": false,
              "pending": false,
              "context": null,
              "code": "",
              "err": {},
              "uuid": "06783545-cda2-4af4-a8b6-ead2cd2e54ff",
              "parentUUID": "5fea7e97-955b-4ede-85d1-aa36f3984590",
              "isHook": false,
              "skipped": false
            },
            {
              "title": "should be define MySql options",
              "fullTitle": "Fixtures > appConfigBase > should be define MySql options",
              "timedOut": false,
              "duration": 1,
              "state": "passed",
              "speed": null,
              "pass": true,
              "fail": false,
              "pending": false,
              "context": null,
              "code": "",
              "err": {},
              "uuid": "6755b9e5-2cfb-4813-9fd5-f46fa026bf3c",
              "parentUUID": "5fea7e97-955b-4ede-85d1-aa36f3984590",
              "isHook": false,
              "skipped": false
            },
            {
              "title": "should be define Postgres options",
              "fullTitle": "Fixtures > appConfigBase > should be define Postgres options",
              "timedOut": false,
              "duration": 1,
              "state": "passed",
              "speed": null,
              "pass": true,
              "fail": false,
              "pending": false,
              "context": null,
              "code": "",
              "err": {},
              "uuid": "93f55c9d-4258-41c2-9bd1-d13f7e39c06a",
              "parentUUID": "5fea7e97-955b-4ede-85d1-aa36f3984590",
              "isHook": false,
              "skipped": false
            },
            {
              "title": "should be define ElasticSearch options",
              "fullTitle": "Fixtures > appConfigBase > should be define ElasticSearch options",
              "timedOut": false,
              "duration": 1,
              "state": "passed",
              "speed": null,
              "pass": true,
              "fail": false,
              "pending": false,
              "context": null,
              "code": "",
              "err": {},
              "uuid": "c45a47d3-60e1-44fb-bf82-ea2dab748a05",
              "parentUUID": "5fea7e97-955b-4ede-85d1-aa36f3984590",
              "isHook": false,
              "skipped": false
            }
          ],
          "suites": [],
          "passes": [
            "4a7db324-0816-45bf-a3c8-f85c645c4a95",
            "a02ee388-8372-4ffb-9b48-78e8f8de343e",
            "910ceac2-121b-4c7f-b715-a7e636a9dc66",
            "7817651c-1be2-46f7-b89b-1a245732f6ee",
            "153624bb-dcc7-4e89-890f-d428e352761d",
            "119e1af9-9cd6-4fd8-8945-575b4661eb51",
            "6e950c34-f043-40e9-9683-de0499f204d6",
            "49915bb9-a8cc-4d85-ae77-b395a0bd58d9",
            "954b71b2-1939-4b24-9d95-97e731450122",
            "dfbb55dc-a87c-4d72-9067-72b9b74b914d",
            "cac83445-7cab-48cf-b4a4-05d24a178781",
            "87184fe1-f6f9-450b-bd51-faeef9bfdc39",
            "357357fb-f7af-4ae3-b8f2-f494a1bd258d",
            "fb71e811-6942-4354-9625-67da6fa972d4",
            "a4c460b4-5c36-4857-ac22-26e585ef01b0",
            "2df282eb-9816-4305-8c6a-45a0bba0c390",
            "e10fb9c8-83d4-4843-9a5e-377591038610",
            "b518eee9-1150-4f8e-9f01-013b78966857",
            "32c160b4-321c-4a03-9071-422a7372dad4",
            "d37b5daf-cd74-4ea0-94ea-527c7f4e26f6",
            "1d9e0cc4-12ee-4422-9672-96f194c64ea7",
            "c87b87b3-8fe1-4eb5-9b1d-81ba860c6a61",
            "cb49fa11-6833-4ecc-a71d-273763262779",
            "6bf58570-9e8b-4f3b-bd32-7a5c08d74969",
            "fb77dfb5-480a-4c4a-91ba-ddb6545b2881",
            "2e70b648-29e0-49fd-9bda-e76c165f6752",
            "06783545-cda2-4af4-a8b6-ead2cd2e54ff",
            "6755b9e5-2cfb-4813-9fd5-f46fa026bf3c",
            "93f55c9d-4258-41c2-9bd1-d13f7e39c06a",
            "c45a47d3-60e1-44fb-bf82-ea2dab748a05"
          ],
          "failures": [],
          "pending": [],
          "skipped": [],
          "duration": 48456,
          "root": false,
          "rootEmpty": false,
          "_timeout": 5000
        }
      ],
      "passes": [],
      "failures": [],
      "pending": [],
      "skipped": [],
      "duration": 0,
      "root": true,
      "rootEmpty": true,
      "_timeout": 5000
    }
  ]
}
