{
  "stats": {
    "suites": 5,
    "tests": 30,
    "passes": 30,
    "pending": 0,
    "failures": 0,
    "testsRegistered": 30,
    "passPercent": 100,
    "pendingPercent": 0,
    "other": 0,
    "hasOther": false,
    "skipped": 0,
    "hasSkipped": false,
    "start": "2023-05-01T23:13:28.383Z",
    "end": "2023-05-01T23:14:17.084Z",
    "duration": 48701
  },
  "results": [
    {
      "uuid": "ff500049-0d8c-4052-91e3-77b0a4a09572",
      "title": "@tresdoce-nestjs-toolkit/test-utils",
      "fullFile": "",
      "file": "",
      "beforeHooks": [],
      "afterHooks": [],
      "tests": [],
      "suites": [
        {
          "uuid": "514a5e5d-00e3-4844-83eb-2e94043d8147",
          "title": "@tresdoce-nestjs-toolkit/test-utils",
          "fullFile": "",
          "file": "",
          "beforeHooks": [],
          "afterHooks": [],
          "tests": [
            {
              "title": "should be initialize service from docker-compose.yml",
              "fullTitle": "globalTestContainers > should be initialize service from docker-compose.yml",
              "timedOut": false,
              "duration": 12927,
              "state": "passed",
              "speed": null,
              "pass": true,
              "fail": false,
              "pending": false,
              "context": null,
              "code": "",
              "err": {},
              "uuid": "94c8fa79-ee47-423e-a464-454a9f656018",
              "parentUUID": "514a5e5d-00e3-4844-83eb-2e94043d8147",
              "isHook": false,
              "skipped": false
            },
            {
              "title": "should be initialize all services from docker-compose.yml",
              "fullTitle": "globalTestContainers > should be initialize all services from docker-compose.yml",
              "timedOut": false,
              "duration": 13626,
              "state": "passed",
              "speed": null,
              "pass": true,
              "fail": false,
              "pending": false,
              "context": null,
              "code": "",
              "err": {},
              "uuid": "5af2ac72-51f2-45f6-8a7a-7e96f6a02350",
              "parentUUID": "514a5e5d-00e3-4844-83eb-2e94043d8147",
              "isHook": false,
              "skipped": false
            },
            {
              "title": "should be initialize services from docker-compose.yml in default path and filename",
              "fullTitle": "globalTestContainers > should be initialize services from docker-compose.yml in default path and filename",
              "timedOut": false,
              "duration": 12054,
              "state": "passed",
              "speed": null,
              "pass": true,
              "fail": false,
              "pending": false,
              "context": null,
              "code": "",
              "err": {},
              "uuid": "da294b53-5f1f-4310-aed0-d5375a2c312e",
              "parentUUID": "514a5e5d-00e3-4844-83eb-2e94043d8147",
              "isHook": false,
              "skipped": false
            },
            {
              "title": "should be defined",
              "fullTitle": "TestContainers > Redis > should be defined",
              "timedOut": false,
              "duration": 2,
              "state": "passed",
              "speed": null,
              "pass": true,
              "fail": false,
              "pending": false,
              "context": null,
              "code": "",
              "err": {},
              "uuid": "a770abe2-bfcf-4a40-bb51-9f3e401cbd8e",
              "parentUUID": "514a5e5d-00e3-4844-83eb-2e94043d8147",
              "isHook": false,
              "skipped": false
            },
            {
              "title": "should be return exception of instance",
              "fullTitle": "TestContainers > Redis > should be return exception of instance",
              "timedOut": false,
              "duration": 0,
              "state": "passed",
              "speed": null,
              "pass": true,
              "fail": false,
              "pending": false,
              "context": null,
              "code": "",
              "err": {},
              "uuid": "ccf784c5-824d-4264-be1e-1726ef86cc84",
              "parentUUID": "514a5e5d-00e3-4844-83eb-2e94043d8147",
              "isHook": false,
              "skipped": false
            },
            {
              "title": "should be get instance of test container",
              "fullTitle": "TestContainers > Redis > should be get instance of test container",
              "timedOut": false,
              "duration": 0,
              "state": "passed",
              "speed": null,
              "pass": true,
              "fail": false,
              "pending": false,
              "context": null,
              "code": "",
              "err": {},
              "uuid": "59c4bff2-52e7-4478-8da5-ad529fe21dac",
              "parentUUID": "514a5e5d-00e3-4844-83eb-2e94043d8147",
              "isHook": false,
              "skipped": false
            },
            {
              "title": "should be return envs of instance",
              "fullTitle": "TestContainers > Redis > should be return envs of instance",
              "timedOut": false,
              "duration": 1,
              "state": "passed",
              "speed": null,
              "pass": true,
              "fail": false,
              "pending": false,
              "context": null,
              "code": "",
              "err": {},
              "uuid": "b0909efc-6f24-4dd6-8db5-788391580908",
              "parentUUID": "514a5e5d-00e3-4844-83eb-2e94043d8147",
              "isHook": false,
              "skipped": false
            },
            {
              "title": "should be return container instance",
              "fullTitle": "TestContainers > Redis > should be return container instance",
              "timedOut": false,
              "duration": 1,
              "state": "passed",
              "speed": null,
              "pass": true,
              "fail": false,
              "pending": false,
              "context": null,
              "code": "",
              "err": {},
              "uuid": "4350e2b0-d059-40ba-a0e3-c411f9753ca5",
              "parentUUID": "514a5e5d-00e3-4844-83eb-2e94043d8147",
              "isHook": false,
              "skipped": false
            },
            {
              "title": "should be return host of container instance",
              "fullTitle": "TestContainers > Redis > should be return host of container instance",
              "timedOut": false,
              "duration": 1,
              "state": "passed",
              "speed": null,
              "pass": true,
              "fail": false,
              "pending": false,
              "context": null,
              "code": "",
              "err": {},
              "uuid": "333acf54-3d5e-4571-b26e-b128f967a818",
              "parentUUID": "514a5e5d-00e3-4844-83eb-2e94043d8147",
              "isHook": false,
              "skipped": false
            },
            {
              "title": "should be return name of container instance",
              "fullTitle": "TestContainers > Redis > should be return name of container instance",
              "timedOut": false,
              "duration": 1,
              "state": "passed",
              "speed": null,
              "pass": true,
              "fail": false,
              "pending": false,
              "context": null,
              "code": "",
              "err": {},
              "uuid": "94b7151e-3494-452b-804e-5517d02fae32",
              "parentUUID": "514a5e5d-00e3-4844-83eb-2e94043d8147",
              "isHook": false,
              "skipped": false
            },
            {
              "title": "should be return mapped port",
              "fullTitle": "TestContainers > Redis > should be return mapped port",
              "timedOut": false,
              "duration": 0,
              "state": "passed",
              "speed": null,
              "pass": true,
              "fail": false,
              "pending": false,
              "context": null,
              "code": "",
              "err": {},
              "uuid": "c1ef118b-5bab-4011-9f5d-0a7183474cd0",
              "parentUUID": "514a5e5d-00e3-4844-83eb-2e94043d8147",
              "isHook": false,
              "skipped": false
            },
            {
              "title": "should be defined",
              "fullTitle": "TestContainers > Redis > should be defined",
              "timedOut": false,
              "duration": 1,
              "state": "passed",
              "speed": null,
              "pass": true,
              "fail": false,
              "pending": false,
              "context": null,
              "code": "",
              "err": {},
              "uuid": "fd44a8d8-7c3d-42d1-853e-51138f6cfd8e",
              "parentUUID": "514a5e5d-00e3-4844-83eb-2e94043d8147",
              "isHook": false,
              "skipped": false
            },
            {
              "title": "should be defined",
              "fullTitle": "TestContainers > Redis > should be defined",
              "timedOut": false,
              "duration": 0,
              "state": "passed",
              "speed": null,
              "pass": true,
              "fail": false,
              "pending": false,
              "context": null,
              "code": "",
              "err": {},
              "uuid": "95686362-78e0-4901-b8d9-6ea078def9d2",
              "parentUUID": "514a5e5d-00e3-4844-83eb-2e94043d8147",
              "isHook": false,
              "skipped": false
            },
            {
              "title": "should be defined",
              "fullTitle": "TestContainers > Redis > should be defined",
              "timedOut": false,
              "duration": 0,
              "state": "passed",
              "speed": null,
              "pass": true,
              "fail": false,
              "pending": false,
              "context": null,
              "code": "",
              "err": {},
              "uuid": "3e290940-12c6-4fd9-8676-140beb655003",
              "parentUUID": "514a5e5d-00e3-4844-83eb-2e94043d8147",
              "isHook": false,
              "skipped": false
            },
            {
              "title": "should be defined",
              "fullTitle": "TestContainers > Redis > should be defined",
              "timedOut": false,
              "duration": 1,
              "state": "passed",
              "speed": null,
              "pass": true,
              "fail": false,
              "pending": false,
              "context": null,
              "code": "",
              "err": {},
              "uuid": "42d0fa6d-8847-409d-a750-053df738146b",
              "parentUUID": "514a5e5d-00e3-4844-83eb-2e94043d8147",
              "isHook": false,
              "skipped": false
            },
            {
              "title": "should be defined",
              "fullTitle": "TestContainers > Redis > should be defined",
              "timedOut": false,
              "duration": 1,
              "state": "passed",
              "speed": null,
              "pass": true,
              "fail": false,
              "pending": false,
              "context": null,
              "code": "",
              "err": {},
              "uuid": "9123371c-8abf-4ccd-973d-45eb86ed5e1e",
              "parentUUID": "514a5e5d-00e3-4844-83eb-2e94043d8147",
              "isHook": false,
              "skipped": false
            },
            {
              "title": "should be return delay default time",
              "fullTitle": "utilities > should be return delay default time",
              "timedOut": false,
              "duration": 10006,
              "state": "passed",
              "speed": null,
              "pass": true,
              "fail": false,
              "pending": false,
              "context": null,
              "code": "",
              "err": {},
              "uuid": "ba1fa439-6eac-475d-b266-ac142aa5f188",
              "parentUUID": "514a5e5d-00e3-4844-83eb-2e94043d8147",
              "isHook": false,
              "skipped": false
            },
            {
              "title": "should be return delay custom time",
              "fullTitle": "utilities > should be return delay custom time",
              "timedOut": false,
              "duration": 63,
              "state": "passed",
              "speed": null,
              "pass": true,
              "fail": false,
              "pending": false,
              "context": null,
              "code": "",
              "err": {},
              "uuid": "5874e045-56ea-4bb5-8455-5dac283d919f",
              "parentUUID": "514a5e5d-00e3-4844-83eb-2e94043d8147",
              "isHook": false,
              "skipped": false
            },
            {
              "title": "should be return a join of paths",
              "fullTitle": "utilities > should be return a join of paths",
              "timedOut": false,
              "duration": 1,
              "state": "passed",
              "speed": null,
              "pass": true,
              "fail": false,
              "pending": false,
              "context": null,
              "code": "",
              "err": {},
              "uuid": "8fa198e9-30e3-460a-a631-945d68614f9f",
              "parentUUID": "514a5e5d-00e3-4844-83eb-2e94043d8147",
              "isHook": false,
              "skipped": false
            },
            {
              "title": "should be return config",
              "fullTitle": "Config > baseConfig > should be return config",
              "timedOut": false,
              "duration": 4,
              "state": "passed",
              "speed": null,
              "pass": true,
              "fail": false,
              "pending": false,
              "context": null,
              "code": "",
              "err": {},
              "uuid": "737c241d-2d84-4a58-9941-e29cbeb3ff40",
              "parentUUID": "514a5e5d-00e3-4844-83eb-2e94043d8147",
              "isHook": false,
              "skipped": false
            },
            {
              "title": "should be return config with args",
              "fullTitle": "Config > baseConfig > should be return config with args",
              "timedOut": false,
              "duration": 0,
              "state": "passed",
              "speed": null,
              "pass": true,
              "fail": false,
              "pending": false,
              "context": null,
              "code": "",
              "err": {},
              "uuid": "1872a8ce-a222-41aa-af1a-ed0c7d630ead",
              "parentUUID": "514a5e5d-00e3-4844-83eb-2e94043d8147",
              "isHook": false,
              "skipped": false
            },
            {
              "title": "should be return config without args",
              "fullTitle": "Config > baseConfig > should be return config without args",
              "timedOut": false,
              "duration": 1,
              "state": "passed",
              "speed": null,
              "pass": true,
              "fail": false,
              "pending": false,
              "context": null,
              "code": "",
              "err": {},
              "uuid": "86fe6b59-af20-4228-a8bf-9d620e93aff8",
              "parentUUID": "514a5e5d-00e3-4844-83eb-2e94043d8147",
              "isHook": false,
              "skipped": false
            },
            {
              "title": "should be return appBaseConfig",
              "fullTitle": "Fixtures > appConfigBase > should be return appBaseConfig",
              "timedOut": false,
              "duration": 2,
              "state": "passed",
              "speed": null,
              "pass": true,
              "fail": false,
              "pending": false,
              "context": null,
              "code": "",
              "err": {},
              "uuid": "1da60573-9bb7-44b5-93d2-c5c1f4abcb8b",
              "parentUUID": "514a5e5d-00e3-4844-83eb-2e94043d8147",
              "isHook": false,
              "skipped": false
            },
            {
              "title": "should be return appBaseConfig",
              "fullTitle": "Fixtures > appConfigBase > should be return appBaseConfig",
              "timedOut": false,
              "duration": 1,
              "state": "passed",
              "speed": null,
              "pass": true,
              "fail": false,
              "pending": false,
              "context": null,
              "code": "",
              "err": {},
              "uuid": "3d9823a5-cf8b-4cfd-a251-f0eb4cd2599f",
              "parentUUID": "514a5e5d-00e3-4844-83eb-2e94043d8147",
              "isHook": false,
              "skipped": false
            },
            {
              "title": "should be define Redis options",
              "fullTitle": "Fixtures > appConfigBase > should be define Redis options",
              "timedOut": false,
              "duration": 2,
              "state": "passed",
              "speed": null,
              "pass": true,
              "fail": false,
              "pending": false,
              "context": null,
              "code": "",
              "err": {},
              "uuid": "80333b4b-9531-45f3-afaf-f8746d58f659",
              "parentUUID": "514a5e5d-00e3-4844-83eb-2e94043d8147",
              "isHook": false,
              "skipped": false
            },
            {
              "title": "should be define DynamoDB options",
              "fullTitle": "Fixtures > appConfigBase > should be define DynamoDB options",
              "timedOut": false,
              "duration": 1,
              "state": "passed",
              "speed": null,
              "pass": true,
              "fail": false,
              "pending": false,
              "context": null,
              "code": "",
              "err": {},
              "uuid": "04702368-9ce5-48e3-8fab-4c3f2c037227",
              "parentUUID": "514a5e5d-00e3-4844-83eb-2e94043d8147",
              "isHook": false,
              "skipped": false
            },
            {
              "title": "should be define MongoDB options",
              "fullTitle": "Fixtures > appConfigBase > should be define MongoDB options",
              "timedOut": false,
              "duration": 2,
              "state": "passed",
              "speed": null,
              "pass": true,
              "fail": false,
              "pending": false,
              "context": null,
              "code": "",
              "err": {},
              "uuid": "5c9a4f1b-018f-4afe-920c-2b9ba585dafe",
              "parentUUID": "514a5e5d-00e3-4844-83eb-2e94043d8147",
              "isHook": false,
              "skipped": false
            },
            {
              "title": "should be define MySql options",
              "fullTitle": "Fixtures > appConfigBase > should be define MySql options",
              "timedOut": false,
              "duration": 1,
              "state": "passed",
              "speed": null,
              "pass": true,
              "fail": false,
              "pending": false,
              "context": null,
              "code": "",
              "err": {},
              "uuid": "6aa283de-f659-4a14-a725-b9a0fe1bd630",
              "parentUUID": "514a5e5d-00e3-4844-83eb-2e94043d8147",
              "isHook": false,
              "skipped": false
            },
            {
              "title": "should be define Postgres options",
              "fullTitle": "Fixtures > appConfigBase > should be define Postgres options",
              "timedOut": false,
              "duration": 1,
              "state": "passed",
              "speed": null,
              "pass": true,
              "fail": false,
              "pending": false,
              "context": null,
              "code": "",
              "err": {},
              "uuid": "ba4bc210-9175-4182-af66-651e538d5725",
              "parentUUID": "514a5e5d-00e3-4844-83eb-2e94043d8147",
              "isHook": false,
              "skipped": false
            },
            {
              "title": "should be define ElasticSearch options",
              "fullTitle": "Fixtures > appConfigBase > should be define ElasticSearch options",
              "timedOut": false,
              "duration": 0,
              "state": "passed",
              "speed": null,
              "pass": true,
              "fail": false,
              "pending": false,
              "context": null,
              "code": "",
              "err": {},
              "uuid": "fe69eaa7-1533-4a9d-bd98-f8100a767905",
              "parentUUID": "514a5e5d-00e3-4844-83eb-2e94043d8147",
              "isHook": false,
              "skipped": false
            }
          ],
          "suites": [],
          "passes": [
            "94c8fa79-ee47-423e-a464-454a9f656018",
            "5af2ac72-51f2-45f6-8a7a-7e96f6a02350",
            "da294b53-5f1f-4310-aed0-d5375a2c312e",
            "a770abe2-bfcf-4a40-bb51-9f3e401cbd8e",
            "ccf784c5-824d-4264-be1e-1726ef86cc84",
            "59c4bff2-52e7-4478-8da5-ad529fe21dac",
            "b0909efc-6f24-4dd6-8db5-788391580908",
            "4350e2b0-d059-40ba-a0e3-c411f9753ca5",
            "333acf54-3d5e-4571-b26e-b128f967a818",
            "94b7151e-3494-452b-804e-5517d02fae32",
            "c1ef118b-5bab-4011-9f5d-0a7183474cd0",
            "fd44a8d8-7c3d-42d1-853e-51138f6cfd8e",
            "95686362-78e0-4901-b8d9-6ea078def9d2",
            "3e290940-12c6-4fd9-8676-140beb655003",
            "42d0fa6d-8847-409d-a750-053df738146b",
            "9123371c-8abf-4ccd-973d-45eb86ed5e1e",
            "ba1fa439-6eac-475d-b266-ac142aa5f188",
            "5874e045-56ea-4bb5-8455-5dac283d919f",
            "8fa198e9-30e3-460a-a631-945d68614f9f",
            "737c241d-2d84-4a58-9941-e29cbeb3ff40",
            "1872a8ce-a222-41aa-af1a-ed0c7d630ead",
            "86fe6b59-af20-4228-a8bf-9d620e93aff8",
            "1da60573-9bb7-44b5-93d2-c5c1f4abcb8b",
            "3d9823a5-cf8b-4cfd-a251-f0eb4cd2599f",
            "80333b4b-9531-45f3-afaf-f8746d58f659",
            "04702368-9ce5-48e3-8fab-4c3f2c037227",
            "5c9a4f1b-018f-4afe-920c-2b9ba585dafe",
            "6aa283de-f659-4a14-a725-b9a0fe1bd630",
            "ba4bc210-9175-4182-af66-651e538d5725",
            "fe69eaa7-1533-4a9d-bd98-f8100a767905"
          ],
          "failures": [],
          "pending": [],
          "skipped": [],
          "duration": 48701,
          "root": false,
          "rootEmpty": false,
          "_timeout": 5000
        }
      ],
      "passes": [],
      "failures": [],
      "pending": [],
      "skipped": [],
      "duration": 0,
      "root": true,
      "rootEmpty": true,
      "_timeout": 5000
    }
  ]
}
