{
  "stats": {
    "suites": 5,
    "tests": 30,
    "passes": 30,
    "pending": 0,
    "failures": 0,
    "testsRegistered": 30,
    "passPercent": 100,
    "pendingPercent": 0,
    "other": 0,
    "hasOther": false,
    "skipped": 0,
    "hasSkipped": false,
    "start": "2023-05-05T13:16:13.808Z",
    "end": "2023-05-05T13:17:03.906Z",
    "duration": 50098
  },
  "results": [
    {
      "uuid": "dea4d602-c5db-4133-975e-de6213f9c1f6",
      "title": "@tresdoce-nestjs-toolkit/test-utils",
      "fullFile": "",
      "file": "",
      "beforeHooks": [],
      "afterHooks": [],
      "tests": [],
      "suites": [
        {
          "uuid": "955034f6-e2ee-42f4-a3df-bd65c23b6c64",
          "title": "@tresdoce-nestjs-toolkit/test-utils",
          "fullFile": "",
          "file": "",
          "beforeHooks": [],
          "afterHooks": [],
          "tests": [
            {
              "fullTitle": "globalTestContainers > should be initialize service from docker-compose.yml",
              "title": "globalTestContainers > should be initialize service from docker-compose.yml",
              "timedOut": false,
              "duration": 13505,
              "state": "passed",
              "speed": "slow",
              "pass": true,
              "fail": false,
              "pending": false,
              "context": null,
              "code": "import { StartedDockerComposeEnvironment } from 'testcontainers';\nimport { closeDockerCompose, initDockerCompose } from '../testcontainers';\nimport path from 'path';\n\ndescribe('globalTestContainers', () => {\n  const composeFilePath = path.resolve(__dirname, '..', 'fixtures', 'docker-compose');\n  const composeFile = 'docker-compose.yml';\n\n  it('should be initialize service from docker-compose.yml', async () => {\n    const services = ['mongo'];\n    const environment: StartedDockerComposeEnvironment = await initDockerCompose(\n      services,\n      composeFilePath,\n      composeFile,\n    )();\n    expect(environment).toBeDefined();\n    expect(environment).toBeInstanceOf(StartedDockerComposeEnvironment);\n    await closeDockerCompose({ removeVolumes: true })();\n  });\n\n  it('should be initialize all services from docker-compose.yml', async () => {\n    const services = [];\n    const environment: StartedDockerComposeEnvironment = await initDockerCompose(\n      services,\n      composeFilePath,\n      composeFile,\n    )();\n    expect(environment).toBeDefined();\n    expect(environment).toBeInstanceOf(StartedDockerComposeEnvironment);\n    await closeDockerCompose({ removeVolumes: true })();\n  });\n\n  it('should be initialize services from docker-compose.yml in default path and filename', async () => {\n    const services = [];\n    const environment: StartedDockerComposeEnvironment = await initDockerCompose(services)();\n    expect(environment).toBeDefined();\n    expect(environment).toBeInstanceOf(StartedDockerComposeEnvironment);\n    await closeDockerCompose({ removeVolumes: true })();\n  });\n});\n",
              "err": {},
              "uuid": "1bb3bed5-4684-4710-ba85-a4b285791c0c",
              "parentUUID": "955034f6-e2ee-42f4-a3df-bd65c23b6c64",
              "isHook": false,
              "skipped": false
            },
            {
              "fullTitle": "globalTestContainers > should be initialize all services from docker-compose.yml",
              "title": "globalTestContainers > should be initialize all services from docker-compose.yml",
              "timedOut": false,
              "duration": 14563,
              "state": "passed",
              "speed": "slow",
              "pass": true,
              "fail": false,
              "pending": false,
              "context": null,
              "code": "import { StartedDockerComposeEnvironment } from 'testcontainers';\nimport { closeDockerCompose, initDockerCompose } from '../testcontainers';\nimport path from 'path';\n\ndescribe('globalTestContainers', () => {\n  const composeFilePath = path.resolve(__dirname, '..', 'fixtures', 'docker-compose');\n  const composeFile = 'docker-compose.yml';\n\n  it('should be initialize service from docker-compose.yml', async () => {\n    const services = ['mongo'];\n    const environment: StartedDockerComposeEnvironment = await initDockerCompose(\n      services,\n      composeFilePath,\n      composeFile,\n    )();\n    expect(environment).toBeDefined();\n    expect(environment).toBeInstanceOf(StartedDockerComposeEnvironment);\n    await closeDockerCompose({ removeVolumes: true })();\n  });\n\n  it('should be initialize all services from docker-compose.yml', async () => {\n    const services = [];\n    const environment: StartedDockerComposeEnvironment = await initDockerCompose(\n      services,\n      composeFilePath,\n      composeFile,\n    )();\n    expect(environment).toBeDefined();\n    expect(environment).toBeInstanceOf(StartedDockerComposeEnvironment);\n    await closeDockerCompose({ removeVolumes: true })();\n  });\n\n  it('should be initialize services from docker-compose.yml in default path and filename', async () => {\n    const services = [];\n    const environment: StartedDockerComposeEnvironment = await initDockerCompose(services)();\n    expect(environment).toBeDefined();\n    expect(environment).toBeInstanceOf(StartedDockerComposeEnvironment);\n    await closeDockerCompose({ removeVolumes: true })();\n  });\n});\n",
              "err": {},
              "uuid": "176e46ee-fd85-43f1-bc1e-209c013df4ba",
              "parentUUID": "955034f6-e2ee-42f4-a3df-bd65c23b6c64",
              "isHook": false,
              "skipped": false
            },
            {
              "fullTitle": "globalTestContainers > should be initialize services from docker-compose.yml in default path and filename",
              "title": "globalTestContainers > should be initialize services from docker-compose.yml in default path and filename",
              "timedOut": false,
              "duration": 11929,
              "state": "passed",
              "speed": "slow",
              "pass": true,
              "fail": false,
              "pending": false,
              "context": null,
              "code": "import { StartedDockerComposeEnvironment } from 'testcontainers';\nimport { closeDockerCompose, initDockerCompose } from '../testcontainers';\nimport path from 'path';\n\ndescribe('globalTestContainers', () => {\n  const composeFilePath = path.resolve(__dirname, '..', 'fixtures', 'docker-compose');\n  const composeFile = 'docker-compose.yml';\n\n  it('should be initialize service from docker-compose.yml', async () => {\n    const services = ['mongo'];\n    const environment: StartedDockerComposeEnvironment = await initDockerCompose(\n      services,\n      composeFilePath,\n      composeFile,\n    )();\n    expect(environment).toBeDefined();\n    expect(environment).toBeInstanceOf(StartedDockerComposeEnvironment);\n    await closeDockerCompose({ removeVolumes: true })();\n  });\n\n  it('should be initialize all services from docker-compose.yml', async () => {\n    const services = [];\n    const environment: StartedDockerComposeEnvironment = await initDockerCompose(\n      services,\n      composeFilePath,\n      composeFile,\n    )();\n    expect(environment).toBeDefined();\n    expect(environment).toBeInstanceOf(StartedDockerComposeEnvironment);\n    await closeDockerCompose({ removeVolumes: true })();\n  });\n\n  it('should be initialize services from docker-compose.yml in default path and filename', async () => {\n    const services = [];\n    const environment: StartedDockerComposeEnvironment = await initDockerCompose(services)();\n    expect(environment).toBeDefined();\n    expect(environment).toBeInstanceOf(StartedDockerComposeEnvironment);\n    await closeDockerCompose({ removeVolumes: true })();\n  });\n});\n",
              "err": {},
              "uuid": "b935cc87-5a41-4248-87c3-891cc7c2dac4",
              "parentUUID": "955034f6-e2ee-42f4-a3df-bd65c23b6c64",
              "isHook": false,
              "skipped": false
            },
            {
              "fullTitle": "TestContainers > Redis > should be defined",
              "title": "TestContainers > Redis > should be defined",
              "timedOut": false,
              "duration": 2,
              "state": "passed",
              "speed": "fast",
              "pass": true,
              "fail": false,
              "pending": false,
              "context": null,
              "code": "import { testContainers } from '../testcontainers';\nimport { StartedGenericContainer } from 'testcontainers/dist/src/generic-container/started-generic-container';\n\nimport {\n  TCRedisOptions,\n  TCDynamoDBOptions,\n  TCMongoOptions,\n  TCMySqlOptions,\n  TCPostgresOptions,\n  TCElasticSearchOptions,\n} from '../fixtures';\n\njest.setTimeout(70000);\ndescribe('TestContainers', () => {\n  describe('Redis', () => {\n    let container: testContainers;\n\n    beforeAll(async () => {\n      container = await new testContainers('redis:6.2-alpine', {\n        ...TCRedisOptions,\n        command: ['redis-server', '--appendonly', 'yes', '--requirepass', '123456'],\n        ports: [\n          {\n            container: 6379,\n            host: 6370,\n          },\n        ],\n      });\n      await container.start();\n    });\n\n    afterAll(async () => {\n      await container.stop({ removeVolumes: true });\n    });\n\n    it('should be defined', () => {\n      expect(container).toBeDefined();\n      expect(container).toBeInstanceOf(testContainers);\n    });\n\n    it('should be return exception of instance', async () => {\n      try {\n        await new testContainers('postgres:13', TCPostgresOptions);\n      } catch (error) {\n        expect(error.message).toBe('Use testContainers.getInstance() instead of new.');\n      }\n    });\n\n    it('should be get instance of test container', () => {\n      const instance = testContainers.getInstance();\n      expect(instance).toBeInstanceOf(testContainers);\n    });\n\n    it('should be return envs of instance', () => {\n      const instanceEnvs = container.getEnvs();\n      expect(instanceEnvs).toEqual(TCRedisOptions.envs);\n    });\n\n    it('should be return container instance', () => {\n      const instanceContainer = container.getContainer();\n      expect(instanceContainer).toBeDefined();\n      expect(instanceContainer).toBeInstanceOf(StartedGenericContainer);\n    });\n\n    it('should be return host of container instance', () => {\n      const instanceHost = container.getHost();\n      expect(instanceHost).toBeDefined();\n      expect(instanceHost).toEqual('localhost');\n    });\n\n    it('should be return name of container instance', () => {\n      const instanceContainerName = container.getName();\n      expect(instanceContainerName).toBeDefined();\n      expect(instanceContainerName).toContain(TCRedisOptions.containerName);\n    });\n\n    it('should be return mapped port', () => {\n      const mappedPort = container.getMappedPort(6379);\n      expect(mappedPort).toEqual(6370);\n    });\n  });\n\n  describe('DynamoDB', () => {\n    let container: testContainers;\n\n    beforeAll(async () => {\n      container = await new testContainers('amazon/dynamodb-local:latest', {\n        ...TCDynamoDBOptions,\n        ports: [\n          {\n            container: 8000,\n            host: 8002,\n          },\n        ],\n      });\n      await container.start();\n    });\n\n    afterAll(async () => {\n      await container.stop({ removeVolumes: true });\n    });\n\n    it('should be defined', () => {\n      expect(container).toBeDefined();\n      expect(container).toBeInstanceOf(testContainers);\n    });\n  });\n\n  describe('MongoDB', () => {\n    let container: testContainers;\n\n    beforeAll(async () => {\n      container = await new testContainers('mongo:5.0', {\n        ...TCMongoOptions,\n        ports: [\n          {\n            container: 27017,\n            host: 27012,\n          },\n        ],\n      });\n      await container.start();\n    });\n\n    afterAll(async () => {\n      await container.stop({ removeVolumes: true });\n    });\n\n    it('should be defined', () => {\n      expect(container).toBeDefined();\n      expect(container).toBeInstanceOf(testContainers);\n    });\n  });\n\n  describe('MySql', () => {\n    let container: testContainers;\n\n    beforeAll(async () => {\n      container = await new testContainers('mysql:5.7', {\n        ...TCMySqlOptions,\n        ports: [\n          {\n            container: 3306,\n            host: 52000,\n          },\n        ],\n      });\n      await container.start();\n    });\n\n    afterAll(async () => {\n      await container.stop({ removeVolumes: true });\n    });\n\n    it('should be defined', () => {\n      expect(container).toBeDefined();\n      expect(container).toBeInstanceOf(testContainers);\n    });\n  });\n\n  describe('Postgres', () => {\n    let container: testContainers;\n\n    beforeAll(async () => {\n      container = await new testContainers('postgres:13', TCPostgresOptions);\n      await container.start();\n    });\n\n    afterAll(async () => {\n      await container.stop({ removeVolumes: true });\n    });\n\n    it('should be defined', () => {\n      expect(container).toBeDefined();\n      expect(container).toBeInstanceOf(testContainers);\n    });\n  });\n\n  describe('ElasticSearch', () => {\n    let container: testContainers;\n\n    beforeAll(async () => {\n      container = await new testContainers('elasticsearch:8.3.3', {\n        ...TCElasticSearchOptions,\n        ports: [\n          {\n            container: 9200,\n            host: 9201,\n          },\n        ],\n      });\n      await container.start();\n    });\n\n    afterAll(async () => {\n      await container.stop({ removeVolumes: true });\n    });\n\n    it('should be defined', () => {\n      expect(container).toBeDefined();\n      expect(container).toBeInstanceOf(testContainers);\n    });\n  });\n});\n",
              "err": {},
              "uuid": "2fda0ca2-8b42-4094-9428-a9c26cbfcd0f",
              "parentUUID": "955034f6-e2ee-42f4-a3df-bd65c23b6c64",
              "isHook": false,
              "skipped": false
            },
            {
              "fullTitle": "TestContainers > Redis > should be return exception of instance",
              "title": "TestContainers > Redis > should be return exception of instance",
              "timedOut": false,
              "duration": 1,
              "state": "passed",
              "speed": "fast",
              "pass": true,
              "fail": false,
              "pending": false,
              "context": null,
              "code": "import { testContainers } from '../testcontainers';\nimport { StartedGenericContainer } from 'testcontainers/dist/src/generic-container/started-generic-container';\n\nimport {\n  TCRedisOptions,\n  TCDynamoDBOptions,\n  TCMongoOptions,\n  TCMySqlOptions,\n  TCPostgresOptions,\n  TCElasticSearchOptions,\n} from '../fixtures';\n\njest.setTimeout(70000);\ndescribe('TestContainers', () => {\n  describe('Redis', () => {\n    let container: testContainers;\n\n    beforeAll(async () => {\n      container = await new testContainers('redis:6.2-alpine', {\n        ...TCRedisOptions,\n        command: ['redis-server', '--appendonly', 'yes', '--requirepass', '123456'],\n        ports: [\n          {\n            container: 6379,\n            host: 6370,\n          },\n        ],\n      });\n      await container.start();\n    });\n\n    afterAll(async () => {\n      await container.stop({ removeVolumes: true });\n    });\n\n    it('should be defined', () => {\n      expect(container).toBeDefined();\n      expect(container).toBeInstanceOf(testContainers);\n    });\n\n    it('should be return exception of instance', async () => {\n      try {\n        await new testContainers('postgres:13', TCPostgresOptions);\n      } catch (error) {\n        expect(error.message).toBe('Use testContainers.getInstance() instead of new.');\n      }\n    });\n\n    it('should be get instance of test container', () => {\n      const instance = testContainers.getInstance();\n      expect(instance).toBeInstanceOf(testContainers);\n    });\n\n    it('should be return envs of instance', () => {\n      const instanceEnvs = container.getEnvs();\n      expect(instanceEnvs).toEqual(TCRedisOptions.envs);\n    });\n\n    it('should be return container instance', () => {\n      const instanceContainer = container.getContainer();\n      expect(instanceContainer).toBeDefined();\n      expect(instanceContainer).toBeInstanceOf(StartedGenericContainer);\n    });\n\n    it('should be return host of container instance', () => {\n      const instanceHost = container.getHost();\n      expect(instanceHost).toBeDefined();\n      expect(instanceHost).toEqual('localhost');\n    });\n\n    it('should be return name of container instance', () => {\n      const instanceContainerName = container.getName();\n      expect(instanceContainerName).toBeDefined();\n      expect(instanceContainerName).toContain(TCRedisOptions.containerName);\n    });\n\n    it('should be return mapped port', () => {\n      const mappedPort = container.getMappedPort(6379);\n      expect(mappedPort).toEqual(6370);\n    });\n  });\n\n  describe('DynamoDB', () => {\n    let container: testContainers;\n\n    beforeAll(async () => {\n      container = await new testContainers('amazon/dynamodb-local:latest', {\n        ...TCDynamoDBOptions,\n        ports: [\n          {\n            container: 8000,\n            host: 8002,\n          },\n        ],\n      });\n      await container.start();\n    });\n\n    afterAll(async () => {\n      await container.stop({ removeVolumes: true });\n    });\n\n    it('should be defined', () => {\n      expect(container).toBeDefined();\n      expect(container).toBeInstanceOf(testContainers);\n    });\n  });\n\n  describe('MongoDB', () => {\n    let container: testContainers;\n\n    beforeAll(async () => {\n      container = await new testContainers('mongo:5.0', {\n        ...TCMongoOptions,\n        ports: [\n          {\n            container: 27017,\n            host: 27012,\n          },\n        ],\n      });\n      await container.start();\n    });\n\n    afterAll(async () => {\n      await container.stop({ removeVolumes: true });\n    });\n\n    it('should be defined', () => {\n      expect(container).toBeDefined();\n      expect(container).toBeInstanceOf(testContainers);\n    });\n  });\n\n  describe('MySql', () => {\n    let container: testContainers;\n\n    beforeAll(async () => {\n      container = await new testContainers('mysql:5.7', {\n        ...TCMySqlOptions,\n        ports: [\n          {\n            container: 3306,\n            host: 52000,\n          },\n        ],\n      });\n      await container.start();\n    });\n\n    afterAll(async () => {\n      await container.stop({ removeVolumes: true });\n    });\n\n    it('should be defined', () => {\n      expect(container).toBeDefined();\n      expect(container).toBeInstanceOf(testContainers);\n    });\n  });\n\n  describe('Postgres', () => {\n    let container: testContainers;\n\n    beforeAll(async () => {\n      container = await new testContainers('postgres:13', TCPostgresOptions);\n      await container.start();\n    });\n\n    afterAll(async () => {\n      await container.stop({ removeVolumes: true });\n    });\n\n    it('should be defined', () => {\n      expect(container).toBeDefined();\n      expect(container).toBeInstanceOf(testContainers);\n    });\n  });\n\n  describe('ElasticSearch', () => {\n    let container: testContainers;\n\n    beforeAll(async () => {\n      container = await new testContainers('elasticsearch:8.3.3', {\n        ...TCElasticSearchOptions,\n        ports: [\n          {\n            container: 9200,\n            host: 9201,\n          },\n        ],\n      });\n      await container.start();\n    });\n\n    afterAll(async () => {\n      await container.stop({ removeVolumes: true });\n    });\n\n    it('should be defined', () => {\n      expect(container).toBeDefined();\n      expect(container).toBeInstanceOf(testContainers);\n    });\n  });\n});\n",
              "err": {},
              "uuid": "68b721a3-fcdb-4c12-bd58-f9d71e7be663",
              "parentUUID": "955034f6-e2ee-42f4-a3df-bd65c23b6c64",
              "isHook": false,
              "skipped": false
            },
            {
              "fullTitle": "TestContainers > Redis > should be get instance of test container",
              "title": "TestContainers > Redis > should be get instance of test container",
              "timedOut": false,
              "duration": 0,
              "state": "passed",
              "speed": "fast",
              "pass": true,
              "fail": false,
              "pending": false,
              "context": null,
              "code": "import { testContainers } from '../testcontainers';\nimport { StartedGenericContainer } from 'testcontainers/dist/src/generic-container/started-generic-container';\n\nimport {\n  TCRedisOptions,\n  TCDynamoDBOptions,\n  TCMongoOptions,\n  TCMySqlOptions,\n  TCPostgresOptions,\n  TCElasticSearchOptions,\n} from '../fixtures';\n\njest.setTimeout(70000);\ndescribe('TestContainers', () => {\n  describe('Redis', () => {\n    let container: testContainers;\n\n    beforeAll(async () => {\n      container = await new testContainers('redis:6.2-alpine', {\n        ...TCRedisOptions,\n        command: ['redis-server', '--appendonly', 'yes', '--requirepass', '123456'],\n        ports: [\n          {\n            container: 6379,\n            host: 6370,\n          },\n        ],\n      });\n      await container.start();\n    });\n\n    afterAll(async () => {\n      await container.stop({ removeVolumes: true });\n    });\n\n    it('should be defined', () => {\n      expect(container).toBeDefined();\n      expect(container).toBeInstanceOf(testContainers);\n    });\n\n    it('should be return exception of instance', async () => {\n      try {\n        await new testContainers('postgres:13', TCPostgresOptions);\n      } catch (error) {\n        expect(error.message).toBe('Use testContainers.getInstance() instead of new.');\n      }\n    });\n\n    it('should be get instance of test container', () => {\n      const instance = testContainers.getInstance();\n      expect(instance).toBeInstanceOf(testContainers);\n    });\n\n    it('should be return envs of instance', () => {\n      const instanceEnvs = container.getEnvs();\n      expect(instanceEnvs).toEqual(TCRedisOptions.envs);\n    });\n\n    it('should be return container instance', () => {\n      const instanceContainer = container.getContainer();\n      expect(instanceContainer).toBeDefined();\n      expect(instanceContainer).toBeInstanceOf(StartedGenericContainer);\n    });\n\n    it('should be return host of container instance', () => {\n      const instanceHost = container.getHost();\n      expect(instanceHost).toBeDefined();\n      expect(instanceHost).toEqual('localhost');\n    });\n\n    it('should be return name of container instance', () => {\n      const instanceContainerName = container.getName();\n      expect(instanceContainerName).toBeDefined();\n      expect(instanceContainerName).toContain(TCRedisOptions.containerName);\n    });\n\n    it('should be return mapped port', () => {\n      const mappedPort = container.getMappedPort(6379);\n      expect(mappedPort).toEqual(6370);\n    });\n  });\n\n  describe('DynamoDB', () => {\n    let container: testContainers;\n\n    beforeAll(async () => {\n      container = await new testContainers('amazon/dynamodb-local:latest', {\n        ...TCDynamoDBOptions,\n        ports: [\n          {\n            container: 8000,\n            host: 8002,\n          },\n        ],\n      });\n      await container.start();\n    });\n\n    afterAll(async () => {\n      await container.stop({ removeVolumes: true });\n    });\n\n    it('should be defined', () => {\n      expect(container).toBeDefined();\n      expect(container).toBeInstanceOf(testContainers);\n    });\n  });\n\n  describe('MongoDB', () => {\n    let container: testContainers;\n\n    beforeAll(async () => {\n      container = await new testContainers('mongo:5.0', {\n        ...TCMongoOptions,\n        ports: [\n          {\n            container: 27017,\n            host: 27012,\n          },\n        ],\n      });\n      await container.start();\n    });\n\n    afterAll(async () => {\n      await container.stop({ removeVolumes: true });\n    });\n\n    it('should be defined', () => {\n      expect(container).toBeDefined();\n      expect(container).toBeInstanceOf(testContainers);\n    });\n  });\n\n  describe('MySql', () => {\n    let container: testContainers;\n\n    beforeAll(async () => {\n      container = await new testContainers('mysql:5.7', {\n        ...TCMySqlOptions,\n        ports: [\n          {\n            container: 3306,\n            host: 52000,\n          },\n        ],\n      });\n      await container.start();\n    });\n\n    afterAll(async () => {\n      await container.stop({ removeVolumes: true });\n    });\n\n    it('should be defined', () => {\n      expect(container).toBeDefined();\n      expect(container).toBeInstanceOf(testContainers);\n    });\n  });\n\n  describe('Postgres', () => {\n    let container: testContainers;\n\n    beforeAll(async () => {\n      container = await new testContainers('postgres:13', TCPostgresOptions);\n      await container.start();\n    });\n\n    afterAll(async () => {\n      await container.stop({ removeVolumes: true });\n    });\n\n    it('should be defined', () => {\n      expect(container).toBeDefined();\n      expect(container).toBeInstanceOf(testContainers);\n    });\n  });\n\n  describe('ElasticSearch', () => {\n    let container: testContainers;\n\n    beforeAll(async () => {\n      container = await new testContainers('elasticsearch:8.3.3', {\n        ...TCElasticSearchOptions,\n        ports: [\n          {\n            container: 9200,\n            host: 9201,\n          },\n        ],\n      });\n      await container.start();\n    });\n\n    afterAll(async () => {\n      await container.stop({ removeVolumes: true });\n    });\n\n    it('should be defined', () => {\n      expect(container).toBeDefined();\n      expect(container).toBeInstanceOf(testContainers);\n    });\n  });\n});\n",
              "err": {},
              "uuid": "039a5bd4-04bf-4a64-9b03-644a327641a6",
              "parentUUID": "955034f6-e2ee-42f4-a3df-bd65c23b6c64",
              "isHook": false,
              "skipped": false
            },
            {
              "fullTitle": "TestContainers > Redis > should be return envs of instance",
              "title": "TestContainers > Redis > should be return envs of instance",
              "timedOut": false,
              "duration": 1,
              "state": "passed",
              "speed": "fast",
              "pass": true,
              "fail": false,
              "pending": false,
              "context": null,
              "code": "import { testContainers } from '../testcontainers';\nimport { StartedGenericContainer } from 'testcontainers/dist/src/generic-container/started-generic-container';\n\nimport {\n  TCRedisOptions,\n  TCDynamoDBOptions,\n  TCMongoOptions,\n  TCMySqlOptions,\n  TCPostgresOptions,\n  TCElasticSearchOptions,\n} from '../fixtures';\n\njest.setTimeout(70000);\ndescribe('TestContainers', () => {\n  describe('Redis', () => {\n    let container: testContainers;\n\n    beforeAll(async () => {\n      container = await new testContainers('redis:6.2-alpine', {\n        ...TCRedisOptions,\n        command: ['redis-server', '--appendonly', 'yes', '--requirepass', '123456'],\n        ports: [\n          {\n            container: 6379,\n            host: 6370,\n          },\n        ],\n      });\n      await container.start();\n    });\n\n    afterAll(async () => {\n      await container.stop({ removeVolumes: true });\n    });\n\n    it('should be defined', () => {\n      expect(container).toBeDefined();\n      expect(container).toBeInstanceOf(testContainers);\n    });\n\n    it('should be return exception of instance', async () => {\n      try {\n        await new testContainers('postgres:13', TCPostgresOptions);\n      } catch (error) {\n        expect(error.message).toBe('Use testContainers.getInstance() instead of new.');\n      }\n    });\n\n    it('should be get instance of test container', () => {\n      const instance = testContainers.getInstance();\n      expect(instance).toBeInstanceOf(testContainers);\n    });\n\n    it('should be return envs of instance', () => {\n      const instanceEnvs = container.getEnvs();\n      expect(instanceEnvs).toEqual(TCRedisOptions.envs);\n    });\n\n    it('should be return container instance', () => {\n      const instanceContainer = container.getContainer();\n      expect(instanceContainer).toBeDefined();\n      expect(instanceContainer).toBeInstanceOf(StartedGenericContainer);\n    });\n\n    it('should be return host of container instance', () => {\n      const instanceHost = container.getHost();\n      expect(instanceHost).toBeDefined();\n      expect(instanceHost).toEqual('localhost');\n    });\n\n    it('should be return name of container instance', () => {\n      const instanceContainerName = container.getName();\n      expect(instanceContainerName).toBeDefined();\n      expect(instanceContainerName).toContain(TCRedisOptions.containerName);\n    });\n\n    it('should be return mapped port', () => {\n      const mappedPort = container.getMappedPort(6379);\n      expect(mappedPort).toEqual(6370);\n    });\n  });\n\n  describe('DynamoDB', () => {\n    let container: testContainers;\n\n    beforeAll(async () => {\n      container = await new testContainers('amazon/dynamodb-local:latest', {\n        ...TCDynamoDBOptions,\n        ports: [\n          {\n            container: 8000,\n            host: 8002,\n          },\n        ],\n      });\n      await container.start();\n    });\n\n    afterAll(async () => {\n      await container.stop({ removeVolumes: true });\n    });\n\n    it('should be defined', () => {\n      expect(container).toBeDefined();\n      expect(container).toBeInstanceOf(testContainers);\n    });\n  });\n\n  describe('MongoDB', () => {\n    let container: testContainers;\n\n    beforeAll(async () => {\n      container = await new testContainers('mongo:5.0', {\n        ...TCMongoOptions,\n        ports: [\n          {\n            container: 27017,\n            host: 27012,\n          },\n        ],\n      });\n      await container.start();\n    });\n\n    afterAll(async () => {\n      await container.stop({ removeVolumes: true });\n    });\n\n    it('should be defined', () => {\n      expect(container).toBeDefined();\n      expect(container).toBeInstanceOf(testContainers);\n    });\n  });\n\n  describe('MySql', () => {\n    let container: testContainers;\n\n    beforeAll(async () => {\n      container = await new testContainers('mysql:5.7', {\n        ...TCMySqlOptions,\n        ports: [\n          {\n            container: 3306,\n            host: 52000,\n          },\n        ],\n      });\n      await container.start();\n    });\n\n    afterAll(async () => {\n      await container.stop({ removeVolumes: true });\n    });\n\n    it('should be defined', () => {\n      expect(container).toBeDefined();\n      expect(container).toBeInstanceOf(testContainers);\n    });\n  });\n\n  describe('Postgres', () => {\n    let container: testContainers;\n\n    beforeAll(async () => {\n      container = await new testContainers('postgres:13', TCPostgresOptions);\n      await container.start();\n    });\n\n    afterAll(async () => {\n      await container.stop({ removeVolumes: true });\n    });\n\n    it('should be defined', () => {\n      expect(container).toBeDefined();\n      expect(container).toBeInstanceOf(testContainers);\n    });\n  });\n\n  describe('ElasticSearch', () => {\n    let container: testContainers;\n\n    beforeAll(async () => {\n      container = await new testContainers('elasticsearch:8.3.3', {\n        ...TCElasticSearchOptions,\n        ports: [\n          {\n            container: 9200,\n            host: 9201,\n          },\n        ],\n      });\n      await container.start();\n    });\n\n    afterAll(async () => {\n      await container.stop({ removeVolumes: true });\n    });\n\n    it('should be defined', () => {\n      expect(container).toBeDefined();\n      expect(container).toBeInstanceOf(testContainers);\n    });\n  });\n});\n",
              "err": {},
              "uuid": "8c3ed895-4920-47ad-95f4-b353d26a7803",
              "parentUUID": "955034f6-e2ee-42f4-a3df-bd65c23b6c64",
              "isHook": false,
              "skipped": false
            },
            {
              "fullTitle": "TestContainers > Redis > should be return container instance",
              "title": "TestContainers > Redis > should be return container instance",
              "timedOut": false,
              "duration": 1,
              "state": "passed",
              "speed": "fast",
              "pass": true,
              "fail": false,
              "pending": false,
              "context": null,
              "code": "import { testContainers } from '../testcontainers';\nimport { StartedGenericContainer } from 'testcontainers/dist/src/generic-container/started-generic-container';\n\nimport {\n  TCRedisOptions,\n  TCDynamoDBOptions,\n  TCMongoOptions,\n  TCMySqlOptions,\n  TCPostgresOptions,\n  TCElasticSearchOptions,\n} from '../fixtures';\n\njest.setTimeout(70000);\ndescribe('TestContainers', () => {\n  describe('Redis', () => {\n    let container: testContainers;\n\n    beforeAll(async () => {\n      container = await new testContainers('redis:6.2-alpine', {\n        ...TCRedisOptions,\n        command: ['redis-server', '--appendonly', 'yes', '--requirepass', '123456'],\n        ports: [\n          {\n            container: 6379,\n            host: 6370,\n          },\n        ],\n      });\n      await container.start();\n    });\n\n    afterAll(async () => {\n      await container.stop({ removeVolumes: true });\n    });\n\n    it('should be defined', () => {\n      expect(container).toBeDefined();\n      expect(container).toBeInstanceOf(testContainers);\n    });\n\n    it('should be return exception of instance', async () => {\n      try {\n        await new testContainers('postgres:13', TCPostgresOptions);\n      } catch (error) {\n        expect(error.message).toBe('Use testContainers.getInstance() instead of new.');\n      }\n    });\n\n    it('should be get instance of test container', () => {\n      const instance = testContainers.getInstance();\n      expect(instance).toBeInstanceOf(testContainers);\n    });\n\n    it('should be return envs of instance', () => {\n      const instanceEnvs = container.getEnvs();\n      expect(instanceEnvs).toEqual(TCRedisOptions.envs);\n    });\n\n    it('should be return container instance', () => {\n      const instanceContainer = container.getContainer();\n      expect(instanceContainer).toBeDefined();\n      expect(instanceContainer).toBeInstanceOf(StartedGenericContainer);\n    });\n\n    it('should be return host of container instance', () => {\n      const instanceHost = container.getHost();\n      expect(instanceHost).toBeDefined();\n      expect(instanceHost).toEqual('localhost');\n    });\n\n    it('should be return name of container instance', () => {\n      const instanceContainerName = container.getName();\n      expect(instanceContainerName).toBeDefined();\n      expect(instanceContainerName).toContain(TCRedisOptions.containerName);\n    });\n\n    it('should be return mapped port', () => {\n      const mappedPort = container.getMappedPort(6379);\n      expect(mappedPort).toEqual(6370);\n    });\n  });\n\n  describe('DynamoDB', () => {\n    let container: testContainers;\n\n    beforeAll(async () => {\n      container = await new testContainers('amazon/dynamodb-local:latest', {\n        ...TCDynamoDBOptions,\n        ports: [\n          {\n            container: 8000,\n            host: 8002,\n          },\n        ],\n      });\n      await container.start();\n    });\n\n    afterAll(async () => {\n      await container.stop({ removeVolumes: true });\n    });\n\n    it('should be defined', () => {\n      expect(container).toBeDefined();\n      expect(container).toBeInstanceOf(testContainers);\n    });\n  });\n\n  describe('MongoDB', () => {\n    let container: testContainers;\n\n    beforeAll(async () => {\n      container = await new testContainers('mongo:5.0', {\n        ...TCMongoOptions,\n        ports: [\n          {\n            container: 27017,\n            host: 27012,\n          },\n        ],\n      });\n      await container.start();\n    });\n\n    afterAll(async () => {\n      await container.stop({ removeVolumes: true });\n    });\n\n    it('should be defined', () => {\n      expect(container).toBeDefined();\n      expect(container).toBeInstanceOf(testContainers);\n    });\n  });\n\n  describe('MySql', () => {\n    let container: testContainers;\n\n    beforeAll(async () => {\n      container = await new testContainers('mysql:5.7', {\n        ...TCMySqlOptions,\n        ports: [\n          {\n            container: 3306,\n            host: 52000,\n          },\n        ],\n      });\n      await container.start();\n    });\n\n    afterAll(async () => {\n      await container.stop({ removeVolumes: true });\n    });\n\n    it('should be defined', () => {\n      expect(container).toBeDefined();\n      expect(container).toBeInstanceOf(testContainers);\n    });\n  });\n\n  describe('Postgres', () => {\n    let container: testContainers;\n\n    beforeAll(async () => {\n      container = await new testContainers('postgres:13', TCPostgresOptions);\n      await container.start();\n    });\n\n    afterAll(async () => {\n      await container.stop({ removeVolumes: true });\n    });\n\n    it('should be defined', () => {\n      expect(container).toBeDefined();\n      expect(container).toBeInstanceOf(testContainers);\n    });\n  });\n\n  describe('ElasticSearch', () => {\n    let container: testContainers;\n\n    beforeAll(async () => {\n      container = await new testContainers('elasticsearch:8.3.3', {\n        ...TCElasticSearchOptions,\n        ports: [\n          {\n            container: 9200,\n            host: 9201,\n          },\n        ],\n      });\n      await container.start();\n    });\n\n    afterAll(async () => {\n      await container.stop({ removeVolumes: true });\n    });\n\n    it('should be defined', () => {\n      expect(container).toBeDefined();\n      expect(container).toBeInstanceOf(testContainers);\n    });\n  });\n});\n",
              "err": {},
              "uuid": "a3a99614-5a4b-43af-8613-121187178d7b",
              "parentUUID": "955034f6-e2ee-42f4-a3df-bd65c23b6c64",
              "isHook": false,
              "skipped": false
            },
            {
              "fullTitle": "TestContainers > Redis > should be return host of container instance",
              "title": "TestContainers > Redis > should be return host of container instance",
              "timedOut": false,
              "duration": 1,
              "state": "passed",
              "speed": "fast",
              "pass": true,
              "fail": false,
              "pending": false,
              "context": null,
              "code": "import { testContainers } from '../testcontainers';\nimport { StartedGenericContainer } from 'testcontainers/dist/src/generic-container/started-generic-container';\n\nimport {\n  TCRedisOptions,\n  TCDynamoDBOptions,\n  TCMongoOptions,\n  TCMySqlOptions,\n  TCPostgresOptions,\n  TCElasticSearchOptions,\n} from '../fixtures';\n\njest.setTimeout(70000);\ndescribe('TestContainers', () => {\n  describe('Redis', () => {\n    let container: testContainers;\n\n    beforeAll(async () => {\n      container = await new testContainers('redis:6.2-alpine', {\n        ...TCRedisOptions,\n        command: ['redis-server', '--appendonly', 'yes', '--requirepass', '123456'],\n        ports: [\n          {\n            container: 6379,\n            host: 6370,\n          },\n        ],\n      });\n      await container.start();\n    });\n\n    afterAll(async () => {\n      await container.stop({ removeVolumes: true });\n    });\n\n    it('should be defined', () => {\n      expect(container).toBeDefined();\n      expect(container).toBeInstanceOf(testContainers);\n    });\n\n    it('should be return exception of instance', async () => {\n      try {\n        await new testContainers('postgres:13', TCPostgresOptions);\n      } catch (error) {\n        expect(error.message).toBe('Use testContainers.getInstance() instead of new.');\n      }\n    });\n\n    it('should be get instance of test container', () => {\n      const instance = testContainers.getInstance();\n      expect(instance).toBeInstanceOf(testContainers);\n    });\n\n    it('should be return envs of instance', () => {\n      const instanceEnvs = container.getEnvs();\n      expect(instanceEnvs).toEqual(TCRedisOptions.envs);\n    });\n\n    it('should be return container instance', () => {\n      const instanceContainer = container.getContainer();\n      expect(instanceContainer).toBeDefined();\n      expect(instanceContainer).toBeInstanceOf(StartedGenericContainer);\n    });\n\n    it('should be return host of container instance', () => {\n      const instanceHost = container.getHost();\n      expect(instanceHost).toBeDefined();\n      expect(instanceHost).toEqual('localhost');\n    });\n\n    it('should be return name of container instance', () => {\n      const instanceContainerName = container.getName();\n      expect(instanceContainerName).toBeDefined();\n      expect(instanceContainerName).toContain(TCRedisOptions.containerName);\n    });\n\n    it('should be return mapped port', () => {\n      const mappedPort = container.getMappedPort(6379);\n      expect(mappedPort).toEqual(6370);\n    });\n  });\n\n  describe('DynamoDB', () => {\n    let container: testContainers;\n\n    beforeAll(async () => {\n      container = await new testContainers('amazon/dynamodb-local:latest', {\n        ...TCDynamoDBOptions,\n        ports: [\n          {\n            container: 8000,\n            host: 8002,\n          },\n        ],\n      });\n      await container.start();\n    });\n\n    afterAll(async () => {\n      await container.stop({ removeVolumes: true });\n    });\n\n    it('should be defined', () => {\n      expect(container).toBeDefined();\n      expect(container).toBeInstanceOf(testContainers);\n    });\n  });\n\n  describe('MongoDB', () => {\n    let container: testContainers;\n\n    beforeAll(async () => {\n      container = await new testContainers('mongo:5.0', {\n        ...TCMongoOptions,\n        ports: [\n          {\n            container: 27017,\n            host: 27012,\n          },\n        ],\n      });\n      await container.start();\n    });\n\n    afterAll(async () => {\n      await container.stop({ removeVolumes: true });\n    });\n\n    it('should be defined', () => {\n      expect(container).toBeDefined();\n      expect(container).toBeInstanceOf(testContainers);\n    });\n  });\n\n  describe('MySql', () => {\n    let container: testContainers;\n\n    beforeAll(async () => {\n      container = await new testContainers('mysql:5.7', {\n        ...TCMySqlOptions,\n        ports: [\n          {\n            container: 3306,\n            host: 52000,\n          },\n        ],\n      });\n      await container.start();\n    });\n\n    afterAll(async () => {\n      await container.stop({ removeVolumes: true });\n    });\n\n    it('should be defined', () => {\n      expect(container).toBeDefined();\n      expect(container).toBeInstanceOf(testContainers);\n    });\n  });\n\n  describe('Postgres', () => {\n    let container: testContainers;\n\n    beforeAll(async () => {\n      container = await new testContainers('postgres:13', TCPostgresOptions);\n      await container.start();\n    });\n\n    afterAll(async () => {\n      await container.stop({ removeVolumes: true });\n    });\n\n    it('should be defined', () => {\n      expect(container).toBeDefined();\n      expect(container).toBeInstanceOf(testContainers);\n    });\n  });\n\n  describe('ElasticSearch', () => {\n    let container: testContainers;\n\n    beforeAll(async () => {\n      container = await new testContainers('elasticsearch:8.3.3', {\n        ...TCElasticSearchOptions,\n        ports: [\n          {\n            container: 9200,\n            host: 9201,\n          },\n        ],\n      });\n      await container.start();\n    });\n\n    afterAll(async () => {\n      await container.stop({ removeVolumes: true });\n    });\n\n    it('should be defined', () => {\n      expect(container).toBeDefined();\n      expect(container).toBeInstanceOf(testContainers);\n    });\n  });\n});\n",
              "err": {},
              "uuid": "c4fce2eb-9ae7-43b6-8fa1-1427971d8a08",
              "parentUUID": "955034f6-e2ee-42f4-a3df-bd65c23b6c64",
              "isHook": false,
              "skipped": false
            },
            {
              "fullTitle": "TestContainers > Redis > should be return name of container instance",
              "title": "TestContainers > Redis > should be return name of container instance",
              "timedOut": false,
              "duration": 0,
              "state": "passed",
              "speed": "fast",
              "pass": true,
              "fail": false,
              "pending": false,
              "context": null,
              "code": "import { testContainers } from '../testcontainers';\nimport { StartedGenericContainer } from 'testcontainers/dist/src/generic-container/started-generic-container';\n\nimport {\n  TCRedisOptions,\n  TCDynamoDBOptions,\n  TCMongoOptions,\n  TCMySqlOptions,\n  TCPostgresOptions,\n  TCElasticSearchOptions,\n} from '../fixtures';\n\njest.setTimeout(70000);\ndescribe('TestContainers', () => {\n  describe('Redis', () => {\n    let container: testContainers;\n\n    beforeAll(async () => {\n      container = await new testContainers('redis:6.2-alpine', {\n        ...TCRedisOptions,\n        command: ['redis-server', '--appendonly', 'yes', '--requirepass', '123456'],\n        ports: [\n          {\n            container: 6379,\n            host: 6370,\n          },\n        ],\n      });\n      await container.start();\n    });\n\n    afterAll(async () => {\n      await container.stop({ removeVolumes: true });\n    });\n\n    it('should be defined', () => {\n      expect(container).toBeDefined();\n      expect(container).toBeInstanceOf(testContainers);\n    });\n\n    it('should be return exception of instance', async () => {\n      try {\n        await new testContainers('postgres:13', TCPostgresOptions);\n      } catch (error) {\n        expect(error.message).toBe('Use testContainers.getInstance() instead of new.');\n      }\n    });\n\n    it('should be get instance of test container', () => {\n      const instance = testContainers.getInstance();\n      expect(instance).toBeInstanceOf(testContainers);\n    });\n\n    it('should be return envs of instance', () => {\n      const instanceEnvs = container.getEnvs();\n      expect(instanceEnvs).toEqual(TCRedisOptions.envs);\n    });\n\n    it('should be return container instance', () => {\n      const instanceContainer = container.getContainer();\n      expect(instanceContainer).toBeDefined();\n      expect(instanceContainer).toBeInstanceOf(StartedGenericContainer);\n    });\n\n    it('should be return host of container instance', () => {\n      const instanceHost = container.getHost();\n      expect(instanceHost).toBeDefined();\n      expect(instanceHost).toEqual('localhost');\n    });\n\n    it('should be return name of container instance', () => {\n      const instanceContainerName = container.getName();\n      expect(instanceContainerName).toBeDefined();\n      expect(instanceContainerName).toContain(TCRedisOptions.containerName);\n    });\n\n    it('should be return mapped port', () => {\n      const mappedPort = container.getMappedPort(6379);\n      expect(mappedPort).toEqual(6370);\n    });\n  });\n\n  describe('DynamoDB', () => {\n    let container: testContainers;\n\n    beforeAll(async () => {\n      container = await new testContainers('amazon/dynamodb-local:latest', {\n        ...TCDynamoDBOptions,\n        ports: [\n          {\n            container: 8000,\n            host: 8002,\n          },\n        ],\n      });\n      await container.start();\n    });\n\n    afterAll(async () => {\n      await container.stop({ removeVolumes: true });\n    });\n\n    it('should be defined', () => {\n      expect(container).toBeDefined();\n      expect(container).toBeInstanceOf(testContainers);\n    });\n  });\n\n  describe('MongoDB', () => {\n    let container: testContainers;\n\n    beforeAll(async () => {\n      container = await new testContainers('mongo:5.0', {\n        ...TCMongoOptions,\n        ports: [\n          {\n            container: 27017,\n            host: 27012,\n          },\n        ],\n      });\n      await container.start();\n    });\n\n    afterAll(async () => {\n      await container.stop({ removeVolumes: true });\n    });\n\n    it('should be defined', () => {\n      expect(container).toBeDefined();\n      expect(container).toBeInstanceOf(testContainers);\n    });\n  });\n\n  describe('MySql', () => {\n    let container: testContainers;\n\n    beforeAll(async () => {\n      container = await new testContainers('mysql:5.7', {\n        ...TCMySqlOptions,\n        ports: [\n          {\n            container: 3306,\n            host: 52000,\n          },\n        ],\n      });\n      await container.start();\n    });\n\n    afterAll(async () => {\n      await container.stop({ removeVolumes: true });\n    });\n\n    it('should be defined', () => {\n      expect(container).toBeDefined();\n      expect(container).toBeInstanceOf(testContainers);\n    });\n  });\n\n  describe('Postgres', () => {\n    let container: testContainers;\n\n    beforeAll(async () => {\n      container = await new testContainers('postgres:13', TCPostgresOptions);\n      await container.start();\n    });\n\n    afterAll(async () => {\n      await container.stop({ removeVolumes: true });\n    });\n\n    it('should be defined', () => {\n      expect(container).toBeDefined();\n      expect(container).toBeInstanceOf(testContainers);\n    });\n  });\n\n  describe('ElasticSearch', () => {\n    let container: testContainers;\n\n    beforeAll(async () => {\n      container = await new testContainers('elasticsearch:8.3.3', {\n        ...TCElasticSearchOptions,\n        ports: [\n          {\n            container: 9200,\n            host: 9201,\n          },\n        ],\n      });\n      await container.start();\n    });\n\n    afterAll(async () => {\n      await container.stop({ removeVolumes: true });\n    });\n\n    it('should be defined', () => {\n      expect(container).toBeDefined();\n      expect(container).toBeInstanceOf(testContainers);\n    });\n  });\n});\n",
              "err": {},
              "uuid": "e115d45e-9ecc-4d1d-81bc-6b9025a9591b",
              "parentUUID": "955034f6-e2ee-42f4-a3df-bd65c23b6c64",
              "isHook": false,
              "skipped": false
            },
            {
              "fullTitle": "TestContainers > Redis > should be return mapped port",
              "title": "TestContainers > Redis > should be return mapped port",
              "timedOut": false,
              "duration": 0,
              "state": "passed",
              "speed": "fast",
              "pass": true,
              "fail": false,
              "pending": false,
              "context": null,
              "code": "import { testContainers } from '../testcontainers';\nimport { StartedGenericContainer } from 'testcontainers/dist/src/generic-container/started-generic-container';\n\nimport {\n  TCRedisOptions,\n  TCDynamoDBOptions,\n  TCMongoOptions,\n  TCMySqlOptions,\n  TCPostgresOptions,\n  TCElasticSearchOptions,\n} from '../fixtures';\n\njest.setTimeout(70000);\ndescribe('TestContainers', () => {\n  describe('Redis', () => {\n    let container: testContainers;\n\n    beforeAll(async () => {\n      container = await new testContainers('redis:6.2-alpine', {\n        ...TCRedisOptions,\n        command: ['redis-server', '--appendonly', 'yes', '--requirepass', '123456'],\n        ports: [\n          {\n            container: 6379,\n            host: 6370,\n          },\n        ],\n      });\n      await container.start();\n    });\n\n    afterAll(async () => {\n      await container.stop({ removeVolumes: true });\n    });\n\n    it('should be defined', () => {\n      expect(container).toBeDefined();\n      expect(container).toBeInstanceOf(testContainers);\n    });\n\n    it('should be return exception of instance', async () => {\n      try {\n        await new testContainers('postgres:13', TCPostgresOptions);\n      } catch (error) {\n        expect(error.message).toBe('Use testContainers.getInstance() instead of new.');\n      }\n    });\n\n    it('should be get instance of test container', () => {\n      const instance = testContainers.getInstance();\n      expect(instance).toBeInstanceOf(testContainers);\n    });\n\n    it('should be return envs of instance', () => {\n      const instanceEnvs = container.getEnvs();\n      expect(instanceEnvs).toEqual(TCRedisOptions.envs);\n    });\n\n    it('should be return container instance', () => {\n      const instanceContainer = container.getContainer();\n      expect(instanceContainer).toBeDefined();\n      expect(instanceContainer).toBeInstanceOf(StartedGenericContainer);\n    });\n\n    it('should be return host of container instance', () => {\n      const instanceHost = container.getHost();\n      expect(instanceHost).toBeDefined();\n      expect(instanceHost).toEqual('localhost');\n    });\n\n    it('should be return name of container instance', () => {\n      const instanceContainerName = container.getName();\n      expect(instanceContainerName).toBeDefined();\n      expect(instanceContainerName).toContain(TCRedisOptions.containerName);\n    });\n\n    it('should be return mapped port', () => {\n      const mappedPort = container.getMappedPort(6379);\n      expect(mappedPort).toEqual(6370);\n    });\n  });\n\n  describe('DynamoDB', () => {\n    let container: testContainers;\n\n    beforeAll(async () => {\n      container = await new testContainers('amazon/dynamodb-local:latest', {\n        ...TCDynamoDBOptions,\n        ports: [\n          {\n            container: 8000,\n            host: 8002,\n          },\n        ],\n      });\n      await container.start();\n    });\n\n    afterAll(async () => {\n      await container.stop({ removeVolumes: true });\n    });\n\n    it('should be defined', () => {\n      expect(container).toBeDefined();\n      expect(container).toBeInstanceOf(testContainers);\n    });\n  });\n\n  describe('MongoDB', () => {\n    let container: testContainers;\n\n    beforeAll(async () => {\n      container = await new testContainers('mongo:5.0', {\n        ...TCMongoOptions,\n        ports: [\n          {\n            container: 27017,\n            host: 27012,\n          },\n        ],\n      });\n      await container.start();\n    });\n\n    afterAll(async () => {\n      await container.stop({ removeVolumes: true });\n    });\n\n    it('should be defined', () => {\n      expect(container).toBeDefined();\n      expect(container).toBeInstanceOf(testContainers);\n    });\n  });\n\n  describe('MySql', () => {\n    let container: testContainers;\n\n    beforeAll(async () => {\n      container = await new testContainers('mysql:5.7', {\n        ...TCMySqlOptions,\n        ports: [\n          {\n            container: 3306,\n            host: 52000,\n          },\n        ],\n      });\n      await container.start();\n    });\n\n    afterAll(async () => {\n      await container.stop({ removeVolumes: true });\n    });\n\n    it('should be defined', () => {\n      expect(container).toBeDefined();\n      expect(container).toBeInstanceOf(testContainers);\n    });\n  });\n\n  describe('Postgres', () => {\n    let container: testContainers;\n\n    beforeAll(async () => {\n      container = await new testContainers('postgres:13', TCPostgresOptions);\n      await container.start();\n    });\n\n    afterAll(async () => {\n      await container.stop({ removeVolumes: true });\n    });\n\n    it('should be defined', () => {\n      expect(container).toBeDefined();\n      expect(container).toBeInstanceOf(testContainers);\n    });\n  });\n\n  describe('ElasticSearch', () => {\n    let container: testContainers;\n\n    beforeAll(async () => {\n      container = await new testContainers('elasticsearch:8.3.3', {\n        ...TCElasticSearchOptions,\n        ports: [\n          {\n            container: 9200,\n            host: 9201,\n          },\n        ],\n      });\n      await container.start();\n    });\n\n    afterAll(async () => {\n      await container.stop({ removeVolumes: true });\n    });\n\n    it('should be defined', () => {\n      expect(container).toBeDefined();\n      expect(container).toBeInstanceOf(testContainers);\n    });\n  });\n});\n",
              "err": {},
              "uuid": "70c4dd82-7d65-4f16-a22f-f580e5d4dba4",
              "parentUUID": "955034f6-e2ee-42f4-a3df-bd65c23b6c64",
              "isHook": false,
              "skipped": false
            },
            {
              "fullTitle": "TestContainers > DynamoDB > should be defined",
              "title": "TestContainers > DynamoDB > should be defined",
              "timedOut": false,
              "duration": 2,
              "state": "passed",
              "speed": "fast",
              "pass": true,
              "fail": false,
              "pending": false,
              "context": null,
              "code": "import { testContainers } from '../testcontainers';\nimport { StartedGenericContainer } from 'testcontainers/dist/src/generic-container/started-generic-container';\n\nimport {\n  TCRedisOptions,\n  TCDynamoDBOptions,\n  TCMongoOptions,\n  TCMySqlOptions,\n  TCPostgresOptions,\n  TCElasticSearchOptions,\n} from '../fixtures';\n\njest.setTimeout(70000);\ndescribe('TestContainers', () => {\n  describe('Redis', () => {\n    let container: testContainers;\n\n    beforeAll(async () => {\n      container = await new testContainers('redis:6.2-alpine', {\n        ...TCRedisOptions,\n        command: ['redis-server', '--appendonly', 'yes', '--requirepass', '123456'],\n        ports: [\n          {\n            container: 6379,\n            host: 6370,\n          },\n        ],\n      });\n      await container.start();\n    });\n\n    afterAll(async () => {\n      await container.stop({ removeVolumes: true });\n    });\n\n    it('should be defined', () => {\n      expect(container).toBeDefined();\n      expect(container).toBeInstanceOf(testContainers);\n    });\n\n    it('should be return exception of instance', async () => {\n      try {\n        await new testContainers('postgres:13', TCPostgresOptions);\n      } catch (error) {\n        expect(error.message).toBe('Use testContainers.getInstance() instead of new.');\n      }\n    });\n\n    it('should be get instance of test container', () => {\n      const instance = testContainers.getInstance();\n      expect(instance).toBeInstanceOf(testContainers);\n    });\n\n    it('should be return envs of instance', () => {\n      const instanceEnvs = container.getEnvs();\n      expect(instanceEnvs).toEqual(TCRedisOptions.envs);\n    });\n\n    it('should be return container instance', () => {\n      const instanceContainer = container.getContainer();\n      expect(instanceContainer).toBeDefined();\n      expect(instanceContainer).toBeInstanceOf(StartedGenericContainer);\n    });\n\n    it('should be return host of container instance', () => {\n      const instanceHost = container.getHost();\n      expect(instanceHost).toBeDefined();\n      expect(instanceHost).toEqual('localhost');\n    });\n\n    it('should be return name of container instance', () => {\n      const instanceContainerName = container.getName();\n      expect(instanceContainerName).toBeDefined();\n      expect(instanceContainerName).toContain(TCRedisOptions.containerName);\n    });\n\n    it('should be return mapped port', () => {\n      const mappedPort = container.getMappedPort(6379);\n      expect(mappedPort).toEqual(6370);\n    });\n  });\n\n  describe('DynamoDB', () => {\n    let container: testContainers;\n\n    beforeAll(async () => {\n      container = await new testContainers('amazon/dynamodb-local:latest', {\n        ...TCDynamoDBOptions,\n        ports: [\n          {\n            container: 8000,\n            host: 8002,\n          },\n        ],\n      });\n      await container.start();\n    });\n\n    afterAll(async () => {\n      await container.stop({ removeVolumes: true });\n    });\n\n    it('should be defined', () => {\n      expect(container).toBeDefined();\n      expect(container).toBeInstanceOf(testContainers);\n    });\n  });\n\n  describe('MongoDB', () => {\n    let container: testContainers;\n\n    beforeAll(async () => {\n      container = await new testContainers('mongo:5.0', {\n        ...TCMongoOptions,\n        ports: [\n          {\n            container: 27017,\n            host: 27012,\n          },\n        ],\n      });\n      await container.start();\n    });\n\n    afterAll(async () => {\n      await container.stop({ removeVolumes: true });\n    });\n\n    it('should be defined', () => {\n      expect(container).toBeDefined();\n      expect(container).toBeInstanceOf(testContainers);\n    });\n  });\n\n  describe('MySql', () => {\n    let container: testContainers;\n\n    beforeAll(async () => {\n      container = await new testContainers('mysql:5.7', {\n        ...TCMySqlOptions,\n        ports: [\n          {\n            container: 3306,\n            host: 52000,\n          },\n        ],\n      });\n      await container.start();\n    });\n\n    afterAll(async () => {\n      await container.stop({ removeVolumes: true });\n    });\n\n    it('should be defined', () => {\n      expect(container).toBeDefined();\n      expect(container).toBeInstanceOf(testContainers);\n    });\n  });\n\n  describe('Postgres', () => {\n    let container: testContainers;\n\n    beforeAll(async () => {\n      container = await new testContainers('postgres:13', TCPostgresOptions);\n      await container.start();\n    });\n\n    afterAll(async () => {\n      await container.stop({ removeVolumes: true });\n    });\n\n    it('should be defined', () => {\n      expect(container).toBeDefined();\n      expect(container).toBeInstanceOf(testContainers);\n    });\n  });\n\n  describe('ElasticSearch', () => {\n    let container: testContainers;\n\n    beforeAll(async () => {\n      container = await new testContainers('elasticsearch:8.3.3', {\n        ...TCElasticSearchOptions,\n        ports: [\n          {\n            container: 9200,\n            host: 9201,\n          },\n        ],\n      });\n      await container.start();\n    });\n\n    afterAll(async () => {\n      await container.stop({ removeVolumes: true });\n    });\n\n    it('should be defined', () => {\n      expect(container).toBeDefined();\n      expect(container).toBeInstanceOf(testContainers);\n    });\n  });\n});\n",
              "err": {},
              "uuid": "75a38f7d-1937-46fb-ac3f-0374bbba8400",
              "parentUUID": "955034f6-e2ee-42f4-a3df-bd65c23b6c64",
              "isHook": false,
              "skipped": false
            },
            {
              "fullTitle": "TestContainers > MongoDB > should be defined",
              "title": "TestContainers > MongoDB > should be defined",
              "timedOut": false,
              "duration": 1,
              "state": "passed",
              "speed": "fast",
              "pass": true,
              "fail": false,
              "pending": false,
              "context": null,
              "code": "import { testContainers } from '../testcontainers';\nimport { StartedGenericContainer } from 'testcontainers/dist/src/generic-container/started-generic-container';\n\nimport {\n  TCRedisOptions,\n  TCDynamoDBOptions,\n  TCMongoOptions,\n  TCMySqlOptions,\n  TCPostgresOptions,\n  TCElasticSearchOptions,\n} from '../fixtures';\n\njest.setTimeout(70000);\ndescribe('TestContainers', () => {\n  describe('Redis', () => {\n    let container: testContainers;\n\n    beforeAll(async () => {\n      container = await new testContainers('redis:6.2-alpine', {\n        ...TCRedisOptions,\n        command: ['redis-server', '--appendonly', 'yes', '--requirepass', '123456'],\n        ports: [\n          {\n            container: 6379,\n            host: 6370,\n          },\n        ],\n      });\n      await container.start();\n    });\n\n    afterAll(async () => {\n      await container.stop({ removeVolumes: true });\n    });\n\n    it('should be defined', () => {\n      expect(container).toBeDefined();\n      expect(container).toBeInstanceOf(testContainers);\n    });\n\n    it('should be return exception of instance', async () => {\n      try {\n        await new testContainers('postgres:13', TCPostgresOptions);\n      } catch (error) {\n        expect(error.message).toBe('Use testContainers.getInstance() instead of new.');\n      }\n    });\n\n    it('should be get instance of test container', () => {\n      const instance = testContainers.getInstance();\n      expect(instance).toBeInstanceOf(testContainers);\n    });\n\n    it('should be return envs of instance', () => {\n      const instanceEnvs = container.getEnvs();\n      expect(instanceEnvs).toEqual(TCRedisOptions.envs);\n    });\n\n    it('should be return container instance', () => {\n      const instanceContainer = container.getContainer();\n      expect(instanceContainer).toBeDefined();\n      expect(instanceContainer).toBeInstanceOf(StartedGenericContainer);\n    });\n\n    it('should be return host of container instance', () => {\n      const instanceHost = container.getHost();\n      expect(instanceHost).toBeDefined();\n      expect(instanceHost).toEqual('localhost');\n    });\n\n    it('should be return name of container instance', () => {\n      const instanceContainerName = container.getName();\n      expect(instanceContainerName).toBeDefined();\n      expect(instanceContainerName).toContain(TCRedisOptions.containerName);\n    });\n\n    it('should be return mapped port', () => {\n      const mappedPort = container.getMappedPort(6379);\n      expect(mappedPort).toEqual(6370);\n    });\n  });\n\n  describe('DynamoDB', () => {\n    let container: testContainers;\n\n    beforeAll(async () => {\n      container = await new testContainers('amazon/dynamodb-local:latest', {\n        ...TCDynamoDBOptions,\n        ports: [\n          {\n            container: 8000,\n            host: 8002,\n          },\n        ],\n      });\n      await container.start();\n    });\n\n    afterAll(async () => {\n      await container.stop({ removeVolumes: true });\n    });\n\n    it('should be defined', () => {\n      expect(container).toBeDefined();\n      expect(container).toBeInstanceOf(testContainers);\n    });\n  });\n\n  describe('MongoDB', () => {\n    let container: testContainers;\n\n    beforeAll(async () => {\n      container = await new testContainers('mongo:5.0', {\n        ...TCMongoOptions,\n        ports: [\n          {\n            container: 27017,\n            host: 27012,\n          },\n        ],\n      });\n      await container.start();\n    });\n\n    afterAll(async () => {\n      await container.stop({ removeVolumes: true });\n    });\n\n    it('should be defined', () => {\n      expect(container).toBeDefined();\n      expect(container).toBeInstanceOf(testContainers);\n    });\n  });\n\n  describe('MySql', () => {\n    let container: testContainers;\n\n    beforeAll(async () => {\n      container = await new testContainers('mysql:5.7', {\n        ...TCMySqlOptions,\n        ports: [\n          {\n            container: 3306,\n            host: 52000,\n          },\n        ],\n      });\n      await container.start();\n    });\n\n    afterAll(async () => {\n      await container.stop({ removeVolumes: true });\n    });\n\n    it('should be defined', () => {\n      expect(container).toBeDefined();\n      expect(container).toBeInstanceOf(testContainers);\n    });\n  });\n\n  describe('Postgres', () => {\n    let container: testContainers;\n\n    beforeAll(async () => {\n      container = await new testContainers('postgres:13', TCPostgresOptions);\n      await container.start();\n    });\n\n    afterAll(async () => {\n      await container.stop({ removeVolumes: true });\n    });\n\n    it('should be defined', () => {\n      expect(container).toBeDefined();\n      expect(container).toBeInstanceOf(testContainers);\n    });\n  });\n\n  describe('ElasticSearch', () => {\n    let container: testContainers;\n\n    beforeAll(async () => {\n      container = await new testContainers('elasticsearch:8.3.3', {\n        ...TCElasticSearchOptions,\n        ports: [\n          {\n            container: 9200,\n            host: 9201,\n          },\n        ],\n      });\n      await container.start();\n    });\n\n    afterAll(async () => {\n      await container.stop({ removeVolumes: true });\n    });\n\n    it('should be defined', () => {\n      expect(container).toBeDefined();\n      expect(container).toBeInstanceOf(testContainers);\n    });\n  });\n});\n",
              "err": {},
              "uuid": "fe98144c-a2c2-4d0b-b8b6-dd69a79a411a",
              "parentUUID": "955034f6-e2ee-42f4-a3df-bd65c23b6c64",
              "isHook": false,
              "skipped": false
            },
            {
              "fullTitle": "TestContainers > MySql > should be defined",
              "title": "TestContainers > MySql > should be defined",
              "timedOut": false,
              "duration": 1,
              "state": "passed",
              "speed": "fast",
              "pass": true,
              "fail": false,
              "pending": false,
              "context": null,
              "code": "import { testContainers } from '../testcontainers';\nimport { StartedGenericContainer } from 'testcontainers/dist/src/generic-container/started-generic-container';\n\nimport {\n  TCRedisOptions,\n  TCDynamoDBOptions,\n  TCMongoOptions,\n  TCMySqlOptions,\n  TCPostgresOptions,\n  TCElasticSearchOptions,\n} from '../fixtures';\n\njest.setTimeout(70000);\ndescribe('TestContainers', () => {\n  describe('Redis', () => {\n    let container: testContainers;\n\n    beforeAll(async () => {\n      container = await new testContainers('redis:6.2-alpine', {\n        ...TCRedisOptions,\n        command: ['redis-server', '--appendonly', 'yes', '--requirepass', '123456'],\n        ports: [\n          {\n            container: 6379,\n            host: 6370,\n          },\n        ],\n      });\n      await container.start();\n    });\n\n    afterAll(async () => {\n      await container.stop({ removeVolumes: true });\n    });\n\n    it('should be defined', () => {\n      expect(container).toBeDefined();\n      expect(container).toBeInstanceOf(testContainers);\n    });\n\n    it('should be return exception of instance', async () => {\n      try {\n        await new testContainers('postgres:13', TCPostgresOptions);\n      } catch (error) {\n        expect(error.message).toBe('Use testContainers.getInstance() instead of new.');\n      }\n    });\n\n    it('should be get instance of test container', () => {\n      const instance = testContainers.getInstance();\n      expect(instance).toBeInstanceOf(testContainers);\n    });\n\n    it('should be return envs of instance', () => {\n      const instanceEnvs = container.getEnvs();\n      expect(instanceEnvs).toEqual(TCRedisOptions.envs);\n    });\n\n    it('should be return container instance', () => {\n      const instanceContainer = container.getContainer();\n      expect(instanceContainer).toBeDefined();\n      expect(instanceContainer).toBeInstanceOf(StartedGenericContainer);\n    });\n\n    it('should be return host of container instance', () => {\n      const instanceHost = container.getHost();\n      expect(instanceHost).toBeDefined();\n      expect(instanceHost).toEqual('localhost');\n    });\n\n    it('should be return name of container instance', () => {\n      const instanceContainerName = container.getName();\n      expect(instanceContainerName).toBeDefined();\n      expect(instanceContainerName).toContain(TCRedisOptions.containerName);\n    });\n\n    it('should be return mapped port', () => {\n      const mappedPort = container.getMappedPort(6379);\n      expect(mappedPort).toEqual(6370);\n    });\n  });\n\n  describe('DynamoDB', () => {\n    let container: testContainers;\n\n    beforeAll(async () => {\n      container = await new testContainers('amazon/dynamodb-local:latest', {\n        ...TCDynamoDBOptions,\n        ports: [\n          {\n            container: 8000,\n            host: 8002,\n          },\n        ],\n      });\n      await container.start();\n    });\n\n    afterAll(async () => {\n      await container.stop({ removeVolumes: true });\n    });\n\n    it('should be defined', () => {\n      expect(container).toBeDefined();\n      expect(container).toBeInstanceOf(testContainers);\n    });\n  });\n\n  describe('MongoDB', () => {\n    let container: testContainers;\n\n    beforeAll(async () => {\n      container = await new testContainers('mongo:5.0', {\n        ...TCMongoOptions,\n        ports: [\n          {\n            container: 27017,\n            host: 27012,\n          },\n        ],\n      });\n      await container.start();\n    });\n\n    afterAll(async () => {\n      await container.stop({ removeVolumes: true });\n    });\n\n    it('should be defined', () => {\n      expect(container).toBeDefined();\n      expect(container).toBeInstanceOf(testContainers);\n    });\n  });\n\n  describe('MySql', () => {\n    let container: testContainers;\n\n    beforeAll(async () => {\n      container = await new testContainers('mysql:5.7', {\n        ...TCMySqlOptions,\n        ports: [\n          {\n            container: 3306,\n            host: 52000,\n          },\n        ],\n      });\n      await container.start();\n    });\n\n    afterAll(async () => {\n      await container.stop({ removeVolumes: true });\n    });\n\n    it('should be defined', () => {\n      expect(container).toBeDefined();\n      expect(container).toBeInstanceOf(testContainers);\n    });\n  });\n\n  describe('Postgres', () => {\n    let container: testContainers;\n\n    beforeAll(async () => {\n      container = await new testContainers('postgres:13', TCPostgresOptions);\n      await container.start();\n    });\n\n    afterAll(async () => {\n      await container.stop({ removeVolumes: true });\n    });\n\n    it('should be defined', () => {\n      expect(container).toBeDefined();\n      expect(container).toBeInstanceOf(testContainers);\n    });\n  });\n\n  describe('ElasticSearch', () => {\n    let container: testContainers;\n\n    beforeAll(async () => {\n      container = await new testContainers('elasticsearch:8.3.3', {\n        ...TCElasticSearchOptions,\n        ports: [\n          {\n            container: 9200,\n            host: 9201,\n          },\n        ],\n      });\n      await container.start();\n    });\n\n    afterAll(async () => {\n      await container.stop({ removeVolumes: true });\n    });\n\n    it('should be defined', () => {\n      expect(container).toBeDefined();\n      expect(container).toBeInstanceOf(testContainers);\n    });\n  });\n});\n",
              "err": {},
              "uuid": "3c5e2304-b489-4c39-a7f5-393171606680",
              "parentUUID": "955034f6-e2ee-42f4-a3df-bd65c23b6c64",
              "isHook": false,
              "skipped": false
            },
            {
              "fullTitle": "TestContainers > Postgres > should be defined",
              "title": "TestContainers > Postgres > should be defined",
              "timedOut": false,
              "duration": 1,
              "state": "passed",
              "speed": "fast",
              "pass": true,
              "fail": false,
              "pending": false,
              "context": null,
              "code": "import { testContainers } from '../testcontainers';\nimport { StartedGenericContainer } from 'testcontainers/dist/src/generic-container/started-generic-container';\n\nimport {\n  TCRedisOptions,\n  TCDynamoDBOptions,\n  TCMongoOptions,\n  TCMySqlOptions,\n  TCPostgresOptions,\n  TCElasticSearchOptions,\n} from '../fixtures';\n\njest.setTimeout(70000);\ndescribe('TestContainers', () => {\n  describe('Redis', () => {\n    let container: testContainers;\n\n    beforeAll(async () => {\n      container = await new testContainers('redis:6.2-alpine', {\n        ...TCRedisOptions,\n        command: ['redis-server', '--appendonly', 'yes', '--requirepass', '123456'],\n        ports: [\n          {\n            container: 6379,\n            host: 6370,\n          },\n        ],\n      });\n      await container.start();\n    });\n\n    afterAll(async () => {\n      await container.stop({ removeVolumes: true });\n    });\n\n    it('should be defined', () => {\n      expect(container).toBeDefined();\n      expect(container).toBeInstanceOf(testContainers);\n    });\n\n    it('should be return exception of instance', async () => {\n      try {\n        await new testContainers('postgres:13', TCPostgresOptions);\n      } catch (error) {\n        expect(error.message).toBe('Use testContainers.getInstance() instead of new.');\n      }\n    });\n\n    it('should be get instance of test container', () => {\n      const instance = testContainers.getInstance();\n      expect(instance).toBeInstanceOf(testContainers);\n    });\n\n    it('should be return envs of instance', () => {\n      const instanceEnvs = container.getEnvs();\n      expect(instanceEnvs).toEqual(TCRedisOptions.envs);\n    });\n\n    it('should be return container instance', () => {\n      const instanceContainer = container.getContainer();\n      expect(instanceContainer).toBeDefined();\n      expect(instanceContainer).toBeInstanceOf(StartedGenericContainer);\n    });\n\n    it('should be return host of container instance', () => {\n      const instanceHost = container.getHost();\n      expect(instanceHost).toBeDefined();\n      expect(instanceHost).toEqual('localhost');\n    });\n\n    it('should be return name of container instance', () => {\n      const instanceContainerName = container.getName();\n      expect(instanceContainerName).toBeDefined();\n      expect(instanceContainerName).toContain(TCRedisOptions.containerName);\n    });\n\n    it('should be return mapped port', () => {\n      const mappedPort = container.getMappedPort(6379);\n      expect(mappedPort).toEqual(6370);\n    });\n  });\n\n  describe('DynamoDB', () => {\n    let container: testContainers;\n\n    beforeAll(async () => {\n      container = await new testContainers('amazon/dynamodb-local:latest', {\n        ...TCDynamoDBOptions,\n        ports: [\n          {\n            container: 8000,\n            host: 8002,\n          },\n        ],\n      });\n      await container.start();\n    });\n\n    afterAll(async () => {\n      await container.stop({ removeVolumes: true });\n    });\n\n    it('should be defined', () => {\n      expect(container).toBeDefined();\n      expect(container).toBeInstanceOf(testContainers);\n    });\n  });\n\n  describe('MongoDB', () => {\n    let container: testContainers;\n\n    beforeAll(async () => {\n      container = await new testContainers('mongo:5.0', {\n        ...TCMongoOptions,\n        ports: [\n          {\n            container: 27017,\n            host: 27012,\n          },\n        ],\n      });\n  
[...]
              "err": {},
              "uuid": "72ea864d-703e-43d2-b42a-089dd8208cda",
              "parentUUID": "955034f6-e2ee-42f4-a3df-bd65c23b6c64",
              "isHook": false,
              "skipped": false
            },
            {
              "fullTitle": "Fixtures > TestContainers options > should be define MongoDB options",
              "title": "Fixtures > TestContainers options > should be define MongoDB options",
              "timedOut": false,
              "duration": 2,
              "state": "passed",
              "speed": "fast",
              "pass": true,
              "fail": false,
              "pending": false,
              "context": null,
              "code": "import {\n  appConfigBase,\n  manifest,\n  TCRedisOptions,\n  TCMongoOptions,\n  TCMySqlOptions,\n  TCPostgresOptions,\n  TCElasticSearchOptions,\n  TCDynamoDBOptions,\n} from '../fixtures';\n\nconst containerName_prefix = 'tresdoce-test-container';\ndescribe('Fixtures', () => {\n  describe('appConfigBase', () => {\n    it('should be return appBaseConfig', async () => {\n      expect(appConfigBase).toBeDefined();\n      expect(appConfigBase).not.toBe(null);\n      expect(typeof appConfigBase).toBe('object');\n    });\n  });\n\n  describe('manifest', () => {\n    it('should be return appBaseConfig', async () => {\n      expect(manifest).toBeDefined();\n      expect(manifest).not.toBe(null);\n      expect(typeof manifest).toBe('object');\n    });\n  });\n\n  describe('TestContainers options', () => {\n    it('should be define Redis options', async () => {\n      expect(TCRedisOptions).toBeDefined();\n      expect(TCRedisOptions).not.toBe(null);\n      expect(typeof TCRedisOptions).toBe('object');\n      expect(TCRedisOptions.containerName).toEqual(`${containerName_prefix}-redis`);\n      expect(TCRedisOptions.ports).toEqual([\n        {\n          container: 6379,\n          host: 6379,\n        },\n      ]);\n    });\n\n    it('should be define DynamoDB options', async () => {\n      expect(TCDynamoDBOptions).toBeDefined();\n      expect(TCDynamoDBOptions).not.toBe(null);\n      expect(typeof TCDynamoDBOptions).toBe('object');\n      expect(TCDynamoDBOptions.containerName).toEqual(`${containerName_prefix}-dynamodb`);\n      expect(TCDynamoDBOptions.ports).toEqual([\n        {\n          container: 8000,\n          host: 8000,\n        },\n      ]);\n    });\n\n    it('should be define MongoDB options', async () => {\n      expect(TCMongoOptions).toBeDefined();\n      expect(TCMongoOptions).not.toBe(null);\n      expect(typeof TCMongoOptions).toBe('object');\n      expect(TCMongoOptions.containerName).toEqual(`${containerName_prefix}-mongo`);\n      expect(TCMongoOptions.ports).toEqual([\n        {\n          container: 27017,\n          host: 27017,\n        },\n      ]);\n    });\n\n    it('should be define MySql options', async () => {\n      expect(TCMySqlOptions).toBeDefined();\n      expect(TCMySqlOptions).not.toBe(null);\n      expect(typeof TCMySqlOptions).toBe('object');\n      expect(TCMySqlOptions.containerName).toEqual(`${containerName_prefix}-mysql`);\n      expect(TCMySqlOptions.ports).toEqual([\n        {\n          container: 3306,\n          host: 3306,\n        },\n      ]);\n    });\n\n    it('should be define Postgres options', async () => {\n      expect(TCPostgresOptions).toBeDefined();\n      expect(TCPostgresOptions).not.toBe(null);\n      expect(typeof TCPostgresOptions).toBe('object');\n      expect(TCPostgresOptions.containerName).toEqual(`${containerName_prefix}-postgres`);\n      expect(TCPostgresOptions.ports).toEqual([\n        {\n          container: 5432,\n          host: 5432,\n        },\n      ]);\n    });\n\n    it('should be define ElasticSearch options', async () => {\n      expect(TCElasticSearchOptions).toBeDefined();\n      expect(TCElasticSearchOptions).not.toBe(null);\n      expect(typeof TCElasticSearchOptions).toBe('object');\n      expect(TCElasticSearchOptions.containerName).toEqual(`${containerName_prefix}-elasticsearch`);\n      expect(TCElasticSearchOptions.ports).toEqual([\n        {\n          container: 9200,\n          host: 9200,\n        },\n      ]);\n    });\n  });\n});\n",
              "err": {},
              "uuid": "4736204e-c0f9-46d7-898e-65699fe20309",
              "parentUUID": "955034f6-e2ee-42f4-a3df-bd65c23b6c64",
              "isHook": false,
              "skipped": false
            },
            {
              "fullTitle": "Fixtures > TestContainers options > should be define MySql options",
              "title": "Fixtures > TestContainers options > should be define MySql options",
              "timedOut": false,
              "duration": 3,
              "state": "passed",
              "speed": "fast",
              "pass": true,
              "fail": false,
              "pending": false,
              "context": null,
              "code": "import {\n  appConfigBase,\n  manifest,\n  TCRedisOptions,\n  TCMongoOptions,\n  TCMySqlOptions,\n  TCPostgresOptions,\n  TCElasticSearchOptions,\n  TCDynamoDBOptions,\n} from '../fixtures';\n\nconst containerName_prefix = 'tresdoce-test-container';\ndescribe('Fixtures', () => {\n  describe('appConfigBase', () => {\n    it('should be return appBaseConfig', async () => {\n      expect(appConfigBase).toBeDefined();\n      expect(appConfigBase).not.toBe(null);\n      expect(typeof appConfigBase).toBe('object');\n    });\n  });\n\n  describe('manifest', () => {\n    it('should be return appBaseConfig', async () => {\n      expect(manifest).toBeDefined();\n      expect(manifest).not.toBe(null);\n      expect(typeof manifest).toBe('object');\n    });\n  });\n\n  describe('TestContainers options', () => {\n    it('should be define Redis options', async () => {\n      expect(TCRedisOptions).toBeDefined();\n      expect(TCRedisOptions).not.toBe(null);\n      expect(typeof TCRedisOptions).toBe('object');\n      expect(TCRedisOptions.containerName).toEqual(`${containerName_prefix}-redis`);\n      expect(TCRedisOptions.ports).toEqual([\n        {\n          container: 6379,\n          host: 6379,\n        },\n      ]);\n    });\n\n    it('should be define DynamoDB options', async () => {\n      expect(TCDynamoDBOptions).toBeDefined();\n      expect(TCDynamoDBOptions).not.toBe(null);\n      expect(typeof TCDynamoDBOptions).toBe('object');\n      expect(TCDynamoDBOptions.containerName).toEqual(`${containerName_prefix}-dynamodb`);\n      expect(TCDynamoDBOptions.ports).toEqual([\n        {\n          container: 8000,\n          host: 8000,\n        },\n      ]);\n    });\n\n    it('should be define MongoDB options', async () => {\n      expect(TCMongoOptions).toBeDefined();\n      expect(TCMongoOptions).not.toBe(null);\n      expect(typeof TCMongoOptions).toBe('object');\n      expect(TCMongoOptions.containerName).toEqual(`${containerName_prefix}-mongo`);\n      expect(TCMongoOptions.ports).toEqual([\n        {\n          container: 27017,\n          host: 27017,\n        },\n      ]);\n    });\n\n    it('should be define MySql options', async () => {\n      expect(TCMySqlOptions).toBeDefined();\n      expect(TCMySqlOptions).not.toBe(null);\n      expect(typeof TCMySqlOptions).toBe('object');\n      expect(TCMySqlOptions.containerName).toEqual(`${containerName_prefix}-mysql`);\n      expect(TCMySqlOptions.ports).toEqual([\n        {\n          container: 3306,\n          host: 3306,\n        },\n      ]);\n    });\n\n    it('should be define Postgres options', async () => {\n      expect(TCPostgresOptions).toBeDefined();\n      expect(TCPostgresOptions).not.toBe(null);\n      expect(typeof TCPostgresOptions).toBe('object');\n      expect(TCPostgresOptions.containerName).toEqual(`${containerName_prefix}-postgres`);\n      expect(TCPostgresOptions.ports).toEqual([\n        {\n          container: 5432,\n          host: 5432,\n        },\n      ]);\n    });\n\n    it('should be define ElasticSearch options', async () => {\n      expect(TCElasticSearchOptions).toBeDefined();\n      expect(TCElasticSearchOptions).not.toBe(null);\n      expect(typeof TCElasticSearchOptions).toBe('object');\n      expect(TCElasticSearchOptions.containerName).toEqual(`${containerName_prefix}-elasticsearch`);\n      expect(TCElasticSearchOptions.ports).toEqual([\n        {\n          container: 9200,\n          host: 9200,\n        },\n      ]);\n    });\n  });\n});\n",
              "err": {},
              "uuid": "2d441cb7-a513-49e6-8a11-32575d63b2b8",
              "parentUUID": "955034f6-e2ee-42f4-a3df-bd65c23b6c64",
              "isHook": false,
              "skipped": false
            },
            {
              "fullTitle": "Fixtures > TestContainers options > should be define Postgres options",
              "title": "Fixtures > TestContainers options > should be define Postgres options",
              "timedOut": false,
              "duration": 2,
              "state": "passed",
              "speed": "fast",
              "pass": true,
              "fail": false,
              "pending": false,
              "context": null,
              "code": "import {\n  appConfigBase,\n  manifest,\n  TCRedisOptions,\n  TCMongoOptions,\n  TCMySqlOptions,\n  TCPostgresOptions,\n  TCElasticSearchOptions,\n  TCDynamoDBOptions,\n} from '../fixtures';\n\nconst containerName_prefix = 'tresdoce-test-container';\ndescribe('Fixtures', () => {\n  describe('appConfigBase', () => {\n    it('should be return appBaseConfig', async () => {\n      expect(appConfigBase).toBeDefined();\n      expect(appConfigBase).not.toBe(null);\n      expect(typeof appConfigBase).toBe('object');\n    });\n  });\n\n  describe('manifest', () => {\n    it('should be return appBaseConfig', async () => {\n      expect(manifest).toBeDefined();\n      expect(manifest).not.toBe(null);\n      expect(typeof manifest).toBe('object');\n    });\n  });\n\n  describe('TestContainers options', () => {\n    it('should be define Redis options', async () => {\n      expect(TCRedisOptions).toBeDefined();\n      expect(TCRedisOptions).not.toBe(null);\n      expect(typeof TCRedisOptions).toBe('object');\n      expect(TCRedisOptions.containerName).toEqual(`${containerName_prefix}-redis`);\n      expect(TCRedisOptions.ports).toEqual([\n        {\n          container: 6379,\n          host: 6379,\n        },\n      ]);\n    });\n\n    it('should be define DynamoDB options', async () => {\n      expect(TCDynamoDBOptions).toBeDefined();\n      expect(TCDynamoDBOptions).not.toBe(null);\n      expect(typeof TCDynamoDBOptions).toBe('object');\n      expect(TCDynamoDBOptions.containerName).toEqual(`${containerName_prefix}-dynamodb`);\n      expect(TCDynamoDBOptions.ports).toEqual([\n        {\n          container: 8000,\n          host: 8000,\n        },\n      ]);\n    });\n\n    it('should be define MongoDB options', async () => {\n      expect(TCMongoOptions).toBeDefined();\n      expect(TCMongoOptions).not.toBe(null);\n      expect(typeof TCMongoOptions).toBe('object');\n      expect(TCMongoOptions.containerName).toEqual(`${containerName_prefix}-mongo`);\n      expect(TCMongoOptions.ports).toEqual([\n        {\n          container: 27017,\n          host: 27017,\n        },\n      ]);\n    });\n\n    it('should be define MySql options', async () => {\n      expect(TCMySqlOptions).toBeDefined();\n      expect(TCMySqlOptions).not.toBe(null);\n      expect(typeof TCMySqlOptions).toBe('object');\n      expect(TCMySqlOptions.containerName).toEqual(`${containerName_prefix}-mysql`);\n      expect(TCMySqlOptions.ports).toEqual([\n        {\n          container: 3306,\n          host: 3306,\n        },\n      ]);\n    });\n\n    it('should be define Postgres options', async () => {\n      expect(TCPostgresOptions).toBeDefined();\n      expect(TCPostgresOptions).not.toBe(null);\n      expect(typeof TCPostgresOptions).toBe('object');\n      expect(TCPostgresOptions.containerName).toEqual(`${containerName_prefix}-postgres`);\n      expect(TCPostgresOptions.ports).toEqual([\n        {\n          container: 5432,\n          host: 5432,\n        },\n      ]);\n    });\n\n    it('should be define ElasticSearch options', async () => {\n      expect(TCElasticSearchOptions).toBeDefined();\n      expect(TCElasticSearchOptions).not.toBe(null);\n      expect(typeof TCElasticSearchOptions).toBe('object');\n      expect(TCElasticSearchOptions.containerName).toEqual(`${containerName_prefix}-elasticsearch`);\n      expect(TCElasticSearchOptions.ports).toEqual([\n        {\n          container: 9200,\n          host: 9200,\n        },\n      ]);\n    });\n  });\n});\n",
              "err": {},
              "uuid": "aeb02e1a-d350-4359-ba3b-7b94954bb635",
              "parentUUID": "955034f6-e2ee-42f4-a3df-bd65c23b6c64",
              "isHook": false,
              "skipped": false
            },
            {
              "fullTitle": "Fixtures > TestContainers options > should be define ElasticSearch options",
              "title": "Fixtures > TestContainers options > should be define ElasticSearch options",
              "timedOut": false,
              "duration": 1,
              "state": "passed",
              "speed": "fast",
              "pass": true,
              "fail": false,
              "pending": false,
              "context": null,
              "code": "import {\n  appConfigBase,\n  manifest,\n  TCRedisOptions,\n  TCMongoOptions,\n  TCMySqlOptions,\n  TCPostgresOptions,\n  TCElasticSearchOptions,\n  TCDynamoDBOptions,\n} from '../fixtures';\n\nconst containerName_prefix = 'tresdoce-test-container';\ndescribe('Fixtures', () => {\n  describe('appConfigBase', () => {\n    it('should be return appBaseConfig', async () => {\n      expect(appConfigBase).toBeDefined();\n      expect(appConfigBase).not.toBe(null);\n      expect(typeof appConfigBase).toBe('object');\n    });\n  });\n\n  describe('manifest', () => {\n    it('should be return appBaseConfig', async () => {\n      expect(manifest).toBeDefined();\n      expect(manifest).not.toBe(null);\n      expect(typeof manifest).toBe('object');\n    });\n  });\n\n  describe('TestContainers options', () => {\n    it('should be define Redis options', async () => {\n      expect(TCRedisOptions).toBeDefined();\n      expect(TCRedisOptions).not.toBe(null);\n      expect(typeof TCRedisOptions).toBe('object');\n      expect(TCRedisOptions.containerName).toEqual(`${containerName_prefix}-redis`);\n      expect(TCRedisOptions.ports).toEqual([\n        {\n          container: 6379,\n          host: 6379,\n        },\n      ]);\n    });\n\n    it('should be define DynamoDB options', async () => {\n      expect(TCDynamoDBOptions).toBeDefined();\n      expect(TCDynamoDBOptions).not.toBe(null);\n      expect(typeof TCDynamoDBOptions).toBe('object');\n      expect(TCDynamoDBOptions.containerName).toEqual(`${containerName_prefix}-dynamodb`);\n      expect(TCDynamoDBOptions.ports).toEqual([\n        {\n          container: 8000,\n          host: 8000,\n        },\n      ]);\n    });\n\n    it('should be define MongoDB options', async () => {\n      expect(TCMongoOptions).toBeDefined();\n      expect(TCMongoOptions).not.toBe(null);\n      expect(typeof TCMongoOptions).toBe('object');\n      expect(TCMongoOptions.containerName).toEqual(`${containerName_prefix}-mongo`);\n      expect(TCMongoOptions.ports).toEqual([\n        {\n          container: 27017,\n          host: 27017,\n        },\n      ]);\n    });\n\n    it('should be define MySql options', async () => {\n      expect(TCMySqlOptions).toBeDefined();\n      expect(TCMySqlOptions).not.toBe(null);\n      expect(typeof TCMySqlOptions).toBe('object');\n      expect(TCMySqlOptions.containerName).toEqual(`${containerName_prefix}-mysql`);\n      expect(TCMySqlOptions.ports).toEqual([\n        {\n          container: 3306,\n          host: 3306,\n        },\n      ]);\n    });\n\n    it('should be define Postgres options', async () => {\n      expect(TCPostgresOptions).toBeDefined();\n      expect(TCPostgresOptions).not.toBe(null);\n      expect(typeof TCPostgresOptions).toBe('object');\n      expect(TCPostgresOptions.containerName).toEqual(`${containerName_prefix}-postgres`);\n      expect(TCPostgresOptions.ports).toEqual([\n        {\n          container: 5432,\n          host: 5432,\n        },\n      ]);\n    });\n\n    it('should be define ElasticSearch options', async () => {\n      expect(TCElasticSearchOptions).toBeDefined();\n      expect(TCElasticSearchOptions).not.toBe(null);\n      expect(typeof TCElasticSearchOptions).toBe('object');\n      expect(TCElasticSearchOptions.containerName).toEqual(`${containerName_prefix}-elasticsearch`);\n      expect(TCElasticSearchOptions.ports).toEqual([\n        {\n          container: 9200,\n          host: 9200,\n        },\n      ]);\n    });\n  });\n});\n",
              "err": {},
              "uuid": "d69a2560-68bf-4039-b0fc-fbe9a7df5d2d",
              "parentUUID": "955034f6-e2ee-42f4-a3df-bd65c23b6c64",
              "isHook": false,
              "skipped": false
            }
          ],
          "suites": [],
          "passes": [
            "1bb3bed5-4684-4710-ba85-a4b285791c0c",
            "176e46ee-fd85-43f1-bc1e-209c013df4ba",
            "b935cc87-5a41-4248-87c3-891cc7c2dac4",
            "2fda0ca2-8b42-4094-9428-a9c26cbfcd0f",
            "68b721a3-fcdb-4c12-bd58-f9d71e7be663",
            "039a5bd4-04bf-4a64-9b03-644a327641a6",
            "8c3ed895-4920-47ad-95f4-b353d26a7803",
            "a3a99614-5a4b-43af-8613-121187178d7b",
            "c4fce2eb-9ae7-43b6-8fa1-1427971d8a08",
            "e115d45e-9ecc-4d1d-81bc-6b9025a9591b",
            "70c4dd82-7d65-4f16-a22f-f580e5d4dba4",
            "75a38f7d-1937-46fb-ac3f-0374bbba8400",
            "fe98144c-a2c2-4d0b-b8b6-dd69a79a411a",
            "3c5e2304-b489-4c39-a7f5-393171606680",
            "4429cadf-41bb-438e-8288-86110415b4e6",
            "86a24f69-e77f-4682-9b05-350c9eeb0da6",
            "750ac110-e6b2-456d-94ec-bfd55167ba35",
            "b820906b-35b3-49e6-b65d-65c472e3aaa9",
            "881bc5d8-5298-40e0-be1b-107511a857ba",
            "2f165336-0fca-4038-8ec7-a7ed9fb95acc",
            "e05cf343-4254-4bb0-89a5-95f5df1dac6b",
            "b4e54be0-036e-4935-a84f-9e2e0e8ee420",
            "a2565c7d-23fa-4dca-8e2b-f057ee059c17",
            "eabb8185-e7af-4500-9654-9652c8fa1ba5",
            "216617f3-97a9-4d89-8b54-622765a250e3",
            "72ea864d-703e-43d2-b42a-089dd8208cda",
            "4736204e-c0f9-46d7-898e-65699fe20309",
            "2d441cb7-a513-49e6-8a11-32575d63b2b8",
            "aeb02e1a-d350-4359-ba3b-7b94954bb635",
            "d69a2560-68bf-4039-b0fc-fbe9a7df5d2d"
          ],
          "failures": [],
          "pending": [],
          "skipped": [],
          "duration": 50098,
          "root": false,
          "rootEmpty": false,
          "_timeout": 5000
        }
      ],
      "passes": [],
      "failures": [],
      "pending": [],
      "skipped": [],
      "duration": 0,
      "root": true,
      "rootEmpty": true,
      "_timeout": 5000
    }
  ]
}