{
  "stats": {
    "suites": 5,
    "tests": 30,
    "passes": 30,
    "pending": 0,
    "failures": 0,
    "testsRegistered": 30,
    "passPercent": 100,
    "pendingPercent": 0,
    "other": 0,
    "hasOther": false,
    "skipped": 0,
    "hasSkipped": false,
    "start": "2023-05-02T00:46:56.772Z",
    "end": "2023-05-02T00:47:45.444Z",
    "duration": 48672
  },
  "results": [
    {
      "uuid": "0e1ebd4e-bf6d-42bc-88f3-65c74bd53a15",
      "title": "@tresdoce-nestjs-toolkit/test-utils",
      "fullFile": "",
      "file": "",
      "beforeHooks": [],
      "afterHooks": [],
      "tests": [],
      "suites": [
        {
          "uuid": "30fcf3ff-1899-43cd-8d19-af9f34568bcb",
          "title": "@tresdoce-nestjs-toolkit/test-utils",
          "fullFile": "",
          "file": "",
          "beforeHooks": [],
          "afterHooks": [],
          "tests": [
            {
              "title": "globalTestContainers > should be initialize service from docker-compose.yml",
              "fullTitle": "should be initialize service from docker-compose.yml",
              "timedOut": false,
              "duration": 13114,
              "state": "passed",
              "speed": null,
              "pass": true,
              "fail": false,
              "pending": false,
              "context": null,
              "code": "import { StartedDockerComposeEnvironment } from 'testcontainers';\nimport { closeDockerCompose, initDockerCompose } from '../testcontainers';\nimport path from 'path';\n\ndescribe('globalTestContainers', () => {\n  const composeFilePath = path.resolve(__dirname, '..', 'fixtures', 'docker-compose');\n  const composeFile = 'docker-compose.yml';\n\n  it('should be initialize service from docker-compose.yml', async () => {\n    const services = ['mongo'];\n    const environment: StartedDockerComposeEnvironment = await initDockerCompose(\n      services,\n      composeFilePath,\n      composeFile,\n    )();\n    expect(environment).toBeDefined();\n    expect(environment).toBeInstanceOf(StartedDockerComposeEnvironment);\n    await closeDockerCompose({ removeVolumes: true })();\n  });\n\n  it('should be initialize all services from docker-compose.yml', async () => {\n    const services = [];\n    const environment: StartedDockerComposeEnvironment = await initDockerCompose(\n      services,\n      composeFilePath,\n      composeFile,\n    )();\n    expect(environment).toBeDefined();\n    expect(environment).toBeInstanceOf(StartedDockerComposeEnvironment);\n    await closeDockerCompose({ removeVolumes: true })();\n  });\n\n  it('should be initialize services from docker-compose.yml in default path and filename', async () => {\n    const services = [];\n    const environment: StartedDockerComposeEnvironment = await initDockerCompose(services)();\n    expect(environment).toBeDefined();\n    expect(environment).toBeInstanceOf(StartedDockerComposeEnvironment);\n    await closeDockerCompose({ removeVolumes: true })();\n  });\n});\n",
              "err": {},
              "uuid": "1aff7bb4-7e6a-4754-8d20-cbf0e627152c",
              "parentUUID": "30fcf3ff-1899-43cd-8d19-af9f34568bcb",
              "isHook": false,
              "skipped": false
            },
            {
              "title": "globalTestContainers > should be initialize all services from docker-compose.yml",
              "fullTitle": "should be initialize all services from docker-compose.yml",
              "timedOut": false,
              "duration": 13593,
              "state": "passed",
              "speed": null,
              "pass": true,
              "fail": false,
              "pending": false,
              "context": null,
              "code": "import { StartedDockerComposeEnvironment } from 'testcontainers';\nimport { closeDockerCompose, initDockerCompose } from '../testcontainers';\nimport path from 'path';\n\ndescribe('globalTestContainers', () => {\n  const composeFilePath = path.resolve(__dirname, '..', 'fixtures', 'docker-compose');\n  const composeFile = 'docker-compose.yml';\n\n  it('should be initialize service from docker-compose.yml', async () => {\n    const services = ['mongo'];\n    const environment: StartedDockerComposeEnvironment = await initDockerCompose(\n      services,\n      composeFilePath,\n      composeFile,\n    )();\n    expect(environment).toBeDefined();\n    expect(environment).toBeInstanceOf(StartedDockerComposeEnvironment);\n    await closeDockerCompose({ removeVolumes: true })();\n  });\n\n  it('should be initialize all services from docker-compose.yml', async () => {\n    const services = [];\n    const environment: StartedDockerComposeEnvironment = await initDockerCompose(\n      services,\n      composeFilePath,\n      composeFile,\n    )();\n    expect(environment).toBeDefined();\n    expect(environment).toBeInstanceOf(StartedDockerComposeEnvironment);\n    await closeDockerCompose({ removeVolumes: true })();\n  });\n\n  it('should be initialize services from docker-compose.yml in default path and filename', async () => {\n    const services = [];\n    const environment: StartedDockerComposeEnvironment = await initDockerCompose(services)();\n    expect(environment).toBeDefined();\n    expect(environment).toBeInstanceOf(StartedDockerComposeEnvironment);\n    await closeDockerCompose({ removeVolumes: true })();\n  });\n});\n",
              "err": {},
              "uuid": "453efe06-84a5-45d4-833a-05c5e3ee7222",
              "parentUUID": "30fcf3ff-1899-43cd-8d19-af9f34568bcb",
              "isHook": false,
              "skipped": false
            },
            {
              "title": "globalTestContainers > should be initialize services from docker-compose.yml in default path and filename",
              "fullTitle": "should be initialize services from docker-compose.yml in default path and filename",
              "timedOut": false,
              "duration": 11867,
              "state": "passed",
              "speed": null,
              "pass": true,
              "fail": false,
              "pending": false,
              "context": null,
              "code": "import { StartedDockerComposeEnvironment } from 'testcontainers';\nimport { closeDockerCompose, initDockerCompose } from '../testcontainers';\nimport path from 'path';\n\ndescribe('globalTestContainers', () => {\n  const composeFilePath = path.resolve(__dirname, '..', 'fixtures', 'docker-compose');\n  const composeFile = 'docker-compose.yml';\n\n  it('should be initialize service from docker-compose.yml', async () => {\n    const services = ['mongo'];\n    const environment: StartedDockerComposeEnvironment = await initDockerCompose(\n      services,\n      composeFilePath,\n      composeFile,\n    )();\n    expect(environment).toBeDefined();\n    expect(environment).toBeInstanceOf(StartedDockerComposeEnvironment);\n    await closeDockerCompose({ removeVolumes: true })();\n  });\n\n  it('should be initialize all services from docker-compose.yml', async () => {\n    const services = [];\n    const environment: StartedDockerComposeEnvironment = await initDockerCompose(\n      services,\n      composeFilePath,\n      composeFile,\n    )();\n    expect(environment).toBeDefined();\n    expect(environment).toBeInstanceOf(StartedDockerComposeEnvironment);\n    await closeDockerCompose({ removeVolumes: true })();\n  });\n\n  it('should be initialize services from docker-compose.yml in default path and filename', async () => {\n    const services = [];\n    const environment: StartedDockerComposeEnvironment = await initDockerCompose(services)();\n    expect(environment).toBeDefined();\n    expect(environment).toBeInstanceOf(StartedDockerComposeEnvironment);\n    await closeDockerCompose({ removeVolumes: true })();\n  });\n});\n",
              "err": {},
              "uuid": "027592f7-2a99-4a7e-a919-d4c2b682fde9",
              "parentUUID": "30fcf3ff-1899-43cd-8d19-af9f34568bcb",
              "isHook": false,
              "skipped": false
            },
            {
              "title": "TestContainers > Redis > should be defined",
              "fullTitle": "should be defined",
              "timedOut": false,
              "duration": 1,
              "state": "passed",
              "speed": null,
              "pass": true,
              "fail": false,
              "pending": false,
              "context": null,
              "code": "import { testContainers } from '../testcontainers';\nimport { StartedGenericContainer } from 'testcontainers/dist/src/generic-container/started-generic-container';\n\nimport {\n  TCRedisOptions,\n  TCDynamoDBOptions,\n  TCMongoOptions,\n  TCMySqlOptions,\n  TCPostgresOptions,\n  TCElasticSearchOptions,\n} from '../fixtures';\n\njest.setTimeout(70000);\ndescribe('TestContainers', () => {\n  describe('Redis', () => {\n    let container: testContainers;\n\n    beforeAll(async () => {\n      container = await new testContainers('redis:6.2-alpine', {\n        ...TCRedisOptions,\n        command: ['redis-server', '--appendonly', 'yes', '--requirepass', '123456'],\n        ports: [\n          {\n            container: 6379,\n            host: 6370,\n          },\n        ],\n      });\n      await container.start();\n    });\n\n    afterAll(async () => {\n      await container.stop({ removeVolumes: true });\n    });\n\n    it('should be defined', () => {\n      expect(container).toBeDefined();\n      expect(container).toBeInstanceOf(testContainers);\n    });\n\n    it('should be return exception of instance', async () => {\n      try {\n        await new testContainers('postgres:13', TCPostgresOptions);\n      } catch (error) {\n        expect(error.message).toBe('Use testContainers.getInstance() instead of new.');\n      }\n    });\n\n    it('should be get instance of test container', () => {\n      const instance = testContainers.getInstance();\n      expect(instance).toBeInstanceOf(testContainers);\n    });\n\n    it('should be return envs of instance', () => {\n      const instanceEnvs = container.getEnvs();\n      expect(instanceEnvs).toEqual(TCRedisOptions.envs);\n    });\n\n    it('should be return container instance', () => {\n      const instanceContainer = container.getContainer();\n      expect(instanceContainer).toBeDefined();\n      expect(instanceContainer).toBeInstanceOf(StartedGenericContainer);\n    });\n\n    it('should be return host of container instance', () => {\n      const instanceHost = container.getHost();\n      expect(instanceHost).toBeDefined();\n      expect(instanceHost).toEqual('localhost');\n    });\n\n    it('should be return name of container instance', () => {\n      const instanceContainerName = container.getName();\n      expect(instanceContainerName).toBeDefined();\n      expect(instanceContainerName).toContain(TCRedisOptions.containerName);\n    });\n\n    it('should be return mapped port', () => {\n      const mappedPort = container.getMappedPort(6379);\n      expect(mappedPort).toEqual(6370);\n    });\n  });\n\n  describe('DynamoDB', () => {\n    let container: testContainers;\n\n    beforeAll(async () => {\n      container = await new testContainers('amazon/dynamodb-local:latest', {\n        ...TCDynamoDBOptions,\n        ports: [\n          {\n            container: 8000,\n            host: 8002,\n          },\n        ],\n      });\n      await container.start();\n    });\n\n    afterAll(async () => {\n      await container.stop({ removeVolumes: true });\n    });\n\n    it('should be defined', () => {\n      expect(container).toBeDefined();\n      expect(container).toBeInstanceOf(testContainers);\n    });\n  });\n\n  describe('MongoDB', () => {\n    let container: testContainers;\n\n    beforeAll(async () => {\n      container = await new testContainers('mongo:5.0', {\n        ...TCMongoOptions,\n        ports: [\n          {\n            container: 27017,\n            host: 27012,\n          },\n        ],\n      });\n      await container.start();\n    });\n\n    afterAll(async () => {\n      await container.stop({ removeVolumes: true });\n    });\n\n    it('should be defined', () => {\n      expect(container).toBeDefined();\n      expect(container).toBeInstanceOf(testContainers);\n    });\n  });\n\n  describe('MySql', () => {\n    let container: testContainers;\n\n    beforeAll(async () => {\n      container = await new testContainers('mysql:5.7', {\n        ...TCMySqlOptions,\n        ports: [\n          {\n            container: 3306,\n            host: 52000,\n          },\n        ],\n      });\n      await container.start();\n    });\n\n    afterAll(async () => {\n      await container.stop({ removeVolumes: true });\n    });\n\n    it('should be defined', () => {\n      expect(container).toBeDefined();\n      expect(container).toBeInstanceOf(testContainers);\n    });\n  });\n\n  describe('Postgres', () => {\n    let container: testContainers;\n\n    beforeAll(async () => {\n      container = await new testContainers('postgres:13', TCPostgresOptions);\n      await container.start();\n    });\n\n    afterAll(async () => {\n      await container.stop({ removeVolumes: true });\n    });\n\n    it('should be defined', () => {\n      expect(container).toBeDefined();\n      expect(container).toBeInstanceOf(testContainers);\n    });\n  });\n\n  describe('ElasticSearch', () => {\n    let container: testContainers;\n\n    beforeAll(async () => {\n      container = await new testContainers('elasticsearch:8.3.3', {\n        ...TCElasticSearchOptions,\n        ports: [\n          {\n            container: 9200,\n            host: 9201,\n          },\n        ],\n      });\n      await container.start();\n    });\n\n    afterAll(async () => {\n      await container.stop({ removeVolumes: true });\n    });\n\n    it('should be defined', () => {\n      expect(container).toBeDefined();\n      expect(container).toBeInstanceOf(testContainers);\n    });\n  });\n});\n",
              "err": {},
              "uuid": "2b1a27e0-fa83-4f10-ae99-63db784e6baa",
              "parentUUID": "30fcf3ff-1899-43cd-8d19-af9f34568bcb",
              "isHook": false,
              "skipped": false
            },
            {
              "title": "TestContainers > Redis > should be return exception of instance",
              "fullTitle": "should be return exception of instance",
              "timedOut": false,
              "duration": 0,
              "state": "passed",
              "speed": null,
              "pass": true,
              "fail": false,
              "pending": false,
              "context": null,
              "code": "import { testContainers } from '../testcontainers';\nimport { StartedGenericContainer } from 'testcontainers/dist/src/generic-container/started-generic-container';\n\nimport {\n  TCRedisOptions,\n  TCDynamoDBOptions,\n  TCMongoOptions,\n  TCMySqlOptions,\n  TCPostgresOptions,\n  TCElasticSearchOptions,\n} from '../fixtures';\n\njest.setTimeout(70000);\ndescribe('TestContainers', () => {\n  describe('Redis', () => {\n    let container: testContainers;\n\n    beforeAll(async () => {\n      container = await new testContainers('redis:6.2-alpine', {\n        ...TCRedisOptions,\n        command: ['redis-server', '--appendonly', 'yes', '--requirepass', '123456'],\n        ports: [\n          {\n            container: 6379,\n            host: 6370,\n          },\n        ],\n      });\n      await container.start();\n    });\n\n    afterAll(async () => {\n      await container.stop({ removeVolumes: true });\n    });\n\n    it('should be defined', () => {\n      expect(container).toBeDefined();\n      expect(container).toBeInstanceOf(testContainers);\n    });\n\n    it('should be return exception of instance', async () => {\n      try {\n        await new testContainers('postgres:13', TCPostgresOptions);\n      } catch (error) {\n        expect(error.message).toBe('Use testContainers.getInstance() instead of new.');\n      }\n    });\n\n    it('should be get instance of test container', () => {\n      const instance = testContainers.getInstance();\n      expect(instance).toBeInstanceOf(testContainers);\n    });\n\n    it('should be return envs of instance', () => {\n      const instanceEnvs = container.getEnvs();\n      expect(instanceEnvs).toEqual(TCRedisOptions.envs);\n    });\n\n    it('should be return container instance', () => {\n      const instanceContainer = container.getContainer();\n      expect(instanceContainer).toBeDefined();\n      expect(instanceContainer).toBeInstanceOf(StartedGenericContainer);\n    });\n\n    it('should be return host of container instance', () => {\n      const instanceHost = container.getHost();\n      expect(instanceHost).toBeDefined();\n      expect(instanceHost).toEqual('localhost');\n    });\n\n    it('should be return name of container instance', () => {\n      const instanceContainerName = container.getName();\n      expect(instanceContainerName).toBeDefined();\n      expect(instanceContainerName).toContain(TCRedisOptions.containerName);\n    });\n\n    it('should be return mapped port', () => {\n      const mappedPort = container.getMappedPort(6379);\n      expect(mappedPort).toEqual(6370);\n    });\n  });\n\n  describe('DynamoDB', () => {\n    let container: testContainers;\n\n    beforeAll(async () => {\n      container = await new testContainers('amazon/dynamodb-local:latest', {\n        ...TCDynamoDBOptions,\n        ports: [\n          {\n            container: 8000,\n            host: 8002,\n          },\n        ],\n      });\n      await container.start();\n    });\n\n    afterAll(async () => {\n      await container.stop({ removeVolumes: true });\n    });\n\n    it('should be defined', () => {\n      expect(container).toBeDefined();\n      expect(container).toBeInstanceOf(testContainers);\n    });\n  });\n\n  describe('MongoDB', () => {\n    let container: testContainers;\n\n    beforeAll(async () => {\n      container = await new testContainers('mongo:5.0', {\n        ...TCMongoOptions,\n        ports: [\n          {\n            container: 27017,\n            host: 27012,\n          },\n        ],\n      });\n      await container.start();\n    });\n\n    afterAll(async () => {\n      await container.stop({ removeVolumes: true });\n    });\n\n    it('should be defined', () => {\n      expect(container).toBeDefined();\n      expect(container).toBeInstanceOf(testContainers);\n    });\n  });\n\n  describe('MySql', () => {\n    let container: testContainers;\n\n    beforeAll(async () => {\n      container = await new testContainers('mysql:5.7', {\n        ...TCMySqlOptions,\n        ports: [\n          {\n            container: 3306,\n            host: 52000,\n          },\n        ],\n      });\n      await container.start();\n    });\n\n    afterAll(async () => {\n      await container.stop({ removeVolumes: true });\n    });\n\n    it('should be defined', () => {\n      expect(container).toBeDefined();\n      expect(container).toBeInstanceOf(testContainers);\n    });\n  });\n\n  describe('Postgres', () => {\n    let container: testContainers;\n\n    beforeAll(async () => {\n      container = await new testContainers('postgres:13', TCPostgresOptions);\n      await container.start();\n    });\n\n    afterAll(async () => {\n      await container.stop({ removeVolumes: true });\n    });\n\n    it('should be defined', () => {\n      expect(container).toBeDefined();\n      expect(container).toBeInstanceOf(testContainers);\n    });\n  });\n\n  describe('ElasticSearch', () => {\n    let container: testContainers;\n\n    beforeAll(async () => {\n      container = await new testContainers('elasticsearch:8.3.3', {\n        ...TCElasticSearchOptions,\n        ports: [\n          {\n            container: 9200,\n            host: 9201,\n          },\n        ],\n      });\n      await container.start();\n    });\n\n    afterAll(async () => {\n      await container.stop({ removeVolumes: true });\n    });\n\n    it('should be defined', () => {\n      expect(container).toBeDefined();\n      expect(container).toBeInstanceOf(testContainers);\n    });\n  });\n});\n",
              "err": {},
              "uuid": "61952b39-0331-4aea-b75e-ae7895363ebf",
              "parentUUID": "30fcf3ff-1899-43cd-8d19-af9f34568bcb",
              "isHook": false,
              "skipped": false
            },
            {
              "title": "TestContainers > Redis > should be get instance of test container",
              "fullTitle": "should be get instance of test container",
              "timedOut": false,
              "duration": 1,
              "state": "passed",
              "speed": null,
              "pass": true,
              "fail": false,
              "pending": false,
              "context": null,
              "code": "import { testContainers } from '../testcontainers';\nimport { StartedGenericContainer } from 'testcontainers/dist/src/generic-container/started-generic-container';\n\nimport {\n  TCRedisOptions,\n  TCDynamoDBOptions,\n  TCMongoOptions,\n  TCMySqlOptions,\n  TCPostgresOptions,\n  TCElasticSearchOptions,\n} from '../fixtures';\n\njest.setTimeout(70000);\ndescribe('TestContainers', () => {\n  describe('Redis', () => {\n    let container: testContainers;\n\n    beforeAll(async () => {\n      container = await new testContainers('redis:6.2-alpine', {\n        ...TCRedisOptions,\n        command: ['redis-server', '--appendonly', 'yes', '--requirepass', '123456'],\n        ports: [\n          {\n            container: 6379,\n            host: 6370,\n          },\n        ],\n      });\n      await container.start();\n    });\n\n    afterAll(async () => {\n      await container.stop({ removeVolumes: true });\n    });\n\n    it('should be defined', () => {\n      expect(container).toBeDefined();\n      expect(container).toBeInstanceOf(testContainers);\n    });\n\n    it('should be return exception of instance', async () => {\n      try {\n        await new testContainers('postgres:13', TCPostgresOptions);\n      } catch (error) {\n        expect(error.message).toBe('Use testContainers.getInstance() instead of new.');\n      }\n    });\n\n    it('should be get instance of test container', () => {\n      const instance = testContainers.getInstance();\n      expect(instance).toBeInstanceOf(testContainers);\n    });\n\n    it('should be return envs of instance', () => {\n      const instanceEnvs = container.getEnvs();\n      expect(instanceEnvs).toEqual(TCRedisOptions.envs);\n    });\n\n    it('should be return container instance', () => {\n      const instanceContainer = container.getContainer();\n      expect(instanceContainer).toBeDefined();\n      expect(instanceContainer).toBeInstanceOf(StartedGenericContainer);\n    });\n\n    it('should be return host of container instance', () => {\n      const instanceHost = container.getHost();\n      expect(instanceHost).toBeDefined();\n      expect(instanceHost).toEqual('localhost');\n    });\n\n    it('should be return name of container instance', () => {\n      const instanceContainerName = container.getName();\n      expect(instanceContainerName).toBeDefined();\n      expect(instanceContainerName).toContain(TCRedisOptions.containerName);\n    });\n\n    it('should be return mapped port', () => {\n      const mappedPort = container.getMappedPort(6379);\n      expect(mappedPort).toEqual(6370);\n    });\n  });\n\n  describe('DynamoDB', () => {\n    let container: testContainers;\n\n    beforeAll(async () => {\n      container = await new testContainers('amazon/dynamodb-local:latest', {\n        ...TCDynamoDBOptions,\n        ports: [\n          {\n            container: 8000,\n            host: 8002,\n          },\n        ],\n      });\n      await container.start();\n    });\n\n    afterAll(async () => {\n      await container.stop({ removeVolumes: true });\n    });\n\n    it('should be defined', () => {\n      expect(container).toBeDefined();\n      expect(container).toBeInstanceOf(testContainers);\n    });\n  });\n\n  describe('MongoDB', () => {\n    let container: testContainers;\n\n    beforeAll(async () => {\n      container = await new testContainers('mongo:5.0', {\n        ...TCMongoOptions,\n        ports: [\n          {\n            container: 27017,\n            host: 27012,\n          },\n        ],\n      });\n      await container.start();\n    });\n\n    afterAll(async () => {\n      await container.stop({ removeVolumes: true });\n    });\n\n    it('should be defined', () => {\n      expect(container).toBeDefined();\n      expect(container).toBeInstanceOf(testContainers);\n    });\n  });\n\n  describe('MySql', () => {\n    let container: testContainers;\n\n    beforeAll(async () => {\n      container = await new testContainers('mysql:5.7', {\n        ...TCMySqlOptions,\n        ports: [\n          {\n            container: 3306,\n            host: 52000,\n          },\n        ],\n      });\n      await container.start();\n    });\n\n    afterAll(async () => {\n      await container.stop({ removeVolumes: true });\n    });\n\n    it('should be defined', () => {\n      expect(container).toBeDefined();\n      expect(container).toBeInstanceOf(testContainers);\n    });\n  });\n\n  describe('Postgres', () => {\n    let container: testContainers;\n\n    beforeAll(async () => {\n      container = await new testContainers('postgres:13', TCPostgresOptions);\n      await container.start();\n    });\n\n    afterAll(async () => {\n      await container.stop({ removeVolumes: true });\n    });\n\n    it('should be defined', () => {\n      expect(container).toBeDefined();\n      expect(container).toBeInstanceOf(testContainers);\n    });\n  });\n\n  describe('ElasticSearch', () => {\n    let container: testContainers;\n\n    beforeAll(async () => {\n      container = await new testContainers('elasticsearch:8.3.3', {\n        ...TCElasticSearchOptions,\n        ports: [\n          {\n            container: 9200,\n            host: 9201,\n          },\n        ],\n      });\n      await container.start();\n    });\n\n    afterAll(async () => {\n      await container.stop({ removeVolumes: true });\n    });\n\n    it('should be defined', () => {\n      expect(container).toBeDefined();\n      expect(container).toBeInstanceOf(testContainers);\n    });\n  });\n});\n",
              "err": {},
              "uuid": "b38dfaba-9d44-4ca1-86e2-60b3d1f221f8",
              "parentUUID": "30fcf3ff-1899-43cd-8d19-af9f34568bcb",
              "isHook": false,
              "skipped": false
            },
            {
              "title": "TestContainers > Redis > should be return envs of instance",
              "fullTitle": "should be return envs of instance",
              "timedOut": false,
              "duration": 1,
              "state": "passed",
              "speed": null,
              "pass": true,
              "fail": false,
              "pending": false,
              "context": null,
              "code": "import { testContainers } from '../testcontainers';\nimport { StartedGenericContainer } from 'testcontainers/dist/src/generic-container/started-generic-container';\n\nimport {\n  TCRedisOptions,\n  TCDynamoDBOptions,\n  TCMongoOptions,\n  TCMySqlOptions,\n  TCPostgresOptions,\n  TCElasticSearchOptions,\n} from '../fixtures';\n\njest.setTimeout(70000);\ndescribe('TestContainers', () => {\n  describe('Redis', () => {\n    let container: testContainers;\n\n    beforeAll(async () => {\n      container = await new testContainers('redis:6.2-alpine', {\n        ...TCRedisOptions,\n        command: ['redis-server', '--appendonly', 'yes', '--requirepass', '123456'],\n        ports: [\n          {\n            container: 6379,\n            host: 6370,\n          },\n        ],\n      });\n      await container.start();\n    });\n\n    afterAll(async () => {\n      await container.stop({ removeVolumes: true });\n    });\n\n    it('should be defined', () => {\n      expect(container).toBeDefined();\n      expect(container).toBeInstanceOf(testContainers);\n    });\n\n    it('should be return exception of instance', async () => {\n      try {\n        await new testContainers('postgres:13', TCPostgresOptions);\n      } catch (error) {\n        expect(error.message).toBe('Use testContainers.getInstance() instead of new.');\n      }\n    });\n\n    it('should be get instance of test container', () => {\n      const instance = testContainers.getInstance();\n      expect(instance).toBeInstanceOf(testContainers);\n    });\n\n    it('should be return envs of instance', () => {\n      const instanceEnvs = container.getEnvs();\n      expect(instanceEnvs).toEqual(TCRedisOptions.envs);\n    });\n\n    it('should be return container instance', () => {\n      const instanceContainer = container.getContainer();\n      expect(instanceContainer).toBeDefined();\n      expect(instanceContainer).toBeInstanceOf(StartedGenericContainer);\n    });\n\n    it('should be return host of container instance', () => {\n      const instanceHost = container.getHost();\n      expect(instanceHost).toBeDefined();\n      expect(instanceHost).toEqual('localhost');\n    });\n\n    it('should be return name of container instance', () => {\n      const instanceContainerName = container.getName();\n      expect(instanceContainerName).toBeDefined();\n      expect(instanceContainerName).toContain(TCRedisOptions.containerName);\n    });\n\n    it('should be return mapped port', () => {\n      const mappedPort = container.getMappedPort(6379);\n      expect(mappedPort).toEqual(6370);\n    });\n  });\n\n  describe('DynamoDB', () => {\n    let container: testContainers;\n\n    beforeAll(async () => {\n      container = await new testContainers('amazon/dynamodb-local:latest', {\n        ...TCDynamoDBOptions,\n        ports: [\n          {\n            container: 8000,\n            host: 8002,\n          },\n        ],\n      });\n      await container.start();\n    });\n\n    afterAll(async () => {\n      await container.stop({ removeVolumes: true });\n    });\n\n    it('should be defined', () => {\n      expect(container).toBeDefined();\n      expect(container).toBeInstanceOf(testContainers);\n    });\n  });\n\n  describe('MongoDB', () => {\n    let container: testContainers;\n\n    beforeAll(async () => {\n      container = await new testContainers('mongo:5.0', {\n        ...TCMongoOptions,\n        ports: [\n          {\n            container: 27017,\n            host: 27012,\n          },\n        ],\n      });\n      await container.start();\n    });\n\n    afterAll(async () => {\n      await container.stop({ removeVolumes: true });\n    });\n\n    it('should be defined', () => {\n      expect(container).toBeDefined();\n      expect(container).toBeInstanceOf(testContainers);\n    });\n  });\n\n  describe('MySql', () => {\n    let container: testContainers;\n\n    beforeAll(async () => {\n      container = await new testContainers('mysql:5.7', {\n        ...TCMySqlOptions,\n        ports: [\n          {\n            container: 3306,\n            host: 52000,\n          },\n        ],\n      });\n      await container.start();\n    });\n\n    afterAll(async () => {\n      await container.stop({ removeVolumes: true });\n    });\n\n    it('should be defined', () => {\n      expect(container).toBeDefined();\n      expect(container).toBeInstanceOf(testContainers);\n    });\n  });\n\n  describe('Postgres', () => {\n    let container: testContainers;\n\n    beforeAll(async () => {\n      container = await new testContainers('postgres:13', TCPostgresOptions);\n      await container.start();\n    });\n\n    afterAll(async () => {\n      await container.stop({ removeVolumes: true });\n    });\n\n    it('should be defined', () => {\n      expect(container).toBeDefined();\n      expect(container).toBeInstanceOf(testContainers);\n    });\n  });\n\n  describe('ElasticSearch', () => {\n    let container: testContainers;\n\n    beforeAll(async () => {\n      container = await new testContainers('elasticsearch:8.3.3', {\n        ...TCElasticSearchOptions,\n        ports: [\n          {\n            container: 9200,\n            host: 9201,\n          },\n        ],\n      });\n      await container.start();\n    });\n\n    afterAll(async () => {\n      await container.stop({ removeVolumes: true });\n    });\n\n    it('should be defined', () => {\n      expect(container).toBeDefined();\n      expect(container).toBeInstanceOf(testContainers);\n    });\n  });\n});\n",
              "err": {},
              "uuid": "6aca2bb2-942d-4bbc-8d31-30d86cbf1bf8",
              "parentUUID": "30fcf3ff-1899-43cd-8d19-af9f34568bcb",
              "isHook": false,
              "skipped": false
            },
            {
              "title": "TestContainers > Redis > should be return container instance",
              "fullTitle": "should be return container instance",
              "timedOut": false,
              "duration": 0,
              "state": "passed",
              "speed": null,
              "pass": true,
              "fail": false,
              "pending": false,
              "context": null,
              "code": "import { testContainers } from '../testcontainers';\nimport { StartedGenericContainer } from 'testcontainers/dist/src/generic-container/started-generic-container';\n\nimport {\n  TCRedisOptions,\n  TCDynamoDBOptions,\n  TCMongoOptions,\n  TCMySqlOptions,\n  TCPostgresOptions,\n  TCElasticSearchOptions,\n} from '../fixtures';\n\njest.setTimeout(70000);\ndescribe('TestContainers', () => {\n  describe('Redis', () => {\n    let container: testContainers;\n\n    beforeAll(async () => {\n      container = await new testContainers('redis:6.2-alpine', {\n        ...TCRedisOptions,\n        command: ['redis-server', '--appendonly', 'yes', '--requirepass', '123456'],\n        ports: [\n          {\n            container: 6379,\n            host: 6370,\n          },\n        ],\n      });\n      await container.start();\n    });\n\n    afterAll(async () => {\n      await container.stop({ removeVolumes: true });\n    });\n\n    it('should be defined', () => {\n      expect(container).toBeDefined();\n      expect(container).toBeInstanceOf(testContainers);\n    });\n\n    it('should be return exception of instance', async () => {\n      try {\n        await new testContainers('postgres:13', TCPostgresOptions);\n      } catch (error) {\n        expect(error.message).toBe('Use testContainers.getInstance() instead of new.');\n      }\n    });\n\n    it('should be get instance of test container', () => {\n      const instance = testContainers.getInstance();\n      expect(instance).toBeInstanceOf(testContainers);\n    });\n\n    it('should be return envs of instance', () => {\n      const instanceEnvs = container.getEnvs();\n      expect(instanceEnvs).toEqual(TCRedisOptions.envs);\n    });\n\n    it('should be return container instance', () => {\n      const instanceContainer = container.getContainer();\n      expect(instanceContainer).toBeDefined();\n      expect(instanceContainer).toBeInstanceOf(StartedGenericContainer);\n    });\n\n    it('should be return host of container instance', () => {\n      const instanceHost = container.getHost();\n      expect(instanceHost).toBeDefined();\n      expect(instanceHost).toEqual('localhost');\n    });\n\n    it('should be return name of container instance', () => {\n      const instanceContainerName = container.getName();\n      expect(instanceContainerName).toBeDefined();\n      expect(instanceContainerName).toContain(TCRedisOptions.containerName);\n    });\n\n    it('should be return mapped port', () => {\n      const mappedPort = container.getMappedPort(6379);\n      expect(mappedPort).toEqual(6370);\n    });\n  });\n\n  describe('DynamoDB', () => {\n    let container: testContainers;\n\n    beforeAll(async () => {\n      container = await new testContainers('amazon/dynamodb-local:latest', {\n        ...TCDynamoDBOptions,\n        ports: [\n          {\n            container: 8000,\n            host: 8002,\n          },\n        ],\n      });\n      await container.start();\n    });\n\n    afterAll(async () => {\n      await container.stop({ removeVolumes: true });\n    });\n\n    it('should be defined', () => {\n      expect(container).toBeDefined();\n      expect(container).toBeInstanceOf(testContainers);\n    });\n  });\n\n  describe('MongoDB', () => {\n    let container: testContainers;\n\n    beforeAll(async () => {\n      container = await new testContainers('mongo:5.0', {\n        ...TCMongoOptions,\n        ports: [\n          {\n            container: 27017,\n            host: 27012,\n          },\n        ],\n      });\n      await container.start();\n    });\n\n    afterAll(async () => {\n      await container.stop({ removeVolumes: true });\n    });\n\n    it('should be defined', () => {\n      expect(container).toBeDefined();\n      expect(container).toBeInstanceOf(testContainers);\n    });\n  });\n\n  describe('MySql', () => {\n    let container: testContainers;\n\n    beforeAll(async () => {\n      container = await new testContainers('mysql:5.7', {\n        ...TCMySqlOptions,\n        ports: [\n          {\n            container: 3306,\n            host: 52000,\n          },\n        ],\n      });\n      await container.start();\n    });\n\n    afterAll(async () => {\n      await container.stop({ removeVolumes: true });\n    });\n\n    it('should be defined', () => {\n      expect(container).toBeDefined();\n      expect(container).toBeInstanceOf(testContainers);\n    });\n  });\n\n  describe('Postgres', () => {\n    let container: testContainers;\n\n    beforeAll(async () => {\n      container = await new testContainers('postgres:13', TCPostgresOptions);\n      await container.start();\n    });\n\n    afterAll(async () => {\n      await container.stop({ removeVolumes: true });\n    });\n\n    it('should be defined', () => {\n      expect(container).toBeDefined();\n      expect(container).toBeInstanceOf(testContainers);\n    });\n  });\n\n  describe('ElasticSearch', () => {\n    let container: testContainers;\n\n    beforeAll(async () => {\n      container = await new testContainers('elasticsearch:8.3.3', {\n        ...TCElasticSearchOptions,\n        ports: [\n          {\n            container: 9200,\n            host: 9201,\n          },\n        ],\n      });\n      await container.start();\n    });\n\n    afterAll(async () => {\n      await container.stop({ removeVolumes: true });\n    });\n\n    it('should be defined', () => {\n      expect(container).toBeDefined();\n      expect(container).toBeInstanceOf(testContainers);\n    });\n  });\n});\n",
              "err": {},
              "uuid": "a7997ae8-0c22-4c17-9762-f29a5a0197df",
              "parentUUID": "30fcf3ff-1899-43cd-8d19-af9f34568bcb",
              "isHook": false,
              "skipped": false
            },
            {
              "title": "TestContainers > Redis > should be return host of container instance",
              "fullTitle": "should be return host of container instance",
              "timedOut": false,
              "duration": 1,
              "state": "passed",
              "speed": null,
              "pass": true,
              "fail": false,
              "pending": false,
              "context": null,
              "code": "import { testContainers } from '../testcontainers';\nimport { StartedGenericContainer } from 'testcontainers/dist/src/generic-container/started-generic-container';\n\nimport {\n  TCRedisOptions,\n  TCDynamoDBOptions,\n  TCMongoOptions,\n  TCMySqlOptions,\n  TCPostgresOptions,\n  TCElasticSearchOptions,\n} from '../fixtures';\n\njest.setTimeout(70000);\ndescribe('TestContainers', () => {\n  describe('Redis', () => {\n    let container: testContainers;\n\n    beforeAll(async () => {\n      container = await new testContainers('redis:6.2-alpine', {\n        ...TCRedisOptions,\n        command: ['redis-server', '--appendonly', 'yes', '--requirepass', '123456'],\n        ports: [\n          {\n            container: 6379,\n            host: 6370,\n          },\n        ],\n      });\n      await container.start();\n    });\n\n    afterAll(async () => {\n      await container.stop({ removeVolumes: true });\n    });\n\n    it('should be defined', () => {\n      expect(container).toBeDefined();\n      expect(container).toBeInstanceOf(testContainers);\n    });\n\n    it('should be return exception of instance', async () => {\n      try {\n        await new testContainers('postgres:13', TCPostgresOptions);\n      } catch (error) {\n        expect(error.message).toBe('Use testContainers.getInstance() instead of new.');\n      }\n    });\n\n    it('should be get instance of test container', () => {\n      const instance = testContainers.getInstance();\n      expect(instance).toBeInstanceOf(testContainers);\n    });\n\n    it('should be return envs of instance', () => {\n      const instanceEnvs = container.getEnvs();\n      expect(instanceEnvs).toEqual(TCRedisOptions.envs);\n    });\n\n    it('should be return container instance', () => {\n      const instanceContainer = container.getContainer();\n      expect(instanceContainer).toBeDefined();\n      expect(instanceContainer).toBeInstanceOf(StartedGenericContainer);\n    });\n\n    it('should be return host of container instance', () => {\n      const instanceHost = container.getHost();\n      expect(instanceHost).toBeDefined();\n      expect(instanceHost).toEqual('localhost');\n    });\n\n    it('should be return name of container instance', () => {\n      const instanceContainerName = container.getName();\n      expect(instanceContainerName).toBeDefined();\n      expect(instanceContainerName).toContain(TCRedisOptions.containerName);\n    });\n\n    it('should be return mapped port', () => {\n      const mappedPort = container.getMappedPort(6379);\n      expect(mappedPort).toEqual(6370);\n    });\n  });\n\n  describe('DynamoDB', () => {\n    let container: testContainers;\n\n    beforeAll(async () => {\n      container = await new testContainers('amazon/dynamodb-local:latest', {\n        ...TCDynamoDBOptions,\n        ports: [\n          {\n            container: 8000,\n            host: 8002,\n          },\n        ],\n      });\n      await container.start();\n    });\n\n    afterAll(async () => {\n      await container.stop({ removeVolumes: true });\n    });\n\n    it('should be defined', () => {\n      expect(container).toBeDefined();\n      expect(container).toBeInstanceOf(testContainers);\n    });\n  });\n\n  describe('MongoDB', () => {\n    let container: testContainers;\n\n    beforeAll(async () => {\n      container = await new testContainers('mongo:5.0', {\n        ...TCMongoOptions,\n        ports: [\n          {\n            container: 27017,\n            host: 27012,\n          },\n        ],\n      });\n      await container.start();\n    });\n\n    afterAll(async () => {\n      await container.stop({ removeVolumes: true });\n    });\n\n    it('should be defined', () => {\n      expect(container).toBeDefined();\n      expect(container).toBeInstanceOf(testContainers);\n    });\n  });\n\n  describe('MySql', () => {\n    let container: testContainers;\n\n    beforeAll(async () => {\n      container = await new testContainers('mysql:5.7', {\n        ...TCMySqlOptions,\n        ports: [\n          {\n            container: 3306,\n            host: 52000,\n          },\n        ],\n      });\n      await container.start();\n    });\n\n    afterAll(async () => {\n      await container.stop({ removeVolumes: true });\n    });\n\n    it('should be defined', () => {\n      expect(container).toBeDefined();\n      expect(container).toBeInstanceOf(testContainers);\n    });\n  });\n\n  describe('Postgres', () => {\n    let container: testContainers;\n\n    beforeAll(async () => {\n      container = await new testContainers('postgres:13', TCPostgresOptions);\n      await container.start();\n    });\n\n    afterAll(async () => {\n      await container.stop({ removeVolumes: true });\n    });\n\n    it('should be defined', () => {\n      expect(container).toBeDefined();\n      expect(container).toBeInstanceOf(testContainers);\n    });\n  });\n\n  describe('ElasticSearch', () => {\n    let container: testContainers;\n\n    beforeAll(async () => {\n      container = await new testContainers('elasticsearch:8.3.3', {\n        ...TCElasticSearchOptions,\n        ports: [\n          {\n            container: 9200,\n            host: 9201,\n          },\n        ],\n      });\n      await container.start();\n    });\n\n    afterAll(async () => {\n      await container.stop({ removeVolumes: true });\n    });\n\n    it('should be defined', () => {\n      expect(container).toBeDefined();\n      expect(container).toBeInstanceOf(testContainers);\n    });\n  });\n});\n",
              "err": {},
              "uuid": "cfb5326f-01d0-4d18-a7bc-dcef3886aabe",
              "parentUUID": "30fcf3ff-1899-43cd-8d19-af9f34568bcb",
              "isHook": false,
              "skipped": false
            },
            {
              "title": "TestContainers > Redis > should be return name of container instance",
              "fullTitle": "should be return name of container instance",
              "timedOut": false,
              "duration": 1,
              "state": "passed",
              "speed": null,
              "pass": true,
              "fail": false,
              "pending": false,
              "context": null,
              "code": "import { testContainers } from '../testcontainers';\nimport { StartedGenericContainer } from 'testcontainers/dist/src/generic-container/started-generic-container';\n\nimport {\n  TCRedisOptions,\n  TCDynamoDBOptions,\n  TCMongoOptions,\n  TCMySqlOptions,\n  TCPostgresOptions,\n  TCElasticSearchOptions,\n} from '../fixtures';\n\njest.setTimeout(70000);\ndescribe('TestContainers', () => {\n  describe('Redis', () => {\n    let container: testContainers;\n\n    beforeAll(async () => {\n      container = await new testContainers('redis:6.2-alpine', {\n        ...TCRedisOptions,\n        command: ['redis-server', '--appendonly', 'yes', '--requirepass', '123456'],\n        ports: [\n          {\n            container: 6379,\n            host: 6370,\n          },\n        ],\n      });\n      await container.start();\n    });\n\n    afterAll(async () => {\n      await container.stop({ removeVolumes: true });\n    });\n\n    it('should be defined', () => {\n      expect(container).toBeDefined();\n      expect(container).toBeInstanceOf(testContainers);\n    });\n\n    it('should be return exception of instance', async () => {\n      try {\n        await new testContainers('postgres:13', TCPostgresOptions);\n      } catch (error) {\n        expect(error.message).toBe('Use testContainers.getInstance() instead of new.');\n      }\n    });\n\n    it('should be get instance of test container', () => {\n      const instance = testContainers.getInstance();\n      expect(instance).toBeInstanceOf(testContainers);\n    });\n\n    it('should be return envs of instance', () => {\n      const instanceEnvs = container.getEnvs();\n      expect(instanceEnvs).toEqual(TCRedisOptions.envs);\n    });\n\n    it('should be return container instance', () => {\n      const instanceContainer = container.getContainer();\n      expect(instanceContainer).toBeDefined();\n      expect(instanceContainer).toBeInstanceOf(StartedGenericContainer);\n    });\n\n    it('should be return host of container instance', () => {\n      const instanceHost = container.getHost();\n      expect(instanceHost).toBeDefined();\n      expect(instanceHost).toEqual('localhost');\n    });\n\n    it('should be return name of container instance', () => {\n      const instanceContainerName = container.getName();\n      expect(instanceContainerName).toBeDefined();\n      expect(instanceContainerName).toContain(TCRedisOptions.containerName);\n    });\n\n    it('should be return mapped port', () => {\n      const mappedPort = container.getMappedPort(6379);\n      expect(mappedPort).toEqual(6370);\n    });\n  });\n\n  describe('DynamoDB', () => {\n    let container: testContainers;\n\n    beforeAll(async () => {\n      container = await new testContainers('amazon/dynamodb-local:latest', {\n        ...TCDynamoDBOptions,\n        ports: [\n          {\n            container: 8000,\n            host: 8002,\n          },\n        ],\n      });\n      await container.start();\n    });\n\n    afterAll(async () => {\n      await container.stop({ removeVolumes: true });\n    });\n\n    it('should be defined', () => {\n      expect(container).toBeDefined();\n      expect(container).toBeInstanceOf(testContainers);\n    });\n  });\n\n  describe('MongoDB', () => {\n    let container: testContainers;\n\n    beforeAll(async () => {\n      container = await new testContainers('mongo:5.0', {\n        ...TCMongoOptions,\n        ports: [\n          {\n            container: 27017,\n            host: 27012,\n          },\n        ],\n      });\n      await container.start();\n    });\n\n    afterAll(async () => {\n      await container.stop({ removeVolumes: true });\n    });\n\n    it('should be defined', () => {\n      expect(container).toBeDefined();\n      expect(container).toBeInstanceOf(testContainers);\n    });\n  });\n\n  describe('MySql', () => {\n    let container: testContainers;\n\n    beforeAll(async () => {\n      container = await new testContainers('mysql:5.7', {\n        ...TCMySqlOptions,\n        ports: [\n          {\n            container: 3306,\n            host: 52000,\n          },\n        ],\n      });\n      await container.start();\n    });\n\n    afterAll(async () => {\n      await container.stop({ removeVolumes: true });\n    });\n\n    it('should be defined', () => {\n      expect(container).toBeDefined();\n      expect(container).toBeInstanceOf(testContainers);\n    });\n  });\n\n  describe('Postgres', () => {\n    let container: testContainers;\n\n    beforeAll(async () => {\n      container = await new testContainers('postgres:13', TCPostgresOptions);\n      await container.start();\n    });\n\n    afterAll(async () => {\n      await container.stop({ removeVolumes: true });\n    });\n\n    it('should be defined', () => {\n      expect(container).toBeDefined();\n      expect(container).toBeInstanceOf(testContainers);\n    });\n  });\n\n  describe('ElasticSearch', () => {\n    let container: testContainers;\n\n    beforeAll(async () => {\n      container = await new testContainers('elasticsearch:8.3.3', {\n        ...TCElasticSearchOptions,\n        ports: [\n          {\n            container: 9200,\n            host: 9201,\n          },\n        ],\n      });\n      await container.start();\n    });\n\n    afterAll(async () => {\n      await container.stop({ removeVolumes: true });\n    });\n\n    it('should be defined', () => {\n      expect(container).toBeDefined();\n      expect(container).toBeInstanceOf(testContainers);\n    });\n  });\n});\n",
              "err": {},
              "uuid": "5e222239-0c93-4083-a7a8-8d756baca414",
              "parentUUID": "30fcf3ff-1899-43cd-8d19-af9f34568bcb",
              "isHook": false,
              "skipped": false
            },
            {
              "title": "TestContainers > Redis > should be return mapped port",
              "fullTitle": "should be return mapped port",
              "timedOut": false,
              "duration": 0,
              "state": "passed",
              "speed": null,
              "pass": true,
              "fail": false,
              "pending": false,
              "context": null,
              "code": "import { testContainers } from '../testcontainers';\nimport { StartedGenericContainer } from 'testcontainers/dist/src/generic-container/started-generic-container';\n\nimport {\n  TCRedisOptions,\n  TCDynamoDBOptions,\n  TCMongoOptions,\n  TCMySqlOptions,\n  TCPostgresOptions,\n  TCElasticSearchOptions,\n} from '../fixtures';\n\njest.setTimeout(70000);\ndescribe('TestContainers', () => {\n  describe('Redis', () => {\n    let container: testContainers;\n\n    beforeAll(async () => {\n      container = await new testContainers('redis:6.2-alpine', {\n        ...TCRedisOptions,\n        command: ['redis-server', '--appendonly', 'yes', '--requirepass', '123456'],\n        ports: [\n          {\n            container: 6379,\n            host: 6370,\n          },\n        ],\n      });\n      await container.start();\n    });\n\n    afterAll(async () => {\n      await container.stop({ removeVolumes: true });\n    });\n\n    it('should be defined', () => {\n      expect(container).toBeDefined();\n      expect(container).toBeInstanceOf(testContainers);\n    });\n\n    it('should be return exception of instance', async () => {\n      try {\n        await new testContainers('postgres:13', TCPostgresOptions);\n      } catch (error) {\n        expect(error.message).toBe('Use testContainers.getInstance() instead of new.');\n      }\n    });\n\n    it('should be get instance of test container', () => {\n      const instance = testContainers.getInstance();\n      expect(instance).toBeInstanceOf(testContainers);\n    });\n\n    it('should be return envs of instance', () => {\n      const instanceEnvs = container.getEnvs();\n      expect(instanceEnvs).toEqual(TCRedisOptions.envs);\n    });\n\n    it('should be return container instance', () => {\n      const instanceContainer = container.getContainer();\n      expect(instanceContainer).toBeDefined();\n      expect(instanceContainer).toBeInstanceOf(StartedGenericContainer);\n    });\n\n    it('should be return host of container instance', () => {\n      const instanceHost = container.getHost();\n      expect(instanceHost).toBeDefined();\n      expect(instanceHost).toEqual('localhost');\n    });\n\n    it('should be return name of container instance', () => {\n      const instanceContainerName = container.getName();\n      expect(instanceContainerName).toBeDefined();\n      expect(instanceContainerName).toContain(TCRedisOptions.containerName);\n    });\n\n    it('should be return mapped port', () => {\n      const mappedPort = container.getMappedPort(6379);\n      expect(mappedPort).toEqual(6370);\n    });\n  });\n\n  describe('DynamoDB', () => {\n    let container: testContainers;\n\n    beforeAll(async () => {\n      container = await new testContainers('amazon/dynamodb-local:latest', {\n        ...TCDynamoDBOptions,\n        ports: [\n          {\n            container: 8000,\n            host: 8002,\n          },\n        ],\n      });\n      await container.start();\n    });\n\n    afterAll(async () => {\n      await container.stop({ removeVolumes: true });\n    });\n\n    it('should be defined', () => {\n      expect(container).toBeDefined();\n      expect(container).toBeInstanceOf(testContainers);\n    });\n  });\n\n  describe('MongoDB', () => {\n    let container: testContainers;\n\n    beforeAll(async () => {\n      container = await new testContainers('mongo:5.0', {\n        ...TCMongoOptions,\n        ports: [\n          {\n            container: 27017,\n            host: 27012,\n          },\n        ],\n      });\n      await container.start();\n    });\n\n    afterAll(async () => {\n      await container.stop({ removeVolumes: true });\n    });\n\n    it('should be defined', () => {\n      expect(container).toBeDefined();\n      expect(container).toBeInstanceOf(testContainers);\n    });\n  });\n\n  describe('MySql', () => {\n    let container: testContainers;\n\n    beforeAll(async () => {\n      container = await new testContainers('mysql:5.7', {\n        ...TCMySqlOptions,\n        ports: [\n          {\n            container: 3306,\n            host: 52000,\n          },\n        ],\n      });\n      await container.start();\n    });\n\n    afterAll(async () => {\n      await container.stop({ removeVolumes: true });\n    });\n\n    it('should be defined', () => {\n      expect(container).toBeDefined();\n      expect(container).toBeInstanceOf(testContainers);\n    });\n  });\n\n  describe('Postgres', () => {\n    let container: testContainers;\n\n    beforeAll(async () => {\n      container = await new testContainers('postgres:13', TCPostgresOptions);\n      await container.start();\n    });\n\n    afterAll(async () => {\n      await container.stop({ removeVolumes: true });\n    });\n\n    it('should be defined', () => {\n      expect(container).toBeDefined();\n      expect(container).toBeInstanceOf(testContainers);\n    });\n  });\n\n  describe('ElasticSearch', () => {\n    let container: testContainers;\n\n    beforeAll(async () => {\n      container = await new testContainers('elasticsearch:8.3.3', {\n        ...TCElasticSearchOptions,\n        ports: [\n          {\n            container: 9200,\n            host: 9201,\n          },\n        ],\n      });\n      await container.start();\n    });\n\n    afterAll(async () => {\n      await container.stop({ removeVolumes: true });\n    });\n\n    it('should be defined', () => {\n      expect(container).toBeDefined();\n      expect(container).toBeInstanceOf(testContainers);\n    });\n  });\n});\n",
              "err": {},
              "uuid": "645ecd59-689c-42f0-9707-cde94fc204ff",
              "parentUUID": "30fcf3ff-1899-43cd-8d19-af9f34568bcb",
              "isHook": false,
              "skipped": false
            },
            {
              "title": "TestContainers > Redis > should be defined",
              "fullTitle": "should be defined",
              "timedOut": false,
              "duration": 1,
              "state": "passed",
              "speed": null,
              "pass": true,
              "fail": false,
              "pending": false,
              "context": null,
              "code": "import { testContainers } from '../testcontainers';\nimport { StartedGenericContainer } from 'testcontainers/dist/src/generic-container/started-generic-container';\n\nimport {\n  TCRedisOptions,\n  TCDynamoDBOptions,\n  TCMongoOptions,\n  TCMySqlOptions,\n  TCPostgresOptions,\n  TCElasticSearchOptions,\n} from '../fixtures';\n\njest.setTimeout(70000);\ndescribe('TestContainers', () => {\n  describe('Redis', () => {\n    let container: testContainers;\n\n    beforeAll(async () => {\n      container = await new testContainers('redis:6.2-alpine', {\n        ...TCRedisOptions,\n        command: ['redis-server', '--appendonly', 'yes', '--requirepass', '123456'],\n        ports: [\n          {\n            container: 6379,\n            host: 6370,\n          },\n        ],\n      });\n      await container.start();\n    });\n\n    afterAll(async () => {\n      await container.stop({ removeVolumes: true });\n    });\n\n    it('should be defined', () => {\n      expect(container).toBeDefined();\n      expect(container).toBeInstanceOf(testContainers);\n    });\n\n    it('should be return exception of instance', async () => {\n      try {\n        await new testContainers('postgres:13', TCPostgresOptions);\n      } catch (error) {\n        expect(error.message).toBe('Use testContainers.getInstance() instead of new.');\n      }\n    });\n\n    it('should be get instance of test container', () => {\n      const instance = testContainers.getInstance();\n      expect(instance).toBeInstanceOf(testContainers);\n    });\n\n    it('should be return envs of instance', () => {\n      const instanceEnvs = container.getEnvs();\n      expect(instanceEnvs).toEqual(TCRedisOptions.envs);\n    });\n\n    it('should be return container instance', () => {\n      const instanceContainer = container.getContainer();\n      expect(instanceContainer).toBeDefined();\n      expect(instanceContainer).toBeInstanceOf(StartedGenericContainer);\n    });\n\n    it('should be return host of container instance', () => {\n      const instanceHost = container.getHost();\n      expect(instanceHost).toBeDefined();\n      expect(instanceHost).toEqual('localhost');\n    });\n\n    it('should be return name of container instance', () => {\n      const instanceContainerName = container.getName();\n      expect(instanceContainerName).toBeDefined();\n      expect(instanceContainerName).toContain(TCRedisOptions.containerName);\n    });\n\n    it('should be return mapped port', () => {\n      const mappedPort = container.getMappedPort(6379);\n      expect(mappedPort).toEqual(6370);\n    });\n  });\n\n  describe('DynamoDB', () => {\n    let container: testContainers;\n\n    beforeAll(async () => {\n      container = await new testContainers('amazon/dynamodb-local:latest', {\n        ...TCDynamoDBOptions,\n        ports: [\n          {\n            container: 8000,\n            host: 8002,\n          },\n        ],\n      });\n      await container.start();\n    });\n\n    afterAll(async () => {\n      await container.stop({ removeVolumes: true });\n    });\n\n    it('should be defined', () => {\n      expect(container).toBeDefined();\n      expect(container).toBeInstanceOf(testContainers);\n    });\n  });\n\n  describe('MongoDB', () => {\n    let container: testContainers;\n\n    beforeAll(async () => {\n      container = await new testContainers('mongo:5.0', {\n        ...TCMongoOptions,\n        ports: [\n          {\n            container: 27017,\n            host: 27012,\n          },\n        ],\n      });\n      await container.start();\n    });\n\n    afterAll(async () => {\n      await container.stop({ removeVolumes: true });\n    });\n\n    it('should be defined', () => {\n      expect(container).toBeDefined();\n      expect(container).toBeInstanceOf(testContainers);\n    });\n  });\n\n  describe('MySql', () => {\n    let container: testContainers;\n\n    beforeAll(async () => {\n      container = await new testContainers('mysql:5.7', {\n        ...TCMySqlOptions,\n        ports: [\n          {\n            container: 3306,\n            host: 52000,\n          },\n        ],\n      });\n      await container.start();\n    });\n\n    afterAll(async () => {\n      await container.stop({ removeVolumes: true });\n    });\n\n    it('should be defined', () => {\n      expect(container).toBeDefined();\n      expect(container).toBeInstanceOf(testContainers);\n    });\n  });\n\n  describe('Postgres', () => {\n    let container: testContainers;\n\n    beforeAll(async () => {\n      container = await new testContainers('postgres:13', TCPostgresOptions);\n      await container.start();\n    });\n\n    afterAll(async () => {\n      await container.stop({ removeVolumes: true });\n    });\n\n    it('should be defined', () => {\n      expect(container).toBeDefined();\n      expect(container).toBeInstanceOf(testContainers);\n    });\n  });\n\n  describe('ElasticSearch', () => {\n    let container: testContainers;\n\n    beforeAll(async () => {\n      container = await new testContainers('elasticsearch:8.3.3', {\n        ...TCElasticSearchOptions,\n        ports: [\n          {\n            container: 9200,\n            host: 9201,\n          },\n        ],\n      });\n      await container.start();\n    });\n\n    afterAll(async () => {\n      await container.stop({ removeVolumes: true });\n    });\n\n    it('should be defined', () => {\n      expect(container).toBeDefined();\n      expect(container).toBeInstanceOf(testContainers);\n    });\n  });\n});\n",
              "err": {},
              "uuid": "e537906f-b62b-43d0-9dfb-a4252f7d50e8",
              "parentUUID": "30fcf3ff-1899-43cd-8d19-af9f34568bcb",
              "isHook": false,
              "skipped": false
            },
            {
              "title": "TestContainers > Redis > should be defined",
              "fullTitle": "should be defined",
              "timedOut": false,
              "duration": 1,
              "state": "passed",
              "speed": null,
              "pass": true,
              "fail": false,
              "pending": false,
              "context": null,
              "code": "import { testContainers } from '../testcontainers';\nimport { StartedGenericContainer } from 'testcontainers/dist/src/generic-container/started-generic-container';\n\nimport {\n  TCRedisOptions,\n  TCDynamoDBOptions,\n  TCMongoOptions,\n  TCMySqlOptions,\n  TCPostgresOptions,\n  TCElasticSearchOptions,\n} from '../fixtures';\n\njest.setTimeout(70000);\ndescribe('TestContainers', () => {\n  describe('Redis', () => {\n    let container: testContainers;\n\n    beforeAll(async () => {\n      container = await new testContainers('redis:6.2-alpine', {\n        ...TCRedisOptions,\n        command: ['redis-server', '--appendonly', 'yes', '--requirepass', '123456'],\n        ports: [\n          {\n            container: 6379,\n            host: 6370,\n          },\n        ],\n      });\n      await container.start();\n    });\n\n    afterAll(async () => {\n      await container.stop({ removeVolumes: true });\n    });\n\n    it('should be defined', () => {\n      expect(container).toBeDefined();\n      expect(container).toBeInstanceOf(testContainers);\n    });\n\n    it('should be return exception of instance', async () => {\n      try {\n        await new testContainers('postgres:13', TCPostgresOptions);\n      } catch (error) {\n        expect(error.message).toBe('Use testContainers.getInstance() instead of new.');\n      }\n    });\n\n    it('should be get instance of test container', () => {\n      const instance = testContainers.getInstance();\n      expect(instance).toBeInstanceOf(testContainers);\n    });\n\n    it('should be return envs of instance', () => {\n      const instanceEnvs = container.getEnvs();\n      expect(instanceEnvs).toEqual(TCRedisOptions.envs);\n    });\n\n    it('should be return container instance', () => {\n      const instanceContainer = container.getContainer();\n      expect(instanceContainer).toBeDefined();\n      expect(instanceContainer).toBeInstanceOf(StartedGenericContainer);\n    });\n\n    it('should be return host of container instance', () => {\n      const instanceHost = container.getHost();\n      expect(instanceHost).toBeDefined();\n      expect(instanceHost).toEqual('localhost');\n    });\n\n    it('should be return name of container instance', () => {\n      const instanceContainerName = container.getName();\n      expect(instanceContainerName).toBeDefined();\n      expect(instanceContainerName).toContain(TCRedisOptions.containerName);\n    });\n\n    it('should be return mapped port', () => {\n      const mappedPort = container.getMappedPort(6379);\n      expect(mappedPort).toEqual(6370);\n    });\n  });\n\n  describe('DynamoDB', () => {\n    let container: testContainers;\n\n    beforeAll(async () => {\n      container = await new testContainers('amazon/dynamodb-local:latest', {\n        ...TCDynamoDBOptions,\n        ports: [\n          {\n            container: 8000,\n            host: 8002,\n          },\n        ],\n      });\n      await container.start();\n    });\n\n    afterAll(async () => {\n      await container.stop({ removeVolumes: true });\n    });\n\n    it('should be defined', () => {\n      expect(container).toBeDefined();\n      expect(container).toBeInstanceOf(testContainers);\n    });\n  });\n\n  describe('MongoDB', () => {\n    let container: testContainers;\n\n    beforeAll(async () => {\n      container = await new testContainers('mongo:5.0', {\n        ...TCMongoOptions,\n        ports: [\n          {\n            container: 27017,\n            host: 27012,\n          },\n        ],\n      });\n      await container.start();\n    });\n\n    afterAll(async () => {\n      await container.stop({ removeVolumes: true });\n    });\n\n    it('should be defined', () => {\n      expect(container).toBeDefined();\n      expect(container).toBeInstanceOf(testContainers);\n    });\n  });\n\n  describe('MySql', () => {\n    let container: testContainers;\n\n    beforeAll(async () => {\n      container = await new testContainers('mysql:5.7', {\n        ...TCMySqlOptions,\n        ports: [\n          {\n            container: 3306,\n            host: 52000,\n          },\n        ],\n      });\n      await container.start();\n    });\n\n    afterAll(async () => {\n      await container.stop({ removeVolumes: true });\n    });\n\n    it('should be defined', () => {\n      expect(container).toBeDefined();\n      expect(container).toBeInstanceOf(testContainers);\n    });\n  });\n\n  describe('Postgres', () => {\n    let container: testContainers;\n\n    beforeAll(async () => {\n      container = await new testContainers('postgres:13', TCPostgresOptions);\n      await container.start();\n    });\n\n    afterAll(async () => {\n      await container.stop({ removeVolumes: true });\n    });\n\n    it('should be defined', () => {\n      expect(container).toBeDefined();\n      expect(container).toBeInstanceOf(testContainers);\n    });\n  });\n\n  describe('ElasticSearch', () => {\n    let container: testContainers;\n\n    beforeAll(async () => {\n      container = await new testContainers('elasticsearch:8.3.3', {\n        ...TCElasticSearchOptions,\n        ports: [\n          {\n            container: 9200,\n            host: 9201,\n          },\n        ],\n      });\n      await container.start();\n    });\n\n    afterAll(async () => {\n      await container.stop({ removeVolumes: true });\n    });\n\n    it('should be defined', () => {\n      expect(container).toBeDefined();\n      expect(container).toBeInstanceOf(testContainers);\n    });\n  });\n});\n",
              "err": {},
              "uuid": "8b30fa1e-a671-4345-9727-12960f4f12a6",
              "parentUUID": "30fcf3ff-1899-43cd-8d19-af9f34568bcb",
              "isHook": false,
              "skipped": false
            },
            {
              "title": "TestContainers > Redis > should be defined",
              "fullTitle": "should be defined",
              "timedOut": false,
              "duration": 0,
              "state": "passed",
              "speed": null,
              "pass": true,
              "fail": false,
              "pending": false,
              "context": null,
              "code": "import { testContainers } from '../testcontainers';\nimport { StartedGenericContainer } from 'testcontainers/dist/src/generic-container/started-generic-container';\n\nimport {\n  TCRedisOptions,\n  TCDynamoDBOptions,\n  TCMongoOptions,\n  TCMySqlOptions,\n  TCPostgresOptions,\n  TCElasticSearchOptions,\n} from '../fixtures';\n\njest.setTimeout(70000);\ndescribe('TestContainers', () => {\n  describe('Redis', () => {\n    let container: testContainers;\n\n    beforeAll(async () => {\n      container = await new testContainers('redis:6.2-alpine', {\n        ...TCRedisOptions,\n        command: ['redis-server', '--appendonly', 'yes', '--requirepass', '123456'],\n        ports: [\n          {\n            container: 6379,\n            host: 6370,\n          },\n        ],\n      });\n      await container.start();\n    });\n\n    afterAll(async () => {\n      await container.stop({ removeVolumes: true });\n    });\n\n    it('should be defined', () => {\n      expect(container).toBeDefined();\n      expect(container).toBeInstanceOf(testContainers);\n    });\n\n    it('should be return exception of instance', async () => {\n      try {\n        await new testContainers('postgres:13', TCPostgresOptions);\n      } catch (error) {\n        expect(error.message).toBe('Use testContainers.getInstance() instead of new.');\n      }\n    });\n\n    it('should be get instance of test container', () => {\n      const instance = testContainers.getInstance();\n      expect(instance).toBeInstanceOf(testContainers);\n    });\n\n    it('should be return envs of instance', () => {\n      const instanceEnvs = container.getEnvs();\n      expect(instanceEnvs).toEqual(TCRedisOptions.envs);\n    });\n\n    it('should be return container instance', () => {\n      const instanceContainer = container.getContainer();\n      expect(instanceContainer).toBeDefined();\n      expect(instanceContainer).toBeInstanceOf(StartedGenericContainer);\n    });\n\n    it('should be return host of container instance', () => {\n      const instanceHost = container.getHost();\n      expect(instanceHost).toBeDefined();\n      expect(instanceHost).toEqual('localhost');\n    });\n\n    it('should be return name of container instance', () => {\n      const instanceContainerName = container.getName();\n      expect(instanceContainerName).toBeDefined();\n      expect(instanceContainerName).toContain(TCRedisOptions.containerName);\n    });\n\n    it('should be return mapped port', () => {\n      const mappedPort = container.getMappedPort(6379);\n      expect(mappedPort).toEqual(6370);\n    });\n  });\n\n  describe('DynamoDB', () => {\n    let container: testContainers;\n\n    beforeAll(async () => {\n      container = await new testContainers('amazon/dynamodb-local:latest', {\n        ...TCDynamoDBOptions,\n        ports: [\n          {\n            container: 8000,\n            host: 8002,\n          },\n        ],\n      });\n      await container.start();\n    });\n\n    afterAll(async () => {\n      await container.stop({ removeVolumes: true });\n    });\n\n    it('should be defined', () => {\n      expect(container).toBeDefined();\n      expect(container).toBeInstanceOf(testContainers);\n    });\n  });\n\n  describe('MongoDB', () => {\n    let container: testContainers;\n\n    beforeAll(async () => {\n      container = await new testContainers('mongo:5.0', {\n        ...TCMongoOptions,\n        ports: [\n          {\n            container: 27017,\n            host: 27012,\n          },\n        ],\n      });\n      await container.start();\n    });\n\n    afterAll(async () => {\n      await container.stop({ removeVolumes: true });\n    });\n\n    it('should be defined', () => {\n      expect(container).toBeDefined();\n      expect(container).toBeInstanceOf(testContainers);\n    });\n  });\n\n  describe('MySql', () => {\n    let container: testContainers;\n\n    beforeAll(async () => {\n      container = await new testContainers('mysql:5.7', {\n        ...TCMySqlOptions,\n        ports: [\n          {\n            container: 3306,\n            host: 52000,\n          },\n        ],\n      });\n      await container.start();\n    });\n\n    afterAll(async () => {\n      await container.stop({ removeVolumes: true });\n    });\n\n    it('should be defined', () => {\n      expect(container).toBeDefined();\n      expect(container).toBeInstanceOf(testContainers);\n    });\n  });\n\n  describe('Postgres', () => {\n    let container: testContainers;\n\n    beforeAll(async () => {\n      container = await new testContainers('postgres:13', TCPostgresOptions);\n      await container.start();\n    });\n\n    afterAll(async () => {\n      await container.stop({ removeVolumes: true });\n    });\n\n    it('should be defined', () => {\n      expect(container).toBeDefined();\n      expect(container).toBeInstanceOf(testContainers);\n    });\n  });\n\n  describe('ElasticSearch', () => {\n    let container: testContainers;\n\n    beforeAll(async () => {\n      container = await new testContainers('elasticsearch:8.3.3', {\n        ...TCElasticSearchOptions,\n        ports: [\n          {\n            container: 9200,\n            host: 9201,\n          },\n        ],\n      });\n      await container.start();\n    });\n\n    afterAll(async () => {\n      await container.stop({ removeVolumes: true });\n    });\n\n    it('should be defined', () => {\n      expect(container).toBeDefined();\n      expect(container).toBeInstanceOf(testContainers);\n    });\n  });\n});\n",
              "err": {},
              "uuid": "3c20dc40-df01-4582-9c19-08f04ba036bb",
              "parentUUID": "30fcf3ff-1899-43cd-8d19-af9f34568bcb",
              "isHook": false,
              "skipped": false
            },
            {
              "title": "TestContainers > Redis > should be defined",
              "fullTitle": "should be defined",
              "timedOut": false,
              "duration": 1,
              "state": "passed",
              "speed": null,
              "pass": true,
              "fail": false,
              "pending": false,
              "context": null,
              "code": "import { testContainers } from '../testcontainers';\nimport { StartedGenericContainer } from 'testcontainers/dist/src/generic-container/started-generic-container';\n\nimport {\n  TCRedisOptions,\n  TCDynamoDBOptions,\n  TCMongoOptions,\n  TCMySqlOptions,\n  TCPostgresOptions,\n  TCElasticSearchOptions,\n} from '../fixtures';\n\njest.setTimeout(70000);\ndescribe('TestContainers', () => {\n  describe('Redis', () => {\n    let container: testContainers;\n\n    beforeAll(async () => {\n      container = await new testContainers('redis:6.2-alpine', {\n        ...TCRedisOptions,\n        command: ['redis-server', '--appendonly', 'yes', '--requirepass', '123456'],\n        ports: [\n          {\n            container: 6379,\n            host: 6370,\n          },\n        ],\n      });\n      await container.start();\n    });\n\n    afterAll(async () => {\n      await container.stop({ removeVolumes: true });\n    });\n\n    it('should be defined', () => {\n      expect(container).toBeDefined();\n      expect(container).toBeInstanceOf(testContainers);\n    });\n\n    it('should be return exception of instance', async () => {\n      try {\n        await new testContainers('postgres:13', TCPostgresOptions);\n      } catch (error) {\n        expect(error.message).toBe('Use testContainers.getInstance() instead of new.');\n      }\n    });\n\n    it('should be get instance of test container', () => {\n      const instance = testContainers.getInstance();\n      expect(instance).toBeInstanceOf(testContainers);\n    });\n\n    it('should be return envs of instance', () => {\n      const instanceEnvs = container.getEnvs();\n      expect(instanceEnvs).toEqual(TCRedisOptions.envs);\n    });\n\n    it('should be return container instance', () => {\n      const instanceContainer = container.getContainer();\n      expect(instanceContainer).toBeDefined();\n      expect(instanceContainer).toBeInstanceOf(StartedGenericContainer);\n    });\n\n    it('should be return host of container instance', () => {\n      const instanceHost = container.getHost();\n      expect(instanceHost).toBeDefined();\n      expect(instanceHost).toEqual('localhost');\n    });\n\n    it('should be return name of container instance', () => {\n      const instanceContainerName = container.getName();\n      expect(instanceContainerName).toBeDefined();\n      expect(instanceContainerName).toContain(TCRedisOptions.containerName);\n    });\n\n    it('should be return mapped port', () => {\n      const mappedPort = container.getMappedPort(6379);\n      expect(mappedPort).toEqual(6370);\n    });\n  });\n\n  describe('DynamoDB', () => {\n    let container: testContainers;\n\n    beforeAll(async () => {\n      container = await new testContainers('amazon/dynamodb-local:latest', {\n        ...TCDynamoDBOptions,\n        ports: [\n          {\n            container: 8000,\n            host: 8002,\n          },\n        ],\n      });\n      await container.start();\n    });\n\n    afterAll(async () => {\n      await container.stop({ removeVolumes: true });\n    });\n\n    it('should be defined', () => {\n      expect(container).toBeDefined();\n      expect(container).toBeInstanceOf(testContainers);\n    });\n  });\n\n  describe('MongoDB', () => {\n    let container: testContainers;\n\n    beforeAll(async () => {\n      container = await new testContainers('mongo:5.0', {\n        ...TCMongoOptions,\n        ports: [\n          {\n            container: 27017,\n            host: 27012,\n          },\n        ],\n      });\n      await container.start();\n    });\n\n    afterAll(async () => {\n      await container.stop({ removeVolumes: true });\n    });\n\n    it('should be defined', () => {\n      expect(container).toBeDefined();\n      expect(container).toBeInstanceOf(testContainers);\n    });\n  });\n\n  describe('MySql', () => {\n    let container: testContainers;\n\n    beforeAll(async () => {\n      container = await new testC
[...]
              "err": {},
              "uuid": "834ab052-bac7-48f6-b522-b259db56d31a",
              "parentUUID": "30fcf3ff-1899-43cd-8d19-af9f34568bcb",
              "isHook": false,
              "skipped": false
            },
            {
              "title": "Fixtures > appConfigBase > should be define MongoDB options",
              "fullTitle": "should be define MongoDB options",
              "timedOut": false,
              "duration": 1,
              "state": "passed",
              "speed": null,
              "pass": true,
              "fail": false,
              "pending": false,
              "context": null,
              "code": "import {\n  appConfigBase,\n  manifest,\n  TCRedisOptions,\n  TCMongoOptions,\n  TCMySqlOptions,\n  TCPostgresOptions,\n  TCElasticSearchOptions,\n  TCDynamoDBOptions,\n} from '../fixtures';\n\nconst containerName_prefix = 'tresdoce-test-container';\ndescribe('Fixtures', () => {\n  describe('appConfigBase', () => {\n    it('should be return appBaseConfig', async () => {\n      expect(appConfigBase).toBeDefined();\n      expect(appConfigBase).not.toBe(null);\n      expect(typeof appConfigBase).toBe('object');\n    });\n  });\n\n  describe('manifest', () => {\n    it('should be return appBaseConfig', async () => {\n      expect(manifest).toBeDefined();\n      expect(manifest).not.toBe(null);\n      expect(typeof manifest).toBe('object');\n    });\n  });\n\n  describe('TestContainers options', () => {\n    it('should be define Redis options', async () => {\n      expect(TCRedisOptions).toBeDefined();\n      expect(TCRedisOptions).not.toBe(null);\n      expect(typeof TCRedisOptions).toBe('object');\n      expect(TCRedisOptions.containerName).toEqual(`${containerName_prefix}-redis`);\n      expect(TCRedisOptions.ports).toEqual([\n        {\n          container: 6379,\n          host: 6379,\n        },\n      ]);\n    });\n\n    it('should be define DynamoDB options', async () => {\n      expect(TCDynamoDBOptions).toBeDefined();\n      expect(TCDynamoDBOptions).not.toBe(null);\n      expect(typeof TCDynamoDBOptions).toBe('object');\n      expect(TCDynamoDBOptions.containerName).toEqual(`${containerName_prefix}-dynamodb`);\n      expect(TCDynamoDBOptions.ports).toEqual([\n        {\n          container: 8000,\n          host: 8000,\n        },\n      ]);\n    });\n\n    it('should be define MongoDB options', async () => {\n      expect(TCMongoOptions).toBeDefined();\n      expect(TCMongoOptions).not.toBe(null);\n      expect(typeof TCMongoOptions).toBe('object');\n      expect(TCMongoOptions.containerName).toEqual(`${containerName_prefix}-mongo`);\n      expect(TCMongoOptions.ports).toEqual([\n        {\n          container: 27017,\n          host: 27017,\n        },\n      ]);\n    });\n\n    it('should be define MySql options', async () => {\n      expect(TCMySqlOptions).toBeDefined();\n      expect(TCMySqlOptions).not.toBe(null);\n      expect(typeof TCMySqlOptions).toBe('object');\n      expect(TCMySqlOptions.containerName).toEqual(`${containerName_prefix}-mysql`);\n      expect(TCMySqlOptions.ports).toEqual([\n        {\n          container: 3306,\n          host: 3306,\n        },\n      ]);\n    });\n\n    it('should be define Postgres options', async () => {\n      expect(TCPostgresOptions).toBeDefined();\n      expect(TCPostgresOptions).not.toBe(null);\n      expect(typeof TCPostgresOptions).toBe('object');\n      expect(TCPostgresOptions.containerName).toEqual(`${containerName_prefix}-postgres`);\n      expect(TCPostgresOptions.ports).toEqual([\n        {\n          container: 5432,\n          host: 5432,\n        },\n      ]);\n    });\n\n    it('should be define ElasticSearch options', async () => {\n      expect(TCElasticSearchOptions).toBeDefined();\n      expect(TCElasticSearchOptions).not.toBe(null);\n      expect(typeof TCElasticSearchOptions).toBe('object');\n      expect(TCElasticSearchOptions.containerName).toEqual(`${containerName_prefix}-elasticsearch`);\n      expect(TCElasticSearchOptions.ports).toEqual([\n        {\n          container: 9200,\n          host: 9200,\n        },\n      ]);\n    });\n  });\n});\n",
              "err": {},
              "uuid": "3269e169-0132-45d8-9001-edec612bb178",
              "parentUUID": "30fcf3ff-1899-43cd-8d19-af9f34568bcb",
              "isHook": false,
              "skipped": false
            },
            {
              "title": "Fixtures > appConfigBase > should be define MySql options",
              "fullTitle": "should be define MySql options",
              "timedOut": false,
              "duration": 1,
              "state": "passed",
              "speed": null,
              "pass": true,
              "fail": false,
              "pending": false,
              "context": null,
              "code": "import {\n  appConfigBase,\n  manifest,\n  TCRedisOptions,\n  TCMongoOptions,\n  TCMySqlOptions,\n  TCPostgresOptions,\n  TCElasticSearchOptions,\n  TCDynamoDBOptions,\n} from '../fixtures';\n\nconst containerName_prefix = 'tresdoce-test-container';\ndescribe('Fixtures', () => {\n  describe('appConfigBase', () => {\n    it('should be return appBaseConfig', async () => {\n      expect(appConfigBase).toBeDefined();\n      expect(appConfigBase).not.toBe(null);\n      expect(typeof appConfigBase).toBe('object');\n    });\n  });\n\n  describe('manifest', () => {\n    it('should be return appBaseConfig', async () => {\n      expect(manifest).toBeDefined();\n      expect(manifest).not.toBe(null);\n      expect(typeof manifest).toBe('object');\n    });\n  });\n\n  describe('TestContainers options', () => {\n    it('should be define Redis options', async () => {\n      expect(TCRedisOptions).toBeDefined();\n      expect(TCRedisOptions).not.toBe(null);\n      expect(typeof TCRedisOptions).toBe('object');\n      expect(TCRedisOptions.containerName).toEqual(`${containerName_prefix}-redis`);\n      expect(TCRedisOptions.ports).toEqual([\n        {\n          container: 6379,\n          host: 6379,\n        },\n      ]);\n    });\n\n    it('should be define DynamoDB options', async () => {\n      expect(TCDynamoDBOptions).toBeDefined();\n      expect(TCDynamoDBOptions).not.toBe(null);\n      expect(typeof TCDynamoDBOptions).toBe('object');\n      expect(TCDynamoDBOptions.containerName).toEqual(`${containerName_prefix}-dynamodb`);\n      expect(TCDynamoDBOptions.ports).toEqual([\n        {\n          container: 8000,\n          host: 8000,\n        },\n      ]);\n    });\n\n    it('should be define MongoDB options', async () => {\n      expect(TCMongoOptions).toBeDefined();\n      expect(TCMongoOptions).not.toBe(null);\n      expect(typeof TCMongoOptions).toBe('object');\n      expect(TCMongoOptions.containerName).toEqual(`${containerName_prefix}-mongo`);\n      expect(TCMongoOptions.ports).toEqual([\n        {\n          container: 27017,\n          host: 27017,\n        },\n      ]);\n    });\n\n    it('should be define MySql options', async () => {\n      expect(TCMySqlOptions).toBeDefined();\n      expect(TCMySqlOptions).not.toBe(null);\n      expect(typeof TCMySqlOptions).toBe('object');\n      expect(TCMySqlOptions.containerName).toEqual(`${containerName_prefix}-mysql`);\n      expect(TCMySqlOptions.ports).toEqual([\n        {\n          container: 3306,\n          host: 3306,\n        },\n      ]);\n    });\n\n    it('should be define Postgres options', async () => {\n      expect(TCPostgresOptions).toBeDefined();\n      expect(TCPostgresOptions).not.toBe(null);\n      expect(typeof TCPostgresOptions).toBe('object');\n      expect(TCPostgresOptions.containerName).toEqual(`${containerName_prefix}-postgres`);\n      expect(TCPostgresOptions.ports).toEqual([\n        {\n          container: 5432,\n          host: 5432,\n        },\n      ]);\n    });\n\n    it('should be define ElasticSearch options', async () => {\n      expect(TCElasticSearchOptions).toBeDefined();\n      expect(TCElasticSearchOptions).not.toBe(null);\n      expect(typeof TCElasticSearchOptions).toBe('object');\n      expect(TCElasticSearchOptions.containerName).toEqual(`${containerName_prefix}-elasticsearch`);\n      expect(TCElasticSearchOptions.ports).toEqual([\n        {\n          container: 9200,\n          host: 9200,\n        },\n      ]);\n    });\n  });\n});\n",
              "err": {},
              "uuid": "156055ba-9db0-4a09-a4fa-71380ffb6d78",
              "parentUUID": "30fcf3ff-1899-43cd-8d19-af9f34568bcb",
              "isHook": false,
              "skipped": false
            },
            {
              "title": "Fixtures > appConfigBase > should be define Postgres options",
              "fullTitle": "should be define Postgres options",
              "timedOut": false,
              "duration": 1,
              "state": "passed",
              "speed": null,
              "pass": true,
              "fail": false,
              "pending": false,
              "context": null,
              "code": "import {\n  appConfigBase,\n  manifest,\n  TCRedisOptions,\n  TCMongoOptions,\n  TCMySqlOptions,\n  TCPostgresOptions,\n  TCElasticSearchOptions,\n  TCDynamoDBOptions,\n} from '../fixtures';\n\nconst containerName_prefix = 'tresdoce-test-container';\ndescribe('Fixtures', () => {\n  describe('appConfigBase', () => {\n    it('should be return appBaseConfig', async () => {\n      expect(appConfigBase).toBeDefined();\n      expect(appConfigBase).not.toBe(null);\n      expect(typeof appConfigBase).toBe('object');\n    });\n  });\n\n  describe('manifest', () => {\n    it('should be return appBaseConfig', async () => {\n      expect(manifest).toBeDefined();\n      expect(manifest).not.toBe(null);\n      expect(typeof manifest).toBe('object');\n    });\n  });\n\n  describe('TestContainers options', () => {\n    it('should be define Redis options', async () => {\n      expect(TCRedisOptions).toBeDefined();\n      expect(TCRedisOptions).not.toBe(null);\n      expect(typeof TCRedisOptions).toBe('object');\n      expect(TCRedisOptions.containerName).toEqual(`${containerName_prefix}-redis`);\n      expect(TCRedisOptions.ports).toEqual([\n        {\n          container: 6379,\n          host: 6379,\n        },\n      ]);\n    });\n\n    it('should be define DynamoDB options', async () => {\n      expect(TCDynamoDBOptions).toBeDefined();\n      expect(TCDynamoDBOptions).not.toBe(null);\n      expect(typeof TCDynamoDBOptions).toBe('object');\n      expect(TCDynamoDBOptions.containerName).toEqual(`${containerName_prefix}-dynamodb`);\n      expect(TCDynamoDBOptions.ports).toEqual([\n        {\n          container: 8000,\n          host: 8000,\n        },\n      ]);\n    });\n\n    it('should be define MongoDB options', async () => {\n      expect(TCMongoOptions).toBeDefined();\n      expect(TCMongoOptions).not.toBe(null);\n      expect(typeof TCMongoOptions).toBe('object');\n      expect(TCMongoOptions.containerName).toEqual(`${containerName_prefix}-mongo`);\n      expect(TCMongoOptions.ports).toEqual([\n        {\n          container: 27017,\n          host: 27017,\n        },\n      ]);\n    });\n\n    it('should be define MySql options', async () => {\n      expect(TCMySqlOptions).toBeDefined();\n      expect(TCMySqlOptions).not.toBe(null);\n      expect(typeof TCMySqlOptions).toBe('object');\n      expect(TCMySqlOptions.containerName).toEqual(`${containerName_prefix}-mysql`);\n      expect(TCMySqlOptions.ports).toEqual([\n        {\n          container: 3306,\n          host: 3306,\n        },\n      ]);\n    });\n\n    it('should be define Postgres options', async () => {\n      expect(TCPostgresOptions).toBeDefined();\n      expect(TCPostgresOptions).not.toBe(null);\n      expect(typeof TCPostgresOptions).toBe('object');\n      expect(TCPostgresOptions.containerName).toEqual(`${containerName_prefix}-postgres`);\n      expect(TCPostgresOptions.ports).toEqual([\n        {\n          container: 5432,\n          host: 5432,\n        },\n      ]);\n    });\n\n    it('should be define ElasticSearch options', async () => {\n      expect(TCElasticSearchOptions).toBeDefined();\n      expect(TCElasticSearchOptions).not.toBe(null);\n      expect(typeof TCElasticSearchOptions).toBe('object');\n      expect(TCElasticSearchOptions.containerName).toEqual(`${containerName_prefix}-elasticsearch`);\n      expect(TCElasticSearchOptions.ports).toEqual([\n        {\n          container: 9200,\n          host: 9200,\n        },\n      ]);\n    });\n  });\n});\n",
              "err": {},
              "uuid": "a98c60ce-377b-42cf-ad12-66cf9fa743ce",
              "parentUUID": "30fcf3ff-1899-43cd-8d19-af9f34568bcb",
              "isHook": false,
              "skipped": false
            },
            {
              "title": "Fixtures > appConfigBase > should be define ElasticSearch options",
              "fullTitle": "should be define ElasticSearch options",
              "timedOut": false,
              "duration": 1,
              "state": "passed",
              "speed": null,
              "pass": true,
              "fail": false,
              "pending": false,
              "context": null,
              "code": "import {\n  appConfigBase,\n  manifest,\n  TCRedisOptions,\n  TCMongoOptions,\n  TCMySqlOptions,\n  TCPostgresOptions,\n  TCElasticSearchOptions,\n  TCDynamoDBOptions,\n} from '../fixtures';\n\nconst containerName_prefix = 'tresdoce-test-container';\ndescribe('Fixtures', () => {\n  describe('appConfigBase', () => {\n    it('should be return appBaseConfig', async () => {\n      expect(appConfigBase).toBeDefined();\n      expect(appConfigBase).not.toBe(null);\n      expect(typeof appConfigBase).toBe('object');\n    });\n  });\n\n  describe('manifest', () => {\n    it('should be return appBaseConfig', async () => {\n      expect(manifest).toBeDefined();\n      expect(manifest).not.toBe(null);\n      expect(typeof manifest).toBe('object');\n    });\n  });\n\n  describe('TestContainers options', () => {\n    it('should be define Redis options', async () => {\n      expect(TCRedisOptions).toBeDefined();\n      expect(TCRedisOptions).not.toBe(null);\n      expect(typeof TCRedisOptions).toBe('object');\n      expect(TCRedisOptions.containerName).toEqual(`${containerName_prefix}-redis`);\n      expect(TCRedisOptions.ports).toEqual([\n        {\n          container: 6379,\n          host: 6379,\n        },\n      ]);\n    });\n\n    it('should be define DynamoDB options', async () => {\n      expect(TCDynamoDBOptions).toBeDefined();\n      expect(TCDynamoDBOptions).not.toBe(null);\n      expect(typeof TCDynamoDBOptions).toBe('object');\n      expect(TCDynamoDBOptions.containerName).toEqual(`${containerName_prefix}-dynamodb`);\n      expect(TCDynamoDBOptions.ports).toEqual([\n        {\n          container: 8000,\n          host: 8000,\n        },\n      ]);\n    });\n\n    it('should be define MongoDB options', async () => {\n      expect(TCMongoOptions).toBeDefined();\n      expect(TCMongoOptions).not.toBe(null);\n      expect(typeof TCMongoOptions).toBe('object');\n      expect(TCMongoOptions.containerName).toEqual(`${containerName_prefix}-mongo`);\n      expect(TCMongoOptions.ports).toEqual([\n        {\n          container: 27017,\n          host: 27017,\n        },\n      ]);\n    });\n\n    it('should be define MySql options', async () => {\n      expect(TCMySqlOptions).toBeDefined();\n      expect(TCMySqlOptions).not.toBe(null);\n      expect(typeof TCMySqlOptions).toBe('object');\n      expect(TCMySqlOptions.containerName).toEqual(`${containerName_prefix}-mysql`);\n      expect(TCMySqlOptions.ports).toEqual([\n        {\n          container: 3306,\n          host: 3306,\n        },\n      ]);\n    });\n\n    it('should be define Postgres options', async () => {\n      expect(TCPostgresOptions).toBeDefined();\n      expect(TCPostgresOptions).not.toBe(null);\n      expect(typeof TCPostgresOptions).toBe('object');\n      expect(TCPostgresOptions.containerName).toEqual(`${containerName_prefix}-postgres`);\n      expect(TCPostgresOptions.ports).toEqual([\n        {\n          container: 5432,\n          host: 5432,\n        },\n      ]);\n    });\n\n    it('should be define ElasticSearch options', async () => {\n      expect(TCElasticSearchOptions).toBeDefined();\n      expect(TCElasticSearchOptions).not.toBe(null);\n      expect(typeof TCElasticSearchOptions).toBe('object');\n      expect(TCElasticSearchOptions.containerName).toEqual(`${containerName_prefix}-elasticsearch`);\n      expect(TCElasticSearchOptions.ports).toEqual([\n        {\n          container: 9200,\n          host: 9200,\n        },\n      ]);\n    });\n  });\n});\n",
              "err": {},
              "uuid": "59609fb2-5701-401a-bd4f-5ef6431fc5e5",
              "parentUUID": "30fcf3ff-1899-43cd-8d19-af9f34568bcb",
              "isHook": false,
              "skipped": false
            }
          ],
          "suites": [],
          "passes": [
            "1aff7bb4-7e6a-4754-8d20-cbf0e627152c",
            "453efe06-84a5-45d4-833a-05c5e3ee7222",
            "027592f7-2a99-4a7e-a919-d4c2b682fde9",
            "2b1a27e0-fa83-4f10-ae99-63db784e6baa",
            "61952b39-0331-4aea-b75e-ae7895363ebf",
            "b38dfaba-9d44-4ca1-86e2-60b3d1f221f8",
            "6aca2bb2-942d-4bbc-8d31-30d86cbf1bf8",
            "a7997ae8-0c22-4c17-9762-f29a5a0197df",
            "cfb5326f-01d0-4d18-a7bc-dcef3886aabe",
            "5e222239-0c93-4083-a7a8-8d756baca414",
            "645ecd59-689c-42f0-9707-cde94fc204ff",
            "e537906f-b62b-43d0-9dfb-a4252f7d50e8",
            "8b30fa1e-a671-4345-9727-12960f4f12a6",
            "3c20dc40-df01-4582-9c19-08f04ba036bb",
            "20b16266-995e-4ef8-b803-e42fcf135a73",
            "e480bd5c-9306-403e-9f6e-4800948d6915",
            "52043523-5d09-4040-a42e-13d5d8ba3c27",
            "6ee7e00e-a9b6-48fb-a3eb-821fb1afb916",
            "4b922647-bbba-417b-a65f-2ff964e2bbff",
            "ca69b178-e11a-493b-b9d5-57a8ba081b6e",
            "7a935b06-dab6-4856-959b-09955e8fe8bc",
            "a3a02b55-306d-490f-886c-bdeba213cc81",
            "74e102a2-69c3-4ef5-95a8-659d5475ec34",
            "6faf68d5-6716-40cf-9db9-20793fed6ec4",
            "280ebf64-298b-494f-915a-1573c49b3b99",
            "834ab052-bac7-48f6-b522-b259db56d31a",
            "3269e169-0132-45d8-9001-edec612bb178",
            "156055ba-9db0-4a09-a4fa-71380ffb6d78",
            "a98c60ce-377b-42cf-ad12-66cf9fa743ce",
            "59609fb2-5701-401a-bd4f-5ef6431fc5e5"
          ],
          "failures": [],
          "pending": [],
          "skipped": [],
          "duration": 48672,
          "root": false,
          "rootEmpty": false,
          "_timeout": 5000
        }
      ],
      "passes": [],
      "failures": [],
      "pending": [],
      "skipped": [],
      "duration": 0,
      "root": true,
      "rootEmpty": true,
      "_timeout": 5000
    }
  ]
}
