{
  "stats": {
    "suites": 5,
    "tests": 30,
    "passes": 30,
    "pending": 0,
    "failures": 0,
    "testsRegistered": 30,
    "passPercent": 100,
    "pendingPercent": 0,
    "other": 0,
    "hasOther": false,
    "skipped": 0,
    "hasSkipped": false,
    "start": "2023-05-02T02:21:15.119Z",
    "end": "2023-05-02T02:22:03.323Z",
    "duration": 48204
  },
  "results": [
    {
      "uuid": "1ccc0e6d-ce99-4365-9476-f099318784b3",
      "title": "@tresdoce-nestjs-toolkit/test-utils",
      "fullFile": "",
      "file": "",
      "beforeHooks": [],
      "afterHooks": [],
      "tests": [],
      "suites": [
        {
          "uuid": "a03e9996-5fe3-4435-b84d-a12819cb0712",
          "title": "@tresdoce-nestjs-toolkit/test-utils",
          "fullFile": "",
          "file": "",
          "beforeHooks": [],
          "afterHooks": [],
          "tests": [
            {
              "title": "globalTestContainers > should be initialize service from docker-compose.yml",
              "fullTitle": "should be initialize service from docker-compose.yml",
              "timedOut": false,
              "duration": 12456,
              "state": "passed",
              "speed": null,
              "pass": true,
              "fail": false,
              "pending": false,
              "context": null,
              "code": "import { StartedDockerComposeEnvironment } from 'testcontainers';\nimport { closeDockerCompose, initDockerCompose } from '../testcontainers';\nimport path from 'path';\n\ndescribe('globalTestContainers', () => {\n  const composeFilePath = path.resolve(__dirname, '..', 'fixtures', 'docker-compose');\n  const composeFile = 'docker-compose.yml';\n\n  it('should be initialize service from docker-compose.yml', async () => {\n    const services = ['mongo'];\n    const environment: StartedDockerComposeEnvironment = await initDockerCompose(\n      services,\n      composeFilePath,\n      composeFile,\n    )();\n    expect(environment).toBeDefined();\n    expect(environment).toBeInstanceOf(StartedDockerComposeEnvironment);\n    await closeDockerCompose({ removeVolumes: true })();\n  });\n\n  it('should be initialize all services from docker-compose.yml', async () => {\n    const services = [];\n    const environment: StartedDockerComposeEnvironment = await initDockerCompose(\n      services,\n      composeFilePath,\n      composeFile,\n    )();\n    expect(environment).toBeDefined();\n    expect(environment).toBeInstanceOf(StartedDockerComposeEnvironment);\n    await closeDockerCompose({ removeVolumes: true })();\n  });\n\n  it('should be initialize services from docker-compose.yml in default path and filename', async () => {\n    const services = [];\n    const environment: StartedDockerComposeEnvironment = await initDockerCompose(services)();\n    expect(environment).toBeDefined();\n    expect(environment).toBeInstanceOf(StartedDockerComposeEnvironment);\n    await closeDockerCompose({ removeVolumes: true })();\n  });\n});\n",
              "err": {},
              "uuid": "2af5c65d-9cf3-4ce1-aa1c-cbdaadbe81ce",
              "parentUUID": "a03e9996-5fe3-4435-b84d-a12819cb0712",
              "isHook": false,
              "skipped": false
            },
            {
              "title": "globalTestContainers > should be initialize all services from docker-compose.yml",
              "fullTitle": "should be initialize all services from docker-compose.yml",
              "timedOut": false,
              "duration": 13702,
              "state": "passed",
              "speed": null,
              "pass": true,
              "fail": false,
              "pending": false,
              "context": null,
              "code": "import { StartedDockerComposeEnvironment } from 'testcontainers';\nimport { closeDockerCompose, initDockerCompose } from '../testcontainers';\nimport path from 'path';\n\ndescribe('globalTestContainers', () => {\n  const composeFilePath = path.resolve(__dirname, '..', 'fixtures', 'docker-compose');\n  const composeFile = 'docker-compose.yml';\n\n  it('should be initialize service from docker-compose.yml', async () => {\n    const services = ['mongo'];\n    const environment: StartedDockerComposeEnvironment = await initDockerCompose(\n      services,\n      composeFilePath,\n      composeFile,\n    )();\n    expect(environment).toBeDefined();\n    expect(environment).toBeInstanceOf(StartedDockerComposeEnvironment);\n    await closeDockerCompose({ removeVolumes: true })();\n  });\n\n  it('should be initialize all services from docker-compose.yml', async () => {\n    const services = [];\n    const environment: StartedDockerComposeEnvironment = await initDockerCompose(\n      services,\n      composeFilePath,\n      composeFile,\n    )();\n    expect(environment).toBeDefined();\n    expect(environment).toBeInstanceOf(StartedDockerComposeEnvironment);\n    await closeDockerCompose({ removeVolumes: true })();\n  });\n\n  it('should be initialize services from docker-compose.yml in default path and filename', async () => {\n    const services = [];\n    const environment: StartedDockerComposeEnvironment = await initDockerCompose(services)();\n    expect(environment).toBeDefined();\n    expect(environment).toBeInstanceOf(StartedDockerComposeEnvironment);\n    await closeDockerCompose({ removeVolumes: true })();\n  });\n});\n",
              "err": {},
              "uuid": "4eb4fd3c-f9ba-47da-9d85-7b164b5eb40d",
              "parentUUID": "a03e9996-5fe3-4435-b84d-a12819cb0712",
              "isHook": false,
              "skipped": false
            },
            {
              "title": "globalTestContainers > should be initialize services from docker-compose.yml in default path and filename",
              "fullTitle": "should be initialize services from docker-compose.yml in default path and filename",
              "timedOut": false,
              "duration": 11952,
              "state": "passed",
              "speed": null,
              "pass": true,
              "fail": false,
              "pending": false,
              "context": null,
              "code": "import { StartedDockerComposeEnvironment } from 'testcontainers';\nimport { closeDockerCompose, initDockerCompose } from '../testcontainers';\nimport path from 'path';\n\ndescribe('globalTestContainers', () => {\n  const composeFilePath = path.resolve(__dirname, '..', 'fixtures', 'docker-compose');\n  const composeFile = 'docker-compose.yml';\n\n  it('should be initialize service from docker-compose.yml', async () => {\n    const services = ['mongo'];\n    const environment: StartedDockerComposeEnvironment = await initDockerCompose(\n      services,\n      composeFilePath,\n      composeFile,\n    )();\n    expect(environment).toBeDefined();\n    expect(environment).toBeInstanceOf(StartedDockerComposeEnvironment);\n    await closeDockerCompose({ removeVolumes: true })();\n  });\n\n  it('should be initialize all services from docker-compose.yml', async () => {\n    const services = [];\n    const environment: StartedDockerComposeEnvironment = await initDockerCompose(\n      services,\n      composeFilePath,\n      composeFile,\n    )();\n    expect(environment).toBeDefined();\n    expect(environment).toBeInstanceOf(StartedDockerComposeEnvironment);\n    await closeDockerCompose({ removeVolumes: true })();\n  });\n\n  it('should be initialize services from docker-compose.yml in default path and filename', async () => {\n    const services = [];\n    const environment: StartedDockerComposeEnvironment = await initDockerCompose(services)();\n    expect(environment).toBeDefined();\n    expect(environment).toBeInstanceOf(StartedDockerComposeEnvironment);\n    await closeDockerCompose({ removeVolumes: true })();\n  });\n});\n",
              "err": {},
              "uuid": "9958e59e-25c8-47eb-8199-e17b2a04facb",
              "parentUUID": "a03e9996-5fe3-4435-b84d-a12819cb0712",
              "isHook": false,
              "skipped": false
            },
            {
              "title": "TestContainers > Redis > should be defined",
              "fullTitle": "should be defined",
              "timedOut": false,
              "duration": 2,
              "state": "passed",
              "speed": null,
              "pass": true,
              "fail": false,
              "pending": false,
              "context": null,
              "code": "import { testContainers } from '../testcontainers';\nimport { StartedGenericContainer } from 'testcontainers/dist/src/generic-container/started-generic-container';\n\nimport {\n  TCRedisOptions,\n  TCDynamoDBOptions,\n  TCMongoOptions,\n  TCMySqlOptions,\n  TCPostgresOptions,\n  TCElasticSearchOptions,\n} from '../fixtures';\n\njest.setTimeout(70000);\ndescribe('TestContainers', () => {\n  describe('Redis', () => {\n    let container: testContainers;\n\n    beforeAll(async () => {\n      container = await new testContainers('redis:6.2-alpine', {\n        ...TCRedisOptions,\n        command: ['redis-server', '--appendonly', 'yes', '--requirepass', '123456'],\n        ports: [\n          {\n            container: 6379,\n            host: 6370,\n          },\n        ],\n      });\n      await container.start();\n    });\n\n    afterAll(async () => {\n      await container.stop({ removeVolumes: true });\n    });\n\n    it('should be defined', () => {\n      expect(container).toBeDefined();\n      expect(container).toBeInstanceOf(testContainers);\n    });\n\n    it('should be return exception of instance', async () => {\n      try {\n        await new testContainers('postgres:13', TCPostgresOptions);\n      } catch (error) {\n        expect(error.message).toBe('Use testContainers.getInstance() instead of new.');\n      }\n    });\n\n    it('should be get instance of test container', () => {\n      const instance = testContainers.getInstance();\n      expect(instance).toBeInstanceOf(testContainers);\n    });\n\n    it('should be return envs of instance', () => {\n      const instanceEnvs = container.getEnvs();\n      expect(instanceEnvs).toEqual(TCRedisOptions.envs);\n    });\n\n    it('should be return container instance', () => {\n      const instanceContainer = container.getContainer();\n      expect(instanceContainer).toBeDefined();\n      expect(instanceContainer).toBeInstanceOf(StartedGenericContainer);\n    });\n\n    it('should be return host of container instance', () => {\n      const instanceHost = container.getHost();\n      expect(instanceHost).toBeDefined();\n      expect(instanceHost).toEqual('localhost');\n    });\n\n    it('should be return name of container instance', () => {\n      const instanceContainerName = container.getName();\n      expect(instanceContainerName).toBeDefined();\n      expect(instanceContainerName).toContain(TCRedisOptions.containerName);\n    });\n\n    it('should be return mapped port', () => {\n      const mappedPort = container.getMappedPort(6379);\n      expect(mappedPort).toEqual(6370);\n    });\n  });\n\n  describe('DynamoDB', () => {\n    let container: testContainers;\n\n    beforeAll(async () => {\n      container = await new testContainers('amazon/dynamodb-local:latest', {\n        ...TCDynamoDBOptions,\n        ports: [\n          {\n            container: 8000,\n            host: 8002,\n          },\n        ],\n      });\n      await container.start();\n    });\n\n    afterAll(async () => {\n      await container.stop({ removeVolumes: true });\n    });\n\n    it('should be defined', () => {\n      expect(container).toBeDefined();\n      expect(container).toBeInstanceOf(testContainers);\n    });\n  });\n\n  describe('MongoDB', () => {\n    let container: testContainers;\n\n    beforeAll(async () => {\n      container = await new testContainers('mongo:5.0', {\n        ...TCMongoOptions,\n        ports: [\n          {\n            container: 27017,\n            host: 27012,\n          },\n        ],\n      });\n      await container.start();\n    });\n\n    afterAll(async () => {\n      await container.stop({ removeVolumes: true });\n    });\n\n    it('should be defined', () => {\n      expect(container).toBeDefined();\n      expect(container).toBeInstanceOf(testContainers);\n    });\n  });\n\n  describe('MySql', () => {\n    let container: testContainers;\n\n    beforeAll(async () => {\n      container = await new testContainers('mysql:5.7', {\n        ...TCMySqlOptions,\n        ports: [\n          {\n            container: 3306,\n            host: 52000,\n          },\n        ],\n      });\n      await container.start();\n    });\n\n    afterAll(async () => {\n      await container.stop({ removeVolumes: true });\n    });\n\n    it('should be defined', () => {\n      expect(container).toBeDefined();\n      expect(container).toBeInstanceOf(testContainers);\n    });\n  });\n\n  describe('Postgres', () => {\n    let container: testContainers;\n\n    beforeAll(async () => {\n      container = await new testContainers('postgres:13', TCPostgresOptions);\n      await container.start();\n    });\n\n    afterAll(async () => {\n      await container.stop({ removeVolumes: true });\n    });\n\n    it('should be defined', () => {\n      expect(container).toBeDefined();\n      expect(container).toBeInstanceOf(testContainers);\n    });\n  });\n\n  describe('ElasticSearch', () => {\n    let container: testContainers;\n\n    beforeAll(async () => {\n      container = await new testContainers('elasticsearch:8.3.3', {\n        ...TCElasticSearchOptions,\n        ports: [\n          {\n            container: 9200,\n            host: 9201,\n          },\n        ],\n      });\n      await container.start();\n    });\n\n    afterAll(async () => {\n      await container.stop({ removeVolumes: true });\n    });\n\n    it('should be defined', () => {\n      expect(container).toBeDefined();\n      expect(container).toBeInstanceOf(testContainers);\n    });\n  });\n});\n",
              "err": {},
              "uuid": "3767bd1b-3033-4745-8993-512034c42e63",
              "parentUUID": "a03e9996-5fe3-4435-b84d-a12819cb0712",
              "isHook": false,
              "skipped": false
            },
            {
              "title": "TestContainers > Redis > should be return exception of instance",
              "fullTitle": "should be return exception of instance",
              "timedOut": false,
              "duration": 0,
              "state": "passed",
              "speed": null,
              "pass": true,
              "fail": false,
              "pending": false,
              "context": null,
              "code": "import { testContainers } from '../testcontainers';\nimport { StartedGenericContainer } from 'testcontainers/dist/src/generic-container/started-generic-container';\n\nimport {\n  TCRedisOptions,\n  TCDynamoDBOptions,\n  TCMongoOptions,\n  TCMySqlOptions,\n  TCPostgresOptions,\n  TCElasticSearchOptions,\n} from '../fixtures';\n\njest.setTimeout(70000);\ndescribe('TestContainers', () => {\n  describe('Redis', () => {\n    let container: testContainers;\n\n    beforeAll(async () => {\n      container = await new testContainers('redis:6.2-alpine', {\n        ...TCRedisOptions,\n        command: ['redis-server', '--appendonly', 'yes', '--requirepass', '123456'],\n        ports: [\n          {\n            container: 6379,\n            host: 6370,\n          },\n        ],\n      });\n      await container.start();\n    });\n\n    afterAll(async () => {\n      await container.stop({ removeVolumes: true });\n    });\n\n    it('should be defined', () => {\n      expect(container).toBeDefined();\n      expect(container).toBeInstanceOf(testContainers);\n    });\n\n    it('should be return exception of instance', async () => {\n      try {\n        await new testContainers('postgres:13', TCPostgresOptions);\n      } catch (error) {\n        expect(error.message).toBe('Use testContainers.getInstance() instead of new.');\n      }\n    });\n\n    it('should be get instance of test container', () => {\n      const instance = testContainers.getInstance();\n      expect(instance).toBeInstanceOf(testContainers);\n    });\n\n    it('should be return envs of instance', () => {\n      const instanceEnvs = container.getEnvs();\n      expect(instanceEnvs).toEqual(TCRedisOptions.envs);\n    });\n\n    it('should be return container instance', () => {\n      const instanceContainer = container.getContainer();\n      expect(instanceContainer).toBeDefined();\n      expect(instanceContainer).toBeInstanceOf(StartedGenericContainer);\n    });\n\n    it('should be return host of container instance', () => {\n      const instanceHost = container.getHost();\n      expect(instanceHost).toBeDefined();\n      expect(instanceHost).toEqual('localhost');\n    });\n\n    it('should be return name of container instance', () => {\n      const instanceContainerName = container.getName();\n      expect(instanceContainerName).toBeDefined();\n      expect(instanceContainerName).toContain(TCRedisOptions.containerName);\n    });\n\n    it('should be return mapped port', () => {\n      const mappedPort = container.getMappedPort(6379);\n      expect(mappedPort).toEqual(6370);\n    });\n  });\n\n  describe('DynamoDB', () => {\n    let container: testContainers;\n\n    beforeAll(async () => {\n      container = await new testContainers('amazon/dynamodb-local:latest', {\n        ...TCDynamoDBOptions,\n        ports: [\n          {\n            container: 8000,\n            host: 8002,\n          },\n        ],\n      });\n      await container.start();\n    });\n\n    afterAll(async () => {\n      await container.stop({ removeVolumes: true });\n    });\n\n    it('should be defined', () => {\n      expect(container).toBeDefined();\n      expect(container).toBeInstanceOf(testContainers);\n    });\n  });\n\n  describe('MongoDB', () => {\n    let container: testContainers;\n\n    beforeAll(async () => {\n      container = await new testContainers('mongo:5.0', {\n        ...TCMongoOptions,\n        ports: [\n          {\n            container: 27017,\n            host: 27012,\n          },\n        ],\n      });\n      await container.start();\n    });\n\n    afterAll(async () => {\n      await container.stop({ removeVolumes: true });\n    });\n\n    it('should be defined', () => {\n      expect(container).toBeDefined();\n      expect(container).toBeInstanceOf(testContainers);\n    });\n  });\n\n  describe('MySql', () => {\n    let container: testContainers;\n\n    beforeAll(async () => {\n      container = await new testContainers('mysql:5.7', {\n        ...TCMySqlOptions,\n        ports: [\n          {\n            container: 3306,\n            host: 52000,\n          },\n        ],\n      });\n      await container.start();\n    });\n\n    afterAll(async () => {\n      await container.stop({ removeVolumes: true });\n    });\n\n    it('should be defined', () => {\n      expect(container).toBeDefined();\n      expect(container).toBeInstanceOf(testContainers);\n    });\n  });\n\n  describe('Postgres', () => {\n    let container: testContainers;\n\n    beforeAll(async () => {\n      container = await new testContainers('postgres:13', TCPostgresOptions);\n      await container.start();\n    });\n\n    afterAll(async () => {\n      await container.stop({ removeVolumes: true });\n    });\n\n    it('should be defined', () => {\n      expect(container).toBeDefined();\n      expect(container).toBeInstanceOf(testContainers);\n    });\n  });\n\n  describe('ElasticSearch', () => {\n    let container: testContainers;\n\n    beforeAll(async () => {\n      container = await new testContainers('elasticsearch:8.3.3', {\n        ...TCElasticSearchOptions,\n        ports: [\n          {\n            container: 9200,\n            host: 9201,\n          },\n        ],\n      });\n      await container.start();\n    });\n\n    afterAll(async () => {\n      await container.stop({ removeVolumes: true });\n    });\n\n    it('should be defined', () => {\n      expect(container).toBeDefined();\n      expect(container).toBeInstanceOf(testContainers);\n    });\n  });\n});\n",
              "err": {},
              "uuid": "f2a4df9c-7dba-4df6-94aa-5f92d5984852",
              "parentUUID": "a03e9996-5fe3-4435-b84d-a12819cb0712",
              "isHook": false,
              "skipped": false
            },
            {
              "title": "TestContainers > Redis > should be get instance of test container",
              "fullTitle": "should be get instance of test container",
              "timedOut": false,
              "duration": 0,
              "state": "passed",
              "speed": null,
              "pass": true,
              "fail": false,
              "pending": false,
              "context": null,
              "code": "import { testContainers } from '../testcontainers';\nimport { StartedGenericContainer } from 'testcontainers/dist/src/generic-container/started-generic-container';\n\nimport {\n  TCRedisOptions,\n  TCDynamoDBOptions,\n  TCMongoOptions,\n  TCMySqlOptions,\n  TCPostgresOptions,\n  TCElasticSearchOptions,\n} from '../fixtures';\n\njest.setTimeout(70000);\ndescribe('TestContainers', () => {\n  describe('Redis', () => {\n    let container: testContainers;\n\n    beforeAll(async () => {\n      container = await new testContainers('redis:6.2-alpine', {\n        ...TCRedisOptions,\n        command: ['redis-server', '--appendonly', 'yes', '--requirepass', '123456'],\n        ports: [\n          {\n            container: 6379,\n            host: 6370,\n          },\n        ],\n      });\n      await container.start();\n    });\n\n    afterAll(async () => {\n      await container.stop({ removeVolumes: true });\n    });\n\n    it('should be defined', () => {\n      expect(container).toBeDefined();\n      expect(container).toBeInstanceOf(testContainers);\n    });\n\n    it('should be return exception of instance', async () => {\n      try {\n        await new testContainers('postgres:13', TCPostgresOptions);\n      } catch (error) {\n        expect(error.message).toBe('Use testContainers.getInstance() instead of new.');\n      }\n    });\n\n    it('should be get instance of test container', () => {\n      const instance = testContainers.getInstance();\n      expect(instance).toBeInstanceOf(testContainers);\n    });\n\n    it('should be return envs of instance', () => {\n      const instanceEnvs = container.getEnvs();\n      expect(instanceEnvs).toEqual(TCRedisOptions.envs);\n    });\n\n    it('should be return container instance', () => {\n      const instanceContainer = container.getContainer();\n      expect(instanceContainer).toBeDefined();\n      expect(instanceContainer).toBeInstanceOf(StartedGenericContainer);\n    });\n\n    it('should be return host of container instance', () => {\n      const instanceHost = container.getHost();\n      expect(instanceHost).toBeDefined();\n      expect(instanceHost).toEqual('localhost');\n    });\n\n    it('should be return name of container instance', () => {\n      const instanceContainerName = container.getName();\n      expect(instanceContainerName).toBeDefined();\n      expect(instanceContainerName).toContain(TCRedisOptions.containerName);\n    });\n\n    it('should be return mapped port', () => {\n      const mappedPort = container.getMappedPort(6379);\n      expect(mappedPort).toEqual(6370);\n    });\n  });\n\n  describe('DynamoDB', () => {\n    let container: testContainers;\n\n    beforeAll(async () => {\n      container = await new testContainers('amazon/dynamodb-local:latest', {\n        ...TCDynamoDBOptions,\n        ports: [\n          {\n            container: 8000,\n            host: 8002,\n          },\n        ],\n      });\n      await container.start();\n    });\n\n    afterAll(async () => {\n      await container.stop({ removeVolumes: true });\n    });\n\n    it('should be defined', () => {\n      expect(container).toBeDefined();\n      expect(container).toBeInstanceOf(testContainers);\n    });\n  });\n\n  describe('MongoDB', () => {\n    let container: testContainers;\n\n    beforeAll(async () => {\n      container = await new testContainers('mongo:5.0', {\n        ...TCMongoOptions,\n        ports: [\n          {\n            container: 27017,\n            host: 27012,\n          },\n        ],\n      });\n      await container.start();\n    });\n\n    afterAll(async () => {\n      await container.stop({ removeVolumes: true });\n    });\n\n    it('should be defined', () => {\n      expect(container).toBeDefined();\n      expect(container).toBeInstanceOf(testContainers);\n    });\n  });\n\n  describe('MySql', () => {\n    let container: testContainers;\n\n    beforeAll(async () => {\n      container = await new testContainers('mysql:5.7', {\n        ...TCMySqlOptions,\n        ports: [\n          {\n            container: 3306,\n            host: 52000,\n          },\n        ],\n      });\n      await container.start();\n    });\n\n    afterAll(async () => {\n      await container.stop({ removeVolumes: true });\n    });\n\n    it('should be defined', () => {\n      expect(container).toBeDefined();\n      expect(container).toBeInstanceOf(testContainers);\n    });\n  });\n\n  describe('Postgres', () => {\n    let container: testContainers;\n\n    beforeAll(async () => {\n      container = await new testContainers('postgres:13', TCPostgresOptions);\n      await container.start();\n    });\n\n    afterAll(async () => {\n      await container.stop({ removeVolumes: true });\n    });\n\n    it('should be defined', () => {\n      expect(container).toBeDefined();\n      expect(container).toBeInstanceOf(testContainers);\n    });\n  });\n\n  describe('ElasticSearch', () => {\n    let container: testContainers;\n\n    beforeAll(async () => {\n      container = await new testContainers('elasticsearch:8.3.3', {\n        ...TCElasticSearchOptions,\n        ports: [\n          {\n            container: 9200,\n            host: 9201,\n          },\n        ],\n      });\n      await container.start();\n    });\n\n    afterAll(async () => {\n      await container.stop({ removeVolumes: true });\n    });\n\n    it('should be defined', () => {\n      expect(container).toBeDefined();\n      expect(container).toBeInstanceOf(testContainers);\n    });\n  });\n});\n",
              "err": {},
              "uuid": "b7cf2dbc-7d7c-4cf8-91d5-cea2a06c2058",
              "parentUUID": "a03e9996-5fe3-4435-b84d-a12819cb0712",
              "isHook": false,
              "skipped": false
            },
            {
              "title": "TestContainers > Redis > should be return envs of instance",
              "fullTitle": "should be return envs of instance",
              "timedOut": false,
              "duration": 1,
              "state": "passed",
              "speed": null,
              "pass": true,
              "fail": false,
              "pending": false,
              "context": null,
              "code": "import { testContainers } from '../testcontainers';\nimport { StartedGenericContainer } from 'testcontainers/dist/src/generic-container/started-generic-container';\n\nimport {\n  TCRedisOptions,\n  TCDynamoDBOptions,\n  TCMongoOptions,\n  TCMySqlOptions,\n  TCPostgresOptions,\n  TCElasticSearchOptions,\n} from '../fixtures';\n\njest.setTimeout(70000);\ndescribe('TestContainers', () => {\n  describe('Redis', () => {\n    let container: testContainers;\n\n    beforeAll(async () => {\n      container = await new testContainers('redis:6.2-alpine', {\n        ...TCRedisOptions,\n        command: ['redis-server', '--appendonly', 'yes', '--requirepass', '123456'],\n        ports: [\n          {\n            container: 6379,\n            host: 6370,\n          },\n        ],\n      });\n      await container.start();\n    });\n\n    afterAll(async () => {\n      await container.stop({ removeVolumes: true });\n    });\n\n    it('should be defined', () => {\n      expect(container).toBeDefined();\n      expect(container).toBeInstanceOf(testContainers);\n    });\n\n    it('should be return exception of instance', async () => {\n      try {\n        await new testContainers('postgres:13', TCPostgresOptions);\n      } catch (error) {\n        expect(error.message).toBe('Use testContainers.getInstance() instead of new.');\n      }\n    });\n\n    it('should be get instance of test container', () => {\n      const instance = testContainers.getInstance();\n      expect(instance).toBeInstanceOf(testContainers);\n    });\n\n    it('should be return envs of instance', () => {\n      const instanceEnvs = container.getEnvs();\n      expect(instanceEnvs).toEqual(TCRedisOptions.envs);\n    });\n\n    it('should be return container instance', () => {\n      const instanceContainer = container.getContainer();\n      expect(instanceContainer).toBeDefined();\n      expect(instanceContainer).toBeInstanceOf(StartedGenericContainer);\n    });\n\n    it('should be return host of container instance', () => {\n      const instanceHost = container.getHost();\n      expect(instanceHost).toBeDefined();\n      expect(instanceHost).toEqual('localhost');\n    });\n\n    it('should be return name of container instance', () => {\n      const instanceContainerName = container.getName();\n      expect(instanceContainerName).toBeDefined();\n      expect(instanceContainerName).toContain(TCRedisOptions.containerName);\n    });\n\n    it('should be return mapped port', () => {\n      const mappedPort = container.getMappedPort(6379);\n      expect(mappedPort).toEqual(6370);\n    });\n  });\n\n  describe('DynamoDB', () => {\n    let container: testContainers;\n\n    beforeAll(async () => {\n      container = await new testContainers('amazon/dynamodb-local:latest', {\n        ...TCDynamoDBOptions,\n        ports: [\n          {\n            container: 8000,\n            host: 8002,\n          },\n        ],\n      });\n      await container.start();\n    });\n\n    afterAll(async () => {\n      await container.stop({ removeVolumes: true });\n    });\n\n    it('should be defined', () => {\n      expect(container).toBeDefined();\n      expect(container).toBeInstanceOf(testContainers);\n    });\n  });\n\n  describe('MongoDB', () => {\n    let container: testContainers;\n\n    beforeAll(async () => {\n      container = await new testContainers('mongo:5.0', {\n        ...TCMongoOptions,\n        ports: [\n          {\n            container: 27017,\n            host: 27012,\n          },\n        ],\n      });\n      await container.start();\n    });\n\n    afterAll(async () => {\n      await container.stop({ removeVolumes: true });\n    });\n\n    it('should be defined', () => {\n      expect(container).toBeDefined();\n      expect(container).toBeInstanceOf(testContainers);\n    });\n  });\n\n  describe('MySql', () => {\n    let container: testContainers;\n\n    beforeAll(async () => {\n      container = await new testContainers('mysql:5.7', {\n        ...TCMySqlOptions,\n        ports: [\n          {\n            container: 3306,\n            host: 52000,\n          },\n        ],\n      });\n      await container.start();\n    });\n\n    afterAll(async () => {\n      await container.stop({ removeVolumes: true });\n    });\n\n    it('should be defined', () => {\n      expect(container).toBeDefined();\n      expect(container).toBeInstanceOf(testContainers);\n    });\n  });\n\n  describe('Postgres', () => {\n    let container: testContainers;\n\n    beforeAll(async () => {\n      container = await new testContainers('postgres:13', TCPostgresOptions);\n      await container.start();\n    });\n\n    afterAll(async () => {\n      await container.stop({ removeVolumes: true });\n    });\n\n    it('should be defined', () => {\n      expect(container).toBeDefined();\n      expect(container).toBeInstanceOf(testContainers);\n    });\n  });\n\n  describe('ElasticSearch', () => {\n    let container: testContainers;\n\n    beforeAll(async () => {\n      container = await new testContainers('elasticsearch:8.3.3', {\n        ...TCElasticSearchOptions,\n        ports: [\n          {\n            container: 9200,\n            host: 9201,\n          },\n        ],\n      });\n      await container.start();\n    });\n\n    afterAll(async () => {\n      await container.stop({ removeVolumes: true });\n    });\n\n    it('should be defined', () => {\n      expect(container).toBeDefined();\n      expect(container).toBeInstanceOf(testContainers);\n    });\n  });\n});\n",
              "err": {},
              "uuid": "aeed953b-33a6-4ae5-907c-574c0c75b57a",
              "parentUUID": "a03e9996-5fe3-4435-b84d-a12819cb0712",
              "isHook": false,
              "skipped": false
            },
            {
              "title": "TestContainers > Redis > should be return container instance",
              "fullTitle": "should be return container instance",
              "timedOut": false,
              "duration": 1,
              "state": "passed",
              "speed": null,
              "pass": true,
              "fail": false,
              "pending": false,
              "context": null,
              "code": "import { testContainers } from '../testcontainers';\nimport { StartedGenericContainer } from 'testcontainers/dist/src/generic-container/started-generic-container';\n\nimport {\n  TCRedisOptions,\n  TCDynamoDBOptions,\n  TCMongoOptions,\n  TCMySqlOptions,\n  TCPostgresOptions,\n  TCElasticSearchOptions,\n} from '../fixtures';\n\njest.setTimeout(70000);\ndescribe('TestContainers', () => {\n  describe('Redis', () => {\n    let container: testContainers;\n\n    beforeAll(async () => {\n      container = await new testContainers('redis:6.2-alpine', {\n        ...TCRedisOptions,\n        command: ['redis-server', '--appendonly', 'yes', '--requirepass', '123456'],\n        ports: [\n          {\n            container: 6379,\n            host: 6370,\n          },\n        ],\n      });\n      await container.start();\n    });\n\n    afterAll(async () => {\n      await container.stop({ removeVolumes: true });\n    });\n\n    it('should be defined', () => {\n      expect(container).toBeDefined();\n      expect(container).toBeInstanceOf(testContainers);\n    });\n\n    it('should be return exception of instance', async () => {\n      try {\n        await new testContainers('postgres:13', TCPostgresOptions);\n      } catch (error) {\n        expect(error.message).toBe('Use testContainers.getInstance() instead of new.');\n      }\n    });\n\n    it('should be get instance of test container', () => {\n      const instance = testContainers.getInstance();\n      expect(instance).toBeInstanceOf(testContainers);\n    });\n\n    it('should be return envs of instance', () => {\n      const instanceEnvs = container.getEnvs();\n      expect(instanceEnvs).toEqual(TCRedisOptions.envs);\n    });\n\n    it('should be return container instance', () => {\n      const instanceContainer = container.getContainer();\n      expect(instanceContainer).toBeDefined();\n      expect(instanceContainer).toBeInstanceOf(StartedGenericContainer);\n    });\n\n    it('should be return host of container instance', () => {\n      const instanceHost = container.getHost();\n      expect(instanceHost).toBeDefined();\n      expect(instanceHost).toEqual('localhost');\n    });\n\n    it('should be return name of container instance', () => {\n      const instanceContainerName = container.getName();\n      expect(instanceContainerName).toBeDefined();\n      expect(instanceContainerName).toContain(TCRedisOptions.containerName);\n    });\n\n    it('should be return mapped port', () => {\n      const mappedPort = container.getMappedPort(6379);\n      expect(mappedPort).toEqual(6370);\n    });\n  });\n\n  describe('DynamoDB', () => {\n    let container: testContainers;\n\n    beforeAll(async () => {\n      container = await new testContainers('amazon/dynamodb-local:latest', {\n        ...TCDynamoDBOptions,\n        ports: [\n          {\n            container: 8000,\n            host: 8002,\n          },\n        ],\n      });\n      await container.start();\n    });\n\n    afterAll(async () => {\n      await container.stop({ removeVolumes: true });\n    });\n\n    it('should be defined', () => {\n      expect(container).toBeDefined();\n      expect(container).toBeInstanceOf(testContainers);\n    });\n  });\n\n  describe('MongoDB', () => {\n    let container: testContainers;\n\n    beforeAll(async () => {\n      container = await new testContainers('mongo:5.0', {\n        ...TCMongoOptions,\n        ports: [\n          {\n            container: 27017,\n            host: 27012,\n          },\n        ],\n      });\n      await container.start();\n    });\n\n    afterAll(async () => {\n      await container.stop({ removeVolumes: true });\n    });\n\n    it('should be defined', () => {\n      expect(container).toBeDefined();\n      expect(container).toBeInstanceOf(testContainers);\n    });\n  });\n\n  describe('MySql', () => {\n    let container: testContainers;\n\n    beforeAll(async () => {\n      container = await new testContainers('mysql:5.7', {\n        ...TCMySqlOptions,\n        ports: [\n          {\n            container: 3306,\n            host: 52000,\n          },\n        ],\n      });\n      await container.start();\n    });\n\n    afterAll(async () => {\n      await container.stop({ removeVolumes: true });\n    });\n\n    it('should be defined', () => {\n      expect(container).toBeDefined();\n      expect(container).toBeInstanceOf(testContainers);\n    });\n  });\n\n  describe('Postgres', () => {\n    let container: testContainers;\n\n    beforeAll(async () => {\n      container = await new testContainers('postgres:13', TCPostgresOptions);\n      await container.start();\n    });\n\n    afterAll(async () => {\n      await container.stop({ removeVolumes: true });\n    });\n\n    it('should be defined', () => {\n      expect(container).toBeDefined();\n      expect(container).toBeInstanceOf(testContainers);\n    });\n  });\n\n  describe('ElasticSearch', () => {\n    let container: testContainers;\n\n    beforeAll(async () => {\n      container = await new testContainers('elasticsearch:8.3.3', {\n        ...TCElasticSearchOptions,\n        ports: [\n          {\n            container: 9200,\n            host: 9201,\n          },\n        ],\n      });\n      await container.start();\n    });\n\n    afterAll(async () => {\n      await container.stop({ removeVolumes: true });\n    });\n\n    it('should be defined', () => {\n      expect(container).toBeDefined();\n      expect(container).toBeInstanceOf(testContainers);\n    });\n  });\n});\n",
              "err": {},
              "uuid": "107e3b4e-e05e-44ae-bc33-fc39e5b1b79b",
              "parentUUID": "a03e9996-5fe3-4435-b84d-a12819cb0712",
              "isHook": false,
              "skipped": false
            },
            {
              "title": "TestContainers > Redis > should be return host of container instance",
              "fullTitle": "should be return host of container instance",
              "timedOut": false,
              "duration": 0,
              "state": "passed",
              "speed": null,
              "pass": true,
              "fail": false,
              "pending": false,
              "context": null,
              "code": "import { testContainers } from '../testcontainers';\nimport { StartedGenericContainer } from 'testcontainers/dist/src/generic-container/started-generic-container';\n\nimport {\n  TCRedisOptions,\n  TCDynamoDBOptions,\n  TCMongoOptions,\n  TCMySqlOptions,\n  TCPostgresOptions,\n  TCElasticSearchOptions,\n} from '../fixtures';\n\njest.setTimeout(70000);\ndescribe('TestContainers', () => {\n  describe('Redis', () => {\n    let container: testContainers;\n\n    beforeAll(async () => {\n      container = await new testContainers('redis:6.2-alpine', {\n        ...TCRedisOptions,\n        command: ['redis-server', '--appendonly', 'yes', '--requirepass', '123456'],\n        ports: [\n          {\n            container: 6379,\n            host: 6370,\n          },\n        ],\n      });\n      await container.start();\n    });\n\n    afterAll(async () => {\n      await container.stop({ removeVolumes: true });\n    });\n\n    it('should be defined', () => {\n      expect(container).toBeDefined();\n      expect(container).toBeInstanceOf(testContainers);\n    });\n\n    it('should be return exception of instance', async () => {\n      try {\n        await new testContainers('postgres:13', TCPostgresOptions);\n      } catch (error) {\n        expect(error.message).toBe('Use testContainers.getInstance() instead of new.');\n      }\n    });\n\n    it('should be get instance of test container', () => {\n      const instance = testContainers.getInstance();\n      expect(instance).toBeInstanceOf(testContainers);\n    });\n\n    it('should be return envs of instance', () => {\n      const instanceEnvs = container.getEnvs();\n      expect(instanceEnvs).toEqual(TCRedisOptions.envs);\n    });\n\n    it('should be return container instance', () => {\n      const instanceContainer = container.getContainer();\n      expect(instanceContainer).toBeDefined();\n      expect(instanceContainer).toBeInstanceOf(StartedGenericContainer);\n    });\n\n    it('should be return host of container instance', () => {\n      const instanceHost = container.getHost();\n      expect(instanceHost).toBeDefined();\n      expect(instanceHost).toEqual('localhost');\n    });\n\n    it('should be return name of container instance', () => {\n      const instanceContainerName = container.getName();\n      expect(instanceContainerName).toBeDefined();\n      expect(instanceContainerName).toContain(TCRedisOptions.containerName);\n    });\n\n    it('should be return mapped port', () => {\n      const mappedPort = container.getMappedPort(6379);\n      expect(mappedPort).toEqual(6370);\n    });\n  });\n\n  describe('DynamoDB', () => {\n    let container: testContainers;\n\n    beforeAll(async () => {\n      container = await new testContainers('amazon/dynamodb-local:latest', {\n        ...TCDynamoDBOptions,\n        ports: [\n          {\n            container: 8000,\n            host: 8002,\n          },\n        ],\n      });\n      await container.start();\n    });\n\n    afterAll(async () => {\n      await container.stop({ removeVolumes: true });\n    });\n\n    it('should be defined', () => {\n      expect(container).toBeDefined();\n      expect(container).toBeInstanceOf(testContainers);\n    });\n  });\n\n  describe('MongoDB', () => {\n    let container: testContainers;\n\n    beforeAll(async () => {\n      container = await new testContainers('mongo:5.0', {\n        ...TCMongoOptions,\n        ports: [\n          {\n            container: 27017,\n            host: 27012,\n          },\n        ],\n      });\n      await container.start();\n    });\n\n    afterAll(async () => {\n      await container.stop({ removeVolumes: true });\n    });\n\n    it('should be defined', () => {\n      expect(container).toBeDefined();\n      expect(container).toBeInstanceOf(testContainers);\n    });\n  });\n\n  describe('MySql', () => {\n    let container: testContainers;\n\n    beforeAll(async () => {\n      container = await new testContainers('mysql:5.7', {\n        ...TCMySqlOptions,\n        ports: [\n          {\n            container: 3306,\n            host: 52000,\n          },\n        ],\n      });\n      await container.start();\n    });\n\n    afterAll(async () => {\n      await container.stop({ removeVolumes: true });\n    });\n\n    it('should be defined', () => {\n      expect(container).toBeDefined();\n      expect(container).toBeInstanceOf(testContainers);\n    });\n  });\n\n  describe('Postgres', () => {\n    let container: testContainers;\n\n    beforeAll(async () => {\n      container = await new testContainers('postgres:13', TCPostgresOptions);\n      await container.start();\n    });\n\n    afterAll(async () => {\n      await container.stop({ removeVolumes: true });\n    });\n\n    it('should be defined', () => {\n      expect(container).toBeDefined();\n      expect(container).toBeInstanceOf(testContainers);\n    });\n  });\n\n  describe('ElasticSearch', () => {\n    let container: testContainers;\n\n    beforeAll(async () => {\n      container = await new testContainers('elasticsearch:8.3.3', {\n        ...TCElasticSearchOptions,\n        ports: [\n          {\n            container: 9200,\n            host: 9201,\n          },\n        ],\n      });\n      await container.start();\n    });\n\n    afterAll(async () => {\n      await container.stop({ removeVolumes: true });\n    });\n\n    it('should be defined', () => {\n      expect(container).toBeDefined();\n      expect(container).toBeInstanceOf(testContainers);\n    });\n  });\n});\n",
              "err": {},
              "uuid": "e8092913-f6d6-4c3d-bc91-28b4e9b46925",
              "parentUUID": "a03e9996-5fe3-4435-b84d-a12819cb0712",
              "isHook": false,
              "skipped": false
            },
            {
              "title": "TestContainers > Redis > should be return name of container instance",
              "fullTitle": "should be return name of container instance",
              "timedOut": false,
              "duration": 0,
              "state": "passed",
              "speed": null,
              "pass": true,
              "fail": false,
              "pending": false,
              "context": null,
              "code": "import { testContainers } from '../testcontainers';\nimport { StartedGenericContainer } from 'testcontainers/dist/src/generic-container/started-generic-container';\n\nimport {\n  TCRedisOptions,\n  TCDynamoDBOptions,\n  TCMongoOptions,\n  TCMySqlOptions,\n  TCPostgresOptions,\n  TCElasticSearchOptions,\n} from '../fixtures';\n\njest.setTimeout(70000);\ndescribe('TestContainers', () => {\n  describe('Redis', () => {\n    let container: testContainers;\n\n    beforeAll(async () => {\n      container = await new testContainers('redis:6.2-alpine', {\n        ...TCRedisOptions,\n        command: ['redis-server', '--appendonly', 'yes', '--requirepass', '123456'],\n        ports: [\n          {\n            container: 6379,\n            host: 6370,\n          },\n        ],\n      });\n      await container.start();\n    });\n\n    afterAll(async () => {\n      await container.stop({ removeVolumes: true });\n    });\n\n    it('should be defined', () => {\n      expect(container).toBeDefined();\n      expect(container).toBeInstanceOf(testContainers);\n    });\n\n    it('should be return exception of instance', async () => {\n      try {\n        await new testContainers('postgres:13', TCPostgresOptions);\n      } catch (error) {\n        expect(error.message).toBe('Use testContainers.getInstance() instead of new.');\n      }\n    });\n\n    it('should be get instance of test container', () => {\n      const instance = testContainers.getInstance();\n      expect(instance).toBeInstanceOf(testContainers);\n    });\n\n    it('should be return envs of instance', () => {\n      const instanceEnvs = container.getEnvs();\n      expect(instanceEnvs).toEqual(TCRedisOptions.envs);\n    });\n\n    it('should be return container instance', () => {\n      const instanceContainer = container.getContainer();\n      expect(instanceContainer).toBeDefined();\n      expect(instanceContainer).toBeInstanceOf(StartedGenericContainer);\n    });\n\n    it('should be return host of container instance', () => {\n      const instanceHost = container.getHost();\n      expect(instanceHost).toBeDefined();\n      expect(instanceHost).toEqual('localhost');\n    });\n\n    it('should be return name of container instance', () => {\n      const instanceContainerName = container.getName();\n      expect(instanceContainerName).toBeDefined();\n      expect(instanceContainerName).toContain(TCRedisOptions.containerName);\n    });\n\n    it('should be return mapped port', () => {\n      const mappedPort = container.getMappedPort(6379);\n      expect(mappedPort).toEqual(6370);\n    });\n  });\n\n  describe('DynamoDB', () => {\n    let container: testContainers;\n\n    beforeAll(async () => {\n      container = await new testContainers('amazon/dynamodb-local:latest', {\n        ...TCDynamoDBOptions,\n        ports: [\n          {\n            container: 8000,\n            host: 8002,\n          },\n        ],\n      });\n      await container.start();\n    });\n\n    afterAll(async () => {\n      await container.stop({ removeVolumes: true });\n    });\n\n    it('should be defined', () => {\n      expect(container).toBeDefined();\n      expect(container).toBeInstanceOf(testContainers);\n    });\n  });\n\n  describe('MongoDB', () => {\n    let container: testContainers;\n\n    beforeAll(async () => {\n      container = await new testContainers('mongo:5.0', {\n        ...TCMongoOptions,\n        ports: [\n          {\n            container: 27017,\n            host: 27012,\n          },\n        ],\n      });\n      await container.start();\n    });\n\n    afterAll(async () => {\n      await container.stop({ removeVolumes: true });\n    });\n\n    it('should be defined', () => {\n      expect(container).toBeDefined();\n      expect(container).toBeInstanceOf(testContainers);\n    });\n  });\n\n  describe('MySql', () => {\n    let container: testContainers;\n\n    beforeAll(async () => {\n      container = await new testContainers('mysql:5.7', {\n        ...TCMySqlOptions,\n        ports: [\n          {\n            container: 3306,\n            host: 52000,\n          },\n        ],\n      });\n      await container.start();\n    });\n\n    afterAll(async () => {\n      await container.stop({ removeVolumes: true });\n    });\n\n    it('should be defined', () => {\n      expect(container).toBeDefined();\n      expect(container).toBeInstanceOf(testContainers);\n    });\n  });\n\n  describe('Postgres', () => {\n    let container: testContainers;\n\n    beforeAll(async () => {\n      container = await new testContainers('postgres:13', TCPostgresOptions);\n      await container.start();\n    });\n\n    afterAll(async () => {\n      await container.stop({ removeVolumes: true });\n    });\n\n    it('should be defined', () => {\n      expect(container).toBeDefined();\n      expect(container).toBeInstanceOf(testContainers);\n    });\n  });\n\n  describe('ElasticSearch', () => {\n    let container: testContainers;\n\n    beforeAll(async () => {\n      container = await new testContainers('elasticsearch:8.3.3', {\n        ...TCElasticSearchOptions,\n        ports: [\n          {\n            container: 9200,\n            host: 9201,\n          },\n        ],\n      });\n      await container.start();\n    });\n\n    afterAll(async () => {\n      await container.stop({ removeVolumes: true });\n    });\n\n    it('should be defined', () => {\n      expect(container).toBeDefined();\n      expect(container).toBeInstanceOf(testContainers);\n    });\n  });\n});\n",
              "err": {},
              "uuid": "a15b6de4-99af-4a2e-937d-98a47d1e2184",
              "parentUUID": "a03e9996-5fe3-4435-b84d-a12819cb0712",
              "isHook": false,
              "skipped": false
            },
            {
              "title": "TestContainers > Redis > should be return mapped port",
              "fullTitle": "should be return mapped port",
              "timedOut": false,
              "duration": 1,
              "state": "passed",
              "speed": null,
              "pass": true,
              "fail": false,
              "pending": false,
              "context": null,
              "code": "import { testContainers } from '../testcontainers';\nimport { StartedGenericContainer } from 'testcontainers/dist/src/generic-container/started-generic-container';\n\nimport {\n  TCRedisOptions,\n  TCDynamoDBOptions,\n  TCMongoOptions,\n  TCMySqlOptions,\n  TCPostgresOptions,\n  TCElasticSearchOptions,\n} from '../fixtures';\n\njest.setTimeout(70000);\ndescribe('TestContainers', () => {\n  describe('Redis', () => {\n    let container: testContainers;\n\n    beforeAll(async () => {\n      container = await new testContainers('redis:6.2-alpine', {\n        ...TCRedisOptions,\n        command: ['redis-server', '--appendonly', 'yes', '--requirepass', '123456'],\n        ports: [\n          {\n            container: 6379,\n            host: 6370,\n          },\n        ],\n      });\n      await container.start();\n    });\n\n    afterAll(async () => {\n      await container.stop({ removeVolumes: true });\n    });\n\n    it('should be defined', () => {\n      expect(container).toBeDefined();\n      expect(container).toBeInstanceOf(testContainers);\n    });\n\n    it('should be return exception of instance', async () => {\n      try {\n        await new testContainers('postgres:13', TCPostgresOptions);\n      } catch (error) {\n        expect(error.message).toBe('Use testContainers.getInstance() instead of new.');\n      }\n    });\n\n    it('should be get instance of test container', () => {\n      const instance = testContainers.getInstance();\n      expect(instance).toBeInstanceOf(testContainers);\n    });\n\n    it('should be return envs of instance', () => {\n      const instanceEnvs = container.getEnvs();\n      expect(instanceEnvs).toEqual(TCRedisOptions.envs);\n    });\n\n    it('should be return container instance', () => {\n      const instanceContainer = container.getContainer();\n      expect(instanceContainer).toBeDefined();\n      expect(instanceContainer).toBeInstanceOf(StartedGenericContainer);\n    });\n\n    it('should be return host of container instance', () => {\n      const instanceHost = container.getHost();\n      expect(instanceHost).toBeDefined();\n      expect(instanceHost).toEqual('localhost');\n    });\n\n    it('should be return name of container instance', () => {\n      const instanceContainerName = container.getName();\n      expect(instanceContainerName).toBeDefined();\n      expect(instanceContainerName).toContain(TCRedisOptions.containerName);\n    });\n\n    it('should be return mapped port', () => {\n      const mappedPort = container.getMappedPort(6379);\n      expect(mappedPort).toEqual(6370);\n    });\n  });\n\n  describe('DynamoDB', () => {\n    let container: testContainers;\n\n    beforeAll(async () => {\n      container = await new testContainers('amazon/dynamodb-local:latest', {\n        ...TCDynamoDBOptions,\n        ports: [\n          {\n            container: 8000,\n            host: 8002,\n          },\n        ],\n      });\n      await container.start();\n    });\n\n    afterAll(async () => {\n      await container.stop({ removeVolumes: true });\n    });\n\n    it('should be defined', () => {\n      expect(container).toBeDefined();\n      expect(container).toBeInstanceOf(testContainers);\n    });\n  });\n\n  describe('MongoDB', () => {\n    let container: testContainers;\n\n    beforeAll(async () => {\n      container = await new testContainers('mongo:5.0', {\n        ...TCMongoOptions,\n        ports: [\n          {\n            container: 27017,\n            host: 27012,\n          },\n        ],\n      });\n      await container.start();\n    });\n\n    afterAll(async () => {\n      await container.stop({ removeVolumes: true });\n    });\n\n    it('should be defined', () => {\n      expect(container).toBeDefined();\n      expect(container).toBeInstanceOf(testContainers);\n    });\n  });\n\n  describe('MySql', () => {\n    let container: testContainers;\n\n    beforeAll(async () => {\n      container = await new testContainers('mysql:5.7', {\n        ...TCMySqlOptions,\n        ports: [\n          {\n            container: 3306,\n            host: 52000,\n          },\n        ],\n      });\n      await container.start();\n    });\n\n    afterAll(async () => {\n      await container.stop({ removeVolumes: true });\n    });\n\n    it('should be defined', () => {\n      expect(container).toBeDefined();\n      expect(container).toBeInstanceOf(testContainers);\n    });\n  });\n\n  describe('Postgres', () => {\n    let container: testContainers;\n\n    beforeAll(async () => {\n      container = await new testContainers('postgres:13', TCPostgresOptions);\n      await container.start();\n    });\n\n    afterAll(async () => {\n      await container.stop({ removeVolumes: true });\n    });\n\n    it('should be defined', () => {\n      expect(container).toBeDefined();\n      expect(container).toBeInstanceOf(testContainers);\n    });\n  });\n\n  describe('ElasticSearch', () => {\n    let container: testContainers;\n\n    beforeAll(async () => {\n      container = await new testContainers('elasticsearch:8.3.3', {\n        ...TCElasticSearchOptions,\n        ports: [\n          {\n            container: 9200,\n            host: 9201,\n          },\n        ],\n      });\n      await container.start();\n    });\n\n    afterAll(async () => {\n      await container.stop({ removeVolumes: true });\n    });\n\n    it('should be defined', () => {\n      expect(container).toBeDefined();\n      expect(container).toBeInstanceOf(testContainers);\n    });\n  });\n});\n",
              "err": {},
              "uuid": "a9837a7b-416b-4419-a1bc-37258af3faf4",
              "parentUUID": "a03e9996-5fe3-4435-b84d-a12819cb0712",
              "isHook": false,
              "skipped": false
            },
            {
              "title": "TestContainers > Redis > should be defined",
              "fullTitle": "should be defined",
              "timedOut": false,
              "duration": 2,
              "state": "passed",
              "speed": null,
              "pass": true,
              "fail": false,
              "pending": false,
              "context": null,
              "code": "import { testContainers } from '../testcontainers';\nimport { StartedGenericContainer } from 'testcontainers/dist/src/generic-container/started-generic-container';\n\nimport {\n  TCRedisOptions,\n  TCDynamoDBOptions,\n  TCMongoOptions,\n  TCMySqlOptions,\n  TCPostgresOptions,\n  TCElasticSearchOptions,\n} from '../fixtures';\n\njest.setTimeout(70000);\ndescribe('TestContainers', () => {\n  describe('Redis', () => {\n    let container: testContainers;\n\n    beforeAll(async () => {\n      container = await new testContainers('redis:6.2-alpine', {\n        ...TCRedisOptions,\n        command: ['redis-server', '--appendonly', 'yes', '--requirepass', '123456'],\n        ports: [\n          {\n            container: 6379,\n            host: 6370,\n          },\n        ],\n      });\n      await container.start();\n    });\n\n    afterAll(async () => {\n      await container.stop({ removeVolumes: true });\n    });\n\n    it('should be defined', () => {\n      expect(container).toBeDefined();\n      expect(container).toBeInstanceOf(testContainers);\n    });\n\n    it('should be return exception of instance', async () => {\n      try {\n        await new testContainers('postgres:13', TCPostgresOptions);\n      } catch (error) {\n        expect(error.message).toBe('Use testContainers.getInstance() instead of new.');\n      }\n    });\n\n    it('should be get instance of test container', () => {\n      const instance = testContainers.getInstance();\n      expect(instance).toBeInstanceOf(testContainers);\n    });\n\n    it('should be return envs of instance', () => {\n      const instanceEnvs = container.getEnvs();\n      expect(instanceEnvs).toEqual(TCRedisOptions.envs);\n    });\n\n    it('should be return container instance', () => {\n      const instanceContainer = container.getContainer();\n      expect(instanceContainer).toBeDefined();\n      expect(instanceContainer).toBeInstanceOf(StartedGenericContainer);\n    });\n\n    it('should be return host of container instance', () => {\n      const instanceHost = container.getHost();\n      expect(instanceHost).toBeDefined();\n      expect(instanceHost).toEqual('localhost');\n    });\n\n    it('should be return name of container instance', () => {\n      const instanceContainerName = container.getName();\n      expect(instanceContainerName).toBeDefined();\n      expect(instanceContainerName).toContain(TCRedisOptions.containerName);\n    });\n\n    it('should be return mapped port', () => {\n      const mappedPort = container.getMappedPort(6379);\n      expect(mappedPort).toEqual(6370);\n    });\n  });\n\n  describe('DynamoDB', () => {\n    let container: testContainers;\n\n    beforeAll(async () => {\n      container = await new testContainers('amazon/dynamodb-local:latest', {\n        ...TCDynamoDBOptions,\n        ports: [\n          {\n            container: 8000,\n            host: 8002,\n          },\n        ],\n      });\n      await container.start();\n    });\n\n    afterAll(async () => {\n      await container.stop({ removeVolumes: true });\n    });\n\n    it('should be defined', () => {\n      expect(container).toBeDefined();\n      expect(container).toBeInstanceOf(testContainers);\n    });\n  });\n\n  describe('MongoDB', () => {\n    let container: testContainers;\n\n    beforeAll(async () => {\n      container = await new testContainers('mongo:5.0', {\n        ...TCMongoOptions,\n        ports: [\n          {\n            container: 27017,\n            host: 27012,\n          },\n        ],\n      });\n      await container.start();\n    });\n\n    afterAll(async () => {\n      await container.stop({ removeVolumes: true });\n    });\n\n    it('should be defined', () => {\n      expect(container).toBeDefined();\n      expect(container).toBeInstanceOf(testContainers);\n    });\n  });\n\n  describe('MySql', () => {\n    let container: testContainers;\n\n    beforeAll(async () => {\n      container = await new testContainers('mysql:5.7', {\n        ...TCMySqlOptions,\n        ports: [\n          {\n            container: 3306,\n            host: 52000,\n          },\n        ],\n      });\n      await container.start();\n    });\n\n    afterAll(async () => {\n      await container.stop({ removeVolumes: true });\n    });\n\n    it('should be defined', () => {\n      expect(container).toBeDefined();\n      expect(container).toBeInstanceOf(testContainers);\n    });\n  });\n\n  describe('Postgres', () => {\n    let container: testContainers;\n\n    beforeAll(async () => {\n      container = await new testContainers('postgres:13', TCPostgresOptions);\n      await container.start();\n    });\n\n    afterAll(async () => {\n      await container.stop({ removeVolumes: true });\n    });\n\n    it('should be defined', () => {\n      expect(container).toBeDefined();\n      expect(container).toBeInstanceOf(testContainers);\n    });\n  });\n\n  describe('ElasticSearch', () => {\n    let container: testContainers;\n\n    beforeAll(async () => {\n      container = await new testContainers('elasticsearch:8.3.3', {\n        ...TCElasticSearchOptions,\n        ports: [\n          {\n            container: 9200,\n            host: 9201,\n          },\n        ],\n      });\n      await container.start();\n    });\n\n    afterAll(async () => {\n      await container.stop({ removeVolumes: true });\n    });\n\n    it('should be defined', () => {\n      expect(container).toBeDefined();\n      expect(container).toBeInstanceOf(testContainers);\n    });\n  });\n});\n",
              "err": {},
              "uuid": "a73c4ac8-b4b6-463a-9292-7299c5bf87a7",
              "parentUUID": "a03e9996-5fe3-4435-b84d-a12819cb0712",
              "isHook": false,
              "skipped": false
            },
            {
              "title": "TestContainers > Redis > should be defined",
              "fullTitle": "should be defined",
              "timedOut": false,
              "duration": 0,
              "state": "passed",
              "speed": null,
              "pass": true,
              "fail": false,
              "pending": false,
              "context": null,
              "code": "import { testContainers } from '../testcontainers';\nimport { StartedGenericContainer } from 'testcontainers/dist/src/generic-container/started-generic-container';\n\nimport {\n  TCRedisOptions,\n  TCDynamoDBOptions,\n  TCMongoOptions,\n  TCMySqlOptions,\n  TCPostgresOptions,\n  TCElasticSearchOptions,\n} from '../fixtures';\n\njest.setTimeout(70000);\ndescribe('TestContainers', () => {\n  describe('Redis', () => {\n    let container: testContainers;\n\n    beforeAll(async () => {\n      container = await new testContainers('redis:6.2-alpine', {\n        ...TCRedisOptions,\n        command: ['redis-server', '--appendonly', 'yes', '--requirepass', '123456'],\n        ports: [\n          {\n            container: 6379,\n            host: 6370,\n          },\n        ],\n      });\n      await container.start();\n    });\n\n    afterAll(async () => {\n      await container.stop({ removeVolumes: true });\n    });\n\n    it('should be defined', () => {\n      expect(container).toBeDefined();\n      expect(container).toBeInstanceOf(testContainers);\n    });\n\n    it('should be return exception of instance', async () => {\n      try {\n        await new testContainers('postgres:13', TCPostgresOptions);\n      } catch (error) {\n        expect(error.message).toBe('Use testContainers.getInstance() instead of new.');\n      }\n    });\n\n    it('should be get instance of test container', () => {\n      const instance = testContainers.getInstance();\n      expect(instance).toBeInstanceOf(testContainers);\n    });\n\n    it('should be return envs of instance', () => {\n      const instanceEnvs = container.getEnvs();\n      expect(instanceEnvs).toEqual(TCRedisOptions.envs);\n    });\n\n    it('should be return container instance', () => {\n      const instanceContainer = container.getContainer();\n      expect(instanceContainer).toBeDefined();\n      expect(instanceContainer).toBeInstanceOf(StartedGenericContainer);\n    });\n\n    it('should be return host of container instance', () => {\n      const instanceHost = container.getHost();\n      expect(instanceHost).toBeDefined();\n      expect(instanceHost).toEqual('localhost');\n    });\n\n    it('should be return name of container instance', () => {\n      const instanceContainerName = container.getName();\n      expect(instanceContainerName).toBeDefined();\n      expect(instanceContainerName).toContain(TCRedisOptions.containerName);\n    });\n\n    it('should be return mapped port', () => {\n      const mappedPort = container.getMappedPort(6379);\n      expect(mappedPort).toEqual(6370);\n    });\n  });\n\n  describe('DynamoDB', () => {\n    let container: testContainers;\n\n    beforeAll(async () => {\n      container = await new testContainers('amazon/dynamodb-local:latest', {\n        ...TCDynamoDBOptions,\n        ports: [\n          {\n            container: 8000,\n            host: 8002,\n          },\n        ],\n      });\n      await container.start();\n    });\n\n    afterAll(async () => {\n      await container.stop({ removeVolumes: true });\n    });\n\n    it('should be defined', () => {\n      expect(container).toBeDefined();\n      expect(container).toBeInstanceOf(testContainers);\n    });\n  });\n\n  describe('MongoDB', () => {\n    let container: testContainers;\n\n    beforeAll(async () => {\n      container = await new testContainers('mongo:5.0', {\n        ...TCMongoOptions,\n        ports: [\n          {\n            container: 27017,\n            host: 27012,\n          },\n        ],\n      });\n      await container.start();\n    });\n\n    afterAll(async () => {\n      await container.stop({ removeVolumes: true });\n    });\n\n    it('should be defined', () => {\n      expect(container).toBeDefined();\n      expect(container).toBeInstanceOf(testContainers);\n    });\n  });\n\n  describe('MySql', () => {\n    let container: testContainers;\n\n    beforeAll(async () => {\n      container = await new testContainers('mysql:5.7', {\n        ...TCMySqlOptions,\n        ports: [\n          {\n            container: 3306,\n            host: 52000,\n          },\n        ],\n      });\n      await container.start();\n    });\n\n    afterAll(async () => {\n      await container.stop({ removeVolumes: true });\n    });\n\n    it('should be defined', () => {\n      expect(container).toBeDefined();\n      expect(container).toBeInstanceOf(testContainers);\n    });\n  });\n\n  describe('Postgres', () => {\n    let container: testContainers;\n\n    beforeAll(async () => {\n      container = await new testContainers('postgres:13', TCPostgresOptions);\n      await container.start();\n    });\n\n    afterAll(async () => {\n      await container.stop({ removeVolumes: true });\n    });\n\n    it('should be defined', () => {\n      expect(container).toBeDefined();\n      expect(container).toBeInstanceOf(testContainers);\n    });\n  });\n\n  describe('ElasticSearch', () => {\n    let container: testContainers;\n\n    beforeAll(async () => {\n      container = await new testContainers('elasticsearch:8.3.3', {\n        ...TCElasticSearchOptions,\n        ports: [\n          {\n            container: 9200,\n            host: 9201,\n          },\n        ],\n      });\n      await container.start();\n    });\n\n    afterAll(async () => {\n      await container.stop({ removeVolumes: true });\n    });\n\n    it('should be defined', () => {\n      expect(container).toBeDefined();\n      expect(container).toBeInstanceOf(testContainers);\n    });\n  });\n});\n",
              "err": {},
              "uuid": "0be35fc5-26ea-40e7-b313-cc21906a64d6",
              "parentUUID": "a03e9996-5fe3-4435-b84d-a12819cb0712",
              "isHook": false,
              "skipped": false
            },
            {
              "title": "TestContainers > Redis > should be defined",
              "fullTitle": "should be defined",
              "timedOut": false,
              "duration": 0,
              "state": "passed",
              "speed": null,
              "pass": true,
              "fail": false,
              "pending": false,
              "context": null,
              "code": "import { testContainers } from '../testcontainers';\nimport { StartedGenericContainer } from 'testcontainers/dist/src/generic-container/started-generic-container';\n\nimport {\n  TCRedisOptions,\n  TCDynamoDBOptions,\n  TCMongoOptions,\n  TCMySqlOptions,\n  TCPostgresOptions,\n  TCElasticSearchOptions,\n} from '../fixtures';\n\njest.setTimeout(70000);\ndescribe('TestContainers', () => {\n  describe('Redis', () => {\n    let container: testContainers;\n\n    beforeAll(async () => {\n      container = await new testContainers('redis:6.2-alpine', {\n        ...TCRedisOptions,\n        command: ['redis-server', '--appendonly', 'yes', '--requirepass', '123456'],\n        ports: [\n          {\n            container: 6379,\n            host: 6370,\n          },\n        ],\n      });\n      await container.start();\n    });\n\n    afterAll(async () => {\n      await container.stop({ removeVolumes: true });\n    });\n\n    it('should be defined', () => {\n      expect(container).toBeDefined();\n      expect(container).toBeInstanceOf(testContainers);\n    });\n\n    it('should be return exception of instance', async () => {\n      try {\n        await new testContainers('postgres:13', TCPostgresOptions);\n      } catch (error) {\n        expect(error.message).toBe('Use testContainers.getInstance() instead of new.');\n      }\n    });\n\n    it('should be get instance of test container', () => {\n      const instance = testContainers.getInstance();\n      expect(instance).toBeInstanceOf(testContainers);\n    });\n\n    it('should be return envs of instance', () => {\n      const instanceEnvs = container.getEnvs();\n      expect(instanceEnvs).toEqual(TCRedisOptions.envs);\n    });\n\n    it('should be return container instance', () => {\n      const instanceContainer = container.getContainer();\n      expect(instanceContainer).toBeDefined();\n      expect(instanceContainer).toBeInstanceOf(StartedGenericContainer);\n    });\n\n    it('should be return host of container instance', () => {\n      const instanceHost = container.getHost();\n      expect(instanceHost).toBeDefined();\n      expect(instanceHost).toEqual('localhost');\n    });\n\n    it('should be return name of container instance', () => {\n      const instanceContainerName = container.getName();\n      expect(instanceContainerName).toBeDefined();\n      expect(instanceContainerName).toContain(TCRedisOptions.containerName);\n    });\n\n    it('should be return mapped port', () => {\n      const mappedPort = container.getMappedPort(6379);\n      expect(mappedPort).toEqual(6370);\n    });\n  });\n\n  describe('DynamoDB', () => {\n    let container: testContainers;\n\n    beforeAll(async () => {\n      container = await new testContainers('amazon/dynamodb-local:latest', {\n        ...TCDynamoDBOptions,\n        ports: [\n          {\n            container: 8000,\n            host: 8002,\n          },\n        ],\n      });\n      await container.start();\n    });\n\n    afterAll(async () => {\n      await container.stop({ removeVolumes: true });\n    });\n\n    it('should be defined', () => {\n      expect(container).toBeDefined();\n      expect(container).toBeInstanceOf(testContainers);\n    });\n  });\n\n  describe('MongoDB', () => {\n    let container: testContainers;\n\n    beforeAll(async () => {\n      container = await new testContainers('mongo:5.0', {\n        ...TCMongoOptions,\n        ports: [\n          {\n            container: 27017,\n            host: 27012,\n          },\n        ],\n      });\n      await container.start();\n    });\n\n    afterAll(async () => {\n      await container.stop({ removeVolumes: true });\n    });\n\n    it('should be defined', () => {\n      expect(container).toBeDefined();\n      expect(container).toBeInstanceOf(testContainers);\n    });\n  });\n\n  describe('MySql', () => {\n    let container: testContainers;\n\n    beforeAll(async () => {\n      container = await new testContainers('mysql:5.7', {\n        ...TCMySqlOptions,\n        ports: [\n          {\n            container: 3306,\n            host: 52000,\n          },\n        ],\n      });\n      await container.start();\n    });\n\n    afterAll(async () => {\n      await container.stop({ removeVolumes: true });\n    });\n\n    it('should be defined', () => {\n      expect(container).toBeDefined();\n      expect(container).toBeInstanceOf(testContainers);\n    });\n  });\n\n  describe('Postgres', () => {\n    let container: testContainers;\n\n    beforeAll(async () => {\n      container = await new testContainers('postgres:13', TCPostgresOptions);\n      await container.start();\n    });\n\n    afterAll(async () => {\n      await container.stop({ removeVolumes: true });\n    });\n\n    it('should be defined', () => {\n      expect(container).toBeDefined();\n      expect(container).toBeInstanceOf(testContainers);\n    });\n  });\n\n  describe('ElasticSearch', () => {\n    let container: testContainers;\n\n    beforeAll(async () => {\n      container = await new testContainers('elasticsearch:8.3.3', {\n        ...TCElasticSearchOptions,\n        ports: [\n          {\n            container: 9200,\n            host: 9201,\n          },\n        ],\n      });\n      await container.start();\n    });\n\n    afterAll(async () => {\n      await container.stop({ removeVolumes: true });\n    });\n\n    it('should be defined', () => {\n      expect(container).toBeDefined();\n      expect(container).toBeInstanceOf(testContainers);\n    });\n  });\n});\n",
              "err": {},
              "uuid": "8cf602e2-47dd-4191-b0d6-de6cf8feff32",
              "parentUUID": "a03e9996-5fe3-4435-b84d-a12819cb0712",
              "isHook": false,
              "skipped": false
            },
            {
              "title": "TestContainers > Redis > should be defined",
              "fullTitle": "should be defined",
              "timedOut": false,
              "duration": 1,
              "state": "passed",
              "speed": null,
              "pass": true,
              "fail": false,
              "pending": false,
              "context": null,
              "code": "import { testContainers } from '../testcontainers';\nimport { StartedGenericContainer } from 'testcontainers/dist/src/generic-container/started-generic-container';\n\nimport {\n  TCRedisOptions,\n  TCDynamoDBOptions,\n  TCMongoOptions,\n  TCMySqlOptions,\n  TCPostgresOptions,\n  TCElasticSearchOptions,\n} from '../fixtures';\n\njest.setTimeout(70000);\ndescribe('TestContainers', () => {\n  describe('Redis', () => {\n    let container: testContainers;\n\n    beforeAll(async () => {\n      container = await new testContainers('redis:6.2-alpine', {\n        ...TCRedisOptions,\n        command: ['redis-server', '--appendonly', 'yes', '--requirepass', '123456'],\n        ports: [\n          {\n            container: 6379,\n            host: 6370,\n          },\n        ],\n      });\n      await container.start();\n    });\n\n    afterAll(async () => {\n      await container.stop({ removeVolumes: true });\n    });\n\n    it('should be defined', () => {\n      expect(container).toBeDefined();\n      expect(container).toBeInstanceOf(testContainers);\n    });\n\n    it('should be return exception of instance', async () => {\n      try {\n        await new testContainers('postgres:13', TCPostgresOptions);\n      } catch (error) {\n        expect(error.message).toBe('Use testContainers.getInstance() instead of new.');\n      }\n    });\n\n    it('should be get instance of test container', () => {\n      const instance = testContainers.getInstance();\n      expect(instance).toBeInstanceOf(testContainers);\n    });\n\n    it('should be return envs of instance', () => {\n      const instanceEnvs = container.getEnvs();\n      expect(instanceEnvs).toEqual(TCRedisOptions.envs);\n    });\n\n    it('should be return container instance', () => {\n      const instanceContainer = container.getContainer();\n      expect(instanceContainer).toBeDefined();\n      expect(instanceContainer).toBeInstanceOf(StartedGenericContainer);\n    });\n\n    it('should be return host of container instance', () => {\n      const instanceHost = container.getHost();\n      expect(instanceHost).toBeDefined();\n      expect(instanceHost).toEqual('localhost');\n    });\n\n    it('should be return name of container instance', () => {\n      const instanceContainerName = container.getName();\n      expect(instanceContainerName).toBeDefined();\n      expect(instanceContainerName).toContain(TCRedisOptions.containerName);\n    });\n\n    it('should be return mapped port', () => {\n      const mappedPort = container.getMappedPort(6379);\n      expect(mappedPort).toEqual(6370);\n    });\n  });\n\n  describe('DynamoDB', () => {\n    let container: testContainers;\n\n    beforeAll(async () => {\n      container = await new testContainers('amazon/dynamodb-local:latest', {\n        ...TCDynamoDBOptions,\n        ports: [\n          {\n            container: 8000,\n            host: 8002,\n          },\n        ],\n      });\n      await container.start();\n    });\n\n    afterAll(async () => {\n      await container.stop({ removeVolumes: true });\n    });\n\n    it('should be defined', () => {\n      expect(container).toBeDefined();\n      expect(container).toBeInstanceOf(testContainers);\n    });\n  });\n\n  describe('MongoDB', () => {\n    let container: testContainers;\n\n    beforeAll(async () => {\n      container = await new testContainers('mongo:5.0', {\n        ...TCMongoOptions,\n        ports: [\n          {\n            container: 27017,\n            host: 27012,\n          },\n        ],\n      });\n      await container.start();\n    });\n\n    afterAll(async () => {\n      await container.stop({ removeVolumes: true });\n    });\n\n    it('should be defined', () => {\n      expect(container).toBeDefined();\n      expect(container).toBeInstanceOf(testContainers);\n    });\n  });\n\n  describe('MySql', () => {\n    let container: testContainers;\n\n    beforeAll(async () => {\n      container = await new testC
[...]
              "err": {},
              "uuid": "90e1675c-445e-4927-8c48-808eed6d9a32",
              "parentUUID": "a03e9996-5fe3-4435-b84d-a12819cb0712",
              "isHook": false,
              "skipped": false
            },
            {
              "title": "Fixtures > appConfigBase > should be define MongoDB options",
              "fullTitle": "should be define MongoDB options",
              "timedOut": false,
              "duration": 4,
              "state": "passed",
              "speed": null,
              "pass": true,
              "fail": false,
              "pending": false,
              "context": null,
              "code": "import {\n  appConfigBase,\n  manifest,\n  TCRedisOptions,\n  TCMongoOptions,\n  TCMySqlOptions,\n  TCPostgresOptions,\n  TCElasticSearchOptions,\n  TCDynamoDBOptions,\n} from '../fixtures';\n\nconst containerName_prefix = 'tresdoce-test-container';\ndescribe('Fixtures', () => {\n  describe('appConfigBase', () => {\n    it('should be return appBaseConfig', async () => {\n      expect(appConfigBase).toBeDefined();\n      expect(appConfigBase).not.toBe(null);\n      expect(typeof appConfigBase).toBe('object');\n    });\n  });\n\n  describe('manifest', () => {\n    it('should be return appBaseConfig', async () => {\n      expect(manifest).toBeDefined();\n      expect(manifest).not.toBe(null);\n      expect(typeof manifest).toBe('object');\n    });\n  });\n\n  describe('TestContainers options', () => {\n    it('should be define Redis options', async () => {\n      expect(TCRedisOptions).toBeDefined();\n      expect(TCRedisOptions).not.toBe(null);\n      expect(typeof TCRedisOptions).toBe('object');\n      expect(TCRedisOptions.containerName).toEqual(`${containerName_prefix}-redis`);\n      expect(TCRedisOptions.ports).toEqual([\n        {\n          container: 6379,\n          host: 6379,\n        },\n      ]);\n    });\n\n    it('should be define DynamoDB options', async () => {\n      expect(TCDynamoDBOptions).toBeDefined();\n      expect(TCDynamoDBOptions).not.toBe(null);\n      expect(typeof TCDynamoDBOptions).toBe('object');\n      expect(TCDynamoDBOptions.containerName).toEqual(`${containerName_prefix}-dynamodb`);\n      expect(TCDynamoDBOptions.ports).toEqual([\n        {\n          container: 8000,\n          host: 8000,\n        },\n      ]);\n    });\n\n    it('should be define MongoDB options', async () => {\n      expect(TCMongoOptions).toBeDefined();\n      expect(TCMongoOptions).not.toBe(null);\n      expect(typeof TCMongoOptions).toBe('object');\n      expect(TCMongoOptions.containerName).toEqual(`${containerName_prefix}-mongo`);\n      expect(TCMongoOptions.ports).toEqual([\n        {\n          container: 27017,\n          host: 27017,\n        },\n      ]);\n    });\n\n    it('should be define MySql options', async () => {\n      expect(TCMySqlOptions).toBeDefined();\n      expect(TCMySqlOptions).not.toBe(null);\n      expect(typeof TCMySqlOptions).toBe('object');\n      expect(TCMySqlOptions.containerName).toEqual(`${containerName_prefix}-mysql`);\n      expect(TCMySqlOptions.ports).toEqual([\n        {\n          container: 3306,\n          host: 3306,\n        },\n      ]);\n    });\n\n    it('should be define Postgres options', async () => {\n      expect(TCPostgresOptions).toBeDefined();\n      expect(TCPostgresOptions).not.toBe(null);\n      expect(typeof TCPostgresOptions).toBe('object');\n      expect(TCPostgresOptions.containerName).toEqual(`${containerName_prefix}-postgres`);\n      expect(TCPostgresOptions.ports).toEqual([\n        {\n          container: 5432,\n          host: 5432,\n        },\n      ]);\n    });\n\n    it('should be define ElasticSearch options', async () => {\n      expect(TCElasticSearchOptions).toBeDefined();\n      expect(TCElasticSearchOptions).not.toBe(null);\n      expect(typeof TCElasticSearchOptions).toBe('object');\n      expect(TCElasticSearchOptions.containerName).toEqual(`${containerName_prefix}-elasticsearch`);\n      expect(TCElasticSearchOptions.ports).toEqual([\n        {\n          container: 9200,\n          host: 9200,\n        },\n      ]);\n    });\n  });\n});\n",
              "err": {},
              "uuid": "c8fbc61a-0ef9-45ca-88ef-874e0bc90294",
              "parentUUID": "a03e9996-5fe3-4435-b84d-a12819cb0712",
              "isHook": false,
              "skipped": false
            },
            {
              "title": "Fixtures > appConfigBase > should be define MySql options",
              "fullTitle": "should be define MySql options",
              "timedOut": false,
              "duration": 1,
              "state": "passed",
              "speed": null,
              "pass": true,
              "fail": false,
              "pending": false,
              "context": null,
              "code": "import {\n  appConfigBase,\n  manifest,\n  TCRedisOptions,\n  TCMongoOptions,\n  TCMySqlOptions,\n  TCPostgresOptions,\n  TCElasticSearchOptions,\n  TCDynamoDBOptions,\n} from '../fixtures';\n\nconst containerName_prefix = 'tresdoce-test-container';\ndescribe('Fixtures', () => {\n  describe('appConfigBase', () => {\n    it('should be return appBaseConfig', async () => {\n      expect(appConfigBase).toBeDefined();\n      expect(appConfigBase).not.toBe(null);\n      expect(typeof appConfigBase).toBe('object');\n    });\n  });\n\n  describe('manifest', () => {\n    it('should be return appBaseConfig', async () => {\n      expect(manifest).toBeDefined();\n      expect(manifest).not.toBe(null);\n      expect(typeof manifest).toBe('object');\n    });\n  });\n\n  describe('TestContainers options', () => {\n    it('should be define Redis options', async () => {\n      expect(TCRedisOptions).toBeDefined();\n      expect(TCRedisOptions).not.toBe(null);\n      expect(typeof TCRedisOptions).toBe('object');\n      expect(TCRedisOptions.containerName).toEqual(`${containerName_prefix}-redis`);\n      expect(TCRedisOptions.ports).toEqual([\n        {\n          container: 6379,\n          host: 6379,\n        },\n      ]);\n    });\n\n    it('should be define DynamoDB options', async () => {\n      expect(TCDynamoDBOptions).toBeDefined();\n      expect(TCDynamoDBOptions).not.toBe(null);\n      expect(typeof TCDynamoDBOptions).toBe('object');\n      expect(TCDynamoDBOptions.containerName).toEqual(`${containerName_prefix}-dynamodb`);\n      expect(TCDynamoDBOptions.ports).toEqual([\n        {\n          container: 8000,\n          host: 8000,\n        },\n      ]);\n    });\n\n    it('should be define MongoDB options', async () => {\n      expect(TCMongoOptions).toBeDefined();\n      expect(TCMongoOptions).not.toBe(null);\n      expect(typeof TCMongoOptions).toBe('object');\n      expect(TCMongoOptions.containerName).toEqual(`${containerName_prefix}-mongo`);\n      expect(TCMongoOptions.ports).toEqual([\n        {\n          container: 27017,\n          host: 27017,\n        },\n      ]);\n    });\n\n    it('should be define MySql options', async () => {\n      expect(TCMySqlOptions).toBeDefined();\n      expect(TCMySqlOptions).not.toBe(null);\n      expect(typeof TCMySqlOptions).toBe('object');\n      expect(TCMySqlOptions.containerName).toEqual(`${containerName_prefix}-mysql`);\n      expect(TCMySqlOptions.ports).toEqual([\n        {\n          container: 3306,\n          host: 3306,\n        },\n      ]);\n    });\n\n    it('should be define Postgres options', async () => {\n      expect(TCPostgresOptions).toBeDefined();\n      expect(TCPostgresOptions).not.toBe(null);\n      expect(typeof TCPostgresOptions).toBe('object');\n      expect(TCPostgresOptions.containerName).toEqual(`${containerName_prefix}-postgres`);\n      expect(TCPostgresOptions.ports).toEqual([\n        {\n          container: 5432,\n          host: 5432,\n        },\n      ]);\n    });\n\n    it('should be define ElasticSearch options', async () => {\n      expect(TCElasticSearchOptions).toBeDefined();\n      expect(TCElasticSearchOptions).not.toBe(null);\n      expect(typeof TCElasticSearchOptions).toBe('object');\n      expect(TCElasticSearchOptions.containerName).toEqual(`${containerName_prefix}-elasticsearch`);\n      expect(TCElasticSearchOptions.ports).toEqual([\n        {\n          container: 9200,\n          host: 9200,\n        },\n      ]);\n    });\n  });\n});\n",
              "err": {},
              "uuid": "cda9c01d-9db7-4384-9c0d-16afda93bf1a",
              "parentUUID": "a03e9996-5fe3-4435-b84d-a12819cb0712",
              "isHook": false,
              "skipped": false
            },
            {
              "title": "Fixtures > appConfigBase > should be define Postgres options",
              "fullTitle": "should be define Postgres options",
              "timedOut": false,
              "duration": 0,
              "state": "passed",
              "speed": null,
              "pass": true,
              "fail": false,
              "pending": false,
              "context": null,
              "code": "import {\n  appConfigBase,\n  manifest,\n  TCRedisOptions,\n  TCMongoOptions,\n  TCMySqlOptions,\n  TCPostgresOptions,\n  TCElasticSearchOptions,\n  TCDynamoDBOptions,\n} from '../fixtures';\n\nconst containerName_prefix = 'tresdoce-test-container';\ndescribe('Fixtures', () => {\n  describe('appConfigBase', () => {\n    it('should be return appBaseConfig', async () => {\n      expect(appConfigBase).toBeDefined();\n      expect(appConfigBase).not.toBe(null);\n      expect(typeof appConfigBase).toBe('object');\n    });\n  });\n\n  describe('manifest', () => {\n    it('should be return appBaseConfig', async () => {\n      expect(manifest).toBeDefined();\n      expect(manifest).not.toBe(null);\n      expect(typeof manifest).toBe('object');\n    });\n  });\n\n  describe('TestContainers options', () => {\n    it('should be define Redis options', async () => {\n      expect(TCRedisOptions).toBeDefined();\n      expect(TCRedisOptions).not.toBe(null);\n      expect(typeof TCRedisOptions).toBe('object');\n      expect(TCRedisOptions.containerName).toEqual(`${containerName_prefix}-redis`);\n      expect(TCRedisOptions.ports).toEqual([\n        {\n          container: 6379,\n          host: 6379,\n        },\n      ]);\n    });\n\n    it('should be define DynamoDB options', async () => {\n      expect(TCDynamoDBOptions).toBeDefined();\n      expect(TCDynamoDBOptions).not.toBe(null);\n      expect(typeof TCDynamoDBOptions).toBe('object');\n      expect(TCDynamoDBOptions.containerName).toEqual(`${containerName_prefix}-dynamodb`);\n      expect(TCDynamoDBOptions.ports).toEqual([\n        {\n          container: 8000,\n          host: 8000,\n        },\n      ]);\n    });\n\n    it('should be define MongoDB options', async () => {\n      expect(TCMongoOptions).toBeDefined();\n      expect(TCMongoOptions).not.toBe(null);\n      expect(typeof TCMongoOptions).toBe('object');\n      expect(TCMongoOptions.containerName).toEqual(`${containerName_prefix}-mongo`);\n      expect(TCMongoOptions.ports).toEqual([\n        {\n          container: 27017,\n          host: 27017,\n        },\n      ]);\n    });\n\n    it('should be define MySql options', async () => {\n      expect(TCMySqlOptions).toBeDefined();\n      expect(TCMySqlOptions).not.toBe(null);\n      expect(typeof TCMySqlOptions).toBe('object');\n      expect(TCMySqlOptions.containerName).toEqual(`${containerName_prefix}-mysql`);\n      expect(TCMySqlOptions.ports).toEqual([\n        {\n          container: 3306,\n          host: 3306,\n        },\n      ]);\n    });\n\n    it('should be define Postgres options', async () => {\n      expect(TCPostgresOptions).toBeDefined();\n      expect(TCPostgresOptions).not.toBe(null);\n      expect(typeof TCPostgresOptions).toBe('object');\n      expect(TCPostgresOptions.containerName).toEqual(`${containerName_prefix}-postgres`);\n      expect(TCPostgresOptions.ports).toEqual([\n        {\n          container: 5432,\n          host: 5432,\n        },\n      ]);\n    });\n\n    it('should be define ElasticSearch options', async () => {\n      expect(TCElasticSearchOptions).toBeDefined();\n      expect(TCElasticSearchOptions).not.toBe(null);\n      expect(typeof TCElasticSearchOptions).toBe('object');\n      expect(TCElasticSearchOptions.containerName).toEqual(`${containerName_prefix}-elasticsearch`);\n      expect(TCElasticSearchOptions.ports).toEqual([\n        {\n          container: 9200,\n          host: 9200,\n        },\n      ]);\n    });\n  });\n});\n",
              "err": {},
              "uuid": "69503fdf-e4f5-48f4-a856-3f7afa97c436",
              "parentUUID": "a03e9996-5fe3-4435-b84d-a12819cb0712",
              "isHook": false,
              "skipped": false
            },
            {
              "title": "Fixtures > appConfigBase > should be define ElasticSearch options",
              "fullTitle": "should be define ElasticSearch options",
              "timedOut": false,
              "duration": 1,
              "state": "passed",
              "speed": null,
              "pass": true,
              "fail": false,
              "pending": false,
              "context": null,
              "code": "import {\n  appConfigBase,\n  manifest,\n  TCRedisOptions,\n  TCMongoOptions,\n  TCMySqlOptions,\n  TCPostgresOptions,\n  TCElasticSearchOptions,\n  TCDynamoDBOptions,\n} from '../fixtures';\n\nconst containerName_prefix = 'tresdoce-test-container';\ndescribe('Fixtures', () => {\n  describe('appConfigBase', () => {\n    it('should be return appBaseConfig', async () => {\n      expect(appConfigBase).toBeDefined();\n      expect(appConfigBase).not.toBe(null);\n      expect(typeof appConfigBase).toBe('object');\n    });\n  });\n\n  describe('manifest', () => {\n    it('should be return appBaseConfig', async () => {\n      expect(manifest).toBeDefined();\n      expect(manifest).not.toBe(null);\n      expect(typeof manifest).toBe('object');\n    });\n  });\n\n  describe('TestContainers options', () => {\n    it('should be define Redis options', async () => {\n      expect(TCRedisOptions).toBeDefined();\n      expect(TCRedisOptions).not.toBe(null);\n      expect(typeof TCRedisOptions).toBe('object');\n      expect(TCRedisOptions.containerName).toEqual(`${containerName_prefix}-redis`);\n      expect(TCRedisOptions.ports).toEqual([\n        {\n          container: 6379,\n          host: 6379,\n        },\n      ]);\n    });\n\n    it('should be define DynamoDB options', async () => {\n      expect(TCDynamoDBOptions).toBeDefined();\n      expect(TCDynamoDBOptions).not.toBe(null);\n      expect(typeof TCDynamoDBOptions).toBe('object');\n      expect(TCDynamoDBOptions.containerName).toEqual(`${containerName_prefix}-dynamodb`);\n      expect(TCDynamoDBOptions.ports).toEqual([\n        {\n          container: 8000,\n          host: 8000,\n        },\n      ]);\n    });\n\n    it('should be define MongoDB options', async () => {\n      expect(TCMongoOptions).toBeDefined();\n      expect(TCMongoOptions).not.toBe(null);\n      expect(typeof TCMongoOptions).toBe('object');\n      expect(TCMongoOptions.containerName).toEqual(`${containerName_prefix}-mongo`);\n      expect(TCMongoOptions.ports).toEqual([\n        {\n          container: 27017,\n          host: 27017,\n        },\n      ]);\n    });\n\n    it('should be define MySql options', async () => {\n      expect(TCMySqlOptions).toBeDefined();\n      expect(TCMySqlOptions).not.toBe(null);\n      expect(typeof TCMySqlOptions).toBe('object');\n      expect(TCMySqlOptions.containerName).toEqual(`${containerName_prefix}-mysql`);\n      expect(TCMySqlOptions.ports).toEqual([\n        {\n          container: 3306,\n          host: 3306,\n        },\n      ]);\n    });\n\n    it('should be define Postgres options', async () => {\n      expect(TCPostgresOptions).toBeDefined();\n      expect(TCPostgresOptions).not.toBe(null);\n      expect(typeof TCPostgresOptions).toBe('object');\n      expect(TCPostgresOptions.containerName).toEqual(`${containerName_prefix}-postgres`);\n      expect(TCPostgresOptions.ports).toEqual([\n        {\n          container: 5432,\n          host: 5432,\n        },\n      ]);\n    });\n\n    it('should be define ElasticSearch options', async () => {\n      expect(TCElasticSearchOptions).toBeDefined();\n      expect(TCElasticSearchOptions).not.toBe(null);\n      expect(typeof TCElasticSearchOptions).toBe('object');\n      expect(TCElasticSearchOptions.containerName).toEqual(`${containerName_prefix}-elasticsearch`);\n      expect(TCElasticSearchOptions.ports).toEqual([\n        {\n          container: 9200,\n          host: 9200,\n        },\n      ]);\n    });\n  });\n});\n",
              "err": {},
              "uuid": "88a0ef4b-4926-4738-a615-088e28518ddc",
              "parentUUID": "a03e9996-5fe3-4435-b84d-a12819cb0712",
              "isHook": false,
              "skipped": false
            }
          ],
          "suites": [],
          "passes": [
            "2af5c65d-9cf3-4ce1-aa1c-cbdaadbe81ce",
            "4eb4fd3c-f9ba-47da-9d85-7b164b5eb40d",
            "9958e59e-25c8-47eb-8199-e17b2a04facb",
            "3767bd1b-3033-4745-8993-512034c42e63",
            "f2a4df9c-7dba-4df6-94aa-5f92d5984852",
            "b7cf2dbc-7d7c-4cf8-91d5-cea2a06c2058",
            "aeed953b-33a6-4ae5-907c-574c0c75b57a",
            "107e3b4e-e05e-44ae-bc33-fc39e5b1b79b",
            "e8092913-f6d6-4c3d-bc91-28b4e9b46925",
            "a15b6de4-99af-4a2e-937d-98a47d1e2184",
            "a9837a7b-416b-4419-a1bc-37258af3faf4",
            "a73c4ac8-b4b6-463a-9292-7299c5bf87a7",
            "0be35fc5-26ea-40e7-b313-cc21906a64d6",
            "8cf602e2-47dd-4191-b0d6-de6cf8feff32",
            "76f88b81-b9d8-445a-adb6-c74b17be7910",
            "66a541b4-9d6c-44c5-bb58-4b4d1ab311fe",
            "12038fbc-b62a-4fbe-b314-56459cae2277",
            "857f3cd8-7a4e-4155-9773-38d34d26ba82",
            "58e7afc3-3770-4e5e-a8f3-9be08f102736",
            "ffce6a39-e342-45d1-9da6-c2dbad7b984c",
            "56682aac-dd08-4904-9190-14fe1a3df812",
            "958339dd-d551-4388-a231-f36ce91b9ba7",
            "055bb7d4-1234-40bf-8a73-b20e1345d45d",
            "40139103-9e01-4141-b1ae-9ff004a87dfe",
            "684943f8-7870-47f3-a979-2beedf001d26",
            "90e1675c-445e-4927-8c48-808eed6d9a32",
            "c8fbc61a-0ef9-45ca-88ef-874e0bc90294",
            "cda9c01d-9db7-4384-9c0d-16afda93bf1a",
            "69503fdf-e4f5-48f4-a856-3f7afa97c436",
            "88a0ef4b-4926-4738-a615-088e28518ddc"
          ],
          "failures": [],
          "pending": [],
          "skipped": [],
          "duration": 48204,
          "root": false,
          "rootEmpty": false,
          "_timeout": 5000
        }
      ],
      "passes": [],
      "failures": [],
      "pending": [],
      "skipped": [],
      "duration": 0,
      "root": true,
      "rootEmpty": true,
      "_timeout": 5000
    }
  ]
}
