{
  "stats": {
    "suites": 5,
    "tests": 30,
    "passes": 30,
    "pending": 0,
    "failures": 0,
    "testsRegistered": 30,
    "passPercent": 100,
    "pendingPercent": 0,
    "other": 0,
    "hasOther": false,
    "skipped": 0,
    "hasSkipped": false,
    "start": "2023-05-02T17:43:16.702Z",
    "end": "2023-05-02T17:44:08.756Z",
    "duration": 52054
  },
  "results": [
    {
      "uuid": "813469af-e3de-4ec7-8157-a73f45478e8d",
      "title": "@tresdoce-nestjs-toolkit/test-utils",
      "fullFile": "",
      "file": "",
      "beforeHooks": [],
      "afterHooks": [],
      "tests": [],
      "suites": [
        {
          "uuid": "6e979939-54db-475a-95a1-0c839a924eff",
          "title": "@tresdoce-nestjs-toolkit/test-utils",
          "fullFile": "",
          "file": "",
          "beforeHooks": [],
          "afterHooks": [],
          "tests": [
            {
              "fullTitle": "globalTestContainers > should be initialize service from docker-compose.yml",
              "title": "globalTestContainers > should be initialize service from docker-compose.yml",
              "timedOut": false,
              "duration": 13252,
              "state": "passed",
              "speed": null,
              "pass": true,
              "fail": false,
              "pending": false,
              "context": null,
              "code": "import { StartedDockerComposeEnvironment } from 'testcontainers';\nimport { closeDockerCompose, initDockerCompose } from '../testcontainers';\nimport path from 'path';\n\ndescribe('globalTestContainers', () => {\n  const composeFilePath = path.resolve(__dirname, '..', 'fixtures', 'docker-compose');\n  const composeFile = 'docker-compose.yml';\n\n  it('should be initialize service from docker-compose.yml', async () => {\n    const services = ['mongo'];\n    const environment: StartedDockerComposeEnvironment = await initDockerCompose(\n      services,\n      composeFilePath,\n      composeFile,\n    )();\n    expect(environment).toBeDefined();\n    expect(environment).toBeInstanceOf(StartedDockerComposeEnvironment);\n    await closeDockerCompose({ removeVolumes: true })();\n  });\n\n  it('should be initialize all services from docker-compose.yml', async () => {\n    const services = [];\n    const environment: StartedDockerComposeEnvironment = await initDockerCompose(\n      services,\n      composeFilePath,\n      composeFile,\n    )();\n    expect(environment).toBeDefined();\n    expect(environment).toBeInstanceOf(StartedDockerComposeEnvironment);\n    await closeDockerCompose({ removeVolumes: true })();\n  });\n\n  it('should be initialize services from docker-compose.yml in default path and filename', async () => {\n    const services = [];\n    const environment: StartedDockerComposeEnvironment = await initDockerCompose(services)();\n    expect(environment).toBeDefined();\n    expect(environment).toBeInstanceOf(StartedDockerComposeEnvironment);\n    await closeDockerCompose({ removeVolumes: true })();\n  });\n});\n",
              "err": {},
              "uuid": "ce63ea34-461e-47c5-97f1-21226ceecc53",
              "parentUUID": "6e979939-54db-475a-95a1-0c839a924eff",
              "isHook": false,
              "skipped": false
            },
            {
              "fullTitle": "globalTestContainers > should be initialize all services from docker-compose.yml",
              "title": "globalTestContainers > should be initialize all services from docker-compose.yml",
              "timedOut": false,
              "duration": 16822,
              "state": "passed",
              "speed": null,
              "pass": true,
              "fail": false,
              "pending": false,
              "context": null,
              "code": "import { StartedDockerComposeEnvironment } from 'testcontainers';\nimport { closeDockerCompose, initDockerCompose } from '../testcontainers';\nimport path from 'path';\n\ndescribe('globalTestContainers', () => {\n  const composeFilePath = path.resolve(__dirname, '..', 'fixtures', 'docker-compose');\n  const composeFile = 'docker-compose.yml';\n\n  it('should be initialize service from docker-compose.yml', async () => {\n    const services = ['mongo'];\n    const environment: StartedDockerComposeEnvironment = await initDockerCompose(\n      services,\n      composeFilePath,\n      composeFile,\n    )();\n    expect(environment).toBeDefined();\n    expect(environment).toBeInstanceOf(StartedDockerComposeEnvironment);\n    await closeDockerCompose({ removeVolumes: true })();\n  });\n\n  it('should be initialize all services from docker-compose.yml', async () => {\n    const services = [];\n    const environment: StartedDockerComposeEnvironment = await initDockerCompose(\n      services,\n      composeFilePath,\n      composeFile,\n    )();\n    expect(environment).toBeDefined();\n    expect(environment).toBeInstanceOf(StartedDockerComposeEnvironment);\n    await closeDockerCompose({ removeVolumes: true })();\n  });\n\n  it('should be initialize services from docker-compose.yml in default path and filename', async () => {\n    const services = [];\n    const environment: StartedDockerComposeEnvironment = await initDockerCompose(services)();\n    expect(environment).toBeDefined();\n    expect(environment).toBeInstanceOf(StartedDockerComposeEnvironment);\n    await closeDockerCompose({ removeVolumes: true })();\n  });\n});\n",
              "err": {},
              "uuid": "61d15b1c-b48d-4f7a-9203-60fc9997eafb",
              "parentUUID": "6e979939-54db-475a-95a1-0c839a924eff",
              "isHook": false,
              "skipped": false
            },
            {
              "fullTitle": "globalTestContainers > should be initialize services from docker-compose.yml in default path and filename",
              "title": "globalTestContainers > should be initialize services from docker-compose.yml in default path and filename",
              "timedOut": false,
              "duration": 11892,
              "state": "passed",
              "speed": null,
              "pass": true,
              "fail": false,
              "pending": false,
              "context": null,
              "code": "import { StartedDockerComposeEnvironment } from 'testcontainers';\nimport { closeDockerCompose, initDockerCompose } from '../testcontainers';\nimport path from 'path';\n\ndescribe('globalTestContainers', () => {\n  const composeFilePath = path.resolve(__dirname, '..', 'fixtures', 'docker-compose');\n  const composeFile = 'docker-compose.yml';\n\n  it('should be initialize service from docker-compose.yml', async () => {\n    const services = ['mongo'];\n    const environment: StartedDockerComposeEnvironment = await initDockerCompose(\n      services,\n      composeFilePath,\n      composeFile,\n    )();\n    expect(environment).toBeDefined();\n    expect(environment).toBeInstanceOf(StartedDockerComposeEnvironment);\n    await closeDockerCompose({ removeVolumes: true })();\n  });\n\n  it('should be initialize all services from docker-compose.yml', async () => {\n    const services = [];\n    const environment: StartedDockerComposeEnvironment = await initDockerCompose(\n      services,\n      composeFilePath,\n      composeFile,\n    )();\n    expect(environment).toBeDefined();\n    expect(environment).toBeInstanceOf(StartedDockerComposeEnvironment);\n    await closeDockerCompose({ removeVolumes: true })();\n  });\n\n  it('should be initialize services from docker-compose.yml in default path and filename', async () => {\n    const services = [];\n    const environment: StartedDockerComposeEnvironment = await initDockerCompose(services)();\n    expect(environment).toBeDefined();\n    expect(environment).toBeInstanceOf(StartedDockerComposeEnvironment);\n    await closeDockerCompose({ removeVolumes: true })();\n  });\n});\n",
              "err": {},
              "uuid": "b10d896d-4a5a-455f-8a03-3ad54ce5145f",
              "parentUUID": "6e979939-54db-475a-95a1-0c839a924eff",
              "isHook": false,
              "skipped": false
            },
            {
              "fullTitle": "TestContainers > Redis > should be defined",
              "title": "TestContainers > Redis > should be defined",
              "timedOut": false,
              "duration": 1,
              "state": "passed",
              "speed": null,
              "pass": true,
              "fail": false,
              "pending": false,
              "context": null,
              "code": "import { testContainers } from '../testcontainers';\nimport { StartedGenericContainer } from 'testcontainers/dist/src/generic-container/started-generic-container';\n\nimport {\n  TCRedisOptions,\n  TCDynamoDBOptions,\n  TCMongoOptions,\n  TCMySqlOptions,\n  TCPostgresOptions,\n  TCElasticSearchOptions,\n} from '../fixtures';\n\njest.setTimeout(70000);\ndescribe('TestContainers', () => {\n  describe('Redis', () => {\n    let container: testContainers;\n\n    beforeAll(async () => {\n      container = await new testContainers('redis:6.2-alpine', {\n        ...TCRedisOptions,\n        command: ['redis-server', '--appendonly', 'yes', '--requirepass', '123456'],\n        ports: [\n          {\n            container: 6379,\n            host: 6370,\n          },\n        ],\n      });\n      await container.start();\n    });\n\n    afterAll(async () => {\n      await container.stop({ removeVolumes: true });\n    });\n\n    it('should be defined', () => {\n      expect(container).toBeDefined();\n      expect(container).toBeInstanceOf(testContainers);\n    });\n\n    it('should be return exception of instance', async () => {\n      try {\n        await new testContainers('postgres:13', TCPostgresOptions);\n      } catch (error) {\n        expect(error.message).toBe('Use testContainers.getInstance() instead of new.');\n      }\n    });\n\n    it('should be get instance of test container', () => {\n      const instance = testContainers.getInstance();\n      expect(instance).toBeInstanceOf(testContainers);\n    });\n\n    it('should be return envs of instance', () => {\n      const instanceEnvs = container.getEnvs();\n      expect(instanceEnvs).toEqual(TCRedisOptions.envs);\n    });\n\n    it('should be return container instance', () => {\n      const instanceContainer = container.getContainer();\n      expect(instanceContainer).toBeDefined();\n      expect(instanceContainer).toBeInstanceOf(StartedGenericContainer);\n    });\n\n    it('should be return host of container instance', () => {\n      const instanceHost = container.getHost();\n      expect(instanceHost).toBeDefined();\n      expect(instanceHost).toEqual('localhost');\n    });\n\n    it('should be return name of container instance', () => {\n      const instanceContainerName = container.getName();\n      expect(instanceContainerName).toBeDefined();\n      expect(instanceContainerName).toContain(TCRedisOptions.containerName);\n    });\n\n    it('should be return mapped port', () => {\n      const mappedPort = container.getMappedPort(6379);\n      expect(mappedPort).toEqual(6370);\n    });\n  });\n\n  describe('DynamoDB', () => {\n    let container: testContainers;\n\n    beforeAll(async () => {\n      container = await new testContainers('amazon/dynamodb-local:latest', {\n        ...TCDynamoDBOptions,\n        ports: [\n          {\n            container: 8000,\n            host: 8002,\n          },\n        ],\n      });\n      await container.start();\n    });\n\n    afterAll(async () => {\n      await container.stop({ removeVolumes: true });\n    });\n\n    it('should be defined', () => {\n      expect(container).toBeDefined();\n      expect(container).toBeInstanceOf(testContainers);\n    });\n  });\n\n  describe('MongoDB', () => {\n    let container: testContainers;\n\n    beforeAll(async () => {\n      container = await new testContainers('mongo:5.0', {\n        ...TCMongoOptions,\n        ports: [\n          {\n            container: 27017,\n            host: 27012,\n          },\n        ],\n      });\n      await container.start();\n    });\n\n    afterAll(async () => {\n      await container.stop({ removeVolumes: true });\n    });\n\n    it('should be defined', () => {\n      expect(container).toBeDefined();\n      expect(container).toBeInstanceOf(testContainers);\n    });\n  });\n\n  describe('MySql', () => {\n    let container: testContainers;\n\n    beforeAll(async () => {\n      container = await new testContainers('mysql:5.7', {\n        ...TCMySqlOptions,\n        ports: [\n          {\n            container: 3306,\n            host: 52000,\n          },\n        ],\n      });\n      await container.start();\n    });\n\n    afterAll(async () => {\n      await container.stop({ removeVolumes: true });\n    });\n\n    it('should be defined', () => {\n      expect(container).toBeDefined();\n      expect(container).toBeInstanceOf(testContainers);\n    });\n  });\n\n  describe('Postgres', () => {\n    let container: testContainers;\n\n    beforeAll(async () => {\n      container = await new testContainers('postgres:13', TCPostgresOptions);\n      await container.start();\n    });\n\n    afterAll(async () => {\n      await container.stop({ removeVolumes: true });\n    });\n\n    it('should be defined', () => {\n      expect(container).toBeDefined();\n      expect(container).toBeInstanceOf(testContainers);\n    });\n  });\n\n  describe('ElasticSearch', () => {\n    let container: testContainers;\n\n    beforeAll(async () => {\n      container = await new testContainers('elasticsearch:8.3.3', {\n        ...TCElasticSearchOptions,\n        ports: [\n          {\n            container: 9200,\n            host: 9201,\n          },\n        ],\n      });\n      await container.start();\n    });\n\n    afterAll(async () => {\n      await container.stop({ removeVolumes: true });\n    });\n\n    it('should be defined', () => {\n      expect(container).toBeDefined();\n      expect(container).toBeInstanceOf(testContainers);\n    });\n  });\n});\n",
              "err": {},
              "uuid": "3bb75812-9e48-4f77-9098-0e2ac00665ef",
              "parentUUID": "6e979939-54db-475a-95a1-0c839a924eff",
              "isHook": false,
              "skipped": false
            },
            {
              "fullTitle": "TestContainers > Redis > should be return exception of instance",
              "title": "TestContainers > Redis > should be return exception of instance",
              "timedOut": false,
              "duration": 0,
              "state": "passed",
              "speed": null,
              "pass": true,
              "fail": false,
              "pending": false,
              "context": null,
              "code": "import { testContainers } from '../testcontainers';\nimport { StartedGenericContainer } from 'testcontainers/dist/src/generic-container/started-generic-container';\n\nimport {\n  TCRedisOptions,\n  TCDynamoDBOptions,\n  TCMongoOptions,\n  TCMySqlOptions,\n  TCPostgresOptions,\n  TCElasticSearchOptions,\n} from '../fixtures';\n\njest.setTimeout(70000);\ndescribe('TestContainers', () => {\n  describe('Redis', () => {\n    let container: testContainers;\n\n    beforeAll(async () => {\n      container = await new testContainers('redis:6.2-alpine', {\n        ...TCRedisOptions,\n        command: ['redis-server', '--appendonly', 'yes', '--requirepass', '123456'],\n        ports: [\n          {\n            container: 6379,\n            host: 6370,\n          },\n        ],\n      });\n      await container.start();\n    });\n\n    afterAll(async () => {\n      await container.stop({ removeVolumes: true });\n    });\n\n    it('should be defined', () => {\n      expect(container).toBeDefined();\n      expect(container).toBeInstanceOf(testContainers);\n    });\n\n    it('should be return exception of instance', async () => {\n      try {\n        await new testContainers('postgres:13', TCPostgresOptions);\n      } catch (error) {\n        expect(error.message).toBe('Use testContainers.getInstance() instead of new.');\n      }\n    });\n\n    it('should be get instance of test container', () => {\n      const instance = testContainers.getInstance();\n      expect(instance).toBeInstanceOf(testContainers);\n    });\n\n    it('should be return envs of instance', () => {\n      const instanceEnvs = container.getEnvs();\n      expect(instanceEnvs).toEqual(TCRedisOptions.envs);\n    });\n\n    it('should be return container instance', () => {\n      const instanceContainer = container.getContainer();\n      expect(instanceContainer).toBeDefined();\n      expect(instanceContainer).toBeInstanceOf(StartedGenericContainer);\n    });\n\n    it('should be return host of container instance', () => {\n      const instanceHost = container.getHost();\n      expect(instanceHost).toBeDefined();\n      expect(instanceHost).toEqual('localhost');\n    });\n\n    it('should be return name of container instance', () => {\n      const instanceContainerName = container.getName();\n      expect(instanceContainerName).toBeDefined();\n      expect(instanceContainerName).toContain(TCRedisOptions.containerName);\n    });\n\n    it('should be return mapped port', () => {\n      const mappedPort = container.getMappedPort(6379);\n      expect(mappedPort).toEqual(6370);\n    });\n  });\n\n  describe('DynamoDB', () => {\n    let container: testContainers;\n\n    beforeAll(async () => {\n      container = await new testContainers('amazon/dynamodb-local:latest', {\n        ...TCDynamoDBOptions,\n        ports: [\n          {\n            container: 8000,\n            host: 8002,\n          },\n        ],\n      });\n      await container.start();\n    });\n\n    afterAll(async () => {\n      await container.stop({ removeVolumes: true });\n    });\n\n    it('should be defined', () => {\n      expect(container).toBeDefined();\n      expect(container).toBeInstanceOf(testContainers);\n    });\n  });\n\n  describe('MongoDB', () => {\n    let container: testContainers;\n\n    beforeAll(async () => {\n      container = await new testContainers('mongo:5.0', {\n        ...TCMongoOptions,\n        ports: [\n          {\n            container: 27017,\n            host: 27012,\n          },\n        ],\n      });\n      await container.start();\n    });\n\n    afterAll(async () => {\n      await container.stop({ removeVolumes: true });\n    });\n\n    it('should be defined', () => {\n      expect(container).toBeDefined();\n      expect(container).toBeInstanceOf(testContainers);\n    });\n  });\n\n  describe('MySql', () => {\n    let container: testContainers;\n\n    beforeAll(async () => {\n      container = await new testContainers('mysql:5.7', {\n        ...TCMySqlOptions,\n        ports: [\n          {\n            container: 3306,\n            host: 52000,\n          },\n        ],\n      });\n      await container.start();\n    });\n\n    afterAll(async () => {\n      await container.stop({ removeVolumes: true });\n    });\n\n    it('should be defined', () => {\n      expect(container).toBeDefined();\n      expect(container).toBeInstanceOf(testContainers);\n    });\n  });\n\n  describe('Postgres', () => {\n    let container: testContainers;\n\n    beforeAll(async () => {\n      container = await new testContainers('postgres:13', TCPostgresOptions);\n      await container.start();\n    });\n\n    afterAll(async () => {\n      await container.stop({ removeVolumes: true });\n    });\n\n    it('should be defined', () => {\n      expect(container).toBeDefined();\n      expect(container).toBeInstanceOf(testContainers);\n    });\n  });\n\n  describe('ElasticSearch', () => {\n    let container: testContainers;\n\n    beforeAll(async () => {\n      container = await new testContainers('elasticsearch:8.3.3', {\n        ...TCElasticSearchOptions,\n        ports: [\n          {\n            container: 9200,\n            host: 9201,\n          },\n        ],\n      });\n      await container.start();\n    });\n\n    afterAll(async () => {\n      await container.stop({ removeVolumes: true });\n    });\n\n    it('should be defined', () => {\n      expect(container).toBeDefined();\n      expect(container).toBeInstanceOf(testContainers);\n    });\n  });\n});\n",
              "err": {},
              "uuid": "bc67bf46-aba0-40f5-bf81-eed171fc4618",
              "parentUUID": "6e979939-54db-475a-95a1-0c839a924eff",
              "isHook": false,
              "skipped": false
            },
            {
              "fullTitle": "TestContainers > Redis > should be get instance of test container",
              "title": "TestContainers > Redis > should be get instance of test container",
              "timedOut": false,
              "duration": 1,
              "state": "passed",
              "speed": null,
              "pass": true,
              "fail": false,
              "pending": false,
              "context": null,
              "code": "import { testContainers } from '../testcontainers';\nimport { StartedGenericContainer } from 'testcontainers/dist/src/generic-container/started-generic-container';\n\nimport {\n  TCRedisOptions,\n  TCDynamoDBOptions,\n  TCMongoOptions,\n  TCMySqlOptions,\n  TCPostgresOptions,\n  TCElasticSearchOptions,\n} from '../fixtures';\n\njest.setTimeout(70000);\ndescribe('TestContainers', () => {\n  describe('Redis', () => {\n    let container: testContainers;\n\n    beforeAll(async () => {\n      container = await new testContainers('redis:6.2-alpine', {\n        ...TCRedisOptions,\n        command: ['redis-server', '--appendonly', 'yes', '--requirepass', '123456'],\n        ports: [\n          {\n            container: 6379,\n            host: 6370,\n          },\n        ],\n      });\n      await container.start();\n    });\n\n    afterAll(async () => {\n      await container.stop({ removeVolumes: true });\n    });\n\n    it('should be defined', () => {\n      expect(container).toBeDefined();\n      expect(container).toBeInstanceOf(testContainers);\n    });\n\n    it('should be return exception of instance', async () => {\n      try {\n        await new testContainers('postgres:13', TCPostgresOptions);\n      } catch (error) {\n        expect(error.message).toBe('Use testContainers.getInstance() instead of new.');\n      }\n    });\n\n    it('should be get instance of test container', () => {\n      const instance = testContainers.getInstance();\n      expect(instance).toBeInstanceOf(testContainers);\n    });\n\n    it('should be return envs of instance', () => {\n      const instanceEnvs = container.getEnvs();\n      expect(instanceEnvs).toEqual(TCRedisOptions.envs);\n    });\n\n    it('should be return container instance', () => {\n      const instanceContainer = container.getContainer();\n      expect(instanceContainer).toBeDefined();\n      expect(instanceContainer).toBeInstanceOf(StartedGenericContainer);\n    });\n\n    it('should be return host of container instance', () => {\n      const instanceHost = container.getHost();\n      expect(instanceHost).toBeDefined();\n      expect(instanceHost).toEqual('localhost');\n    });\n\n    it('should be return name of container instance', () => {\n      const instanceContainerName = container.getName();\n      expect(instanceContainerName).toBeDefined();\n      expect(instanceContainerName).toContain(TCRedisOptions.containerName);\n    });\n\n    it('should be return mapped port', () => {\n      const mappedPort = container.getMappedPort(6379);\n      expect(mappedPort).toEqual(6370);\n    });\n  });\n\n  describe('DynamoDB', () => {\n    let container: testContainers;\n\n    beforeAll(async () => {\n      container = await new testContainers('amazon/dynamodb-local:latest', {\n        ...TCDynamoDBOptions,\n        ports: [\n          {\n            container: 8000,\n            host: 8002,\n          },\n        ],\n      });\n      await container.start();\n    });\n\n    afterAll(async () => {\n      await container.stop({ removeVolumes: true });\n    });\n\n    it('should be defined', () => {\n      expect(container).toBeDefined();\n      expect(container).toBeInstanceOf(testContainers);\n    });\n  });\n\n  describe('MongoDB', () => {\n    let container: testContainers;\n\n    beforeAll(async () => {\n      container = await new testContainers('mongo:5.0', {\n        ...TCMongoOptions,\n        ports: [\n          {\n            container: 27017,\n            host: 27012,\n          },\n        ],\n      });\n      await container.start();\n    });\n\n    afterAll(async () => {\n      await container.stop({ removeVolumes: true });\n    });\n\n    it('should be defined', () => {\n      expect(container).toBeDefined();\n      expect(container).toBeInstanceOf(testContainers);\n    });\n  });\n\n  describe('MySql', () => {\n    let container: testContainers;\n\n    beforeAll(async () => {\n      container = await new testContainers('mysql:5.7', {\n        ...TCMySqlOptions,\n        ports: [\n          {\n            container: 3306,\n            host: 52000,\n          },\n        ],\n      });\n      await container.start();\n    });\n\n    afterAll(async () => {\n      await container.stop({ removeVolumes: true });\n    });\n\n    it('should be defined', () => {\n      expect(container).toBeDefined();\n      expect(container).toBeInstanceOf(testContainers);\n    });\n  });\n\n  describe('Postgres', () => {\n    let container: testContainers;\n\n    beforeAll(async () => {\n      container = await new testContainers('postgres:13', TCPostgresOptions);\n      await container.start();\n    });\n\n    afterAll(async () => {\n      await container.stop({ removeVolumes: true });\n    });\n\n    it('should be defined', () => {\n      expect(container).toBeDefined();\n      expect(container).toBeInstanceOf(testContainers);\n    });\n  });\n\n  describe('ElasticSearch', () => {\n    let container: testContainers;\n\n    beforeAll(async () => {\n      container = await new testContainers('elasticsearch:8.3.3', {\n        ...TCElasticSearchOptions,\n        ports: [\n          {\n            container: 9200,\n            host: 9201,\n          },\n        ],\n      });\n      await container.start();\n    });\n\n    afterAll(async () => {\n      await container.stop({ removeVolumes: true });\n    });\n\n    it('should be defined', () => {\n      expect(container).toBeDefined();\n      expect(container).toBeInstanceOf(testContainers);\n    });\n  });\n});\n",
              "err": {},
              "uuid": "d2567b14-b63e-4076-829c-1518ff40058d",
              "parentUUID": "6e979939-54db-475a-95a1-0c839a924eff",
              "isHook": false,
              "skipped": false
            },
            {
              "fullTitle": "TestContainers > Redis > should be return envs of instance",
              "title": "TestContainers > Redis > should be return envs of instance",
              "timedOut": false,
              "duration": 1,
              "state": "passed",
              "speed": null,
              "pass": true,
              "fail": false,
              "pending": false,
              "context": null,
              "code": "import { testContainers } from '../testcontainers';\nimport { StartedGenericContainer } from 'testcontainers/dist/src/generic-container/started-generic-container';\n\nimport {\n  TCRedisOptions,\n  TCDynamoDBOptions,\n  TCMongoOptions,\n  TCMySqlOptions,\n  TCPostgresOptions,\n  TCElasticSearchOptions,\n} from '../fixtures';\n\njest.setTimeout(70000);\ndescribe('TestContainers', () => {\n  describe('Redis', () => {\n    let container: testContainers;\n\n    beforeAll(async () => {\n      container = await new testContainers('redis:6.2-alpine', {\n        ...TCRedisOptions,\n        command: ['redis-server', '--appendonly', 'yes', '--requirepass', '123456'],\n        ports: [\n          {\n            container: 6379,\n            host: 6370,\n          },\n        ],\n      });\n      await container.start();\n    });\n\n    afterAll(async () => {\n      await container.stop({ removeVolumes: true });\n    });\n\n    it('should be defined', () => {\n      expect(container).toBeDefined();\n      expect(container).toBeInstanceOf(testContainers);\n    });\n\n    it('should be return exception of instance', async () => {\n      try {\n        await new testContainers('postgres:13', TCPostgresOptions);\n      } catch (error) {\n        expect(error.message).toBe('Use testContainers.getInstance() instead of new.');\n      }\n    });\n\n    it('should be get instance of test container', () => {\n      const instance = testContainers.getInstance();\n      expect(instance).toBeInstanceOf(testContainers);\n    });\n\n    it('should be return envs of instance', () => {\n      const instanceEnvs = container.getEnvs();\n      expect(instanceEnvs).toEqual(TCRedisOptions.envs);\n    });\n\n    it('should be return container instance', () => {\n      const instanceContainer = container.getContainer();\n      expect(instanceContainer).toBeDefined();\n      expect(instanceContainer).toBeInstanceOf(StartedGenericContainer);\n    });\n\n    it('should be return host of container instance', () => {\n      const instanceHost = container.getHost();\n      expect(instanceHost).toBeDefined();\n      expect(instanceHost).toEqual('localhost');\n    });\n\n    it('should be return name of container instance', () => {\n      const instanceContainerName = container.getName();\n      expect(instanceContainerName).toBeDefined();\n      expect(instanceContainerName).toContain(TCRedisOptions.containerName);\n    });\n\n    it('should be return mapped port', () => {\n      const mappedPort = container.getMappedPort(6379);\n      expect(mappedPort).toEqual(6370);\n    });\n  });\n\n  describe('DynamoDB', () => {\n    let container: testContainers;\n\n    beforeAll(async () => {\n      container = await new testContainers('amazon/dynamodb-local:latest', {\n        ...TCDynamoDBOptions,\n        ports: [\n          {\n            container: 8000,\n            host: 8002,\n          },\n        ],\n      });\n      await container.start();\n    });\n\n    afterAll(async () => {\n      await container.stop({ removeVolumes: true });\n    });\n\n    it('should be defined', () => {\n      expect(container).toBeDefined();\n      expect(container).toBeInstanceOf(testContainers);\n    });\n  });\n\n  describe('MongoDB', () => {\n    let container: testContainers;\n\n    beforeAll(async () => {\n      container = await new testContainers('mongo:5.0', {\n        ...TCMongoOptions,\n        ports: [\n          {\n            container: 27017,\n            host: 27012,\n          },\n        ],\n      });\n      await container.start();\n    });\n\n    afterAll(async () => {\n      await container.stop({ removeVolumes: true });\n    });\n\n    it('should be defined', () => {\n      expect(container).toBeDefined();\n      expect(container).toBeInstanceOf(testContainers);\n    });\n  });\n\n  describe('MySql', () => {\n    let container: testContainers;\n\n    beforeAll(async () => {\n      container = await new testContainers('mysql:5.7', {\n        ...TCMySqlOptions,\n        ports: [\n          {\n            container: 3306,\n            host: 52000,\n          },\n        ],\n      });\n      await container.start();\n    });\n\n    afterAll(async () => {\n      await container.stop({ removeVolumes: true });\n    });\n\n    it('should be defined', () => {\n      expect(container).toBeDefined();\n      expect(container).toBeInstanceOf(testContainers);\n    });\n  });\n\n  describe('Postgres', () => {\n    let container: testContainers;\n\n    beforeAll(async () => {\n      container = await new testContainers('postgres:13', TCPostgresOptions);\n      await container.start();\n    });\n\n    afterAll(async () => {\n      await container.stop({ removeVolumes: true });\n    });\n\n    it('should be defined', () => {\n      expect(container).toBeDefined();\n      expect(container).toBeInstanceOf(testContainers);\n    });\n  });\n\n  describe('ElasticSearch', () => {\n    let container: testContainers;\n\n    beforeAll(async () => {\n      container = await new testContainers('elasticsearch:8.3.3', {\n        ...TCElasticSearchOptions,\n        ports: [\n          {\n            container: 9200,\n            host: 9201,\n          },\n        ],\n      });\n      await container.start();\n    });\n\n    afterAll(async () => {\n      await container.stop({ removeVolumes: true });\n    });\n\n    it('should be defined', () => {\n      expect(container).toBeDefined();\n      expect(container).toBeInstanceOf(testContainers);\n    });\n  });\n});\n",
              "err": {},
              "uuid": "89447f0f-35f5-4549-b27d-ff5a916ba003",
              "parentUUID": "6e979939-54db-475a-95a1-0c839a924eff",
              "isHook": false,
              "skipped": false
            },
            {
              "fullTitle": "TestContainers > Redis > should be return container instance",
              "title": "TestContainers > Redis > should be return container instance",
              "timedOut": false,
              "duration": 0,
              "state": "passed",
              "speed": null,
              "pass": true,
              "fail": false,
              "pending": false,
              "context": null,
              "code": "import { testContainers } from '../testcontainers';\nimport { StartedGenericContainer } from 'testcontainers/dist/src/generic-container/started-generic-container';\n\nimport {\n  TCRedisOptions,\n  TCDynamoDBOptions,\n  TCMongoOptions,\n  TCMySqlOptions,\n  TCPostgresOptions,\n  TCElasticSearchOptions,\n} from '../fixtures';\n\njest.setTimeout(70000);\ndescribe('TestContainers', () => {\n  describe('Redis', () => {\n    let container: testContainers;\n\n    beforeAll(async () => {\n      container = await new testContainers('redis:6.2-alpine', {\n        ...TCRedisOptions,\n        command: ['redis-server', '--appendonly', 'yes', '--requirepass', '123456'],\n        ports: [\n          {\n            container: 6379,\n            host: 6370,\n          },\n        ],\n      });\n      await container.start();\n    });\n\n    afterAll(async () => {\n      await container.stop({ removeVolumes: true });\n    });\n\n    it('should be defined', () => {\n      expect(container).toBeDefined();\n      expect(container).toBeInstanceOf(testContainers);\n    });\n\n    it('should be return exception of instance', async () => {\n      try {\n        await new testContainers('postgres:13', TCPostgresOptions);\n      } catch (error) {\n        expect(error.message).toBe('Use testContainers.getInstance() instead of new.');\n      }\n    });\n\n    it('should be get instance of test container', () => {\n      const instance = testContainers.getInstance();\n      expect(instance).toBeInstanceOf(testContainers);\n    });\n\n    it('should be return envs of instance', () => {\n      const instanceEnvs = container.getEnvs();\n      expect(instanceEnvs).toEqual(TCRedisOptions.envs);\n    });\n\n    it('should be return container instance', () => {\n      const instanceContainer = container.getContainer();\n      expect(instanceContainer).toBeDefined();\n      expect(instanceContainer).toBeInstanceOf(StartedGenericContainer);\n    });\n\n    it('should be return host of container instance', () => {\n      const instanceHost = container.getHost();\n      expect(instanceHost).toBeDefined();\n      expect(instanceHost).toEqual('localhost');\n    });\n\n    it('should be return name of container instance', () => {\n      const instanceContainerName = container.getName();\n      expect(instanceContainerName).toBeDefined();\n      expect(instanceContainerName).toContain(TCRedisOptions.containerName);\n    });\n\n    it('should be return mapped port', () => {\n      const mappedPort = container.getMappedPort(6379);\n      expect(mappedPort).toEqual(6370);\n    });\n  });\n\n  describe('DynamoDB', () => {\n    let container: testContainers;\n\n    beforeAll(async () => {\n      container = await new testContainers('amazon/dynamodb-local:latest', {\n        ...TCDynamoDBOptions,\n        ports: [\n          {\n            container: 8000,\n            host: 8002,\n          },\n        ],\n      });\n      await container.start();\n    });\n\n    afterAll(async () => {\n      await container.stop({ removeVolumes: true });\n    });\n\n    it('should be defined', () => {\n      expect(container).toBeDefined();\n      expect(container).toBeInstanceOf(testContainers);\n    });\n  });\n\n  describe('MongoDB', () => {\n    let container: testContainers;\n\n    beforeAll(async () => {\n      container = await new testContainers('mongo:5.0', {\n        ...TCMongoOptions,\n        ports: [\n          {\n            container: 27017,\n            host: 27012,\n          },\n        ],\n      });\n      await container.start();\n    });\n\n    afterAll(async () => {\n      await container.stop({ removeVolumes: true });\n    });\n\n    it('should be defined', () => {\n      expect(container).toBeDefined();\n      expect(container).toBeInstanceOf(testContainers);\n    });\n  });\n\n  describe('MySql', () => {\n    let container: testContainers;\n\n    beforeAll(async () => {\n      container = await new testContainers('mysql:5.7', {\n        ...TCMySqlOptions,\n        ports: [\n          {\n            container: 3306,\n            host: 52000,\n          },\n        ],\n      });\n      await container.start();\n    });\n\n    afterAll(async () => {\n      await container.stop({ removeVolumes: true });\n    });\n\n    it('should be defined', () => {\n      expect(container).toBeDefined();\n      expect(container).toBeInstanceOf(testContainers);\n    });\n  });\n\n  describe('Postgres', () => {\n    let container: testContainers;\n\n    beforeAll(async () => {\n      container = await new testContainers('postgres:13', TCPostgresOptions);\n      await container.start();\n    });\n\n    afterAll(async () => {\n      await container.stop({ removeVolumes: true });\n    });\n\n    it('should be defined', () => {\n      expect(container).toBeDefined();\n      expect(container).toBeInstanceOf(testContainers);\n    });\n  });\n\n  describe('ElasticSearch', () => {\n    let container: testContainers;\n\n    beforeAll(async () => {\n      container = await new testContainers('elasticsearch:8.3.3', {\n        ...TCElasticSearchOptions,\n        ports: [\n          {\n            container: 9200,\n            host: 9201,\n          },\n        ],\n      });\n      await container.start();\n    });\n\n    afterAll(async () => {\n      await container.stop({ removeVolumes: true });\n    });\n\n    it('should be defined', () => {\n      expect(container).toBeDefined();\n      expect(container).toBeInstanceOf(testContainers);\n    });\n  });\n});\n",
              "err": {},
              "uuid": "ce0efe7e-46a8-4758-93f3-a3d4adf1a7cf",
              "parentUUID": "6e979939-54db-475a-95a1-0c839a924eff",
              "isHook": false,
              "skipped": false
            },
            {
              "fullTitle": "TestContainers > Redis > should be return host of container instance",
              "title": "TestContainers > Redis > should be return host of container instance",
              "timedOut": false,
              "duration": 1,
              "state": "passed",
              "speed": null,
              "pass": true,
              "fail": false,
              "pending": false,
              "context": null,
              "code": "import { testContainers } from '../testcontainers';\nimport { StartedGenericContainer } from 'testcontainers/dist/src/generic-container/started-generic-container';\n\nimport {\n  TCRedisOptions,\n  TCDynamoDBOptions,\n  TCMongoOptions,\n  TCMySqlOptions,\n  TCPostgresOptions,\n  TCElasticSearchOptions,\n} from '../fixtures';\n\njest.setTimeout(70000);\ndescribe('TestContainers', () => {\n  describe('Redis', () => {\n    let container: testContainers;\n\n    beforeAll(async () => {\n      container = await new testContainers('redis:6.2-alpine', {\n        ...TCRedisOptions,\n        command: ['redis-server', '--appendonly', 'yes', '--requirepass', '123456'],\n        ports: [\n          {\n            container: 6379,\n            host: 6370,\n          },\n        ],\n      });\n      await container.start();\n    });\n\n    afterAll(async () => {\n      await container.stop({ removeVolumes: true });\n    });\n\n    it('should be defined', () => {\n      expect(container).toBeDefined();\n      expect(container).toBeInstanceOf(testContainers);\n    });\n\n    it('should be return exception of instance', async () => {\n      try {\n        await new testContainers('postgres:13', TCPostgresOptions);\n      } catch (error) {\n        expect(error.message).toBe('Use testContainers.getInstance() instead of new.');\n      }\n    });\n\n    it('should be get instance of test container', () => {\n      const instance = testContainers.getInstance();\n      expect(instance).toBeInstanceOf(testContainers);\n    });\n\n    it('should be return envs of instance', () => {\n      const instanceEnvs = container.getEnvs();\n      expect(instanceEnvs).toEqual(TCRedisOptions.envs);\n    });\n\n    it('should be return container instance', () => {\n      const instanceContainer = container.getContainer();\n      expect(instanceContainer).toBeDefined();\n      expect(instanceContainer).toBeInstanceOf(StartedGenericContainer);\n    });\n\n    it('should be return host of container instance', () => {\n      const instanceHost = container.getHost();\n      expect(instanceHost).toBeDefined();\n      expect(instanceHost).toEqual('localhost');\n    });\n\n    it('should be return name of container instance', () => {\n      const instanceContainerName = container.getName();\n      expect(instanceContainerName).toBeDefined();\n      expect(instanceContainerName).toContain(TCRedisOptions.containerName);\n    });\n\n    it('should be return mapped port', () => {\n      const mappedPort = container.getMappedPort(6379);\n      expect(mappedPort).toEqual(6370);\n    });\n  });\n\n  describe('DynamoDB', () => {\n    let container: testContainers;\n\n    beforeAll(async () => {\n      container = await new testContainers('amazon/dynamodb-local:latest', {\n        ...TCDynamoDBOptions,\n        ports: [\n          {\n            container: 8000,\n            host: 8002,\n          },\n        ],\n      });\n      await container.start();\n    });\n\n    afterAll(async () => {\n      await container.stop({ removeVolumes: true });\n    });\n\n    it('should be defined', () => {\n      expect(container).toBeDefined();\n      expect(container).toBeInstanceOf(testContainers);\n    });\n  });\n\n  describe('MongoDB', () => {\n    let container: testContainers;\n\n    beforeAll(async () => {\n      container = await new testContainers('mongo:5.0', {\n        ...TCMongoOptions,\n        ports: [\n          {\n            container: 27017,\n            host: 27012,\n          },\n        ],\n      });\n      await container.start();\n    });\n\n    afterAll(async () => {\n      await container.stop({ removeVolumes: true });\n    });\n\n    it('should be defined', () => {\n      expect(container).toBeDefined();\n      expect(container).toBeInstanceOf(testContainers);\n    });\n  });\n\n  describe('MySql', () => {\n    let container: testContainers;\n\n    beforeAll(async () => {\n      container = await new testContainers('mysql:5.7', {\n        ...TCMySqlOptions,\n        ports: [\n          {\n            container: 3306,\n            host: 52000,\n          },\n        ],\n      });\n      await container.start();\n    });\n\n    afterAll(async () => {\n      await container.stop({ removeVolumes: true });\n    });\n\n    it('should be defined', () => {\n      expect(container).toBeDefined();\n      expect(container).toBeInstanceOf(testContainers);\n    });\n  });\n\n  describe('Postgres', () => {\n    let container: testContainers;\n\n    beforeAll(async () => {\n      container = await new testContainers('postgres:13', TCPostgresOptions);\n      await container.start();\n    });\n\n    afterAll(async () => {\n      await container.stop({ removeVolumes: true });\n    });\n\n    it('should be defined', () => {\n      expect(container).toBeDefined();\n      expect(container).toBeInstanceOf(testContainers);\n    });\n  });\n\n  describe('ElasticSearch', () => {\n    let container: testContainers;\n\n    beforeAll(async () => {\n      container = await new testContainers('elasticsearch:8.3.3', {\n        ...TCElasticSearchOptions,\n        ports: [\n          {\n            container: 9200,\n            host: 9201,\n          },\n        ],\n      });\n      await container.start();\n    });\n\n    afterAll(async () => {\n      await container.stop({ removeVolumes: true });\n    });\n\n    it('should be defined', () => {\n      expect(container).toBeDefined();\n      expect(container).toBeInstanceOf(testContainers);\n    });\n  });\n});\n",
              "err": {},
              "uuid": "8affc612-ac8a-4184-8675-45f6ac680172",
              "parentUUID": "6e979939-54db-475a-95a1-0c839a924eff",
              "isHook": false,
              "skipped": false
            },
            {
              "fullTitle": "TestContainers > Redis > should be return name of container instance",
              "title": "TestContainers > Redis > should be return name of container instance",
              "timedOut": false,
              "duration": 1,
              "state": "passed",
              "speed": null,
              "pass": true,
              "fail": false,
              "pending": false,
              "context": null,
              "code": "import { testContainers } from '../testcontainers';\nimport { StartedGenericContainer } from 'testcontainers/dist/src/generic-container/started-generic-container';\n\nimport {\n  TCRedisOptions,\n  TCDynamoDBOptions,\n  TCMongoOptions,\n  TCMySqlOptions,\n  TCPostgresOptions,\n  TCElasticSearchOptions,\n} from '../fixtures';\n\njest.setTimeout(70000);\ndescribe('TestContainers', () => {\n  describe('Redis', () => {\n    let container: testContainers;\n\n    beforeAll(async () => {\n      container = await new testContainers('redis:6.2-alpine', {\n        ...TCRedisOptions,\n        command: ['redis-server', '--appendonly', 'yes', '--requirepass', '123456'],\n        ports: [\n          {\n            container: 6379,\n            host: 6370,\n          },\n        ],\n      });\n      await container.start();\n    });\n\n    afterAll(async () => {\n      await container.stop({ removeVolumes: true });\n    });\n\n    it('should be defined', () => {\n      expect(container).toBeDefined();\n      expect(container).toBeInstanceOf(testContainers);\n    });\n\n    it('should be return exception of instance', async () => {\n      try {\n        await new testContainers('postgres:13', TCPostgresOptions);\n      } catch (error) {\n        expect(error.message).toBe('Use testContainers.getInstance() instead of new.');\n      }\n    });\n\n    it('should be get instance of test container', () => {\n      const instance = testContainers.getInstance();\n      expect(instance).toBeInstanceOf(testContainers);\n    });\n\n    it('should be return envs of instance', () => {\n      const instanceEnvs = container.getEnvs();\n      expect(instanceEnvs).toEqual(TCRedisOptions.envs);\n    });\n\n    it('should be return container instance', () => {\n      const instanceContainer = container.getContainer();\n      expect(instanceContainer).toBeDefined();\n      expect(instanceContainer).toBeInstanceOf(StartedGenericContainer);\n    });\n\n    it('should be return host of container instance', () => {\n      const instanceHost = container.getHost();\n      expect(instanceHost).toBeDefined();\n      expect(instanceHost).toEqual('localhost');\n    });\n\n    it('should be return name of container instance', () => {\n      const instanceContainerName = container.getName();\n      expect(instanceContainerName).toBeDefined();\n      expect(instanceContainerName).toContain(TCRedisOptions.containerName);\n    });\n\n    it('should be return mapped port', () => {\n      const mappedPort = container.getMappedPort(6379);\n      expect(mappedPort).toEqual(6370);\n    });\n  });\n\n  describe('DynamoDB', () => {\n    let container: testContainers;\n\n    beforeAll(async () => {\n      container = await new testContainers('amazon/dynamodb-local:latest', {\n        ...TCDynamoDBOptions,\n        ports: [\n          {\n            container: 8000,\n            host: 8002,\n          },\n        ],\n      });\n      await container.start();\n    });\n\n    afterAll(async () => {\n      await container.stop({ removeVolumes: true });\n    });\n\n    it('should be defined', () => {\n      expect(container).toBeDefined();\n      expect(container).toBeInstanceOf(testContainers);\n    });\n  });\n\n  describe('MongoDB', () => {\n    let container: testContainers;\n\n    beforeAll(async () => {\n      container = await new testContainers('mongo:5.0', {\n        ...TCMongoOptions,\n        ports: [\n          {\n            container: 27017,\n            host: 27012,\n          },\n        ],\n      });\n      await container.start();\n    });\n\n    afterAll(async () => {\n      await container.stop({ removeVolumes: true });\n    });\n\n    it('should be defined', () => {\n      expect(container).toBeDefined();\n      expect(container).toBeInstanceOf(testContainers);\n    });\n  });\n\n  describe('MySql', () => {\n    let container: testContainers;\n\n    beforeAll(async () => {\n      container = await new testContainers('mysql:5.7', {\n        ...TCMySqlOptions,\n        ports: [\n          {\n            container: 3306,\n            host: 52000,\n          },\n        ],\n      });\n      await container.start();\n    });\n\n    afterAll(async () => {\n      await container.stop({ removeVolumes: true });\n    });\n\n    it('should be defined', () => {\n      expect(container).toBeDefined();\n      expect(container).toBeInstanceOf(testContainers);\n    });\n  });\n\n  describe('Postgres', () => {\n    let container: testContainers;\n\n    beforeAll(async () => {\n      container = await new testContainers('postgres:13', TCPostgresOptions);\n      await container.start();\n    });\n\n    afterAll(async () => {\n      await container.stop({ removeVolumes: true });\n    });\n\n    it('should be defined', () => {\n      expect(container).toBeDefined();\n      expect(container).toBeInstanceOf(testContainers);\n    });\n  });\n\n  describe('ElasticSearch', () => {\n    let container: testContainers;\n\n    beforeAll(async () => {\n      container = await new testContainers('elasticsearch:8.3.3', {\n        ...TCElasticSearchOptions,\n        ports: [\n          {\n            container: 9200,\n            host: 9201,\n          },\n        ],\n      });\n      await container.start();\n    });\n\n    afterAll(async () => {\n      await container.stop({ removeVolumes: true });\n    });\n\n    it('should be defined', () => {\n      expect(container).toBeDefined();\n      expect(container).toBeInstanceOf(testContainers);\n    });\n  });\n});\n",
              "err": {},
              "uuid": "d3e12174-4411-4ee4-a4c8-89b4a04e552e",
              "parentUUID": "6e979939-54db-475a-95a1-0c839a924eff",
              "isHook": false,
              "skipped": false
            },
            {
              "fullTitle": "TestContainers > Redis > should be return mapped port",
              "title": "TestContainers > Redis > should be return mapped port",
              "timedOut": false,
              "duration": 0,
              "state": "passed",
              "speed": null,
              "pass": true,
              "fail": false,
              "pending": false,
              "context": null,
              "code": "import { testContainers } from '../testcontainers';\nimport { StartedGenericContainer } from 'testcontainers/dist/src/generic-container/started-generic-container';\n\nimport {\n  TCRedisOptions,\n  TCDynamoDBOptions,\n  TCMongoOptions,\n  TCMySqlOptions,\n  TCPostgresOptions,\n  TCElasticSearchOptions,\n} from '../fixtures';\n\njest.setTimeout(70000);\ndescribe('TestContainers', () => {\n  describe('Redis', () => {\n    let container: testContainers;\n\n    beforeAll(async () => {\n      container = await new testContainers('redis:6.2-alpine', {\n        ...TCRedisOptions,\n        command: ['redis-server', '--appendonly', 'yes', '--requirepass', '123456'],\n        ports: [\n          {\n            container: 6379,\n            host: 6370,\n          },\n        ],\n      });\n      await container.start();\n    });\n\n    afterAll(async () => {\n      await container.stop({ removeVolumes: true });\n    });\n\n    it('should be defined', () => {\n      expect(container).toBeDefined();\n      expect(container).toBeInstanceOf(testContainers);\n    });\n\n    it('should be return exception of instance', async () => {\n      try {\n        await new testContainers('postgres:13', TCPostgresOptions);\n      } catch (error) {\n        expect(error.message).toBe('Use testContainers.getInstance() instead of new.');\n      }\n    });\n\n    it('should be get instance of test container', () => {\n      const instance = testContainers.getInstance();\n      expect(instance).toBeInstanceOf(testContainers);\n    });\n\n    it('should be return envs of instance', () => {\n      const instanceEnvs = container.getEnvs();\n      expect(instanceEnvs).toEqual(TCRedisOptions.envs);\n    });\n\n    it('should be return container instance', () => {\n      const instanceContainer = container.getContainer();\n      expect(instanceContainer).toBeDefined();\n      expect(instanceContainer).toBeInstanceOf(StartedGenericContainer);\n    });\n\n    it('should be return host of container instance', () => {\n      const instanceHost = container.getHost();\n      expect(instanceHost).toBeDefined();\n      expect(instanceHost).toEqual('localhost');\n    });\n\n    it('should be return name of container instance', () => {\n      const instanceContainerName = container.getName();\n      expect(instanceContainerName).toBeDefined();\n      expect(instanceContainerName).toContain(TCRedisOptions.containerName);\n    });\n\n    it('should be return mapped port', () => {\n      const mappedPort = container.getMappedPort(6379);\n      expect(mappedPort).toEqual(6370);\n    });\n  });\n\n  describe('DynamoDB', () => {\n    let container: testContainers;\n\n    beforeAll(async () => {\n      container = await new testContainers('amazon/dynamodb-local:latest', {\n        ...TCDynamoDBOptions,\n        ports: [\n          {\n            container: 8000,\n            host: 8002,\n          },\n        ],\n      });\n      await container.start();\n    });\n\n    afterAll(async () => {\n      await container.stop({ removeVolumes: true });\n    });\n\n    it('should be defined', () => {\n      expect(container).toBeDefined();\n      expect(container).toBeInstanceOf(testContainers);\n    });\n  });\n\n  describe('MongoDB', () => {\n    let container: testContainers;\n\n    beforeAll(async () => {\n      container = await new testContainers('mongo:5.0', {\n        ...TCMongoOptions,\n        ports: [\n          {\n            container: 27017,\n            host: 27012,\n          },\n        ],\n      });\n      await container.start();\n    });\n\n    afterAll(async () => {\n      await container.stop({ removeVolumes: true });\n    });\n\n    it('should be defined', () => {\n      expect(container).toBeDefined();\n      expect(container).toBeInstanceOf(testContainers);\n    });\n  });\n\n  describe('MySql', () => {\n    let container: testContainers;\n\n    beforeAll(async () => {\n      container = await new testContainers('mysql:5.7', {\n        ...TCMySqlOptions,\n        ports: [\n          {\n            container: 3306,\n            host: 52000,\n          },\n        ],\n      });\n      await container.start();\n    });\n\n    afterAll(async () => {\n      await container.stop({ removeVolumes: true });\n    });\n\n    it('should be defined', () => {\n      expect(container).toBeDefined();\n      expect(container).toBeInstanceOf(testContainers);\n    });\n  });\n\n  describe('Postgres', () => {\n    let container: testContainers;\n\n    beforeAll(async () => {\n      container = await new testContainers('postgres:13', TCPostgresOptions);\n      await container.start();\n    });\n\n    afterAll(async () => {\n      await container.stop({ removeVolumes: true });\n    });\n\n    it('should be defined', () => {\n      expect(container).toBeDefined();\n      expect(container).toBeInstanceOf(testContainers);\n    });\n  });\n\n  describe('ElasticSearch', () => {\n    let container: testContainers;\n\n    beforeAll(async () => {\n      container = await new testContainers('elasticsearch:8.3.3', {\n        ...TCElasticSearchOptions,\n        ports: [\n          {\n            container: 9200,\n            host: 9201,\n          },\n        ],\n      });\n      await container.start();\n    });\n\n    afterAll(async () => {\n      await container.stop({ removeVolumes: true });\n    });\n\n    it('should be defined', () => {\n      expect(container).toBeDefined();\n      expect(container).toBeInstanceOf(testContainers);\n    });\n  });\n});\n",
              "err": {},
              "uuid": "c8655a52-88a5-4d52-a44d-0925502a42e6",
              "parentUUID": "6e979939-54db-475a-95a1-0c839a924eff",
              "isHook": false,
              "skipped": false
            },
            {
              "fullTitle": "TestContainers > Redis > should be defined",
              "title": "TestContainers > Redis > should be defined",
              "timedOut": false,
              "duration": 1,
              "state": "passed",
              "speed": null,
              "pass": true,
              "fail": false,
              "pending": false,
              "context": null,
              "code": "import { testContainers } from '../testcontainers';\nimport { StartedGenericContainer } from 'testcontainers/dist/src/generic-container/started-generic-container';\n\nimport {\n  TCRedisOptions,\n  TCDynamoDBOptions,\n  TCMongoOptions,\n  TCMySqlOptions,\n  TCPostgresOptions,\n  TCElasticSearchOptions,\n} from '../fixtures';\n\njest.setTimeout(70000);\ndescribe('TestContainers', () => {\n  describe('Redis', () => {\n    let container: testContainers;\n\n    beforeAll(async () => {\n      container = await new testContainers('redis:6.2-alpine', {\n        ...TCRedisOptions,\n        command: ['redis-server', '--appendonly', 'yes', '--requirepass', '123456'],\n        ports: [\n          {\n            container: 6379,\n            host: 6370,\n          },\n        ],\n      });\n      await container.start();\n    });\n\n    afterAll(async () => {\n      await container.stop({ removeVolumes: true });\n    });\n\n    it('should be defined', () => {\n      expect(container).toBeDefined();\n      expect(container).toBeInstanceOf(testContainers);\n    });\n\n    it('should be return exception of instance', async () => {\n      try {\n        await new testContainers('postgres:13', TCPostgresOptions);\n      } catch (error) {\n        expect(error.message).toBe('Use testContainers.getInstance() instead of new.');\n      }\n    });\n\n    it('should be get instance of test container', () => {\n      const instance = testContainers.getInstance();\n      expect(instance).toBeInstanceOf(testContainers);\n    });\n\n    it('should be return envs of instance', () => {\n      const instanceEnvs = container.getEnvs();\n      expect(instanceEnvs).toEqual(TCRedisOptions.envs);\n    });\n\n    it('should be return container instance', () => {\n      const instanceContainer = container.getContainer();\n      expect(instanceContainer).toBeDefined();\n      expect(instanceContainer).toBeInstanceOf(StartedGenericContainer);\n    });\n\n    it('should be return host of container instance', () => {\n      const instanceHost = container.getHost();\n      expect(instanceHost).toBeDefined();\n      expect(instanceHost).toEqual('localhost');\n    });\n\n    it('should be return name of container instance', () => {\n      const instanceContainerName = container.getName();\n      expect(instanceContainerName).toBeDefined();\n      expect(instanceContainerName).toContain(TCRedisOptions.containerName);\n    });\n\n    it('should be return mapped port', () => {\n      const mappedPort = container.getMappedPort(6379);\n      expect(mappedPort).toEqual(6370);\n    });\n  });\n\n  describe('DynamoDB', () => {\n    let container: testContainers;\n\n    beforeAll(async () => {\n      container = await new testContainers('amazon/dynamodb-local:latest', {\n        ...TCDynamoDBOptions,\n        ports: [\n          {\n            container: 8000,\n            host: 8002,\n          },\n        ],\n      });\n      await container.start();\n    });\n\n    afterAll(async () => {\n      await container.stop({ removeVolumes: true });\n    });\n\n    it('should be defined', () => {\n      expect(container).toBeDefined();\n      expect(container).toBeInstanceOf(testContainers);\n    });\n  });\n\n  describe('MongoDB', () => {\n    let container: testContainers;\n\n    beforeAll(async () => {\n      container = await new testContainers('mongo:5.0', {\n        ...TCMongoOptions,\n        ports: [\n          {\n            container: 27017,\n            host: 27012,\n          },\n        ],\n      });\n      await container.start();\n    });\n\n    afterAll(async () => {\n      await container.stop({ removeVolumes: true });\n    });\n\n    it('should be defined', () => {\n      expect(container).toBeDefined();\n      expect(container).toBeInstanceOf(testContainers);\n    });\n  });\n\n  describe('MySql', () => {\n    let container: testContainers;\n\n    beforeAll(async () => {\n      container = await new testContainers('mysql:5.7', {\n        ...TCMySqlOptions,\n        ports: [\n          {\n            container: 3306,\n            host: 52000,\n          },\n        ],\n      });\n      await container.start();\n    });\n\n    afterAll(async () => {\n      await container.stop({ removeVolumes: true });\n    });\n\n    it('should be defined', () => {\n      expect(container).toBeDefined();\n      expect(container).toBeInstanceOf(testContainers);\n    });\n  });\n\n  describe('Postgres', () => {\n    let container: testContainers;\n\n    beforeAll(async () => {\n      container = await new testContainers('postgres:13', TCPostgresOptions);\n      await container.start();\n    });\n\n    afterAll(async () => {\n      await container.stop({ removeVolumes: true });\n    });\n\n    it('should be defined', () => {\n      expect(container).toBeDefined();\n      expect(container).toBeInstanceOf(testContainers);\n    });\n  });\n\n  describe('ElasticSearch', () => {\n    let container: testContainers;\n\n    beforeAll(async () => {\n      container = await new testContainers('elasticsearch:8.3.3', {\n        ...TCElasticSearchOptions,\n        ports: [\n          {\n            container: 9200,\n            host: 9201,\n          },\n        ],\n      });\n      await container.start();\n    });\n\n    afterAll(async () => {\n      await container.stop({ removeVolumes: true });\n    });\n\n    it('should be defined', () => {\n      expect(container).toBeDefined();\n      expect(container).toBeInstanceOf(testContainers);\n    });\n  });\n});\n",
              "err": {},
              "uuid": "c65a8272-e924-4045-b1ca-6ff407dbd20e",
              "parentUUID": "6e979939-54db-475a-95a1-0c839a924eff",
              "isHook": false,
              "skipped": false
            },
            {
              "fullTitle": "TestContainers > Redis > should be defined",
              "title": "TestContainers > Redis > should be defined",
              "timedOut": false,
              "duration": 1,
              "state": "passed",
              "speed": null,
              "pass": true,
              "fail": false,
              "pending": false,
              "context": null,
              "code": "import { testContainers } from '../testcontainers';\nimport { StartedGenericContainer } from 'testcontainers/dist/src/generic-container/started-generic-container';\n\nimport {\n  TCRedisOptions,\n  TCDynamoDBOptions,\n  TCMongoOptions,\n  TCMySqlOptions,\n  TCPostgresOptions,\n  TCElasticSearchOptions,\n} from '../fixtures';\n\njest.setTimeout(70000);\ndescribe('TestContainers', () => {\n  describe('Redis', () => {\n    let container: testContainers;\n\n    beforeAll(async () => {\n      container = await new testContainers('redis:6.2-alpine', {\n        ...TCRedisOptions,\n        command: ['redis-server', '--appendonly', 'yes', '--requirepass', '123456'],\n        ports: [\n          {\n            container: 6379,\n            host: 6370,\n          },\n        ],\n      });\n      await container.start();\n    });\n\n    afterAll(async () => {\n      await container.stop({ removeVolumes: true });\n    });\n\n    it('should be defined', () => {\n      expect(container).toBeDefined();\n      expect(container).toBeInstanceOf(testContainers);\n    });\n\n    it('should be return exception of instance', async () => {\n      try {\n        await new testContainers('postgres:13', TCPostgresOptions);\n      } catch (error) {\n        expect(error.message).toBe('Use testContainers.getInstance() instead of new.');\n      }\n    });\n\n    it('should be get instance of test container', () => {\n      const instance = testContainers.getInstance();\n      expect(instance).toBeInstanceOf(testContainers);\n    });\n\n    it('should be return envs of instance', () => {\n      const instanceEnvs = container.getEnvs();\n      expect(instanceEnvs).toEqual(TCRedisOptions.envs);\n    });\n\n    it('should be return container instance', () => {\n      const instanceContainer = container.getContainer();\n      expect(instanceContainer).toBeDefined();\n      expect(instanceContainer).toBeInstanceOf(StartedGenericContainer);\n    });\n\n    it('should be return host of container instance', () => {\n      const instanceHost = container.getHost();\n      expect(instanceHost).toBeDefined();\n      expect(instanceHost).toEqual('localhost');\n    });\n\n    it('should be return name of container instance', () => {\n      const instanceContainerName = container.getName();\n      expect(instanceContainerName).toBeDefined();\n      expect(instanceContainerName).toContain(TCRedisOptions.containerName);\n    });\n\n    it('should be return mapped port', () => {\n      const mappedPort = container.getMappedPort(6379);\n      expect(mappedPort).toEqual(6370);\n    });\n  });\n\n  describe('DynamoDB', () => {\n    let container: testContainers;\n\n    beforeAll(async () => {\n      container = await new testContainers('amazon/dynamodb-local:latest', {\n        ...TCDynamoDBOptions,\n        ports: [\n          {\n            container: 8000,\n            host: 8002,\n          },\n        ],\n      });\n      await container.start();\n    });\n\n    afterAll(async () => {\n      await container.stop({ removeVolumes: true });\n    });\n\n    it('should be defined', () => {\n      expect(container).toBeDefined();\n      expect(container).toBeInstanceOf(testContainers);\n    });\n  });\n\n  describe('MongoDB', () => {\n    let container: testContainers;\n\n    beforeAll(async () => {\n      container = await new testContainers('mongo:5.0', {\n        ...TCMongoOptions,\n        ports: [\n          {\n            container: 27017,\n            host: 27012,\n          },\n        ],\n      });\n      await container.start();\n    });\n\n    afterAll(async () => {\n      await container.stop({ removeVolumes: true });\n    });\n\n    it('should be defined', () => {\n      expect(container).toBeDefined();\n      expect(container).toBeInstanceOf(testContainers);\n    });\n  });\n\n  describe('MySql', () => {\n    let container: testContainers;\n\n    beforeAll(async () => {\n      container = await new testContainers('mysql:5.7', {\n        ...TCMySqlOptions,\n        ports: [\n          {\n            container: 3306,\n            host: 52000,\n          },\n        ],\n      });\n      await container.start();\n    });\n\n    afterAll(async () => {\n      await container.stop({ removeVolumes: true });\n    });\n\n    it('should be defined', () => {\n      expect(container).toBeDefined();\n      expect(container).toBeInstanceOf(testContainers);\n    });\n  });\n\n  describe('Postgres', () => {\n    let container: testContainers;\n\n    beforeAll(async () => {\n      container = await new testContainers('postgres:13', TCPostgresOptions);\n      await container.start();\n    });\n\n    afterAll(async () => {\n      await container.stop({ removeVolumes: true });\n    });\n\n    it('should be defined', () => {\n      expect(container).toBeDefined();\n      expect(container).toBeInstanceOf(testContainers);\n    });\n  });\n\n  describe('ElasticSearch', () => {\n    let container: testContainers;\n\n    beforeAll(async () => {\n      container = await new testContainers('elasticsearch:8.3.3', {\n        ...TCElasticSearchOptions,\n        ports: [\n          {\n            container: 9200,\n            host: 9201,\n          },\n        ],\n      });\n      await container.start();\n    });\n\n    afterAll(async () => {\n      await container.stop({ removeVolumes: true });\n    });\n\n    it('should be defined', () => {\n      expect(container).toBeDefined();\n      expect(container).toBeInstanceOf(testContainers);\n    });\n  });\n});\n",
              "err": {},
              "uuid": "06a110e0-a616-43cb-90f2-308e80c1bc1d",
              "parentUUID": "6e979939-54db-475a-95a1-0c839a924eff",
              "isHook": false,
              "skipped": false
            },
            {
              "fullTitle": "TestContainers > Redis > should be defined",
              "title": "TestContainers > Redis > should be defined",
              "timedOut": false,
              "duration": 0,
              "state": "passed",
              "speed": null,
              "pass": true,
              "fail": false,
              "pending": false,
              "context": null,
              "code": "import { testContainers } from '../testcontainers';\nimport { StartedGenericContainer } from 'testcontainers/dist/src/generic-container/started-generic-container';\n\nimport {\n  TCRedisOptions,\n  TCDynamoDBOptions,\n  TCMongoOptions,\n  TCMySqlOptions,\n  TCPostgresOptions,\n  TCElasticSearchOptions,\n} from '../fixtures';\n\njest.setTimeout(70000);\ndescribe('TestContainers', () => {\n  describe('Redis', () => {\n    let container: testContainers;\n\n    beforeAll(async () => {\n      container = await new testContainers('redis:6.2-alpine', {\n        ...TCRedisOptions,\n        command: ['redis-server', '--appendonly', 'yes', '--requirepass', '123456'],\n        ports: [\n          {\n            container: 6379,\n            host: 6370,\n          },\n        ],\n      });\n      await container.start();\n    });\n\n    afterAll(async () => {\n      await container.stop({ removeVolumes: true });\n    });\n\n    it('should be defined', () => {\n      expect(container).toBeDefined();\n      expect(container).toBeInstanceOf(testContainers);\n    });\n\n    it('should be return exception of instance', async () => {\n      try {\n        await new testContainers('postgres:13', TCPostgresOptions);\n      } catch (error) {\n        expect(error.message).toBe('Use testContainers.getInstance() instead of new.');\n      }\n    });\n\n    it('should be get instance of test container', () => {\n      const instance = testContainers.getInstance();\n      expect(instance).toBeInstanceOf(testContainers);\n    });\n\n    it('should be return envs of instance', () => {\n      const instanceEnvs = container.getEnvs();\n      expect(instanceEnvs).toEqual(TCRedisOptions.envs);\n    });\n\n    it('should be return container instance', () => {\n      const instanceContainer = container.getContainer();\n      expect(instanceContainer).toBeDefined();\n      expect(instanceContainer).toBeInstanceOf(StartedGenericContainer);\n    });\n\n    it('should be return host of container instance', () => {\n      const instanceHost = container.getHost();\n      expect(instanceHost).toBeDefined();\n      expect(instanceHost).toEqual('localhost');\n    });\n\n    it('should be return name of container instance', () => {\n      const instanceContainerName = container.getName();\n      expect(instanceContainerName).toBeDefined();\n      expect(instanceContainerName).toContain(TCRedisOptions.containerName);\n    });\n\n    it('should be return mapped port', () => {\n      const mappedPort = container.getMappedPort(6379);\n      expect(mappedPort).toEqual(6370);\n    });\n  });\n\n  describe('DynamoDB', () => {\n    let container: testContainers;\n\n    beforeAll(async () => {\n      container = await new testContainers('amazon/dynamodb-local:latest', {\n        ...TCDynamoDBOptions,\n        ports: [\n          {\n            container: 8000,\n            host: 8002,\n          },\n        ],\n      });\n      await container.start();\n    });\n\n    afterAll(async () => {\n      await container.stop({ removeVolumes: true });\n    });\n\n    it('should be defined', () => {\n      expect(container).toBeDefined();\n      expect(container).toBeInstanceOf(testContainers);\n    });\n  });\n\n  describe('MongoDB', () => {\n    let container: testContainers;\n\n    beforeAll(async () => {\n      container = await new testContainers('mongo:5.0', {\n        ...TCMongoOptions,\n        ports: [\n          {\n            container: 27017,\n            host: 27012,\n          },\n        ],\n      });\n      await container.start();\n    });\n\n    afterAll(async () => {\n      await container.stop({ removeVolumes: true });\n    });\n\n    it('should be defined', () => {\n      expect(container).toBeDefined();\n      expect(container).toBeInstanceOf(testContainers);\n    });\n  });\n\n  describe('MySql', () => {\n    let container: testContainers;\n\n    beforeAll(async () => {\n      container = await new testContainers('mysql:5.7', {\n        ...TCMySqlOptions,\n        ports: [\n          {\n            container: 3306,\n            host: 52000,\n          },\n        ],\n      });\n      await container.start();\n    });\n\n    afterAll(async () => {\n      await container.stop({ removeVolumes: true });\n    });\n\n    it('should be defined', () => {\n      expect(container).toBeDefined();\n      expect(container).toBeInstanceOf(testContainers);\n    });\n  });\n\n  describe('Postgres', () => {\n    let container: testContainers;\n\n    beforeAll(async () => {\n      container = await new testContainers('postgres:13', TCPostgresOptions);\n      await container.start();\n    });\n\n    afterAll(async () => {\n      await container.stop({ removeVolumes: true });\n    });\n\n    it('should be defined', () => {\n      expect(container).toBeDefined();\n      expect(container).toBeInstanceOf(testContainers);\n    });\n  });\n\n  describe('ElasticSearch', () => {\n    let container: testContainers;\n\n    beforeAll(async () => {\n      container = await new testContainers('elasticsearch:8.3.3', {\n        ...TCElasticSearchOptions,\n        ports: [\n          {\n            container: 9200,\n            host: 9201,\n          },\n        ],\n      });\n      await container.start();\n    });\n\n    afterAll(async () => {\n      await container.stop({ removeVolumes: true });\n    });\n\n    it('should be defined', () => {\n      expect(container).toBeDefined();\n      expect(container).toBeInstanceOf(testContainers);\n    });\n  });\n});\n",
              "err": {},
              "uuid": "db2b4896-468b-478c-9cfc-48ee2ab3e80b",
              "parentUUID": "6e979939-54db-475a-95a1-0c839a924eff",
              "isHook": false,
              "skipped": false
            },
            {
              "fullTitle": "TestContainers > Redis > should be defined",
              "title": "TestContainers > Redis > should be defined",
              "timedOut": false,
              "duration": 1,
              "state": "passed",
              "speed": null,
              "pass": true,
              "fail": false,
              "pending": false,
              "context": null,
              "code": "import { testContainers } from '../testcontainers';\nimport { StartedGenericContainer } from 'testcontainers/dist/src/generic-container/started-generic-container';\n\nimport {\n  TCRedisOptions,\n  TCDynamoDBOptions,\n  TCMongoOptions,\n  TCMySqlOptions,\n  TCPostgresOptions,\n  TCElasticSearchOptions,\n} from '../fixtures';\n\njest.setTimeout(70000);\ndescribe('TestContainers', () => {\n  describe('Redis', () => {\n    let container: testContainers;\n\n    beforeAll(async () => {\n      container = await new testContainers('redis:6.2-alpine', {\n        ...TCRedisOptions,\n        command: ['redis-server', '--appendonly', 'yes', '--requirepass', '123456'],\n        ports: [\n          {\n            container: 6379,\n            host: 6370,\n          },\n        ],\n      });\n      await container.start();\n    });\n\n    afterAll(async () => {\n      await container.stop({ removeVolumes: true });\n    });\n\n    it('should be defined', () => {\n      expect(container).toBeDefined();\n      expect(container).toBeInstanceOf(testContainers);\n    });\n\n    it('should be return exception of instance', async () => {\n      try {\n        await new testContainers('postgres:13', TCPostgresOptions);\n      } catch (error) {\n        expect(error.message).toBe('Use testContainers.getInstance() instead of new.');\n      }\n    });\n\n    it('should be get instance of test container', () => {\n      const instance = testContainers.getInstance();\n      expect(instance).toBeInstanceOf(testContainers);\n    });\n\n    it('should be return envs of instance', () => {\n      const instanceEnvs = container.getEnvs();\n      expect(instanceEnvs).toEqual(TCRedisOptions.envs);\n    });\n\n    it('should be return container instance', () => {\n      const instanceContainer = container.getContainer();\n      expect(instanceContainer).toBeDefined();\n      expect(instanceContainer).toBeInstanceOf(StartedGenericContainer);\n    });\n\n    it('should be return host of container instance', () => {\n      const instanceHost = container.getHost();\n      expect(instanceHost).toBeDefined();\n      expect(instanceHost).toEqual('localhost');\n    });\n\n    it('should be return name of container instance', () => {\n      const instanceContainerName = container.getName();\n      expect(instanceContainerName).toBeDefined();\n      expect(instanceContainerName).toContain(TCRedisOptions.containerName);\n    });\n\n    it('should be return mapped port', () => {\n      const mappedPort = container.getMappedPort(6379);\n      expect(mappedPort).toEqual(6370);\n    });\n  });\n\n  describe('DynamoDB', () => {\n    let container: testContainers;\n\n    beforeAll(async () => {\n      container = await new testContainers('amazon/dynamodb-local:latest', {\n        ...TCDynamoDBOptions,\n        ports: [\n          {\n            container: 8000,\n            host: 8002,\n          },\n        ],\n      });\n      await container.start();\n    });\n\n    afterAll(async () => {\n      await container.stop({ removeVolumes: true });\n    });\n\n    it('should be defined', () => {\n      expect(container).toBeDefined();\n      expect(container).toBeInstanceOf(testContainers);\n    });\n  });\n\n  describe('MongoDB', () => {\n    let container: testContainers;\n\n    beforeAll(async () => {\n      container = await new testContainers('mongo:5.0', {\n        ...TCMongoOptions,\n        ports: [\n          {\n            container: 27017,\n            host: 27012,\n          },\n        ],\n      });\n      await container.start();\n    });\n\n    a
[...]
              "err": {},
              "uuid": "c3c0f1c3-efc2-4ea6-b77e-78e3f817c6d6",
              "parentUUID": "6e979939-54db-475a-95a1-0c839a924eff",
              "isHook": false,
              "skipped": false
            },
            {
              "fullTitle": "Fixtures > appConfigBase > should be define MongoDB options",
              "title": "Fixtures > appConfigBase > should be define MongoDB options",
              "timedOut": false,
              "duration": 1,
              "state": "passed",
              "speed": null,
              "pass": true,
              "fail": false,
              "pending": false,
              "context": null,
              "code": "import {\n  appConfigBase,\n  manifest,\n  TCRedisOptions,\n  TCMongoOptions,\n  TCMySqlOptions,\n  TCPostgresOptions,\n  TCElasticSearchOptions,\n  TCDynamoDBOptions,\n} from '../fixtures';\n\nconst containerName_prefix = 'tresdoce-test-container';\ndescribe('Fixtures', () => {\n  describe('appConfigBase', () => {\n    it('should be return appBaseConfig', async () => {\n      expect(appConfigBase).toBeDefined();\n      expect(appConfigBase).not.toBe(null);\n      expect(typeof appConfigBase).toBe('object');\n    });\n  });\n\n  describe('manifest', () => {\n    it('should be return appBaseConfig', async () => {\n      expect(manifest).toBeDefined();\n      expect(manifest).not.toBe(null);\n      expect(typeof manifest).toBe('object');\n    });\n  });\n\n  describe('TestContainers options', () => {\n    it('should be define Redis options', async () => {\n      expect(TCRedisOptions).toBeDefined();\n      expect(TCRedisOptions).not.toBe(null);\n      expect(typeof TCRedisOptions).toBe('object');\n      expect(TCRedisOptions.containerName).toEqual(`${containerName_prefix}-redis`);\n      expect(TCRedisOptions.ports).toEqual([\n        {\n          container: 6379,\n          host: 6379,\n        },\n      ]);\n    });\n\n    it('should be define DynamoDB options', async () => {\n      expect(TCDynamoDBOptions).toBeDefined();\n      expect(TCDynamoDBOptions).not.toBe(null);\n      expect(typeof TCDynamoDBOptions).toBe('object');\n      expect(TCDynamoDBOptions.containerName).toEqual(`${containerName_prefix}-dynamodb`);\n      expect(TCDynamoDBOptions.ports).toEqual([\n        {\n          container: 8000,\n          host: 8000,\n        },\n      ]);\n    });\n\n    it('should be define MongoDB options', async () => {\n      expect(TCMongoOptions).toBeDefined();\n      expect(TCMongoOptions).not.toBe(null);\n      expect(typeof TCMongoOptions).toBe('object');\n      expect(TCMongoOptions.containerName).toEqual(`${containerName_prefix}-mongo`);\n      expect(TCMongoOptions.ports).toEqual([\n        {\n          container: 27017,\n          host: 27017,\n        },\n      ]);\n    });\n\n    it('should be define MySql options', async () => {\n      expect(TCMySqlOptions).toBeDefined();\n      expect(TCMySqlOptions).not.toBe(null);\n      expect(typeof TCMySqlOptions).toBe('object');\n      expect(TCMySqlOptions.containerName).toEqual(`${containerName_prefix}-mysql`);\n      expect(TCMySqlOptions.ports).toEqual([\n        {\n          container: 3306,\n          host: 3306,\n        },\n      ]);\n    });\n\n    it('should be define Postgres options', async () => {\n      expect(TCPostgresOptions).toBeDefined();\n      expect(TCPostgresOptions).not.toBe(null);\n      expect(typeof TCPostgresOptions).toBe('object');\n      expect(TCPostgresOptions.containerName).toEqual(`${containerName_prefix}-postgres`);\n      expect(TCPostgresOptions.ports).toEqual([\n        {\n          container: 5432,\n          host: 5432,\n        },\n      ]);\n    });\n\n    it('should be define ElasticSearch options', async () => {\n      expect(TCElasticSearchOptions).toBeDefined();\n      expect(TCElasticSearchOptions).not.toBe(null);\n      expect(typeof TCElasticSearchOptions).toBe('object');\n      expect(TCElasticSearchOptions.containerName).toEqual(`${containerName_prefix}-elasticsearch`);\n      expect(TCElasticSearchOptions.ports).toEqual([\n        {\n          container: 9200,\n          host: 9200,\n        },\n      ]);\n    });\n  });\n});\n",
              "err": {},
              "uuid": "51c216bf-524e-4866-bfd4-c04ffd45906d",
              "parentUUID": "6e979939-54db-475a-95a1-0c839a924eff",
              "isHook": false,
              "skipped": false
            },
            {
              "fullTitle": "Fixtures > appConfigBase > should be define MySql options",
              "title": "Fixtures > appConfigBase > should be define MySql options",
              "timedOut": false,
              "duration": 1,
              "state": "passed",
              "speed": null,
              "pass": true,
              "fail": false,
              "pending": false,
              "context": null,
              "code": "import {\n  appConfigBase,\n  manifest,\n  TCRedisOptions,\n  TCMongoOptions,\n  TCMySqlOptions,\n  TCPostgresOptions,\n  TCElasticSearchOptions,\n  TCDynamoDBOptions,\n} from '../fixtures';\n\nconst containerName_prefix = 'tresdoce-test-container';\ndescribe('Fixtures', () => {\n  describe('appConfigBase', () => {\n    it('should be return appBaseConfig', async () => {\n      expect(appConfigBase).toBeDefined();\n      expect(appConfigBase).not.toBe(null);\n      expect(typeof appConfigBase).toBe('object');\n    });\n  });\n\n  describe('manifest', () => {\n    it('should be return appBaseConfig', async () => {\n      expect(manifest).toBeDefined();\n      expect(manifest).not.toBe(null);\n      expect(typeof manifest).toBe('object');\n    });\n  });\n\n  describe('TestContainers options', () => {\n    it('should be define Redis options', async () => {\n      expect(TCRedisOptions).toBeDefined();\n      expect(TCRedisOptions).not.toBe(null);\n      expect(typeof TCRedisOptions).toBe('object');\n      expect(TCRedisOptions.containerName).toEqual(`${containerName_prefix}-redis`);\n      expect(TCRedisOptions.ports).toEqual([\n        {\n          container: 6379,\n          host: 6379,\n        },\n      ]);\n    });\n\n    it('should be define DynamoDB options', async () => {\n      expect(TCDynamoDBOptions).toBeDefined();\n      expect(TCDynamoDBOptions).not.toBe(null);\n      expect(typeof TCDynamoDBOptions).toBe('object');\n      expect(TCDynamoDBOptions.containerName).toEqual(`${containerName_prefix}-dynamodb`);\n      expect(TCDynamoDBOptions.ports).toEqual([\n        {\n          container: 8000,\n          host: 8000,\n        },\n      ]);\n    });\n\n    it('should be define MongoDB options', async () => {\n      expect(TCMongoOptions).toBeDefined();\n      expect(TCMongoOptions).not.toBe(null);\n      expect(typeof TCMongoOptions).toBe('object');\n      expect(TCMongoOptions.containerName).toEqual(`${containerName_prefix}-mongo`);\n      expect(TCMongoOptions.ports).toEqual([\n        {\n          container: 27017,\n          host: 27017,\n        },\n      ]);\n    });\n\n    it('should be define MySql options', async () => {\n      expect(TCMySqlOptions).toBeDefined();\n      expect(TCMySqlOptions).not.toBe(null);\n      expect(typeof TCMySqlOptions).toBe('object');\n      expect(TCMySqlOptions.containerName).toEqual(`${containerName_prefix}-mysql`);\n      expect(TCMySqlOptions.ports).toEqual([\n        {\n          container: 3306,\n          host: 3306,\n        },\n      ]);\n    });\n\n    it('should be define Postgres options', async () => {\n      expect(TCPostgresOptions).toBeDefined();\n      expect(TCPostgresOptions).not.toBe(null);\n      expect(typeof TCPostgresOptions).toBe('object');\n      expect(TCPostgresOptions.containerName).toEqual(`${containerName_prefix}-postgres`);\n      expect(TCPostgresOptions.ports).toEqual([\n        {\n          container: 5432,\n          host: 5432,\n        },\n      ]);\n    });\n\n    it('should be define ElasticSearch options', async () => {\n      expect(TCElasticSearchOptions).toBeDefined();\n      expect(TCElasticSearchOptions).not.toBe(null);\n      expect(typeof TCElasticSearchOptions).toBe('object');\n      expect(TCElasticSearchOptions.containerName).toEqual(`${containerName_prefix}-elasticsearch`);\n      expect(TCElasticSearchOptions.ports).toEqual([\n        {\n          container: 9200,\n          host: 9200,\n        },\n      ]);\n    });\n  });\n});\n",
              "err": {},
              "uuid": "cf53f649-498a-48a3-afea-871cf48a1b42",
              "parentUUID": "6e979939-54db-475a-95a1-0c839a924eff",
              "isHook": false,
              "skipped": false
            },
            {
              "fullTitle": "Fixtures > appConfigBase > should be define Postgres options",
              "title": "Fixtures > appConfigBase > should be define Postgres options",
              "timedOut": false,
              "duration": 1,
              "state": "passed",
              "speed": null,
              "pass": true,
              "fail": false,
              "pending": false,
              "context": null,
              "code": "import {\n  appConfigBase,\n  manifest,\n  TCRedisOptions,\n  TCMongoOptions,\n  TCMySqlOptions,\n  TCPostgresOptions,\n  TCElasticSearchOptions,\n  TCDynamoDBOptions,\n} from '../fixtures';\n\nconst containerName_prefix = 'tresdoce-test-container';\ndescribe('Fixtures', () => {\n  describe('appConfigBase', () => {\n    it('should be return appBaseConfig', async () => {\n      expect(appConfigBase).toBeDefined();\n      expect(appConfigBase).not.toBe(null);\n      expect(typeof appConfigBase).toBe('object');\n    });\n  });\n\n  describe('manifest', () => {\n    it('should be return appBaseConfig', async () => {\n      expect(manifest).toBeDefined();\n      expect(manifest).not.toBe(null);\n      expect(typeof manifest).toBe('object');\n    });\n  });\n\n  describe('TestContainers options', () => {\n    it('should be define Redis options', async () => {\n      expect(TCRedisOptions).toBeDefined();\n      expect(TCRedisOptions).not.toBe(null);\n      expect(typeof TCRedisOptions).toBe('object');\n      expect(TCRedisOptions.containerName).toEqual(`${containerName_prefix}-redis`);\n      expect(TCRedisOptions.ports).toEqual([\n        {\n          container: 6379,\n          host: 6379,\n        },\n      ]);\n    });\n\n    it('should be define DynamoDB options', async () => {\n      expect(TCDynamoDBOptions).toBeDefined();\n      expect(TCDynamoDBOptions).not.toBe(null);\n      expect(typeof TCDynamoDBOptions).toBe('object');\n      expect(TCDynamoDBOptions.containerName).toEqual(`${containerName_prefix}-dynamodb`);\n      expect(TCDynamoDBOptions.ports).toEqual([\n        {\n          container: 8000,\n          host: 8000,\n        },\n      ]);\n    });\n\n    it('should be define MongoDB options', async () => {\n      expect(TCMongoOptions).toBeDefined();\n      expect(TCMongoOptions).not.toBe(null);\n      expect(typeof TCMongoOptions).toBe('object');\n      expect(TCMongoOptions.containerName).toEqual(`${containerName_prefix}-mongo`);\n      expect(TCMongoOptions.ports).toEqual([\n        {\n          container: 27017,\n          host: 27017,\n        },\n      ]);\n    });\n\n    it('should be define MySql options', async () => {\n      expect(TCMySqlOptions).toBeDefined();\n      expect(TCMySqlOptions).not.toBe(null);\n      expect(typeof TCMySqlOptions).toBe('object');\n      expect(TCMySqlOptions.containerName).toEqual(`${containerName_prefix}-mysql`);\n      expect(TCMySqlOptions.ports).toEqual([\n        {\n          container: 3306,\n          host: 3306,\n        },\n      ]);\n    });\n\n    it('should be define Postgres options', async () => {\n      expect(TCPostgresOptions).toBeDefined();\n      expect(TCPostgresOptions).not.toBe(null);\n      expect(typeof TCPostgresOptions).toBe('object');\n      expect(TCPostgresOptions.containerName).toEqual(`${containerName_prefix}-postgres`);\n      expect(TCPostgresOptions.ports).toEqual([\n        {\n          container: 5432,\n          host: 5432,\n        },\n      ]);\n    });\n\n    it('should be define ElasticSearch options', async () => {\n      expect(TCElasticSearchOptions).toBeDefined();\n      expect(TCElasticSearchOptions).not.toBe(null);\n      expect(typeof TCElasticSearchOptions).toBe('object');\n      expect(TCElasticSearchOptions.containerName).toEqual(`${containerName_prefix}-elasticsearch`);\n      expect(TCElasticSearchOptions.ports).toEqual([\n        {\n          container: 9200,\n          host: 9200,\n        },\n      ]);\n    });\n  });\n});\n",
              "err": {},
              "uuid": "f348c4f8-d368-48bb-9359-6232ec838a52",
              "parentUUID": "6e979939-54db-475a-95a1-0c839a924eff",
              "isHook": false,
              "skipped": false
            },
            {
              "fullTitle": "Fixtures > appConfigBase > should be define ElasticSearch options",
              "title": "Fixtures > appConfigBase > should be define ElasticSearch options",
              "timedOut": false,
              "duration": 1,
              "state": "passed",
              "speed": null,
              "pass": true,
              "fail": false,
              "pending": false,
              "context": null,
              "code": "import {\n  appConfigBase,\n  manifest,\n  TCRedisOptions,\n  TCMongoOptions,\n  TCMySqlOptions,\n  TCPostgresOptions,\n  TCElasticSearchOptions,\n  TCDynamoDBOptions,\n} from '../fixtures';\n\nconst containerName_prefix = 'tresdoce-test-container';\ndescribe('Fixtures', () => {\n  describe('appConfigBase', () => {\n    it('should be return appBaseConfig', async () => {\n      expect(appConfigBase).toBeDefined();\n      expect(appConfigBase).not.toBe(null);\n      expect(typeof appConfigBase).toBe('object');\n    });\n  });\n\n  describe('manifest', () => {\n    it('should be return appBaseConfig', async () => {\n      expect(manifest).toBeDefined();\n      expect(manifest).not.toBe(null);\n      expect(typeof manifest).toBe('object');\n    });\n  });\n\n  describe('TestContainers options', () => {\n    it('should be define Redis options', async () => {\n      expect(TCRedisOptions).toBeDefined();\n      expect(TCRedisOptions).not.toBe(null);\n      expect(typeof TCRedisOptions).toBe('object');\n      expect(TCRedisOptions.containerName).toEqual(`${containerName_prefix}-redis`);\n      expect(TCRedisOptions.ports).toEqual([\n        {\n          container: 6379,\n          host: 6379,\n        },\n      ]);\n    });\n\n    it('should be define DynamoDB options', async () => {\n      expect(TCDynamoDBOptions).toBeDefined();\n      expect(TCDynamoDBOptions).not.toBe(null);\n      expect(typeof TCDynamoDBOptions).toBe('object');\n      expect(TCDynamoDBOptions.containerName).toEqual(`${containerName_prefix}-dynamodb`);\n      expect(TCDynamoDBOptions.ports).toEqual([\n        {\n          container: 8000,\n          host: 8000,\n        },\n      ]);\n    });\n\n    it('should be define MongoDB options', async () => {\n      expect(TCMongoOptions).toBeDefined();\n      expect(TCMongoOptions).not.toBe(null);\n      expect(typeof TCMongoOptions).toBe('object');\n      expect(TCMongoOptions.containerName).toEqual(`${containerName_prefix}-mongo`);\n      expect(TCMongoOptions.ports).toEqual([\n        {\n          container: 27017,\n          host: 27017,\n        },\n      ]);\n    });\n\n    it('should be define MySql options', async () => {\n      expect(TCMySqlOptions).toBeDefined();\n      expect(TCMySqlOptions).not.toBe(null);\n      expect(typeof TCMySqlOptions).toBe('object');\n      expect(TCMySqlOptions.containerName).toEqual(`${containerName_prefix}-mysql`);\n      expect(TCMySqlOptions.ports).toEqual([\n        {\n          container: 3306,\n          host: 3306,\n        },\n      ]);\n    });\n\n    it('should be define Postgres options', async () => {\n      expect(TCPostgresOptions).toBeDefined();\n      expect(TCPostgresOptions).not.toBe(null);\n      expect(typeof TCPostgresOptions).toBe('object');\n      expect(TCPostgresOptions.containerName).toEqual(`${containerName_prefix}-postgres`);\n      expect(TCPostgresOptions.ports).toEqual([\n        {\n          container: 5432,\n          host: 5432,\n        },\n      ]);\n    });\n\n    it('should be define ElasticSearch options', async () => {\n      expect(TCElasticSearchOptions).toBeDefined();\n      expect(TCElasticSearchOptions).not.toBe(null);\n      expect(typeof TCElasticSearchOptions).toBe('object');\n      expect(TCElasticSearchOptions.containerName).toEqual(`${containerName_prefix}-elasticsearch`);\n      expect(TCElasticSearchOptions.ports).toEqual([\n        {\n          container: 9200,\n          host: 9200,\n        },\n      ]);\n    });\n  });\n});\n",
              "err": {},
              "uuid": "e0c585a0-2b30-40bb-aef4-31c8da9ae782",
              "parentUUID": "6e979939-54db-475a-95a1-0c839a924eff",
              "isHook": false,
              "skipped": false
            }
          ],
          "suites": [],
          "passes": [
            "ce63ea34-461e-47c5-97f1-21226ceecc53",
            "61d15b1c-b48d-4f7a-9203-60fc9997eafb",
            "b10d896d-4a5a-455f-8a03-3ad54ce5145f",
            "3bb75812-9e48-4f77-9098-0e2ac00665ef",
            "bc67bf46-aba0-40f5-bf81-eed171fc4618",
            "d2567b14-b63e-4076-829c-1518ff40058d",
            "89447f0f-35f5-4549-b27d-ff5a916ba003",
            "ce0efe7e-46a8-4758-93f3-a3d4adf1a7cf",
            "8affc612-ac8a-4184-8675-45f6ac680172",
            "d3e12174-4411-4ee4-a4c8-89b4a04e552e",
            "c8655a52-88a5-4d52-a44d-0925502a42e6",
            "c65a8272-e924-4045-b1ca-6ff407dbd20e",
            "06a110e0-a616-43cb-90f2-308e80c1bc1d",
            "db2b4896-468b-478c-9cfc-48ee2ab3e80b",
            "e3f645c3-e1d1-4ba8-8d20-22aec54e2602",
            "fa420b9a-4826-4060-8b93-952fce24c0f5",
            "729e736d-bdde-4c11-8118-62d0f24964f6",
            "8f7566aa-f01e-4229-be2b-16549f790449",
            "cdfa59d2-f306-46c3-8d28-e17c894ae8c0",
            "bf3029f0-21eb-434d-9ea4-8497e27d11d6",
            "abaed88d-216b-449a-8679-bbe872349c2f",
            "5fc37978-dbdc-48b0-89c5-dfd344482805",
            "61da32b0-6a28-4b6e-a53f-7778e07e447d",
            "22a6a35f-75a6-4be8-957f-15edc0ca587d",
            "0fd46c1a-12ea-4b1b-a708-4aaa9886a678",
            "c3c0f1c3-efc2-4ea6-b77e-78e3f817c6d6",
            "51c216bf-524e-4866-bfd4-c04ffd45906d",
            "cf53f649-498a-48a3-afea-871cf48a1b42",
            "f348c4f8-d368-48bb-9359-6232ec838a52",
            "e0c585a0-2b30-40bb-aef4-31c8da9ae782"
          ],
          "failures": [],
          "pending": [],
          "skipped": [],
          "duration": 52054,
          "root": false,
          "rootEmpty": false,
          "_timeout": 5000
        }
      ],
      "passes": [],
      "failures": [],
      "pending": [],
      "skipped": [],
      "duration": 0,
      "root": true,
      "rootEmpty": true,
      "_timeout": 5000
    }
  ]
}
