{
  "stats": {
    "suites": 1,
    "tests": 8,
    "passes": 8,
    "pending": 0,
    "failures": 0,
    "testsRegistered": 8,
    "passPercent": 100,
    "pendingPercent": 0,
    "other": 0,
    "hasOther": false,
    "skipped": 0,
    "hasSkipped": false,
    "start": "2023-05-01T23:21:25.438Z",
    "end": "2023-05-01T23:21:33.875Z",
    "duration": 8437
  },
  "results": [
    {
      "uuid": "5f4cde57-7d09-4a34-81e7-f6a4ab35415d",
      "title": "@tresdoce-nestjs-toolkit/elk",
      "fullFile": "",
      "file": "",
      "beforeHooks": [],
      "afterHooks": [],
      "tests": [],
      "suites": [
        {
          "uuid": "aa5d7a23-21f9-48ef-8000-ea97e8277c67",
          "title": "@tresdoce-nestjs-toolkit/elk",
          "fullFile": "",
          "file": "",
          "beforeHooks": [],
          "afterHooks": [],
          "tests": [
            {
              "title": "should be defined",
              "fullTitle": "ElkModule > should be defined",
              "timedOut": false,
              "duration": 1360,
              "state": "passed",
              "speed": null,
              "pass": true,
              "fail": false,
              "pending": false,
              "context": null,
              "code": "",
              "err": {},
              "uuid": "063b52c9-ba3b-41c0-b7dd-f6a0e5b35941",
              "parentUUID": "aa5d7a23-21f9-48ef-8000-ea97e8277c67",
              "isHook": false,
              "skipped": false
            },
            {
              "title": "should be an ElkInterceptor instance to be defined",
              "fullTitle": "ElkModule > should be an ElkInterceptor instance to be defined",
              "timedOut": false,
              "duration": 1010,
              "state": "passed",
              "speed": null,
              "pass": true,
              "fail": false,
              "pending": false,
              "context": null,
              "code": "",
              "err": {},
              "uuid": "a31beed7-701d-4d9f-8bdc-53e5c298ef90",
              "parentUUID": "aa5d7a23-21f9-48ef-8000-ea97e8277c67",
              "isHook": false,
              "skipped": false
            },
            {
              "title": "should be create document in elasticsearch when return success string",
              "fullTitle": "ElkModule > should be create document in elasticsearch when return success string",
              "timedOut": false,
              "duration": 1014,
              "state": "passed",
              "speed": null,
              "pass": true,
              "fail": false,
              "pending": false,
              "context": null,
              "code": "",
              "err": {},
              "uuid": "23ac2e69-2360-4c97-9afc-788c723a439f",
              "parentUUID": "aa5d7a23-21f9-48ef-8000-ea97e8277c67",
              "isHook": false,
              "skipped": false
            },
            {
              "title": "should be create document in elasticsearch when return success object",
              "fullTitle": "ElkModule > should be create document in elasticsearch when return success object",
              "timedOut": false,
              "duration": 1010,
              "state": "passed",
              "speed": null,
              "pass": true,
              "fail": false,
              "pending": false,
              "context": null,
              "code": "",
              "err": {},
              "uuid": "2c7c6f0b-8f8e-4df2-8b5e-b1d77e869c51",
              "parentUUID": "aa5d7a23-21f9-48ef-8000-ea97e8277c67",
              "isHook": false,
              "skipped": false
            },
            {
              "title": "should be create document in elasticsearch when return success with parameters",
              "fullTitle": "ElkModule > should be create document in elasticsearch when return success with parameters",
              "timedOut": false,
              "duration": 1009,
              "state": "passed",
              "speed": null,
              "pass": true,
              "fail": false,
              "pending": false,
              "context": null,
              "code": "",
              "err": {},
              "uuid": "dd5aabd8-391e-492c-9278-258a4b39176e",
              "parentUUID": "aa5d7a23-21f9-48ef-8000-ea97e8277c67",
              "isHook": false,
              "skipped": false
            },
            {
              "title": "should be create document in elasticsearch when return exception",
              "fullTitle": "ElkModule > should be create document in elasticsearch when return exception",
              "timedOut": false,
              "duration": 1009,
              "state": "passed",
              "speed": null,
              "pass": true,
              "fail": false,
              "pending": false,
              "context": null,
              "code": "",
              "err": {},
              "uuid": "6d46e1d6-11df-44ac-9e1f-8cad4069e919",
              "parentUUID": "aa5d7a23-21f9-48ef-8000-ea97e8277c67",
              "isHook": false,
              "skipped": false
            },
            {
              "title": "should be create document in elasticsearch when return exception http",
              "fullTitle": "ElkModule > should be create document in elasticsearch when return exception http",
              "timedOut": false,
              "duration": 1010,
              "state": "passed",
              "speed": null,
              "pass": true,
              "fail": false,
              "pending": false,
              "context": null,
              "code": "",
              "err": {},
              "uuid": "e56e6e9c-7d06-47af-9b9e-9c4658b276d4",
              "parentUUID": "aa5d7a23-21f9-48ef-8000-ea97e8277c67",
              "isHook": false,
              "skipped": false
            },
            {
              "title": "should be defined",
              "fullTitle": "ElkModule > should be defined",
              "timedOut": false,
              "duration": 1015,
              "state": "passed",
              "speed": null,
              "pass": true,
              "fail": false,
              "pending": false,
              "context": null,
              "code": "",
              "err": {},
              "uuid": "97d764a2-4e9a-4d38-84e5-c15e1fbe05f0",
              "parentUUID": "aa5d7a23-21f9-48ef-8000-ea97e8277c67",
              "isHook": false,
              "skipped": false
            }
          ],
          "suites": [],
          "passes": [
            "063b52c9-ba3b-41c0-b7dd-f6a0e5b35941",
            "a31beed7-701d-4d9f-8bdc-53e5c298ef90",
            "23ac2e69-2360-4c97-9afc-788c723a439f",
            "2c7c6f0b-8f8e-4df2-8b5e-b1d77e869c51",
            "dd5aabd8-391e-492c-9278-258a4b39176e",
            "6d46e1d6-11df-44ac-9e1f-8cad4069e919",
            "e56e6e9c-7d06-47af-9b9e-9c4658b276d4",
            "97d764a2-4e9a-4d38-84e5-c15e1fbe05f0"
          ],
          "failures": [],
          "pending": [],
          "skipped": [],
          "duration": 8437,
          "root": false,
          "rootEmpty": false,
          "_timeout": 5000
        }
      ],
      "passes": [],
      "failures": [],
      "pending": [],
      "skipped": [],
      "duration": 0,
      "root": true,
      "rootEmpty": true,
      "_timeout": 5000
    }
  ]
}
