{
  "stats": {
    "suites": 1,
    "tests": 8,
    "passes": 8,
    "pending": 0,
    "failures": 0,
    "testsRegistered": 8,
    "passPercent": 100,
    "pendingPercent": 0,
    "other": 0,
    "hasOther": false,
    "skipped": 0,
    "hasSkipped": false,
    "start": "2023-05-02T17:45:09.652Z",
    "end": "2023-05-02T17:45:17.949Z",
    "duration": 8297
  },
  "results": [
    {
      "uuid": "1c31406f-603f-4919-b8ea-840f6d20ef14",
      "title": "@tresdoce-nestjs-toolkit/elk",
      "fullFile": "",
      "file": "",
      "beforeHooks": [],
      "afterHooks": [],
      "tests": [],
      "suites": [
        {
          "uuid": "fde875f4-5948-4486-81a7-7f1f5df1ce78",
          "title": "@tresdoce-nestjs-toolkit/elk",
          "fullFile": "",
          "file": "",
          "beforeHooks": [],
          "afterHooks": [],
          "tests": [
            {
              "fullTitle": "ElkModule > should be defined",
              "title": "ElkModule > should be defined",
              "timedOut": false,
              "duration": 1226,
              "state": "passed",
              "speed": null,
              "pass": true,
              "fail": false,
              "pending": false,
              "context": null,
              "code": "import { Test, TestingModule } from '@nestjs/testing';\nimport { HttpException, INestApplication } from '@nestjs/common';\nimport { ConfigModule } from '@nestjs/config';\nimport {\n  dynamicConfig,\n  fixtureUserResponse,\n  TCElasticSearchOptions,\n  tcName,\n  testContainers,\n} from '@tresdoce-nestjs-toolkit/test-utils';\nimport { Observable, of, throwError } from 'rxjs';\nimport { HttpConnection } from '@elastic/elasticsearch';\nimport { URL } from 'url';\n\nimport { ElkModule } from '../elk/elk.module';\nimport { ElkInterceptor } from '../elk/interceptors/elk.interceptor';\nimport { ElkService } from '../elk/services/elk.service';\n\nlet executionContext: any = {\n  switchToHttp: jest.fn(() => ({\n    getRequest: () => ({\n      path: '/test',\n      method: 'GET',\n      params: {},\n      query: {},\n      body: {},\n      headers: {\n        'Content-Type': 'application/json',\n        apiKey: 'abcdefg12345',\n      },\n    }),\n    getResponse: () => ({\n      getHeaders: jest.fn().mockReturnValue({\n        'Content-Type': 'application/json',\n        my_header: 'test-header',\n      }),\n      json: [fixtureUserResponse],\n    }),\n  })),\n  getType: jest.fn(() => 'http'),\n  getClass: jest.fn(() => 'testController'),\n  getHandler: jest.fn(() => 'handlerElk'),\n};\n\nlet executionContextParams: any = {\n  switchToHttp: jest.fn(() => ({\n    getRequest: () => ({\n      path: '/test',\n      method: 'GET',\n      params: { name: 'juan' },\n      query: { name: 'juan' },\n      body: { name: 'juan' },\n      headers: {\n        'Content-Type': 'application/json',\n        apiKey: 'abcdefg12345',\n      },\n    }),\n    getResponse: () => ({\n      getHeaders: jest.fn().mockReturnValue({\n        'Content-Type': 'application/json',\n        my_header: 'test-header',\n      }),\n      json: [fixtureUserResponse],\n    }),\n  })),\n  getType: jest.fn(() => 'http'),\n  getClass: jest.fn(() => 'testController'),\n  getHandler: jest.fn(() => 'handlerElk'),\n};\n\n/*const callHandler: any = {\n  handle: jest.fn(() => ({\n    pipe: jest.fn(() => ({\n      tap: jest.fn(() => ({\n        next: jest.fn(),\n        error: jest.fn(),\n      })),\n    })),\n  })),\n};*/\n\njest.setTimeout(70000);\ndescribe('ElkModule', () => {\n  let app: INestApplication;\n  let elkService: ElkService;\n  let interceptor: ElkInterceptor<any>;\n  let container: testContainers;\n\n  beforeAll(async () => {\n    //'elasticsearch:8.3.3'\n    //docker.elastic.co/elasticsearch/elasticsearch:8.3.3\n\n    container = await new testContainers('elasticsearch:8.3.3', {\n      ...TCElasticSearchOptions,\n      containerName: `${tcName}-elasticsearch-interceptor`,\n    });\n    await container.start();\n  });\n\n  afterAll(async () => {\n    await container.stop({ removeVolumes: true });\n  });\n\n  beforeEach(async () => {\n    const moduleFixture: TestingModule = await Test.createTestingModule({\n      imports: [\n        ConfigModule.forRoot({\n          isGlobal: true,\n          load: [\n            dynamicConfig({\n              elasticsearch: {\n                name: 'test-elk-index',\n                node: {\n                  url: new URL(`http://${container.getHost()}:9200`),\n                },\n                maxRetries: 10,\n                requestTimeout: 60000,\n                sniffOnStart: true,\n                Connection: HttpConnection,\n              },\n            }),\n          ],\n        }),\n        ElkModule,\n      ],\n    }).compile();\n    app = moduleFixture.createNestApplication();\n    interceptor = new ElkInterceptor(app.get<ElkService>(ElkService));\n    app.useGlobalInterceptors(interceptor);\n    elkService = moduleFixture.get<ElkService>(ElkService);\n    await app.init();\n  });\n\n  afterEach(async () => {\n    await app.close();\n  });\n\n  it('should be defined', () => {\n    expect(app).toBeDefined();\n  });\n\n  describe('ElkInterceptor', () => {\n    it('should be an ElkInterceptor instance to be defined', async () => {\n      expect(new ElkInterceptor(elkService)).toBeDefined();\n    });\n\n    it('should be create document in elasticsearch when return success string', async () => {\n      const interceptorServiceSpy = jest.spyOn(elkService, 'serializeResponseInterceptor');\n      const timeRequest = Date.now();\n\n      const callHandler: any = {\n        handle: jest.fn(() => of('this is a test')),\n      };\n\n      const obs: Observable<any> = interceptor.intercept(executionContext, callHandler);\n      expect(callHandler.handle).toBeCalledTimes(1);\n\n      obs.subscribe({\n        next: (response) => {\n          elkService.serializeResponseInterceptor(timeRequest, executionContext, response, false);\n          expect(interceptorServiceSpy).toBeCalledWith(\n            timeRequest,\n            executionContext,\n            response,\n            false,\n          );\n        },\n        error: () => {},\n      });\n    });\n\n    it('should be create document in elasticsearch when return success object', async () => {\n      const interceptorServiceSpy = jest.spyOn(elkService, 'serializeResponseInterceptor');\n      const timeRequest = Date.now();\n\n      const callHandler: any = {\n        handle: jest.fn(() => of([fixtureUserResponse])),\n      };\n\n      const obs: Observable<any> = interceptor.intercept(executionContext, callHandler);\n      expect(callHandler.handle).toBeCalledTimes(1);\n\n      obs.subscribe({\n        next: (response) => {\n          elkService.serializeResponseInterceptor(timeRequest, executionContext, response, false);\n          expect(interceptorServiceSpy).toBeCalledWith(\n            timeRequest,\n            executionContext,\n            response,\n            false,\n          );\n        },\n        error: () => {},\n      });\n    });\n\n    it('should be create document in elasticsearch when return success with parameters', async () => {\n      const interceptorServiceSpy = jest.spyOn(elkService, 'serializeResponseInterceptor');\n      const timeRequest = Date.now();\n\n      const callHandler: any = {\n        handle: jest.fn(() => of([fixtureUserResponse])),\n      };\n\n      const obs: Observable<any> = interceptor.intercept(executionContextParams, callHandler);\n      expect(callHandler.handle).toBeCalledTimes(1);\n\n      obs.subscribe({\n        next: (response) => {\n          elkService.serializeResponseInterceptor(\n            timeRequest,\n            executionContextParams,\n            response,\n            false,\n          );\n          expect(interceptorServiceSpy).toBeCalledWith(\n            timeRequest,\n            executionContextParams,\n            response,\n            false,\n          );\n        },\n        error: () => {},\n      });\n    });\n\n    it('should be create document in elasticsearch when return exception', async () => {\n      const interceptorServiceSpy = jest.spyOn(elkService, 'serializeResponseInterceptor');\n      const timeRequest = Date.now();\n\n      const error = new Error(`User #$1 not found`);\n\n      const callHandler: any = {\n        handle: jest.fn(() => throwError(error)),\n      };\n\n      const obs: Observable<any> = interceptor.intercept(executionContext, callHandler);\n      expect(callHandler.handle).toBeCalledTimes(1);\n\n      obs.subscribe({\n        next: () => {},\n        error: (error) => {\n          elkService.serializeResponseInterceptor(timeRequest, executionContext, error, true);\n          expect(interceptorServiceSpy).toBeCalledWith(timeRequest, executionContext, error, true);\n        },\n      });\n    });\n\n    it('should be create document in elasticsearch when return exception http', async () => {\n      const interceptorServiceSpy = jest.spyOn(elkService, 'serializeResponseInterceptor');\n      const timeRequest = Date.now();\n\n      const error = new HttpException('not found', 404);\n\n      const callHandler: any = {\n        handle: jest.fn(() => throwError(error)),\n      };\n\n      const obs: Observable<any> = interceptor.intercept(executionContext, callHandler);\n      expect(callHandler.handle).toBeCalledTimes(1);\n\n      obs.subscribe({\n        next: () => {},\n        error: (error) => {\n          elkService.serializeResponseInterceptor(timeRequest, executionContext, error, true);\n          expect(interceptorServiceSpy).toBeCalledWith(timeRequest, executionContext, error, true);\n        },\n      });\n    });\n  });\n\n  describe('ElkModule - Register', () => {\n    let app: INestApplication;\n    let elkService: ElkService;\n    let interceptor: ElkInterceptor<any>;\n\n    beforeEach(async () => {\n      const moduleFixture: TestingModule = await Test.createTestingModule({\n        imports: [\n          ElkModule.register({\n            name: 'test-elk-index',\n            node: {\n              url: new URL(`http://${container.getHost()}:9200`),\n            },\n            maxRetries: 10,\n            requestTimeout: 60000,\n            sniffOnStart: true,\n            Connection: HttpConnection,\n          }),\n        ],\n      }).compile();\n      app = moduleFixture.createNestApplication();\n      interceptor = new ElkInterceptor(app.get<ElkService>(ElkService));\n      app.useGlobalInterceptors(interceptor);\n      elkService = moduleFixture.get<ElkService>(ElkService);\n      await app.init();\n    });\n\n    afterEach(async () => {\n      await app.close();\n    });\n\n    it('should be defined', () => {\n      expect(app).toBeDefined();\n    });\n  });\n});\n",
              "err": {},
              "uuid": "a3337ee9-ed6e-4062-8a79-902f137d9d56",
              "parentUUID": "fde875f4-5948-4486-81a7-7f1f5df1ce78",
              "isHook": false,
              "skipped": false
            },
            {
              "fullTitle": "ElkModule > should be an ElkInterceptor instance to be defined",
              "title": "ElkModule > should be an ElkInterceptor instance to be defined",
              "timedOut": false,
              "duration": 1009,
              "state": "passed",
              "speed": null,
              "pass": true,
              "fail": false,
              "pending": false,
              "context": null,
              "code": "import { Test, TestingModule } from '@nestjs/testing';\nimport { HttpException, INestApplication } from '@nestjs/common';\nimport { ConfigModule } from '@nestjs/config';\nimport {\n  dynamicConfig,\n  fixtureUserResponse,\n  TCElasticSearchOptions,\n  tcName,\n  testContainers,\n} from '@tresdoce-nestjs-toolkit/test-utils';\nimport { Observable, of, throwError } from 'rxjs';\nimport { HttpConnection } from '@elastic/elasticsearch';\nimport { URL } from 'url';\n\nimport { ElkModule } from '../elk/elk.module';\nimport { ElkInterceptor } from '../elk/interceptors/elk.interceptor';\nimport { ElkService } from '../elk/services/elk.service';\n\nlet executionContext: any = {\n  switchToHttp: jest.fn(() => ({\n    getRequest: () => ({\n      path: '/test',\n      method: 'GET',\n      params: {},\n      query: {},\n      body: {},\n      headers: {\n        'Content-Type': 'application/json',\n        apiKey: 'abcdefg12345',\n      },\n    }),\n    getResponse: () => ({\n      getHeaders: jest.fn().mockReturnValue({\n        'Content-Type': 'application/json',\n        my_header: 'test-header',\n      }),\n      json: [fixtureUserResponse],\n    }),\n  })),\n  getType: jest.fn(() => 'http'),\n  getClass: jest.fn(() => 'testController'),\n  getHandler: jest.fn(() => 'handlerElk'),\n};\n\nlet executionContextParams: any = {\n  switchToHttp: jest.fn(() => ({\n    getRequest: () => ({\n      path: '/test',\n      method: 'GET',\n      params: { name: 'juan' },\n      query: { name: 'juan' },\n      body: { name: 'juan' },\n      headers: {\n        'Content-Type': 'application/json',\n        apiKey: 'abcdefg12345',\n      },\n    }),\n    getResponse: () => ({\n      getHeaders: jest.fn().mockReturnValue({\n        'Content-Type': 'application/json',\n        my_header: 'test-header',\n      }),\n      json: [fixtureUserResponse],\n    }),\n  })),\n  getType: jest.fn(() => 'http'),\n  getClass: jest.fn(() => 'testController'),\n  getHandler: jest.fn(() => 'handlerElk'),\n};\n\n/*const callHandler: any = {\n  handle: jest.fn(() => ({\n    pipe: jest.fn(() => ({\n      tap: jest.fn(() => ({\n        next: jest.fn(),\n        error: jest.fn(),\n      })),\n    })),\n  })),\n};*/\n\njest.setTimeout(70000);\ndescribe('ElkModule', () => {\n  let app: INestApplication;\n  let elkService: ElkService;\n  let interceptor: ElkInterceptor<any>;\n  let container: testContainers;\n\n  beforeAll(async () => {\n    //'elasticsearch:8.3.3'\n    //docker.elastic.co/elasticsearch/elasticsearch:8.3.3\n\n    container = await new testContainers('elasticsearch:8.3.3', {\n      ...TCElasticSearchOptions,\n      containerName: `${tcName}-elasticsearch-interceptor`,\n    });\n    await container.start();\n  });\n\n  afterAll(async () => {\n    await container.stop({ removeVolumes: true });\n  });\n\n  beforeEach(async () => {\n    const moduleFixture: TestingModule = await Test.createTestingModule({\n      imports: [\n        ConfigModule.forRoot({\n          isGlobal: true,\n          load: [\n            dynamicConfig({\n              elasticsearch: {\n                name: 'test-elk-index',\n                node: {\n                  url: new URL(`http://${container.getHost()}:9200`),\n                },\n                maxRetries: 10,\n                requestTimeout: 60000,\n                sniffOnStart: true,\n                Connection: HttpConnection,\n              },\n            }),\n          ],\n        }),\n        ElkModule,\n      ],\n    }).compile();\n    app = moduleFixture.createNestApplication();\n    interceptor = new ElkInterceptor(app.get<ElkService>(ElkService));\n    app.useGlobalInterceptors(interceptor);\n    elkService = moduleFixture.get<ElkService>(ElkService);\n    await app.init();\n  });\n\n  afterEach(async () => {\n    await app.close();\n  });\n\n  it('should be defined', () => {\n    expect(app).toBeDefined();\n  });\n\n  describe('ElkInterceptor', () => {\n    it('should be an ElkInterceptor instance to be defined', async () => {\n      expect(new ElkInterceptor(elkService)).toBeDefined();\n    });\n\n    it('should be create document in elasticsearch when return success string', async () => {\n      const interceptorServiceSpy = jest.spyOn(elkService, 'serializeResponseInterceptor');\n      const timeRequest = Date.now();\n\n      const callHandler: any = {\n        handle: jest.fn(() => of('this is a test')),\n      };\n\n      const obs: Observable<any> = interceptor.intercept(executionContext, callHandler);\n      expect(callHandler.handle).toBeCalledTimes(1);\n\n      obs.subscribe({\n        next: (response) => {\n          elkService.serializeResponseInterceptor(timeRequest, executionContext, response, false);\n          expect(interceptorServiceSpy).toBeCalledWith(\n            timeRequest,\n            executionContext,\n            response,\n            false,\n          );\n        },\n        error: () => {},\n      });\n    });\n\n    it('should be create document in elasticsearch when return success object', async () => {\n      const interceptorServiceSpy = jest.spyOn(elkService, 'serializeResponseInterceptor');\n      const timeRequest = Date.now();\n\n      const callHandler: any = {\n        handle: jest.fn(() => of([fixtureUserResponse])),\n      };\n\n      const obs: Observable<any> = interceptor.intercept(executionContext, callHandler);\n      expect(callHandler.handle).toBeCalledTimes(1);\n\n      obs.subscribe({\n        next: (response) => {\n          elkService.serializeResponseInterceptor(timeRequest, executionContext, response, false);\n          expect(interceptorServiceSpy).toBeCalledWith(\n            timeRequest,\n            executionContext,\n            response,\n            false,\n          );\n        },\n        error: () => {},\n      });\n    });\n\n    it('should be create document in elasticsearch when return success with parameters', async () => {\n      const interceptorServiceSpy = jest.spyOn(elkService, 'serializeResponseInterceptor');\n      const timeRequest = Date.now();\n\n      const callHandler: any = {\n        handle: jest.fn(() => of([fixtureUserResponse])),\n      };\n\n      const obs: Observable<any> = interceptor.intercept(executionContextParams, callHandler);\n      expect(callHandler.handle).toBeCalledTimes(1);\n\n      obs.subscribe({\n        next: (response) => {\n          elkService.serializeResponseInterceptor(\n            timeRequest,\n            executionContextParams,\n            response,\n            false,\n          );\n          expect(interceptorServiceSpy).toBeCalledWith(\n            timeRequest,\n            executionContextParams,\n            response,\n            false,\n          );\n        },\n        error: () => {},\n      });\n    });\n\n    it('should be create document in elasticsearch when return exception', async () => {\n      const interceptorServiceSpy = jest.spyOn(elkService, 'serializeResponseInterceptor');\n      const timeRequest = Date.now();\n\n      const error = new Error(`User #$1 not found`);\n\n      const callHandler: any = {\n        handle: jest.fn(() => throwError(error)),\n      };\n\n      const obs: Observable<any> = interceptor.intercept(executionContext, callHandler);\n      expect(callHandler.handle).toBeCalledTimes(1);\n\n      obs.subscribe({\n        next: () => {},\n        error: (error) => {\n          elkService.serializeResponseInterceptor(timeRequest, executionContext, error, true);\n          expect(interceptorServiceSpy).toBeCalledWith(timeRequest, executionContext, error, true);\n        },\n      });\n    });\n\n    it('should be create document in elasticsearch when return exception http', async () => {\n      const interceptorServiceSpy = jest.spyOn(elkService, 'serializeResponseInterceptor');\n      const timeRequest = Date.now();\n\n      const error = new HttpException('not found', 404);\n\n      const callHandler: any = {\n        handle: jest.fn(() => throwError(error)),\n      };\n\n      const obs: Observable<any> = interceptor.intercept(executionContext, callHandler);\n      expect(callHandler.handle).toBeCalledTimes(1);\n\n      obs.subscribe({\n        next: () => {},\n        error: (error) => {\n          elkService.serializeResponseInterceptor(timeRequest, executionContext, error, true);\n          expect(interceptorServiceSpy).toBeCalledWith(timeRequest, executionContext, error, true);\n        },\n      });\n    });\n  });\n\n  describe('ElkModule - Register', () => {\n    let app: INestApplication;\n    let elkService: ElkService;\n    let interceptor: ElkInterceptor<any>;\n\n    beforeEach(async () => {\n      const moduleFixture: TestingModule = await Test.createTestingModule({\n        imports: [\n          ElkModule.register({\n            name: 'test-elk-index',\n            node: {\n              url: new URL(`http://${container.getHost()}:9200`),\n            },\n            maxRetries: 10,\n            requestTimeout: 60000,\n            sniffOnStart: true,\n            Connection: HttpConnection,\n          }),\n        ],\n      }).compile();\n      app = moduleFixture.createNestApplication();\n      interceptor = new ElkInterceptor(app.get<ElkService>(ElkService));\n      app.useGlobalInterceptors(interceptor);\n      elkService = moduleFixture.get<ElkService>(ElkService);\n      await app.init();\n    });\n\n    afterEach(async () => {\n      await app.close();\n    });\n\n    it('should be defined', () => {\n      expect(app).toBeDefined();\n    });\n  });\n});\n",
              "err": {},
              "uuid": "a350bcb0-450a-46ae-ba8c-7481cc17f157",
              "parentUUID": "fde875f4-5948-4486-81a7-7f1f5df1ce78",
              "isHook": false,
              "skipped": false
            },
            {
              "fullTitle": "ElkModule > should be create document in elasticsearch when return success string",
              "title": "ElkModule > should be create document in elasticsearch when return success string",
              "timedOut": false,
              "duration": 1014,
              "state": "passed",
              "speed": null,
              "pass": true,
              "fail": false,
              "pending": false,
              "context": null,
              "code": "import { Test, TestingModule } from '@nestjs/testing';\nimport { HttpException, INestApplication } from '@nestjs/common';\nimport { ConfigModule } from '@nestjs/config';\nimport {\n  dynamicConfig,\n  fixtureUserResponse,\n  TCElasticSearchOptions,\n  tcName,\n  testContainers,\n} from '@tresdoce-nestjs-toolkit/test-utils';\nimport { Observable, of, throwError } from 'rxjs';\nimport { HttpConnection } from '@elastic/elasticsearch';\nimport { URL } from 'url';\n\nimport { ElkModule } from '../elk/elk.module';\nimport { ElkInterceptor } from '../elk/interceptors/elk.interceptor';\nimport { ElkService } from '../elk/services/elk.service';\n\nlet executionContext: any = {\n  switchToHttp: jest.fn(() => ({\n    getRequest: () => ({\n      path: '/test',\n      method: 'GET',\n      params: {},\n      query: {},\n      body: {},\n      headers: {\n        'Content-Type': 'application/json',\n        apiKey: 'abcdefg12345',\n      },\n    }),\n    getResponse: () => ({\n      getHeaders: jest.fn().mockReturnValue({\n        'Content-Type': 'application/json',\n        my_header: 'test-header',\n      }),\n      json: [fixtureUserResponse],\n    }),\n  })),\n  getType: jest.fn(() => 'http'),\n  getClass: jest.fn(() => 'testController'),\n  getHandler: jest.fn(() => 'handlerElk'),\n};\n\nlet executionContextParams: any = {\n  switchToHttp: jest.fn(() => ({\n    getRequest: () => ({\n      path: '/test',\n      method: 'GET',\n      params: { name: 'juan' },\n      query: { name: 'juan' },\n      body: { name: 'juan' },\n      headers: {\n        'Content-Type': 'application/json',\n        apiKey: 'abcdefg12345',\n      },\n    }),\n    getResponse: () => ({\n      getHeaders: jest.fn().mockReturnValue({\n        'Content-Type': 'application/json',\n        my_header: 'test-header',\n      }),\n      json: [fixtureUserResponse],\n    }),\n  })),\n  getType: jest.fn(() => 'http'),\n  getClass: jest.fn(() => 'testController'),\n  getHandler: jest.fn(() => 'handlerElk'),\n};\n\n/*const callHandler: any = {\n  handle: jest.fn(() => ({\n    pipe: jest.fn(() => ({\n      tap: jest.fn(() => ({\n        next: jest.fn(),\n        error: jest.fn(),\n      })),\n    })),\n  })),\n};*/\n\njest.setTimeout(70000);\ndescribe('ElkModule', () => {\n  let app: INestApplication;\n  let elkService: ElkService;\n  let interceptor: ElkInterceptor<any>;\n  let container: testContainers;\n\n  beforeAll(async () => {\n    //'elasticsearch:8.3.3'\n    //docker.elastic.co/elasticsearch/elasticsearch:8.3.3\n\n    container = await new testContainers('elasticsearch:8.3.3', {\n      ...TCElasticSearchOptions,\n      containerName: `${tcName}-elasticsearch-interceptor`,\n    });\n    await container.start();\n  });\n\n  afterAll(async () => {\n    await container.stop({ removeVolumes: true });\n  });\n\n  beforeEach(async () => {\n    const moduleFixture: TestingModule = await Test.createTestingModule({\n      imports: [\n        ConfigModule.forRoot({\n          isGlobal: true,\n          load: [\n            dynamicConfig({\n              elasticsearch: {\n                name: 'test-elk-index',\n                node: {\n                  url: new URL(`http://${container.getHost()}:9200`),\n                },\n                maxRetries: 10,\n                requestTimeout: 60000,\n                sniffOnStart: true,\n                Connection: HttpConnection,\n              },\n            }),\n          ],\n        }),\n        ElkModule,\n      ],\n    }).compile();\n    app = moduleFixture.createNestApplication();\n    interceptor = new ElkInterceptor(app.get<ElkService>(ElkService));\n    app.useGlobalInterceptors(interceptor);\n    elkService = moduleFixture.get<ElkService>(ElkService);\n    await app.init();\n  });\n\n  afterEach(async () => {\n    await app.close();\n  });\n\n  it('should be defined', () => {\n    expect(app).toBeDefined();\n  });\n\n  describe('ElkInterceptor', () => {\n    it('should be an ElkInterceptor instance to be defined', async () => {\n      expect(new ElkInterceptor(elkService)).toBeDefined();\n    });\n\n    it('should be create document in elasticsearch when return success string', async () => {\n      const interceptorServiceSpy = jest.spyOn(elkService, 'serializeResponseInterceptor');\n      const timeRequest = Date.now();\n\n      const callHandler: any = {\n        handle: jest.fn(() => of('this is a test')),\n      };\n\n      const obs: Observable<any> = interceptor.intercept(executionContext, callHandler);\n      expect(callHandler.handle).toBeCalledTimes(1);\n\n      obs.subscribe({\n        next: (response) => {\n          elkService.serializeResponseInterceptor(timeRequest, executionContext, response, false);\n          expect(interceptorServiceSpy).toBeCalledWith(\n            timeRequest,\n            executionContext,\n            response,\n            false,\n          );\n        },\n        error: () => {},\n      });\n    });\n\n    it('should be create document in elasticsearch when return success object', async () => {\n      const interceptorServiceSpy = jest.spyOn(elkService, 'serializeResponseInterceptor');\n      const timeRequest = Date.now();\n\n      const callHandler: any = {\n        handle: jest.fn(() => of([fixtureUserResponse])),\n      };\n\n      const obs: Observable<any> = interceptor.intercept(executionContext, callHandler);\n      expect(callHandler.handle).toBeCalledTimes(1);\n\n      obs.subscribe({\n        next: (response) => {\n          elkService.serializeResponseInterceptor(timeRequest, executionContext, response, false);\n          expect(interceptorServiceSpy).toBeCalledWith(\n            timeRequest,\n            executionContext,\n            response,\n            false,\n          );\n        },\n        error: () => {},\n      });\n    });\n\n    it('should be create document in elasticsearch when return success with parameters', async () => {\n      const interceptorServiceSpy = jest.spyOn(elkService, 'serializeResponseInterceptor');\n      const timeRequest = Date.now();\n\n      const callHandler: any = {\n        handle: jest.fn(() => of([fixtureUserResponse])),\n      };\n\n      const obs: Observable<any> = interceptor.intercept(executionContextParams, callHandler);\n      expect(callHandler.handle).toBeCalledTimes(1);\n\n      obs.subscribe({\n        next: (response) => {\n          elkService.serializeResponseInterceptor(\n            timeRequest,\n            executionContextParams,\n            response,\n            false,\n          );\n          expect(interceptorServiceSpy).toBeCalledWith(\n            timeRequest,\n            executionContextParams,\n            response,\n            false,\n          );\n        },\n        error: () => {},\n      });\n    });\n\n    it('should be create document in elasticsearch when return exception', async () => {\n      const interceptorServiceSpy = jest.spyOn(elkService, 'serializeResponseInterceptor');\n      const timeRequest = Date.now();\n\n      const error = new Error(`User #$1 not found`);\n\n      const callHandler: any = {\n        handle: jest.fn(() => throwError(error)),\n      };\n\n      const obs: Observable<any> = interceptor.intercept(executionContext, callHandler);\n      expect(callHandler.handle).toBeCalledTimes(1);\n\n      obs.subscribe({\n        next: () => {},\n        error: (error) => {\n          elkService.serializeResponseInterceptor(timeRequest, executionContext, error, true);\n          expect(interceptorServiceSpy).toBeCalledWith(timeRequest, executionContext, error, true);\n        },\n      });\n    });\n\n    it('should be create document in elasticsearch when return exception http', async () => {\n      const interceptorServiceSpy = jest.spyOn(elkService, 'serializeResponseInterceptor');\n      const timeRequest = Date.now();\n\n      const error = new HttpException('not found', 404);\n\n      const callHandler: any = {\n        handle: jest.fn(() => throwError(error)),\n      };\n\n      const obs: Observable<any> = interceptor.intercept(executionContext, callHandler);\n      expect(callHandler.handle).toBeCalledTimes(1);\n\n      obs.subscribe({\n        next: () => {},\n        error: (error) => {\n          elkService.serializeResponseInterceptor(timeRequest, executionContext, error, true);\n          expect(interceptorServiceSpy).toBeCalledWith(timeRequest, executionContext, error, true);\n        },\n      });\n    });\n  });\n\n  describe('ElkModule - Register', () => {\n    let app: INestApplication;\n    let elkService: ElkService;\n    let interceptor: ElkInterceptor<any>;\n\n    beforeEach(async () => {\n      const moduleFixture: TestingModule = await Test.createTestingModule({\n        imports: [\n          ElkModule.register({\n            name: 'test-elk-index',\n            node: {\n              url: new URL(`http://${container.getHost()}:9200`),\n            },\n            maxRetries: 10,\n            requestTimeout: 60000,\n            sniffOnStart: true,\n            Connection: HttpConnection,\n          }),\n        ],\n      }).compile();\n      app = moduleFixture.createNestApplication();\n      interceptor = new ElkInterceptor(app.get<ElkService>(ElkService));\n      app.useGlobalInterceptors(interceptor);\n      elkService = moduleFixture.get<ElkService>(ElkService);\n      await app.init();\n    });\n\n    afterEach(async () => {\n      await app.close();\n    });\n\n    it('should be defined', () => {\n      expect(app).toBeDefined();\n    });\n  });\n});\n",
              "err": {},
              "uuid": "c78dc9e4-8c3c-4745-95fb-c7f141bbca09",
              "parentUUID": "fde875f4-5948-4486-81a7-7f1f5df1ce78",
              "isHook": false,
              "skipped": false
            },
            {
              "fullTitle": "ElkModule > should be create document in elasticsearch when return success object",
              "title": "ElkModule > should be create document in elasticsearch when return success object",
              "timedOut": false,
              "duration": 1010,
              "state": "passed",
              "speed": null,
              "pass": true,
              "fail": false,
              "pending": false,
              "context": null,
              "code": "import { Test, TestingModule } from '@nestjs/testing';\nimport { HttpException, INestApplication } from '@nestjs/common';\nimport { ConfigModule } from '@nestjs/config';\nimport {\n  dynamicConfig,\n  fixtureUserResponse,\n  TCElasticSearchOptions,\n  tcName,\n  testContainers,\n} from '@tresdoce-nestjs-toolkit/test-utils';\nimport { Observable, of, throwError } from 'rxjs';\nimport { HttpConnection } from '@elastic/elasticsearch';\nimport { URL } from 'url';\n\nimport { ElkModule } from '../elk/elk.module';\nimport { ElkInterceptor } from '../elk/interceptors/elk.interceptor';\nimport { ElkService } from '../elk/services/elk.service';\n\nlet executionContext: any = {\n  switchToHttp: jest.fn(() => ({\n    getRequest: () => ({\n      path: '/test',\n      method: 'GET',\n      params: {},\n      query: {},\n      body: {},\n      headers: {\n        'Content-Type': 'application/json',\n        apiKey: 'abcdefg12345',\n      },\n    }),\n    getResponse: () => ({\n      getHeaders: jest.fn().mockReturnValue({\n        'Content-Type': 'application/json',\n        my_header: 'test-header',\n      }),\n      json: [fixtureUserResponse],\n    }),\n  })),\n  getType: jest.fn(() => 'http'),\n  getClass: jest.fn(() => 'testController'),\n  getHandler: jest.fn(() => 'handlerElk'),\n};\n\nlet executionContextParams: any = {\n  switchToHttp: jest.fn(() => ({\n    getRequest: () => ({\n      path: '/test',\n      method: 'GET',\n      params: { name: 'juan' },\n      query: { name: 'juan' },\n      body: { name: 'juan' },\n      headers: {\n        'Content-Type': 'application/json',\n        apiKey: 'abcdefg12345',\n      },\n    }),\n    getResponse: () => ({\n      getHeaders: jest.fn().mockReturnValue({\n        'Content-Type': 'application/json',\n        my_header: 'test-header',\n      }),\n      json: [fixtureUserResponse],\n    }),\n  })),\n  getType: jest.fn(() => 'http'),\n  getClass: jest.fn(() => 'testController'),\n  getHandler: jest.fn(() => 'handlerElk'),\n};\n\n/*const callHandler: any = {\n  handle: jest.fn(() => ({\n    pipe: jest.fn(() => ({\n      tap: jest.fn(() => ({\n        next: jest.fn(),\n        error: jest.fn(),\n      })),\n    })),\n  })),\n};*/\n\njest.setTimeout(70000);\ndescribe('ElkModule', () => {\n  let app: INestApplication;\n  let elkService: ElkService;\n  let interceptor: ElkInterceptor<any>;\n  let container: testContainers;\n\n  beforeAll(async () => {\n    //'elasticsearch:8.3.3'\n    //docker.elastic.co/elasticsearch/elasticsearch:8.3.3\n\n    container = await new testContainers('elasticsearch:8.3.3', {\n      ...TCElasticSearchOptions,\n      containerName: `${tcName}-elasticsearch-interceptor`,\n    });\n    await container.start();\n  });\n\n  afterAll(async () => {\n    await container.stop({ removeVolumes: true });\n  });\n\n  beforeEach(async () => {\n    const moduleFixture: TestingModule = await Test.createTestingModule({\n      imports: [\n        ConfigModule.forRoot({\n          isGlobal: true,\n          load: [\n            dynamicConfig({\n              elasticsearch: {\n                name: 'test-elk-index',\n                node: {\n                  url: new URL(`http://${container.getHost()}:9200`),\n                },\n                maxRetries: 10,\n                requestTimeout: 60000,\n                sniffOnStart: true,\n                Connection: HttpConnection,\n              },\n            }),\n          ],\n        }),\n        ElkModule,\n      ],\n    }).compile();\n    app = moduleFixture.createNestApplication();\n    interceptor = new ElkInterceptor(app.get<ElkService>(ElkService));\n    app.useGlobalInterceptors(interceptor);\n    elkService = moduleFixture.get<ElkService>(ElkService);\n    await app.init();\n  });\n\n  afterEach(async () => {\n    await app.close();\n  });\n\n  it('should be defined', () => {\n    expect(app).toBeDefined();\n  });\n\n  describe('ElkInterceptor', () => {\n    it('should be an ElkInterceptor instance to be defined', async () => {\n      expect(new ElkInterceptor(elkService)).toBeDefined();\n    });\n\n    it('should be create document in elasticsearch when return success string', async () => {\n      const interceptorServiceSpy = jest.spyOn(elkService, 'serializeResponseInterceptor');\n      const timeRequest = Date.now();\n\n      const callHandler: any = {\n        handle: jest.fn(() => of('this is a test')),\n      };\n\n      const obs: Observable<any> = interceptor.intercept(executionContext, callHandler);\n      expect(callHandler.handle).toBeCalledTimes(1);\n\n      obs.subscribe({\n        next: (response) => {\n          elkService.serializeResponseInterceptor(timeRequest, executionContext, response, false);\n          expect(interceptorServiceSpy).toBeCalledWith(\n            timeRequest,\n            executionContext,\n            response,\n            false,\n          );\n        },\n        error: () => {},\n      });\n    });\n\n    it('should be create document in elasticsearch when return success object', async () => {\n      const interceptorServiceSpy = jest.spyOn(elkService, 'serializeResponseInterceptor');\n      const timeRequest = Date.now();\n\n      const callHandler: any = {\n        handle: jest.fn(() => of([fixtureUserResponse])),\n      };\n\n      const obs: Observable<any> = interceptor.intercept(executionContext, callHandler);\n      expect(callHandler.handle).toBeCalledTimes(1);\n\n      obs.subscribe({\n        next: (response) => {\n          elkService.serializeResponseInterceptor(timeRequest, executionContext, response, false);\n          expect(interceptorServiceSpy).toBeCalledWith(\n            timeRequest,\n            executionContext,\n            response,\n            false,\n          );\n        },\n        error: () => {},\n      });\n    });\n\n    it('should be create document in elasticsearch when return success with parameters', async () => {\n      const interceptorServiceSpy = jest.spyOn(elkService, 'serializeResponseInterceptor');\n      const timeRequest = Date.now();\n\n      const callHandler: any = {\n        handle: jest.fn(() => of([fixtureUserResponse])),\n      };\n\n      const obs: Observable<any> = interceptor.intercept(executionContextParams, callHandler);\n      expect(callHandler.handle).toBeCalledTimes(1);\n\n      obs.subscribe({\n        next: (response) => {\n          elkService.serializeResponseInterceptor(\n            timeRequest,\n            executionContextParams,\n            response,\n            false,\n          );\n          expect(interceptorServiceSpy).toBeCalledWith(\n            timeRequest,\n            executionContextParams,\n            response,\n            false,\n          );\n        },\n        error: () => {},\n      });\n    });\n\n    it('should be create document in elasticsearch when return exception', async () => {\n      const interceptorServiceSpy = jest.spyOn(elkService, 'serializeResponseInterceptor');\n      const timeRequest = Date.now();\n\n      const error = new Error(`User #$1 not found`);\n\n      const callHandler: any = {\n        handle: jest.fn(() => throwError(error)),\n      };\n\n      const obs: Observable<any> = interceptor.intercept(executionContext, callHandler);\n      expect(callHandler.handle).toBeCalledTimes(1);\n\n      obs.subscribe({\n        next: () => {},\n        error: (error) => {\n          elkService.serializeResponseInterceptor(timeRequest, executionContext, error, true);\n          expect(interceptorServiceSpy).toBeCalledWith(timeRequest, executionContext, error, true);\n        },\n      });\n    });\n\n    it('should be create document in elasticsearch when return exception http', async () => {\n      const interceptorServiceSpy = jest.spyOn(elkService, 'serializeResponseInterceptor');\n      const timeRequest = Date.now();\n\n      const error = new HttpException('not found', 404);\n\n      const callHandler: any = {\n        handle: jest.fn(() => throwError(error)),\n      };\n\n      const obs: Observable<any> = interceptor.intercept(executionContext, callHandler);\n      expect(callHandler.handle).toBeCalledTimes(1);\n\n      obs.subscribe({\n        next: () => {},\n        error: (error) => {\n          elkService.serializeResponseInterceptor(timeRequest, executionContext, error, true);\n          expect(interceptorServiceSpy).toBeCalledWith(timeRequest, executionContext, error, true);\n        },\n      });\n    });\n  });\n\n  describe('ElkModule - Register', () => {\n    let app: INestApplication;\n    let elkService: ElkService;\n    let interceptor: ElkInterceptor<any>;\n\n    beforeEach(async () => {\n      const moduleFixture: TestingModule = await Test.createTestingModule({\n        imports: [\n          ElkModule.register({\n            name: 'test-elk-index',\n            node: {\n              url: new URL(`http://${container.getHost()}:9200`),\n            },\n            maxRetries: 10,\n            requestTimeout: 60000,\n            sniffOnStart: true,\n            Connection: HttpConnection,\n          }),\n        ],\n      }).compile();\n      app = moduleFixture.createNestApplication();\n      interceptor = new ElkInterceptor(app.get<ElkService>(ElkService));\n      app.useGlobalInterceptors(interceptor);\n      elkService = moduleFixture.get<ElkService>(ElkService);\n      await app.init();\n    });\n\n    afterEach(async () => {\n      await app.close();\n    });\n\n    it('should be defined', () => {\n      expect(app).toBeDefined();\n    });\n  });\n});\n",
              "err": {},
              "uuid": "d572412f-4f91-4fbf-9f5b-1a219e6505bd",
              "parentUUID": "fde875f4-5948-4486-81a7-7f1f5df1ce78",
              "isHook": false,
              "skipped": false
            },
            {
              "fullTitle": "ElkModule > should be create document in elasticsearch when return success with parameters",
              "title": "ElkModule > should be create document in elasticsearch when return success with parameters",
              "timedOut": false,
              "duration": 1009,
              "state": "passed",
              "speed": null,
              "pass": true,
              "fail": false,
              "pending": false,
              "context": null,
              "code": "import { Test, TestingModule } from '@nestjs/testing';\nimport { HttpException, INestApplication } from '@nestjs/common';\nimport { ConfigModule } from '@nestjs/config';\nimport {\n  dynamicConfig,\n  fixtureUserResponse,\n  TCElasticSearchOptions,\n  tcName,\n  testContainers,\n} from '@tresdoce-nestjs-toolkit/test-utils';\nimport { Observable, of, throwError } from 'rxjs';\nimport { HttpConnection } from '@elastic/elasticsearch';\nimport { URL } from 'url';\n\nimport { ElkModule } from '../elk/elk.module';\nimport { ElkInterceptor } from '../elk/interceptors/elk.interceptor';\nimport { ElkService } from '../elk/services/elk.service';\n\nlet executionContext: any = {\n  switchToHttp: jest.fn(() => ({\n    getRequest: () => ({\n      path: '/test',\n      method: 'GET',\n      params: {},\n      query: {},\n      body: {},\n      headers: {\n        'Content-Type': 'application/json',\n        apiKey: 'abcdefg12345',\n      },\n    }),\n    getResponse: () => ({\n      getHeaders: jest.fn().mockReturnValue({\n        'Content-Type': 'application/json',\n        my_header: 'test-header',\n      }),\n      json: [fixtureUserResponse],\n    }),\n  })),\n  getType: jest.fn(() => 'http'),\n  getClass: jest.fn(() => 'testController'),\n  getHandler: jest.fn(() => 'handlerElk'),\n};\n\nlet executionContextParams: any = {\n  switchToHttp: jest.fn(() => ({\n    getRequest: () => ({\n      path: '/test',\n      method: 'GET',\n      params: { name: 'juan' },\n      query: { name: 'juan' },\n      body: { name: 'juan' },\n      headers: {\n        'Content-Type': 'application/json',\n        apiKey: 'abcdefg12345',\n      },\n    }),\n    getResponse: () => ({\n      getHeaders: jest.fn().mockReturnValue({\n        'Content-Type': 'application/json',\n        my_header: 'test-header',\n      }),\n      json: [fixtureUserResponse],\n    }),\n  })),\n  getType: jest.fn(() => 'http'),\n  getClass: jest.fn(() => 'testController'),\n  getHandler: jest.fn(() => 'handlerElk'),\n};\n\n/*const callHandler: any = {\n  handle: jest.fn(() => ({\n    pipe: jest.fn(() => ({\n      tap: jest.fn(() => ({\n        next: jest.fn(),\n        error: jest.fn(),\n      })),\n    })),\n  })),\n};*/\n\njest.setTimeout(70000);\ndescribe('ElkModule', () => {\n  let app: INestApplication;\n  let elkService: ElkService;\n  let interceptor: ElkInterceptor<any>;\n  let container: testContainers;\n\n  beforeAll(async () => {\n    //'elasticsearch:8.3.3'\n    //docker.elastic.co/elasticsearch/elasticsearch:8.3.3\n\n    container = await new testContainers('elasticsearch:8.3.3', {\n      ...TCElasticSearchOptions,\n      containerName: `${tcName}-elasticsearch-interceptor`,\n    });\n    await container.start();\n  });\n\n  afterAll(async () => {\n    await container.stop({ removeVolumes: true });\n  });\n\n  beforeEach(async () => {\n    const moduleFixture: TestingModule = await Test.createTestingModule({\n      imports: [\n        ConfigModule.forRoot({\n          isGlobal: true,\n          load: [\n            dynamicConfig({\n              elasticsearch: {\n                name: 'test-elk-index',\n                node: {\n                  url: new URL(`http://${container.getHost()}:9200`),\n                },\n                maxRetries: 10,\n                requestTimeout: 60000,\n                sniffOnStart: true,\n                Connection: HttpConnection,\n              },\n            }),\n          ],\n        }),\n        ElkModule,\n      ],\n    }).compile();\n    app = moduleFixture.createNestApplication();\n    interceptor = new ElkInterceptor(app.get<ElkService>(ElkService));\n    app.useGlobalInterceptors(interceptor);\n    elkService = moduleFixture.get<ElkService>(ElkService);\n    await app.init();\n  });\n\n  afterEach(async () => {\n    await app.close();\n  });\n\n  it('should be defined', () => {\n    expect(app).toBeDefined();\n  });\n\n  describe('ElkInterceptor', () => {\n    it('should be an ElkInterceptor instance to be defined', async () => {\n      expect(new ElkInterceptor(elkService)).toBeDefined();\n    });\n\n    it('should be create document in elasticsearch when return success string', async () => {\n      const interceptorServiceSpy = jest.spyOn(elkService, 'serializeResponseInterceptor');\n      const timeRequest = Date.now();\n\n      const callHandler: any = {\n        handle: jest.fn(() => of('this is a test')),\n      };\n\n      const obs: Observable<any> = interceptor.intercept(executionContext, callHandler);\n      expect(callHandler.handle).toBeCalledTimes(1);\n\n      obs.subscribe({\n        next: (response) => {\n          elkService.serializeResponseInterceptor(timeRequest, executionContext, response, false);\n          expect(interceptorServiceSpy).toBeCalledWith(\n            timeRequest,\n            executionContext,\n            response,\n            false,\n          );\n        },\n        error: () => {},\n      });\n    });\n\n    it('should be create document in elasticsearch when return success object', async () => {\n      const interceptorServiceSpy = jest.spyOn(elkService, 'serializeResponseInterceptor');\n      const timeRequest = Date.now();\n\n      const callHandler: any = {\n        handle: jest.fn(() => of([fixtureUserResponse])),\n      };\n\n      const obs: Observable<any> = interceptor.intercept(executionContext, callHandler);\n      expect(callHandler.handle).toBeCalledTimes(1);\n\n      obs.subscribe({\n        next: (response) => {\n          elkService.serializeResponseInterceptor(timeRequest, executionContext, response, false);\n          expect(interceptorServiceSpy).toBeCalledWith(\n            timeRequest,\n            executionContext,\n            response,\n            false,\n          );\n        },\n        error: () => {},\n      });\n    });\n\n    it('should be create document in elasticsearch when return success with parameters', async () => {\n      const interceptorServiceSpy = jest.spyOn(elkService, 'serializeResponseInterceptor');\n      const timeRequest = Date.now();\n\n      const callHandler: any = {\n        handle: jest.fn(() => of([fixtureUserResponse])),\n      };\n\n      const obs: Observable<any> = interceptor.intercept(executionContextParams, callHandler);\n      expect(callHandler.handle).toBeCalledTimes(1);\n\n      obs.subscribe({\n        next: (response) => {\n          elkService.serializeResponseInterceptor(\n            timeRequest,\n            executionContextParams,\n            response,\n            false,\n          );\n          expect(interceptorServiceSpy).toBeCalledWith(\n            timeRequest,\n            executionContextParams,\n            response,\n            false,\n          );\n        },\n        error: () => {},\n      });\n    });\n\n    it('should be create document in elasticsearch when return exception', async () => {\n      const interceptorServiceSpy = jest.spyOn(elkService, 'serializeResponseInterceptor');\n      const timeRequest = Date.now();\n\n      const error = new Error(`User #$1 not found`);\n\n      const callHandler: any = {\n        handle: jest.fn(() => throwError(error)),\n      };\n\n      const obs: Observable<any> = interceptor.intercept(executionContext, callHandler);\n      expect(callHandler.handle).toBeCalledTimes(1);\n\n      obs.subscribe({\n        next: () => {},\n        error: (error) => {\n          elkService.serializeResponseInterceptor(timeRequest, executionContext, error, true);\n          expect(interceptorServiceSpy).toBeCalledWith(timeRequest, executionContext, error, true);\n        },\n      });\n    });\n\n    it('should be create document in elasticsearch when return exception http', async () => {\n      const interceptorServiceSpy = jest.spyOn(elkService, 'serializeResponseInterceptor');\n      const timeRequest = Date.now();\n\n      const error = new HttpException('not found', 404);\n\n      const callHandler: any = {\n        handle: jest.fn(() => throwError(error)),\n      };\n\n      const obs: Observable<any> = interceptor.intercept(executionContext, callHandler);\n      expect(callHandler.handle).toBeCalledTimes(1);\n\n      obs.subscribe({\n        next: () => {},\n        error: (error) => {\n          elkService.serializeResponseInterceptor(timeRequest, executionContext, error, true);\n          expect(interceptorServiceSpy).toBeCalledWith(timeRequest, executionContext, error, true);\n        },\n      });\n    });\n  });\n\n  describe('ElkModule - Register', () => {\n    let app: INestApplication;\n    let elkService: ElkService;\n    let interceptor: ElkInterceptor<any>;\n\n    beforeEach(async () => {\n      const moduleFixture: TestingModule = await Test.createTestingModule({\n        imports: [\n          ElkModule.register({\n            name: 'test-elk-index',\n            node: {\n              url: new URL(`http://${container.getHost()}:9200`),\n            },\n            maxRetries: 10,\n            requestTimeout: 60000,\n            sniffOnStart: true,\n            Connection: HttpConnection,\n          }),\n        ],\n      }).compile();\n      app = moduleFixture.createNestApplication();\n      interceptor = new ElkInterceptor(app.get<ElkService>(ElkService));\n      app.useGlobalInterceptors(interceptor);\n      elkService = moduleFixture.get<ElkService>(ElkService);\n      await app.init();\n    });\n\n    afterEach(async () => {\n      await app.close();\n    });\n\n    it('should be defined', () => {\n      expect(app).toBeDefined();\n    });\n  });\n});\n",
              "err": {},
              "uuid": "fa99f1b7-1b8f-4295-921a-eb9e4f015736",
              "parentUUID": "fde875f4-5948-4486-81a7-7f1f5df1ce78",
              "isHook": false,
              "skipped": false
            },
            {
              "fullTitle": "ElkModule > should be create document in elasticsearch when return exception",
              "title": "ElkModule > should be create document in elasticsearch when return exception",
              "timedOut": false,
              "duration": 1009,
              "state": "passed",
              "speed": null,
              "pass": true,
              "fail": false,
              "pending": false,
              "context": null,
              "code": "import { Test, TestingModule } from '@nestjs/testing';\nimport { HttpException, INestApplication } from '@nestjs/common';\nimport { ConfigModule } from '@nestjs/config';\nimport {\n  dynamicConfig,\n  fixtureUserResponse,\n  TCElasticSearchOptions,\n  tcName,\n  testContainers,\n} from '@tresdoce-nestjs-toolkit/test-utils';\nimport { Observable, of, throwError } from 'rxjs';\nimport { HttpConnection } from '@elastic/elasticsearch';\nimport { URL } from 'url';\n\nimport { ElkModule } from '../elk/elk.module';\nimport { ElkInterceptor } from '../elk/interceptors/elk.interceptor';\nimport { ElkService } from '../elk/services/elk.service';\n\nlet executionContext: any = {\n  switchToHttp: jest.fn(() => ({\n    getRequest: () => ({\n      path: '/test',\n      method: 'GET',\n      params: {},\n      query: {},\n      body: {},\n      headers: {\n        'Content-Type': 'application/json',\n        apiKey: 'abcdefg12345',\n      },\n    }),\n    getResponse: () => ({\n      getHeaders: jest.fn().mockReturnValue({\n        'Content-Type': 'application/json',\n        my_header: 'test-header',\n      }),\n      json: [fixtureUserResponse],\n    }),\n  })),\n  getType: jest.fn(() => 'http'),\n  getClass: jest.fn(() => 'testController'),\n  getHandler: jest.fn(() => 'handlerElk'),\n};\n\nlet executionContextParams: any = {\n  switchToHttp: jest.fn(() => ({\n    getRequest: () => ({\n      path: '/test',\n      method: 'GET',\n      params: { name: 'juan' },\n      query: { name: 'juan' },\n      body: { name: 'juan' },\n      headers: {\n        'Content-Type': 'application/json',\n        apiKey: 'abcdefg12345',\n      },\n    }),\n    getResponse: () => ({\n      getHeaders: jest.fn().mockReturnValue({\n        'Content-Type': 'application/json',\n        my_header: 'test-header',\n      }),\n      json: [fixtureUserResponse],\n    }),\n  })),\n  getType: jest.fn(() => 'http'),\n  getClass: jest.fn(() => 'testController'),\n  getHandler: jest.fn(() => 'handlerElk'),\n};\n\n/*const callHandler: any = {\n  handle: jest.fn(() => ({\n    pipe: jest.fn(() => ({\n      tap: jest.fn(() => ({\n        next: jest.fn(),\n        error: jest.fn(),\n      })),\n    })),\n  })),\n};*/\n\njest.setTimeout(70000);\ndescribe('ElkModule', () => {\n  let app: INestApplication;\n  let elkService: ElkService;\n  let interceptor: ElkInterceptor<any>;\n  let container: testContainers;\n\n  beforeAll(async () => {\n    //'elasticsearch:8.3.3'\n    //docker.elastic.co/elasticsearch/elasticsearch:8.3.3\n\n    container = await new testContainers('elasticsearch:8.3.3', {\n      ...TCElasticSearchOptions,\n      containerName: `${tcName}-elasticsearch-interceptor`,\n    });\n    await container.start();\n  });\n\n  afterAll(async () => {\n    await container.stop({ removeVolumes: true });\n  });\n\n  beforeEach(async () => {\n    const moduleFixture: TestingModule = await Test.createTestingModule({\n      imports: [\n        ConfigModule.forRoot({\n          isGlobal: true,\n          load: [\n            dynamicConfig({\n              elasticsearch: {\n                name: 'test-elk-index',\n                node: {\n                  url: new URL(`http://${container.getHost()}:9200`),\n                },\n                maxRetries: 10,\n                requestTimeout: 60000,\n                sniffOnStart: true,\n                Connection: HttpConnection,\n              },\n            }),\n          ],\n        }),\n        ElkModule,\n      ],\n    }).compile();\n    app = moduleFixture.createNestApplication();\n    interceptor = new ElkInterceptor(app.get<ElkService>(ElkService));\n    app.useGlobalInterceptors(interceptor);\n    elkService = moduleFixture.get<ElkService>(ElkService);\n    await app.init();\n  });\n\n  afterEach(async () => {\n    await app.close();\n  });\n\n  it('should be defined', () => {\n    expect(app).toBeDefined();\n  });\n\n  describe('ElkInterceptor', () => {\n    it('should be an ElkInterceptor instance to be defined', async () => {\n      expect(new ElkInterceptor(elkService)).toBeDefined();\n    });\n\n    it('should be create document in elasticsearch when return success string', async () => {\n      const interceptorServiceSpy = jest.spyOn(elkService, 'serializeResponseInterceptor');\n      const timeRequest = Date.now();\n\n      const callHandler: any = {\n        handle: jest.fn(() => of('this is a test')),\n      };\n\n      const obs: Observable<any> = interceptor.intercept(executionContext, callHandler);\n      expect(callHandler.handle).toBeCalledTimes(1);\n\n      obs.subscribe({\n        next: (response) => {\n          elkService.serializeResponseInterceptor(timeRequest, executionContext, response, false);\n          expect(interceptorServiceSpy).toBeCalledWith(\n            timeRequest,\n            executionContext,\n            response,\n            false,\n          );\n        },\n        error: () => {},\n      });\n    });\n\n    it('should be create document in elasticsearch when return success object', async () => {\n      const interceptorServiceSpy = jest.spyOn(elkService, 'serializeResponseInterceptor');\n      const timeRequest = Date.now();\n\n      const callHandler: any = {\n        handle: jest.fn(() => of([fixtureUserResponse])),\n      };\n\n      const obs: Observable<any> = interceptor.intercept(executionContext, callHandler);\n      expect(callHandler.handle).toBeCalledTimes(1);\n\n      obs.subscribe({\n        next: (response) => {\n          elkService.serializeResponseInterceptor(timeRequest, executionContext, response, false);\n          expect(interceptorServiceSpy).toBeCalledWith(\n            timeRequest,\n            executionContext,\n            response,\n            false,\n          );\n        },\n        error: () => {},\n      });\n    });\n\n    it('should be create document in elasticsearch when return success with parameters', async () => {\n      const interceptorServiceSpy = jest.spyOn(elkService, 'serializeResponseInterceptor');\n      const timeRequest = Date.now();\n\n      const callHandler: any = {\n        handle: jest.fn(() => of([fixtureUserResponse])),\n      };\n\n      const obs: Observable<any> = interceptor.intercept(executionContextParams, callHandler);\n      expect(callHandler.handle).toBeCalledTimes(1);\n\n      obs.subscribe({\n        next: (response) => {\n          elkService.serializeResponseInterceptor(\n            timeRequest,\n            executionContextParams,\n            response,\n            false,\n          );\n          expect(interceptorServiceSpy).toBeCalledWith(\n            timeRequest,\n            executionContextParams,\n            response,\n            false,\n          );\n        },\n        error: () => {},\n      });\n    });\n\n    it('should be create document in elasticsearch when return exception', async () => {\n      const interceptorServiceSpy = jest.spyOn(elkService, 'serializeResponseInterceptor');\n      const timeRequest = Date.now();\n\n      const error = new Error(`User #$1 not found`);\n\n      const callHandler: any = {\n        handle: jest.fn(() => throwError(error)),\n      };\n\n      const obs: Observable<any> = interceptor.intercept(executionContext, callHandler);\n      expect(callHandler.handle).toBeCalledTimes(1);\n\n      obs.subscribe({\n        next: () => {},\n        error: (error) => {\n          elkService.serializeResponseInterceptor(timeRequest, executionContext, error, true);\n          expect(interceptorServiceSpy).toBeCalledWith(timeRequest, executionContext, error, true);\n        },\n      });\n    });\n\n    it('should be create document in elasticsearch when return exception http', async () => {\n      const interceptorServiceSpy = jest.spyOn(elkService, 'serializeResponseInterceptor');\n      const timeRequest = Date.now();\n\n      const error = new HttpException('not found', 404);\n\n      const callHandler: any = {\n        handle: jest.fn(() => throwError(error)),\n      };\n\n      const obs: Observable<any> = interceptor.intercept(executionContext, callHandler);\n      expect(callHandler.handle).toBeCalledTimes(1);\n\n      obs.subscribe({\n        next: () => {},\n        error: (error) => {\n          elkService.serializeResponseInterceptor(timeRequest, executionContext, error, true);\n          expect(interceptorServiceSpy).toBeCalledWith(timeRequest, executionContext, error, true);\n        },\n      });\n    });\n  });\n\n  describe('ElkModule - Register', () => {\n    let app: INestApplication;\n    let elkService: ElkService;\n    let interceptor: ElkInterceptor<any>;\n\n    beforeEach(async () => {\n      const moduleFixture: TestingModule = await Test.createTestingModule({\n        imports: [\n          ElkModule.register({\n            name: 'test-elk-index',\n            node: {\n              url: new URL(`http://${container.getHost()}:9200`),\n            },\n            maxRetries: 10,\n            requestTimeout: 60000,\n            sniffOnStart: true,\n            Connection: HttpConnection,\n          }),\n        ],\n      }).compile();\n      app = moduleFixture.createNestApplication();\n      interceptor = new ElkInterceptor(app.get<ElkService>(ElkService));\n      app.useGlobalInterceptors(interceptor);\n      elkService = moduleFixture.get<ElkService>(ElkService);\n      await app.init();\n    });\n\n    afterEach(async () => {\n      await app.close();\n    });\n\n    it('should be defined', () => {\n      expect(app).toBeDefined();\n    });\n  });\n});\n",
              "err": {},
              "uuid": "beee1a16-d2fb-476b-8026-b9a6fd362b7d",
              "parentUUID": "fde875f4-5948-4486-81a7-7f1f5df1ce78",
              "isHook": false,
              "skipped": false
            },
            {
              "fullTitle": "ElkModule > should be create document in elasticsearch when return exception http",
              "title": "ElkModule > should be create document in elasticsearch when return exception http",
              "timedOut": false,
              "duration": 1008,
              "state": "passed",
              "speed": null,
              "pass": true,
              "fail": false,
              "pending": false,
              "context": null,
              "code": "import { Test, TestingModule } from '@nestjs/testing';\nimport { HttpException, INestApplication } from '@nestjs/common';\nimport { ConfigModule } from '@nestjs/config';\nimport {\n  dynamicConfig,\n  fixtureUserResponse,\n  TCElasticSearchOptions,\n  tcName,\n  testContainers,\n} from '@tresdoce-nestjs-toolkit/test-utils';\nimport { Observable, of, throwError } from 'rxjs';\nimport { HttpConnection } from '@elastic/elasticsearch';\nimport { URL } from 'url';\n\nimport { ElkModule } from '../elk/elk.module';\nimport { ElkInterceptor } from '../elk/interceptors/elk.interceptor';\nimport { ElkService } from '../elk/services/elk.service';\n\nlet executionContext: any = {\n  switchToHttp: jest.fn(() => ({\n    getRequest: () => ({\n      path: '/test',\n      method: 'GET',\n      params: {},\n      query: {},\n      body: {},\n      headers: {\n        'Content-Type': 'application/json',\n        apiKey: 'abcdefg12345',\n      },\n    }),\n    getResponse: () => ({\n      getHeaders: jest.fn().mockReturnValue({\n        'Content-Type': 'application/json',\n        my_header: 'test-header',\n      }),\n      json: [fixtureUserResponse],\n    }),\n  })),\n  getType: jest.fn(() => 'http'),\n  getClass: jest.fn(() => 'testController'),\n  getHandler: jest.fn(() => 'handlerElk'),\n};\n\nlet executionContextParams: any = {\n  switchToHttp: jest.fn(() => ({\n    getRequest: () => ({\n      path: '/test',\n      method: 'GET',\n      params: { name: 'juan' },\n      query: { name: 'juan' },\n      body: { name: 'juan' },\n      headers: {\n        'Content-Type': 'application/json',\n        apiKey: 'abcdefg12345',\n      },\n    }),\n    getResponse: () => ({\n      getHeaders: jest.fn().mockReturnValue({\n        'Content-Type': 'application/json',\n        my_header: 'test-header',\n      }),\n      json: [fixtureUserResponse],\n    }),\n  })),\n  getType: jest.fn(() => 'http'),\n  getClass: jest.fn(() => 'testController'),\n  getHandler: jest.fn(() => 'handlerElk'),\n};\n\n/*const callHandler: any = {\n  handle: jest.fn(() => ({\n    pipe: jest.fn(() => ({\n      tap: jest.fn(() => ({\n        next: jest.fn(),\n        error: jest.fn(),\n      })),\n    })),\n  })),\n};*/\n\njest.setTimeout(70000);\ndescribe('ElkModule', () => {\n  let app: INestApplication;\n  let elkService: ElkService;\n  let interceptor: ElkInterceptor<any>;\n  let container: testContainers;\n\n  beforeAll(async () => {\n    //'elasticsearch:8.3.3'\n    //docker.elastic.co/elasticsearch/elasticsearch:8.3.3\n\n    container = await new testContainers('elasticsearch:8.3.3', {\n      ...TCElasticSearchOptions,\n      containerName: `${tcName}-elasticsearch-interceptor`,\n    });\n    await container.start();\n  });\n\n  afterAll(async () => {\n    await container.stop({ removeVolumes: true });\n  });\n\n  beforeEach(async () => {\n    const moduleFixture: TestingModule = await Test.createTestingModule({\n      imports: [\n        ConfigModule.forRoot({\n          isGlobal: true,\n          load: [\n            dynamicConfig({\n              elasticsearch: {\n                name: 'test-elk-index',\n                node: {\n                  url: new URL(`http://${container.getHost()}:9200`),\n                },\n                maxRetries: 10,\n                requestTimeout: 60000,\n                sniffOnStart: true,\n                Connection: HttpConnection,\n              },\n            }),\n          ],\n        }),\n        ElkModule,\n      ],\n    }).compile();\n    app = moduleFixture.createNestApplication();\n    interceptor = new ElkInterceptor(app.get<ElkService>(ElkService));\n    app.useGlobalInterceptors(interceptor);\n    elkService = moduleFixture.get<ElkService>(ElkService);\n    await app.init();\n  });\n\n  afterEach(async () => {\n    await app.close();\n  });\n\n  it('should be defined', () => {\n    expect(app).toBeDefined();\n  });\n\n  describe('ElkInterceptor', () => {\n    it('should be an ElkInterceptor instance to be defined', async () => {\n      expect(new ElkInterceptor(elkService)).toBeDefined();\n    });\n\n    it('should be create document in elasticsearch when return success string', async () => {\n      const interceptorServiceSpy = jest.spyOn(elkService, 'serializeResponseInterceptor');\n      const timeRequest = Date.now();\n\n      const callHandler: any = {\n        handle: jest.fn(() => of('this is a test')),\n      };\n\n      const obs: Observable<any> = interceptor.intercept(executionContext, callHandler);\n      expect(callHandler.handle).toBeCalledTimes(1);\n\n      obs.subscribe({\n        next: (response) => {\n          elkService.serializeResponseInterceptor(timeRequest, executionContext, response, false);\n          expect(interceptorServiceSpy).toBeCalledWith(\n            timeRequest,\n            executionContext,\n            response,\n            false,\n          );\n        },\n        error: () => {},\n      });\n    });\n\n    it('should be create document in elasticsearch when return success object', async () => {\n      const interceptorServiceSpy = jest.spyOn(elkService, 'serializeResponseInterceptor');\n      const timeRequest = Date.now();\n\n      const callHandler: any = {\n        handle: jest.fn(() => of([fixtureUserResponse])),\n      };\n\n      const obs: Observable<any> = interceptor.intercept(executionContext, callHandler);\n      expect(callHandler.handle).toBeCalledTimes(1);\n\n      obs.subscribe({\n        next: (response) => {\n          elkService.serializeResponseInterceptor(timeRequest, executionContext, response, false);\n          expect(interceptorServiceSpy).toBeCalledWith(\n            timeRequest,\n            executionContext,\n            response,\n            false,\n          );\n        },\n        error: () => {},\n      });\n    });\n\n    it('should be create document in elasticsearch when return success with parameters', async () => {\n      const interceptorServiceSpy = jest.spyOn(elkService, 'serializeResponseInterceptor');\n      const timeRequest = Date.now();\n\n      const callHandler: any = {\n        handle: jest.fn(() => of([fixtureUserResponse])),\n      };\n\n      const obs: Observable<any> = interceptor.intercept(executionContextParams, callHandler);\n      expect(callHandler.handle).toBeCalledTimes(1);\n\n      obs.subscribe({\n        next: (response) => {\n          elkService.serializeResponseInterceptor(\n            timeRequest,\n            executionContextParams,\n            response,\n            false,\n          );\n          expect(interceptorServiceSpy).toBeCalledWith(\n            timeRequest,\n            executionContextParams,\n            response,\n            false,\n          );\n        },\n        error: () => {},\n      });\n    });\n\n    it('should be create document in elasticsearch when return exception', async () => {\n      const interceptorServiceSpy = jest.spyOn(elkService, 'serializeResponseInterceptor');\n      const timeRequest = Date.now();\n\n      const error = new Error(`User #$1 not found`);\n\n      const callHandler: any = {\n        handle: jest.fn(() => throwError(error)),\n      };\n\n      const obs: Observable<any> = interceptor.intercept(executionContext, callHandler);\n      expect(callHandler.handle).toBeCalledTimes(1);\n\n      obs.subscribe({\n        next: () => {},\n        error: (error) => {\n          elkService.serializeResponseInterceptor(timeRequest, executionContext, error, true);\n          expect(interceptorServiceSpy).toBeCalledWith(timeRequest, executionContext, error, true);\n        },\n      });\n    });\n\n    it('should be create document in elasticsearch when return exception http', async () => {\n      const interceptorServiceSpy = jest.spyOn(elkService, 'serializeResponseInterceptor');\n      const timeRequest = Date.now();\n\n      const error = new HttpException('not found', 404);\n\n      const callHandler: any = {\n        handle: jest.fn(() => throwError(error)),\n      };\n\n      const obs: Observable<any> = interceptor.intercept(executionContext, callHandler);\n      expect(callHandler.handle).toBeCalledTimes(1);\n\n      obs.subscribe({\n        next: () => {},\n        error: (error) => {\n          elkService.serializeResponseInterceptor(timeRequest, executionContext, error, true);\n          expect(interceptorServiceSpy).toBeCalledWith(timeRequest, executionContext, error, true);\n        },\n      });\n    });\n  });\n\n  describe('ElkModule - Register', () => {\n    let app: INestApplication;\n    let elkService: ElkService;\n    let interceptor: ElkInterceptor<any>;\n\n    beforeEach(async () => {\n      const moduleFixture: TestingModule = await Test.createTestingModule({\n        imports: [\n          ElkModule.register({\n            name: 'test-elk-index',\n            node: {\n              url: new URL(`http://${container.getHost()}:9200`),\n            },\n            maxRetries: 10,\n            requestTimeout: 60000,\n            sniffOnStart: true,\n            Connection: HttpConnection,\n          }),\n        ],\n      }).compile();\n      app = moduleFixture.createNestApplication();\n      interceptor = new ElkInterceptor(app.get<ElkService>(ElkService));\n      app.useGlobalInterceptors(interceptor);\n      elkService = moduleFixture.get<ElkService>(ElkService);\n      await app.init();\n    });\n\n    afterEach(async () => {\n      await app.close();\n    });\n\n    it('should be defined', () => {\n      expect(app).toBeDefined();\n    });\n  });\n});\n",
              "err": {},
              "uuid": "757f5b8b-f1a7-40e3-a303-b81fef74556e",
              "parentUUID": "fde875f4-5948-4486-81a7-7f1f5df1ce78",
              "isHook": false,
              "skipped": false
            },
            {
              "fullTitle": "ElkModule > should be defined",
              "title": "ElkModule > should be defined",
              "timedOut": false,
              "duration": 1012,
              "state": "passed",
              "speed": null,
              "pass": true,
              "fail": false,
              "pending": false,
              "context": null,
              "code": "import { Test, TestingModule } from '@nestjs/testing';\nimport { HttpException, INestApplication } from '@nestjs/common';\nimport { ConfigModule } from '@nestjs/config';\nimport {\n  dynamicConfig,\n  fixtureUserResponse,\n  TCElasticSearchOptions,\n  tcName,\n  testContainers,\n} from '@tresdoce-nestjs-toolkit/test-utils';\nimport { Observable, of, throwError } from 'rxjs';\nimport { HttpConnection } from '@elastic/elasticsearch';\nimport { URL } from 'url';\n\nimport { ElkModule } from '../elk/elk.module';\nimport { ElkInterceptor } from '../elk/interceptors/elk.interceptor';\nimport { ElkService } from '../elk/services/elk.service';\n\nlet executionContext: any = {\n  switchToHttp: jest.fn(() => ({\n    getRequest: () => ({\n      path: '/test',\n      method: 'GET',\n      params: {},\n      query: {},\n      body: {},\n      headers: {\n        'Content-Type': 'application/json',\n        apiKey: 'abcdefg12345',\n      },\n    }),\n    getResponse: () => ({\n      getHeaders: jest.fn().mockReturnValue({\n        'Content-Type': 'application/json',\n        my_header: 'test-header',\n      }),\n      json: [fixtureUserResponse],\n    }),\n  })),\n  getType: jest.fn(() => 'http'),\n  getClass: jest.fn(() => 'testController'),\n  getHandler: jest.fn(() => 'handlerElk'),\n};\n\nlet executionContextParams: any = {\n  switchToHttp: jest.fn(() => ({\n    getRequest: () => ({\n      path: '/test',\n      method: 'GET',\n      params: { name: 'juan' },\n      query: { name: 'juan' },\n      body: { name: 'juan' },\n      headers: {\n        'Content-Type': 'application/json',\n        apiKey: 'abcdefg12345',\n      },\n    }),\n    getResponse: () => ({\n      getHeaders: jest.fn().mockReturnValue({\n        'Content-Type': 'application/json',\n        my_header: 'test-header',\n      }),\n      json: [fixtureUserResponse],\n    }),\n  })),\n  getType: jest.fn(() => 'http'),\n  getClass: jest.fn(() => 'testController'),\n  getHandler: jest.fn(() => 'handlerElk'),\n};\n\n/*const callHandler: any = {\n  handle: jest.fn(() => ({\n    pipe: jest.fn(() => ({\n      tap: jest.fn(() => ({\n        next: jest.fn(),\n        error: jest.fn(),\n      })),\n    })),\n  })),\n};*/\n\njest.setTimeout(70000);\ndescribe('ElkModule', () => {\n  let app: INestApplication;\n  let elkService: ElkService;\n  let interceptor: ElkInterceptor<any>;\n  let container: testContainers;\n\n  beforeAll(async () => {\n    //'elasticsearch:8.3.3'\n    //docker.elastic.co/elasticsearch/elasticsearch:8.3.3\n\n    container = await new testContainers('elasticsearch:8.3.3', {\n      ...TCElasticSearchOptions,\n      containerName: `${tcName}-elasticsearch-interceptor`,\n    });\n    await container.start();\n  });\n\n  afterAll(async () => {\n    await container.stop({ removeVolumes: true });\n  });\n\n  beforeEach(async () => {\n    const moduleFixture: TestingModule = await Test.createTestingModule({\n      imports: [\n        ConfigModule.forRoot({\n          isGlobal: true,\n          load: [\n            dynamicConfig({\n              elasticsearch: {\n                name: 'test-elk-index',\n                node: {\n                  url: new URL(`http://${container.getHost()}:9200`),\n                },\n                maxRetries: 10,\n                requestTimeout: 60000,\n                sniffOnStart: true,\n                Connection: HttpConnection,\n              },\n            }),\n          ],\n        }),\n        ElkModule,\n      ],\n    }).compile();\n    app = moduleFixture.createNestApplication();\n    interceptor = new ElkInterceptor(app.get<ElkService>(ElkService));\n    app.useGlobalInterceptors(interceptor);\n    elkService = moduleFixture.get<ElkService>(ElkService);\n    await app.init();\n  });\n\n  afterEach(async () => {\n    await app.close();\n  });\n\n  it('should be defined', () => {\n    expect(app).toBeDefined();\n  });\n\n  describe('ElkInterceptor', () => {\n    it('should be an ElkInterceptor instance to be defined', async () => {\n      expect(new ElkInterceptor(elkService)).toBeDefined();\n    });\n\n    it('should be create document in elasticsearch when return success string', async () => {\n      const interceptorServiceSpy = jest.spyOn(elkService, 'serializeResponseInterceptor');\n      const timeRequest = Date.now();\n\n      const callHandler: any = {\n        handle: jest.fn(() => of('this is a test')),\n      };\n\n      const obs: Observable<any> = interceptor.intercept(executionContext, callHandler);\n      expect(callHandler.handle).toBeCalledTimes(1);\n\n      obs.subscribe({\n        next: (response) => {\n          elkService.serializeResponseInterceptor(timeRequest, executionContext, response, false);\n          expect(interceptorServiceSpy).toBeCalledWith(\n            timeRequest,\n            executionContext,\n            response,\n            false,\n          );\n        },\n        error: () => {},\n      });\n    });\n\n    it('should be create document in elasticsearch when return success object', async () => {\n      const interceptorServiceSpy = jest.spyOn(elkService, 'serializeResponseInterceptor');\n      const timeRequest = Date.now();\n\n      const callHandler: any = {\n        handle: jest.fn(() => of([fixtureUserResponse])),\n      };\n\n      const obs: Observable<any> = interceptor.intercept(executionContext, callHandler);\n      expect(callHandler.handle).toBeCalledTimes(1);\n\n      obs.subscribe({\n        next: (response) => {\n          elkService.serializeResponseInterceptor(timeRequest, executionContext, response, false);\n          expect(interceptorServiceSpy).toBeCalledWith(\n            timeRequest,\n            executionContext,\n            response,\n            false,\n          );\n        },\n        error: () => {},\n      });\n    });\n\n    it('should be create document in elasticsearch when return success with parameters', async () => {\n      const interceptorServiceSpy = jest.spyOn(elkService, 'serializeResponseInterceptor');\n      const timeRequest = Date.now();\n\n      const callHandler: any = {\n        handle: jest.fn(() => of([fixtureUserResponse])),\n      };\n\n      const obs: Observable<any> = interceptor.intercept(executionContextParams, callHandler);\n      expect(callHandler.handle).toBeCalledTimes(1);\n\n      obs.subscribe({\n        next: (response) => {\n          elkService.serializeResponseInterceptor(\n            timeRequest,\n            executionContextParams,\n            response,\n            false,\n          );\n          expect(interceptorServiceSpy).toBeCalledWith(\n            timeRequest,\n            executionContextParams,\n            response,\n            false,\n          );\n        },\n        error: () => {},\n      });\n    });\n\n    it('should be create document in elasticsearch when return exception', async () => {\n      const interceptorServiceSpy = jest.spyOn(elkService, 'serializeResponseInterceptor');\n      const timeRequest = Date.now();\n\n      const error = new Error(`User #$1 not found`);\n\n      const callHandler: any = {\n        handle: jest.fn(() => throwError(error)),\n      };\n\n      const obs: Observable<any> = interceptor.intercept(executionContext, callHandler);\n      expect(callHandler.handle).toBeCalledTimes(1);\n\n      obs.subscribe({\n        next: () => {},\n        error: (error) => {\n          elkService.serializeResponseInterceptor(timeRequest, executionContext, error, true);\n          expect(interceptorServiceSpy).toBeCalledWith(timeRequest, executionContext, error, true);\n        },\n      });\n    });\n\n    it('should be create document in elasticsearch when return exception http', async () => {\n      const interceptorServiceSpy = jest.spyOn(elkService, 'serializeResponseInterceptor');\n      const timeRequest = Date.now();\n\n      const error = new HttpException('not found', 404);\n\n      const callHandler: any = {\n        handle: jest.fn(() => throwError(error)),\n      };\n\n      const obs: Observable<any> = interceptor.intercept(executionContext, callHandler);\n      expect(callHandler.handle).toBeCalledTimes(1);\n\n      obs.subscribe({\n        next: () => {},\n        error: (error) => {\n          elkService.serializeResponseInterceptor(timeRequest, executionContext, error, true);\n          expect(interceptorServiceSpy).toBeCalledWith(timeRequest, executionContext, error, true);\n        },\n      });\n    });\n  });\n\n  describe('ElkModule - Register', () => {\n    let app: INestApplication;\n    let elkService: ElkService;\n    let interceptor: ElkInterceptor<any>;\n\n    beforeEach(async () => {\n      const moduleFixture: TestingModule = await Test.createTestingModule({\n        imports: [\n          ElkModule.register({\n            name: 'test-elk-index',\n            node: {\n              url: new URL(`http://${container.getHost()}:9200`),\n            },\n            maxRetries: 10,\n            requestTimeout: 60000,\n            sniffOnStart: true,\n            Connection: HttpConnection,\n          }),\n        ],\n      }).compile();\n      app = moduleFixture.createNestApplication();\n      interceptor = new ElkInterceptor(app.get<ElkService>(ElkService));\n      app.useGlobalInterceptors(interceptor);\n      elkService = moduleFixture.get<ElkService>(ElkService);\n      await app.init();\n    });\n\n    afterEach(async () => {\n      await app.close();\n    });\n\n    it('should be defined', () => {\n      expect(app).toBeDefined();\n    });\n  });\n});\n",
              "err": {},
              "uuid": "343adead-335b-4032-911a-8bf007206c2d",
              "parentUUID": "fde875f4-5948-4486-81a7-7f1f5df1ce78",
              "isHook": false,
              "skipped": false
            }
          ],
          "suites": [],
          "passes": [
            "a3337ee9-ed6e-4062-8a79-902f137d9d56",
            "a350bcb0-450a-46ae-ba8c-7481cc17f157",
            "c78dc9e4-8c3c-4745-95fb-c7f141bbca09",
            "d572412f-4f91-4fbf-9f5b-1a219e6505bd",
            "fa99f1b7-1b8f-4295-921a-eb9e4f015736",
            "beee1a16-d2fb-476b-8026-b9a6fd362b7d",
            "757f5b8b-f1a7-40e3-a303-b81fef74556e",
            "343adead-335b-4032-911a-8bf007206c2d"
          ],
          "failures": [],
          "pending": [],
          "skipped": [],
          "duration": 8297,
          "root": false,
          "rootEmpty": false,
          "_timeout": 5000
        }
      ],
      "passes": [],
      "failures": [],
      "pending": [],
      "skipped": [],
      "duration": 0,
      "root": true,
      "rootEmpty": true,
      "_timeout": 5000
    }
  ]
}
