{
  "stats": {
    "suites": 1,
    "tests": 8,
    "passes": 8,
    "pending": 0,
    "failures": 0,
    "testsRegistered": 8,
    "passPercent": 100,
    "pendingPercent": 0,
    "other": 0,
    "hasOther": false,
    "skipped": 0,
    "hasSkipped": false,
    "start": "2023-05-03T01:38:24.766Z",
    "end": "2023-05-03T01:38:33.214Z",
    "duration": 8448
  },
  "results": [
    {
      "uuid": "92f40836-865e-4f24-8bb0-646674cec89b",
      "title": "@tresdoce-nestjs-toolkit/elk",
      "fullFile": "",
      "file": "",
      "beforeHooks": [],
      "afterHooks": [],
      "tests": [],
      "suites": [
        {
          "uuid": "813104ad-4dda-4fa8-9a71-204e130a107d",
          "title": "@tresdoce-nestjs-toolkit/elk",
          "fullFile": "",
          "file": "",
          "beforeHooks": [],
          "afterHooks": [],
          "tests": [
            {
              "fullTitle": "ElkModule > should be defined",
              "title": "ElkModule > should be defined",
              "timedOut": false,
              "duration": 1373,
              "state": "passed",
              "speed": "slow",
              "pass": true,
              "fail": false,
              "pending": false,
              "context": null,
              "code": "import { Test, TestingModule } from '@nestjs/testing';\nimport { HttpException, INestApplication } from '@nestjs/common';\nimport { ConfigModule } from '@nestjs/config';\nimport {\n  dynamicConfig,\n  fixtureUserResponse,\n  TCElasticSearchOptions,\n  tcName,\n  testContainers,\n} from '@tresdoce-nestjs-toolkit/test-utils';\nimport { Observable, of, throwError } from 'rxjs';\nimport { HttpConnection } from '@elastic/elasticsearch';\nimport { URL } from 'url';\n\nimport { ElkModule } from '../elk/elk.module';\nimport { ElkInterceptor } from '../elk/interceptors/elk.interceptor';\nimport { ElkService } from '../elk/services/elk.service';\n\nlet executionContext: any = {\n  switchToHttp: jest.fn(() => ({\n    getRequest: () => ({\n      path: '/test',\n      method: 'GET',\n      params: {},\n      query: {},\n      body: {},\n      headers: {\n        'Content-Type': 'application/json',\n        apiKey: 'abcdefg12345',\n      },\n    }),\n    getResponse: () => ({\n      getHeaders: jest.fn().mockReturnValue({\n        'Content-Type': 'application/json',\n        my_header: 'test-header',\n      }),\n      json: [fixtureUserResponse],\n    }),\n  })),\n  getType: jest.fn(() => 'http'),\n  getClass: jest.fn(() => 'testController'),\n  getHandler: jest.fn(() => 'handlerElk'),\n};\n\nlet executionContextParams: any = {\n  switchToHttp: jest.fn(() => ({\n    getRequest: () => ({\n      path: '/test',\n      method: 'GET',\n      params: { name: 'juan' },\n      query: { name: 'juan' },\n      body: { name: 'juan' },\n      headers: {\n        'Content-Type': 'application/json',\n        apiKey: 'abcdefg12345',\n      },\n    }),\n    getResponse: () => ({\n      getHeaders: jest.fn().mockReturnValue({\n        'Content-Type': 'application/json',\n        my_header: 'test-header',\n      }),\n      json: [fixtureUserResponse],\n    }),\n  })),\n  getType: jest.fn(() => 'http'),\n  getClass: jest.fn(() => 'testController'),\n  getHandler: jest.fn(() => 'handlerElk'),\n};\n\n/*const callHandler: any = {\n  handle: jest.fn(() => ({\n    pipe: jest.fn(() => ({\n      tap: jest.fn(() => ({\n        next: jest.fn(),\n        error: jest.fn(),\n      })),\n    })),\n  })),\n};*/\n\njest.setTimeout(70000);\ndescribe('ElkModule', () => {\n  let app: INestApplication;\n  let elkService: ElkService;\n  let interceptor: ElkInterceptor<any>;\n  let container: testContainers;\n\n  beforeAll(async () => {\n    //'elasticsearch:8.3.3'\n    //docker.elastic.co/elasticsearch/elasticsearch:8.3.3\n\n    container = await new testContainers('elasticsearch:8.3.3', {\n      ...TCElasticSearchOptions,\n      containerName: `${tcName}-elasticsearch-interceptor`,\n    });\n    await container.start();\n  });\n\n  afterAll(async () => {\n    await container.stop({ removeVolumes: true });\n  });\n\n  beforeEach(async () => {\n    const moduleFixture: TestingModule = await Test.createTestingModule({\n      imports: [\n        ConfigModule.forRoot({\n          isGlobal: true,\n          load: [\n            dynamicConfig({\n              elasticsearch: {\n                name: 'test-elk-index',\n                node: {\n                  url: new URL(`http://${container.getHost()}:9200`),\n                },\n                maxRetries: 10,\n                requestTimeout: 60000,\n                sniffOnStart: true,\n                Connection: HttpConnection,\n              },\n            }),\n          ],\n        }),\n        ElkModule,\n      ],\n    }).compile();\n    app = moduleFixture.createNestApplication();\n    interceptor = new ElkInterceptor(app.get<ElkService>(ElkService));\n    app.useGlobalInterceptors(interceptor);\n    elkService = moduleFixture.get<ElkService>(ElkService);\n    await app.init();\n  });\n\n  afterEach(async () => {\n    await app.close();\n  });\n\n  it('should be defined', () => {\n    expect(app).toBeDefined();\n  });\n\n  describe('ElkInterceptor', () => {\n    it('should be an ElkInterceptor instance to be defined', async () => {\n      expect(new ElkInterceptor(elkService)).toBeDefined();\n    });\n\n    it('should be create document in elasticsearch when return success string', async () => {\n      const interceptorServiceSpy = jest.spyOn(elkService, 'serializeResponseInterceptor');\n      const timeRequest = Date.now();\n\n      const callHandler: any = {\n        handle: jest.fn(() => of('this is a test')),\n      };\n\n      const obs: Observable<any> = interceptor.intercept(executionContext, callHandler);\n      expect(callHandler.handle).toBeCalledTimes(1);\n\n      obs.subscribe({\n        next: (response) => {\n          elkService.serializeResponseInterceptor(timeRequest, executionContext, response, false);\n          expect(interceptorServiceSpy).toBeCalledWith(\n            timeRequest,\n            executionContext,\n            response,\n            false,\n          );\n        },\n        error: () => {},\n      });\n    });\n\n    it('should be create document in elasticsearch when return success object', async () => {\n      const interceptorServiceSpy = jest.spyOn(elkService, 'serializeResponseInterceptor');\n      const timeRequest = Date.now();\n\n      const callHandler: any = {\n        handle: jest.fn(() => of([fixtureUserResponse])),\n      };\n\n      const obs: Observable<any> = interceptor.intercept(executionContext, callHandler);\n      expect(callHandler.handle).toBeCalledTimes(1);\n\n      obs.subscribe({\n        next: (response) => {\n          elkService.serializeResponseInterceptor(timeRequest, executionContext, response, false);\n          expect(interceptorServiceSpy).toBeCalledWith(\n            timeRequest,\n            executionContext,\n            response,\n            false,\n          );\n        },\n        error: () => {},\n      });\n    });\n\n    it('should be create document in elasticsearch when return success with parameters', async () => {\n      const interceptorServiceSpy = jest.spyOn(elkService, 'serializeResponseInterceptor');\n      const timeRequest = Date.now();\n\n      const callHandler: any = {\n        handle: jest.fn(() => of([fixtureUserResponse])),\n      };\n\n      const obs: Observable<any> = interceptor.intercept(executionContextParams, callHandler);\n      expect(callHandler.handle).toBeCalledTimes(1);\n\n      obs.subscribe({\n        next: (response) => {\n          elkService.serializeResponseInterceptor(\n            timeRequest,\n            executionContextParams,\n            response,\n            false,\n          );\n          expect(interceptorServiceSpy).toBeCalledWith(\n            timeRequest,\n            executionContextParams,\n            response,\n            false,\n          );\n        },\n        error: () => {},\n      });\n    });\n\n    it('should be create document in elasticsearch when return exception', async () => {\n      const interceptorServiceSpy = jest.spyOn(elkService, 'serializeResponseInterceptor');\n      const timeRequest = Date.now();\n\n      const error = new Error(`User #$1 not found`);\n\n      const callHandler: any = {\n        handle: jest.fn(() => throwError(error)),\n      };\n\n      const obs: Observable<any> = interceptor.intercept(executionContext, callHandler);\n      expect(callHandler.handle).toBeCalledTimes(1);\n\n      obs.subscribe({\n        next: () => {},\n        error: (error) => {\n          elkService.serializeResponseInterceptor(timeRequest, executionContext, error, true);\n          expect(interceptorServiceSpy).toBeCalledWith(timeRequest, executionContext, error, true);\n        },\n      });\n    });\n\n    it('should be create document in elasticsearch when return exception http', async () => {\n      const interceptorServiceSpy = jest.spyOn(elkService, 'serializeResponseInterceptor');\n      const timeRequest = Date.now();\n\n      const error = new HttpException('not found', 404);\n\n      const callHandler: any = {\n        handle: jest.fn(() => throwError(error)),\n      };\n\n      const obs: Observable<any> = interceptor.intercept(executionContext, callHandler);\n      expect(callHandler.handle).toBeCalledTimes(1);\n\n      obs.subscribe({\n        next: () => {},\n        error: (error) => {\n          elkService.serializeResponseInterceptor(timeRequest, executionContext, error, true);\n          expect(interceptorServiceSpy).toBeCalledWith(timeRequest, executionContext, error, true);\n        },\n      });\n    });\n  });\n\n  describe('ElkModule - Register', () => {\n    let app: INestApplication;\n    let elkService: ElkService;\n    let interceptor: ElkInterceptor<any>;\n\n    beforeEach(async () => {\n      const moduleFixture: TestingModule = await Test.createTestingModule({\n        imports: [\n          ElkModule.register({\n            name: 'test-elk-index',\n            node: {\n              url: new URL(`http://${container.getHost()}:9200`),\n            },\n            maxRetries: 10,\n            requestTimeout: 60000,\n            sniffOnStart: true,\n            Connection: HttpConnection,\n          }),\n        ],\n      }).compile();\n      app = moduleFixture.createNestApplication();\n      interceptor = new ElkInterceptor(app.get<ElkService>(ElkService));\n      app.useGlobalInterceptors(interceptor);\n      elkService = moduleFixture.get<ElkService>(ElkService);\n      await app.init();\n    });\n\n    afterEach(async () => {\n      await app.close();\n    });\n\n    it('should be defined', () => {\n      expect(app).toBeDefined();\n    });\n  });\n});\n",
              "err": {},
              "uuid": "002f066e-ab02-48ad-92a5-e30c33aba744",
              "parentUUID": "813104ad-4dda-4fa8-9a71-204e130a107d",
              "isHook": false,
              "skipped": false
            },
            {
              "fullTitle": "ElkModule > ElkInterceptor > should be an ElkInterceptor instance to be defined",
              "title": "ElkModule > ElkInterceptor > should be an ElkInterceptor instance to be defined",
              "timedOut": false,
              "duration": 1010,
              "state": "passed",
              "speed": "slow",
              "pass": true,
              "fail": false,
              "pending": false,
              "context": null,
              "code": "import { Test, TestingModule } from '@nestjs/testing';\nimport { HttpException, INestApplication } from '@nestjs/common';\nimport { ConfigModule } from '@nestjs/config';\nimport {\n  dynamicConfig,\n  fixtureUserResponse,\n  TCElasticSearchOptions,\n  tcName,\n  testContainers,\n} from '@tresdoce-nestjs-toolkit/test-utils';\nimport { Observable, of, throwError } from 'rxjs';\nimport { HttpConnection } from '@elastic/elasticsearch';\nimport { URL } from 'url';\n\nimport { ElkModule } from '../elk/elk.module';\nimport { ElkInterceptor } from '../elk/interceptors/elk.interceptor';\nimport { ElkService } from '../elk/services/elk.service';\n\nlet executionContext: any = {\n  switchToHttp: jest.fn(() => ({\n    getRequest: () => ({\n      path: '/test',\n      method: 'GET',\n      params: {},\n      query: {},\n      body: {},\n      headers: {\n        'Content-Type': 'application/json',\n        apiKey: 'abcdefg12345',\n      },\n    }),\n    getResponse: () => ({\n      getHeaders: jest.fn().mockReturnValue({\n        'Content-Type': 'application/json',\n        my_header: 'test-header',\n      }),\n      json: [fixtureUserResponse],\n    }),\n  })),\n  getType: jest.fn(() => 'http'),\n  getClass: jest.fn(() => 'testController'),\n  getHandler: jest.fn(() => 'handlerElk'),\n};\n\nlet executionContextParams: any = {\n  switchToHttp: jest.fn(() => ({\n    getRequest: () => ({\n      path: '/test',\n      method: 'GET',\n      params: { name: 'juan' },\n      query: { name: 'juan' },\n      body: { name: 'juan' },\n      headers: {\n        'Content-Type': 'application/json',\n        apiKey: 'abcdefg12345',\n      },\n    }),\n    getResponse: () => ({\n      getHeaders: jest.fn().mockReturnValue({\n        'Content-Type': 'application/json',\n        my_header: 'test-header',\n      }),\n      json: [fixtureUserResponse],\n    }),\n  })),\n  getType: jest.fn(() => 'http'),\n  getClass: jest.fn(() => 'testController'),\n  getHandler: jest.fn(() => 'handlerElk'),\n};\n\n/*const callHandler: any = {\n  handle: jest.fn(() => ({\n    pipe: jest.fn(() => ({\n      tap: jest.fn(() => ({\n        next: jest.fn(),\n        error: jest.fn(),\n      })),\n    })),\n  })),\n};*/\n\njest.setTimeout(70000);\ndescribe('ElkModule', () => {\n  let app: INestApplication;\n  let elkService: ElkService;\n  let interceptor: ElkInterceptor<any>;\n  let container: testContainers;\n\n  beforeAll(async () => {\n    //'elasticsearch:8.3.3'\n    //docker.elastic.co/elasticsearch/elasticsearch:8.3.3\n\n    container = await new testContainers('elasticsearch:8.3.3', {\n      ...TCElasticSearchOptions,\n      containerName: `${tcName}-elasticsearch-interceptor`,\n    });\n    await container.start();\n  });\n\n  afterAll(async () => {\n    await container.stop({ removeVolumes: true });\n  });\n\n  beforeEach(async () => {\n    const moduleFixture: TestingModule = await Test.createTestingModule({\n      imports: [\n        ConfigModule.forRoot({\n          isGlobal: true,\n          load: [\n            dynamicConfig({\n              elasticsearch: {\n                name: 'test-elk-index',\n                node: {\n                  url: new URL(`http://${container.getHost()}:9200`),\n                },\n                maxRetries: 10,\n                requestTimeout: 60000,\n                sniffOnStart: true,\n                Connection: HttpConnection,\n              },\n            }),\n          ],\n        }),\n        ElkModule,\n      ],\n    }).compile();\n    app = moduleFixture.createNestApplication();\n    interceptor = new ElkInterceptor(app.get<ElkService>(ElkService));\n    app.useGlobalInterceptors(interceptor);\n    elkService = moduleFixture.get<ElkService>(ElkService);\n    await app.init();\n  });\n\n  afterEach(async () => {\n    await app.close();\n  });\n\n  it('should be defined', () => {\n    expect(app).toBeDefined();\n  });\n\n  describe('ElkInterceptor', () => {\n    it('should be an ElkInterceptor instance to be defined', async () => {\n      expect(new ElkInterceptor(elkService)).toBeDefined();\n    });\n\n    it('should be create document in elasticsearch when return success string', async () => {\n      const interceptorServiceSpy = jest.spyOn(elkService, 'serializeResponseInterceptor');\n      const timeRequest = Date.now();\n\n      const callHandler: any = {\n        handle: jest.fn(() => of('this is a test')),\n      };\n\n      const obs: Observable<any> = interceptor.intercept(executionContext, callHandler);\n      expect(callHandler.handle).toBeCalledTimes(1);\n\n      obs.subscribe({\n        next: (response) => {\n          elkService.serializeResponseInterceptor(timeRequest, executionContext, response, false);\n          expect(interceptorServiceSpy).toBeCalledWith(\n            timeRequest,\n            executionContext,\n            response,\n            false,\n          );\n        },\n        error: () => {},\n      });\n    });\n\n    it('should be create document in elasticsearch when return success object', async () => {\n      const interceptorServiceSpy = jest.spyOn(elkService, 'serializeResponseInterceptor');\n      const timeRequest = Date.now();\n\n      const callHandler: any = {\n        handle: jest.fn(() => of([fixtureUserResponse])),\n      };\n\n      const obs: Observable<any> = interceptor.intercept(executionContext, callHandler);\n      expect(callHandler.handle).toBeCalledTimes(1);\n\n      obs.subscribe({\n        next: (response) => {\n          elkService.serializeResponseInterceptor(timeRequest, executionContext, response, false);\n          expect(interceptorServiceSpy).toBeCalledWith(\n            timeRequest,\n            executionContext,\n            response,\n            false,\n          );\n        },\n        error: () => {},\n      });\n    });\n\n    it('should be create document in elasticsearch when return success with parameters', async () => {\n      const interceptorServiceSpy = jest.spyOn(elkService, 'serializeResponseInterceptor');\n      const timeRequest = Date.now();\n\n      const callHandler: any = {\n        handle: jest.fn(() => of([fixtureUserResponse])),\n      };\n\n      const obs: Observable<any> = interceptor.intercept(executionContextParams, callHandler);\n      expect(callHandler.handle).toBeCalledTimes(1);\n\n      obs.subscribe({\n        next: (response) => {\n          elkService.serializeResponseInterceptor(\n            timeRequest,\n            executionContextParams,\n            response,\n            false,\n          );\n          expect(interceptorServiceSpy).toBeCalledWith(\n            timeRequest,\n            executionContextParams,\n            response,\n            false,\n          );\n        },\n        error: () => {},\n      });\n    });\n\n    it('should be create document in elasticsearch when return exception', async () => {\n      const interceptorServiceSpy = jest.spyOn(elkService, 'serializeResponseInterceptor');\n      const timeRequest = Date.now();\n\n      const error = new Error(`User #$1 not found`);\n\n      const callHandler: any = {\n        handle: jest.fn(() => throwError(error)),\n      };\n\n      const obs: Observable<any> = interceptor.intercept(executionContext, callHandler);\n      expect(callHandler.handle).toBeCalledTimes(1);\n\n      obs.subscribe({\n        next: () => {},\n        error: (error) => {\n          elkService.serializeResponseInterceptor(timeRequest, executionContext, error, true);\n          expect(interceptorServiceSpy).toBeCalledWith(timeRequest, executionContext, error, true);\n        },\n      });\n    });\n\n    it('should be create document in elasticsearch when return exception http', async () => {\n      const interceptorServiceSpy = jest.spyOn(elkService, 'serializeResponseInterceptor');\n      const timeRequest = Date.now();\n\n      const error = new HttpException('not found', 404);\n\n      const callHandler: any = {\n        handle: jest.fn(() => throwError(error)),\n      };\n\n      const obs: Observable<any> = interceptor.intercept(executionContext, callHandler);\n      expect(callHandler.handle).toBeCalledTimes(1);\n\n      obs.subscribe({\n        next: () => {},\n        error: (error) => {\n          elkService.serializeResponseInterceptor(timeRequest, executionContext, error, true);\n          expect(interceptorServiceSpy).toBeCalledWith(timeRequest, executionContext, error, true);\n        },\n      });\n    });\n  });\n\n  describe('ElkModule - Register', () => {\n    let app: INestApplication;\n    let elkService: ElkService;\n    let interceptor: ElkInterceptor<any>;\n\n    beforeEach(async () => {\n      const moduleFixture: TestingModule = await Test.createTestingModule({\n        imports: [\n          ElkModule.register({\n            name: 'test-elk-index',\n            node: {\n              url: new URL(`http://${container.getHost()}:9200`),\n            },\n            maxRetries: 10,\n            requestTimeout: 60000,\n            sniffOnStart: true,\n            Connection: HttpConnection,\n          }),\n        ],\n      }).compile();\n      app = moduleFixture.createNestApplication();\n      interceptor = new ElkInterceptor(app.get<ElkService>(ElkService));\n      app.useGlobalInterceptors(interceptor);\n      elkService = moduleFixture.get<ElkService>(ElkService);\n      await app.init();\n    });\n\n    afterEach(async () => {\n      await app.close();\n    });\n\n    it('should be defined', () => {\n      expect(app).toBeDefined();\n    });\n  });\n});\n",
              "err": {},
              "uuid": "e7551314-4d5e-4318-803a-c0babec1738d",
              "parentUUID": "813104ad-4dda-4fa8-9a71-204e130a107d",
              "isHook": false,
              "skipped": false
            },
            {
              "fullTitle": "ElkModule > ElkInterceptor > should be create document in elasticsearch when return success string",
              "title": "ElkModule > ElkInterceptor > should be create document in elasticsearch when return success string",
              "timedOut": false,
              "duration": 1013,
              "state": "passed",
              "speed": "slow",
              "pass": true,
              "fail": false,
              "pending": false,
              "context": null,
              "code": "import { Test, TestingModule } from '@nestjs/testing';\nimport { HttpException, INestApplication } from '@nestjs/common';\nimport { ConfigModule } from '@nestjs/config';\nimport {\n  dynamicConfig,\n  fixtureUserResponse,\n  TCElasticSearchOptions,\n  tcName,\n  testContainers,\n} from '@tresdoce-nestjs-toolkit/test-utils';\nimport { Observable, of, throwError } from 'rxjs';\nimport { HttpConnection } from '@elastic/elasticsearch';\nimport { URL } from 'url';\n\nimport { ElkModule } from '../elk/elk.module';\nimport { ElkInterceptor } from '../elk/interceptors/elk.interceptor';\nimport { ElkService } from '../elk/services/elk.service';\n\nlet executionContext: any = {\n  switchToHttp: jest.fn(() => ({\n    getRequest: () => ({\n      path: '/test',\n      method: 'GET',\n      params: {},\n      query: {},\n      body: {},\n      headers: {\n        'Content-Type': 'application/json',\n        apiKey: 'abcdefg12345',\n      },\n    }),\n    getResponse: () => ({\n      getHeaders: jest.fn().mockReturnValue({\n        'Content-Type': 'application/json',\n        my_header: 'test-header',\n      }),\n      json: [fixtureUserResponse],\n    }),\n  })),\n  getType: jest.fn(() => 'http'),\n  getClass: jest.fn(() => 'testController'),\n  getHandler: jest.fn(() => 'handlerElk'),\n};\n\nlet executionContextParams: any = {\n  switchToHttp: jest.fn(() => ({\n    getRequest: () => ({\n      path: '/test',\n      method: 'GET',\n      params: { name: 'juan' },\n      query: { name: 'juan' },\n      body: { name: 'juan' },\n      headers: {\n        'Content-Type': 'application/json',\n        apiKey: 'abcdefg12345',\n      },\n    }),\n    getResponse: () => ({\n      getHeaders: jest.fn().mockReturnValue({\n        'Content-Type': 'application/json',\n        my_header: 'test-header',\n      }),\n      json: [fixtureUserResponse],\n    }),\n  })),\n  getType: jest.fn(() => 'http'),\n  getClass: jest.fn(() => 'testController'),\n  getHandler: jest.fn(() => 'handlerElk'),\n};\n\n/*const callHandler: any = {\n  handle: jest.fn(() => ({\n    pipe: jest.fn(() => ({\n      tap: jest.fn(() => ({\n        next: jest.fn(),\n        error: jest.fn(),\n      })),\n    })),\n  })),\n};*/\n\njest.setTimeout(70000);\ndescribe('ElkModule', () => {\n  let app: INestApplication;\n  let elkService: ElkService;\n  let interceptor: ElkInterceptor<any>;\n  let container: testContainers;\n\n  beforeAll(async () => {\n    //'elasticsearch:8.3.3'\n    //docker.elastic.co/elasticsearch/elasticsearch:8.3.3\n\n    container = await new testContainers('elasticsearch:8.3.3', {\n      ...TCElasticSearchOptions,\n      containerName: `${tcName}-elasticsearch-interceptor`,\n    });\n    await container.start();\n  });\n\n  afterAll(async () => {\n    await container.stop({ removeVolumes: true });\n  });\n\n  beforeEach(async () => {\n    const moduleFixture: TestingModule = await Test.createTestingModule({\n      imports: [\n        ConfigModule.forRoot({\n          isGlobal: true,\n          load: [\n            dynamicConfig({\n              elasticsearch: {\n                name: 'test-elk-index',\n                node: {\n                  url: new URL(`http://${container.getHost()}:9200`),\n                },\n                maxRetries: 10,\n                requestTimeout: 60000,\n                sniffOnStart: true,\n                Connection: HttpConnection,\n              },\n            }),\n          ],\n        }),\n        ElkModule,\n      ],\n    }).compile();\n    app = moduleFixture.createNestApplication();\n    interceptor = new ElkInterceptor(app.get<ElkService>(ElkService));\n    app.useGlobalInterceptors(interceptor);\n    elkService = moduleFixture.get<ElkService>(ElkService);\n    await app.init();\n  });\n\n  afterEach(async () => {\n    await app.close();\n  });\n\n  it('should be defined', () => {\n    expect(app).toBeDefined();\n  });\n\n  describe('ElkInterceptor', () => {\n    it('should be an ElkInterceptor instance to be defined', async () => {\n      expect(new ElkInterceptor(elkService)).toBeDefined();\n    });\n\n    it('should be create document in elasticsearch when return success string', async () => {\n      const interceptorServiceSpy = jest.spyOn(elkService, 'serializeResponseInterceptor');\n      const timeRequest = Date.now();\n\n      const callHandler: any = {\n        handle: jest.fn(() => of('this is a test')),\n      };\n\n      const obs: Observable<any> = interceptor.intercept(executionContext, callHandler);\n      expect(callHandler.handle).toBeCalledTimes(1);\n\n      obs.subscribe({\n        next: (response) => {\n          elkService.serializeResponseInterceptor(timeRequest, executionContext, response, false);\n          expect(interceptorServiceSpy).toBeCalledWith(\n            timeRequest,\n            executionContext,\n            response,\n            false,\n          );\n        },\n        error: () => {},\n      });\n    });\n\n    it('should be create document in elasticsearch when return success object', async () => {\n      const interceptorServiceSpy = jest.spyOn(elkService, 'serializeResponseInterceptor');\n      const timeRequest = Date.now();\n\n      const callHandler: any = {\n        handle: jest.fn(() => of([fixtureUserResponse])),\n      };\n\n      const obs: Observable<any> = interceptor.intercept(executionContext, callHandler);\n      expect(callHandler.handle).toBeCalledTimes(1);\n\n      obs.subscribe({\n        next: (response) => {\n          elkService.serializeResponseInterceptor(timeRequest, executionContext, response, false);\n          expect(interceptorServiceSpy).toBeCalledWith(\n            timeRequest,\n            executionContext,\n            response,\n            false,\n          );\n        },\n        error: () => {},\n      });\n    });\n\n    it('should be create document in elasticsearch when return success with parameters', async () => {\n      const interceptorServiceSpy = jest.spyOn(elkService, 'serializeResponseInterceptor');\n      const timeRequest = Date.now();\n\n      const callHandler: any = {\n        handle: jest.fn(() => of([fixtureUserResponse])),\n      };\n\n      const obs: Observable<any> = interceptor.intercept(executionContextParams, callHandler);\n      expect(callHandler.handle).toBeCalledTimes(1);\n\n      obs.subscribe({\n        next: (response) => {\n          elkService.serializeResponseInterceptor(\n            timeRequest,\n            executionContextParams,\n            response,\n            false,\n          );\n          expect(interceptorServiceSpy).toBeCalledWith(\n            timeRequest,\n            executionContextParams,\n            response,\n            false,\n          );\n        },\n        error: () => {},\n      });\n    });\n\n    it('should be create document in elasticsearch when return exception', async () => {\n      const interceptorServiceSpy = jest.spyOn(elkService, 'serializeResponseInterceptor');\n      const timeRequest = Date.now();\n\n      const error = new Error(`User #$1 not found`);\n\n      const callHandler: any = {\n        handle: jest.fn(() => throwError(error)),\n      };\n\n      const obs: Observable<any> = interceptor.intercept(executionContext, callHandler);\n      expect(callHandler.handle).toBeCalledTimes(1);\n\n      obs.subscribe({\n        next: () => {},\n        error: (error) => {\n          elkService.serializeResponseInterceptor(timeRequest, executionContext, error, true);\n          expect(interceptorServiceSpy).toBeCalledWith(timeRequest, executionContext, error, true);\n        },\n      });\n    });\n\n    it('should be create document in elasticsearch when return exception http', async () => {\n      const interceptorServiceSpy = jest.spyOn(elkService, 'serializeResponseInterceptor');\n      const timeRequest = Date.now();\n\n      const error = new HttpException('not found', 404);\n\n      const callHandler: any = {\n        handle: jest.fn(() => throwError(error)),\n      };\n\n      const obs: Observable<any> = interceptor.intercept(executionContext, callHandler);\n      expect(callHandler.handle).toBeCalledTimes(1);\n\n      obs.subscribe({\n        next: () => {},\n        error: (error) => {\n          elkService.serializeResponseInterceptor(timeRequest, executionContext, error, true);\n          expect(interceptorServiceSpy).toBeCalledWith(timeRequest, executionContext, error, true);\n        },\n      });\n    });\n  });\n\n  describe('ElkModule - Register', () => {\n    let app: INestApplication;\n    let elkService: ElkService;\n    let interceptor: ElkInterceptor<any>;\n\n    beforeEach(async () => {\n      const moduleFixture: TestingModule = await Test.createTestingModule({\n        imports: [\n          ElkModule.register({\n            name: 'test-elk-index',\n            node: {\n              url: new URL(`http://${container.getHost()}:9200`),\n            },\n            maxRetries: 10,\n            requestTimeout: 60000,\n            sniffOnStart: true,\n            Connection: HttpConnection,\n          }),\n        ],\n      }).compile();\n      app = moduleFixture.createNestApplication();\n      interceptor = new ElkInterceptor(app.get<ElkService>(ElkService));\n      app.useGlobalInterceptors(interceptor);\n      elkService = moduleFixture.get<ElkService>(ElkService);\n      await app.init();\n    });\n\n    afterEach(async () => {\n      await app.close();\n    });\n\n    it('should be defined', () => {\n      expect(app).toBeDefined();\n    });\n  });\n});\n",
              "err": {},
              "uuid": "9703f15e-3c54-4efa-b4c3-a7ee1f9137ba",
              "parentUUID": "813104ad-4dda-4fa8-9a71-204e130a107d",
              "isHook": false,
              "skipped": false
            },
            {
              "fullTitle": "ElkModule > ElkInterceptor > should be create document in elasticsearch when return success object",
              "title": "ElkModule > ElkInterceptor > should be create document in elasticsearch when return success object",
              "timedOut": false,
              "duration": 1009,
              "state": "passed",
              "speed": "slow",
              "pass": true,
              "fail": false,
              "pending": false,
              "context": null,
              "code": "import { Test, TestingModule } from '@nestjs/testing';\nimport { HttpException, INestApplication } from '@nestjs/common';\nimport { ConfigModule } from '@nestjs/config';\nimport {\n  dynamicConfig,\n  fixtureUserResponse,\n  TCElasticSearchOptions,\n  tcName,\n  testContainers,\n} from '@tresdoce-nestjs-toolkit/test-utils';\nimport { Observable, of, throwError } from 'rxjs';\nimport { HttpConnection } from '@elastic/elasticsearch';\nimport { URL } from 'url';\n\nimport { ElkModule } from '../elk/elk.module';\nimport { ElkInterceptor } from '../elk/interceptors/elk.interceptor';\nimport { ElkService } from '../elk/services/elk.service';\n\nlet executionContext: any = {\n  switchToHttp: jest.fn(() => ({\n    getRequest: () => ({\n      path: '/test',\n      method: 'GET',\n      params: {},\n      query: {},\n      body: {},\n      headers: {\n        'Content-Type': 'application/json',\n        apiKey: 'abcdefg12345',\n      },\n    }),\n    getResponse: () => ({\n      getHeaders: jest.fn().mockReturnValue({\n        'Content-Type': 'application/json',\n        my_header: 'test-header',\n      }),\n      json: [fixtureUserResponse],\n    }),\n  })),\n  getType: jest.fn(() => 'http'),\n  getClass: jest.fn(() => 'testController'),\n  getHandler: jest.fn(() => 'handlerElk'),\n};\n\nlet executionContextParams: any = {\n  switchToHttp: jest.fn(() => ({\n    getRequest: () => ({\n      path: '/test',\n      method: 'GET',\n      params: { name: 'juan' },\n      query: { name: 'juan' },\n      body: { name: 'juan' },\n      headers: {\n        'Content-Type': 'application/json',\n        apiKey: 'abcdefg12345',\n      },\n    }),\n    getResponse: () => ({\n      getHeaders: jest.fn().mockReturnValue({\n        'Content-Type': 'application/json',\n        my_header: 'test-header',\n      }),\n      json: [fixtureUserResponse],\n    }),\n  })),\n  getType: jest.fn(() => 'http'),\n  getClass: jest.fn(() => 'testController'),\n  getHandler: jest.fn(() => 'handlerElk'),\n};\n\n/*const callHandler: any = {\n  handle: jest.fn(() => ({\n    pipe: jest.fn(() => ({\n      tap: jest.fn(() => ({\n        next: jest.fn(),\n        error: jest.fn(),\n      })),\n    })),\n  })),\n};*/\n\njest.setTimeout(70000);\ndescribe('ElkModule', () => {\n  let app: INestApplication;\n  let elkService: ElkService;\n  let interceptor: ElkInterceptor<any>;\n  let container: testContainers;\n\n  beforeAll(async () => {\n    //'elasticsearch:8.3.3'\n    //docker.elastic.co/elasticsearch/elasticsearch:8.3.3\n\n    container = await new testContainers('elasticsearch:8.3.3', {\n      ...TCElasticSearchOptions,\n      containerName: `${tcName}-elasticsearch-interceptor`,\n    });\n    await container.start();\n  });\n\n  afterAll(async () => {\n    await container.stop({ removeVolumes: true });\n  });\n\n  beforeEach(async () => {\n    const moduleFixture: TestingModule = await Test.createTestingModule({\n      imports: [\n        ConfigModule.forRoot({\n          isGlobal: true,\n          load: [\n            dynamicConfig({\n              elasticsearch: {\n                name: 'test-elk-index',\n                node: {\n                  url: new URL(`http://${container.getHost()}:9200`),\n                },\n                maxRetries: 10,\n                requestTimeout: 60000,\n                sniffOnStart: true,\n                Connection: HttpConnection,\n              },\n            }),\n          ],\n        }),\n        ElkModule,\n      ],\n    }).compile();\n    app = moduleFixture.createNestApplication();\n    interceptor = new ElkInterceptor(app.get<ElkService>(ElkService));\n    app.useGlobalInterceptors(interceptor);\n    elkService = moduleFixture.get<ElkService>(ElkService);\n    await app.init();\n  });\n\n  afterEach(async () => {\n    await app.close();\n  });\n\n  it('should be defined', () => {\n    expect(app).toBeDefined();\n  });\n\n  describe('ElkInterceptor', () => {\n    it('should be an ElkInterceptor instance to be defined', async () => {\n      expect(new ElkInterceptor(elkService)).toBeDefined();\n    });\n\n    it('should be create document in elasticsearch when return success string', async () => {\n      const interceptorServiceSpy = jest.spyOn(elkService, 'serializeResponseInterceptor');\n      const timeRequest = Date.now();\n\n      const callHandler: any = {\n        handle: jest.fn(() => of('this is a test')),\n      };\n\n      const obs: Observable<any> = interceptor.intercept(executionContext, callHandler);\n      expect(callHandler.handle).toBeCalledTimes(1);\n\n      obs.subscribe({\n        next: (response) => {\n          elkService.serializeResponseInterceptor(timeRequest, executionContext, response, false);\n          expect(interceptorServiceSpy).toBeCalledWith(\n            timeRequest,\n            executionContext,\n            response,\n            false,\n          );\n        },\n        error: () => {},\n      });\n    });\n\n    it('should be create document in elasticsearch when return success object', async () => {\n      const interceptorServiceSpy = jest.spyOn(elkService, 'serializeResponseInterceptor');\n      const timeRequest = Date.now();\n\n      const callHandler: any = {\n        handle: jest.fn(() => of([fixtureUserResponse])),\n      };\n\n      const obs: Observable<any> = interceptor.intercept(executionContext, callHandler);\n      expect(callHandler.handle).toBeCalledTimes(1);\n\n      obs.subscribe({\n        next: (response) => {\n          elkService.serializeResponseInterceptor(timeRequest, executionContext, response, false);\n          expect(interceptorServiceSpy).toBeCalledWith(\n            timeRequest,\n            executionContext,\n            response,\n            false,\n          );\n        },\n        error: () => {},\n      });\n    });\n\n    it('should be create document in elasticsearch when return success with parameters', async () => {\n      const interceptorServiceSpy = jest.spyOn(elkService, 'serializeResponseInterceptor');\n      const timeRequest = Date.now();\n\n      const callHandler: any = {\n        handle: jest.fn(() => of([fixtureUserResponse])),\n      };\n\n      const obs: Observable<any> = interceptor.intercept(executionContextParams, callHandler);\n      expect(callHandler.handle).toBeCalledTimes(1);\n\n      obs.subscribe({\n        next: (response) => {\n          elkService.serializeResponseInterceptor(\n            timeRequest,\n            executionContextParams,\n            response,\n            false,\n          );\n          expect(interceptorServiceSpy).toBeCalledWith(\n            timeRequest,\n            executionContextParams,\n            response,\n            false,\n          );\n        },\n        error: () => {},\n      });\n    });\n\n    it('should be create document in elasticsearch when return exception', async () => {\n      const interceptorServiceSpy = jest.spyOn(elkService, 'serializeResponseInterceptor');\n      const timeRequest = Date.now();\n\n      const error = new Error(`User #$1 not found`);\n\n      const callHandler: any = {\n        handle: jest.fn(() => throwError(error)),\n      };\n\n      const obs: Observable<any> = interceptor.intercept(executionContext, callHandler);\n      expect(callHandler.handle).toBeCalledTimes(1);\n\n      obs.subscribe({\n        next: () => {},\n        error: (error) => {\n          elkService.serializeResponseInterceptor(timeRequest, executionContext, error, true);\n          expect(interceptorServiceSpy).toBeCalledWith(timeRequest, executionContext, error, true);\n        },\n      });\n    });\n\n    it('should be create document in elasticsearch when return exception http', async () => {\n      const interceptorServiceSpy = jest.spyOn(elkService, 'serializeResponseInterceptor');\n      const timeRequest = Date.now();\n\n      const error = new HttpException('not found', 404);\n\n      const callHandler: any = {\n        handle: jest.fn(() => throwError(error)),\n      };\n\n      const obs: Observable<any> = interceptor.intercept(executionContext, callHandler);\n      expect(callHandler.handle).toBeCalledTimes(1);\n\n      obs.subscribe({\n        next: () => {},\n        error: (error) => {\n          elkService.serializeResponseInterceptor(timeRequest, executionContext, error, true);\n          expect(interceptorServiceSpy).toBeCalledWith(timeRequest, executionContext, error, true);\n        },\n      });\n    });\n  });\n\n  describe('ElkModule - Register', () => {\n    let app: INestApplication;\n    let elkService: ElkService;\n    let interceptor: ElkInterceptor<any>;\n\n    beforeEach(async () => {\n      const moduleFixture: TestingModule = await Test.createTestingModule({\n        imports: [\n          ElkModule.register({\n            name: 'test-elk-index',\n            node: {\n              url: new URL(`http://${container.getHost()}:9200`),\n            },\n            maxRetries: 10,\n            requestTimeout: 60000,\n            sniffOnStart: true,\n            Connection: HttpConnection,\n          }),\n        ],\n      }).compile();\n      app = moduleFixture.createNestApplication();\n      interceptor = new ElkInterceptor(app.get<ElkService>(ElkService));\n      app.useGlobalInterceptors(interceptor);\n      elkService = moduleFixture.get<ElkService>(ElkService);\n      await app.init();\n    });\n\n    afterEach(async () => {\n      await app.close();\n    });\n\n    it('should be defined', () => {\n      expect(app).toBeDefined();\n    });\n  });\n});\n",
              "err": {},
              "uuid": "70e42284-f8af-4a16-871d-6ce16526c33c",
              "parentUUID": "813104ad-4dda-4fa8-9a71-204e130a107d",
              "isHook": false,
              "skipped": false
            },
            {
              "fullTitle": "ElkModule > ElkInterceptor > should be create document in elasticsearch when return success with parameters",
              "title": "ElkModule > ElkInterceptor > should be create document in elasticsearch when return success with parameters",
              "timedOut": false,
              "duration": 1010,
              "state": "passed",
              "speed": "slow",
              "pass": true,
              "fail": false,
              "pending": false,
              "context": null,
              "code": "import { Test, TestingModule } from '@nestjs/testing';\nimport { HttpException, INestApplication } from '@nestjs/common';\nimport { ConfigModule } from '@nestjs/config';\nimport {\n  dynamicConfig,\n  fixtureUserResponse,\n  TCElasticSearchOptions,\n  tcName,\n  testContainers,\n} from '@tresdoce-nestjs-toolkit/test-utils';\nimport { Observable, of, throwError } from 'rxjs';\nimport { HttpConnection } from '@elastic/elasticsearch';\nimport { URL } from 'url';\n\nimport { ElkModule } from '../elk/elk.module';\nimport { ElkInterceptor } from '../elk/interceptors/elk.interceptor';\nimport { ElkService } from '../elk/services/elk.service';\n\nlet executionContext: any = {\n  switchToHttp: jest.fn(() => ({\n    getRequest: () => ({\n      path: '/test',\n      method: 'GET',\n      params: {},\n      query: {},\n      body: {},\n      headers: {\n        'Content-Type': 'application/json',\n        apiKey: 'abcdefg12345',\n      },\n    }),\n    getResponse: () => ({\n      getHeaders: jest.fn().mockReturnValue({\n        'Content-Type': 'application/json',\n        my_header: 'test-header',\n      }),\n      json: [fixtureUserResponse],\n    }),\n  })),\n  getType: jest.fn(() => 'http'),\n  getClass: jest.fn(() => 'testController'),\n  getHandler: jest.fn(() => 'handlerElk'),\n};\n\nlet executionContextParams: any = {\n  switchToHttp: jest.fn(() => ({\n    getRequest: () => ({\n      path: '/test',\n      method: 'GET',\n      params: { name: 'juan' },\n      query: { name: 'juan' },\n      body: { name: 'juan' },\n      headers: {\n        'Content-Type': 'application/json',\n        apiKey: 'abcdefg12345',\n      },\n    }),\n    getResponse: () => ({\n      getHeaders: jest.fn().mockReturnValue({\n        'Content-Type': 'application/json',\n        my_header: 'test-header',\n      }),\n      json: [fixtureUserResponse],\n    }),\n  })),\n  getType: jest.fn(() => 'http'),\n  getClass: jest.fn(() => 'testController'),\n  getHandler: jest.fn(() => 'handlerElk'),\n};\n\n/*const callHandler: any = {\n  handle: jest.fn(() => ({\n    pipe: jest.fn(() => ({\n      tap: jest.fn(() => ({\n        next: jest.fn(),\n        error: jest.fn(),\n      })),\n    })),\n  })),\n};*/\n\njest.setTimeout(70000);\ndescribe('ElkModule', () => {\n  let app: INestApplication;\n  let elkService: ElkService;\n  let interceptor: ElkInterceptor<any>;\n  let container: testContainers;\n\n  beforeAll(async () => {\n    //'elasticsearch:8.3.3'\n    //docker.elastic.co/elasticsearch/elasticsearch:8.3.3\n\n    container = await new testContainers('elasticsearch:8.3.3', {\n      ...TCElasticSearchOptions,\n      containerName: `${tcName}-elasticsearch-interceptor`,\n    });\n    await container.start();\n  });\n\n  afterAll(async () => {\n    await container.stop({ removeVolumes: true });\n  });\n\n  beforeEach(async () => {\n    const moduleFixture: TestingModule = await Test.createTestingModule({\n      imports: [\n        ConfigModule.forRoot({\n          isGlobal: true,\n          load: [\n            dynamicConfig({\n              elasticsearch: {\n                name: 'test-elk-index',\n                node: {\n                  url: new URL(`http://${container.getHost()}:9200`),\n                },\n                maxRetries: 10,\n                requestTimeout: 60000,\n                sniffOnStart: true,\n                Connection: HttpConnection,\n              },\n            }),\n          ],\n        }),\n        ElkModule,\n      ],\n    }).compile();\n    app = moduleFixture.createNestApplication();\n    interceptor = new ElkInterceptor(app.get<ElkService>(ElkService));\n    app.useGlobalInterceptors(interceptor);\n    elkService = moduleFixture.get<ElkService>(ElkService);\n    await app.init();\n  });\n\n  afterEach(async () => {\n    await app.close();\n  });\n\n  it('should be defined', () => {\n    expect(app).toBeDefined();\n  });\n\n  describe('ElkInterceptor', () => {\n    it('should be an ElkInterceptor instance to be defined', async () => {\n      expect(new ElkInterceptor(elkService)).toBeDefined();\n    });\n\n    it('should be create document in elasticsearch when return success string', async () => {\n      const interceptorServiceSpy = jest.spyOn(elkService, 'serializeResponseInterceptor');\n      const timeRequest = Date.now();\n\n      const callHandler: any = {\n        handle: jest.fn(() => of('this is a test')),\n      };\n\n      const obs: Observable<any> = interceptor.intercept(executionContext, callHandler);\n      expect(callHandler.handle).toBeCalledTimes(1);\n\n      obs.subscribe({\n        next: (response) => {\n          elkService.serializeResponseInterceptor(timeRequest, executionContext, response, false);\n          expect(interceptorServiceSpy).toBeCalledWith(\n            timeRequest,\n            executionContext,\n            response,\n            false,\n          );\n        },\n        error: () => {},\n      });\n    });\n\n    it('should be create document in elasticsearch when return success object', async () => {\n      const interceptorServiceSpy = jest.spyOn(elkService, 'serializeResponseInterceptor');\n      const timeRequest = Date.now();\n\n      const callHandler: any = {\n        handle: jest.fn(() => of([fixtureUserResponse])),\n      };\n\n      const obs: Observable<any> = interceptor.intercept(executionContext, callHandler);\n      expect(callHandler.handle).toBeCalledTimes(1);\n\n      obs.subscribe({\n        next: (response) => {\n          elkService.serializeResponseInterceptor(timeRequest, executionContext, response, false);\n          expect(interceptorServiceSpy).toBeCalledWith(\n            timeRequest,\n            executionContext,\n            response,\n            false,\n          );\n        },\n        error: () => {},\n      });\n    });\n\n    it('should be create document in elasticsearch when return success with parameters', async () => {\n      const interceptorServiceSpy = jest.spyOn(elkService, 'serializeResponseInterceptor');\n      const timeRequest = Date.now();\n\n      const callHandler: any = {\n        handle: jest.fn(() => of([fixtureUserResponse])),\n      };\n\n      const obs: Observable<any> = interceptor.intercept(executionContextParams, callHandler);\n      expect(callHandler.handle).toBeCalledTimes(1);\n\n      obs.subscribe({\n        next: (response) => {\n          elkService.serializeResponseInterceptor(\n            timeRequest,\n            executionContextParams,\n            response,\n            false,\n          );\n          expect(interceptorServiceSpy).toBeCalledWith(\n            timeRequest,\n            executionContextParams,\n            response,\n            false,\n          );\n        },\n        error: () => {},\n      });\n    });\n\n    it('should be create document in elasticsearch when return exception', async () => {\n      const interceptorServiceSpy = jest.spyOn(elkService, 'serializeResponseInterceptor');\n      const timeRequest = Date.now();\n\n      const error = new Error(`User #$1 not found`);\n\n      const callHandler: any = {\n        handle: jest.fn(() => throwError(error)),\n      };\n\n      const obs: Observable<any> = interceptor.intercept(executionContext, callHandler);\n      expect(callHandler.handle).toBeCalledTimes(1);\n\n      obs.subscribe({\n        next: () => {},\n        error: (error) => {\n          elkService.serializeResponseInterceptor(timeRequest, executionContext, error, true);\n          expect(interceptorServiceSpy).toBeCalledWith(timeRequest, executionContext, error, true);\n        },\n      });\n    });\n\n    it('should be create document in elasticsearch when return exception http', async () => {\n      const interceptorServiceSpy = jest.spyOn(elkService, 'serializeResponseInterceptor');\n      const timeRequest = Date.now();\n\n      const error = new HttpException('not found', 404);\n\n      const callHandler: any = {\n        handle: jest.fn(() => throwError(error)),\n      };\n\n      const obs: Observable<any> = interceptor.intercept(executionContext, callHandler);\n      expect(callHandler.handle).toBeCalledTimes(1);\n\n      obs.subscribe({\n        next: () => {},\n        error: (error) => {\n          elkService.serializeResponseInterceptor(timeRequest, executionContext, error, true);\n          expect(interceptorServiceSpy).toBeCalledWith(timeRequest, executionContext, error, true);\n        },\n      });\n    });\n  });\n\n  describe('ElkModule - Register', () => {\n    let app: INestApplication;\n    let elkService: ElkService;\n    let interceptor: ElkInterceptor<any>;\n\n    beforeEach(async () => {\n      const moduleFixture: TestingModule = await Test.createTestingModule({\n        imports: [\n          ElkModule.register({\n            name: 'test-elk-index',\n            node: {\n              url: new URL(`http://${container.getHost()}:9200`),\n            },\n            maxRetries: 10,\n            requestTimeout: 60000,\n            sniffOnStart: true,\n            Connection: HttpConnection,\n          }),\n        ],\n      }).compile();\n      app = moduleFixture.createNestApplication();\n      interceptor = new ElkInterceptor(app.get<ElkService>(ElkService));\n      app.useGlobalInterceptors(interceptor);\n      elkService = moduleFixture.get<ElkService>(ElkService);\n      await app.init();\n    });\n\n    afterEach(async () => {\n      await app.close();\n    });\n\n    it('should be defined', () => {\n      expect(app).toBeDefined();\n    });\n  });\n});\n",
              "err": {},
              "uuid": "08c35e29-ec3a-465f-a916-e4416173b499",
              "parentUUID": "813104ad-4dda-4fa8-9a71-204e130a107d",
              "isHook": false,
              "skipped": false
            },
            {
              "fullTitle": "ElkModule > ElkInterceptor > should be create document in elasticsearch when return exception",
              "title": "ElkModule > ElkInterceptor > should be create document in elasticsearch when return exception",
              "timedOut": false,
              "duration": 1010,
              "state": "passed",
              "speed": "slow",
              "pass": true,
              "fail": false,
              "pending": false,
              "context": null,
              "code": "import { Test, TestingModule } from '@nestjs/testing';\nimport { HttpException, INestApplication } from '@nestjs/common';\nimport { ConfigModule } from '@nestjs/config';\nimport {\n  dynamicConfig,\n  fixtureUserResponse,\n  TCElasticSearchOptions,\n  tcName,\n  testContainers,\n} from '@tresdoce-nestjs-toolkit/test-utils';\nimport { Observable, of, throwError } from 'rxjs';\nimport { HttpConnection } from '@elastic/elasticsearch';\nimport { URL } from 'url';\n\nimport { ElkModule } from '../elk/elk.module';\nimport { ElkInterceptor } from '../elk/interceptors/elk.interceptor';\nimport { ElkService } from '../elk/services/elk.service';\n\nlet executionContext: any = {\n  switchToHttp: jest.fn(() => ({\n    getRequest: () => ({\n      path: '/test',\n      method: 'GET',\n      params: {},\n      query: {},\n      body: {},\n      headers: {\n        'Content-Type': 'application/json',\n        apiKey: 'abcdefg12345',\n      },\n    }),\n    getResponse: () => ({\n      getHeaders: jest.fn().mockReturnValue({\n        'Content-Type': 'application/json',\n        my_header: 'test-header',\n      }),\n      json: [fixtureUserResponse],\n    }),\n  })),\n  getType: jest.fn(() => 'http'),\n  getClass: jest.fn(() => 'testController'),\n  getHandler: jest.fn(() => 'handlerElk'),\n};\n\nlet executionContextParams: any = {\n  switchToHttp: jest.fn(() => ({\n    getRequest: () => ({\n      path: '/test',\n      method: 'GET',\n      params: { name: 'juan' },\n      query: { name: 'juan' },\n      body: { name: 'juan' },\n      headers: {\n        'Content-Type': 'application/json',\n        apiKey: 'abcdefg12345',\n      },\n    }),\n    getResponse: () => ({\n      getHeaders: jest.fn().mockReturnValue({\n        'Content-Type': 'application/json',\n        my_header: 'test-header',\n      }),\n      json: [fixtureUserResponse],\n    }),\n  })),\n  getType: jest.fn(() => 'http'),\n  getClass: jest.fn(() => 'testController'),\n  getHandler: jest.fn(() => 'handlerElk'),\n};\n\n/*const callHandler: any = {\n  handle: jest.fn(() => ({\n    pipe: jest.fn(() => ({\n      tap: jest.fn(() => ({\n        next: jest.fn(),\n        error: jest.fn(),\n      })),\n    })),\n  })),\n};*/\n\njest.setTimeout(70000);\ndescribe('ElkModule', () => {\n  let app: INestApplication;\n  let elkService: ElkService;\n  let interceptor: ElkInterceptor<any>;\n  let container: testContainers;\n\n  beforeAll(async () => {\n    //'elasticsearch:8.3.3'\n    //docker.elastic.co/elasticsearch/elasticsearch:8.3.3\n\n    container = await new testContainers('elasticsearch:8.3.3', {\n      ...TCElasticSearchOptions,\n      containerName: `${tcName}-elasticsearch-interceptor`,\n    });\n    await container.start();\n  });\n\n  afterAll(async () => {\n    await container.stop({ removeVolumes: true });\n  });\n\n  beforeEach(async () => {\n    const moduleFixture: TestingModule = await Test.createTestingModule({\n      imports: [\n        ConfigModule.forRoot({\n          isGlobal: true,\n          load: [\n            dynamicConfig({\n              elasticsearch: {\n                name: 'test-elk-index',\n                node: {\n                  url: new URL(`http://${container.getHost()}:9200`),\n                },\n                maxRetries: 10,\n                requestTimeout: 60000,\n                sniffOnStart: true,\n                Connection: HttpConnection,\n              },\n            }),\n          ],\n        }),\n        ElkModule,\n      ],\n    }).compile();\n    app = moduleFixture.createNestApplication();\n    interceptor = new ElkInterceptor(app.get<ElkService>(ElkService));\n    app.useGlobalInterceptors(interceptor);\n    elkService = moduleFixture.get<ElkService>(ElkService);\n    await app.init();\n  });\n\n  afterEach(async () => {\n    await app.close();\n  });\n\n  it('should be defined', () => {\n    expect(app).toBeDefined();\n  });\n\n  describe('ElkInterceptor', () => {\n    it('should be an ElkInterceptor instance to be defined', async () => {\n      expect(new ElkInterceptor(elkService)).toBeDefined();\n    });\n\n    it('should be create document in elasticsearch when return success string', async () => {\n      const interceptorServiceSpy = jest.spyOn(elkService, 'serializeResponseInterceptor');\n      const timeRequest = Date.now();\n\n      const callHandler: any = {\n        handle: jest.fn(() => of('this is a test')),\n      };\n\n      const obs: Observable<any> = interceptor.intercept(executionContext, callHandler);\n      expect(callHandler.handle).toBeCalledTimes(1);\n\n      obs.subscribe({\n        next: (response) => {\n          elkService.serializeResponseInterceptor(timeRequest, executionContext, response, false);\n          expect(interceptorServiceSpy).toBeCalledWith(\n            timeRequest,\n            executionContext,\n            response,\n            false,\n          );\n        },\n        error: () => {},\n      });\n    });\n\n    it('should be create document in elasticsearch when return success object', async () => {\n      const interceptorServiceSpy = jest.spyOn(elkService, 'serializeResponseInterceptor');\n      const timeRequest = Date.now();\n\n      const callHandler: any = {\n        handle: jest.fn(() => of([fixtureUserResponse])),\n      };\n\n      const obs: Observable<any> = interceptor.intercept(executionContext, callHandler);\n      expect(callHandler.handle).toBeCalledTimes(1);\n\n      obs.subscribe({\n        next: (response) => {\n          elkService.serializeResponseInterceptor(timeRequest, executionContext, response, false);\n          expect(interceptorServiceSpy).toBeCalledWith(\n            timeRequest,\n            executionContext,\n            response,\n            false,\n          );\n        },\n        error: () => {},\n      });\n    });\n\n    it('should be create document in elasticsearch when return success with parameters', async () => {\n      const interceptorServiceSpy = jest.spyOn(elkService, 'serializeResponseInterceptor');\n      const timeRequest = Date.now();\n\n      const callHandler: any = {\n        handle: jest.fn(() => of([fixtureUserResponse])),\n      };\n\n      const obs: Observable<any> = interceptor.intercept(executionContextParams, callHandler);\n      expect(callHandler.handle).toBeCalledTimes(1);\n\n      obs.subscribe({\n        next: (response) => {\n          elkService.serializeResponseInterceptor(\n            timeRequest,\n            executionContextParams,\n            response,\n            false,\n          );\n          expect(interceptorServiceSpy).toBeCalledWith(\n            timeRequest,\n            executionContextParams,\n            response,\n            false,\n          );\n        },\n        error: () => {},\n      });\n    });\n\n    it('should be create document in elasticsearch when return exception', async () => {\n      const interceptorServiceSpy = jest.spyOn(elkService, 'serializeResponseInterceptor');\n      const timeRequest = Date.now();\n\n      const error = new Error(`User #$1 not found`);\n\n      const callHandler: any = {\n        handle: jest.fn(() => throwError(error)),\n      };\n\n      const obs: Observable<any> = interceptor.intercept(executionContext, callHandler);\n      expect(callHandler.handle).toBeCalledTimes(1);\n\n      obs.subscribe({\n        next: () => {},\n        error: (error) => {\n          elkService.serializeResponseInterceptor(timeRequest, executionContext, error, true);\n          expect(interceptorServiceSpy).toBeCalledWith(timeRequest, executionContext, error, true);\n        },\n      });\n    });\n\n    it('should be create document in elasticsearch when return exception http', async () => {\n      const interceptorServiceSpy = jest.spyOn(elkService, 'serializeResponseInterceptor');\n      const timeRequest = Date.now();\n\n      const error = new HttpException('not found', 404);\n\n      const callHandler: any = {\n        handle: jest.fn(() => throwError(error)),\n      };\n\n      const obs: Observable<any> = interceptor.intercept(executionContext, callHandler);\n      expect(callHandler.handle).toBeCalledTimes(1);\n\n      obs.subscribe({\n        next: () => {},\n        error: (error) => {\n          elkService.serializeResponseInterceptor(timeRequest, executionContext, error, true);\n          expect(interceptorServiceSpy).toBeCalledWith(timeRequest, executionContext, error, true);\n        },\n      });\n    });\n  });\n\n  describe('ElkModule - Register', () => {\n    let app: INestApplication;\n    let elkService: ElkService;\n    let interceptor: ElkInterceptor<any>;\n\n    beforeEach(async () => {\n      const moduleFixture: TestingModule = await Test.createTestingModule({\n        imports: [\n          ElkModule.register({\n            name: 'test-elk-index',\n            node: {\n              url: new URL(`http://${container.getHost()}:9200`),\n            },\n            maxRetries: 10,\n            requestTimeout: 60000,\n            sniffOnStart: true,\n            Connection: HttpConnection,\n          }),\n        ],\n      }).compile();\n      app = moduleFixture.createNestApplication();\n      interceptor = new ElkInterceptor(app.get<ElkService>(ElkService));\n      app.useGlobalInterceptors(interceptor);\n      elkService = moduleFixture.get<ElkService>(ElkService);\n      await app.init();\n    });\n\n    afterEach(async () => {\n      await app.close();\n    });\n\n    it('should be defined', () => {\n      expect(app).toBeDefined();\n    });\n  });\n});\n",
              "err": {},
              "uuid": "202e9a40-ad9f-4cf4-b994-365e5d2327a3",
              "parentUUID": "813104ad-4dda-4fa8-9a71-204e130a107d",
              "isHook": false,
              "skipped": false
            },
            {
              "fullTitle": "ElkModule > ElkInterceptor > should be create document in elasticsearch when return exception http",
              "title": "ElkModule > ElkInterceptor > should be create document in elasticsearch when return exception http",
              "timedOut": false,
              "duration": 1011,
              "state": "passed",
              "speed": "slow",
              "pass": true,
              "fail": false,
              "pending": false,
              "context": null,
              "code": "import { Test, TestingModule } from '@nestjs/testing';\nimport { HttpException, INestApplication } from '@nestjs/common';\nimport { ConfigModule } from '@nestjs/config';\nimport {\n  dynamicConfig,\n  fixtureUserResponse,\n  TCElasticSearchOptions,\n  tcName,\n  testContainers,\n} from '@tresdoce-nestjs-toolkit/test-utils';\nimport { Observable, of, throwError } from 'rxjs';\nimport { HttpConnection } from '@elastic/elasticsearch';\nimport { URL } from 'url';\n\nimport { ElkModule } from '../elk/elk.module';\nimport { ElkInterceptor } from '../elk/interceptors/elk.interceptor';\nimport { ElkService } from '../elk/services/elk.service';\n\nlet executionContext: any = {\n  switchToHttp: jest.fn(() => ({\n    getRequest: () => ({\n      path: '/test',\n      method: 'GET',\n      params: {},\n      query: {},\n      body: {},\n      headers: {\n        'Content-Type': 'application/json',\n        apiKey: 'abcdefg12345',\n      },\n    }),\n    getResponse: () => ({\n      getHeaders: jest.fn().mockReturnValue({\n        'Content-Type': 'application/json',\n        my_header: 'test-header',\n      }),\n      json: [fixtureUserResponse],\n    }),\n  })),\n  getType: jest.fn(() => 'http'),\n  getClass: jest.fn(() => 'testController'),\n  getHandler: jest.fn(() => 'handlerElk'),\n};\n\nlet executionContextParams: any = {\n  switchToHttp: jest.fn(() => ({\n    getRequest: () => ({\n      path: '/test',\n      method: 'GET',\n      params: { name: 'juan' },\n      query: { name: 'juan' },\n      body: { name: 'juan' },\n      headers: {\n        'Content-Type': 'application/json',\n        apiKey: 'abcdefg12345',\n      },\n    }),\n    getResponse: () => ({\n      getHeaders: jest.fn().mockReturnValue({\n        'Content-Type': 'application/json',\n        my_header: 'test-header',\n      }),\n      json: [fixtureUserResponse],\n    }),\n  })),\n  getType: jest.fn(() => 'http'),\n  getClass: jest.fn(() => 'testController'),\n  getHandler: jest.fn(() => 'handlerElk'),\n};\n\n/*const callHandler: any = {\n  handle: jest.fn(() => ({\n    pipe: jest.fn(() => ({\n      tap: jest.fn(() => ({\n        next: jest.fn(),\n        error: jest.fn(),\n      })),\n    })),\n  })),\n};*/\n\njest.setTimeout(70000);\ndescribe('ElkModule', () => {\n  let app: INestApplication;\n  let elkService: ElkService;\n  let interceptor: ElkInterceptor<any>;\n  let container: testContainers;\n\n  beforeAll(async () => {\n    //'elasticsearch:8.3.3'\n    //docker.elastic.co/elasticsearch/elasticsearch:8.3.3\n\n    container = await new testContainers('elasticsearch:8.3.3', {\n      ...TCElasticSearchOptions,\n      containerName: `${tcName}-elasticsearch-interceptor`,\n    });\n    await container.start();\n  });\n\n  afterAll(async () => {\n    await container.stop({ removeVolumes: true });\n  });\n\n  beforeEach(async () => {\n    const moduleFixture: TestingModule = await Test.createTestingModule({\n      imports: [\n        ConfigModule.forRoot({\n          isGlobal: true,\n          load: [\n            dynamicConfig({\n              elasticsearch: {\n                name: 'test-elk-index',\n                node: {\n                  url: new URL(`http://${container.getHost()}:9200`),\n                },\n                maxRetries: 10,\n                requestTimeout: 60000,\n                sniffOnStart: true,\n                Connection: HttpConnection,\n              },\n            }),\n          ],\n        }),\n        ElkModule,\n      ],\n    }).compile();\n    app = moduleFixture.createNestApplication();\n    interceptor = new ElkInterceptor(app.get<ElkService>(ElkService));\n    app.useGlobalInterceptors(interceptor);\n    elkService = moduleFixture.get<ElkService>(ElkService);\n    await app.init();\n  });\n\n  afterEach(async () => {\n    await app.close();\n  });\n\n  it('should be defined', () => {\n    expect(app).toBeDefined();\n  });\n\n  describe('ElkInterceptor', () => {\n    it('should be an ElkInterceptor instance to be defined', async () => {\n      expect(new ElkInterceptor(elkService)).toBeDefined();\n    });\n\n    it('should be create document in elasticsearch when return success string', async () => {\n      const interceptorServiceSpy = jest.spyOn(elkService, 'serializeResponseInterceptor');\n      const timeRequest = Date.now();\n\n      const callHandler: any = {\n        handle: jest.fn(() => of('this is a test')),\n      };\n\n      const obs: Observable<any> = interceptor.intercept(executionContext, callHandler);\n      expect(callHandler.handle).toBeCalledTimes(1);\n\n      obs.subscribe({\n        next: (response) => {\n          elkService.serializeResponseInterceptor(timeRequest, executionContext, response, false);\n          expect(interceptorServiceSpy).toBeCalledWith(\n            timeRequest,\n            executionContext,\n            response,\n            false,\n          );\n        },\n        error: () => {},\n      });\n    });\n\n    it('should be create document in elasticsearch when return success object', async () => {\n      const interceptorServiceSpy = jest.spyOn(elkService, 'serializeResponseInterceptor');\n      const timeRequest = Date.now();\n\n      const callHandler: any = {\n        handle: jest.fn(() => of([fixtureUserResponse])),\n      };\n\n      const obs: Observable<any> = interceptor.intercept(executionContext, callHandler);\n      expect(callHandler.handle).toBeCalledTimes(1);\n\n      obs.subscribe({\n        next: (response) => {\n          elkService.serializeResponseInterceptor(timeRequest, executionContext, response, false);\n          expect(interceptorServiceSpy).toBeCalledWith(\n            timeRequest,\n            executionContext,\n            response,\n            false,\n          );\n        },\n        error: () => {},\n      });\n    });\n\n    it('should be create document in elasticsearch when return success with parameters', async () => {\n      const interceptorServiceSpy = jest.spyOn(elkService, 'serializeResponseInterceptor');\n      const timeRequest = Date.now();\n\n      const callHandler: any = {\n        handle: jest.fn(() => of([fixtureUserResponse])),\n      };\n\n      const obs: Observable<any> = interceptor.intercept(executionContextParams, callHandler);\n      expect(callHandler.handle).toBeCalledTimes(1);\n\n      obs.subscribe({\n        next: (response) => {\n          elkService.serializeResponseInterceptor(\n            timeRequest,\n            executionContextParams,\n            response,\n            false,\n          );\n          expect(interceptorServiceSpy).toBeCalledWith(\n            timeRequest,\n            executionContextParams,\n            response,\n            false,\n          );\n        },\n        error: () => {},\n      });\n    });\n\n    it('should be create document in elasticsearch when return exception', async () => {\n      const interceptorServiceSpy = jest.spyOn(elkService, 'serializeResponseInterceptor');\n      const timeRequest = Date.now();\n\n      const error = new Error(`User #$1 not found`);\n\n      const callHandler: any = {\n        handle: jest.fn(() => throwError(error)),\n      };\n\n      const obs: Observable<any> = interceptor.intercept(executionContext, callHandler);\n      expect(callHandler.handle).toBeCalledTimes(1);\n\n      obs.subscribe({\n        next: () => {},\n        error: (error) => {\n          elkService.serializeResponseInterceptor(timeRequest, executionContext, error, true);\n          expect(interceptorServiceSpy).toBeCalledWith(timeRequest, executionContext, error, true);\n        },\n      });\n    });\n\n    it('should be create document in elasticsearch when return exception http', async () => {\n      const interceptorServiceSpy = jest.spyOn(elkService, 'serializeResponseInterceptor');\n      const timeRequest = Date.now();\n\n      const error = new HttpException('not found', 404);\n\n      const callHandler: any = {\n        handle: jest.fn(() => throwError(error)),\n      };\n\n      const obs: Observable<any> = interceptor.intercept(executionContext, callHandler);\n      expect(callHandler.handle).toBeCalledTimes(1);\n\n      obs.subscribe({\n        next: () => {},\n        error: (error) => {\n          elkService.serializeResponseInterceptor(timeRequest, executionContext, error, true);\n          expect(interceptorServiceSpy).toBeCalledWith(timeRequest, executionContext, error, true);\n        },\n      });\n    });\n  });\n\n  describe('ElkModule - Register', () => {\n    let app: INestApplication;\n    let elkService: ElkService;\n    let interceptor: ElkInterceptor<any>;\n\n    beforeEach(async () => {\n      const moduleFixture: TestingModule = await Test.createTestingModule({\n        imports: [\n          ElkModule.register({\n            name: 'test-elk-index',\n            node: {\n              url: new URL(`http://${container.getHost()}:9200`),\n            },\n            maxRetries: 10,\n            requestTimeout: 60000,\n            sniffOnStart: true,\n            Connection: HttpConnection,\n          }),\n        ],\n      }).compile();\n      app = moduleFixture.createNestApplication();\n      interceptor = new ElkInterceptor(app.get<ElkService>(ElkService));\n      app.useGlobalInterceptors(interceptor);\n      elkService = moduleFixture.get<ElkService>(ElkService);\n      await app.init();\n    });\n\n    afterEach(async () => {\n      await app.close();\n    });\n\n    it('should be defined', () => {\n      expect(app).toBeDefined();\n    });\n  });\n});\n",
              "err": {},
              "uuid": "5710b001-a364-4517-9f43-b53d4dc73d4d",
              "parentUUID": "813104ad-4dda-4fa8-9a71-204e130a107d",
              "isHook": false,
              "skipped": false
            },
            {
              "fullTitle": "ElkModule > ElkModule - Register > should be defined",
              "title": "ElkModule > ElkModule - Register > should be defined",
              "timedOut": false,
              "duration": 1012,
              "state": "passed",
              "speed": "slow",
              "pass": true,
              "fail": false,
              "pending": false,
              "context": null,
              "code": "import { Test, TestingModule } from '@nestjs/testing';\nimport { HttpException, INestApplication } from '@nestjs/common';\nimport { ConfigModule } from '@nestjs/config';\nimport {\n  dynamicConfig,\n  fixtureUserResponse,\n  TCElasticSearchOptions,\n  tcName,\n  testContainers,\n} from '@tresdoce-nestjs-toolkit/test-utils';\nimport { Observable, of, throwError } from 'rxjs';\nimport { HttpConnection } from '@elastic/elasticsearch';\nimport { URL } from 'url';\n\nimport { ElkModule } from '../elk/elk.module';\nimport { ElkInterceptor } from '../elk/interceptors/elk.interceptor';\nimport { ElkService } from '../elk/services/elk.service';\n\nlet executionContext: any = {\n  switchToHttp: jest.fn(() => ({\n    getRequest: () => ({\n      path: '/test',\n      method: 'GET',\n      params: {},\n      query: {},\n      body: {},\n      headers: {\n        'Content-Type': 'application/json',\n        apiKey: 'abcdefg12345',\n      },\n    }),\n    getResponse: () => ({\n      getHeaders: jest.fn().mockReturnValue({\n        'Content-Type': 'application/json',\n        my_header: 'test-header',\n      }),\n      json: [fixtureUserResponse],\n    }),\n  })),\n  getType: jest.fn(() => 'http'),\n  getClass: jest.fn(() => 'testController'),\n  getHandler: jest.fn(() => 'handlerElk'),\n};\n\nlet executionContextParams: any = {\n  switchToHttp: jest.fn(() => ({\n    getRequest: () => ({\n      path: '/test',\n      method: 'GET',\n      params: { name: 'juan' },\n      query: { name: 'juan' },\n      body: { name: 'juan' },\n      headers: {\n        'Content-Type': 'application/json',\n        apiKey: 'abcdefg12345',\n      },\n    }),\n    getResponse: () => ({\n      getHeaders: jest.fn().mockReturnValue({\n        'Content-Type': 'application/json',\n        my_header: 'test-header',\n      }),\n      json: [fixtureUserResponse],\n    }),\n  })),\n  getType: jest.fn(() => 'http'),\n  getClass: jest.fn(() => 'testController'),\n  getHandler: jest.fn(() => 'handlerElk'),\n};\n\n/*const callHandler: any = {\n  handle: jest.fn(() => ({\n    pipe: jest.fn(() => ({\n      tap: jest.fn(() => ({\n        next: jest.fn(),\n        error: jest.fn(),\n      })),\n    })),\n  })),\n};*/\n\njest.setTimeout(70000);\ndescribe('ElkModule', () => {\n  let app: INestApplication;\n  let elkService: ElkService;\n  let interceptor: ElkInterceptor<any>;\n  let container: testContainers;\n\n  beforeAll(async () => {\n    //'elasticsearch:8.3.3'\n    //docker.elastic.co/elasticsearch/elasticsearch:8.3.3\n\n    container = await new testContainers('elasticsearch:8.3.3', {\n      ...TCElasticSearchOptions,\n      containerName: `${tcName}-elasticsearch-interceptor`,\n    });\n    await container.start();\n  });\n\n  afterAll(async () => {\n    await container.stop({ removeVolumes: true });\n  });\n\n  beforeEach(async () => {\n    const moduleFixture: TestingModule = await Test.createTestingModule({\n      imports: [\n        ConfigModule.forRoot({\n          isGlobal: true,\n          load: [\n            dynamicConfig({\n              elasticsearch: {\n                name: 'test-elk-index',\n                node: {\n                  url: new URL(`http://${container.getHost()}:9200`),\n                },\n                maxRetries: 10,\n                requestTimeout: 60000,\n                sniffOnStart: true,\n                Connection: HttpConnection,\n              },\n            }),\n          ],\n        }),\n        ElkModule,\n      ],\n    }).compile();\n    app = moduleFixture.createNestApplication();\n    interceptor = new ElkInterceptor(app.get<ElkService>(ElkService));\n    app.useGlobalInterceptors(interceptor);\n    elkService = moduleFixture.get<ElkService>(ElkService);\n    await app.init();\n  });\n\n  afterEach(async () => {\n    await app.close();\n  });\n\n  it('should be defined', () => {\n    expect(app).toBeDefined();\n  });\n\n  describe('ElkInterceptor', () => {\n    it('should be an ElkInterceptor instance to be defined', async () => {\n      expect(new ElkInterceptor(elkService)).toBeDefined();\n    });\n\n    it('should be create document in elasticsearch when return success string', async () => {\n      const interceptorServiceSpy = jest.spyOn(elkService, 'serializeResponseInterceptor');\n      const timeRequest = Date.now();\n\n      const callHandler: any = {\n        handle: jest.fn(() => of('this is a test')),\n      };\n\n      const obs: Observable<any> = interceptor.intercept(executionContext, callHandler);\n      expect(callHandler.handle).toBeCalledTimes(1);\n\n      obs.subscribe({\n        next: (response) => {\n          elkService.serializeResponseInterceptor(timeRequest, executionContext, response, false);\n          expect(interceptorServiceSpy).toBeCalledWith(\n            timeRequest,\n            executionContext,\n            response,\n            false,\n          );\n        },\n        error: () => {},\n      });\n    });\n\n    it('should be create document in elasticsearch when return success object', async () => {\n      const interceptorServiceSpy = jest.spyOn(elkService, 'serializeResponseInterceptor');\n      const timeRequest = Date.now();\n\n      const callHandler: any = {\n        handle: jest.fn(() => of([fixtureUserResponse])),\n      };\n\n      const obs: Observable<any> = interceptor.intercept(executionContext, callHandler);\n      expect(callHandler.handle).toBeCalledTimes(1);\n\n      obs.subscribe({\n        next: (response) => {\n          elkService.serializeResponseInterceptor(timeRequest, executionContext, response, false);\n          expect(interceptorServiceSpy).toBeCalledWith(\n            timeRequest,\n            executionContext,\n            response,\n            false,\n          );\n        },\n        error: () => {},\n      });\n    });\n\n    it('should be create document in elasticsearch when return success with parameters', async () => {\n      const interceptorServiceSpy = jest.spyOn(elkService, 'serializeResponseInterceptor');\n      const timeRequest = Date.now();\n\n      const callHandler: any = {\n        handle: jest.fn(() => of([fixtureUserResponse])),\n      };\n\n      const obs: Observable<any> = interceptor.intercept(executionContextParams, callHandler);\n      expect(callHandler.handle).toBeCalledTimes(1);\n\n      obs.subscribe({\n        next: (response) => {\n          elkService.serializeResponseInterceptor(\n            timeRequest,\n            executionContextParams,\n            response,\n            false,\n          );\n          expect(interceptorServiceSpy).toBeCalledWith(\n            timeRequest,\n            executionContextParams,\n            response,\n            false,\n          );\n        },\n        error: () => {},\n      });\n    });\n\n    it('should be create document in elasticsearch when return exception', async () => {\n      const interceptorServiceSpy = jest.spyOn(elkService, 'serializeResponseInterceptor');\n      const timeRequest = Date.now();\n\n      const error = new Error(`User #$1 not found`);\n\n      const callHandler: any = {\n        handle: jest.fn(() => throwError(error)),\n      };\n\n      const obs: Observable<any> = interceptor.intercept(executionContext, callHandler);\n      expect(callHandler.handle).toBeCalledTimes(1);\n\n      obs.subscribe({\n        next: () => {},\n        error: (error) => {\n          elkService.serializeResponseInterceptor(timeRequest, executionContext, error, true);\n          expect(interceptorServiceSpy).toBeCalledWith(timeRequest, executionContext, error, true);\n        },\n      });\n    });\n\n    it('should be create document in elasticsearch when return exception http', async () => {\n      const interceptorServiceSpy = jest.spyOn(elkService, 'serializeResponseInterceptor');\n      const timeRequest = Date.now();\n\n      const error = new HttpException('not found', 404);\n\n      const callHandler: any = {\n        handle: jest.fn(() => throwError(error)),\n      };\n\n      const obs: Observable<any> = interceptor.intercept(executionContext, callHandler);\n      expect(callHandler.handle).toBeCalledTimes(1);\n\n      obs.subscribe({\n        next: () => {},\n        error: (error) => {\n          elkService.serializeResponseInterceptor(timeRequest, executionContext, error, true);\n          expect(interceptorServiceSpy).toBeCalledWith(timeRequest, executionContext, error, true);\n        },\n      });\n    });\n  });\n\n  describe('ElkModule - Register', () => {\n    let app: INestApplication;\n    let elkService: ElkService;\n    let interceptor: ElkInterceptor<any>;\n\n    beforeEach(async () => {\n      const moduleFixture: TestingModule = await Test.createTestingModule({\n        imports: [\n          ElkModule.register({\n            name: 'test-elk-index',\n            node: {\n              url: new URL(`http://${container.getHost()}:9200`),\n            },\n            maxRetries: 10,\n            requestTimeout: 60000,\n            sniffOnStart: true,\n            Connection: HttpConnection,\n          }),\n        ],\n      }).compile();\n      app = moduleFixture.createNestApplication();\n      interceptor = new ElkInterceptor(app.get<ElkService>(ElkService));\n      app.useGlobalInterceptors(interceptor);\n      elkService = moduleFixture.get<ElkService>(ElkService);\n      await app.init();\n    });\n\n    afterEach(async () => {\n      await app.close();\n    });\n\n    it('should be defined', () => {\n      expect(app).toBeDefined();\n    });\n  });\n});\n",
              "err": {},
              "uuid": "a068abd6-2580-48bf-a9d6-1520009b80c2",
              "parentUUID": "813104ad-4dda-4fa8-9a71-204e130a107d",
              "isHook": false,
              "skipped": false
            }
          ],
          "suites": [],
          "passes": [
            "002f066e-ab02-48ad-92a5-e30c33aba744",
            "e7551314-4d5e-4318-803a-c0babec1738d",
            "9703f15e-3c54-4efa-b4c3-a7ee1f9137ba",
            "70e42284-f8af-4a16-871d-6ce16526c33c",
            "08c35e29-ec3a-465f-a916-e4416173b499",
            "202e9a40-ad9f-4cf4-b994-365e5d2327a3",
            "5710b001-a364-4517-9f43-b53d4dc73d4d",
            "a068abd6-2580-48bf-a9d6-1520009b80c2"
          ],
          "failures": [],
          "pending": [],
          "skipped": [],
          "duration": 8448,
          "root": false,
          "rootEmpty": false,
          "_timeout": 5000
        }
      ],
      "passes": [],
      "failures": [],
      "pending": [],
      "skipped": [],
      "duration": 0,
      "root": true,
      "rootEmpty": true,
      "_timeout": 5000
    }
  ]
}
