{
  "stats": {
    "suites": 1,
    "tests": 8,
    "passes": 8,
    "pending": 0,
    "failures": 0,
    "testsRegistered": 8,
    "passPercent": 100,
    "pendingPercent": 0,
    "other": 0,
    "hasOther": false,
    "skipped": 0,
    "hasSkipped": false,
    "start": "2023-05-11T02:09:52.579Z",
    "end": "2023-05-11T02:10:00.991Z",
    "duration": 8412
  },
  "results": [
    {
      "uuid": "01e6b334-ee9c-4847-853f-c42d290ca55f",
      "title": "",
      "fullFile": "",
      "file": "",
      "beforeHooks": [],
      "afterHooks": [],
      "tests": [],
      "suites": [
        {
          "uuid": "d463cb7b-8183-4dff-aad2-6c7bdaa4140f",
          "title": "@tresdoce-nestjs-toolkit/elk",
          "fullFile": "",
          "file": "",
          "beforeHooks": [],
          "afterHooks": [],
          "tests": [],
          "suites": [
            {
              "uuid": "28718fa3-57d0-47f4-86af-3760d55104a4",
              "title": "ElkModule",
              "fullFile": "/Users/maximilianodelgado/Projects/Mex/tresdoce-nestjs-toolkit/packages/elk/src/__test__/elk.module.spec.ts",
              "file": "elk.module.spec.ts",
              "beforeHooks": [],
              "afterHooks": [],
              "tests": [],
              "suites": [
                {
                  "uuid": "0f14ff59-496f-4575-b194-dc822258be97",
                  "title": "forRoot",
                  "fullFile": "/Users/maximilianodelgado/Projects/Mex/tresdoce-nestjs-toolkit/packages/elk/src/__test__/elk.module.spec.ts",
                  "file": "elk.module.spec.ts",
                  "beforeHooks": [],
                  "afterHooks": [],
                  "tests": [
                    {
                      "fullTitle": "ElkModule forRoot should be defined",
                      "title": "should be defined",
                      "timedOut": false,
                      "duration": 1336,
                      "state": "passed",
                      "speed": "slow",
                      "pass": true,
                      "fail": false,
                      "pending": false,
                      "context": null,
                      "code": "it('should be defined', () => {\n      expect(app).toBeDefined();\n    })",
                      "err": {},
                      "uuid": "95138538-c9c9-4ec4-bf94-438df7e81ae8",
                      "parentUUID": "0f14ff59-496f-4575-b194-dc822258be97",
                      "isHook": false,
                      "skipped": false
                    }
                  ],
                  "suites": [],
                  "passes": [
                    "95138538-c9c9-4ec4-bf94-438df7e81ae8"
                  ],
                  "failures": [],
                  "pending": [],
                  "skipped": [],
                  "duration": 1336,
                  "root": false,
                  "rootEmpty": false,
                  "_timeout": 5000
                },
                {
                  "uuid": "faf25585-0b16-40a3-9d33-3e17d597f278",
                  "title": "Interceptor",
                  "fullFile": "/Users/maximilianodelgado/Projects/Mex/tresdoce-nestjs-toolkit/packages/elk/src/__test__/elk.module.spec.ts",
                  "file": "elk.module.spec.ts",
                  "beforeHooks": [],
                  "afterHooks": [],
                  "tests": [
                    {
                      "fullTitle": "ElkModule Interceptor should be an ElkInterceptor instance to be defined",
                      "title": "should be an ElkInterceptor instance to be defined",
                      "timedOut": false,
                      "duration": 1012,
                      "state": "passed",
                      "speed": "slow",
                      "pass": true,
                      "fail": false,
                      "pending": false,
                      "context": null,
                      "code": "it('should be an ElkInterceptor instance to be defined', async () => {\n      expect(new ElkInterceptor(elkService)).toBeDefined();\n    })",
                      "err": {},
                      "uuid": "77971e7f-9fb1-48b0-bf01-d57f91cfdb9f",
                      "parentUUID": "faf25585-0b16-40a3-9d33-3e17d597f278",
                      "isHook": false,
                      "skipped": false
                    },
                    {
                      "fullTitle": "ElkModule Interceptor should be create document in elasticsearch when return success string",
                      "title": "should be create document in elasticsearch when return success string",
                      "timedOut": false,
                      "duration": 1015,
                      "state": "passed",
                      "speed": "slow",
                      "pass": true,
                      "fail": false,
                      "pending": false,
                      "context": null,
                      "code": "it('should be create document in elasticsearch when return success string', async () => {\n      const interceptorServiceSpy = jest.spyOn(elkService, 'serializeResponseInterceptor');\n      const timeRequest = Date.now();\n\n      const callHandler: any = {\n        handle: jest.fn(() => of('this is a test')),\n      };\n\n      const obs: Observable<any> = interceptor.intercept(executionContext, callHandler);\n      expect(callHandler.handle).toBeCalledTimes(1);\n\n      obs.subscribe({\n        next: (response) => {\n          elkService.serializeResponseInterceptor(timeRequest, executionContext, response, false);\n          expect(interceptorServiceSpy).toBeCalledWith(\n            timeRequest,\n            executionContext,\n            response,\n            false,\n          );\n        },\n        error: () => {},\n      });\n    })",
                      "err": {},
                      "uuid": "26a61620-e429-4627-b0be-a4396e376d4e",
                      "parentUUID": "faf25585-0b16-40a3-9d33-3e17d597f278",
                      "isHook": false,
                      "skipped": false
                    },
                    {
                      "fullTitle": "ElkModule Interceptor should be create document in elasticsearch when return success object",
                      "title": "should be create document in elasticsearch when return success object",
                      "timedOut": false,
                      "duration": 1011,
                      "state": "passed",
                      "speed": "slow",
                      "pass": true,
                      "fail": false,
                      "pending": false,
                      "context": null,
                      "code": "it('should be create document in elasticsearch when return success object', async () => {\n      const interceptorServiceSpy = jest.spyOn(elkService, 'serializeResponseInterceptor');\n      const timeRequest = Date.now();\n\n      const callHandler: any = {\n        handle: jest.fn(() => of([fixtureUserResponse])),\n      };\n\n      const obs: Observable<any> = interceptor.intercept(executionContext, callHandler);\n      expect(callHandler.handle).toBeCalledTimes(1);\n\n      obs.subscribe({\n        next: (response) => {\n          elkService.serializeResponseInterceptor(timeRequest, executionContext, response, false);\n          expect(interceptorServiceSpy).toBeCalledWith(\n            timeRequest,\n            executionContext,\n            response,\n            false,\n          );\n        },\n        error: () => {},\n      });\n    })",
                      "err": {},
                      "uuid": "9c812cb0-8391-4141-86b4-daa901462e4a",
                      "parentUUID": "faf25585-0b16-40a3-9d33-3e17d597f278",
                      "isHook": false,
                      "skipped": false
                    },
                    {
                      "fullTitle": "ElkModule Interceptor should be create document in elasticsearch when return success with parameters",
                      "title": "should be create document in elasticsearch when return success with parameters",
                      "timedOut": false,
                      "duration": 1012,
                      "state": "passed",
                      "speed": "slow",
                      "pass": true,
                      "fail": false,
                      "pending": false,
                      "context": null,
                      "code": "it('should be create document in elasticsearch when return success with parameters', async () => {\n      const interceptorServiceSpy = jest.spyOn(elkService, 'serializeResponseInterceptor');\n      const timeRequest = Date.now();\n\n      const callHandler: any = {\n        handle: jest.fn(() => of([fixtureUserResponse])),\n      };\n\n      const obs: Observable<any> = interceptor.intercept(executionContextParams, callHandler);\n      expect(callHandler.handle).toBeCalledTimes(1);\n\n      obs.subscribe({\n        next: (response) => {\n          elkService.serializeResponseInterceptor(\n            timeRequest,\n            executionContextParams,\n            response,\n            false,\n          );\n          expect(interceptorServiceSpy).toBeCalledWith(\n            timeRequest,\n            executionContextParams,\n            response,\n            false,\n          );\n        },\n        error: () => {},\n      });\n    })",
                      "err": {},
                      "uuid": "d7952863-5536-499d-b21b-e18771b40cd6",
                      "parentUUID": "faf25585-0b16-40a3-9d33-3e17d597f278",
                      "isHook": false,
                      "skipped": false
                    },
                    {
                      "fullTitle": "ElkModule Interceptor should be create document in elasticsearch when return exception",
                      "title": "should be create document in elasticsearch when return exception",
                      "timedOut": false,
                      "duration": 1012,
                      "state": "passed",
                      "speed": "slow",
                      "pass": true,
                      "fail": false,
                      "pending": false,
                      "context": null,
                      "code": "it('should be create document in elasticsearch when return exception', async () => {\n      const interceptorServiceSpy = jest.spyOn(elkService, 'serializeResponseInterceptor');\n      const timeRequest = Date.now();\n\n      const error = new Error(`User #$1 not found`);\n\n      const callHandler: any = {\n        handle: jest.fn(() => throwError(error)),\n      };\n\n      const obs: Observable<any> = interceptor.intercept(executionContext, callHandler);\n      expect(callHandler.handle).toBeCalledTimes(1);\n\n      obs.subscribe({\n        next: () => {},\n        error: (error) => {\n          elkService.serializeResponseInterceptor(timeRequest, executionContext, error, true);\n          expect(interceptorServiceSpy).toBeCalledWith(timeRequest, executionContext, error, true);\n        },\n      });\n    })",
                      "err": {},
                      "uuid": "de3d55db-6beb-4bc2-b0ce-ec42acf00ec8",
                      "parentUUID": "faf25585-0b16-40a3-9d33-3e17d597f278",
                      "isHook": false,
                      "skipped": false
                    },
                    {
                      "fullTitle": "ElkModule Interceptor should be create document in elasticsearch when return exception http",
                      "title": "should be create document in elasticsearch when return exception http",
                      "timedOut": false,
                      "duration": 1009,
                      "state": "passed",
                      "speed": "slow",
                      "pass": true,
                      "fail": false,
                      "pending": false,
                      "context": null,
                      "code": "it('should be create document in elasticsearch when return exception http', async () => {\n      const interceptorServiceSpy = jest.spyOn(elkService, 'serializeResponseInterceptor');\n      const timeRequest = Date.now();\n\n      const error = new HttpException('not found', 404);\n\n      const callHandler: any = {\n        handle: jest.fn(() => throwError(error)),\n      };\n\n      const obs: Observable<any> = interceptor.intercept(executionContext, callHandler);\n      expect(callHandler.handle).toBeCalledTimes(1);\n\n      obs.subscribe({\n        next: () => {},\n        error: (error) => {\n          elkService.serializeResponseInterceptor(timeRequest, executionContext, error, true);\n          expect(interceptorServiceSpy).toBeCalledWith(timeRequest, executionContext, error, true);\n        },\n      });\n    })",
                      "err": {},
                      "uuid": "c241fc1d-aaf6-4f04-a81f-64f97fd2d035",
                      "parentUUID": "faf25585-0b16-40a3-9d33-3e17d597f278",
                      "isHook": false,
                      "skipped": false
                    }
                  ],
                  "suites": [],
                  "passes": [
                    "77971e7f-9fb1-48b0-bf01-d57f91cfdb9f",
                    "26a61620-e429-4627-b0be-a4396e376d4e",
                    "9c812cb0-8391-4141-86b4-daa901462e4a",
                    "d7952863-5536-499d-b21b-e18771b40cd6",
                    "de3d55db-6beb-4bc2-b0ce-ec42acf00ec8",
                    "c241fc1d-aaf6-4f04-a81f-64f97fd2d035"
                  ],
                  "failures": [],
                  "pending": [],
                  "skipped": [],
                  "duration": 6071,
                  "root": false,
                  "rootEmpty": false,
                  "_timeout": 5000
                },
                {
                  "uuid": "b6f199dd-a73b-4717-8b15-274f74346bc3",
                  "title": "Register",
                  "fullFile": "/Users/maximilianodelgado/Projects/Mex/tresdoce-nestjs-toolkit/packages/elk/src/__test__/elk.module.spec.ts",
                  "file": "elk.module.spec.ts",
                  "beforeHooks": [],
                  "afterHooks": [],
                  "tests": [
                    {
                      "fullTitle": "ElkModule Register should be defined",
                      "title": "should be defined",
                      "timedOut": false,
                      "duration": 1005,
                      "state": "passed",
                      "speed": "slow",
                      "pass": true,
                      "fail": false,
                      "pending": false,
                      "context": null,
                      "code": "it('should be defined', () => {\n      expect(app).toBeDefined();\n    })",
                      "err": {},
                      "uuid": "af96b9bc-c141-4aaf-a9d6-9c52320a80f3",
                      "parentUUID": "b6f199dd-a73b-4717-8b15-274f74346bc3",
                      "isHook": false,
                      "skipped": false
                    }
                  ],
                  "suites": [],
                  "passes": [
                    "af96b9bc-c141-4aaf-a9d6-9c52320a80f3"
                  ],
                  "failures": [],
                  "pending": [],
                  "skipped": [],
                  "duration": 1005,
                  "root": false,
                  "rootEmpty": false,
                  "_timeout": 5000
                }
              ],
              "passes": [],
              "failures": [],
              "pending": [],
              "skipped": [],
              "duration": 0,
              "root": false,
              "rootEmpty": false,
              "_timeout": 5000
            }
          ],
          "passes": [],
          "failures": [],
          "pending": [],
          "skipped": [],
          "duration": 0,
          "root": false,
          "rootEmpty": false,
          "_timeout": 5000
        }
      ],
      "passes": [],
      "failures": [],
      "pending": [],
      "skipped": [],
      "duration": 0,
      "root": true,
      "rootEmpty": true,
      "_timeout": 5000
    }
  ]
}