{
  "stats": {
    "suites": 1,
    "tests": 8,
    "passes": 8,
    "pending": 0,
    "failures": 0,
    "testsRegistered": 8,
    "passPercent": 100,
    "pendingPercent": 0,
    "other": 0,
    "hasOther": false,
    "skipped": 0,
    "hasSkipped": false,
    "start": "2023-05-01T23:12:47.726Z",
    "end": "2023-05-01T23:12:56.145Z",
    "duration": 8419
  },
  "results": [
    {
      "uuid": "ec76a59f-c13d-42dc-a802-1fa68ee34653",
      "title": "@tresdoce-nestjs-toolkit/elk",
      "fullFile": "",
      "file": "",
      "beforeHooks": [],
      "afterHooks": [],
      "tests": [],
      "suites": [
        {
          "uuid": "4e6a3001-461c-4023-add0-6591aed829c4",
          "title": "@tresdoce-nestjs-toolkit/elk",
          "fullFile": "",
          "file": "",
          "beforeHooks": [],
          "afterHooks": [],
          "tests": [
            {
              "title": "should be defined",
              "fullTitle": "ElkModule > should be defined",
              "timedOut": false,
              "duration": 1329,
              "state": "passed",
              "speed": null,
              "pass": true,
              "fail": false,
              "pending": false,
              "context": null,
              "code": "",
              "err": {},
              "uuid": "795eb383-92ce-46a0-998c-b57cbc11f158",
              "parentUUID": "4e6a3001-461c-4023-add0-6591aed829c4",
              "isHook": false,
              "skipped": false
            },
            {
              "title": "should be an ElkInterceptor instance to be defined",
              "fullTitle": "ElkModule > should be an ElkInterceptor instance to be defined",
              "timedOut": false,
              "duration": 1010,
              "state": "passed",
              "speed": null,
              "pass": true,
              "fail": false,
              "pending": false,
              "context": null,
              "code": "",
              "err": {},
              "uuid": "688288c4-baeb-426d-a34c-9c9a4317eff1",
              "parentUUID": "4e6a3001-461c-4023-add0-6591aed829c4",
              "isHook": false,
              "skipped": false
            },
            {
              "title": "should be create document in elasticsearch when return success string",
              "fullTitle": "ElkModule > should be create document in elasticsearch when return success string",
              "timedOut": false,
              "duration": 1013,
              "state": "passed",
              "speed": null,
              "pass": true,
              "fail": false,
              "pending": false,
              "context": null,
              "code": "",
              "err": {},
              "uuid": "75b5c48d-29ec-4626-baee-ef8efa5bb72b",
              "parentUUID": "4e6a3001-461c-4023-add0-6591aed829c4",
              "isHook": false,
              "skipped": false
            },
            {
              "title": "should be create document in elasticsearch when return success object",
              "fullTitle": "ElkModule > should be create document in elasticsearch when return success object",
              "timedOut": false,
              "duration": 1012,
              "state": "passed",
              "speed": null,
              "pass": true,
              "fail": false,
              "pending": false,
              "context": null,
              "code": "",
              "err": {},
              "uuid": "c056f838-3b09-4fcb-afb5-06c7198a3dbb",
              "parentUUID": "4e6a3001-461c-4023-add0-6591aed829c4",
              "isHook": false,
              "skipped": false
            },
            {
              "title": "should be create document in elasticsearch when return success with parameters",
              "fullTitle": "ElkModule > should be create document in elasticsearch when return success with parameters",
              "timedOut": false,
              "duration": 1018,
              "state": "passed",
              "speed": null,
              "pass": true,
              "fail": false,
              "pending": false,
              "context": null,
              "code": "",
              "err": {},
              "uuid": "31c29671-e067-476e-98e1-30d742877672",
              "parentUUID": "4e6a3001-461c-4023-add0-6591aed829c4",
              "isHook": false,
              "skipped": false
            },
            {
              "title": "should be create document in elasticsearch when return exception",
              "fullTitle": "ElkModule > should be create document in elasticsearch when return exception",
              "timedOut": false,
              "duration": 1013,
              "state": "passed",
              "speed": null,
              "pass": true,
              "fail": false,
              "pending": false,
              "context": null,
              "code": "",
              "err": {},
              "uuid": "f8ab573b-2074-4003-9d74-c647835c469d",
              "parentUUID": "4e6a3001-461c-4023-add0-6591aed829c4",
              "isHook": false,
              "skipped": false
            },
            {
              "title": "should be create document in elasticsearch when return exception http",
              "fullTitle": "ElkModule > should be create document in elasticsearch when return exception http",
              "timedOut": false,
              "duration": 1009,
              "state": "passed",
              "speed": null,
              "pass": true,
              "fail": false,
              "pending": false,
              "context": null,
              "code": "",
              "err": {},
              "uuid": "eb48b012-a714-4181-8ee7-bd932b655132",
              "parentUUID": "4e6a3001-461c-4023-add0-6591aed829c4",
              "isHook": false,
              "skipped": false
            },
            {
              "title": "should be defined",
              "fullTitle": "ElkModule > should be defined",
              "timedOut": false,
              "duration": 1015,
              "state": "passed",
              "speed": null,
              "pass": true,
              "fail": false,
              "pending": false,
              "context": null,
              "code": "",
              "err": {},
              "uuid": "c38b09e3-9277-4fc9-8268-b67da1207cb1",
              "parentUUID": "4e6a3001-461c-4023-add0-6591aed829c4",
              "isHook": false,
              "skipped": false
            }
          ],
          "suites": [],
          "passes": [
            "795eb383-92ce-46a0-998c-b57cbc11f158",
            "688288c4-baeb-426d-a34c-9c9a4317eff1",
            "75b5c48d-29ec-4626-baee-ef8efa5bb72b",
            "c056f838-3b09-4fcb-afb5-06c7198a3dbb",
            "31c29671-e067-476e-98e1-30d742877672",
            "f8ab573b-2074-4003-9d74-c647835c469d",
            "eb48b012-a714-4181-8ee7-bd932b655132",
            "c38b09e3-9277-4fc9-8268-b67da1207cb1"
          ],
          "failures": [],
          "pending": [],
          "skipped": [],
          "duration": 8419,
          "root": false,
          "rootEmpty": false,
          "_timeout": 5000
        }
      ],
      "passes": [],
      "failures": [],
      "pending": [],
      "skipped": [],
      "duration": 0,
      "root": true,
      "rootEmpty": true,
      "_timeout": 5000
    }
  ]
}
