{
  "stats": {
    "suites": 2,
    "tests": 14,
    "passes": 14,
    "pending": 0,
    "failures": 0,
    "testsRegistered": 14,
    "passPercent": 100,
    "pendingPercent": 0,
    "other": 0,
    "hasOther": false,
    "skipped": 0,
    "hasSkipped": false,
    "start": "2023-05-02T02:23:58.848Z",
    "end": "2023-05-02T02:23:58.859Z",
    "duration": 11
  },
  "results": [
    {
      "uuid": "d61dd462-bf82-4faf-859d-d40c8f029277",
      "title": "@tresdoce-nestjs-toolkit/filters",
      "fullFile": "",
      "file": "",
      "beforeHooks": [],
      "afterHooks": [],
      "tests": [],
      "suites": [
        {
          "uuid": "11323732-7ad2-422d-baf0-43ce8c8833ae",
          "title": "@tresdoce-nestjs-toolkit/filters",
          "fullFile": "",
          "file": "",
          "beforeHooks": [],
          "afterHooks": [],
          "tests": [
            {
              "title": "filters > code exception > should map a regular code exception",
              "fullTitle": "should map a regular code exception",
              "timedOut": false,
              "duration": 2,
              "state": "passed",
              "speed": null,
              "pass": true,
              "fail": false,
              "pending": false,
              "context": null,
              "code": "import { BadRequestException, ForbiddenException, HttpException, HttpStatus } from '@nestjs/common';\nimport { config } from '@tresdoce-nestjs-toolkit/test-utils';\nimport { ExceptionsFilter, PROBLEM_CONTENT_TYPE, IErrorDetail, IProblemDetail } from '../';\n\nconst mockJson = jest.fn();\n\nconst mockStatus = jest.fn().mockImplementation(() => ({\n  json: mockJson,\n}));\n\nconst mockType = jest.fn().mockImplementation(() => ({\n  status: mockStatus,\n}));\n\nconst mockGetResponse = jest.fn().mockImplementation(() => ({\n  type: mockType,\n}));\n\nconst mockUrl = jest.fn().mockImplementation(() => ({\n  url: mockJson,\n}));\n\nconst mockGetRequest = jest.fn().mockImplementation(() => ({\n  type: mockUrl,\n}));\n\nconst mockHttpArgumentsHost = jest.fn().mockImplementation(() => ({\n  getResponse: mockGetResponse,\n  getRequest: mockGetRequest,\n}));\n\nconst mockArgumentsHost = {\n  switchToHttp: mockHttpArgumentsHost,\n  getArgByIndex: jest.fn(),\n  getArgs: jest.fn(),\n  getType: jest.fn(),\n  switchToRpc: jest.fn(),\n  switchToWs: jest.fn(),\n};\n\ndescribe('filters', () => {\n  describe('code exception', () => {\n    const appConfig = config();\n    const filter = new ExceptionsFilter(appConfig);\n    it('should map a regular code exception', () => {\n      const status = HttpStatus.INTERNAL_SERVER_ERROR;\n      const expectation: IProblemDetail = {\n        message: HttpStatus[status],\n        status,\n        code: HttpStatus[status],\n      };\n      try {\n        const linea: any = undefined;\n        linea.split('');\n      } catch (error) {\n        filter.catch(error, mockArgumentsHost);\n        assertResponse(status, expectation);\n      }\n    });\n  });\n\n  describe('default Http exceptions', () => {\n    const appConfig = config();\n    const filter = new ExceptionsFilter(appConfig);\n    it('should map default exception when thrown with not parameters', () => {\n      const status = HttpStatus.BAD_REQUEST;\n      const expectation: IProblemDetail = {\n        message: HttpStatus[status],\n        status,\n        code: HttpStatus[status],\n      };\n\n      filter.catch(new BadRequestException(), mockArgumentsHost);\n\n      assertResponse(status, expectation);\n    });\n\n    it('should map default exception when thrown with error details', () => {\n      const status = HttpStatus.FORBIDDEN;\n      const message = 'not pass!';\n\n      const expectation: IProblemDetail = {\n        message,\n        status,\n        code: HttpStatus[status],\n        detail: HttpStatus[status],\n      };\n      filter.catch(new ForbiddenException(message), mockArgumentsHost);\n\n      assertResponse(status, expectation);\n    });\n\n    it('should map default exception when thrown with error details and description', () => {\n      const status = HttpStatus.FORBIDDEN;\n      const message = 'passing?';\n      const details = 'not pass!';\n\n      const expectation: IProblemDetail = {\n        message,\n        detail: details,\n        status,\n        code: HttpStatus[status],\n      };\n      filter.catch(new ForbiddenException(message, details), mockArgumentsHost);\n\n      assertResponse(status, expectation);\n    });\n\n    describe('the generic HttpException', () => {\n      it('should map HttpException response when called with a string', () => {\n        const status = HttpStatus.SEE_OTHER;\n        const message = 'Not passing';\n\n        const expectation: IProblemDetail = {\n          message,\n          status,\n          code: HttpStatus[status],\n        };\n\n        filter.catch(new HttpException(message, status), mockArgumentsHost);\n\n        assertResponse(status, expectation);\n      });\n\n      it('should map HttpException response when called with an object', () => {\n        const status = HttpStatus.SEE_OTHER;\n        const errorObject: IErrorDetail = {\n          message: 'some message',\n        };\n\n        const expectation: IProblemDetail = {\n          message: errorObject.message,\n          status,\n          code: HttpStatus[status],\n        };\n\n        filter.catch(new HttpException(errorObject, status), mockArgumentsHost);\n\n        assertResponse(status, expectation);\n      });\n\n      it('should map HttpException response when called with an object with empty message', () => {\n        const status = HttpStatus.SEE_OTHER;\n        const errorObject: IErrorDetail = {\n          message: '',\n        };\n\n        const expectation: IProblemDetail = {\n          message: errorObject.message,\n          status,\n          code: HttpStatus[status],\n        };\n\n        filter.catch(new HttpException(errorObject, status), mockArgumentsHost);\n\n        assertResponse(status, expectation);\n      });\n\n      it('should map HttpException response when called with an array', () => {\n        const status = HttpStatus.SEE_OTHER;\n        const errorObject = {\n          message: ['some message', 'some message 2'],\n          error: 'Bad Request',\n        };\n\n        const expectation: IProblemDetail = {\n          message: errorObject.error,\n          detail: [{ message: errorObject.message[0] }, { message: errorObject.message[1] }],\n          status,\n          code: HttpStatus[status],\n        };\n\n        filter.catch(new HttpException(errorObject, status), mockArgumentsHost);\n        assertResponse(status, expectation);\n      });\n    });\n\n    it('should map HttpException response when called with an object', () => {\n      const errorObject: IErrorDetail = {\n        message: 'some message',\n        error: {\n          instance: 'instance',\n          type: 'some-problem-detail',\n        },\n      };\n\n      const status = HttpStatus.BAD_REQUEST;\n      const expectation: IProblemDetail = {\n        message: errorObject.message,\n        detail: errorObject.error,\n        status,\n        instance: errorObject.error.instance,\n        code: HttpStatus[status],\n      };\n\n      filter.catch(new HttpException(errorObject, status), mockArgumentsHost);\n\n      assertResponse(status, expectation);\n    });\n  });\n\n  describe('when used outside a module', () => {\n    const appConfig = config();\n    const filter = new ExceptionsFilter(appConfig);\n    it('should map default exception when thrown with not parameters', () => {\n      const status = HttpStatus.BAD_REQUEST;\n      const expectation: IProblemDetail = {\n        message: HttpStatus[status],\n        status,\n        code: HttpStatus[status],\n      };\n\n      filter.catch(new BadRequestException(), mockArgumentsHost);\n\n      assertResponse(status, expectation);\n    });\n  });\n\n  describe('configuration is defined with values', () => {\n    const appConfig = config();\n    const filter = new ExceptionsFilter(appConfig);\n\n    it('should be return application info', async () => {\n      expect(appConfig.project.apiPrefix).toEqual('API-TEST');\n    });\n\n    const status = HttpStatus.BAD_REQUEST;\n    const expectation: IProblemDetail = {\n      message: HttpStatus[status],\n      status,\n      code: HttpStatus[status],\n    };\n\n    filter.catch(new BadRequestException(), mockArgumentsHost);\n\n    assertResponse(status, expectation);\n  });\n\n  describe('configuration is undefined', () => {\n    const appConfig = undefined;\n    const filter = new ExceptionsFilter(appConfig);\n    const status = HttpStatus.BAD_REQUEST;\n    const expectation: IProblemDetail = {\n      message: HttpStatus[status],\n      status,\n      code: HttpStatus[status],\n    };\n\n    filter.catch(new BadRequestException(), mockArgumentsHost);\n    assertResponse(status, expectation);\n  });\n});\n\nfunction assertResponse(expectedStatus: number, expectedJson: IProblemDetail) {\n  expect(mockType).toHaveBeenCalledWith(PROBLEM_CONTENT_TYPE);\n  expect(mockStatus).toHaveBeenCalledWith(expectedStatus);\n}\n",
              "err": {},
              "uuid": "2c13e2f6-9cf8-42d1-a4ce-07e29aa49f82",
              "parentUUID": "11323732-7ad2-422d-baf0-43ce8c8833ae",
              "isHook": false,
              "skipped": false
            },
            {
              "title": "filters > code exception > should map default exception when thrown with not parameters",
              "fullTitle": "should map default exception when thrown with not parameters",
              "timedOut": false,
              "duration": 0,
              "state": "passed",
              "speed": null,
              "pass": true,
              "fail": false,
              "pending": false,
              "context": null,
              "code": "import { BadRequestException, ForbiddenException, HttpException, HttpStatus } from '@nestjs/common';\nimport { config } from '@tresdoce-nestjs-toolkit/test-utils';\nimport { ExceptionsFilter, PROBLEM_CONTENT_TYPE, IErrorDetail, IProblemDetail } from '../';\n\nconst mockJson = jest.fn();\n\nconst mockStatus = jest.fn().mockImplementation(() => ({\n  json: mockJson,\n}));\n\nconst mockType = jest.fn().mockImplementation(() => ({\n  status: mockStatus,\n}));\n\nconst mockGetResponse = jest.fn().mockImplementation(() => ({\n  type: mockType,\n}));\n\nconst mockUrl = jest.fn().mockImplementation(() => ({\n  url: mockJson,\n}));\n\nconst mockGetRequest = jest.fn().mockImplementation(() => ({\n  type: mockUrl,\n}));\n\nconst mockHttpArgumentsHost = jest.fn().mockImplementation(() => ({\n  getResponse: mockGetResponse,\n  getRequest: mockGetRequest,\n}));\n\nconst mockArgumentsHost = {\n  switchToHttp: mockHttpArgumentsHost,\n  getArgByIndex: jest.fn(),\n  getArgs: jest.fn(),\n  getType: jest.fn(),\n  switchToRpc: jest.fn(),\n  switchToWs: jest.fn(),\n};\n\ndescribe('filters', () => {\n  describe('code exception', () => {\n    const appConfig = config();\n    const filter = new ExceptionsFilter(appConfig);\n    it('should map a regular code exception', () => {\n      const status = HttpStatus.INTERNAL_SERVER_ERROR;\n      const expectation: IProblemDetail = {\n        message: HttpStatus[status],\n        status,\n        code: HttpStatus[status],\n      };\n      try {\n        const linea: any = undefined;\n        linea.split('');\n      } catch (error) {\n        filter.catch(error, mockArgumentsHost);\n        assertResponse(status, expectation);\n      }\n    });\n  });\n\n  describe('default Http exceptions', () => {\n    const appConfig = config();\n    const filter = new ExceptionsFilter(appConfig);\n    it('should map default exception when thrown with not parameters', () => {\n      const status = HttpStatus.BAD_REQUEST;\n      const expectation: IProblemDetail = {\n        message: HttpStatus[status],\n        status,\n        code: HttpStatus[status],\n      };\n\n      filter.catch(new BadRequestException(), mockArgumentsHost);\n\n      assertResponse(status, expectation);\n    });\n\n    it('should map default exception when thrown with error details', () => {\n      const status = HttpStatus.FORBIDDEN;\n      const message = 'not pass!';\n\n      const expectation: IProblemDetail = {\n        message,\n        status,\n        code: HttpStatus[status],\n        detail: HttpStatus[status],\n      };\n      filter.catch(new ForbiddenException(message), mockArgumentsHost);\n\n      assertResponse(status, expectation);\n    });\n\n    it('should map default exception when thrown with error details and description', () => {\n      const status = HttpStatus.FORBIDDEN;\n      const message = 'passing?';\n      const details = 'not pass!';\n\n      const expectation: IProblemDetail = {\n        message,\n        detail: details,\n        status,\n        code: HttpStatus[status],\n      };\n      filter.catch(new ForbiddenException(message, details), mockArgumentsHost);\n\n      assertResponse(status, expectation);\n    });\n\n    describe('the generic HttpException', () => {\n      it('should map HttpException response when called with a string', () => {\n        const status = HttpStatus.SEE_OTHER;\n        const message = 'Not passing';\n\n        const expectation: IProblemDetail = {\n          message,\n          status,\n          code: HttpStatus[status],\n        };\n\n        filter.catch(new HttpException(message, status), mockArgumentsHost);\n\n        assertResponse(status, expectation);\n      });\n\n      it('should map HttpException response when called with an object', () => {\n        const status = HttpStatus.SEE_OTHER;\n        const errorObject: IErrorDetail = {\n          message: 'some message',\n        };\n\n        const expectation: IProblemDetail = {\n          message: errorObject.message,\n          status,\n          code: HttpStatus[status],\n        };\n\n        filter.catch(new HttpException(errorObject, status), mockArgumentsHost);\n\n        assertResponse(status, expectation);\n      });\n\n      it('should map HttpException response when called with an object with empty message', () => {\n        const status = HttpStatus.SEE_OTHER;\n        const errorObject: IErrorDetail = {\n          message: '',\n        };\n\n        const expectation: IProblemDetail = {\n          message: errorObject.message,\n          status,\n          code: HttpStatus[status],\n        };\n\n        filter.catch(new HttpException(errorObject, status), mockArgumentsHost);\n\n        assertResponse(status, expectation);\n      });\n\n      it('should map HttpException response when called with an array', () => {\n        const status = HttpStatus.SEE_OTHER;\n        const errorObject = {\n          message: ['some message', 'some message 2'],\n          error: 'Bad Request',\n        };\n\n        const expectation: IProblemDetail = {\n          message: errorObject.error,\n          detail: [{ message: errorObject.message[0] }, { message: errorObject.message[1] }],\n          status,\n          code: HttpStatus[status],\n        };\n\n        filter.catch(new HttpException(errorObject, status), mockArgumentsHost);\n        assertResponse(status, expectation);\n      });\n    });\n\n    it('should map HttpException response when called with an object', () => {\n      const errorObject: IErrorDetail = {\n        message: 'some message',\n        error: {\n          instance: 'instance',\n          type: 'some-problem-detail',\n        },\n      };\n\n      const status = HttpStatus.BAD_REQUEST;\n      const expectation: IProblemDetail = {\n        message: errorObject.message,\n        detail: errorObject.error,\n        status,\n        instance: errorObject.error.instance,\n        code: HttpStatus[status],\n      };\n\n      filter.catch(new HttpException(errorObject, status), mockArgumentsHost);\n\n      assertResponse(status, expectation);\n    });\n  });\n\n  describe('when used outside a module', () => {\n    const appConfig = config();\n    const filter = new ExceptionsFilter(appConfig);\n    it('should map default exception when thrown with not parameters', () => {\n      const status = HttpStatus.BAD_REQUEST;\n      const expectation: IProblemDetail = {\n        message: HttpStatus[status],\n        status,\n        code: HttpStatus[status],\n      };\n\n      filter.catch(new BadRequestException(), mockArgumentsHost);\n\n      assertResponse(status, expectation);\n    });\n  });\n\n  describe('configuration is defined with values', () => {\n    const appConfig = config();\n    const filter = new ExceptionsFilter(appConfig);\n\n    it('should be return application info', async () => {\n      expect(appConfig.project.apiPrefix).toEqual('API-TEST');\n    });\n\n    const status = HttpStatus.BAD_REQUEST;\n    const expectation: IProblemDetail = {\n      message: HttpStatus[status],\n      status,\n      code: HttpStatus[status],\n    };\n\n    filter.catch(new BadRequestException(), mockArgumentsHost);\n\n    assertResponse(status, expectation);\n  });\n\n  describe('configuration is undefined', () => {\n    const appConfig = undefined;\n    const filter = new ExceptionsFilter(appConfig);\n    const status = HttpStatus.BAD_REQUEST;\n    const expectation: IProblemDetail = {\n      message: HttpStatus[status],\n      status,\n      code: HttpStatus[status],\n    };\n\n    filter.catch(new BadRequestException(), mockArgumentsHost);\n    assertResponse(status, expectation);\n  });\n});\n\nfunction assertResponse(expectedStatus: number, expectedJson: IProblemDetail) {\n  expect(mockType).toHaveBeenCalledWith(PROBLEM_CONTENT_TYPE);\n  expect(mockStatus).toHaveBeenCalledWith(expectedStatus);\n}\n",
              "err": {},
              "uuid": "63f34ddb-d7ab-43b2-b1a4-6fac94702efd",
              "parentUUID": "11323732-7ad2-422d-baf0-43ce8c8833ae",
              "isHook": false,
              "skipped": false
            },
            {
              "title": "filters > code exception > should map default exception when thrown with error details",
              "fullTitle": "should map default exception when thrown with error details",
              "timedOut": false,
              "duration": 1,
              "state": "passed",
              "speed": null,
              "pass": true,
              "fail": false,
              "pending": false,
              "context": null,
              "code": "import { BadRequestException, ForbiddenException, HttpException, HttpStatus } from '@nestjs/common';\nimport { config } from '@tresdoce-nestjs-toolkit/test-utils';\nimport { ExceptionsFilter, PROBLEM_CONTENT_TYPE, IErrorDetail, IProblemDetail } from '../';\n\nconst mockJson = jest.fn();\n\nconst mockStatus = jest.fn().mockImplementation(() => ({\n  json: mockJson,\n}));\n\nconst mockType = jest.fn().mockImplementation(() => ({\n  status: mockStatus,\n}));\n\nconst mockGetResponse = jest.fn().mockImplementation(() => ({\n  type: mockType,\n}));\n\nconst mockUrl = jest.fn().mockImplementation(() => ({\n  url: mockJson,\n}));\n\nconst mockGetRequest = jest.fn().mockImplementation(() => ({\n  type: mockUrl,\n}));\n\nconst mockHttpArgumentsHost = jest.fn().mockImplementation(() => ({\n  getResponse: mockGetResponse,\n  getRequest: mockGetRequest,\n}));\n\nconst mockArgumentsHost = {\n  switchToHttp: mockHttpArgumentsHost,\n  getArgByIndex: jest.fn(),\n  getArgs: jest.fn(),\n  getType: jest.fn(),\n  switchToRpc: jest.fn(),\n  switchToWs: jest.fn(),\n};\n\ndescribe('filters', () => {\n  describe('code exception', () => {\n    const appConfig = config();\n    const filter = new ExceptionsFilter(appConfig);\n    it('should map a regular code exception', () => {\n      const status = HttpStatus.INTERNAL_SERVER_ERROR;\n      const expectation: IProblemDetail = {\n        message: HttpStatus[status],\n        status,\n        code: HttpStatus[status],\n      };\n      try {\n        const linea: any = undefined;\n        linea.split('');\n      } catch (error) {\n        filter.catch(error, mockArgumentsHost);\n        assertResponse(status, expectation);\n      }\n    });\n  });\n\n  describe('default Http exceptions', () => {\n    const appConfig = config();\n    const filter = new ExceptionsFilter(appConfig);\n    it('should map default exception when thrown with not parameters', () => {\n      const status = HttpStatus.BAD_REQUEST;\n      const expectation: IProblemDetail = {\n        message: HttpStatus[status],\n        status,\n        code: HttpStatus[status],\n      };\n\n      filter.catch(new BadRequestException(), mockArgumentsHost);\n\n      assertResponse(status, expectation);\n    });\n\n    it('should map default exception when thrown with error details', () => {\n      const status = HttpStatus.FORBIDDEN;\n      const message = 'not pass!';\n\n      const expectation: IProblemDetail = {\n        message,\n        status,\n        code: HttpStatus[status],\n        detail: HttpStatus[status],\n      };\n      filter.catch(new ForbiddenException(message), mockArgumentsHost);\n\n      assertResponse(status, expectation);\n    });\n\n    it('should map default exception when thrown with error details and description', () => {\n      const status = HttpStatus.FORBIDDEN;\n      const message = 'passing?';\n      const details = 'not pass!';\n\n      const expectation: IProblemDetail = {\n        message,\n        detail: details,\n        status,\n        code: HttpStatus[status],\n      };\n      filter.catch(new ForbiddenException(message, details), mockArgumentsHost);\n\n      assertResponse(status, expectation);\n    });\n\n    describe('the generic HttpException', () => {\n      it('should map HttpException response when called with a string', () => {\n        const status = HttpStatus.SEE_OTHER;\n        const message = 'Not passing';\n\n        const expectation: IProblemDetail = {\n          message,\n          status,\n          code: HttpStatus[status],\n        };\n\n        filter.catch(new HttpException(message, status), mockArgumentsHost);\n\n        assertResponse(status, expectation);\n      });\n\n      it('should map HttpException response when called with an object', () => {\n        const status = HttpStatus.SEE_OTHER;\n        const errorObject: IErrorDetail = {\n          message: 'some message',\n        };\n\n        const expectation: IProblemDetail = {\n          message: errorObject.message,\n          status,\n          code: HttpStatus[status],\n        };\n\n        filter.catch(new HttpException(errorObject, status), mockArgumentsHost);\n\n        assertResponse(status, expectation);\n      });\n\n      it('should map HttpException response when called with an object with empty message', () => {\n        const status = HttpStatus.SEE_OTHER;\n        const errorObject: IErrorDetail = {\n          message: '',\n        };\n\n        const expectation: IProblemDetail = {\n          message: errorObject.message,\n          status,\n          code: HttpStatus[status],\n        };\n\n        filter.catch(new HttpException(errorObject, status), mockArgumentsHost);\n\n        assertResponse(status, expectation);\n      });\n\n      it('should map HttpException response when called with an array', () => {\n        const status = HttpStatus.SEE_OTHER;\n        const errorObject = {\n          message: ['some message', 'some message 2'],\n          error: 'Bad Request',\n        };\n\n        const expectation: IProblemDetail = {\n          message: errorObject.error,\n          detail: [{ message: errorObject.message[0] }, { message: errorObject.message[1] }],\n          status,\n          code: HttpStatus[status],\n        };\n\n        filter.catch(new HttpException(errorObject, status), mockArgumentsHost);\n        assertResponse(status, expectation);\n      });\n    });\n\n    it('should map HttpException response when called with an object', () => {\n      const errorObject: IErrorDetail = {\n        message: 'some message',\n        error: {\n          instance: 'instance',\n          type: 'some-problem-detail',\n        },\n      };\n\n      const status = HttpStatus.BAD_REQUEST;\n      const expectation: IProblemDetail = {\n        message: errorObject.message,\n        detail: errorObject.error,\n        status,\n        instance: errorObject.error.instance,\n        code: HttpStatus[status],\n      };\n\n      filter.catch(new HttpException(errorObject, status), mockArgumentsHost);\n\n      assertResponse(status, expectation);\n    });\n  });\n\n  describe('when used outside a module', () => {\n    const appConfig = config();\n    const filter = new ExceptionsFilter(appConfig);\n    it('should map default exception when thrown with not parameters', () => {\n      const status = HttpStatus.BAD_REQUEST;\n      const expectation: IProblemDetail = {\n        message: HttpStatus[status],\n        status,\n        code: HttpStatus[status],\n      };\n\n      filter.catch(new BadRequestException(), mockArgumentsHost);\n\n      assertResponse(status, expectation);\n    });\n  });\n\n  describe('configuration is defined with values', () => {\n    const appConfig = config();\n    const filter = new ExceptionsFilter(appConfig);\n\n    it('should be return application info', async () => {\n      expect(appConfig.project.apiPrefix).toEqual('API-TEST');\n    });\n\n    const status = HttpStatus.BAD_REQUEST;\n    const expectation: IProblemDetail = {\n      message: HttpStatus[status],\n      status,\n      code: HttpStatus[status],\n    };\n\n    filter.catch(new BadRequestException(), mockArgumentsHost);\n\n    assertResponse(status, expectation);\n  });\n\n  describe('configuration is undefined', () => {\n    const appConfig = undefined;\n    const filter = new ExceptionsFilter(appConfig);\n    const status = HttpStatus.BAD_REQUEST;\n    const expectation: IProblemDetail = {\n      message: HttpStatus[status],\n      status,\n      code: HttpStatus[status],\n    };\n\n    filter.catch(new BadRequestException(), mockArgumentsHost);\n    assertResponse(status, expectation);\n  });\n});\n\nfunction assertResponse(expectedStatus: number, expectedJson: IProblemDetail) {\n  expect(mockType).toHaveBeenCalledWith(PROBLEM_CONTENT_TYPE);\n  expect(mockStatus).toHaveBeenCalledWith(expectedStatus);\n}\n",
              "err": {},
              "uuid": "98924d49-44a4-4c28-be71-5585709eebfb",
              "parentUUID": "11323732-7ad2-422d-baf0-43ce8c8833ae",
              "isHook": false,
              "skipped": false
            },
            {
              "title": "filters > code exception > should map default exception when thrown with error details and description",
              "fullTitle": "should map default exception when thrown with error details and description",
              "timedOut": false,
              "duration": 1,
              "state": "passed",
              "speed": null,
              "pass": true,
              "fail": false,
              "pending": false,
              "context": null,
              "code": "import { BadRequestException, ForbiddenException, HttpException, HttpStatus } from '@nestjs/common';\nimport { config } from '@tresdoce-nestjs-toolkit/test-utils';\nimport { ExceptionsFilter, PROBLEM_CONTENT_TYPE, IErrorDetail, IProblemDetail } from '../';\n\nconst mockJson = jest.fn();\n\nconst mockStatus = jest.fn().mockImplementation(() => ({\n  json: mockJson,\n}));\n\nconst mockType = jest.fn().mockImplementation(() => ({\n  status: mockStatus,\n}));\n\nconst mockGetResponse = jest.fn().mockImplementation(() => ({\n  type: mockType,\n}));\n\nconst mockUrl = jest.fn().mockImplementation(() => ({\n  url: mockJson,\n}));\n\nconst mockGetRequest = jest.fn().mockImplementation(() => ({\n  type: mockUrl,\n}));\n\nconst mockHttpArgumentsHost = jest.fn().mockImplementation(() => ({\n  getResponse: mockGetResponse,\n  getRequest: mockGetRequest,\n}));\n\nconst mockArgumentsHost = {\n  switchToHttp: mockHttpArgumentsHost,\n  getArgByIndex: jest.fn(),\n  getArgs: jest.fn(),\n  getType: jest.fn(),\n  switchToRpc: jest.fn(),\n  switchToWs: jest.fn(),\n};\n\ndescribe('filters', () => {\n  describe('code exception', () => {\n    const appConfig = config();\n    const filter = new ExceptionsFilter(appConfig);\n    it('should map a regular code exception', () => {\n      const status = HttpStatus.INTERNAL_SERVER_ERROR;\n      const expectation: IProblemDetail = {\n        message: HttpStatus[status],\n        status,\n        code: HttpStatus[status],\n      };\n      try {\n        const linea: any = undefined;\n        linea.split('');\n      } catch (error) {\n        filter.catch(error, mockArgumentsHost);\n        assertResponse(status, expectation);\n      }\n    });\n  });\n\n  describe('default Http exceptions', () => {\n    const appConfig = config();\n    const filter = new ExceptionsFilter(appConfig);\n    it('should map default exception when thrown with not parameters', () => {\n      const status = HttpStatus.BAD_REQUEST;\n      const expectation: IProblemDetail = {\n        message: HttpStatus[status],\n        status,\n        code: HttpStatus[status],\n      };\n\n      filter.catch(new BadRequestException(), mockArgumentsHost);\n\n      assertResponse(status, expectation);\n    });\n\n    it('should map default exception when thrown with error details', () => {\n      const status = HttpStatus.FORBIDDEN;\n      const message = 'not pass!';\n\n      const expectation: IProblemDetail = {\n        message,\n        status,\n        code: HttpStatus[status],\n        detail: HttpStatus[status],\n      };\n      filter.catch(new ForbiddenException(message), mockArgumentsHost);\n\n      assertResponse(status, expectation);\n    });\n\n    it('should map default exception when thrown with error details and description', () => {\n      const status = HttpStatus.FORBIDDEN;\n      const message = 'passing?';\n      const details = 'not pass!';\n\n      const expectation: IProblemDetail = {\n        message,\n        detail: details,\n        status,\n        code: HttpStatus[status],\n      };\n      filter.catch(new ForbiddenException(message, details), mockArgumentsHost);\n\n      assertResponse(status, expectation);\n    });\n\n    describe('the generic HttpException', () => {\n      it('should map HttpException response when called with a string', () => {\n        const status = HttpStatus.SEE_OTHER;\n        const message = 'Not passing';\n\n        const expectation: IProblemDetail = {\n          message,\n          status,\n          code: HttpStatus[status],\n        };\n\n        filter.catch(new HttpException(message, status), mockArgumentsHost);\n\n        assertResponse(status, expectation);\n      });\n\n      it('should map HttpException response when called with an object', () => {\n        const status = HttpStatus.SEE_OTHER;\n        const errorObject: IErrorDetail = {\n          message: 'some message',\n        };\n\n        const expectation: IProblemDetail = {\n          message: errorObject.message,\n          status,\n          code: HttpStatus[status],\n        };\n\n        filter.catch(new HttpException(errorObject, status), mockArgumentsHost);\n\n        assertResponse(status, expectation);\n      });\n\n      it('should map HttpException response when called with an object with empty message', () => {\n        const status = HttpStatus.SEE_OTHER;\n        const errorObject: IErrorDetail = {\n          message: '',\n        };\n\n        const expectation: IProblemDetail = {\n          message: errorObject.message,\n          status,\n          code: HttpStatus[status],\n        };\n\n        filter.catch(new HttpException(errorObject, status), mockArgumentsHost);\n\n        assertResponse(status, expectation);\n      });\n\n      it('should map HttpException response when called with an array', () => {\n        const status = HttpStatus.SEE_OTHER;\n        const errorObject = {\n          message: ['some message', 'some message 2'],\n          error: 'Bad Request',\n        };\n\n        const expectation: IProblemDetail = {\n          message: errorObject.error,\n          detail: [{ message: errorObject.message[0] }, { message: errorObject.message[1] }],\n          status,\n          code: HttpStatus[status],\n        };\n\n        filter.catch(new HttpException(errorObject, status), mockArgumentsHost);\n        assertResponse(status, expectation);\n      });\n    });\n\n    it('should map HttpException response when called with an object', () => {\n      const errorObject: IErrorDetail = {\n        message: 'some message',\n        error: {\n          instance: 'instance',\n          type: 'some-problem-detail',\n        },\n      };\n\n      const status = HttpStatus.BAD_REQUEST;\n      const expectation: IProblemDetail = {\n        message: errorObject.message,\n        detail: errorObject.error,\n        status,\n        instance: errorObject.error.instance,\n        code: HttpStatus[status],\n      };\n\n      filter.catch(new HttpException(errorObject, status), mockArgumentsHost);\n\n      assertResponse(status, expectation);\n    });\n  });\n\n  describe('when used outside a module', () => {\n    const appConfig = config();\n    const filter = new ExceptionsFilter(appConfig);\n    it('should map default exception when thrown with not parameters', () => {\n      const status = HttpStatus.BAD_REQUEST;\n      const expectation: IProblemDetail = {\n        message: HttpStatus[status],\n        status,\n        code: HttpStatus[status],\n      };\n\n      filter.catch(new BadRequestException(), mockArgumentsHost);\n\n      assertResponse(status, expectation);\n    });\n  });\n\n  describe('configuration is defined with values', () => {\n    const appConfig = config();\n    const filter = new ExceptionsFilter(appConfig);\n\n    it('should be return application info', async () => {\n      expect(appConfig.project.apiPrefix).toEqual('API-TEST');\n    });\n\n    const status = HttpStatus.BAD_REQUEST;\n    const expectation: IProblemDetail = {\n      message: HttpStatus[status],\n      status,\n      code: HttpStatus[status],\n    };\n\n    filter.catch(new BadRequestException(), mockArgumentsHost);\n\n    assertResponse(status, expectation);\n  });\n\n  describe('configuration is undefined', () => {\n    const appConfig = undefined;\n    const filter = new ExceptionsFilter(appConfig);\n    const status = HttpStatus.BAD_REQUEST;\n    const expectation: IProblemDetail = {\n      message: HttpStatus[status],\n      status,\n      code: HttpStatus[status],\n    };\n\n    filter.catch(new BadRequestException(), mockArgumentsHost);\n    assertResponse(status, expectation);\n  });\n});\n\nfunction assertResponse(expectedStatus: number, expectedJson: IProblemDetail) {\n  expect(mockType).toHaveBeenCalledWith(PROBLEM_CONTENT_TYPE);\n  expect(mockStatus).toHaveBeenCalledWith(expectedStatus);\n}\n",
              "err": {},
              "uuid": "db813592-3dc1-4499-af71-225bdf80dc6e",
              "parentUUID": "11323732-7ad2-422d-baf0-43ce8c8833ae",
              "isHook": false,
              "skipped": false
            },
            {
              "title": "filters > code exception > should map HttpException response when called with a string",
              "fullTitle": "should map HttpException response when called with a string",
              "timedOut": false,
              "duration": 1,
              "state": "passed",
              "speed": null,
              "pass": true,
              "fail": false,
              "pending": false,
              "context": null,
              "code": "import { BadRequestException, ForbiddenException, HttpException, HttpStatus } from '@nestjs/common';\nimport { config } from '@tresdoce-nestjs-toolkit/test-utils';\nimport { ExceptionsFilter, PROBLEM_CONTENT_TYPE, IErrorDetail, IProblemDetail } from '../';\n\nconst mockJson = jest.fn();\n\nconst mockStatus = jest.fn().mockImplementation(() => ({\n  json: mockJson,\n}));\n\nconst mockType = jest.fn().mockImplementation(() => ({\n  status: mockStatus,\n}));\n\nconst mockGetResponse = jest.fn().mockImplementation(() => ({\n  type: mockType,\n}));\n\nconst mockUrl = jest.fn().mockImplementation(() => ({\n  url: mockJson,\n}));\n\nconst mockGetRequest = jest.fn().mockImplementation(() => ({\n  type: mockUrl,\n}));\n\nconst mockHttpArgumentsHost = jest.fn().mockImplementation(() => ({\n  getResponse: mockGetResponse,\n  getRequest: mockGetRequest,\n}));\n\nconst mockArgumentsHost = {\n  switchToHttp: mockHttpArgumentsHost,\n  getArgByIndex: jest.fn(),\n  getArgs: jest.fn(),\n  getType: jest.fn(),\n  switchToRpc: jest.fn(),\n  switchToWs: jest.fn(),\n};\n\ndescribe('filters', () => {\n  describe('code exception', () => {\n    const appConfig = config();\n    const filter = new ExceptionsFilter(appConfig);\n    it('should map a regular code exception', () => {\n      const status = HttpStatus.INTERNAL_SERVER_ERROR;\n      const expectation: IProblemDetail = {\n        message: HttpStatus[status],\n        status,\n        code: HttpStatus[status],\n      };\n      try {\n        const linea: any = undefined;\n        linea.split('');\n      } catch (error) {\n        filter.catch(error, mockArgumentsHost);\n        assertResponse(status, expectation);\n      }\n    });\n  });\n\n  describe('default Http exceptions', () => {\n    const appConfig = config();\n    const filter = new ExceptionsFilter(appConfig);\n    it('should map default exception when thrown with not parameters', () => {\n      const status = HttpStatus.BAD_REQUEST;\n      const expectation: IProblemDetail = {\n        message: HttpStatus[status],\n        status,\n        code: HttpStatus[status],\n      };\n\n      filter.catch(new BadRequestException(), mockArgumentsHost);\n\n      assertResponse(status, expectation);\n    });\n\n    it('should map default exception when thrown with error details', () => {\n      const status = HttpStatus.FORBIDDEN;\n      const message = 'not pass!';\n\n      const expectation: IProblemDetail = {\n        message,\n        status,\n        code: HttpStatus[status],\n        detail: HttpStatus[status],\n      };\n      filter.catch(new ForbiddenException(message), mockArgumentsHost);\n\n      assertResponse(status, expectation);\n    });\n\n    it('should map default exception when thrown with error details and description', () => {\n      const status = HttpStatus.FORBIDDEN;\n      const message = 'passing?';\n      const details = 'not pass!';\n\n      const expectation: IProblemDetail = {\n        message,\n        detail: details,\n        status,\n        code: HttpStatus[status],\n      };\n      filter.catch(new ForbiddenException(message, details), mockArgumentsHost);\n\n      assertResponse(status, expectation);\n    });\n\n    describe('the generic HttpException', () => {\n      it('should map HttpException response when called with a string', () => {\n        const status = HttpStatus.SEE_OTHER;\n        const message = 'Not passing';\n\n        const expectation: IProblemDetail = {\n          message,\n          status,\n          code: HttpStatus[status],\n        };\n\n        filter.catch(new HttpException(message, status), mockArgumentsHost);\n\n        assertResponse(status, expectation);\n      });\n\n      it('should map HttpException response when called with an object', () => {\n        const status = HttpStatus.SEE_OTHER;\n        const errorObject: IErrorDetail = {\n          message: 'some message',\n        };\n\n        const expectation: IProblemDetail = {\n          message: errorObject.message,\n          status,\n          code: HttpStatus[status],\n        };\n\n        filter.catch(new HttpException(errorObject, status), mockArgumentsHost);\n\n        assertResponse(status, expectation);\n      });\n\n      it('should map HttpException response when called with an object with empty message', () => {\n        const status = HttpStatus.SEE_OTHER;\n        const errorObject: IErrorDetail = {\n          message: '',\n        };\n\n        const expectation: IProblemDetail = {\n          message: errorObject.message,\n          status,\n          code: HttpStatus[status],\n        };\n\n        filter.catch(new HttpException(errorObject, status), mockArgumentsHost);\n\n        assertResponse(status, expectation);\n      });\n\n      it('should map HttpException response when called with an array', () => {\n        const status = HttpStatus.SEE_OTHER;\n        const errorObject = {\n          message: ['some message', 'some message 2'],\n          error: 'Bad Request',\n        };\n\n        const expectation: IProblemDetail = {\n          message: errorObject.error,\n          detail: [{ message: errorObject.message[0] }, { message: errorObject.message[1] }],\n          status,\n          code: HttpStatus[status],\n        };\n\n        filter.catch(new HttpException(errorObject, status), mockArgumentsHost);\n        assertResponse(status, expectation);\n      });\n    });\n\n    it('should map HttpException response when called with an object', () => {\n      const errorObject: IErrorDetail = {\n        message: 'some message',\n        error: {\n          instance: 'instance',\n          type: 'some-problem-detail',\n        },\n      };\n\n      const status = HttpStatus.BAD_REQUEST;\n      const expectation: IProblemDetail = {\n        message: errorObject.message,\n        detail: errorObject.error,\n        status,\n        instance: errorObject.error.instance,\n        code: HttpStatus[status],\n      };\n\n      filter.catch(new HttpException(errorObject, status), mockArgumentsHost);\n\n      assertResponse(status, expectation);\n    });\n  });\n\n  describe('when used outside a module', () => {\n    const appConfig = config();\n    const filter = new ExceptionsFilter(appConfig);\n    it('should map default exception when thrown with not parameters', () => {\n      const status = HttpStatus.BAD_REQUEST;\n      const expectation: IProblemDetail = {\n        message: HttpStatus[status],\n        status,\n        code: HttpStatus[status],\n      };\n\n      filter.catch(new BadRequestException(), mockArgumentsHost);\n\n      assertResponse(status, expectation);\n    });\n  });\n\n  describe('configuration is defined with values', () => {\n    const appConfig = config();\n    const filter = new ExceptionsFilter(appConfig);\n\n    it('should be return application info', async () => {\n      expect(appConfig.project.apiPrefix).toEqual('API-TEST');\n    });\n\n    const status = HttpStatus.BAD_REQUEST;\n    const expectation: IProblemDetail = {\n      message: HttpStatus[status],\n      status,\n      code: HttpStatus[status],\n    };\n\n    filter.catch(new BadRequestException(), mockArgumentsHost);\n\n    assertResponse(status, expectation);\n  });\n\n  describe('configuration is undefined', () => {\n    const appConfig = undefined;\n    const filter = new ExceptionsFilter(appConfig);\n    const status = HttpStatus.BAD_REQUEST;\n    const expectation: IProblemDetail = {\n      message: HttpStatus[status],\n      status,\n      code: HttpStatus[status],\n    };\n\n    filter.catch(new BadRequestException(), mockArgumentsHost);\n    assertResponse(status, expectation);\n  });\n});\n\nfunction assertResponse(expectedStatus: number, expectedJson: IProblemDetail) {\n  expect(mockType).toHaveBeenCalledWith(PROBLEM_CONTENT_TYPE);\n  expect(mockStatus).toHaveBeenCalledWith(expectedStatus);\n}\n",
              "err": {},
              "uuid": "f1915e77-da89-4ad2-bed4-eb378fee9cce",
              "parentUUID": "11323732-7ad2-422d-baf0-43ce8c8833ae",
              "isHook": false,
              "skipped": false
            },
            {
              "title": "filters > code exception > should map HttpException response when called with an object",
              "fullTitle": "should map HttpException response when called with an object",
              "timedOut": false,
              "duration": 0,
              "state": "passed",
              "speed": null,
              "pass": true,
              "fail": false,
              "pending": false,
              "context": null,
              "code": "import { BadRequestException, ForbiddenException, HttpException, HttpStatus } from '@nestjs/common';\nimport { config } from '@tresdoce-nestjs-toolkit/test-utils';\nimport { ExceptionsFilter, PROBLEM_CONTENT_TYPE, IErrorDetail, IProblemDetail } from '../';\n\nconst mockJson = jest.fn();\n\nconst mockStatus = jest.fn().mockImplementation(() => ({\n  json: mockJson,\n}));\n\nconst mockType = jest.fn().mockImplementation(() => ({\n  status: mockStatus,\n}));\n\nconst mockGetResponse = jest.fn().mockImplementation(() => ({\n  type: mockType,\n}));\n\nconst mockUrl = jest.fn().mockImplementation(() => ({\n  url: mockJson,\n}));\n\nconst mockGetRequest = jest.fn().mockImplementation(() => ({\n  type: mockUrl,\n}));\n\nconst mockHttpArgumentsHost = jest.fn().mockImplementation(() => ({\n  getResponse: mockGetResponse,\n  getRequest: mockGetRequest,\n}));\n\nconst mockArgumentsHost = {\n  switchToHttp: mockHttpArgumentsHost,\n  getArgByIndex: jest.fn(),\n  getArgs: jest.fn(),\n  getType: jest.fn(),\n  switchToRpc: jest.fn(),\n  switchToWs: jest.fn(),\n};\n\ndescribe('filters', () => {\n  describe('code exception', () => {\n    const appConfig = config();\n    const filter = new ExceptionsFilter(appConfig);\n    it('should map a regular code exception', () => {\n      const status = HttpStatus.INTERNAL_SERVER_ERROR;\n      const expectation: IProblemDetail = {\n        message: HttpStatus[status],\n        status,\n        code: HttpStatus[status],\n      };\n      try {\n        const linea: any = undefined;\n        linea.split('');\n      } catch (error) {\n        filter.catch(error, mockArgumentsHost);\n        assertResponse(status, expectation);\n      }\n    });\n  });\n\n  describe('default Http exceptions', () => {\n    const appConfig = config();\n    const filter = new ExceptionsFilter(appConfig);\n    it('should map default exception when thrown with not parameters', () => {\n      const status = HttpStatus.BAD_REQUEST;\n      const expectation: IProblemDetail = {\n        message: HttpStatus[status],\n        status,\n        code: HttpStatus[status],\n      };\n\n      filter.catch(new BadRequestException(), mockArgumentsHost);\n\n      assertResponse(status, expectation);\n    });\n\n    it('should map default exception when thrown with error details', () => {\n      const status = HttpStatus.FORBIDDEN;\n      const message = 'not pass!';\n\n      const expectation: IProblemDetail = {\n        message,\n        status,\n        code: HttpStatus[status],\n        detail: HttpStatus[status],\n      };\n      filter.catch(new ForbiddenException(message), mockArgumentsHost);\n\n      assertResponse(status, expectation);\n    });\n\n    it('should map default exception when thrown with error details and description', () => {\n      const status = HttpStatus.FORBIDDEN;\n      const message = 'passing?';\n      const details = 'not pass!';\n\n      const expectation: IProblemDetail = {\n        message,\n        detail: details,\n        status,\n        code: HttpStatus[status],\n      };\n      filter.catch(new ForbiddenException(message, details), mockArgumentsHost);\n\n      assertResponse(status, expectation);\n    });\n\n    describe('the generic HttpException', () => {\n      it('should map HttpException response when called with a string', () => {\n        const status = HttpStatus.SEE_OTHER;\n        const message = 'Not passing';\n\n        const expectation: IProblemDetail = {\n          message,\n          status,\n          code: HttpStatus[status],\n        };\n\n        filter.catch(new HttpException(message, status), mockArgumentsHost);\n\n        assertResponse(status, expectation);\n      });\n\n      it('should map HttpException response when called with an object', () => {\n        const status = HttpStatus.SEE_OTHER;\n        const errorObject: IErrorDetail = {\n          message: 'some message',\n        };\n\n        const expectation: IProblemDetail = {\n          message: errorObject.message,\n          status,\n          code: HttpStatus[status],\n        };\n\n        filter.catch(new HttpException(errorObject, status), mockArgumentsHost);\n\n        assertResponse(status, expectation);\n      });\n\n      it('should map HttpException response when called with an object with empty message', () => {\n        const status = HttpStatus.SEE_OTHER;\n        const errorObject: IErrorDetail = {\n          message: '',\n        };\n\n        const expectation: IProblemDetail = {\n          message: errorObject.message,\n          status,\n          code: HttpStatus[status],\n        };\n\n        filter.catch(new HttpException(errorObject, status), mockArgumentsHost);\n\n        assertResponse(status, expectation);\n      });\n\n      it('should map HttpException response when called with an array', () => {\n        const status = HttpStatus.SEE_OTHER;\n        const errorObject = {\n          message: ['some message', 'some message 2'],\n          error: 'Bad Request',\n        };\n\n        const expectation: IProblemDetail = {\n          message: errorObject.error,\n          detail: [{ message: errorObject.message[0] }, { message: errorObject.message[1] }],\n          status,\n          code: HttpStatus[status],\n        };\n\n        filter.catch(new HttpException(errorObject, status), mockArgumentsHost);\n        assertResponse(status, expectation);\n      });\n    });\n\n    it('should map HttpException response when called with an object', () => {\n      const errorObject: IErrorDetail = {\n        message: 'some message',\n        error: {\n          instance: 'instance',\n          type: 'some-problem-detail',\n        },\n      };\n\n      const status = HttpStatus.BAD_REQUEST;\n      const expectation: IProblemDetail = {\n        message: errorObject.message,\n        detail: errorObject.error,\n        status,\n        instance: errorObject.error.instance,\n        code: HttpStatus[status],\n      };\n\n      filter.catch(new HttpException(errorObject, status), mockArgumentsHost);\n\n      assertResponse(status, expectation);\n    });\n  });\n\n  describe('when used outside a module', () => {\n    const appConfig = config();\n    const filter = new ExceptionsFilter(appConfig);\n    it('should map default exception when thrown with not parameters', () => {\n      const status = HttpStatus.BAD_REQUEST;\n      const expectation: IProblemDetail = {\n        message: HttpStatus[status],\n        status,\n        code: HttpStatus[status],\n      };\n\n      filter.catch(new BadRequestException(), mockArgumentsHost);\n\n      assertResponse(status, expectation);\n    });\n  });\n\n  describe('configuration is defined with values', () => {\n    const appConfig = config();\n    const filter = new ExceptionsFilter(appConfig);\n\n    it('should be return application info', async () => {\n      expect(appConfig.project.apiPrefix).toEqual('API-TEST');\n    });\n\n    const status = HttpStatus.BAD_REQUEST;\n    const expectation: IProblemDetail = {\n      message: HttpStatus[status],\n      status,\n      code: HttpStatus[status],\n    };\n\n    filter.catch(new BadRequestException(), mockArgumentsHost);\n\n    assertResponse(status, expectation);\n  });\n\n  describe('configuration is undefined', () => {\n    const appConfig = undefined;\n    const filter = new ExceptionsFilter(appConfig);\n    const status = HttpStatus.BAD_REQUEST;\n    const expectation: IProblemDetail = {\n      message: HttpStatus[status],\n      status,\n      code: HttpStatus[status],\n    };\n\n    filter.catch(new BadRequestException(), mockArgumentsHost);\n    assertResponse(status, expectation);\n  });\n});\n\nfunction assertResponse(expectedStatus: number, expectedJson: IProblemDetail) {\n  expect(mockType).toHaveBeenCalledWith(PROBLEM_CONTENT_TYPE);\n  expect(mockStatus).toHaveBeenCalledWith(expectedStatus);\n}\n",
              "err": {},
              "uuid": "0cf34fcb-bc9d-4122-bb9a-3793b484cb8b",
              "parentUUID": "11323732-7ad2-422d-baf0-43ce8c8833ae",
              "isHook": false,
              "skipped": false
            },
            {
              "title": "filters > code exception > should map HttpException response when called with an object with empty message",
              "fullTitle": "should map HttpException response when called with an object with empty message",
              "timedOut": false,
              "duration": 0,
              "state": "passed",
              "speed": null,
              "pass": true,
              "fail": false,
              "pending": false,
              "context": null,
              "code": "import { BadRequestException, ForbiddenException, HttpException, HttpStatus } from '@nestjs/common';\nimport { config } from '@tresdoce-nestjs-toolkit/test-utils';\nimport { ExceptionsFilter, PROBLEM_CONTENT_TYPE, IErrorDetail, IProblemDetail } from '../';\n\nconst mockJson = jest.fn();\n\nconst mockStatus = jest.fn().mockImplementation(() => ({\n  json: mockJson,\n}));\n\nconst mockType = jest.fn().mockImplementation(() => ({\n  status: mockStatus,\n}));\n\nconst mockGetResponse = jest.fn().mockImplementation(() => ({\n  type: mockType,\n}));\n\nconst mockUrl = jest.fn().mockImplementation(() => ({\n  url: mockJson,\n}));\n\nconst mockGetRequest = jest.fn().mockImplementation(() => ({\n  type: mockUrl,\n}));\n\nconst mockHttpArgumentsHost = jest.fn().mockImplementation(() => ({\n  getResponse: mockGetResponse,\n  getRequest: mockGetRequest,\n}));\n\nconst mockArgumentsHost = {\n  switchToHttp: mockHttpArgumentsHost,\n  getArgByIndex: jest.fn(),\n  getArgs: jest.fn(),\n  getType: jest.fn(),\n  switchToRpc: jest.fn(),\n  switchToWs: jest.fn(),\n};\n\ndescribe('filters', () => {\n  describe('code exception', () => {\n    const appConfig = config();\n    const filter = new ExceptionsFilter(appConfig);\n    it('should map a regular code exception', () => {\n      const status = HttpStatus.INTERNAL_SERVER_ERROR;\n      const expectation: IProblemDetail = {\n        message: HttpStatus[status],\n        status,\n        code: HttpStatus[status],\n      };\n      try {\n        const linea: any = undefined;\n        linea.split('');\n      } catch (error) {\n        filter.catch(error, mockArgumentsHost);\n        assertResponse(status, expectation);\n      }\n    });\n  });\n\n  describe('default Http exceptions', () => {\n    const appConfig = config();\n    const filter = new ExceptionsFilter(appConfig);\n    it('should map default exception when thrown with not parameters', () => {\n      const status = HttpStatus.BAD_REQUEST;\n      const expectation: IProblemDetail = {\n        message: HttpStatus[status],\n        status,\n        code: HttpStatus[status],\n      };\n\n      filter.catch(new BadRequestException(), mockArgumentsHost);\n\n      assertResponse(status, expectation);\n    });\n\n    it('should map default exception when thrown with error details', () => {\n      const status = HttpStatus.FORBIDDEN;\n      const message = 'not pass!';\n\n      const expectation: IProblemDetail = {\n        message,\n        status,\n        code: HttpStatus[status],\n        detail: HttpStatus[status],\n      };\n      filter.catch(new ForbiddenException(message), mockArgumentsHost);\n\n      assertResponse(status, expectation);\n    });\n\n    it('should map default exception when thrown with error details and description', () => {\n      const status = HttpStatus.FORBIDDEN;\n      const message = 'passing?';\n      const details = 'not pass!';\n\n      const expectation: IProblemDetail = {\n        message,\n        detail: details,\n        status,\n        code: HttpStatus[status],\n      };\n      filter.catch(new ForbiddenException(message, details), mockArgumentsHost);\n\n      assertResponse(status, expectation);\n    });\n\n    describe('the generic HttpException', () => {\n      it('should map HttpException response when called with a string', () => {\n        const status = HttpStatus.SEE_OTHER;\n        const message = 'Not passing';\n\n        const expectation: IProblemDetail = {\n          message,\n          status,\n          code: HttpStatus[status],\n        };\n\n        filter.catch(new HttpException(message, status), mockArgumentsHost);\n\n        assertResponse(status, expectation);\n      });\n\n      it('should map HttpException response when called with an object', () => {\n        const status = HttpStatus.SEE_OTHER;\n        const errorObject: IErrorDetail = {\n          message: 'some message',\n        };\n\n        const expectation: IProblemDetail = {\n          message: errorObject.message,\n          status,\n          code: HttpStatus[status],\n        };\n\n        filter.catch(new HttpException(errorObject, status), mockArgumentsHost);\n\n        assertResponse(status, expectation);\n      });\n\n      it('should map HttpException response when called with an object with empty message', () => {\n        const status = HttpStatus.SEE_OTHER;\n        const errorObject: IErrorDetail = {\n          message: '',\n        };\n\n        const expectation: IProblemDetail = {\n          message: errorObject.message,\n          status,\n          code: HttpStatus[status],\n        };\n\n        filter.catch(new HttpException(errorObject, status), mockArgumentsHost);\n\n        assertResponse(status, expectation);\n      });\n\n      it('should map HttpException response when called with an array', () => {\n        const status = HttpStatus.SEE_OTHER;\n        const errorObject = {\n          message: ['some message', 'some message 2'],\n          error: 'Bad Request',\n        };\n\n        const expectation: IProblemDetail = {\n          message: errorObject.error,\n          detail: [{ message: errorObject.message[0] }, { message: errorObject.message[1] }],\n          status,\n          code: HttpStatus[status],\n        };\n\n        filter.catch(new HttpException(errorObject, status), mockArgumentsHost);\n        assertResponse(status, expectation);\n      });\n    });\n\n    it('should map HttpException response when called with an object', () => {\n      const errorObject: IErrorDetail = {\n        message: 'some message',\n        error: {\n          instance: 'instance',\n          type: 'some-problem-detail',\n        },\n      };\n\n      const status = HttpStatus.BAD_REQUEST;\n      const expectation: IProblemDetail = {\n        message: errorObject.message,\n        detail: errorObject.error,\n        status,\n        instance: errorObject.error.instance,\n        code: HttpStatus[status],\n      };\n\n      filter.catch(new HttpException(errorObject, status), mockArgumentsHost);\n\n      assertResponse(status, expectation);\n    });\n  });\n\n  describe('when used outside a module', () => {\n    const appConfig = config();\n    const filter = new ExceptionsFilter(appConfig);\n    it('should map default exception when thrown with not parameters', () => {\n      const status = HttpStatus.BAD_REQUEST;\n      const expectation: IProblemDetail = {\n        message: HttpStatus[status],\n        status,\n        code: HttpStatus[status],\n      };\n\n      filter.catch(new BadRequestException(), mockArgumentsHost);\n\n      assertResponse(status, expectation);\n    });\n  });\n\n  describe('configuration is defined with values', () => {\n    const appConfig = config();\n    const filter = new ExceptionsFilter(appConfig);\n\n    it('should be return application info', async () => {\n      expect(appConfig.project.apiPrefix).toEqual('API-TEST');\n    });\n\n    const status = HttpStatus.BAD_REQUEST;\n    const expectation: IProblemDetail = {\n      message: HttpStatus[status],\n      status,\n      code: HttpStatus[status],\n    };\n\n    filter.catch(new BadRequestException(), mockArgumentsHost);\n\n    assertResponse(status, expectation);\n  });\n\n  describe('configuration is undefined', () => {\n    const appConfig = undefined;\n    const filter = new ExceptionsFilter(appConfig);\n    const status = HttpStatus.BAD_REQUEST;\n    const expectation: IProblemDetail = {\n      message: HttpStatus[status],\n      status,\n      code: HttpStatus[status],\n    };\n\n    filter.catch(new BadRequestException(), mockArgumentsHost);\n    assertResponse(status, expectation);\n  });\n});\n\nfunction assertResponse(expectedStatus: number, expectedJson: IProblemDetail) {\n  expect(mockType).toHaveBeenCalledWith(PROBLEM_CONTENT_TYPE);\n  expect(mockStatus).toHaveBeenCalledWith(expectedStatus);\n}\n",
              "err": {},
              "uuid": "cc2c5d6b-623e-41ef-9643-02bf8d45695c",
              "parentUUID": "11323732-7ad2-422d-baf0-43ce8c8833ae",
              "isHook": false,
              "skipped": false
            },
            {
              "title": "filters > code exception > should map HttpException response when called with an array",
              "fullTitle": "should map HttpException response when called with an array",
              "timedOut": false,
              "duration": 1,
              "state": "passed",
              "speed": null,
              "pass": true,
              "fail": false,
              "pending": false,
              "context": null,
              "code": "import { BadRequestException, ForbiddenException, HttpException, HttpStatus } from '@nestjs/common';\nimport { config } from '@tresdoce-nestjs-toolkit/test-utils';\nimport { ExceptionsFilter, PROBLEM_CONTENT_TYPE, IErrorDetail, IProblemDetail } from '../';\n\nconst mockJson = jest.fn();\n\nconst mockStatus = jest.fn().mockImplementation(() => ({\n  json: mockJson,\n}));\n\nconst mockType = jest.fn().mockImplementation(() => ({\n  status: mockStatus,\n}));\n\nconst mockGetResponse = jest.fn().mockImplementation(() => ({\n  type: mockType,\n}));\n\nconst mockUrl = jest.fn().mockImplementation(() => ({\n  url: mockJson,\n}));\n\nconst mockGetRequest = jest.fn().mockImplementation(() => ({\n  type: mockUrl,\n}));\n\nconst mockHttpArgumentsHost = jest.fn().mockImplementation(() => ({\n  getResponse: mockGetResponse,\n  getRequest: mockGetRequest,\n}));\n\nconst mockArgumentsHost = {\n  switchToHttp: mockHttpArgumentsHost,\n  getArgByIndex: jest.fn(),\n  getArgs: jest.fn(),\n  getType: jest.fn(),\n  switchToRpc: jest.fn(),\n  switchToWs: jest.fn(),\n};\n\ndescribe('filters', () => {\n  describe('code exception', () => {\n    const appConfig = config();\n    const filter = new ExceptionsFilter(appConfig);\n    it('should map a regular code exception', () => {\n      const status = HttpStatus.INTERNAL_SERVER_ERROR;\n      const expectation: IProblemDetail = {\n        message: HttpStatus[status],\n        status,\n        code: HttpStatus[status],\n      };\n      try {\n        const linea: any = undefined;\n        linea.split('');\n      } catch (error) {\n        filter.catch(error, mockArgumentsHost);\n        assertResponse(status, expectation);\n      }\n    });\n  });\n\n  describe('default Http exceptions', () => {\n    const appConfig = config();\n    const filter = new ExceptionsFilter(appConfig);\n    it('should map default exception when thrown with not parameters', () => {\n      const status = HttpStatus.BAD_REQUEST;\n      const expectation: IProblemDetail = {\n        message: HttpStatus[status],\n        status,\n        code: HttpStatus[status],\n      };\n\n      filter.catch(new BadRequestException(), mockArgumentsHost);\n\n      assertResponse(status, expectation);\n    });\n\n    it('should map default exception when thrown with error details', () => {\n      const status = HttpStatus.FORBIDDEN;\n      const message = 'not pass!';\n\n      const expectation: IProblemDetail = {\n        message,\n        status,\n        code: HttpStatus[status],\n        detail: HttpStatus[status],\n      };\n      filter.catch(new ForbiddenException(message), mockArgumentsHost);\n\n      assertResponse(status, expectation);\n    });\n\n    it('should map default exception when thrown with error details and description', () => {\n      const status = HttpStatus.FORBIDDEN;\n      const message = 'passing?';\n      const details = 'not pass!';\n\n      const expectation: IProblemDetail = {\n        message,\n        detail: details,\n        status,\n        code: HttpStatus[status],\n      };\n      filter.catch(new ForbiddenException(message, details), mockArgumentsHost);\n\n      assertResponse(status, expectation);\n    });\n\n    describe('the generic HttpException', () => {\n      it('should map HttpException response when called with a string', () => {\n        const status = HttpStatus.SEE_OTHER;\n        const message = 'Not passing';\n\n        const expectation: IProblemDetail = {\n          message,\n          status,\n          code: HttpStatus[status],\n        };\n\n        filter.catch(new HttpException(message, status), mockArgumentsHost);\n\n        assertResponse(status, expectation);\n      });\n\n      it('should map HttpException response when called with an object', () => {\n        const status = HttpStatus.SEE_OTHER;\n        const errorObject: IErrorDetail = {\n          message: 'some message',\n        };\n\n        const expectation: IProblemDetail = {\n          message: errorObject.message,\n          status,\n          code: HttpStatus[status],\n        };\n\n        filter.catch(new HttpException(errorObject, status), mockArgumentsHost);\n\n        assertResponse(status, expectation);\n      });\n\n      it('should map HttpException response when called with an object with empty message', () => {\n        const status = HttpStatus.SEE_OTHER;\n        const errorObject: IErrorDetail = {\n          message: '',\n        };\n\n        const expectation: IProblemDetail = {\n          message: errorObject.message,\n          status,\n          code: HttpStatus[status],\n        };\n\n        filter.catch(new HttpException(errorObject, status), mockArgumentsHost);\n\n        assertResponse(status, expectation);\n      });\n\n      it('should map HttpException response when called with an array', () => {\n        const status = HttpStatus.SEE_OTHER;\n        const errorObject = {\n          message: ['some message', 'some message 2'],\n          error: 'Bad Request',\n        };\n\n        const expectation: IProblemDetail = {\n          message: errorObject.error,\n          detail: [{ message: errorObject.message[0] }, { message: errorObject.message[1] }],\n          status,\n          code: HttpStatus[status],\n        };\n\n        filter.catch(new HttpException(errorObject, status), mockArgumentsHost);\n        assertResponse(status, expectation);\n      });\n    });\n\n    it('should map HttpException response when called with an object', () => {\n      const errorObject: IErrorDetail = {\n        message: 'some message',\n        error: {\n          instance: 'instance',\n          type: 'some-problem-detail',\n        },\n      };\n\n      const status = HttpStatus.BAD_REQUEST;\n      const expectation: IProblemDetail = {\n        message: errorObject.message,\n        detail: errorObject.error,\n        status,\n        instance: errorObject.error.instance,\n        code: HttpStatus[status],\n      };\n\n      filter.catch(new HttpException(errorObject, status), mockArgumentsHost);\n\n      assertResponse(status, expectation);\n    });\n  });\n\n  describe('when used outside a module', () => {\n    const appConfig = config();\n    const filter = new ExceptionsFilter(appConfig);\n    it('should map default exception when thrown with not parameters', () => {\n      const status = HttpStatus.BAD_REQUEST;\n      const expectation: IProblemDetail = {\n        message: HttpStatus[status],\n        status,\n        code: HttpStatus[status],\n      };\n\n      filter.catch(new BadRequestException(), mockArgumentsHost);\n\n      assertResponse(status, expectation);\n    });\n  });\n\n  describe('configuration is defined with values', () => {\n    const appConfig = config();\n    const filter = new ExceptionsFilter(appConfig);\n\n    it('should be return application info', async () => {\n      expect(appConfig.project.apiPrefix).toEqual('API-TEST');\n    });\n\n    const status = HttpStatus.BAD_REQUEST;\n    const expectation: IProblemDetail = {\n      message: HttpStatus[status],\n      status,\n      code: HttpStatus[status],\n    };\n\n    filter.catch(new BadRequestException(), mockArgumentsHost);\n\n    assertResponse(status, expectation);\n  });\n\n  describe('configuration is undefined', () => {\n    const appConfig = undefined;\n    const filter = new ExceptionsFilter(appConfig);\n    const status = HttpStatus.BAD_REQUEST;\n    const expectation: IProblemDetail = {\n      message: HttpStatus[status],\n      status,\n      code: HttpStatus[status],\n    };\n\n    filter.catch(new BadRequestException(), mockArgumentsHost);\n    assertResponse(status, expectation);\n  });\n});\n\nfunction assertResponse(expectedStatus: number, expectedJson: IProblemDetail) {\n  expect(mockType).toHaveBeenCalledWith(PROBLEM_CONTENT_TYPE);\n  expect(mockStatus).toHaveBeenCalledWith(expectedStatus);\n}\n",
              "err": {},
              "uuid": "baa5d3c9-80a3-4363-a4a7-9c63624d8254",
              "parentUUID": "11323732-7ad2-422d-baf0-43ce8c8833ae",
              "isHook": false,
              "skipped": false
            },
            {
              "title": "filters > code exception > should map HttpException response when called with an object",
              "fullTitle": "should map HttpException response when called with an object",
              "timedOut": false,
              "duration": 1,
              "state": "passed",
              "speed": null,
              "pass": true,
              "fail": false,
              "pending": false,
              "context": null,
              "code": "import { BadRequestException, ForbiddenException, HttpException, HttpStatus } from '@nestjs/common';\nimport { config } from '@tresdoce-nestjs-toolkit/test-utils';\nimport { ExceptionsFilter, PROBLEM_CONTENT_TYPE, IErrorDetail, IProblemDetail } from '../';\n\nconst mockJson = jest.fn();\n\nconst mockStatus = jest.fn().mockImplementation(() => ({\n  json: mockJson,\n}));\n\nconst mockType = jest.fn().mockImplementation(() => ({\n  status: mockStatus,\n}));\n\nconst mockGetResponse = jest.fn().mockImplementation(() => ({\n  type: mockType,\n}));\n\nconst mockUrl = jest.fn().mockImplementation(() => ({\n  url: mockJson,\n}));\n\nconst mockGetRequest = jest.fn().mockImplementation(() => ({\n  type: mockUrl,\n}));\n\nconst mockHttpArgumentsHost = jest.fn().mockImplementation(() => ({\n  getResponse: mockGetResponse,\n  getRequest: mockGetRequest,\n}));\n\nconst mockArgumentsHost = {\n  switchToHttp: mockHttpArgumentsHost,\n  getArgByIndex: jest.fn(),\n  getArgs: jest.fn(),\n  getType: jest.fn(),\n  switchToRpc: jest.fn(),\n  switchToWs: jest.fn(),\n};\n\ndescribe('filters', () => {\n  describe('code exception', () => {\n    const appConfig = config();\n    const filter = new ExceptionsFilter(appConfig);\n    it('should map a regular code exception', () => {\n      const status = HttpStatus.INTERNAL_SERVER_ERROR;\n      const expectation: IProblemDetail = {\n        message: HttpStatus[status],\n        status,\n        code: HttpStatus[status],\n      };\n      try {\n        const linea: any = undefined;\n        linea.split('');\n      } catch (error) {\n        filter.catch(error, mockArgumentsHost);\n        assertResponse(status, expectation);\n      }\n    });\n  });\n\n  describe('default Http exceptions', () => {\n    const appConfig = config();\n    const filter = new ExceptionsFilter(appConfig);\n    it('should map default exception when thrown with not parameters', () => {\n      const status = HttpStatus.BAD_REQUEST;\n      const expectation: IProblemDetail = {\n        message: HttpStatus[status],\n        status,\n        code: HttpStatus[status],\n      };\n\n      filter.catch(new BadRequestException(), mockArgumentsHost);\n\n      assertResponse(status, expectation);\n    });\n\n    it('should map default exception when thrown with error details', () => {\n      const status = HttpStatus.FORBIDDEN;\n      const message = 'not pass!';\n\n      const expectation: IProblemDetail = {\n        message,\n        status,\n        code: HttpStatus[status],\n        detail: HttpStatus[status],\n      };\n      filter.catch(new ForbiddenException(message), mockArgumentsHost);\n\n      assertResponse(status, expectation);\n    });\n\n    it('should map default exception when thrown with error details and description', () => {\n      const status = HttpStatus.FORBIDDEN;\n      const message = 'passing?';\n      const details = 'not pass!';\n\n      const expectation: IProblemDetail = {\n        message,\n        detail: details,\n        status,\n        code: HttpStatus[status],\n      };\n      filter.catch(new ForbiddenException(message, details), mockArgumentsHost);\n\n      assertResponse(status, expectation);\n    });\n\n    describe('the generic HttpException', () => {\n      it('should map HttpException response when called with a string', () => {\n        const status = HttpStatus.SEE_OTHER;\n        const message = 'Not passing';\n\n        const expectation: IProblemDetail = {\n          message,\n          status,\n          code: HttpStatus[status],\n        };\n\n        filter.catch(new HttpException(message, status), mockArgumentsHost);\n\n        assertResponse(status, expectation);\n      });\n\n      it('should map HttpException response when called with an object', () => {\n        const status = HttpStatus.SEE_OTHER;\n        const errorObject: IErrorDetail = {\n          message: 'some message',\n        };\n\n        const expectation: IProblemDetail = {\n          message: errorObject.message,\n          status,\n          code: HttpStatus[status],\n        };\n\n        filter.catch(new HttpException(errorObject, status), mockArgumentsHost);\n\n        assertResponse(status, expectation);\n      });\n\n      it('should map HttpException response when called with an object with empty message', () => {\n        const status = HttpStatus.SEE_OTHER;\n        const errorObject: IErrorDetail = {\n          message: '',\n        };\n\n        const expectation: IProblemDetail = {\n          message: errorObject.message,\n          status,\n          code: HttpStatus[status],\n        };\n\n        filter.catch(new HttpException(errorObject, status), mockArgumentsHost);\n\n        assertResponse(status, expectation);\n      });\n\n      it('should map HttpException response when called with an array', () => {\n        const status = HttpStatus.SEE_OTHER;\n        const errorObject = {\n          message: ['some message', 'some message 2'],\n          error: 'Bad Request',\n        };\n\n        const expectation: IProblemDetail = {\n          message: errorObject.error,\n          detail: [{ message: errorObject.message[0] }, { message: errorObject.message[1] }],\n          status,\n          code: HttpStatus[status],\n        };\n\n        filter.catch(new HttpException(errorObject, status), mockArgumentsHost);\n        assertResponse(status, expectation);\n      });\n    });\n\n    it('should map HttpException response when called with an object', () => {\n      const errorObject: IErrorDetail = {\n        message: 'some message',\n        error: {\n          instance: 'instance',\n          type: 'some-problem-detail',\n        },\n      };\n\n      const status = HttpStatus.BAD_REQUEST;\n      const expectation: IProblemDetail = {\n        message: errorObject.message,\n        detail: errorObject.error,\n        status,\n        instance: errorObject.error.instance,\n        code: HttpStatus[status],\n      };\n\n      filter.catch(new HttpException(errorObject, status), mockArgumentsHost);\n\n      assertResponse(status, expectation);\n    });\n  });\n\n  describe('when used outside a module', () => {\n    const appConfig = config();\n    const filter = new ExceptionsFilter(appConfig);\n    it('should map default exception when thrown with not parameters', () => {\n      const status = HttpStatus.BAD_REQUEST;\n      const expectation: IProblemDetail = {\n        message: HttpStatus[status],\n        status,\n        code: HttpStatus[status],\n      };\n\n      filter.catch(new BadRequestException(), mockArgumentsHost);\n\n      assertResponse(status, expectation);\n    });\n  });\n\n  describe('configuration is defined with values', () => {\n    const appConfig = config();\n    const filter = new ExceptionsFilter(appConfig);\n\n    it('should be return application info', async () => {\n      expect(appConfig.project.apiPrefix).toEqual('API-TEST');\n    });\n\n    const status = HttpStatus.BAD_REQUEST;\n    const expectation: IProblemDetail = {\n      message: HttpStatus[status],\n      status,\n      code: HttpStatus[status],\n    };\n\n    filter.catch(new BadRequestException(), mockArgumentsHost);\n\n    assertResponse(status, expectation);\n  });\n\n  describe('configuration is undefined', () => {\n    const appConfig = undefined;\n    const filter = new ExceptionsFilter(appConfig);\n    const status = HttpStatus.BAD_REQUEST;\n    const expectation: IProblemDetail = {\n      message: HttpStatus[status],\n      status,\n      code: HttpStatus[status],\n    };\n\n    filter.catch(new BadRequestException(), mockArgumentsHost);\n    assertResponse(status, expectation);\n  });\n});\n\nfunction assertResponse(expectedStatus: number, expectedJson: IProblemDetail) {\n  expect(mockType).toHaveBeenCalledWith(PROBLEM_CONTENT_TYPE);\n  expect(mockStatus).toHaveBeenCalledWith(expectedStatus);\n}\n",
              "err": {},
              "uuid": "97d8ca91-8649-4917-9e4d-d90ba873a9c9",
              "parentUUID": "11323732-7ad2-422d-baf0-43ce8c8833ae",
              "isHook": false,
              "skipped": false
            },
            {
              "title": "filters > code exception > should map default exception when thrown with not parameters",
              "fullTitle": "should map default exception when thrown with not parameters",
              "timedOut": false,
              "duration": 1,
              "state": "passed",
              "speed": null,
              "pass": true,
              "fail": false,
              "pending": false,
              "context": null,
[...]
;\n    const filter = new ExceptionsFilter(appConfig);\n    it('should map default exception when thrown with not parameters', () => {\n      const status = HttpStatus.BAD_REQUEST;\n      const expectation: IProblemDetail = {\n        message: HttpStatus[status],\n        status,\n        code: HttpStatus[status],\n      };\n\n      filter.catch(new BadRequestException(), mockArgumentsHost);\n\n      assertResponse(status, expectation);\n    });\n\n    it('should map default exception when thrown with error details', () => {\n      const status = HttpStatus.FORBIDDEN;\n      const message = 'not pass!';\n\n      const expectation: IProblemDetail = {\n        message,\n        status,\n        code: HttpStatus[status],\n        detail: HttpStatus[status],\n      };\n      filter.catch(new ForbiddenException(message), mockArgumentsHost);\n\n      assertResponse(status, expectation);\n    });\n\n    it('should map default exception when thrown with error details and description', () => {\n      const status = HttpStatus.FORBIDDEN;\n      const message = 'passing?';\n      const details = 'not pass!';\n\n      const expectation: IProblemDetail = {\n        message,\n        detail: details,\n        status,\n        code: HttpStatus[status],\n      };\n      filter.catch(new ForbiddenException(message, details), mockArgumentsHost);\n\n      assertResponse(status, expectation);\n    });\n\n    describe('the generic HttpException', () => {\n      it('should map HttpException response when called with a string', () => {\n        const status = HttpStatus.SEE_OTHER;\n        const message = 'Not passing';\n\n        const expectation: IProblemDetail = {\n          message,\n          status,\n          code: HttpStatus[status],\n        };\n\n        filter.catch(new HttpException(message, status), mockArgumentsHost);\n\n        assertResponse(status, expectation);\n      });\n\n      it('should map HttpException response when called with an object', () => {\n        const status = HttpStatus.SEE_OTHER;\n        const errorObject: IErrorDetail = {\n          message: 'some message',\n        };\n\n        const expectation: IProblemDetail = {\n          message: errorObject.message,\n          status,\n          code: HttpStatus[status],\n        };\n\n        filter.catch(new HttpException(errorObject, status), mockArgumentsHost);\n\n        assertResponse(status, expectation);\n      });\n\n      it('should map HttpException response when called with an object with empty message', () => {\n        const status = HttpStatus.SEE_OTHER;\n        const errorObject: IErrorDetail = {\n          message: '',\n        };\n\n        const expectation: IProblemDetail = {\n          message: errorObject.message,\n          status,\n          code: HttpStatus[status],\n        };\n\n        filter.catch(new HttpException(errorObject, status), mockArgumentsHost);\n\n        assertResponse(status, expectation);\n      });\n\n      it('should map HttpException response when called with an array', () => {\n        const status = HttpStatus.SEE_OTHER;\n        const errorObject = {\n          message: ['some message', 'some message 2'],\n          error: 'Bad Request',\n        };\n\n        const expectation: IProblemDetail = {\n          message: errorObject.error,\n          detail: [{ message: errorObject.message[0] }, { message: errorObject.message[1] }],\n          status,\n          code: HttpStatus[status],\n        };\n\n        filter.catch(new HttpException(errorObject, status), mockArgumentsHost);\n        assertResponse(status, expectation);\n      });\n    });\n\n    it('should map HttpException response when called with an object', () => {\n      const errorObject: IErrorDetail = {\n        message: 'some message',\n        error: {\n          instance: 'instance',\n          type: 'some-problem-detail',\n        },\n      };\n\n      const status = HttpStatus.BAD_REQUEST;\n      const expectation: IProblemDetail = {\n        message: errorObject.message,\n        detail: errorObject.error,\n        status,\n        instance: errorObject.error.instance,\n        code: HttpStatus[status],\n      };\n\n      filter.catch(new HttpException(errorObject, status), mockArgumentsHost);\n\n      assertResponse(status, expectation);\n    });\n  });\n\n  describe('when used outside a module', () => {\n    const appConfig = config();\n    const filter = new ExceptionsFilter(appConfig);\n    it('should map default exception when thrown with not parameters', () => {\n      const status = HttpStatus.BAD_REQUEST;\n      const expectation: IProblemDetail = {\n        message: HttpStatus[status],\n        status,\n        code: HttpStatus[status],\n      };\n\n      filter.catch(new BadRequestException(), mockArgumentsHost);\n\n      assertResponse(status, expectation);\n    });\n  });\n\n  describe('configuration is defined with values', () => {\n    const appConfig = config();\n    const filter = new ExceptionsFilter(appConfig);\n\n    it('should be return application info', async () => {\n      expect(appConfig.project.apiPrefix).toEqual('API-TEST');\n    });\n\n    const status = HttpStatus.BAD_REQUEST;\n    const expectation: IProblemDetail = {\n      message: HttpStatus[status],\n      status,\n      code: HttpStatus[status],\n    };\n\n    filter.catch(new BadRequestException(), mockArgumentsHost);\n\n    assertResponse(status, expectation);\n  });\n\n  describe('configuration is undefined', () => {\n    const appConfig = undefined;\n    const filter = new ExceptionsFilter(appConfig);\n    const status = HttpStatus.BAD_REQUEST;\n    const expectation: IProblemDetail = {\n      message: HttpStatus[status],\n      status,\n      code: HttpStatus[status],\n    };\n\n    filter.catch(new BadRequestException(), mockArgumentsHost);\n    assertResponse(status, expectation);\n  });\n});\n\nfunction assertResponse(expectedStatus: number, expectedJson: IProblemDetail) {\n  expect(mockType).toHaveBeenCalledWith(PROBLEM_CONTENT_TYPE);\n  expect(mockStatus).toHaveBeenCalledWith(expectedStatus);\n}\n",
              "err": {},
              "uuid": "e2249445-c9e9-485b-99c6-02c6616b8857",
              "parentUUID": "11323732-7ad2-422d-baf0-43ce8c8833ae",
              "isHook": false,
              "skipped": false
            },
            {
              "title": "filters > code exception > should be return application info",
              "fullTitle": "should be return application info",
              "timedOut": false,
              "duration": 0,
              "state": "passed",
              "speed": null,
              "pass": true,
              "fail": false,
              "pending": false,
              "context": null,
              "code": "import { BadRequestException, ForbiddenException, HttpException, HttpStatus } from '@nestjs/common';\nimport { config } from '@tresdoce-nestjs-toolkit/test-utils';\nimport { ExceptionsFilter, PROBLEM_CONTENT_TYPE, IErrorDetail, IProblemDetail } from '../';\n\nconst mockJson = jest.fn();\n\nconst mockStatus = jest.fn().mockImplementation(() => ({\n  json: mockJson,\n}));\n\nconst mockType = jest.fn().mockImplementation(() => ({\n  status: mockStatus,\n}));\n\nconst mockGetResponse = jest.fn().mockImplementation(() => ({\n  type: mockType,\n}));\n\nconst mockUrl = jest.fn().mockImplementation(() => ({\n  url: mockJson,\n}));\n\nconst mockGetRequest = jest.fn().mockImplementation(() => ({\n  type: mockUrl,\n}));\n\nconst mockHttpArgumentsHost = jest.fn().mockImplementation(() => ({\n  getResponse: mockGetResponse,\n  getRequest: mockGetRequest,\n}));\n\nconst mockArgumentsHost = {\n  switchToHttp: mockHttpArgumentsHost,\n  getArgByIndex: jest.fn(),\n  getArgs: jest.fn(),\n  getType: jest.fn(),\n  switchToRpc: jest.fn(),\n  switchToWs: jest.fn(),\n};\n\ndescribe('filters', () => {\n  describe('code exception', () => {\n    const appConfig = config();\n    const filter = new ExceptionsFilter(appConfig);\n    it('should map a regular code exception', () => {\n      const status = HttpStatus.INTERNAL_SERVER_ERROR;\n      const expectation: IProblemDetail = {\n        message: HttpStatus[status],\n        status,\n        code: HttpStatus[status],\n      };\n      try {\n        const linea: any = undefined;\n        linea.split('');\n      } catch (error) {\n        filter.catch(error, mockArgumentsHost);\n        assertResponse(status, expectation);\n      }\n    });\n  });\n\n  describe('default Http exceptions', () => {\n    const appConfig = config();\n    const filter = new ExceptionsFilter(appConfig);\n    it('should map default exception when thrown with not parameters', () => {\n      const status = HttpStatus.BAD_REQUEST;\n      const expectation: IProblemDetail = {\n        message: HttpStatus[status],\n        status,\n        code: HttpStatus[status],\n      };\n\n      filter.catch(new BadRequestException(), mockArgumentsHost);\n\n      assertResponse(status, expectation);\n    });\n\n    it('should map default exception when thrown with error details', () => {\n      const status = HttpStatus.FORBIDDEN;\n      const message = 'not pass!';\n\n      const expectation: IProblemDetail = {\n        message,\n        status,\n        code: HttpStatus[status],\n        detail: HttpStatus[status],\n      };\n      filter.catch(new ForbiddenException(message), mockArgumentsHost);\n\n      assertResponse(status, expectation);\n    });\n\n    it('should map default exception when thrown with error details and description', () => {\n      const status = HttpStatus.FORBIDDEN;\n      const message = 'passing?';\n      const details = 'not pass!';\n\n      const expectation: IProblemDetail = {\n        message,\n        detail: details,\n        status,\n        code: HttpStatus[status],\n      };\n      filter.catch(new ForbiddenException(message, details), mockArgumentsHost);\n\n      assertResponse(status, expectation);\n    });\n\n    describe('the generic HttpException', () => {\n      it('should map HttpException response when called with a string', () => {\n        const status = HttpStatus.SEE_OTHER;\n        const message = 'Not passing';\n\n        const expectation: IProblemDetail = {\n          message,\n          status,\n          code: HttpStatus[status],\n        };\n\n        filter.catch(new HttpException(message, status), mockArgumentsHost);\n\n        assertResponse(status, expectation);\n      });\n\n      it('should map HttpException response when called with an object', () => {\n        const status = HttpStatus.SEE_OTHER;\n        const errorObject: IErrorDetail = {\n          message: 'some message',\n        };\n\n        const expectation: IProblemDetail = {\n          message: errorObject.message,\n          status,\n          code: HttpStatus[status],\n        };\n\n        filter.catch(new HttpException(errorObject, status), mockArgumentsHost);\n\n        assertResponse(status, expectation);\n      });\n\n      it('should map HttpException response when called with an object with empty message', () => {\n        const status = HttpStatus.SEE_OTHER;\n        const errorObject: IErrorDetail = {\n          message: '',\n        };\n\n        const expectation: IProblemDetail = {\n          message: errorObject.message,\n          status,\n          code: HttpStatus[status],\n        };\n\n        filter.catch(new HttpException(errorObject, status), mockArgumentsHost);\n\n        assertResponse(status, expectation);\n      });\n\n      it('should map HttpException response when called with an array', () => {\n        const status = HttpStatus.SEE_OTHER;\n        const errorObject = {\n          message: ['some message', 'some message 2'],\n          error: 'Bad Request',\n        };\n\n        const expectation: IProblemDetail = {\n          message: errorObject.error,\n          detail: [{ message: errorObject.message[0] }, { message: errorObject.message[1] }],\n          status,\n          code: HttpStatus[status],\n        };\n\n        filter.catch(new HttpException(errorObject, status), mockArgumentsHost);\n        assertResponse(status, expectation);\n      });\n    });\n\n    it('should map HttpException response when called with an object', () => {\n      const errorObject: IErrorDetail = {\n        message: 'some message',\n        error: {\n          instance: 'instance',\n          type: 'some-problem-detail',\n        },\n      };\n\n      const status = HttpStatus.BAD_REQUEST;\n      const expectation: IProblemDetail = {\n        message: errorObject.message,\n        detail: errorObject.error,\n        status,\n        instance: errorObject.error.instance,\n        code: HttpStatus[status],\n      };\n\n      filter.catch(new HttpException(errorObject, status), mockArgumentsHost);\n\n      assertResponse(status, expectation);\n    });\n  });\n\n  describe('when used outside a module', () => {\n    const appConfig = config();\n    const filter = new ExceptionsFilter(appConfig);\n    it('should map default exception when thrown with not parameters', () => {\n      const status = HttpStatus.BAD_REQUEST;\n      const expectation: IProblemDetail = {\n        message: HttpStatus[status],\n        status,\n        code: HttpStatus[status],\n      };\n\n      filter.catch(new BadRequestException(), mockArgumentsHost);\n\n      assertResponse(status, expectation);\n    });\n  });\n\n  describe('configuration is defined with values', () => {\n    const appConfig = config();\n    const filter = new ExceptionsFilter(appConfig);\n\n    it('should be return application info', async () => {\n      expect(appConfig.project.apiPrefix).toEqual('API-TEST');\n    });\n\n    const status = HttpStatus.BAD_REQUEST;\n    const expectation: IProblemDetail = {\n      message: HttpStatus[status],\n      status,\n      code: HttpStatus[status],\n    };\n\n    filter.catch(new BadRequestException(), mockArgumentsHost);\n\n    assertResponse(status, expectation);\n  });\n\n  describe('configuration is undefined', () => {\n    const appConfig = undefined;\n    const filter = new ExceptionsFilter(appConfig);\n    const status = HttpStatus.BAD_REQUEST;\n    const expectation: IProblemDetail = {\n      message: HttpStatus[status],\n      status,\n      code: HttpStatus[status],\n    };\n\n    filter.catch(new BadRequestException(), mockArgumentsHost);\n    assertResponse(status, expectation);\n  });\n});\n\nfunction assertResponse(expectedStatus: number, expectedJson: IProblemDetail) {\n  expect(mockType).toHaveBeenCalledWith(PROBLEM_CONTENT_TYPE);\n  expect(mockStatus).toHaveBeenCalledWith(expectedStatus);\n}\n",
              "err": {},
              "uuid": "21e7296b-100f-41fe-bea1-1c9d92c9f14c",
              "parentUUID": "11323732-7ad2-422d-baf0-43ce8c8833ae",
              "isHook": false,
              "skipped": false
            },
            {
              "title": "error.utils > should be return code in string",
              "fullTitle": "should be return code in string",
              "timedOut": false,
              "duration": 2,
              "state": "passed",
              "speed": null,
              "pass": true,
              "fail": false,
              "pending": false,
              "context": null,
              "code": "import { getCode } from '../';\nimport { HttpStatus } from '@nestjs/common';\n\ndescribe('error.utils', () => {\n  it('should be return code in string', () => {\n    const code = getCode(HttpStatus[HttpStatus.INTERNAL_SERVER_ERROR]);\n    expect(code).toEqual('INTERNAL_SERVER_ERROR');\n  });\n\n  it('should be return code in string obj', () => {\n    const code = getCode({ error: HttpStatus[HttpStatus.INTERNAL_SERVER_ERROR] });\n    expect(code).toEqual('INTERNAL_SERVER_ERROR');\n  });\n\n  it('should be return code in string', () => {\n    const code = getCode({ error: HttpStatus['TEST_ERROR'] });\n    expect(code).toEqual('INTERNAL_SERVER_ERROR');\n  });\n});\n",
              "err": {},
              "uuid": "a4533958-84cc-47d1-8825-a8943b686224",
              "parentUUID": "11323732-7ad2-422d-baf0-43ce8c8833ae",
              "isHook": false,
              "skipped": false
            },
            {
              "title": "error.utils > should be return code in string obj",
              "fullTitle": "should be return code in string obj",
              "timedOut": false,
              "duration": 0,
              "state": "passed",
              "speed": null,
              "pass": true,
              "fail": false,
              "pending": false,
              "context": null,
              "code": "import { getCode } from '../';\nimport { HttpStatus } from '@nestjs/common';\n\ndescribe('error.utils', () => {\n  it('should be return code in string', () => {\n    const code = getCode(HttpStatus[HttpStatus.INTERNAL_SERVER_ERROR]);\n    expect(code).toEqual('INTERNAL_SERVER_ERROR');\n  });\n\n  it('should be return code in string obj', () => {\n    const code = getCode({ error: HttpStatus[HttpStatus.INTERNAL_SERVER_ERROR] });\n    expect(code).toEqual('INTERNAL_SERVER_ERROR');\n  });\n\n  it('should be return code in string', () => {\n    const code = getCode({ error: HttpStatus['TEST_ERROR'] });\n    expect(code).toEqual('INTERNAL_SERVER_ERROR');\n  });\n});\n",
              "err": {},
              "uuid": "4ade6e99-0315-4024-ba8f-402e961858b5",
              "parentUUID": "11323732-7ad2-422d-baf0-43ce8c8833ae",
              "isHook": false,
              "skipped": false
            },
            {
              "title": "error.utils > should be return code in string",
              "fullTitle": "should be return code in string",
              "timedOut": false,
              "duration": 1,
              "state": "passed",
              "speed": null,
              "pass": true,
              "fail": false,
              "pending": false,
              "context": null,
              "code": "import { getCode } from '../';\nimport { HttpStatus } from '@nestjs/common';\n\ndescribe('error.utils', () => {\n  it('should be return code in string', () => {\n    const code = getCode(HttpStatus[HttpStatus.INTERNAL_SERVER_ERROR]);\n    expect(code).toEqual('INTERNAL_SERVER_ERROR');\n  });\n\n  it('should be return code in string obj', () => {\n    const code = getCode({ error: HttpStatus[HttpStatus.INTERNAL_SERVER_ERROR] });\n    expect(code).toEqual('INTERNAL_SERVER_ERROR');\n  });\n\n  it('should be return code in string', () => {\n    const code = getCode({ error: HttpStatus['TEST_ERROR'] });\n    expect(code).toEqual('INTERNAL_SERVER_ERROR');\n  });\n});\n",
              "err": {},
              "uuid": "a271a932-0d47-48f2-8bdb-be11f18ee56a",
              "parentUUID": "11323732-7ad2-422d-baf0-43ce8c8833ae",
              "isHook": false,
              "skipped": false
            }
          ],
          "suites": [],
          "passes": [
            "2c13e2f6-9cf8-42d1-a4ce-07e29aa49f82",
            "63f34ddb-d7ab-43b2-b1a4-6fac94702efd",
            "98924d49-44a4-4c28-be71-5585709eebfb",
            "db813592-3dc1-4499-af71-225bdf80dc6e",
            "f1915e77-da89-4ad2-bed4-eb378fee9cce",
            "0cf34fcb-bc9d-4122-bb9a-3793b484cb8b",
            "cc2c5d6b-623e-41ef-9643-02bf8d45695c",
            "baa5d3c9-80a3-4363-a4a7-9c63624d8254",
            "97d8ca91-8649-4917-9e4d-d90ba873a9c9",
            "e2249445-c9e9-485b-99c6-02c6616b8857",
            "21e7296b-100f-41fe-bea1-1c9d92c9f14c",
            "a4533958-84cc-47d1-8825-a8943b686224",
            "4ade6e99-0315-4024-ba8f-402e961858b5",
            "a271a932-0d47-48f2-8bdb-be11f18ee56a"
          ],
          "failures": [],
          "pending": [],
          "skipped": [],
          "duration": 11,
          "root": false,
          "rootEmpty": false,
          "_timeout": 5000
        }
      ],
      "passes": [],
      "failures": [],
      "pending": [],
      "skipped": [],
      "duration": 0,
      "root": true,
      "rootEmpty": true,
      "_timeout": 5000
    }
  ]
}
