{
  "stats": {
    "suites": 2,
    "tests": 14,
    "passes": 14,
    "pending": 0,
    "failures": 0,
    "testsRegistered": 14,
    "passPercent": 100,
    "pendingPercent": 0,
    "other": 0,
    "hasOther": false,
    "skipped": 0,
    "hasSkipped": false,
    "start": "2023-05-01T23:22:13.337Z",
    "end": "2023-05-01T23:22:13.350Z",
    "duration": 13
  },
  "results": [
    {
      "uuid": "171847cf-32b4-4c96-a0e3-9f953f48e77b",
      "title": "@tresdoce-nestjs-toolkit/filters",
      "fullFile": "",
      "file": "",
      "beforeHooks": [],
      "afterHooks": [],
      "tests": [],
      "suites": [
        {
          "uuid": "a3d6216e-8e8a-4b09-a074-504235064f61",
          "title": "@tresdoce-nestjs-toolkit/filters",
          "fullFile": "",
          "file": "",
          "beforeHooks": [],
          "afterHooks": [],
          "tests": [
            {
              "title": "should map a regular code exception",
              "fullTitle": "filters > code exception > should map a regular code exception",
              "timedOut": false,
              "duration": 1,
              "state": "passed",
              "speed": null,
              "pass": true,
              "fail": false,
              "pending": false,
              "context": null,
              "code": "",
              "err": {},
              "uuid": "fa67e119-a445-4677-a824-b2921dfc9383",
              "parentUUID": "a3d6216e-8e8a-4b09-a074-504235064f61",
              "isHook": false,
              "skipped": false
            },
            {
              "title": "should map default exception when thrown with not parameters",
              "fullTitle": "filters > code exception > should map default exception when thrown with not parameters",
              "timedOut": false,
              "duration": 1,
              "state": "passed",
              "speed": null,
              "pass": true,
              "fail": false,
              "pending": false,
              "context": null,
              "code": "",
              "err": {},
              "uuid": "6c2e8ac0-a76c-4289-9c4e-de734d00a1ef",
              "parentUUID": "a3d6216e-8e8a-4b09-a074-504235064f61",
              "isHook": false,
              "skipped": false
            },
            {
              "title": "should map default exception when thrown with error details",
              "fullTitle": "filters > code exception > should map default exception when thrown with error details",
              "timedOut": false,
              "duration": 1,
              "state": "passed",
              "speed": null,
              "pass": true,
              "fail": false,
              "pending": false,
              "context": null,
              "code": "",
              "err": {},
              "uuid": "0ecb5fdc-f85f-422b-9a0b-735a7ba3b1e9",
              "parentUUID": "a3d6216e-8e8a-4b09-a074-504235064f61",
              "isHook": false,
              "skipped": false
            },
            {
              "title": "should map default exception when thrown with error details and description",
              "fullTitle": "filters > code exception > should map default exception when thrown with error details and description",
              "timedOut": false,
              "duration": 1,
              "state": "passed",
              "speed": null,
              "pass": true,
              "fail": false,
              "pending": false,
              "context": null,
              "code": "",
              "err": {},
              "uuid": "cb7f6169-0484-42b8-8cbd-bfd40faff5af",
              "parentUUID": "a3d6216e-8e8a-4b09-a074-504235064f61",
              "isHook": false,
              "skipped": false
            },
            {
              "title": "should map HttpException response when called with a string",
              "fullTitle": "filters > code exception > should map HttpException response when called with a string",
              "timedOut": false,
              "duration": 1,
              "state": "passed",
              "speed": null,
              "pass": true,
              "fail": false,
              "pending": false,
              "context": null,
              "code": "",
              "err": {},
              "uuid": "5d1419af-1f94-4422-8748-9cde6a44a01f",
              "parentUUID": "a3d6216e-8e8a-4b09-a074-504235064f61",
              "isHook": false,
              "skipped": false
            },
            {
              "title": "should map HttpException response when called with an object",
              "fullTitle": "filters > code exception > should map HttpException response when called with an object",
              "timedOut": false,
              "duration": 1,
              "state": "passed",
              "speed": null,
              "pass": true,
              "fail": false,
              "pending": false,
              "context": null,
              "code": "",
              "err": {},
              "uuid": "f633edad-76c9-44ac-8476-8b59b2065dc4",
              "parentUUID": "a3d6216e-8e8a-4b09-a074-504235064f61",
              "isHook": false,
              "skipped": false
            },
            {
              "title": "should map HttpException response when called with an object with empty message",
              "fullTitle": "filters > code exception > should map HttpException response when called with an object with empty message",
              "timedOut": false,
              "duration": 1,
              "state": "passed",
              "speed": null,
              "pass": true,
              "fail": false,
              "pending": false,
              "context": null,
              "code": "",
              "err": {},
              "uuid": "861257ad-c7fe-449f-8669-584b1645f13b",
              "parentUUID": "a3d6216e-8e8a-4b09-a074-504235064f61",
              "isHook": false,
              "skipped": false
            },
            {
              "title": "should map HttpException response when called with an array",
              "fullTitle": "filters > code exception > should map HttpException response when called with an array",
              "timedOut": false,
              "duration": 1,
              "state": "passed",
              "speed": null,
              "pass": true,
              "fail": false,
              "pending": false,
              "context": null,
              "code": "",
              "err": {},
              "uuid": "ec747fa2-2652-4e7b-be5b-28603f326c80",
              "parentUUID": "a3d6216e-8e8a-4b09-a074-504235064f61",
              "isHook": false,
              "skipped": false
            },
            {
              "title": "should map HttpException response when called with an object",
              "fullTitle": "filters > code exception > should map HttpException response when called with an object",
              "timedOut": false,
              "duration": 1,
              "state": "passed",
              "speed": null,
              "pass": true,
              "fail": false,
              "pending": false,
              "context": null,
              "code": "",
              "err": {},
              "uuid": "0c781042-b3af-4314-8c0a-3b41b2a7058e",
              "parentUUID": "a3d6216e-8e8a-4b09-a074-504235064f61",
              "isHook": false,
              "skipped": false
            },
            {
              "title": "should map default exception when thrown with not parameters",
              "fullTitle": "filters > code exception > should map default exception when thrown with not parameters",
              "timedOut": false,
              "duration": 0,
              "state": "passed",
              "speed": null,
              "pass": true,
              "fail": false,
              "pending": false,
              "context": null,
              "code": "",
              "err": {},
              "uuid": "5fe880b6-cc29-4990-b3b9-a7d6146dcafb",
              "parentUUID": "a3d6216e-8e8a-4b09-a074-504235064f61",
              "isHook": false,
              "skipped": false
            },
            {
              "title": "should be return application info",
              "fullTitle": "filters > code exception > should be return application info",
              "timedOut": false,
              "duration": 0,
              "state": "passed",
              "speed": null,
              "pass": true,
              "fail": false,
              "pending": false,
              "context": null,
              "code": "",
              "err": {},
              "uuid": "7fb4a91c-5271-4b65-ad7d-1fe46c7185f3",
              "parentUUID": "a3d6216e-8e8a-4b09-a074-504235064f61",
              "isHook": false,
              "skipped": false
            },
            {
              "title": "should be return code in string",
              "fullTitle": "error.utils > should be return code in string",
              "timedOut": false,
              "duration": 3,
              "state": "passed",
              "speed": null,
              "pass": true,
              "fail": false,
              "pending": false,
              "context": null,
              "code": "",
              "err": {},
              "uuid": "e6f71575-ec9f-4540-8391-1fba5c65e08b",
              "parentUUID": "a3d6216e-8e8a-4b09-a074-504235064f61",
              "isHook": false,
              "skipped": false
            },
            {
              "title": "should be return code in string obj",
              "fullTitle": "error.utils > should be return code in string obj",
              "timedOut": false,
              "duration": 0,
              "state": "passed",
              "speed": null,
              "pass": true,
              "fail": false,
              "pending": false,
              "context": null,
              "code": "",
              "err": {},
              "uuid": "dfe2cac9-5fe0-490c-95e2-d9a7221f400b",
              "parentUUID": "a3d6216e-8e8a-4b09-a074-504235064f61",
              "isHook": false,
              "skipped": false
            },
            {
              "title": "should be return code in string",
              "fullTitle": "error.utils > should be return code in string",
              "timedOut": false,
              "duration": 1,
              "state": "passed",
              "speed": null,
              "pass": true,
              "fail": false,
              "pending": false,
              "context": null,
              "code": "",
              "err": {},
              "uuid": "51182793-da70-456f-b8ef-43310df432ef",
              "parentUUID": "a3d6216e-8e8a-4b09-a074-504235064f61",
              "isHook": false,
              "skipped": false
            }
          ],
          "suites": [],
          "passes": [
            "fa67e119-a445-4677-a824-b2921dfc9383",
            "6c2e8ac0-a76c-4289-9c4e-de734d00a1ef",
            "0ecb5fdc-f85f-422b-9a0b-735a7ba3b1e9",
            "cb7f6169-0484-42b8-8cbd-bfd40faff5af",
            "5d1419af-1f94-4422-8748-9cde6a44a01f",
            "f633edad-76c9-44ac-8476-8b59b2065dc4",
            "861257ad-c7fe-449f-8669-584b1645f13b",
            "ec747fa2-2652-4e7b-be5b-28603f326c80",
            "0c781042-b3af-4314-8c0a-3b41b2a7058e",
            "5fe880b6-cc29-4990-b3b9-a7d6146dcafb",
            "7fb4a91c-5271-4b65-ad7d-1fe46c7185f3",
            "e6f71575-ec9f-4540-8391-1fba5c65e08b",
            "dfe2cac9-5fe0-490c-95e2-d9a7221f400b",
            "51182793-da70-456f-b8ef-43310df432ef"
          ],
          "failures": [],
          "pending": [],
          "skipped": [],
          "duration": 13,
          "root": false,
          "rootEmpty": false,
          "_timeout": 5000
        }
      ],
      "passes": [],
      "failures": [],
      "pending": [],
      "skipped": [],
      "duration": 0,
      "root": true,
      "rootEmpty": true,
      "_timeout": 5000
    }
  ]
}
