{
  "stats": {
    "suites": 2,
    "tests": 14,
    "passes": 14,
    "pending": 0,
    "failures": 0,
    "testsRegistered": 14,
    "passPercent": 100,
    "pendingPercent": 0,
    "other": 0,
    "hasOther": false,
    "skipped": 0,
    "hasSkipped": false,
    "start": "2023-05-01T23:11:55.357Z",
    "end": "2023-05-01T23:11:55.369Z",
    "duration": 12
  },
  "results": [
    {
      "uuid": "243adf13-eab1-4808-afc9-219e1e2ccebd",
      "title": "@tresdoce-nestjs-toolkit/filters",
      "fullFile": "",
      "file": "",
      "beforeHooks": [],
      "afterHooks": [],
      "tests": [],
      "suites": [
        {
          "uuid": "2cab564c-9a11-41f8-a7db-8d3c25f0c04f",
          "title": "@tresdoce-nestjs-toolkit/filters",
          "fullFile": "",
          "file": "",
          "beforeHooks": [],
          "afterHooks": [],
          "tests": [
            {
              "title": "should map a regular code exception",
              "fullTitle": "filters > code exception > should map a regular code exception",
              "timedOut": false,
              "duration": 1,
              "state": "passed",
              "speed": null,
              "pass": true,
              "fail": false,
              "pending": false,
              "context": null,
              "code": "",
              "err": {},
              "uuid": "cc01da99-7651-4f42-8176-b599ae978702",
              "parentUUID": "2cab564c-9a11-41f8-a7db-8d3c25f0c04f",
              "isHook": false,
              "skipped": false
            },
            {
              "title": "should map default exception when thrown with not parameters",
              "fullTitle": "filters > code exception > should map default exception when thrown with not parameters",
              "timedOut": false,
              "duration": 1,
              "state": "passed",
              "speed": null,
              "pass": true,
              "fail": false,
              "pending": false,
              "context": null,
              "code": "",
              "err": {},
              "uuid": "58cdc3a3-2df9-4e0f-93b8-28d16e6ef257",
              "parentUUID": "2cab564c-9a11-41f8-a7db-8d3c25f0c04f",
              "isHook": false,
              "skipped": false
            },
            {
              "title": "should map default exception when thrown with error details",
              "fullTitle": "filters > code exception > should map default exception when thrown with error details",
              "timedOut": false,
              "duration": 1,
              "state": "passed",
              "speed": null,
              "pass": true,
              "fail": false,
              "pending": false,
              "context": null,
              "code": "",
              "err": {},
              "uuid": "836dc6eb-f99d-4fb1-89f3-438052dfe004",
              "parentUUID": "2cab564c-9a11-41f8-a7db-8d3c25f0c04f",
              "isHook": false,
              "skipped": false
            },
            {
              "title": "should map default exception when thrown with error details and description",
              "fullTitle": "filters > code exception > should map default exception when thrown with error details and description",
              "timedOut": false,
              "duration": 1,
              "state": "passed",
              "speed": null,
              "pass": true,
              "fail": false,
              "pending": false,
              "context": null,
              "code": "",
              "err": {},
              "uuid": "ca7e36a3-38c9-4ffb-850c-2f7036011d7c",
              "parentUUID": "2cab564c-9a11-41f8-a7db-8d3c25f0c04f",
              "isHook": false,
              "skipped": false
            },
            {
              "title": "should map HttpException response when called with a string",
              "fullTitle": "filters > code exception > should map HttpException response when called with a string",
              "timedOut": false,
              "duration": 1,
              "state": "passed",
              "speed": null,
              "pass": true,
              "fail": false,
              "pending": false,
              "context": null,
              "code": "",
              "err": {},
              "uuid": "5c29bbce-060a-4ddd-87bf-710a58521fac",
              "parentUUID": "2cab564c-9a11-41f8-a7db-8d3c25f0c04f",
              "isHook": false,
              "skipped": false
            },
            {
              "title": "should map HttpException response when called with an object",
              "fullTitle": "filters > code exception > should map HttpException response when called with an object",
              "timedOut": false,
              "duration": 0,
              "state": "passed",
              "speed": null,
              "pass": true,
              "fail": false,
              "pending": false,
              "context": null,
              "code": "",
              "err": {},
              "uuid": "0f96b1f0-a4f8-4e41-8ee8-657d60a6e95a",
              "parentUUID": "2cab564c-9a11-41f8-a7db-8d3c25f0c04f",
              "isHook": false,
              "skipped": false
            },
            {
              "title": "should map HttpException response when called with an object with empty message",
              "fullTitle": "filters > code exception > should map HttpException response when called with an object with empty message",
              "timedOut": false,
              "duration": 1,
              "state": "passed",
              "speed": null,
              "pass": true,
              "fail": false,
              "pending": false,
              "context": null,
              "code": "",
              "err": {},
              "uuid": "74245e15-6c72-4305-92eb-bb191c244ba3",
              "parentUUID": "2cab564c-9a11-41f8-a7db-8d3c25f0c04f",
              "isHook": false,
              "skipped": false
            },
            {
              "title": "should map HttpException response when called with an array",
              "fullTitle": "filters > code exception > should map HttpException response when called with an array",
              "timedOut": false,
              "duration": 1,
              "state": "passed",
              "speed": null,
              "pass": true,
              "fail": false,
              "pending": false,
              "context": null,
              "code": "",
              "err": {},
              "uuid": "d4425b2f-0ade-4765-b79d-70d35527db92",
              "parentUUID": "2cab564c-9a11-41f8-a7db-8d3c25f0c04f",
              "isHook": false,
              "skipped": false
            },
            {
              "title": "should map HttpException response when called with an object",
              "fullTitle": "filters > code exception > should map HttpException response when called with an object",
              "timedOut": false,
              "duration": 0,
              "state": "passed",
              "speed": null,
              "pass": true,
              "fail": false,
              "pending": false,
              "context": null,
              "code": "",
              "err": {},
              "uuid": "333d5ac6-b9f4-4d43-81b1-1cf601bfed34",
              "parentUUID": "2cab564c-9a11-41f8-a7db-8d3c25f0c04f",
              "isHook": false,
              "skipped": false
            },
            {
              "title": "should map default exception when thrown with not parameters",
              "fullTitle": "filters > code exception > should map default exception when thrown with not parameters",
              "timedOut": false,
              "duration": 0,
              "state": "passed",
              "speed": null,
              "pass": true,
              "fail": false,
              "pending": false,
              "context": null,
              "code": "",
              "err": {},
              "uuid": "a084cf0b-98cd-4b29-bb77-89868b564634",
              "parentUUID": "2cab564c-9a11-41f8-a7db-8d3c25f0c04f",
              "isHook": false,
              "skipped": false
            },
            {
              "title": "should be return application info",
              "fullTitle": "filters > code exception > should be return application info",
              "timedOut": false,
              "duration": 1,
              "state": "passed",
              "speed": null,
              "pass": true,
              "fail": false,
              "pending": false,
              "context": null,
              "code": "",
              "err": {},
              "uuid": "60122de5-ef10-4f0f-bfc7-2921bb8be6cf",
              "parentUUID": "2cab564c-9a11-41f8-a7db-8d3c25f0c04f",
              "isHook": false,
              "skipped": false
            },
            {
              "title": "should be return code in string",
              "fullTitle": "error.utils > should be return code in string",
              "timedOut": false,
              "duration": 3,
              "state": "passed",
              "speed": null,
              "pass": true,
              "fail": false,
              "pending": false,
              "context": null,
              "code": "",
              "err": {},
              "uuid": "a4574a4e-71be-4979-9784-cf0341197ca7",
              "parentUUID": "2cab564c-9a11-41f8-a7db-8d3c25f0c04f",
              "isHook": false,
              "skipped": false
            },
            {
              "title": "should be return code in string obj",
              "fullTitle": "error.utils > should be return code in string obj",
              "timedOut": false,
              "duration": 1,
              "state": "passed",
              "speed": null,
              "pass": true,
              "fail": false,
              "pending": false,
              "context": null,
              "code": "",
              "err": {},
              "uuid": "0de57236-a54b-4090-8ccd-0230ec40a5cf",
              "parentUUID": "2cab564c-9a11-41f8-a7db-8d3c25f0c04f",
              "isHook": false,
              "skipped": false
            },
            {
              "title": "should be return code in string",
              "fullTitle": "error.utils > should be return code in string",
              "timedOut": false,
              "duration": 0,
              "state": "passed",
              "speed": null,
              "pass": true,
              "fail": false,
              "pending": false,
              "context": null,
              "code": "",
              "err": {},
              "uuid": "7cd02358-ea3a-46e7-8757-1bf3e5e0e8a5",
              "parentUUID": "2cab564c-9a11-41f8-a7db-8d3c25f0c04f",
              "isHook": false,
              "skipped": false
            }
          ],
          "suites": [],
          "passes": [
            "cc01da99-7651-4f42-8176-b599ae978702",
            "58cdc3a3-2df9-4e0f-93b8-28d16e6ef257",
            "836dc6eb-f99d-4fb1-89f3-438052dfe004",
            "ca7e36a3-38c9-4ffb-850c-2f7036011d7c",
            "5c29bbce-060a-4ddd-87bf-710a58521fac",
            "0f96b1f0-a4f8-4e41-8ee8-657d60a6e95a",
            "74245e15-6c72-4305-92eb-bb191c244ba3",
            "d4425b2f-0ade-4765-b79d-70d35527db92",
            "333d5ac6-b9f4-4d43-81b1-1cf601bfed34",
            "a084cf0b-98cd-4b29-bb77-89868b564634",
            "60122de5-ef10-4f0f-bfc7-2921bb8be6cf",
            "a4574a4e-71be-4979-9784-cf0341197ca7",
            "0de57236-a54b-4090-8ccd-0230ec40a5cf",
            "7cd02358-ea3a-46e7-8757-1bf3e5e0e8a5"
          ],
          "failures": [],
          "pending": [],
          "skipped": [],
          "duration": 12,
          "root": false,
          "rootEmpty": false,
          "_timeout": 5000
        }
      ],
      "passes": [],
      "failures": [],
      "pending": [],
      "skipped": [],
      "duration": 0,
      "root": true,
      "rootEmpty": true,
      "_timeout": 5000
    }
  ]
}
