{
  "stats": {
    "suites": 2,
    "tests": 27,
    "passes": 27,
    "pending": 0,
    "failures": 0,
    "testsRegistered": 27,
    "passPercent": 100,
    "pendingPercent": 0,
    "other": 0,
    "hasOther": false,
    "skipped": 0,
    "hasSkipped": false,
    "start": "2023-05-02T00:49:46.695Z",
    "end": "2023-05-02T00:49:46.996Z",
    "duration": 301
  },
  "results": [
    {
      "uuid": "658f4681-3106-4116-8053-60aef45c3732",
      "title": "@tresdoce-nestjs-toolkit/mailer",
      "fullFile": "",
      "file": "",
      "beforeHooks": [],
      "afterHooks": [],
      "tests": [],
      "suites": [
        {
          "uuid": "acab09c4-f084-4050-9ea5-31c24484fa36",
          "title": "@tresdoce-nestjs-toolkit/mailer",
          "fullFile": "",
          "file": "",
          "beforeHooks": [],
          "afterHooks": [],
          "tests": [
            {
              "title": "MailerService > should not be defined if a transport is not provided",
              "fullTitle": "should not be defined if a transport is not provided",
              "timedOut": false,
              "duration": 13,
              "state": "passed",
              "speed": null,
              "pass": true,
              "fail": false,
              "pending": false,
              "context": null,
              "code": "import { Test, TestingModule } from '@nestjs/testing';\nimport { pathJoin } from '@tresdoce-nestjs-toolkit/test-utils';\nimport * as nodemailerMock from 'nodemailer-mock';\nimport MailMessage from 'nodemailer/lib/mailer/mail-message';\nimport SMTPTransport from 'nodemailer/lib/smtp-transport';\n\nimport { MAILER_OPTIONS, MAILER_TRANSPORT_FACTORY } from '../mailer/constants/mailer.constant';\n\nimport { MailerOptions, TransportType } from '../mailer/interfaces/mailer-options.interface';\nimport { MailerTransportFactory } from '../mailer/interfaces/mailer-transport-factory.interface';\n\nimport { HandlebarsAdapter } from '../mailer/adapters/handlebars.adapter';\nimport { PugAdapter } from '../mailer/adapters/pug.adapter';\nimport { EjsAdapter } from '../mailer/adapters/ejs.adapter';\n\nimport { MailerService } from '../mailer/services/mailer.service';\n\nconst template_path = pathJoin(__dirname, 'utils/test-templates');\n\nasync function getMailerServiceForOptions(options: MailerOptions): Promise<MailerService> {\n  const module: TestingModule = await Test.createTestingModule({\n    providers: [\n      {\n        name: MAILER_OPTIONS,\n        provide: MAILER_OPTIONS,\n        useValue: options,\n      },\n      MailerService,\n    ],\n  }).compile();\n\n  return module.get<MailerService>(MailerService);\n}\n\nfunction spyOnSmtpSend(onMail: (mail: MailMessage) => void) {\n  return jest\n    .spyOn(SMTPTransport.prototype, 'send')\n    .mockImplementation(function (\n      mail: MailMessage,\n      callback: (err: Error | null, info: SMTPTransport.SentMessageInfo) => void,\n    ): void {\n      onMail(mail);\n      callback(null, {\n        envelope: {\n          from: mail.data.from as string,\n          to: [mail.data.to as string],\n        },\n        messageId: 'ABCD',\n        accepted: [],\n        rejected: [],\n        pending: [],\n        response: 'ok',\n      });\n    });\n}\n\nasync function getMailerServiceWithCustomTransport(options: MailerOptions): Promise<MailerService> {\n  class TestTransportFactory implements MailerTransportFactory {\n    createTransport(options?: TransportType): any {\n      return nodemailerMock.createTransport({ host: 'localhost', port: -100 });\n    }\n  }\n\n  const module: TestingModule = await Test.createTestingModule({\n    providers: [\n      {\n        name: MAILER_OPTIONS,\n        provide: MAILER_OPTIONS,\n        useValue: options,\n      },\n      {\n        name: MAILER_TRANSPORT_FACTORY,\n        provide: MAILER_TRANSPORT_FACTORY,\n        useClass: TestTransportFactory,\n      },\n      MailerService,\n    ],\n  }).compile();\n  await module.init();\n\n  return module.get<MailerService>(MailerService);\n}\n\njest.setTimeout(70000);\ndescribe('MailerService', () => {\n  it('should not be defined if a transport is not provided', async () => {\n    await expect(getMailerServiceForOptions({})).rejects.toMatchInlineSnapshot(\n      `[Error: Make sure to provide a nodemailer transport configuration object, connection url or a transport plugin instance.]`,\n    );\n  });\n\n  it('should accept a smtp transport string', async () => {\n    const service = await getMailerServiceForOptions({\n      transport: 'smtps://user@domain.com:pass@smtp.domain.com',\n    });\n\n    expect(service).toBeDefined();\n    expect((service as any).transporter.transporter).toBeInstanceOf(SMTPTransport);\n  });\n\n  it('should accept a smtp transports string', async () => {\n    const service = await getMailerServiceForOptions({\n      transports: {\n        myDomain: 'smtps://user@domain.com:pass@smtp.domain.com',\n      },\n    });\n\n    expect(service).toBeDefined();\n    (service as any).transporters.forEach((value, key) => {\n      expect(value.transporter).toBeInstanceOf(SMTPTransport);\n    });\n  });\n\n  it('should accept smtp transport options', async () => {\n    const service = await getMailerServiceForOptions({\n      transport: {\n        secure: true,\n        requireTLS: true,\n        auth: {\n          user: 'user@domain.com',\n          pass: 'pass',\n        },\n        options: {\n          host: 'smtp.domain.com',\n        },\n      },\n    });\n\n    expect(service).toBeDefined();\n    expect((service as any).transporter.transporter).toBeInstanceOf(SMTPTransport);\n  });\n\n  it('should accept a smtp transport instance', async () => {\n    const transport = new SMTPTransport({});\n    const service = await getMailerServiceForOptions({\n      transport: transport,\n    });\n\n    expect(service).toBeDefined();\n    expect((service as any).transporter.transporter).toBe(transport);\n  });\n\n  it('should send emails with nodemailer', async () => {\n    let lastMail: MailMessage;\n    const send = spyOnSmtpSend((mail: MailMessage) => {\n      lastMail = mail;\n    });\n\n    const service = await getMailerServiceForOptions({\n      transport: 'smtps://user@domain.com:pass@smtp.domain.com',\n    });\n\n    await service.sendMail({\n      from: 'user1@example.test',\n      to: 'user2@example.test',\n      subject: 'Test',\n      html: 'This is test.',\n    });\n\n    expect(send).toHaveBeenCalled();\n    expect(lastMail.data.from).toBe('user1@example.test');\n    expect(lastMail.data.to).toBe('user2@example.test');\n    expect(lastMail.data.subject).toBe('Test');\n    expect(lastMail.data.html).toBe('This is test.');\n  });\n\n  it('should send emails with nodemailer transports', async () => {\n    let lastMail: MailMessage;\n    const send = spyOnSmtpSend((mail: MailMessage) => {\n      lastMail = mail;\n    });\n\n    const service = await getMailerServiceForOptions({\n      transports: {\n        myDomain: 'smtps://user@domain.com:pass@smtp.domain.com',\n      },\n    });\n\n    await service.sendMail({\n      transporterName: 'myDomain',\n      from: 'user1@example.test',\n      to: 'user2@example.test',\n      subject: 'Test',\n      html: 'This is test.',\n    });\n\n    expect(send).toHaveBeenCalled();\n    expect(lastMail.data.from).toBe('user1@example.test');\n    expect(lastMail.data.to).toBe('user2@example.test');\n    expect(lastMail.data.subject).toBe('Test');\n    expect(lastMail.data.html).toBe('This is test.');\n  });\n\n  it('should send emails with nodemailer with different transports name', async () => {\n    try {\n      let lastMail: MailMessage;\n      const send = spyOnSmtpSend((mail: MailMessage) => {\n        lastMail = mail;\n      });\n\n      const service = await getMailerServiceForOptions({\n        transports: {\n          myDomain: 'smtps://user@domain.com:pass@smtp.domain.com',\n        },\n      });\n\n      await service.sendMail({\n        transporterName: 'testDomain',\n        from: 'user1@example.test',\n        to: 'user2@example.test',\n        subject: 'Test',\n        html: 'This is test.',\n      });\n\n      expect(send).toHaveBeenCalled();\n    } catch (error) {\n      expect(error.message).toBe(\"Transporters object doesn't have testDomain key\");\n    }\n  });\n\n  it('should send emails with nodemailer without transports', async () => {\n    try {\n      let lastMail: MailMessage;\n      const send = spyOnSmtpSend((mail: MailMessage) => {\n        lastMail = mail;\n      });\n\n      const service = await getMailerServiceForOptions({\n        transports: {},\n      });\n\n      await service.sendMail({\n        from: 'user1@example.test',\n        to: 'user2@example.test',\n        subject: 'Test',\n        html: 'This is test.',\n      });\n\n      expect(send).toHaveBeenCalled();\n    } catch (error) {\n      expect(error.message).toBe('Transporter object undefined');\n    }\n  });\n\n  it('should use mailerOptions.defaults when send emails', async () => {\n    let lastMail: MailMessage;\n    const send = spyOnSmtpSend((mail: MailMessage) => {\n      lastMail = mail;\n    });\n\n    const service = await getMailerServiceForOptions({\n      transport: 'smtps://user@domain.com:pass@smtp.domain.com',\n      defaults: {\n        from: 'user1@example.test',\n      },\n    });\n\n    await service.sendMail({\n      to: 'user2@example.test',\n      subject: 'Test',\n      html: 'This is test.',\n    });\n\n    expect(send).toHaveBeenCalled();\n    expect(lastMail.data.from).toBe('user1@example.test');\n  });\n\n  it('should use custom transport to send mail', async () => {\n    const service = await getMailerServiceWithCustomTransport({\n      transport: 'smtps://user@domain.com:pass@smtp.domain.com',\n    });\n    await service.sendMail({\n      to: 'user2@example.test',\n      subject: 'Test',\n      html: 'This is test.',\n    });\n\n    expect(nodemailerMock.mock.getSentMail().length).toEqual(1);\n  });\n\n  it('should compile template with the handlebars adapter', async () => {\n    let lastMail: MailMessage;\n    const send = spyOnSmtpSend((mail: MailMessage) => {\n      lastMail = mail;\n    });\n\n    const service = await getMailerServiceForOptions({\n      transport: new SMTPTransport({}),\n      template: {\n        adapter: new HandlebarsAdapter(),\n      },\n    });\n\n    await service.sendMail({\n      from: 'user1@example.test',\n      to: 'user2@example.test',\n      subject: 'Test',\n      template: `${template_path}/handlebars-template`,\n      context: {\n        MAILER: 'Nest-modules TM',\n      },\n    });\n\n    expect(send).toHaveBeenCalled();\n    expect(lastMail.data.from).toBe('user1@example.test');\n    expect(lastMail.data.html).toBe(\n      '<html><head></head><body><p>Handlebars test template. by Nest-modules TM</p></body></html>',\n    );\n  });\n\n  it('should compile template with the handlebars adapter with relative path', async () => {\n    let lastMail: MailMessage;\n    const send = spyOnSmtpSend((mail: MailMessage) => {\n      lastMail = mail;\n    });\n\n    const service = await getMailerServiceForOptions({\n      transport: new SMTPTransport({}),\n      template: {\n        adapter: new HandlebarsAdapter(),\n        dir: `${template_path}`,\n      },\n      options: {\n        strict: true,\n        partials: {\n          dir: `${template_path}`,\n        },\n      },\n    });\n\n    await service.sendMail({\n      from: 'user1@example.test',\n      to: 'user2@example.test',\n      subject: 'Test',\n      template: `./handlebars-template`,\n      context: {\n        MAILER: 'Nest-modules TM',\n      },\n    });\n\n    expect(send).toHaveBeenCalled();\n    expect(lastMail.data.from).toBe('user1@example.test');\n    expect(lastMail.data.html).toBe(\n      '<html><head></head><body><p>Handlebars test template. by Nest-modules TM</p></body></html>',\n    );\n  });\n\n  it('should compile template with the handlebars adapter with error template path', async () => {\n    let templatePath = pathJoin(template_path, '/handlebars-templates');\n    try {\n      let lastMail: MailMessage;\n      const send = spyOnSmtpSend((mail: MailMessage) => {\n        lastMail = mail;\n      });\n\n      const service = await getMailerServiceForOptions({\n        transport: new SMTPTransport({}),\n        template: {\n          adapter: new HandlebarsAdapter(),\n        },\n      });\n\n      await service.sendMail({\n        from: 'user1@example.test',\n        to: 'user2@example.test',\n        subject: 'Test',\n        template: `${templatePath}`,\n        context: {\n          MAILER: 'Nest-modules TM',\n        },\n      });\n\n      expect(send).toHaveBeenCalled();\n    } catch (error) {\n      expect(error.message).toBe(\n        `Error: ENOENT: no such file or directory, open '${templatePath}.hbs'`,\n      );\n    }\n  });\n\n  it('should compile template with the handlebars adapter with disabled inline-css', async () => {\n    let lastMail: MailMessage;\n    const send = spyOnSmtpSend((mail: MailMessage) => {\n      lastMail = mail;\n    });\n\n    /*{\n      myHelper: (context, value) => {\n        console.log(context, value);\n      },\n    }*/\n\n    const service = await getMailerServiceForOptions({\n      transport: new SMTPTransport({}),\n      template: {\n        adapter: new HandlebarsAdapter(undefined, { inlineCssEnabled: false }),\n      },\n    });\n\n    await service.sendMail({\n      from: 'user1@example.test',\n      to: 'user2@example.test',\n      subject: 'Test',\n      template: `${template_path}/handlebars-template-media-query`,\n      context: {\n        MAILER: 'Nest-modules TM',\n      },\n    });\n\n    expect(send).toHaveBeenCalled();\n    expect(lastMail.data.from).toBe('user1@example.test');\n    expect(lastMail.data.html).toContain('@media only screen and (max-width:350px)');\n    expect(lastMail.data.html).toContain('<p>Handlebars test template. by Nest-modules TM</p>');\n  });\n\n  it('should compile template with the handlebars adapter with enabled inline-css and media query', async () => {\n    let lastMail: MailMessage;\n    const send = spyOnSmtpSend((mail: MailMessage) => {\n      lastMail = mail;\n    });\n\n    const service = await getMailerServiceForOptions({\n      transport: new SMTPTransport({}),\n      template: {\n        adapter: new HandlebarsAdapter(undefined, {\n          inlineCssEnabled: true,\n          inlineCssOptions: { url: ' ', preserveMediaQueries: true },\n        }),\n      },\n    });\n\n    await service.sendMail({\n      from: 'user1@example.test',\n      to: 'user2@example.test',\n      subject: 'Test',\n      template: `${template_path}/handlebars-template-media-query`,\n      context: {\n        MAILER: 'Nest-modules TM',\n      },\n    });\n\n    expect(send).toHaveBeenCalled();\n    expect(lastMail.data.from).toBe('user1@example.test');\n    expect(lastMail.data.html).toContain('@media only screen and (max-width:350px)');\n    expect(lastMail.data.html).toContain('<p>Handlebars test template. by Nest-modules TM</p>');\n  });\n\n  it('should compile template with the pug adapter', async () => {\n    let lastMail: MailMessage;\n    const send = spyOnSmtpSend((mail: MailMessage) => {\n      lastMail = mail;\n    });\n\n    const service = await getMailerServiceForOptions({\n      transport: new SMTPTransport({}),\n      template: {\n        adapter: new PugAdapter(),\n      },\n    });\n\n    await service.sendMail({\n      from: 'user1@example.test',\n      to: 'user2@example.test',\n      subject: 'Test',\n      template: `${template_path}/pug-template`,\n      context: {\n        world: 'World',\n      },\n    });\n\n    expect(send).toHaveBeenCalled();\n    expect(lastMail.data.from).toBe('user1@example.test');\n    expect(lastMail.data.html).toBe(\n      '<html><head></head><body><p>Pug test template.</p><p>Hello World!</p></body></html>',\n    );\n  });\n\n  it('should compile template with the pug adapter with relative path', async () => {\n    let lastMail: MailMessage;\n    const send = spyOnSmtpSend((mail: MailMessage) => {\n      lastMail = mail;\n    });\n\n    const service = await getMailerServiceForOptions({\n      transport: new SMTPTransport({}),\n      template: {\n        adapter: new PugAdapter(),\n        dir: template_path,\n      },\n    });\n\n    await service.sendMail({\n      from: 'user1@example.test',\n      to: 'user2@example.test',\n      subject: 'Test',\n      template: `./pug-template`,\n      context: {\n        world: 'World',\n      },\n    });\n\n    expect(send).toHaveBeenCalled();\n    expect(lastMail.data.from).toBe('user1@example.test');\n    expect(lastMail.data.html).toBe(\n      '<html><head></head><body><p>Pug test template.</p><p>Hello World!</p></body></html>',\n    );\n  });\n\n  it('should compile template with the pug adapter with error to read template', async () => {\n    let templatePath = pathJoin(template_path, '/pug-templates');\n\n    try {\n      let lastMail: MailMessage;\n      const send = spyOnSmtpSend((mail: MailMessage) => {\n        lastMail = mail;\n      });\n\n      const service = await getMailerServiceForOptions({\n        transport: new SMTPTransport({}),\n        template: {\n          adapter: new PugAdapter(),\n        },\n      });\n\n      await service.sendMail({\n        from: 'user1@example.test',\n        to: 'user2@example.test',\n        subject: 'Test',\n        template: `${templatePath}`,\n        context: {\n          world: 'World',\n        },\n      });\n\n      expect(send).toHaveBeenCalled();\n    } catch (error) {\n      expect(error.message).toBe(`ENOENT: no such file or directory, open '${templatePath}.pug'`);\n    }\n  });\n\n  it('should compile template with the pug adapter without inline css', async () => {\n    let lastMail: MailMessage;\n    const send = spyOnSmtpSend((mail: MailMessage) => {\n      lastMail = mail;\n    });\n\n    const service = await getMailerServiceForOptions({\n      transport: new SMTPTransport({}),\n      template: {\n        adapter: new PugAdapter({\n          inlineCssEnabled: false,\n        }),\n      },\n    });\n\n    await service.sendMail({\n      from: 'user1@example.test',\n      to: 'user2@example.test',\n      subject: 'Test',\n      template: `${template_path}/pug-template`,\n      context: {\n        world: 'World',\n      },\n    });\n\n    expect(send).toHaveBeenCalled();\n    expect(lastMail.data.from).toBe('user1@example.test');\n    expect(lastMail.data.html).toBe('<p>Pug test template.</p><p>Hello World!</p>');\n  });\n\n  it('should compile template with the ejs adapter', async () => {\n    let lastMail: MailMessage;\n    const send = spyOnSmtpSend((mail: MailMessage) => {\n      lastMail = mail;\n    });\n\n    const service = await getMailerServiceForOptions({\n      transport: new SMTPTransport({}),\n      template: {\n        adapter: new EjsAdapter(),\n      },\n    });\n\n    await service.sendMail({\n      from: 'user1@example.test',\n      to: 'user2@example.test',\n      subject: 'Test',\n      template: `${template_path}/ejs-template`,\n      context: {\n        MAILER: 'Nest-modules TM',\n      },\n    });\n\n    expect(send).toHaveBeenCalled();\n    expect(lastMail.data.from).toBe('user1@example.test');\n    expect(lastMail.data.html).toBe('<p>Ejs test template. by Nest-modules TM</p>');\n  });\n\n  it('should compile template with the ejs adapter with error to read template', async () => {\n    let templatePath = pathJoin(template_path, '/ejs-templates');\n    try {\n      let lastMail: MailMessage;\n      const send = spyOnSmtpSend((mail: MailMessage) => {\n        lastMail = mail;\n      });\n\n      const service = await getMailerServiceForOptions({\n        transport: new SMTPTransport({}),\n        template: {\n          adapter: new EjsAdapter(),\n        },\n      });\n\n      await service.sendMail({\n        from: 'user1@example.test',\n        to: 'user2@example.test',\n        subject: 'Test',\n        template: `${templatePath}`,\n        context: {\n          MAILER: 'Nest-modules TM',\n        },\n      });\n\n      expect(send).toHaveBeenCalled();\n    } catch (error) {\n      expect(error.message).toBe(\n        `Error: ENOENT: no such file or directory, open '${templatePath}.ejs'`,\n      );\n    }\n  });\n\n  it('should compile template with the ejs adapter read template relative url', async () => {\n    let lastMail: MailMessage;\n    const send = spyOnSmtpSend((mail: MailMessage) => {\n      lastMail = mail;\n    });\n\n    const service = await getMailerServiceForOptions({\n      transport: new SMTPTransport({}),\n      template: {\n        dir: template_path,\n        adapter: new EjsAdapter(),\n      },\n    });\n\n    await service.sendMail({\n      from: 'user1@example.test',\n      to: 'user2@example.test',\n      subject: 'Test',\n      template: `./ejs-template`,\n      context: {\n        MAILER: 'Nest-modules TM',\n      },\n    });\n\n    expect(send).toHaveBeenCalled();\n    expect(lastMail.data.from).toBe('user1@example.test');\n    expect(lastMail.data.html).toBe('<p>Ejs test template. by Nest-modules TM</p>');\n  });\n\n  it('should compile template with the ejs adapter without css inline', async () => {\n    let lastMail: MailMessage;\n    const send = spyOnSmtpSend((mail: MailMessage) => {\n      lastMail = mail;\n    });\n\n    const service = await getMailerServiceForOptions({\n      transport: new SMTPTransport({}),\n      template: {\n        adapter: new EjsAdapter({\n          inlineCssEnabled: false,\n        }),\n      },\n    });\n\n    await service.sendMail({\n      from: 'user1@example.test',\n      to: 'user2@example.test',\n      subject: 'Test',\n      template: `${template_path}/ejs-template`,\n      context: {\n        MAILER: 'Nest-modules TM',\n      },\n    });\n\n    expect(send).toHaveBeenCalled();\n    expect(lastMail.data.from).toBe('user1@example.test');\n    expect(lastMail.data.html).toBe('<p>Ejs test template. by Nest-modules TM</p>');\n  });\n\n  it('should compile template with the ejs adapter with css inline', async () => {\n    let lastMail: MailMessage;\n    const send = spyOnSmtpSend((mail: MailMessage) => {\n      lastMail = mail;\n    });\n\n    const service = await getMailerServiceForOptions({\n      transport: new SMTPTransport({}),\n      template: {\n        adapter: new EjsAdapter({\n          inlineCssEnabled: true,\n        }),\n      },\n    });\n\n    await service.sendMail({\n      from: 'user1@example.test',\n      to: 'user2@example.test',\n      subject: 'Test',\n      template: `${template_path}/ejs-template`,\n      context: {\n        MAILER: 'Nest-modules TM',\n      },\n    });\n\n    expect(send).toHaveBeenCalled();\n    expect(lastMail.data.from).toBe('user1@example.test');\n    expect(lastMail.data.html).toBe(\n      '<html><head></head><body><p>Ejs test template. by Nest-modules TM</p></body></html>',\n    );\n  });\n});\n",
              "err": {},
              "uuid": "8b697cbb-4ca4-4409-819b-f3ea13dddc9b",
              "parentUUID": "acab09c4-f084-4050-9ea5-31c24484fa36",
              "isHook": false,
              "skipped": false
            },
            {
              "title": "MailerService > should accept a smtp transport string",
              "fullTitle": "should accept a smtp transport string",
              "timedOut": false,
              "duration": 6,
              "state": "passed",
              "speed": null,
              "pass": true,
              "fail": false,
              "pending": false,
              "context": null,
              "code": "import { Test, TestingModule } from '@nestjs/testing';\nimport { pathJoin } from '@tresdoce-nestjs-toolkit/test-utils';\nimport * as nodemailerMock from 'nodemailer-mock';\nimport MailMessage from 'nodemailer/lib/mailer/mail-message';\nimport SMTPTransport from 'nodemailer/lib/smtp-transport';\n\nimport { MAILER_OPTIONS, MAILER_TRANSPORT_FACTORY } from '../mailer/constants/mailer.constant';\n\nimport { MailerOptions, TransportType } from '../mailer/interfaces/mailer-options.interface';\nimport { MailerTransportFactory } from '../mailer/interfaces/mailer-transport-factory.interface';\n\nimport { HandlebarsAdapter } from '../mailer/adapters/handlebars.adapter';\nimport { PugAdapter } from '../mailer/adapters/pug.adapter';\nimport { EjsAdapter } from '../mailer/adapters/ejs.adapter';\n\nimport { MailerService } from '../mailer/services/mailer.service';\n\nconst template_path = pathJoin(__dirname, 'utils/test-templates');\n\nasync function getMailerServiceForOptions(options: MailerOptions): Promise<MailerService> {\n  const module: TestingModule = await Test.createTestingModule({\n    providers: [\n      {\n        name: MAILER_OPTIONS,\n        provide: MAILER_OPTIONS,\n        useValue: options,\n      },\n      MailerService,\n    ],\n  }).compile();\n\n  return module.get<MailerService>(MailerService);\n}\n\nfunction spyOnSmtpSend(onMail: (mail: MailMessage) => void) {\n  return jest\n    .spyOn(SMTPTransport.prototype, 'send')\n    .mockImplementation(function (\n      mail: MailMessage,\n      callback: (err: Error | null, info: SMTPTransport.SentMessageInfo) => void,\n    ): void {\n      onMail(mail);\n      callback(null, {\n        envelope: {\n          from: mail.data.from as string,\n          to: [mail.data.to as string],\n        },\n        messageId: 'ABCD',\n        accepted: [],\n        rejected: [],\n        pending: [],\n        response: 'ok',\n      });\n    });\n}\n\nasync function getMailerServiceWithCustomTransport(options: MailerOptions): Promise<MailerService> {\n  class TestTransportFactory implements MailerTransportFactory {\n    createTransport(options?: TransportType): any {\n      return nodemailerMock.createTransport({ host: 'localhost', port: -100 });\n    }\n  }\n\n  const module: TestingModule = await Test.createTestingModule({\n    providers: [\n      {\n        name: MAILER_OPTIONS,\n        provide: MAILER_OPTIONS,\n        useValue: options,\n      },\n      {\n        name: MAILER_TRANSPORT_FACTORY,\n        provide: MAILER_TRANSPORT_FACTORY,\n        useClass: TestTransportFactory,\n      },\n      MailerService,\n    ],\n  }).compile();\n  await module.init();\n\n  return module.get<MailerService>(MailerService);\n}\n\njest.setTimeout(70000);\ndescribe('MailerService', () => {\n  it('should not be defined if a transport is not provided', async () => {\n    await expect(getMailerServiceForOptions({})).rejects.toMatchInlineSnapshot(\n      `[Error: Make sure to provide a nodemailer transport configuration object, connection url or a transport plugin instance.]`,\n    );\n  });\n\n  it('should accept a smtp transport string', async () => {\n    const service = await getMailerServiceForOptions({\n      transport: 'smtps://user@domain.com:pass@smtp.domain.com',\n    });\n\n    expect(service).toBeDefined();\n    expect((service as any).transporter.transporter).toBeInstanceOf(SMTPTransport);\n  });\n\n  it('should accept a smtp transports string', async () => {\n    const service = await getMailerServiceForOptions({\n      transports: {\n        myDomain: 'smtps://user@domain.com:pass@smtp.domain.com',\n      },\n    });\n\n    expect(service).toBeDefined();\n    (service as any).transporters.forEach((value, key) => {\n      expect(value.transporter).toBeInstanceOf(SMTPTransport);\n    });\n  });\n\n  it('should accept smtp transport options', async () => {\n    const service = await getMailerServiceForOptions({\n      transport: {\n        secure: true,\n        requireTLS: true,\n        auth: {\n          user: 'user@domain.com',\n          pass: 'pass',\n        },\n        options: {\n          host: 'smtp.domain.com',\n        },\n      },\n    });\n\n    expect(service).toBeDefined();\n    expect((service as any).transporter.transporter).toBeInstanceOf(SMTPTransport);\n  });\n\n  it('should accept a smtp transport instance', async () => {\n    const transport = new SMTPTransport({});\n    const service = await getMailerServiceForOptions({\n      transport: transport,\n    });\n\n    expect(service).toBeDefined();\n    expect((service as any).transporter.transporter).toBe(transport);\n  });\n\n  it('should send emails with nodemailer', async () => {\n    let lastMail: MailMessage;\n    const send = spyOnSmtpSend((mail: MailMessage) => {\n      lastMail = mail;\n    });\n\n    const service = await getMailerServiceForOptions({\n      transport: 'smtps://user@domain.com:pass@smtp.domain.com',\n    });\n\n    await service.sendMail({\n      from: 'user1@example.test',\n      to: 'user2@example.test',\n      subject: 'Test',\n      html: 'This is test.',\n    });\n\n    expect(send).toHaveBeenCalled();\n    expect(lastMail.data.from).toBe('user1@example.test');\n    expect(lastMail.data.to).toBe('user2@example.test');\n    expect(lastMail.data.subject).toBe('Test');\n    expect(lastMail.data.html).toBe('This is test.');\n  });\n\n  it('should send emails with nodemailer transports', async () => {\n    let lastMail: MailMessage;\n    const send = spyOnSmtpSend((mail: MailMessage) => {\n      lastMail = mail;\n    });\n\n    const service = await getMailerServiceForOptions({\n      transports: {\n        myDomain: 'smtps://user@domain.com:pass@smtp.domain.com',\n      },\n    });\n\n    await service.sendMail({\n      transporterName: 'myDomain',\n      from: 'user1@example.test',\n      to: 'user2@example.test',\n      subject: 'Test',\n      html: 'This is test.',\n    });\n\n    expect(send).toHaveBeenCalled();\n    expect(lastMail.data.from).toBe('user1@example.test');\n    expect(lastMail.data.to).toBe('user2@example.test');\n    expect(lastMail.data.subject).toBe('Test');\n    expect(lastMail.data.html).toBe('This is test.');\n  });\n\n  it('should send emails with nodemailer with different transports name', async () => {\n    try {\n      let lastMail: MailMessage;\n      const send = spyOnSmtpSend((mail: MailMessage) => {\n        lastMail = mail;\n      });\n\n      const service = await getMailerServiceForOptions({\n        transports: {\n          myDomain: 'smtps://user@domain.com:pass@smtp.domain.com',\n        },\n      });\n\n      await service.sendMail({\n        transporterName: 'testDomain',\n        from: 'user1@example.test',\n        to: 'user2@example.test',\n        subject: 'Test',\n        html: 'This is test.',\n      });\n\n      expect(send).toHaveBeenCalled();\n    } catch (error) {\n      expect(error.message).toBe(\"Transporters object doesn't have testDomain key\");\n    }\n  });\n\n  it('should send emails with nodemailer without transports', async () => {\n    try {\n      let lastMail: MailMessage;\n      const send = spyOnSmtpSend((mail: MailMessage) => {\n        lastMail = mail;\n      });\n\n      const service = await getMailerServiceForOptions({\n        transports: {},\n      });\n\n      await service.sendMail({\n        from: 'user1@example.test',\n        to: 'user2@example.test',\n        subject: 'Test',\n        html: 'This is test.',\n      });\n\n      expect(send).toHaveBeenCalled();\n    } catch (error) {\n      expect(error.message).toBe('Transporter object undefined');\n    }\n  });\n\n  it('should use mailerOptions.defaults when send emails', async () => {\n    let lastMail: MailMessage;\n    const send = spyOnSmtpSend((mail: MailMessage) => {\n      lastMail = mail;\n    });\n\n    const service = await getMailerServiceForOptions({\n      transport: 'smtps://user@domain.com:pass@smtp.domain.com',\n      defaults: {\n        from: 'user1@example.test',\n      },\n    });\n\n    await service.sendMail({\n      to: 'user2@example.test',\n      subject: 'Test',\n      html: 'This is test.',\n    });\n\n    expect(send).toHaveBeenCalled();\n    expect(lastMail.data.from).toBe('user1@example.test');\n  });\n\n  it('should use custom transport to send mail', async () => {\n    const service = await getMailerServiceWithCustomTransport({\n      transport: 'smtps://user@domain.com:pass@smtp.domain.com',\n    });\n    await service.sendMail({\n      to: 'user2@example.test',\n      subject: 'Test',\n      html: 'This is test.',\n    });\n\n    expect(nodemailerMock.mock.getSentMail().length).toEqual(1);\n  });\n\n  it('should compile template with the handlebars adapter', async () => {\n    let lastMail: MailMessage;\n    const send = spyOnSmtpSend((mail: MailMessage) => {\n      lastMail = mail;\n    });\n\n    const service = await getMailerServiceForOptions({\n      transport: new SMTPTransport({}),\n      template: {\n        adapter: new HandlebarsAdapter(),\n      },\n    });\n\n    await service.sendMail({\n      from: 'user1@example.test',\n      to: 'user2@example.test',\n      subject: 'Test',\n      template: `${template_path}/handlebars-template`,\n      context: {\n        MAILER: 'Nest-modules TM',\n      },\n    });\n\n    expect(send).toHaveBeenCalled();\n    expect(lastMail.data.from).toBe('user1@example.test');\n    expect(lastMail.data.html).toBe(\n      '<html><head></head><body><p>Handlebars test template. by Nest-modules TM</p></body></html>',\n    );\n  });\n\n  it('should compile template with the handlebars adapter with relative path', async () => {\n    let lastMail: MailMessage;\n    const send = spyOnSmtpSend((mail: MailMessage) => {\n      lastMail = mail;\n    });\n\n    const service = await getMailerServiceForOptions({\n      transport: new SMTPTransport({}),\n      template: {\n        adapter: new HandlebarsAdapter(),\n        dir: `${template_path}`,\n      },\n      options: {\n        strict: true,\n        partials: {\n          dir: `${template_path}`,\n        },\n      },\n    });\n\n    await service.sendMail({\n      from: 'user1@example.test',\n      to: 'user2@example.test',\n      subject: 'Test',\n      template: `./handlebars-template`,\n      context: {\n        MAILER: 'Nest-modules TM',\n      },\n    });\n\n    expect(send).toHaveBeenCalled();\n    expect(lastMail.data.from).toBe('user1@example.test');\n    expect(lastMail.data.html).toBe(\n      '<html><head></head><body><p>Handlebars test template. by Nest-modules TM</p></body></html>',\n    );\n  });\n\n  it('should compile template with the handlebars adapter with error template path', async () => {\n    let templatePath = pathJoin(template_path, '/handlebars-templates');\n    try {\n      let lastMail: MailMessage;\n      const send = spyOnSmtpSend((mail: MailMessage) => {\n        lastMail = mail;\n      });\n\n      const service = await getMailerServiceForOptions({\n        transport: new SMTPTransport({}),\n        template: {\n          adapter: new HandlebarsAdapter(),\n        },\n      });\n\n      await service.sendMail({\n        from: 'user1@example.test',\n        to: 'user2@example.test',\n        subject: 'Test',\n        template: `${templatePath}`,\n        context: {\n          MAILER: 'Nest-modules TM',\n        },\n      });\n\n      expect(send).toHaveBeenCalled();\n    } catch (error) {\n      expect(error.message).toBe(\n        `Error: ENOENT: no such file or directory, open '${templatePath}.hbs'`,\n      );\n    }\n  });\n\n  it('should compile template with the handlebars adapter with disabled inline-css', async () => {\n    let lastMail: MailMessage;\n    const send = spyOnSmtpSend((mail: MailMessage) => {\n      lastMail = mail;\n    });\n\n    /*{\n      myHelper: (context, value) => {\n        console.log(context, value);\n      },\n    }*/\n\n    const service = await getMailerServiceForOptions({\n      transport: new SMTPTransport({}),\n      template: {\n        adapter: new HandlebarsAdapter(undefined, { inlineCssEnabled: false }),\n      },\n    });\n\n    await service.sendMail({\n      from: 'user1@example.test',\n      to: 'user2@example.test',\n      subject: 'Test',\n      template: `${template_path}/handlebars-template-media-query`,\n      context: {\n        MAILER: 'Nest-modules TM',\n      },\n    });\n\n    expect(send).toHaveBeenCalled();\n    expect(lastMail.data.from).toBe('user1@example.test');\n    expect(lastMail.data.html).toContain('@media only screen and (max-width:350px)');\n    expect(lastMail.data.html).toContain('<p>Handlebars test template. by Nest-modules TM</p>');\n  });\n\n  it('should compile template with the handlebars adapter with enabled inline-css and media query', async () => {\n    let lastMail: MailMessage;\n    const send = spyOnSmtpSend((mail: MailMessage) => {\n      lastMail = mail;\n    });\n\n    const service = await getMailerServiceForOptions({\n      transport: new SMTPTransport({}),\n      template: {\n        adapter: new HandlebarsAdapter(undefined, {\n          inlineCssEnabled: true,\n          inlineCssOptions: { url: ' ', preserveMediaQueries: true },\n        }),\n      },\n    });\n\n    await service.sendMail({\n      from: 'user1@example.test',\n      to: 'user2@example.test',\n      subject: 'Test',\n      template: `${template_path}/handlebars-template-media-query`,\n      context: {\n        MAILER: 'Nest-modules TM',\n      },\n    });\n\n    expect(send).toHaveBeenCalled();\n    expect(lastMail.data.from).toBe('user1@example.test');\n    expect(lastMail.data.html).toContain('@media only screen and (max-width:350px)');\n    expect(lastMail.data.html).toContain('<p>Handlebars test template. by Nest-modules TM</p>');\n  });\n\n  it('should compile template with the pug adapter', async () => {\n    let lastMail: MailMessage;\n    const send = spyOnSmtpSend((mail: MailMessage) => {\n      lastMail = mail;\n    });\n\n    const service = await getMailerServiceForOptions({\n      transport: new SMTPTransport({}),\n      template: {\n        adapter: new PugAdapter(),\n      },\n    });\n\n    await service.sendMail({\n      from: 'user1@example.test',\n      to: 'user2@example.test',\n      subject: 'Test',\n      template: `${template_path}/pug-template`,\n      context: {\n        world: 'World',\n      },\n    });\n\n    expect(send).toHaveBeenCalled();\n    expect(lastMail.data.from).toBe('user1@example.test');\n    expect(lastMail.data.html).toBe(\n      '<html><head></head><body><p>Pug test template.</p><p>Hello World!</p></body></html>',\n    );\n  });\n\n  it('should compile template with the pug adapter with relative path', async () => {\n    let lastMail: MailMessage;\n    const send = spyOnSmtpSend((mail: MailMessage) => {\n      lastMail = mail;\n    });\n\n    const service = await getMailerServiceForOptions({\n      transport: new SMTPTransport({}),\n      template: {\n        adapter: new PugAdapter(),\n        dir: template_path,\n      },\n    });\n\n    await service.sendMail({\n      from: 'user1@example.test',\n      to: 'user2@example.test',\n      subject: 'Test',\n      template: `./pug-template`,\n      context: {\n        world: 'World',\n      },\n    });\n\n    expect(send).toHaveBeenCalled();\n    expect(lastMail.data.from).toBe('user1@example.test');\n    expect(lastMail.data.html).toBe(\n      '<html><head></head><body><p>Pug test template.</p><p>Hello World!</p></body></html>',\n    );\n  });\n\n  it('should compile template with the pug adapter with error to read template', async () => {\n    let templatePath = pathJoin(template_path, '/pug-templates');\n\n    try {\n      let lastMail: MailMessage;\n      const send = spyOnSmtpSend((mail: MailMessage) => {\n        lastMail = mail;\n      });\n\n      const service = await getMailerServiceForOptions({\n        transport: new SMTPTransport({}),\n        template: {\n          adapter: new PugAdapter(),\n        },\n      });\n\n      await service.sendMail({\n        from: 'user1@example.test',\n        to: 'user2@example.test',\n        subject: 'Test',\n        template: `${templatePath}`,\n        context: {\n          world: 'World',\n        },\n      });\n\n      expect(send).toHaveBeenCalled();\n    } catch (error) {\n      expect(error.message).toBe(`ENOENT: no such file or directory, open '${templatePath}.pug'`);\n    }\n  });\n\n  it('should compile template with the pug adapter without inline css', async () => {\n    let lastMail: MailMessage;\n    const send = spyOnSmtpSend((mail: MailMessage) => {\n      lastMail = mail;\n    });\n\n    const service = await getMailerServiceForOptions({\n      transport: new SMTPTransport({}),\n      template: {\n        adapter: new PugAdapter({\n          inlineCssEnabled: false,\n        }),\n      },\n    });\n\n    await service.sendMail({\n      from: 'user1@example.test',\n      to: 'user2@example.test',\n      subject: 'Test',\n      template: `${template_path}/pug-template`,\n      context: {\n        world: 'World',\n      },\n    });\n\n    expect(send).toHaveBeenCalled();\n    expect(lastMail.data.from).toBe('user1@example.test');\n    expect(lastMail.data.html).toBe('<p>Pug test template.</p><p>Hello World!</p>');\n  });\n\n  it('should compile template with the ejs adapter', async () => {\n    let lastMail: MailMessage;\n    const send = spyOnSmtpSend((mail: MailMessage) => {\n      lastMail = mail;\n    });\n\n    const service = await getMailerServiceForOptions({\n      transport: new SMTPTransport({}),\n      template: {\n        adapter: new EjsAdapter(),\n      },\n    });\n\n    await service.sendMail({\n      from: 'user1@example.test',\n      to: 'user2@example.test',\n      subject: 'Test',\n      template: `${template_path}/ejs-template`,\n      context: {\n        MAILER: 'Nest-modules TM',\n      },\n    });\n\n    expect(send).toHaveBeenCalled();\n    expect(lastMail.data.from).toBe('user1@example.test');\n    expect(lastMail.data.html).toBe('<p>Ejs test template. by Nest-modules TM</p>');\n  });\n\n  it('should compile template with the ejs adapter with error to read template', async () => {\n    let templatePath = pathJoin(template_path, '/ejs-templates');\n    try {\n      let lastMail: MailMessage;\n      const send = spyOnSmtpSend((mail: MailMessage) => {\n        lastMail = mail;\n      });\n\n      const service = await getMailerServiceForOptions({\n        transport: new SMTPTransport({}),\n        template: {\n          adapter: new EjsAdapter(),\n        },\n      });\n\n      await service.sendMail({\n        from: 'user1@example.test',\n        to: 'user2@example.test',\n        subject: 'Test',\n        template: `${templatePath}`,\n        context: {\n          MAILER: 'Nest-modules TM',\n        },\n      });\n\n      expect(send).toHaveBeenCalled();\n    } catch (error) {\n      expect(error.message).toBe(\n        `Error: ENOENT: no such file or directory, open '${templatePath}.ejs'`,\n      );\n    }\n  });\n\n  it('should compile template with the ejs adapter read template relative url', async () => {\n    let lastMail: MailMessage;\n    const send = spyOnSmtpSend((mail: MailMessage) => {\n      lastMail = mail;\n    });\n\n    const service = await getMailerServiceForOptions({\n      transport: new SMTPTransport({}),\n      template: {\n        dir: template_path,\n        adapter: new EjsAdapter(),\n      },\n    });\n\n    await service.sendMail({\n      from: 'user1@example.test',\n      to: 'user2@example.test',\n      subject: 'Test',\n      template: `./ejs-template`,\n      context: {\n        MAILER: 'Nest-modules TM',\n      },\n    });\n\n    expect(send).toHaveBeenCalled();\n    expect(lastMail.data.from).toBe('user1@example.test');\n    expect(lastMail.data.html).toBe('<p>Ejs test template. by Nest-modules TM</p>');\n  });\n\n  it('should compile template with the ejs adapter without css inline', async () => {\n    let lastMail: MailMessage;\n    const send = spyOnSmtpSend((mail: MailMessage) => {\n      lastMail = mail;\n    });\n\n    const service = await getMailerServiceForOptions({\n      transport: new SMTPTransport({}),\n      template: {\n        adapter: new EjsAdapter({\n          inlineCssEnabled: false,\n        }),\n      },\n    });\n\n    await service.sendMail({\n      from: 'user1@example.test',\n      to: 'user2@example.test',\n      subject: 'Test',\n      template: `${template_path}/ejs-template`,\n      context: {\n        MAILER: 'Nest-modules TM',\n      },\n    });\n\n    expect(send).toHaveBeenCalled();\n    expect(lastMail.data.from).toBe('user1@example.test');\n    expect(lastMail.data.html).toBe('<p>Ejs test template. by Nest-modules TM</p>');\n  });\n\n  it('should compile template with the ejs adapter with css inline', async () => {\n    let lastMail: MailMessage;\n    const send = spyOnSmtpSend((mail: MailMessage) => {\n      lastMail = mail;\n    });\n\n    const service = await getMailerServiceForOptions({\n      transport: new SMTPTransport({}),\n      template: {\n        adapter: new EjsAdapter({\n          inlineCssEnabled: true,\n        }),\n      },\n    });\n\n    await service.sendMail({\n      from: 'user1@example.test',\n      to: 'user2@example.test',\n      subject: 'Test',\n      template: `${template_path}/ejs-template`,\n      context: {\n        MAILER: 'Nest-modules TM',\n      },\n    });\n\n    expect(send).toHaveBeenCalled();\n    expect(lastMail.data.from).toBe('user1@example.test');\n    expect(lastMail.data.html).toBe(\n      '<html><head></head><body><p>Ejs test template. by Nest-modules TM</p></body></html>',\n    );\n  });\n});\n",
              "err": {},
              "uuid": "46b46567-4551-4a6e-845c-52d1c0fc3cb1",
              "parentUUID": "acab09c4-f084-4050-9ea5-31c24484fa36",
              "isHook": false,
              "skipped": false
            },
            {
              "title": "MailerService > should accept a smtp transports string",
              "fullTitle": "should accept a smtp transports string",
              "timedOut": false,
              "duration": 3,
              "state": "passed",
              "speed": null,
              "pass": true,
              "fail": false,
              "pending": false,
              "context": null,
              "code": "import { Test, TestingModule } from '@nestjs/testing';\nimport { pathJoin } from '@tresdoce-nestjs-toolkit/test-utils';\nimport * as nodemailerMock from 'nodemailer-mock';\nimport MailMessage from 'nodemailer/lib/mailer/mail-message';\nimport SMTPTransport from 'nodemailer/lib/smtp-transport';\n\nimport { MAILER_OPTIONS, MAILER_TRANSPORT_FACTORY } from '../mailer/constants/mailer.constant';\n\nimport { MailerOptions, TransportType } from '../mailer/interfaces/mailer-options.interface';\nimport { MailerTransportFactory } from '../mailer/interfaces/mailer-transport-factory.interface';\n\nimport { HandlebarsAdapter } from '../mailer/adapters/handlebars.adapter';\nimport { PugAdapter } from '../mailer/adapters/pug.adapter';\nimport { EjsAdapter } from '../mailer/adapters/ejs.adapter';\n\nimport { MailerService } from '../mailer/services/mailer.service';\n\nconst template_path = pathJoin(__dirname, 'utils/test-templates');\n\nasync function getMailerServiceForOptions(options: MailerOptions): Promise<MailerService> {\n  const module: TestingModule = await Test.createTestingModule({\n    providers: [\n      {\n        name: MAILER_OPTIONS,\n        provide: MAILER_OPTIONS,\n        useValue: options,\n      },\n      MailerService,\n    ],\n  }).compile();\n\n  return module.get<MailerService>(MailerService);\n}\n\nfunction spyOnSmtpSend(onMail: (mail: MailMessage) => void) {\n  return jest\n    .spyOn(SMTPTransport.prototype, 'send')\n    .mockImplementation(function (\n      mail: MailMessage,\n      callback: (err: Error | null, info: SMTPTransport.SentMessageInfo) => void,\n    ): void {\n      onMail(mail);\n      callback(null, {\n        envelope: {\n          from: mail.data.from as string,\n          to: [mail.data.to as string],\n        },\n        messageId: 'ABCD',\n        accepted: [],\n        rejected: [],\n        pending: [],\n        response: 'ok',\n      });\n    });\n}\n\nasync function getMailerServiceWithCustomTransport(options: MailerOptions): Promise<MailerService> {\n  class TestTransportFactory implements MailerTransportFactory {\n    createTransport(options?: TransportType): any {\n      return nodemailerMock.createTransport({ host: 'localhost', port: -100 });\n    }\n  }\n\n  const module: TestingModule = await Test.createTestingModule({\n    providers: [\n      {\n        name: MAILER_OPTIONS,\n        provide: MAILER_OPTIONS,\n        useValue: options,\n      },\n      {\n        name: MAILER_TRANSPORT_FACTORY,\n        provide: MAILER_TRANSPORT_FACTORY,\n        useClass: TestTransportFactory,\n      },\n      MailerService,\n    ],\n  }).compile();\n  await module.init();\n\n  return module.get<MailerService>(MailerService);\n}\n\njest.setTimeout(70000);\ndescribe('MailerService', () => {\n  it('should not be defined if a transport is not provided', async () => {\n    await expect(getMailerServiceForOptions({})).rejects.toMatchInlineSnapshot(\n      `[Error: Make sure to provide a nodemailer transport configuration object, connection url or a transport plugin instance.]`,\n    );\n  });\n\n  it('should accept a smtp transport string', async () => {\n    const service = await getMailerServiceForOptions({\n      transport: 'smtps://user@domain.com:pass@smtp.domain.com',\n    });\n\n    expect(service).toBeDefined();\n    expect((service as any).transporter.transporter).toBeInstanceOf(SMTPTransport);\n  });\n\n  it('should accept a smtp transports string', async () => {\n    const service = await getMailerServiceForOptions({\n      transports: {\n        myDomain: 'smtps://user@domain.com:pass@smtp.domain.com',\n      },\n    });\n\n    expect(service).toBeDefined();\n    (service as any).transporters.forEach((value, key) => {\n      expect(value.transporter).toBeInstanceOf(SMTPTransport);\n    });\n  });\n\n  it('should accept smtp transport options', async () => {\n    const service = await getMailerServiceForOptions({\n      transport: {\n        secure: true,\n        requireTLS: true,\n        auth: {\n          user: 'user@domain.com',\n          pass: 'pass',\n        },\n        options: {\n          host: 'smtp.domain.com',\n        },\n      },\n    });\n\n    expect(service).toBeDefined();\n    expect((service as any).transporter.transporter).toBeInstanceOf(SMTPTransport);\n  });\n\n  it('should accept a smtp transport instance', async () => {\n    const transport = new SMTPTransport({});\n    const service = await getMailerServiceForOptions({\n      transport: transport,\n    });\n\n    expect(service).toBeDefined();\n    expect((service as any).transporter.transporter).toBe(transport);\n  });\n\n  it('should send emails with nodemailer', async () => {\n    let lastMail: MailMessage;\n    const send = spyOnSmtpSend((mail: MailMessage) => {\n      lastMail = mail;\n    });\n\n    const service = await getMailerServiceForOptions({\n      transport: 'smtps://user@domain.com:pass@smtp.domain.com',\n    });\n\n    await service.sendMail({\n      from: 'user1@example.test',\n      to: 'user2@example.test',\n      subject: 'Test',\n      html: 'This is test.',\n    });\n\n    expect(send).toHaveBeenCalled();\n    expect(lastMail.data.from).toBe('user1@example.test');\n    expect(lastMail.data.to).toBe('user2@example.test');\n    expect(lastMail.data.subject).toBe('Test');\n    expect(lastMail.data.html).toBe('This is test.');\n  });\n\n  it('should send emails with nodemailer transports', async () => {\n    let lastMail: MailMessage;\n    const send = spyOnSmtpSend((mail: MailMessage) => {\n      lastMail = mail;\n    });\n\n    const service = await getMailerServiceForOptions({\n      transports: {\n        myDomain: 'smtps://user@domain.com:pass@smtp.domain.com',\n      },\n    });\n\n    await service.sendMail({\n      transporterName: 'myDomain',\n      from: 'user1@example.test',\n      to: 'user2@example.test',\n      subject: 'Test',\n      html: 'This is test.',\n    });\n\n    expect(send).toHaveBeenCalled();\n    expect(lastMail.data.from).toBe('user1@example.test');\n    expect(lastMail.data.to).toBe('user2@example.test');\n    expect(lastMail.data.subject).toBe('Test');\n    expect(lastMail.data.html).toBe('This is test.');\n  });\n\n  it('should send emails with nodemailer with different transports name', async () => {\n    try {\n      let lastMail: MailMessage;\n      const send = spyOnSmtpSend((mail: MailMessage) => {\n        lastMail = mail;\n      });\n\n      const service = await getMailerServiceForOptions({\n        transports: {\n          myDomain: 'smtps://user@domain.com:pass@smtp.domain.com',\n        },\n      });\n\n      await service.sendMail({\n        transporterName: 'testDomain',\n        from: 'user1@example.test',\n        to: 'user2@example.test',\n        subject: 'Test',\n        html: 'This is test.',\n      });\n\n      expect(send).toHaveBeenCalled();\n    } catch (error) {\n      expect(error.message).toBe(\"Transporters object doesn't have testDomain key\");\n    }\n  });\n\n  it('should send emails with nodemailer without transports', async () => {\n    try {\n      let lastMail: MailMessage;\n      const send = spyOnSmtpSend((mail: MailMessage) => {\n        lastMail = mail;\n      });\n\n      const service = await getMailerServiceForOptions({\n        transports: {},\n      });\n\n      await service.sendMail({\n        from: 'user1@example.test',\n        to: 'user2@example.test',\n        subject: 'Test',\n        html: 'This is test.',\n      });\n\n      expect(send).toHaveBeenCalled();\n    } catch (error) {\n      expect(error.message).toBe('Transporter object undefined');\n    }\n  });\n\n  it('should use mailerOptions.defaults when send emails', async () => {\n    let lastMail: MailMessage;\n    const send = spyOnSmtpSend((mail: MailMessage) => {\n      lastMail = mail;\n    });\n\n    const service = await getMailerServiceForOptions({\n      transport: 'smtps://user@domain.com:pass@smtp.domain.com',\n      defaults: {\n        from: 'user1@example.test',\n      },\n    });\n\n    await service.sendMail({\n      to: 'user2@example.test',\n      subject: 'Test',\n      html: 'This is test.',\n    });\n\n    expect(send).toHaveBeenCalled();\n    expect(lastMail.data.from).toBe('user1@example.test');\n  });\n\n  it('should use custom transport to send mail', async () => {\n    const service = await getMailerServiceWithCustomTransport({\n      transport: 'smtps://user@domain.com:pass@smtp.domain.com',\n    });\n    await service.sendMail({\n      to: 'user2@example.test',\n      subject: 'Test',\n      html: 'This is test.',\n    });\n\n    expect(nodemailerMock.mock.getSentMail().length).toEqual(1);\n  });\n\n  it('should compile template with the handlebars adapter', async () => {\n    let lastMail: MailMessage;\n    const send = spyOnSmtpSend((mail: MailMessage) => {\n      lastMail = mail;\n    });\n\n    const service = await getMailerServiceForOptions({\n      transport: new SMTPTransport({}),\n      template: {\n        adapter: new HandlebarsAdapter(),\n      },\n    });\n\n    await service.sendMail({\n      from: 'user1@example.test',\n      to: 'user2@example.test',\n      subject: 'Test',\n      template: `${template_path}/handlebars-template`,\n      context: {\n        MAILER: 'Nest-modules TM',\n      },\n    });\n\n    expect(send).toHaveBeenCalled();\n    expect(lastMail.data.from).toBe('user1@example.test');\n    expect(lastMail.data.html).toBe(\n      '<html><head></head><body><p>Handlebars test template. by Nest-modules TM</p></body></html>',\n    );\n  });\n\n  it('should compile template with the handlebars adapter with relative path', async () => {\n    let lastMail: MailMessage;\n    const send = spyOnSmtpSend((mail: MailMessage) => {\n      lastMail = mail;\n    });\n\n    const service = await getMailerServiceForOptions({\n      transport: new SMTPTransport({}),\n      template: {\n        adapter: new HandlebarsAdapter(),\n        dir: `${template_path}`,\n      },\n      options: {\n        strict: true,\n        partials: {\n          dir: `${template_path}`,\n        },\n      },\n    });\n\n    await service.sendMail({\n      from: 'user1@example.test',\n      to: 'user2@example.test',\n      subject: 'Test',\n      template: `./handlebars-template`,\n      context: {\n        MAILER: 'Nest-modules TM',\n      },\n    });\n\n    expect(send).toHaveBeenCalled();\n    expect(lastMail.data.from).toBe('user1@example.test');\n    expect(lastMail.data.html).toBe(\n      '<html><head></head><body><p>Handlebars test template. by Nest-modules TM</p></body></html>',\n    );\n  });\n\n  it('should compile template with the handlebars adapter with error template path', async () => {\n    let templatePath = pathJoin(template_path, '/handlebars-templates');\n    try {\n      let lastMail: MailMessage;\n      const send = spyOnSmtpSend((mail: MailMessage) => {\n        lastMail = mail;\n      });\n\n      const service = await getMailerServiceForOptions({\n        transport: new SMTPTransport({}),\n        template: {\n          adapter: new HandlebarsAdapter(),\n        },\n      });\n\n      await service.sendMail({\n        from: 'user1@example.test',\n        to: 'user2@example.test',\n        subject: 'Test',\n        template: `${templatePath}`,\n        context: {\n          MAILER: 'Nest-modules TM',\n        },\n      });\n\n      expect(send).toHaveBeenCalled();\n    } catch (error) {\n      expect(error.message).toBe(\n        `Error: ENOENT: no such file or directory, open '${templatePath}.hbs'`,\n      );\n    }\n  });\n\n  it('should compile template with the handlebars adapter with disabled inline-css', async () => {\n    let lastMail: MailMessage;\n    const send = spyOnSmtpSend((mail: MailMessage) => {\n      lastMail = mail;\n    });\n\n    /*{\n      myHelper: (context, value) => {\n        console.log(context, value);\n      },\n    }*/\n\n    const service = await getMailerServiceForOptions({\n      transport: new SMTPTransport({}),\n      template: {\n        adapter: new HandlebarsAdapter(undefined, { inlineCssEnabled: false }),\n      },\n    });\n\n    await service.sendMail({\n      from: 'user1@example.test',\n      to: 'user2@example.test',\n      subject: 'Test',\n      template: `${template_path}/handlebars-template-media-query`,\n      context: {\n        MAILER: 'Nest-modules TM',\n      },\n    });\n\n    expect(send).toHaveBeenCalled();\n    expect(lastMail.data.from).toBe('user1@example.test');\n    expect(lastMail.data.html).toContain('@media only screen and (max-width:350px)');\n    expect(lastMail.data.html).toContain('<p>Handlebars test template. by Nest-modules TM</p>');\n  });\n\n  it('should compile template with the handlebars adapter with enabled inline-css and media query', async () => {\n    let lastMail: MailMessage;\n    const send = spyOnSmtpSend((mail: MailMessage) => {\n      lastMail = mail;\n    });\n\n    const service = await getMailerServiceForOptions({\n      transport: new SMTPTransport({}),\n      template: {\n        adapter: new HandlebarsAdapter(undefined, {\n          inlineCssEnabled: true,\n          inlineCssOptions: { url: ' ', preserveMediaQueries: true },\n        }),\n      },\n    });\n\n    await service.sendMail({\n      from: 'user1@example.test',\n      to: 'user2@example.test',\n      subject: 'Test',\n      template: `${template_path}/handlebars-template-media-query`,\n      context: {\n        MAILER: 'Nest-modules TM',\n      },\n    });\n\n    expect(send).toHaveBeenCalled();\n    expect(lastMail.data.from).toBe('user1@example.test');\n    expect(lastMail.data.html).toContain('@media only screen and (max-width:350px)');\n    expect(lastMail.data.html).toContain('<p>Handlebars test template. by Nest-modules TM</p>');\n  });\n\n  it('should compile template with the pug adapter', async () => {\n    let lastMail: MailMessage;\n    const send = spyOnSmtpSend((mail: MailMessage) => {\n      lastMail = mail;\n    });\n\n    const service = await getMailerServiceForOptions({\n      transport: new SMTPTransport({}),\n      template: {\n        adapter: new PugAdapter(),\n      },\n    });\n\n    await service.sendMail({\n      from: 'user1@example.test',\n      to: 'user2@example.test',\n      subject: 'Test',\n      template: `${template_path}/pug-template`,\n      context: {\n        world: 'World',\n      },\n    });\n\n    expect(send).toHaveBeenCalled();\n    expect(lastMail.data.from).toBe('user1@example.test');\n    expect(lastMail.data.html).toBe(\n      '<html><head></head><body><p>Pug test template.</p><p>Hello World!</p></body></html>',\n    );\n  });\n\n  it('should compile template with the pug adapter with relative path', async () => {\n    let lastMail: MailMessage;\n    const send = spyOnSmtpSend((mail: MailMessage) => {\n      lastMail = mail;\n    });\n\n    const service = await getMailerServiceForOptions({\n      transport: new SMTPTransport({}),\n      template: {\n        adapter: new PugAdapter(),\n        dir: template_path,\n      },\n    });\n\n    await service.sendMail({\n      from: 'user1@example.test',\n      to: 'user2@example.test',\n      subject: 'Test',\n      template: `./pug-template`,\n      context: {\n        world: 'World',\n      },\n    });\n\n    expect(send).toHaveBeenCalled();\n    expect(lastMail.data.from).toBe('user1@example.test');\n    expect(lastMail.data.html).toBe(\n      '<html><head></head><body><p>Pug test template.</p><p>Hello World!</p></body></html>',\n    );\n  });\n\n  it('should compile template with the pug adapter with error to read template', async () => {\n    let templatePath = pathJoin(template_path, '/pug-templates');\n\n    try {\n      let lastMail: MailMessage;\n      const send = spyOnSmtpSend((mail: MailMessage) => {\n        lastMail = mail;\n      });\n\n      const service = await getMailerServiceForOptions({\n        transport: new SMTPTransport({}),\n        template: {\n          adapter: new PugAdapter(),\n        },\n      });\n\n      await service.sendMail({\n        from: 'user1@example.test',\n        to: 'user2@example.test',\n        subject: 'Test',\n        template: `${templatePath}`,\n        context: {\n          world: 'World',\n        },\n      });\n\n      expect(send).toHaveBeenCalled();\n    } catch (error) {\n      expect(error.message).toBe(`ENOENT: no such file or directory, open '${templatePath}.pug'`);\n    }\n  });\n\n  it('should compile template with the pug adapter without inline css', async () => {\n    let lastMail: MailMessage;\n    const send = spyOnSmtpSend((mail: MailMessage) => {\n      lastMail = mail;\n    });\n\n    const service = await getMailerServiceForOptions({\n      transport: new SMTPTransport({}),\n      template: {\n        adapter: new PugAdapter({\n          inlineCssEnabled: false,\n        }),\n      },\n    });\n\n    await service.sendMail({\n      from: 'user1@example.test',\n      to: 'user2@example.test',\n      subject: 'Test',\n      template: `${template_path}/pug-template`,\n      context: {\n        world: 'World',\n      },\n    });\n\n    expect(send).toHaveBeenCalled();\n    expect(lastMail.data.from).toBe('user1@example.test');\n    expect(lastMail.data.html).toBe('<p>Pug test template.</p><p>Hello World!</p>');\n  });\n\n  it('should compile template with the ejs adapter', async () => {\n    let lastMail: MailMessage;\n    const send = spyOnSmtpSend((mail: MailMessage) => {\n      lastMail = mail;\n    });\n\n    const service = await getMailerServiceForOptions({\n      transport: new SMTPTransport({}),\n      template: {\n        adapter: new EjsAdapter(),\n      },\n    });\n\n    await service.sendMail({\n      from: 'user1@example.test',\n      to: 'user2@example.test',\n      subject: 'Test',\n      template: `${template_path}/ejs-template`,\n      context: {\n        MAILER: 'Nest-modules TM',\n      },\n    });\n\n    expect(send).toHaveBeenCalled();\n    expect(lastMail.data.from).toBe('user1@example.test');\n    expect(lastMail.data.html).toBe('<p>Ejs test template. by Nest-modules TM</p>');\n  });\n\n  it('should compile template with the ejs adapter with error to read template', async () => {\n    let templatePath = pathJoin(template_path, '/ejs-templates');\n    try {\n      let lastMail: MailMessage;\n      const send = spyOnSmtpSend((mail: MailMessage) => {\n        lastMail = mail;\n      });\n\n      const service = await getMailerServiceForOptions({\n        transport: new SMTPTransport({}),\n        template: {\n          adapter: new EjsAdapter(),\n        },\n      });\n\n      await service.sendMail({\n        from: 'user1@example.test',\n        to: 'user2@example.test',\n        subject: 'Test',\n        template: `${templatePath}`,\n        context: {\n          MAILER: 'Nest-modules TM',\n        },\n      });\n\n      expect(send).toHaveBeenCalled();\n    } catch (error) {\n      expect(error.message).toBe(\n        `Error: ENOENT: no such file or directory, open '${templatePath}.ejs'`,\n      );\n    }\n  });\n\n  it('should compile template with the ejs adapter read template relative url', async () => {\n    let lastMail: MailMessage;\n    const send = spyOnSmtpSend((mail: MailMessage) => {\n      lastMail = mail;\n    });\n\n    const service = await getMailerServiceForOptions({\n      transport: new SMTPTransport({}),\n      template: {\n        dir: template_path,\n        adapter: new EjsAdapter(),\n      },\n    });\n\n    await service.sendMail({\n      from: 'user1@example.test',\n      to: 'user2@example.test',\n      subject: 'Test',\n      template: `./ejs-template`,\n      context: {\n        MAILER: 'Nest-modules TM',\n      },\n    });\n\n    expect(send).toHaveBeenCalled();\n    expect(lastMail.data.from).toBe('user1@example.test');\n    expect(lastMail.data.html).toBe('<p>Ejs test template. by Nest-modules TM</p>');\n  });\n\n  it('should compile template with the ejs adapter without css inline', async () => {\n    let lastMail: MailMessage;\n    const send = spyOnSmtpSend((mail: MailMessage) => {\n      lastMail = mail;\n    });\n\n    const service = await getMailerServiceForOptions({\n      transport: new SMTPTransport({}),\n      template: {\n        adapter: new EjsAdapter({\n          inlineCssEnabled: false,\n        }),\n      },\n    });\n\n    await service.sendMail({\n      from: 'user1@example.test',\n      to: 'user2@example.test',\n      subject: 'Test',\n      template: `${template_path}/ejs-template`,\n      context: {\n        MAILER: 'Nest-modules TM',\n      },\n    });\n\n    expect(send).toHaveBeenCalled();\n    expect(lastMail.data.from).toBe('user1@example.test');\n    expect(lastMail.data.html).toBe('<p>Ejs test template. by Nest-modules TM</p>');\n  });\n\n  it('should compile template with the ejs adapter with css inline', async () => {\n    let lastMail: MailMessage;\n    const send = spyOnSmtpSend((mail: MailMessage) => {\n      lastMail = mail;\n    });\n\n    const service = await getMailerServiceForOptions({\n      transport: new SMTPTransport({}),\n      template: {\n        adapter: new EjsAdapter({\n          inlineCssEnabled: true,\n        }),\n      },\n    });\n\n    await service.sendMail({\n      from: 'user1@example.test',\n      to: 'user2@example.test',\n      subject: 'Test',\n      template: `${template_path}/ejs-template`,\n      context: {\n        MAILER: 'Nest-modules TM',\n      },\n    });\n\n    expect(send).toHaveBeenCalled();\n    expect(lastMail.data.from).toBe('user1@example.test');\n    expect(lastMail.data.html).toBe(\n      '<html><head></head><body><p>Ejs test template. by Nest-modules TM</p></body></html>',\n    );\n  });\n});\n",
              "err": {},
              "uuid": "9ce7e274-4fcf-44a5-b3bb-cf03c8834980",
              "parentUUID": "acab09c4-f084-4050-9ea5-31c24484fa36",
              "isHook": false,
              "skipped": false
            },
            {
              "title": "MailerService > should accept smtp transport options",
              "fullTitle": "should accept smtp transport options",
              "timedOut": false,
              "duration": 2,
              "state": "passed",
              "speed": null,
              "pass": true,
              "fail": false,
              "pending": false,
              "context": null,
              "code": "import { Test, TestingModule } from '@nestjs/testing';\nimport { pathJoin } from '@tresdoce-nestjs-toolkit/test-utils';\nimport * as nodemailerMock from 'nodemailer-mock';\nimport MailMessage from 'nodemailer/lib/mailer/mail-message';\nimport SMTPTransport from 'nodemailer/lib/smtp-transport';\n\nimport { MAILER_OPTIONS, MAILER_TRANSPORT_FACTORY } from '../mailer/constants/mailer.constant';\n\nimport { MailerOptions, TransportType } from '../mailer/interfaces/mailer-options.interface';\nimport { MailerTransportFactory } from '../mailer/interfaces/mailer-transport-factory.interface';\n\nimport { HandlebarsAdapter } from '../mailer/adapters/handlebars.adapter';\nimport { PugAdapter } from '../mailer/adapters/pug.adapter';\nimport { EjsAdapter } from '../mailer/adapters/ejs.adapter';\n\nimport { MailerService } from '../mailer/services/mailer.service';\n\nconst template_path = pathJoin(__dirname, 'utils/test-templates');\n\nasync function getMailerServiceForOptions(options: MailerOptions): Promise<MailerService> {\n  const module: TestingModule = await Test.createTestingModule({\n    providers: [\n      {\n        name: MAILER_OPTIONS,\n        provide: MAILER_OPTIONS,\n        useValue: options,\n      },\n      MailerService,\n    ],\n  }).compile();\n\n  return module.get<MailerService>(MailerService);\n}\n\nfunction spyOnSmtpSend(onMail: (mail: MailMessage) => void) {\n  return jest\n    .spyOn(SMTPTransport.prototype, 'send')\n    .mockImplementation(function (\n      mail: MailMessage,\n      callback: (err: Error | null, info: SMTPTransport.SentMessageInfo) => void,\n    ): void {\n      onMail(mail);\n      callback(null, {\n        envelope: {\n          from: mail.data.from as string,\n          to: [mail.data.to as string],\n        },\n        messageId: 'ABCD',\n        accepted: [],\n        rejected: [],\n        pending: [],\n        response: 'ok',\n      });\n    });\n}\n\nasync function getMailerServiceWithCustomTransport(options: MailerOptions): Promise<MailerService> {\n  class TestTransportFactory implements MailerTransportFactory {\n    createTransport(options?: TransportType): any {\n      return nodemailerMock.createTransport({ host: 'localhost', port: -100 });\n    }\n  }\n\n  const module: TestingModule = await Test.createTestingModule({\n    providers: [\n      {\n        name: MAILER_OPTIONS,\n        provide: MAILER_OPTIONS,\n        useValue: options,\n      },\n      {\n        name: MAILER_TRANSPORT_FACTORY,\n        provide: MAILER_TRANSPORT_FACTORY,\n        useClass: TestTransportFactory,\n      },\n      MailerService,\n    ],\n  }).compile();\n  await module.init();\n\n  return module.get<MailerService>(MailerService);\n}\n\njest.setTimeout(70000);\ndescribe('MailerService', () => {\n  it('should not be defined if a transport is not provided', async () => {\n    await expect(getMailerServiceForOptions({})).rejects.toMatchInlineSnapshot(\n      `[Error: Make sure to provide a nodemailer transport configuration object, connection url or a transport plugin instance.]`,\n    );\n  });\n\n  it('should accept a smtp transport string', async () => {\n    const service = await getMailerServiceForOptions({\n      transport: 'smtps://user@domain.com:pass@smtp.domain.com',\n    });\n\n    expect(service).toBeDefined();\n    expect((service as any).transporter.transporter).toBeInstanceOf(SMTPTransport);\n  });\n\n  it('should accept a smtp transports string', async () => {\n    const service = await getMailerServiceForOptions({\n      transports: {\n        myDomain: 'smtps://user@domain.com:pass@smtp.domain.com',\n      },\n    });\n\n    expect(service).toBeDefined();\n    (service as any).transporters.forEach((value, key) => {\n      expect(value.transporter).toBeInstanceOf(SMTPTransport);\n    });\n  });\n\n  it('should accept smtp transport options', async () => {\n    const service = await getMailerServiceForOptions({\n      transport: {\n        secure: true,\n        requireTLS: true,\n        auth: {\n          user: 'user@domain.com',\n          pass: 'pass',\n        },\n        options: {\n          host: 'smtp.domain.com',\n        },\n      },\n    });\n\n    expect(service).toBeDefined();\n    expect((service as any).transporter.transporter).toBeInstanceOf(SMTPTransport);\n  });\n\n  it('should accept a smtp transport instance', async () => {\n    const transport = new SMTPTransport({});\n    const service = await getMailerServiceForOptions({\n      transport: transport,\n    });\n\n    expect(service).toBeDefined();\n    expect((service as any).transporter.transporter).toBe(transport);\n  });\n\n  it('should send emails with nodemailer', async () => {\n    let lastMail: MailMessage;\n    const send = spyOnSmtpSend((mail: MailMessage) => {\n      lastMail = mail;\n    });\n\n    const service = await getMailerServiceForOptions({\n      transport: 'smtps://user@domain.com:pass@smtp.domain.com',\n    });\n\n    await service.sendMail({\n      from: 'user1@example.test',\n      to: 'user2@example.test',\n      subject: 'Test',\n      html: 'This is test.',\n    });\n\n    expect(send).toHaveBeenCalled();\n    expect(lastMail.data.from).toBe('user1@example.test');\n    expect(lastMail.data.to).toBe('user2@example.test');\n    expect(lastMail.data.subject).toBe('Test');\n    expect(lastMail.data.html).toBe('This is test.');\n  });\n\n  it('should send emails with nodemailer transports', async () => {\n    let lastMail: MailMessage;\n    const send = spyOnSmtpSend((mail: MailMessage) => {\n      lastMail = mail;\n    });\n\n    const service = await getMailerServiceForOptions({\n      transports: {\n        myDomain: 'smtps://user@domain.com:pass@smtp.domain.com',\n      },\n    });\n\n    await service.sendMail({\n      transporterName: 'myDomain',\n      from: 'user1@example.test',\n      to: 'user2@example.test',\n      subject: 'Test',\n      html: 'This is test.',\n    });\n\n    expect(send).toHaveBeenCalled();\n    expect(lastMail.data.from).toBe('user1@example.test');\n    expect(lastMail.data.to).toBe('user2@example.test');\n    expect(lastMail.data.subject).toBe('Test');\n    expect(lastMail.data.html).toBe('This is test.');\n  });\n\n  it('should send emails with nodemailer with different transports name', async () => {\n    try {\n      let lastMail: MailMessage;\n      const send = spyOnSmtpSend((mail: MailMessage) => {\n        lastMail = mail;\n      });\n\n      const service = await getMailerServiceForOptions({\n        transports: {\n          myDomain: 'smtps://user@domain.com:pass@smtp.domain.com',\n        },\n      });\n\n      await service.sendMail({\n        transporterName: 'testDomain',\n        from: 'user1@example.test',\n        to: 'user2@example.test',\n        subject: 'Test',\n        html: 'This is test.',\n      });\n\n      expect(send).toHaveBeenCalled();\n    } catch (error) {\n      expect(error.message).toBe(\"Transporters object doesn't have testDomain key\");\n    }\n  });\n\n  it('should send emails with nodemailer without transports', async () => {\n    try {\n      let lastMail: MailMessage;\n      const send = spyOnSmtpSend((mail: MailMessage) => {\n        lastMail = mail;\n      });\n\n      const service = await getMailerServiceForOptions({\n        transports: {},\n      });\n\n      await service.sendMail({\n        from: 'user1@example.test',\n        to: 'user2@example.test',\n        subject: 'Test',\n        html: 'This is test.',\n      });\n\n      expect(send).toHaveBeenCalled();\n    } catch (error) {\n      expect(error.message).toBe('Transporter object undefined');\n    }\n  });\n\n  it('should use mailerOptions.defaults when send emails', async () => {\n    let lastMail: MailMessage;\n    const send = spyOnSmtpSend((mail: MailMessage) => {\n      lastMail = mail;\n    });\n\n    const service = await getMailerServiceForOptions({\n      transport: 'smtps://user@domain.com:pass@smtp.domain.com',\n      defaults: {\n        from: 'user1@example.test',\n      },\n    });\n\n    await service.sendMail({\n      to: 'user2@example.test',\n      subject: 'Test',\n      html: 'This is test.',\n    });\n\n    expect(send).toHaveBeenCalled();\n    expect(lastMail.data.from).toBe('user1@example.test');\n  });\n\n  it('should use custom transport to send mail', async () => {\n    const service = await getMailerServiceWithCustomTransport({\n      transport: 'smtps://user@domain.com:pass@smtp.domain.com',\n    });\n    await service.sendMail({\n      to: 'user2@example.test',\n      subject: 'Test',\n      html: 'This is test.',\n    });\n\n    expect(nodemailerMock.mock.getSentMail().length).toEqual(1);\n  });\n\n  it('should compile template with the handlebars adapter', async () => {\n    let lastMail: MailMessage;\n    const send = spyOnSmtpSend((mail: MailMessage) => {\n      lastMail = mail;\n    });\n\n    const service = await getMailerServiceForOptions({\n      transport: new SMTPTransport({}),\n      template: {\n        adapter: new HandlebarsAdapter(),\n      },\n    });\n\n    await service.sendMail({\n      from: 'user1@example.test',\n      to: 'user2@example.test',\n      subject: 'Test',\n      template: `${template_path}/handlebars-template`,\n      context: {\n        MAILER: 'Nest-modules TM',\n      },\n    });\n\n    expect(send).toHaveBeenCalled();\n    expect(lastMail.data.from).toBe('user1@example.test');\n    expect(lastMail.data.html).toBe(\n      '<html><head></head><body><p>Handlebars test template. by Nest-modules TM</p></body></html>',\n    );\n  });\n\n  it('should compile template with the handlebars adapter with relative path', async () => {\n    let lastMail: MailMessage;\n    const send = spyOnSmtpSend((mail: MailMessage) => {\n      lastMail = mail;\n    });\n\n    const service = await getMailerServiceForOptions({\n      transport: new SMTPTransport({}),\n      template: {\n        adapter: new HandlebarsAdapter(),\n        dir: `${template_path}`,\n      },\n      options: {\n        strict: true,\n        partials: {\n          dir: `${template_path}`,\n        },\n      },\n    });\n\n    await service.sendMail({\n      from: 'user1@example.test',\n      to: 'user2@example.test',\n      subject: 'Test',\n      template: `./handlebars-template`,\n      context: {\n        MAILER: 'Nest-modules TM',\n      },\n    });\n\n    expect(send).toHaveBeenCalled();\n    expect(lastMail.data.from).toBe('user1@example.test');\n    expect(lastMail.data.html).toBe(\n      '<html><head></head><body><p>Handlebars test template. by Nest-modules TM</p></body></html>',\n    );\n  });\n\n  it('should compile template with the handlebars adapter with error template path', async () => {\n    let templatePath = pathJoin(template_path, '/handlebars-templates');\n    try {\n      let lastMail: MailMessage;\n      const send = spyOnSmtpSend((mail: MailMessage) => {\n        lastMail = mail;\n      });\n\n      const service = await getMailerServiceForOptions({\n        transport: new SMTPTransport({}),\n        template: {\n          adapter: new HandlebarsAdapter(),\n        },\n      });\n\n      await service.sendMail({\n        from: 'user1@example.test',\n        to: 'user2@example.test',\n        subject: 'Test',\n        template: `${templatePath}`,\n        context: {\n          MAILER: 'Nest-modules TM',\n        },\n      });\n\n      expect(send).toHaveBeenCalled();\n    } catch (error) {\n      expect(error.message).toBe(\n        `Error: ENOENT: no such file or directory, open '${templatePath}.hbs'`,\n      );\n    }\n  });\n\n  it('should compile template with the handlebars adapter with disabled inline-css', async () => {\n    let lastMail: MailMessage;\n
[...]
tml: 'This is test.',\n    });\n\n    expect(nodemailerMock.mock.getSentMail().length).toEqual(1);\n  });\n\n  it('should compile template with the handlebars adapter', async () => {\n    let lastMail: MailMessage;\n    const send = spyOnSmtpSend((mail: MailMessage) => {\n      lastMail = mail;\n    });\n\n    const service = await getMailerServiceForOptions({\n      transport: new SMTPTransport({}),\n      template: {\n        adapter: new HandlebarsAdapter(),\n      },\n    });\n\n    await service.sendMail({\n      from: 'user1@example.test',\n      to: 'user2@example.test',\n      subject: 'Test',\n      template: `${template_path}/handlebars-template`,\n      context: {\n        MAILER: 'Nest-modules TM',\n      },\n    });\n\n    expect(send).toHaveBeenCalled();\n    expect(lastMail.data.from).toBe('user1@example.test');\n    expect(lastMail.data.html).toBe(\n      '<html><head></head><body><p>Handlebars test template. by Nest-modules TM</p></body></html>',\n    );\n  });\n\n  it('should compile template with the handlebars adapter with relative path', async () => {\n    let lastMail: MailMessage;\n    const send = spyOnSmtpSend((mail: MailMessage) => {\n      lastMail = mail;\n    });\n\n    const service = await getMailerServiceForOptions({\n      transport: new SMTPTransport({}),\n      template: {\n        adapter: new HandlebarsAdapter(),\n        dir: `${template_path}`,\n      },\n      options: {\n        strict: true,\n        partials: {\n          dir: `${template_path}`,\n        },\n      },\n    });\n\n    await service.sendMail({\n      from: 'user1@example.test',\n      to: 'user2@example.test',\n      subject: 'Test',\n      template: `./handlebars-template`,\n      context: {\n        MAILER: 'Nest-modules TM',\n      },\n    });\n\n    expect(send).toHaveBeenCalled();\n    expect(lastMail.data.from).toBe('user1@example.test');\n    expect(lastMail.data.html).toBe(\n      '<html><head></head><body><p>Handlebars test template. by Nest-modules TM</p></body></html>',\n    );\n  });\n\n  it('should compile template with the handlebars adapter with error template path', async () => {\n    let templatePath = pathJoin(template_path, '/handlebars-templates');\n    try {\n      let lastMail: MailMessage;\n      const send = spyOnSmtpSend((mail: MailMessage) => {\n        lastMail = mail;\n      });\n\n      const service = await getMailerServiceForOptions({\n        transport: new SMTPTransport({}),\n        template: {\n          adapter: new HandlebarsAdapter(),\n        },\n      });\n\n      await service.sendMail({\n        from: 'user1@example.test',\n        to: 'user2@example.test',\n        subject: 'Test',\n        template: `${templatePath}`,\n        context: {\n          MAILER: 'Nest-modules TM',\n        },\n      });\n\n      expect(send).toHaveBeenCalled();\n    } catch (error) {\n      expect(error.message).toBe(\n        `Error: ENOENT: no such file or directory, open '${templatePath}.hbs'`,\n      );\n    }\n  });\n\n  it('should compile template with the handlebars adapter with disabled inline-css', async () => {\n    let lastMail: MailMessage;\n    const send = spyOnSmtpSend((mail: MailMessage) => {\n      lastMail = mail;\n    });\n\n    /*{\n      myHelper: (context, value) => {\n        console.log(context, value);\n      },\n    }*/\n\n    const service = await getMailerServiceForOptions({\n      transport: new SMTPTransport({}),\n      template: {\n        adapter: new HandlebarsAdapter(undefined, { inlineCssEnabled: false }),\n      },\n    });\n\n    await service.sendMail({\n      from: 'user1@example.test',\n      to: 'user2@example.test',\n      subject: 'Test',\n      template: `${template_path}/handlebars-template-media-query`,\n      context: {\n        MAILER: 'Nest-modules TM',\n      },\n    });\n\n    expect(send).toHaveBeenCalled();\n    expect(lastMail.data.from).toBe('user1@example.test');\n    expect(lastMail.data.html).toContain('@media only screen and (max-width:350px)');\n    expect(lastMail.data.html).toContain('<p>Handlebars test template. by Nest-modules TM</p>');\n  });\n\n  it('should compile template with the handlebars adapter with enabled inline-css and media query', async () => {\n    let lastMail: MailMessage;\n    const send = spyOnSmtpSend((mail: MailMessage) => {\n      lastMail = mail;\n    });\n\n    const service = await getMailerServiceForOptions({\n      transport: new SMTPTransport({}),\n      template: {\n        adapter: new HandlebarsAdapter(undefined, {\n          inlineCssEnabled: true,\n          inlineCssOptions: { url: ' ', preserveMediaQueries: true },\n        }),\n      },\n    });\n\n    await service.sendMail({\n      from: 'user1@example.test',\n      to: 'user2@example.test',\n      subject: 'Test',\n      template: `${template_path}/handlebars-template-media-query`,\n      context: {\n        MAILER: 'Nest-modules TM',\n      },\n    });\n\n    expect(send).toHaveBeenCalled();\n    expect(lastMail.data.from).toBe('user1@example.test');\n    expect(lastMail.data.html).toContain('@media only screen and (max-width:350px)');\n    expect(lastMail.data.html).toContain('<p>Handlebars test template. by Nest-modules TM</p>');\n  });\n\n  it('should compile template with the pug adapter', async () => {\n    let lastMail: MailMessage;\n    const send = spyOnSmtpSend((mail: MailMessage) => {\n      lastMail = mail;\n    });\n\n    const service = await getMailerServiceForOptions({\n      transport: new SMTPTransport({}),\n      template: {\n        adapter: new PugAdapter(),\n      },\n    });\n\n    await service.sendMail({\n      from: 'user1@example.test',\n      to: 'user2@example.test',\n      subject: 'Test',\n      template: `${template_path}/pug-template`,\n      context: {\n        world: 'World',\n      },\n    });\n\n    expect(send).toHaveBeenCalled();\n    expect(lastMail.data.from).toBe('user1@example.test');\n    expect(lastMail.data.html).toBe(\n      '<html><head></head><body><p>Pug test template.</p><p>Hello World!</p></body></html>',\n    );\n  });\n\n  it('should compile template with the pug adapter with relative path', async () => {\n    let lastMail: MailMessage;\n    const send = spyOnSmtpSend((mail: MailMessage) => {\n      lastMail = mail;\n    });\n\n    const service = await getMailerServiceForOptions({\n      transport: new SMTPTransport({}),\n      template: {\n        adapter: new PugAdapter(),\n        dir: template_path,\n      },\n    });\n\n    await service.sendMail({\n      from: 'user1@example.test',\n      to: 'user2@example.test',\n      subject: 'Test',\n      template: `./pug-template`,\n      context: {\n        world: 'World',\n      },\n    });\n\n    expect(send).toHaveBeenCalled();\n    expect(lastMail.data.from).toBe('user1@example.test');\n    expect(lastMail.data.html).toBe(\n      '<html><head></head><body><p>Pug test template.</p><p>Hello World!</p></body></html>',\n    );\n  });\n\n  it('should compile template with the pug adapter with error to read template', async () => {\n    let templatePath = pathJoin(template_path, '/pug-templates');\n\n    try {\n      let lastMail: MailMessage;\n      const send = spyOnSmtpSend((mail: MailMessage) => {\n        lastMail = mail;\n      });\n\n      const service = await getMailerServiceForOptions({\n        transport: new SMTPTransport({}),\n        template: {\n          adapter: new PugAdapter(),\n        },\n      });\n\n      await service.sendMail({\n        from: 'user1@example.test',\n        to: 'user2@example.test',\n        subject: 'Test',\n        template: `${templatePath}`,\n        context: {\n          world: 'World',\n        },\n      });\n\n      expect(send).toHaveBeenCalled();\n    } catch (error) {\n      expect(error.message).toBe(`ENOENT: no such file or directory, open '${templatePath}.pug'`);\n    }\n  });\n\n  it('should compile template with the pug adapter without inline css', async () => {\n    let lastMail: MailMessage;\n    const send = spyOnSmtpSend((mail: MailMessage) => {\n      lastMail = mail;\n    });\n\n    const service = await getMailerServiceForOptions({\n      transport: new SMTPTransport({}),\n      template: {\n        adapter: new PugAdapter({\n          inlineCssEnabled: false,\n        }),\n      },\n    });\n\n    await service.sendMail({\n      from: 'user1@example.test',\n      to: 'user2@example.test',\n      subject: 'Test',\n      template: `${template_path}/pug-template`,\n      context: {\n        world: 'World',\n      },\n    });\n\n    expect(send).toHaveBeenCalled();\n    expect(lastMail.data.from).toBe('user1@example.test');\n    expect(lastMail.data.html).toBe('<p>Pug test template.</p><p>Hello World!</p>');\n  });\n\n  it('should compile template with the ejs adapter', async () => {\n    let lastMail: MailMessage;\n    const send = spyOnSmtpSend((mail: MailMessage) => {\n      lastMail = mail;\n    });\n\n    const service = await getMailerServiceForOptions({\n      transport: new SMTPTransport({}),\n      template: {\n        adapter: new EjsAdapter(),\n      },\n    });\n\n    await service.sendMail({\n      from: 'user1@example.test',\n      to: 'user2@example.test',\n      subject: 'Test',\n      template: `${template_path}/ejs-template`,\n      context: {\n        MAILER: 'Nest-modules TM',\n      },\n    });\n\n    expect(send).toHaveBeenCalled();\n    expect(lastMail.data.from).toBe('user1@example.test');\n    expect(lastMail.data.html).toBe('<p>Ejs test template. by Nest-modules TM</p>');\n  });\n\n  it('should compile template with the ejs adapter with error to read template', async () => {\n    let templatePath = pathJoin(template_path, '/ejs-templates');\n    try {\n      let lastMail: MailMessage;\n      const send = spyOnSmtpSend((mail: MailMessage) => {\n        lastMail = mail;\n      });\n\n      const service = await getMailerServiceForOptions({\n        transport: new SMTPTransport({}),\n        template: {\n          adapter: new EjsAdapter(),\n        },\n      });\n\n      await service.sendMail({\n        from: 'user1@example.test',\n        to: 'user2@example.test',\n        subject: 'Test',\n        template: `${templatePath}`,\n        context: {\n          MAILER: 'Nest-modules TM',\n        },\n      });\n\n      expect(send).toHaveBeenCalled();\n    } catch (error) {\n      expect(error.message).toBe(\n        `Error: ENOENT: no such file or directory, open '${templatePath}.ejs'`,\n      );\n    }\n  });\n\n  it('should compile template with the ejs adapter read template relative url', async () => {\n    let lastMail: MailMessage;\n    const send = spyOnSmtpSend((mail: MailMessage) => {\n      lastMail = mail;\n    });\n\n    const service = await getMailerServiceForOptions({\n      transport: new SMTPTransport({}),\n      template: {\n        dir: template_path,\n        adapter: new EjsAdapter(),\n      },\n    });\n\n    await service.sendMail({\n      from: 'user1@example.test',\n      to: 'user2@example.test',\n      subject: 'Test',\n      template: `./ejs-template`,\n      context: {\n        MAILER: 'Nest-modules TM',\n      },\n    });\n\n    expect(send).toHaveBeenCalled();\n    expect(lastMail.data.from).toBe('user1@example.test');\n    expect(lastMail.data.html).toBe('<p>Ejs test template. by Nest-modules TM</p>');\n  });\n\n  it('should compile template with the ejs adapter without css inline', async () => {\n    let lastMail: MailMessage;\n    const send = spyOnSmtpSend((mail: MailMessage) => {\n      lastMail = mail;\n    });\n\n    const service = await getMailerServiceForOptions({\n      transport: new SMTPTransport({}),\n      template: {\n        adapter: new EjsAdapter({\n          inlineCssEnabled: false,\n        }),\n      },\n    });\n\n    await service.sendMail({\n      from: 'user1@example.test',\n      to: 'user2@example.test',\n      subject: 'Test',\n      template: `${template_path}/ejs-template`,\n      context: {\n        MAILER: 'Nest-modules TM',\n      },\n    });\n\n    expect(send).toHaveBeenCalled();\n    expect(lastMail.data.from).toBe('user1@example.test');\n    expect(lastMail.data.html).toBe('<p>Ejs test template. by Nest-modules TM</p>');\n  });\n\n  it('should compile template with the ejs adapter with css inline', async () => {\n    let lastMail: MailMessage;\n    const send = spyOnSmtpSend((mail: MailMessage) => {\n      lastMail = mail;\n    });\n\n    const service = await getMailerServiceForOptions({\n      transport: new SMTPTransport({}),\n      template: {\n        adapter: new EjsAdapter({\n          inlineCssEnabled: true,\n        }),\n      },\n    });\n\n    await service.sendMail({\n      from: 'user1@example.test',\n      to: 'user2@example.test',\n      subject: 'Test',\n      template: `${template_path}/ejs-template`,\n      context: {\n        MAILER: 'Nest-modules TM',\n      },\n    });\n\n    expect(send).toHaveBeenCalled();\n    expect(lastMail.data.from).toBe('user1@example.test');\n    expect(lastMail.data.html).toBe(\n      '<html><head></head><body><p>Ejs test template. by Nest-modules TM</p></body></html>',\n    );\n  });\n});\n",
              "err": {},
              "uuid": "f77f265a-9e12-4193-8e30-2613f92f52dc",
              "parentUUID": "acab09c4-f084-4050-9ea5-31c24484fa36",
              "isHook": false,
              "skipped": false
            },
            {
              "title": "MailerModule > forRoot > should be defined",
              "fullTitle": "should be defined",
              "timedOut": false,
              "duration": 145,
              "state": "passed",
              "speed": null,
              "pass": true,
              "fail": false,
              "pending": false,
              "context": null,
              "code": "import { Test, TestingModule } from '@nestjs/testing';\nimport { INestApplication } from '@nestjs/common';\nimport { MailerModule } from '../mailer/mailer.module';\nimport { ConfigModule } from '@nestjs/config';\nimport { dynamicConfig } from '@tresdoce-nestjs-toolkit/test-utils';\n\ndescribe('MailerModule', () => {\n  let app: INestApplication;\n\n  describe('forRoot', () => {\n    beforeEach(async () => {\n      const moduleFixture: TestingModule = await Test.createTestingModule({\n        imports: [\n          MailerModule.forRoot({\n            transport: 'smtps://user@domain.com:pass@smtp.domain.com',\n            defaults: {\n              from: '\"nest-modules\" <modules@nestjs.com>',\n            },\n          }),\n        ],\n      }).compile();\n\n      app = moduleFixture.createNestApplication();\n      await app.init();\n    });\n\n    it('should be defined', () => {\n      expect(app).toBeDefined();\n    });\n  });\n\n  describe('forRootAsync', () => {\n    beforeEach(async () => {\n      const moduleFixture: TestingModule = await Test.createTestingModule({\n        imports: [\n          ConfigModule.forRoot({\n            isGlobal: true,\n            load: [\n              dynamicConfig({\n                mailer: {\n                  transport: 'smtps://user@domain.com:pass@smtp.domain.com',\n                  defaults: {\n                    from: '\"nest-modules\" <modules@nestjs.com>',\n                  },\n                },\n              }),\n            ],\n          }),\n          MailerModule,\n        ],\n      }).compile();\n\n      app = moduleFixture.createNestApplication();\n      await app.init();\n    });\n\n    it('should be defined', () => {\n      expect(app).toBeDefined();\n    });\n  });\n});\n",
              "err": {},
              "uuid": "845c1b39-39ef-4df4-bfb8-6087662d0eac",
              "parentUUID": "acab09c4-f084-4050-9ea5-31c24484fa36",
              "isHook": false,
              "skipped": false
            },
            {
              "title": "MailerModule > forRoot > should be defined",
              "fullTitle": "should be defined",
              "timedOut": false,
              "duration": 7,
              "state": "passed",
              "speed": null,
              "pass": true,
              "fail": false,
              "pending": false,
              "context": null,
              "code": "import { Test, TestingModule } from '@nestjs/testing';\nimport { INestApplication } from '@nestjs/common';\nimport { MailerModule } from '../mailer/mailer.module';\nimport { ConfigModule } from '@nestjs/config';\nimport { dynamicConfig } from '@tresdoce-nestjs-toolkit/test-utils';\n\ndescribe('MailerModule', () => {\n  let app: INestApplication;\n\n  describe('forRoot', () => {\n    beforeEach(async () => {\n      const moduleFixture: TestingModule = await Test.createTestingModule({\n        imports: [\n          MailerModule.forRoot({\n            transport: 'smtps://user@domain.com:pass@smtp.domain.com',\n            defaults: {\n              from: '\"nest-modules\" <modules@nestjs.com>',\n            },\n          }),\n        ],\n      }).compile();\n\n      app = moduleFixture.createNestApplication();\n      await app.init();\n    });\n\n    it('should be defined', () => {\n      expect(app).toBeDefined();\n    });\n  });\n\n  describe('forRootAsync', () => {\n    beforeEach(async () => {\n      const moduleFixture: TestingModule = await Test.createTestingModule({\n        imports: [\n          ConfigModule.forRoot({\n            isGlobal: true,\n            load: [\n              dynamicConfig({\n                mailer: {\n                  transport: 'smtps://user@domain.com:pass@smtp.domain.com',\n                  defaults: {\n                    from: '\"nest-modules\" <modules@nestjs.com>',\n                  },\n                },\n              }),\n            ],\n          }),\n          MailerModule,\n        ],\n      }).compile();\n\n      app = moduleFixture.createNestApplication();\n      await app.init();\n    });\n\n    it('should be defined', () => {\n      expect(app).toBeDefined();\n    });\n  });\n});\n",
              "err": {},
              "uuid": "3cd365d1-f48a-483f-88b7-bbeba02df6de",
              "parentUUID": "acab09c4-f084-4050-9ea5-31c24484fa36",
              "isHook": false,
              "skipped": false
            }
          ],
          "suites": [],
          "passes": [
            "8b697cbb-4ca4-4409-819b-f3ea13dddc9b",
            "46b46567-4551-4a6e-845c-52d1c0fc3cb1",
            "9ce7e274-4fcf-44a5-b3bb-cf03c8834980",
            "cf84e5b3-cca4-4b91-ad68-931aff59b016",
            "23578c85-1ef7-4e69-b7a5-442c4a50d662",
            "e5306012-9cb8-459a-92a6-3beaff4bff67",
            "15a66556-745f-4b5a-a65f-bb7df2871952",
            "11d7ed95-f680-434b-958d-1fb471c3558d",
            "85c5f8b7-afa5-4956-95fe-7365048fd9ac",
            "83082c22-47b1-4f3f-8fbf-df74eadc6070",
            "6886f7c9-1556-473c-8739-dc4399542790",
            "2cca4268-fcf4-441f-8a4c-95effd648fe5",
            "6c4f7078-c037-4cbe-9e29-08bb7d77addc",
            "26f4b900-1cbc-4c85-8af1-290fdf48b866",
            "e0647420-bf54-46ff-bf20-a36f88f36cb6",
            "785b5af6-6bdd-4cba-9681-192326c4b1f8",
            "7de69ce5-26cb-4af3-a053-791f87ee0f70",
            "0877cf3f-f950-44bf-9bcd-e682e4deb561",
            "ef488edd-5c25-418e-856a-66184cd20597",
            "eed2bd15-21c6-43c5-b1ac-b11ef7eadd68",
            "60858a95-f7a0-4495-9cda-1da84ac02d31",
            "9dc75bf9-44e4-4b93-a1ba-4191132ffbbc",
            "611e990e-045e-4efb-b97f-d62eff68ef35",
            "94f4a573-f4c9-4176-a15e-b46560da1bad",
            "f77f265a-9e12-4193-8e30-2613f92f52dc",
            "845c1b39-39ef-4df4-bfb8-6087662d0eac",
            "3cd365d1-f48a-483f-88b7-bbeba02df6de"
          ],
          "failures": [],
          "pending": [],
          "skipped": [],
          "duration": 301,
          "root": false,
          "rootEmpty": false,
          "_timeout": 5000
        }
      ],
      "passes": [],
      "failures": [],
      "pending": [],
      "skipped": [],
      "duration": 0,
      "root": true,
      "rootEmpty": true,
      "_timeout": 5000
    }
  ]
}
