{
  "stats": {
    "suites": 2,
    "tests": 27,
    "passes": 27,
    "pending": 0,
    "failures": 0,
    "testsRegistered": 27,
    "passPercent": 100,
    "pendingPercent": 0,
    "other": 0,
    "hasOther": false,
    "skipped": 0,
    "hasSkipped": false,
    "start": "2023-05-01T23:12:35.188Z",
    "end": "2023-05-01T23:12:35.568Z",
    "duration": 380
  },
  "results": [
    {
      "uuid": "00bb91c8-4f1c-4ea1-b6fc-d0594edbe18d",
      "title": "@tresdoce-nestjs-toolkit/mailer",
      "fullFile": "",
      "file": "",
      "beforeHooks": [],
      "afterHooks": [],
      "tests": [],
      "suites": [
        {
          "uuid": "bf144cd2-0ab2-43bc-b190-770a8aafdb14",
          "title": "@tresdoce-nestjs-toolkit/mailer",
          "fullFile": "",
          "file": "",
          "beforeHooks": [],
          "afterHooks": [],
          "tests": [
            {
              "title": "should not be defined if a transport is not provided",
              "fullTitle": "MailerService > should not be defined if a transport is not provided",
              "timedOut": false,
              "duration": 13,
              "state": "passed",
              "speed": null,
              "pass": true,
              "fail": false,
              "pending": false,
              "context": null,
              "code": "",
              "err": {},
              "uuid": "a5024d0a-f826-478d-9fe0-0fdc97fa0915",
              "parentUUID": "bf144cd2-0ab2-43bc-b190-770a8aafdb14",
              "isHook": false,
              "skipped": false
            },
            {
              "title": "should accept a smtp transport string",
              "fullTitle": "MailerService > should accept a smtp transport string",
              "timedOut": false,
              "duration": 7,
              "state": "passed",
              "speed": null,
              "pass": true,
              "fail": false,
              "pending": false,
              "context": null,
              "code": "",
              "err": {},
              "uuid": "5810ce40-8023-41e1-b8a4-7fee55a6d78e",
              "parentUUID": "bf144cd2-0ab2-43bc-b190-770a8aafdb14",
              "isHook": false,
              "skipped": false
            },
            {
              "title": "should accept a smtp transports string",
              "fullTitle": "MailerService > should accept a smtp transports string",
              "timedOut": false,
              "duration": 3,
              "state": "passed",
              "speed": null,
              "pass": true,
              "fail": false,
              "pending": false,
              "context": null,
              "code": "",
              "err": {},
              "uuid": "663a6ddb-8060-4805-b6a0-8a99f09f8717",
              "parentUUID": "bf144cd2-0ab2-43bc-b190-770a8aafdb14",
              "isHook": false,
              "skipped": false
            },
            {
              "title": "should accept smtp transport options",
              "fullTitle": "MailerService > should accept smtp transport options",
              "timedOut": false,
              "duration": 2,
              "state": "passed",
              "speed": null,
              "pass": true,
              "fail": false,
              "pending": false,
              "context": null,
              "code": "",
              "err": {},
              "uuid": "50538c89-bdc7-496b-aa5b-8046315db57d",
              "parentUUID": "bf144cd2-0ab2-43bc-b190-770a8aafdb14",
              "isHook": false,
              "skipped": false
            },
            {
              "title": "should accept a smtp transport instance",
              "fullTitle": "MailerService > should accept a smtp transport instance",
              "timedOut": false,
              "duration": 3,
              "state": "passed",
              "speed": null,
              "pass": true,
              "fail": false,
              "pending": false,
              "context": null,
              "code": "",
              "err": {},
              "uuid": "13b19d55-b606-451d-9946-7749f8e9f5a4",
              "parentUUID": "bf144cd2-0ab2-43bc-b190-770a8aafdb14",
              "isHook": false,
              "skipped": false
            },
            {
              "title": "should send emails with nodemailer",
              "fullTitle": "MailerService > should send emails with nodemailer",
              "timedOut": false,
              "duration": 9,
              "state": "passed",
              "speed": null,
              "pass": true,
              "fail": false,
              "pending": false,
              "context": null,
              "code": "",
              "err": {},
              "uuid": "3153be91-99d0-4b48-9b6a-2e582714092b",
              "parentUUID": "bf144cd2-0ab2-43bc-b190-770a8aafdb14",
              "isHook": false,
              "skipped": false
            },
            {
              "title": "should send emails with nodemailer transports",
              "fullTitle": "MailerService > should send emails with nodemailer transports",
              "timedOut": false,
              "duration": 3,
              "state": "passed",
              "speed": null,
              "pass": true,
              "fail": false,
              "pending": false,
              "context": null,
              "code": "",
              "err": {},
              "uuid": "d43f31b5-1589-4d12-9c18-16bb3770540e",
              "parentUUID": "bf144cd2-0ab2-43bc-b190-770a8aafdb14",
              "isHook": false,
              "skipped": false
            },
            {
              "title": "should send emails with nodemailer with different transports name",
              "fullTitle": "MailerService > should send emails with nodemailer with different transports name",
              "timedOut": false,
              "duration": 5,
              "state": "passed",
              "speed": null,
              "pass": true,
              "fail": false,
              "pending": false,
              "context": null,
              "code": "",
              "err": {},
              "uuid": "dc1d1e88-a673-454c-b27a-d0e092421cc0",
              "parentUUID": "bf144cd2-0ab2-43bc-b190-770a8aafdb14",
              "isHook": false,
              "skipped": false
            },
            {
              "title": "should send emails with nodemailer without transports",
              "fullTitle": "MailerService > should send emails with nodemailer without transports",
              "timedOut": false,
              "duration": 2,
              "state": "passed",
              "speed": null,
              "pass": true,
              "fail": false,
              "pending": false,
              "context": null,
              "code": "",
              "err": {},
              "uuid": "ee474cb7-71ee-4119-9365-88ba4cbce8ec",
              "parentUUID": "bf144cd2-0ab2-43bc-b190-770a8aafdb14",
              "isHook": false,
              "skipped": false
            },
            {
              "title": "should use mailerOptions.defaults when send emails",
              "fullTitle": "MailerService > should use mailerOptions.defaults when send emails",
              "timedOut": false,
              "duration": 3,
              "state": "passed",
              "speed": null,
              "pass": true,
              "fail": false,
              "pending": false,
              "context": null,
              "code": "",
              "err": {},
              "uuid": "26d14a1f-f6d7-4402-881b-2a90c0daf154",
              "parentUUID": "bf144cd2-0ab2-43bc-b190-770a8aafdb14",
              "isHook": false,
              "skipped": false
            },
            {
              "title": "should use custom transport to send mail",
              "fullTitle": "MailerService > should use custom transport to send mail",
              "timedOut": false,
              "duration": 6,
              "state": "passed",
              "speed": null,
              "pass": true,
              "fail": false,
              "pending": false,
              "context": null,
              "code": "",
              "err": {},
              "uuid": "c66de1f7-b435-474c-a7e4-62cf04e018ff",
              "parentUUID": "bf144cd2-0ab2-43bc-b190-770a8aafdb14",
              "isHook": false,
              "skipped": false
            },
            {
              "title": "should compile template with the handlebars adapter",
              "fullTitle": "MailerService > should compile template with the handlebars adapter",
              "timedOut": false,
              "duration": 21,
              "state": "passed",
              "speed": null,
              "pass": true,
              "fail": false,
              "pending": false,
              "context": null,
              "code": "",
              "err": {},
              "uuid": "be954858-8094-4b6c-a53c-d6aba65d3fdc",
              "parentUUID": "bf144cd2-0ab2-43bc-b190-770a8aafdb14",
              "isHook": false,
              "skipped": false
            },
            {
              "title": "should compile template with the handlebars adapter with relative path",
              "fullTitle": "MailerService > should compile template with the handlebars adapter with relative path",
              "timedOut": false,
              "duration": 18,
              "state": "passed",
              "speed": null,
              "pass": true,
              "fail": false,
              "pending": false,
              "context": null,
              "code": "",
              "err": {},
              "uuid": "7baa36f6-0021-41c2-837e-bb16b9c24af6",
              "parentUUID": "bf144cd2-0ab2-43bc-b190-770a8aafdb14",
              "isHook": false,
              "skipped": false
            },
            {
              "title": "should compile template with the handlebars adapter with error template path",
              "fullTitle": "MailerService > should compile template with the handlebars adapter with error template path",
              "timedOut": false,
              "duration": 2,
              "state": "passed",
              "speed": null,
              "pass": true,
              "fail": false,
              "pending": false,
              "context": null,
              "code": "",
              "err": {},
              "uuid": "f462e221-3df9-4661-9cce-3015e5d75b95",
              "parentUUID": "bf144cd2-0ab2-43bc-b190-770a8aafdb14",
              "isHook": false,
              "skipped": false
            },
            {
              "title": "should compile template with the handlebars adapter with disabled inline-css",
              "fullTitle": "MailerService > should compile template with the handlebars adapter with disabled inline-css",
              "timedOut": false,
              "duration": 4,
              "state": "passed",
              "speed": null,
              "pass": true,
              "fail": false,
              "pending": false,
              "context": null,
              "code": "",
              "err": {},
              "uuid": "b95af108-f5a0-4524-826a-2b0336a2dd6d",
              "parentUUID": "bf144cd2-0ab2-43bc-b190-770a8aafdb14",
              "isHook": false,
              "skipped": false
            },
            {
              "title": "should compile template with the handlebars adapter with enabled inline-css and media query",
              "fullTitle": "MailerService > should compile template with the handlebars adapter with enabled inline-css and media query",
              "timedOut": false,
              "duration": 7,
              "state": "passed",
              "speed": null,
              "pass": true,
              "fail": false,
              "pending": false,
              "context": null,
              "code": "",
              "err": {},
              "uuid": "289a4569-9c44-457f-912a-de6ef9f41da1",
              "parentUUID": "bf144cd2-0ab2-43bc-b190-770a8aafdb14",
              "isHook": false,
              "skipped": false
            },
            {
              "title": "should compile template with the pug adapter",
              "fullTitle": "MailerService > should compile template with the pug adapter",
              "timedOut": false,
              "duration": 27,
              "state": "passed",
              "speed": null,
              "pass": true,
              "fail": false,
              "pending": false,
              "context": null,
              "code": "",
              "err": {},
              "uuid": "75a70daa-e537-4738-982c-d659065d6fb1",
              "parentUUID": "bf144cd2-0ab2-43bc-b190-770a8aafdb14",
              "isHook": false,
              "skipped": false
            },
            {
              "title": "should compile template with the pug adapter with relative path",
              "fullTitle": "MailerService > should compile template with the pug adapter with relative path",
              "timedOut": false,
              "duration": 7,
              "state": "passed",
              "speed": null,
              "pass": true,
              "fail": false,
              "pending": false,
              "context": null,
              "code": "",
              "err": {},
              "uuid": "b8b2656b-b1c8-4277-a020-50f8a9b5bfd6",
              "parentUUID": "bf144cd2-0ab2-43bc-b190-770a8aafdb14",
              "isHook": false,
              "skipped": false
            },
            {
              "title": "should compile template with the pug adapter with error to read template",
              "fullTitle": "MailerService > should compile template with the pug adapter with error to read template",
              "timedOut": false,
              "duration": 2,
              "state": "passed",
              "speed": null,
              "pass": true,
              "fail": false,
              "pending": false,
              "context": null,
              "code": "",
              "err": {},
              "uuid": "103aaee0-b3f1-4669-bd68-20e9a9da14bd",
              "parentUUID": "bf144cd2-0ab2-43bc-b190-770a8aafdb14",
              "isHook": false,
              "skipped": false
            },
            {
              "title": "should compile template with the pug adapter without inline css",
              "fullTitle": "MailerService > should compile template with the pug adapter without inline css",
              "timedOut": false,
              "duration": 5,
              "state": "passed",
              "speed": null,
              "pass": true,
              "fail": false,
              "pending": false,
              "context": null,
              "code": "",
              "err": {},
              "uuid": "384d0007-5328-4146-8c6b-2e4dbe26dce8",
              "parentUUID": "bf144cd2-0ab2-43bc-b190-770a8aafdb14",
              "isHook": false,
              "skipped": false
            },
            {
              "title": "should compile template with the ejs adapter",
              "fullTitle": "MailerService > should compile template with the ejs adapter",
              "timedOut": false,
              "duration": 4,
              "state": "passed",
              "speed": null,
              "pass": true,
              "fail": false,
              "pending": false,
              "context": null,
              "code": "",
              "err": {},
              "uuid": "00163733-b899-41ff-b30d-b2f47b7dc796",
              "parentUUID": "bf144cd2-0ab2-43bc-b190-770a8aafdb14",
              "isHook": false,
              "skipped": false
            },
            {
              "title": "should compile template with the ejs adapter with error to read template",
              "fullTitle": "MailerService > should compile template with the ejs adapter with error to read template",
              "timedOut": false,
              "duration": 2,
              "state": "passed",
              "speed": null,
              "pass": true,
              "fail": false,
              "pending": false,
              "context": null,
              "code": "",
              "err": {},
              "uuid": "c0120a7f-589c-450d-ba00-69e21d5906b8",
              "parentUUID": "bf144cd2-0ab2-43bc-b190-770a8aafdb14",
              "isHook": false,
              "skipped": false
            },
            {
              "title": "should compile template with the ejs adapter read template relative url",
              "fullTitle": "MailerService > should compile template with the ejs adapter read template relative url",
              "timedOut": false,
              "duration": 2,
              "state": "passed",
              "speed": null,
              "pass": true,
              "fail": false,
              "pending": false,
              "context": null,
              "code": "",
              "err": {},
              "uuid": "6c4e5951-f20e-4c60-8b25-da88b4b226aa",
              "parentUUID": "bf144cd2-0ab2-43bc-b190-770a8aafdb14",
              "isHook": false,
              "skipped": false
            },
            {
              "title": "should compile template with the ejs adapter without css inline",
              "fullTitle": "MailerService > should compile template with the ejs adapter without css inline",
              "timedOut": false,
              "duration": 5,
              "state": "passed",
              "speed": null,
              "pass": true,
              "fail": false,
              "pending": false,
              "context": null,
              "code": "",
              "err": {},
              "uuid": "e3c6ba15-aa8c-490f-8de2-ee191b242d3a",
              "parentUUID": "bf144cd2-0ab2-43bc-b190-770a8aafdb14",
              "isHook": false,
              "skipped": false
            },
            {
              "title": "should compile template with the ejs adapter with css inline",
              "fullTitle": "MailerService > should compile template with the ejs adapter with css inline",
              "timedOut": false,
              "duration": 4,
              "state": "passed",
              "speed": null,
              "pass": true,
              "fail": false,
              "pending": false,
              "context": null,
              "code": "",
              "err": {},
              "uuid": "e5e9441c-3207-41aa-8bea-bec429d5d7ee",
              "parentUUID": "bf144cd2-0ab2-43bc-b190-770a8aafdb14",
              "isHook": false,
              "skipped": false
            },
            {
              "title": "should be defined",
              "fullTitle": "MailerModule > forRoot > should be defined",
              "timedOut": false,
              "duration": 206,
              "state": "passed",
              "speed": null,
              "pass": true,
              "fail": false,
              "pending": false,
              "context": null,
              "code": "",
              "err": {},
              "uuid": "61b8ae6c-e8d7-410a-830c-547d6d36e5fd",
              "parentUUID": "bf144cd2-0ab2-43bc-b190-770a8aafdb14",
              "isHook": false,
              "skipped": false
            },
            {
              "title": "should be defined",
              "fullTitle": "MailerModule > forRoot > should be defined",
              "timedOut": false,
              "duration": 8,
              "state": "passed",
              "speed": null,
              "pass": true,
              "fail": false,
              "pending": false,
              "context": null,
              "code": "",
              "err": {},
              "uuid": "337df9bf-455f-421c-b375-06c3de04f53a",
              "parentUUID": "bf144cd2-0ab2-43bc-b190-770a8aafdb14",
              "isHook": false,
              "skipped": false
            }
          ],
          "suites": [],
          "passes": [
            "a5024d0a-f826-478d-9fe0-0fdc97fa0915",
            "5810ce40-8023-41e1-b8a4-7fee55a6d78e",
            "663a6ddb-8060-4805-b6a0-8a99f09f8717",
            "50538c89-bdc7-496b-aa5b-8046315db57d",
            "13b19d55-b606-451d-9946-7749f8e9f5a4",
            "3153be91-99d0-4b48-9b6a-2e582714092b",
            "d43f31b5-1589-4d12-9c18-16bb3770540e",
            "dc1d1e88-a673-454c-b27a-d0e092421cc0",
            "ee474cb7-71ee-4119-9365-88ba4cbce8ec",
            "26d14a1f-f6d7-4402-881b-2a90c0daf154",
            "c66de1f7-b435-474c-a7e4-62cf04e018ff",
            "be954858-8094-4b6c-a53c-d6aba65d3fdc",
            "7baa36f6-0021-41c2-837e-bb16b9c24af6",
            "f462e221-3df9-4661-9cce-3015e5d75b95",
            "b95af108-f5a0-4524-826a-2b0336a2dd6d",
            "289a4569-9c44-457f-912a-de6ef9f41da1",
            "75a70daa-e537-4738-982c-d659065d6fb1",
            "b8b2656b-b1c8-4277-a020-50f8a9b5bfd6",
            "103aaee0-b3f1-4669-bd68-20e9a9da14bd",
            "384d0007-5328-4146-8c6b-2e4dbe26dce8",
            "00163733-b899-41ff-b30d-b2f47b7dc796",
            "c0120a7f-589c-450d-ba00-69e21d5906b8",
            "6c4e5951-f20e-4c60-8b25-da88b4b226aa",
            "e3c6ba15-aa8c-490f-8de2-ee191b242d3a",
            "e5e9441c-3207-41aa-8bea-bec429d5d7ee",
            "61b8ae6c-e8d7-410a-830c-547d6d36e5fd",
            "337df9bf-455f-421c-b375-06c3de04f53a"
          ],
          "failures": [],
          "pending": [],
          "skipped": [],
          "duration": 380,
          "root": false,
          "rootEmpty": false,
          "_timeout": 5000
        }
      ],
      "passes": [],
      "failures": [],
      "pending": [],
      "skipped": [],
      "duration": 0,
      "root": true,
      "rootEmpty": true,
      "_timeout": 5000
    }
  ]
}
