{
  "stats": {
    "suites": 2,
    "tests": 27,
    "passes": 27,
    "pending": 0,
    "failures": 0,
    "testsRegistered": 27,
    "passPercent": 100,
    "pendingPercent": 0,
    "other": 0,
    "hasOther": false,
    "skipped": 0,
    "hasSkipped": false,
    "start": "2023-05-05T13:15:54.121Z",
    "end": "2023-05-05T13:15:54.417Z",
    "duration": 296
  },
  "results": [
    {
      "uuid": "711a1818-3569-4b49-bc6f-5a6a9f7dd036",
      "title": "@tresdoce-nestjs-toolkit/mailer",
      "fullFile": "",
      "file": "",
      "beforeHooks": [],
      "afterHooks": [],
      "tests": [],
      "suites": [
        {
          "uuid": "523b2ad6-7258-473b-8a13-419105450da5",
          "title": "@tresdoce-nestjs-toolkit/mailer",
          "fullFile": "",
          "file": "",
          "beforeHooks": [],
          "afterHooks": [],
          "tests": [
            {
              "fullTitle": "MailerService > should not be defined if a transport is not provided",
              "title": "MailerService > should not be defined if a transport is not provided",
              "timedOut": false,
              "duration": 10,
              "state": "passed",
              "speed": "fast",
              "pass": true,
              "fail": false,
              "pending": false,
              "context": null,
              "code": "import { Test, TestingModule } from '@nestjs/testing';\nimport { pathJoin } from '@tresdoce-nestjs-toolkit/test-utils';\nimport * as nodemailerMock from 'nodemailer-mock';\nimport MailMessage from 'nodemailer/lib/mailer/mail-message';\nimport SMTPTransport from 'nodemailer/lib/smtp-transport';\n\nimport { MAILER_OPTIONS, MAILER_TRANSPORT_FACTORY } from '../mailer/constants/mailer.constant';\n\nimport { MailerOptions, TransportType } from '../mailer/interfaces/mailer-options.interface';\nimport { MailerTransportFactory } from '../mailer/interfaces/mailer-transport-factory.interface';\n\nimport { HandlebarsAdapter } from '../mailer/adapters/handlebars.adapter';\nimport { PugAdapter } from '../mailer/adapters/pug.adapter';\nimport { EjsAdapter } from '../mailer/adapters/ejs.adapter';\n\nimport { MailerService } from '../mailer/services/mailer.service';\n\nconst template_path = pathJoin(__dirname, 'utils/test-templates');\n\nasync function getMailerServiceForOptions(options: MailerOptions): Promise<MailerService> {\n  const module: TestingModule = await Test.createTestingModule({\n    providers: [\n      {\n        name: MAILER_OPTIONS,\n        provide: MAILER_OPTIONS,\n        useValue: options,\n      },\n      MailerService,\n    ],\n  }).compile();\n\n  return module.get<MailerService>(MailerService);\n}\n\nfunction spyOnSmtpSend(onMail: (mail: MailMessage) => void) {\n  return jest\n    .spyOn(SMTPTransport.prototype, 'send')\n    .mockImplementation(function (\n      mail: MailMessage,\n      callback: (err: Error | null, info: SMTPTransport.SentMessageInfo) => void,\n    ): void {\n      onMail(mail);\n      callback(null, {\n        envelope: {\n          from: mail.data.from as string,\n          to: [mail.data.to as string],\n        },\n        messageId: 'ABCD',\n        accepted: [],\n        rejected: [],\n        pending: [],\n        response: 'ok',\n      });\n    });\n}\n\nasync function getMailerServiceWithCustomTransport(options: MailerOptions): Promise<MailerService> {\n  class TestTransportFactory implements MailerTransportFactory {\n    createTransport(options?: TransportType): any {\n      return nodemailerMock.createTransport({ host: 'localhost', port: -100 });\n    }\n  }\n\n  const module: TestingModule = await Test.createTestingModule({\n    providers: [\n      {\n        name: MAILER_OPTIONS,\n        provide: MAILER_OPTIONS,\n        useValue: options,\n      },\n      {\n        name: MAILER_TRANSPORT_FACTORY,\n        provide: MAILER_TRANSPORT_FACTORY,\n        useClass: TestTransportFactory,\n      },\n      MailerService,\n    ],\n  }).compile();\n  await module.init();\n\n  return module.get<MailerService>(MailerService);\n}\n\njest.setTimeout(70000);\ndescribe('MailerService', () => {\n  it('should not be defined if a transport is not provided', async () => {\n    await expect(getMailerServiceForOptions({})).rejects.toMatchInlineSnapshot(\n      `[Error: Make sure to provide a nodemailer transport configuration object, connection url or a transport plugin instance.]`,\n    );\n  });\n\n  it('should accept a smtp transport string', async () => {\n    const service = await getMailerServiceForOptions({\n      transport: 'smtps://user@domain.com:pass@smtp.domain.com',\n    });\n\n    expect(service).toBeDefined();\n    expect((service as any).transporter.transporter).toBeInstanceOf(SMTPTransport);\n  });\n\n  it('should accept a smtp transports string', async () => {\n    const service = await getMailerServiceForOptions({\n      transports: {\n        myDomain: 'smtps://user@domain.com:pass@smtp.domain.com',\n      },\n    });\n\n    expect(service).toBeDefined();\n    (service as any).transporters.forEach((value, key) => {\n      expect(value.transporter).toBeInstanceOf(SMTPTransport);\n    });\n  });\n\n  it('should accept smtp transport options', async () => {\n    const service = await getMailerServiceForOptions({\n      transport: {\n        secure: true,\n        requireTLS: true,\n        auth: {\n          user: 'user@domain.com',\n          pass: 'pass',\n        },\n        options: {\n          host: 'smtp.domain.com',\n        },\n      },\n    });\n\n    expect(service).toBeDefined();\n    expect((service as any).transporter.transporter).toBeInstanceOf(SMTPTransport);\n  });\n\n  it('should accept a smtp transport instance', async () => {\n    const transport = new SMTPTransport({});\n    const service = await getMailerServiceForOptions({\n      transport: transport,\n    });\n\n    expect(service).toBeDefined();\n    expect((service as any).transporter.transporter).toBe(transport);\n  });\n\n  it('should send emails with nodemailer', async () => {\n    let lastMail: MailMessage;\n    const send = spyOnSmtpSend((mail: MailMessage) => {\n      lastMail = mail;\n    });\n\n    const service = await getMailerServiceForOptions({\n      transport: 'smtps://user@domain.com:pass@smtp.domain.com',\n    });\n\n    await service.sendMail({\n      from: 'user1@example.test',\n      to: 'user2@example.test',\n      subject: 'Test',\n      html: 'This is test.',\n    });\n\n    expect(send).toHaveBeenCalled();\n    expect(lastMail.data.from).toBe('user1@example.test');\n    expect(lastMail.data.to).toBe('user2@example.test');\n    expect(lastMail.data.subject).toBe('Test');\n    expect(lastMail.data.html).toBe('This is test.');\n  });\n\n  it('should send emails with nodemailer transports', async () => {\n    let lastMail: MailMessage;\n    const send = spyOnSmtpSend((mail: MailMessage) => {\n      lastMail = mail;\n    });\n\n    const service = await getMailerServiceForOptions({\n      transports: {\n        myDomain: 'smtps://user@domain.com:pass@smtp.domain.com',\n      },\n    });\n\n    await service.sendMail({\n      transporterName: 'myDomain',\n      from: 'user1@example.test',\n      to: 'user2@example.test',\n      subject: 'Test',\n      html: 'This is test.',\n    });\n\n    expect(send).toHaveBeenCalled();\n    expect(lastMail.data.from).toBe('user1@example.test');\n    expect(lastMail.data.to).toBe('user2@example.test');\n    expect(lastMail.data.subject).toBe('Test');\n    expect(lastMail.data.html).toBe('This is test.');\n  });\n\n  it('should send emails with nodemailer with different transports name', async () => {\n    try {\n      let lastMail: MailMessage;\n      const send = spyOnSmtpSend((mail: MailMessage) => {\n        lastMail = mail;\n      });\n\n      const service = await getMailerServiceForOptions({\n        transports: {\n          myDomain: 'smtps://user@domain.com:pass@smtp.domain.com',\n        },\n      });\n\n      await service.sendMail({\n        transporterName: 'testDomain',\n        from: 'user1@example.test',\n        to: 'user2@example.test',\n        subject: 'Test',\n        html: 'This is test.',\n      });\n\n      expect(send).toHaveBeenCalled();\n    } catch (error) {\n      expect(error.message).toBe(\"Transporters object doesn't have testDomain key\");\n    }\n  });\n\n  it('should send emails with nodemailer without transports', async () => {\n    try {\n      let lastMail: MailMessage;\n      const send = spyOnSmtpSend((mail: MailMessage) => {\n        lastMail = mail;\n      });\n\n      const service = await getMailerServiceForOptions({\n        transports: {},\n      });\n\n      await service.sendMail({\n        from: 'user1@example.test',\n        to: 'user2@example.test',\n        subject: 'Test',\n        html: 'This is test.',\n      });\n\n      expect(send).toHaveBeenCalled();\n    } catch (error) {\n      expect(error.message).toBe('Transporter object undefined');\n    }\n  });\n\n  it('should use mailerOptions.defaults when send emails', async () => {\n    let lastMail: MailMessage;\n    const send = spyOnSmtpSend((mail: MailMessage) => {\n      lastMail = mail;\n    });\n\n    const service = await getMailerServiceForOptions({\n      transport: 'smtps://user@domain.com:pass@smtp.domain.com',\n      defaults: {\n        from: 'user1@example.test',\n      },\n    });\n\n    await service.sendMail({\n      to: 'user2@example.test',\n      subject: 'Test',\n      html: 'This is test.',\n    });\n\n    expect(send).toHaveBeenCalled();\n    expect(lastMail.data.from).toBe('user1@example.test');\n  });\n\n  it('should use custom transport to send mail', async () => {\n    const service = await getMailerServiceWithCustomTransport({\n      transport: 'smtps://user@domain.com:pass@smtp.domain.com',\n    });\n    await service.sendMail({\n      to: 'user2@example.test',\n      subject: 'Test',\n      html: 'This is test.',\n    });\n\n    expect(nodemailerMock.mock.getSentMail().length).toEqual(1);\n  });\n\n  it('should compile template with the handlebars adapter', async () => {\n    let lastMail: MailMessage;\n    const send = spyOnSmtpSend((mail: MailMessage) => {\n      lastMail = mail;\n    });\n\n    const service = await getMailerServiceForOptions({\n      transport: new SMTPTransport({}),\n      template: {\n        adapter: new HandlebarsAdapter(),\n      },\n    });\n\n    await service.sendMail({\n      from: 'user1@example.test',\n      to: 'user2@example.test',\n      subject: 'Test',\n      template: `${template_path}/handlebars-template`,\n      context: {\n        MAILER: 'Nest-modules TM',\n      },\n    });\n\n    expect(send).toHaveBeenCalled();\n    expect(lastMail.data.from).toBe('user1@example.test');\n    expect(lastMail.data.html).toBe(\n      '<html><head></head><body><p>Handlebars test template. by Nest-modules TM</p></body></html>',\n    );\n  });\n\n  it('should compile template with the handlebars adapter with relative path', async () => {\n    let lastMail: MailMessage;\n    const send = spyOnSmtpSend((mail: MailMessage) => {\n      lastMail = mail;\n    });\n\n    const service = await getMailerServiceForOptions({\n      transport: new SMTPTransport({}),\n      template: {\n        adapter: new HandlebarsAdapter(),\n        dir: `${template_path}`,\n      },\n      options: {\n        strict: true,\n        partials: {\n          dir: `${template_path}`,\n        },\n      },\n    });\n\n    await service.sendMail({\n      from: 'user1@example.test',\n      to: 'user2@example.test',\n      subject: 'Test',\n      template: `./handlebars-template`,\n      context: {\n        MAILER: 'Nest-modules TM',\n      },\n    });\n\n    expect(send).toHaveBeenCalled();\n    expect(lastMail.data.from).toBe('user1@example.test');\n    expect(lastMail.data.html).toBe(\n      '<html><head></head><body><p>Handlebars test template. by Nest-modules TM</p></body></html>',\n    );\n  });\n\n  it('should compile template with the handlebars adapter with error template path', async () => {\n    let templatePath = pathJoin(template_path, '/handlebars-templates');\n    try {\n      let lastMail: MailMessage;\n      const send = spyOnSmtpSend((mail: MailMessage) => {\n        lastMail = mail;\n      });\n\n      const service = await getMailerServiceForOptions({\n        transport: new SMTPTransport({}),\n        template: {\n          adapter: new HandlebarsAdapter(),\n        },\n      });\n\n      await service.sendMail({\n        from: 'user1@example.test',\n        to: 'user2@example.test',\n        subject: 'Test',\n        template: `${templatePath}`,\n        context: {\n          MAILER: 'Nest-modules TM',\n        },\n      });\n\n      expect(send).toHaveBeenCalled();\n    } catch (error) {\n      expect(error.message).toBe(\n        `Error: ENOENT: no such file or directory, open '${templatePath}.hbs'`,\n      );\n    }\n  });\n\n  it('should compile template with the handlebars adapter with disabled inline-css', async () => {\n    let lastMail: MailMessage;\n    const send = spyOnSmtpSend((mail: MailMessage) => {\n      lastMail = mail;\n    });\n\n    /*{\n      myHelper: (context, value) => {\n        console.log(context, value);\n      },\n    }*/\n\n    const service = await getMailerServiceForOptions({\n      transport: new SMTPTransport({}),\n      template: {\n        adapter: new HandlebarsAdapter(undefined, { inlineCssEnabled: false }),\n      },\n    });\n\n    await service.sendMail({\n      from: 'user1@example.test',\n      to: 'user2@example.test',\n      subject: 'Test',\n      template: `${template_path}/handlebars-template-media-query`,\n      context: {\n        MAILER: 'Nest-modules TM',\n      },\n    });\n\n    expect(send).toHaveBeenCalled();\n    expect(lastMail.data.from).toBe('user1@example.test');\n    expect(lastMail.data.html).toContain('@media only screen and (max-width:350px)');\n    expect(lastMail.data.html).toContain('<p>Handlebars test template. by Nest-modules TM</p>');\n  });\n\n  it('should compile template with the handlebars adapter with enabled inline-css and media query', async () => {\n    let lastMail: MailMessage;\n    const send = spyOnSmtpSend((mail: MailMessage) => {\n      lastMail = mail;\n    });\n\n    const service = await getMailerServiceForOptions({\n      transport: new SMTPTransport({}),\n      template: {\n        adapter: new HandlebarsAdapter(undefined, {\n          inlineCssEnabled: true,\n          inlineCssOptions: { url: ' ', preserveMediaQueries: true },\n        }),\n      },\n    });\n\n    await service.sendMail({\n      from: 'user1@example.test',\n      to: 'user2@example.test',\n      subject: 'Test',\n      template: `${template_path}/handlebars-template-media-query`,\n      context: {\n        MAILER: 'Nest-modules TM',\n      },\n    });\n\n    expect(send).toHaveBeenCalled();\n    expect(lastMail.data.from).toBe('user1@example.test');\n    expect(lastMail.data.html).toContain('@media only screen and (max-width:350px)');\n    expect(lastMail.data.html).toContain('<p>Handlebars test template. by Nest-modules TM</p>');\n  });\n\n  it('should compile template with the pug adapter', async () => {\n    let lastMail: MailMessage;\n    const send = spyOnSmtpSend((mail: MailMessage) => {\n      lastMail = mail;\n    });\n\n    const service = await getMailerServiceForOptions({\n      transport: new SMTPTransport({}),\n      template: {\n        adapter: new PugAdapter(),\n      },\n    });\n\n    await service.sendMail({\n      from: 'user1@example.test',\n      to: 'user2@example.test',\n      subject: 'Test',\n      template: `${template_path}/pug-template`,\n      context: {\n        world: 'World',\n      },\n    });\n\n    expect(send).toHaveBeenCalled();\n    expect(lastMail.data.from).toBe('user1@example.test');\n    expect(lastMail.data.html).toBe(\n      '<html><head></head><body><p>Pug test template.</p><p>Hello World!</p></body></html>',\n    );\n  });\n\n  it('should compile template with the pug adapter with relative path', async () => {\n    let lastMail: MailMessage;\n    const send = spyOnSmtpSend((mail: MailMessage) => {\n      lastMail = mail;\n    });\n\n    const service = await getMailerServiceForOptions({\n      transport: new SMTPTransport({}),\n      template: {\n        adapter: new PugAdapter(),\n        dir: template_path,\n      },\n    });\n\n    await service.sendMail({\n      from: 'user1@example.test',\n      to: 'user2@example.test',\n      subject: 'Test',\n      template: `./pug-template`,\n      context: {\n        world: 'World',\n      },\n    });\n\n    expect(send).toHaveBeenCalled();\n    expect(lastMail.data.from).toBe('user1@example.test');\n    expect(lastMail.data.html).toBe(\n      '<html><head></head><body><p>Pug test template.</p><p>Hello World!</p></body></html>',\n    );\n  });\n\n  it('should compile template with the pug adapter with error to read template', async () => {\n    let templatePath = pathJoin(template_path, '/pug-templates');\n\n    try {\n      let lastMail: MailMessage;\n      const send = spyOnSmtpSend((mail: MailMessage) => {\n        lastMail = mail;\n      });\n\n      const service = await getMailerServiceForOptions({\n        transport: new SMTPTransport({}),\n        template: {\n          adapter: new PugAdapter(),\n        },\n      });\n\n      await service.sendMail({\n        from: 'user1@example.test',\n        to: 'user2@example.test',\n        subject: 'Test',\n        template: `${templatePath}`,\n        context: {\n          world: 'World',\n        },\n      });\n\n      expect(send).toHaveBeenCalled();\n    } catch (error) {\n      expect(error.message).toBe(`ENOENT: no such file or directory, open '${templatePath}.pug'`);\n    }\n  });\n\n  it('should compile template with the pug adapter without inline css', async () => {\n    let lastMail: MailMessage;\n    const send = spyOnSmtpSend((mail: MailMessage) => {\n      lastMail = mail;\n    });\n\n    const service = await getMailerServiceForOptions({\n      transport: new SMTPTransport({}),\n      template: {\n        adapter: new PugAdapter({\n          inlineCssEnabled: false,\n        }),\n      },\n    });\n\n    await service.sendMail({\n      from: 'user1@example.test',\n      to: 'user2@example.test',\n      subject: 'Test',\n      template: `${template_path}/pug-template`,\n      context: {\n        world: 'World',\n      },\n    });\n\n    expect(send).toHaveBeenCalled();\n    expect(lastMail.data.from).toBe('user1@example.test');\n    expect(lastMail.data.html).toBe('<p>Pug test template.</p><p>Hello World!</p>');\n  });\n\n  it('should compile template with the ejs adapter', async () => {\n    let lastMail: MailMessage;\n    const send = spyOnSmtpSend((mail: MailMessage) => {\n      lastMail = mail;\n    });\n\n    const service = await getMailerServiceForOptions({\n      transport: new SMTPTransport({}),\n      template: {\n        adapter: new EjsAdapter(),\n      },\n    });\n\n    await service.sendMail({\n      from: 'user1@example.test',\n      to: 'user2@example.test',\n      subject: 'Test',\n      template: `${template_path}/ejs-template`,\n      context: {\n        MAILER: 'Nest-modules TM',\n      },\n    });\n\n    expect(send).toHaveBeenCalled();\n    expect(lastMail.data.from).toBe('user1@example.test');\n    expect(lastMail.data.html).toBe('<p>Ejs test template. by Nest-modules TM</p>');\n  });\n\n  it('should compile template with the ejs adapter with error to read template', async () => {\n    let templatePath = pathJoin(template_path, '/ejs-templates');\n    try {\n      let lastMail: MailMessage;\n      const send = spyOnSmtpSend((mail: MailMessage) => {\n        lastMail = mail;\n      });\n\n      const service = await getMailerServiceForOptions({\n        transport: new SMTPTransport({}),\n        template: {\n          adapter: new EjsAdapter(),\n        },\n      });\n\n      await service.sendMail({\n        from: 'user1@example.test',\n        to: 'user2@example.test',\n        subject: 'Test',\n        template: `${templatePath}`,\n        context: {\n          MAILER: 'Nest-modules TM',\n        },\n      });\n\n      expect(send).toHaveBeenCalled();\n    } catch (error) {\n      expect(error.message).toBe(\n        `Error: ENOENT: no such file or directory, open '${templatePath}.ejs'`,\n      );\n    }\n  });\n\n  it('should compile template with the ejs adapter read template relative url', async () => {\n    let lastMail: MailMessage;\n    const send = spyOnSmtpSend((mail: MailMessage) => {\n      lastMail = mail;\n    });\n\n    const service = await getMailerServiceForOptions({\n      transport: new SMTPTransport({}),\n      template: {\n        dir: template_path,\n        adapter: new EjsAdapter(),\n      },\n    });\n\n    await service.sendMail({\n      from: 'user1@example.test',\n      to: 'user2@example.test',\n      subject: 'Test',\n      template: `./ejs-template`,\n      context: {\n        MAILER: 'Nest-modules TM',\n      },\n    });\n\n    expect(send).toHaveBeenCalled();\n    expect(lastMail.data.from).toBe('user1@example.test');\n    expect(lastMail.data.html).toBe('<p>Ejs test template. by Nest-modules TM</p>');\n  });\n\n  it('should compile template with the ejs adapter without css inline', async () => {\n    let lastMail: MailMessage;\n    const send = spyOnSmtpSend((mail: MailMessage) => {\n      lastMail = mail;\n    });\n\n    const service = await getMailerServiceForOptions({\n      transport: new SMTPTransport({}),\n      template: {\n        adapter: new EjsAdapter({\n          inlineCssEnabled: false,\n        }),\n      },\n    });\n\n    await service.sendMail({\n      from: 'user1@example.test',\n      to: 'user2@example.test',\n      subject: 'Test',\n      template: `${template_path}/ejs-template`,\n      context: {\n        MAILER: 'Nest-modules TM',\n      },\n    });\n\n    expect(send).toHaveBeenCalled();\n    expect(lastMail.data.from).toBe('user1@example.test');\n    expect(lastMail.data.html).toBe('<p>Ejs test template. by Nest-modules TM</p>');\n  });\n\n  it('should compile template with the ejs adapter with css inline', async () => {\n    let lastMail: MailMessage;\n    const send = spyOnSmtpSend((mail: MailMessage) => {\n      lastMail = mail;\n    });\n\n    const service = await getMailerServiceForOptions({\n      transport: new SMTPTransport({}),\n      template: {\n        adapter: new EjsAdapter({\n          inlineCssEnabled: true,\n        }),\n      },\n    });\n\n    await service.sendMail({\n      from: 'user1@example.test',\n      to: 'user2@example.test',\n      subject: 'Test',\n      template: `${template_path}/ejs-template`,\n      context: {\n        MAILER: 'Nest-modules TM',\n      },\n    });\n\n    expect(send).toHaveBeenCalled();\n    expect(lastMail.data.from).toBe('user1@example.test');\n    expect(lastMail.data.html).toBe(\n      '<html><head></head><body><p>Ejs test template. by Nest-modules TM</p></body></html>',\n    );\n  });\n});\n",
              "err": {},
              "uuid": "52fc7fb9-9bb4-4e09-9818-cc98e383ac88",
              "parentUUID": "523b2ad6-7258-473b-8a13-419105450da5",
              "isHook": false,
              "skipped": false
            },
            {
              "fullTitle": "MailerService > should accept a smtp transport string",
              "title": "MailerService > should accept a smtp transport string",
              "timedOut": false,
              "duration": 6,
              "state": "passed",
              "speed": "fast",
              "pass": true,
              "fail": false,
              "pending": false,
              "context": null,
              "code": "import { Test, TestingModule } from '@nestjs/testing';\nimport { pathJoin } from '@tresdoce-nestjs-toolkit/test-utils';\nimport * as nodemailerMock from 'nodemailer-mock';\nimport MailMessage from 'nodemailer/lib/mailer/mail-message';\nimport SMTPTransport from 'nodemailer/lib/smtp-transport';\n\nimport { MAILER_OPTIONS, MAILER_TRANSPORT_FACTORY } from '../mailer/constants/mailer.constant';\n\nimport { MailerOptions, TransportType } from '../mailer/interfaces/mailer-options.interface';\nimport { MailerTransportFactory } from '../mailer/interfaces/mailer-transport-factory.interface';\n\nimport { HandlebarsAdapter } from '../mailer/adapters/handlebars.adapter';\nimport { PugAdapter } from '../mailer/adapters/pug.adapter';\nimport { EjsAdapter } from '../mailer/adapters/ejs.adapter';\n\nimport { MailerService } from '../mailer/services/mailer.service';\n\nconst template_path = pathJoin(__dirname, 'utils/test-templates');\n\nasync function getMailerServiceForOptions(options: MailerOptions): Promise<MailerService> {\n  const module: TestingModule = await Test.createTestingModule({\n    providers: [\n      {\n        name: MAILER_OPTIONS,\n        provide: MAILER_OPTIONS,\n        useValue: options,\n      },\n      MailerService,\n    ],\n  }).compile();\n\n  return module.get<MailerService>(MailerService);\n}\n\nfunction spyOnSmtpSend(onMail: (mail: MailMessage) => void) {\n  return jest\n    .spyOn(SMTPTransport.prototype, 'send')\n    .mockImplementation(function (\n      mail: MailMessage,\n      callback: (err: Error | null, info: SMTPTransport.SentMessageInfo) => void,\n    ): void {\n      onMail(mail);\n      callback(null, {\n        envelope: {\n          from: mail.data.from as string,\n          to: [mail.data.to as string],\n        },\n        messageId: 'ABCD',\n        accepted: [],\n        rejected: [],\n        pending: [],\n        response: 'ok',\n      });\n    });\n}\n\nasync function getMailerServiceWithCustomTransport(options: MailerOptions): Promise<MailerService> {\n  class TestTransportFactory implements MailerTransportFactory {\n    createTransport(options?: TransportType): any {\n      return nodemailerMock.createTransport({ host: 'localhost', port: -100 });\n    }\n  }\n\n  const module: TestingModule = await Test.createTestingModule({\n    providers: [\n      {\n        name: MAILER_OPTIONS,\n        provide: MAILER_OPTIONS,\n        useValue: options,\n      },\n      {\n        name: MAILER_TRANSPORT_FACTORY,\n        provide: MAILER_TRANSPORT_FACTORY,\n        useClass: TestTransportFactory,\n      },\n      MailerService,\n    ],\n  }).compile();\n  await module.init();\n\n  return module.get<MailerService>(MailerService);\n}\n\njest.setTimeout(70000);\ndescribe('MailerService', () => {\n  it('should not be defined if a transport is not provided', async () => {\n    await expect(getMailerServiceForOptions({})).rejects.toMatchInlineSnapshot(\n      `[Error: Make sure to provide a nodemailer transport configuration object, connection url or a transport plugin instance.]`,\n    );\n  });\n\n  it('should accept a smtp transport string', async () => {\n    const service = await getMailerServiceForOptions({\n      transport: 'smtps://user@domain.com:pass@smtp.domain.com',\n    });\n\n    expect(service).toBeDefined();\n    expect((service as any).transporter.transporter).toBeInstanceOf(SMTPTransport);\n  });\n\n  it('should accept a smtp transports string', async () => {\n    const service = await getMailerServiceForOptions({\n      transports: {\n        myDomain: 'smtps://user@domain.com:pass@smtp.domain.com',\n      },\n    });\n\n    expect(service).toBeDefined();\n    (service as any).transporters.forEach((value, key) => {\n      expect(value.transporter).toBeInstanceOf(SMTPTransport);\n    });\n  });\n\n  it('should accept smtp transport options', async () => {\n    const service = await getMailerServiceForOptions({\n      transport: {\n        secure: true,\n        requireTLS: true,\n        auth: {\n          user: 'user@domain.com',\n          pass: 'pass',\n        },\n        options: {\n          host: 'smtp.domain.com',\n        },\n      },\n    });\n\n    expect(service).toBeDefined();\n    expect((service as any).transporter.transporter).toBeInstanceOf(SMTPTransport);\n  });\n\n  it('should accept a smtp transport instance', async () => {\n    const transport = new SMTPTransport({});\n    const service = await getMailerServiceForOptions({\n      transport: transport,\n    });\n\n    expect(service).toBeDefined();\n    expect((service as any).transporter.transporter).toBe(transport);\n  });\n\n  it('should send emails with nodemailer', async () => {\n    let lastMail: MailMessage;\n    const send = spyOnSmtpSend((mail: MailMessage) => {\n      lastMail = mail;\n    });\n\n    const service = await getMailerServiceForOptions({\n      transport: 'smtps://user@domain.com:pass@smtp.domain.com',\n    });\n\n    await service.sendMail({\n      from: 'user1@example.test',\n      to: 'user2@example.test',\n      subject: 'Test',\n      html: 'This is test.',\n    });\n\n    expect(send).toHaveBeenCalled();\n    expect(lastMail.data.from).toBe('user1@example.test');\n    expect(lastMail.data.to).toBe('user2@example.test');\n    expect(lastMail.data.subject).toBe('Test');\n    expect(lastMail.data.html).toBe('This is test.');\n  });\n\n  it('should send emails with nodemailer transports', async () => {\n    let lastMail: MailMessage;\n    const send = spyOnSmtpSend((mail: MailMessage) => {\n      lastMail = mail;\n    });\n\n    const service = await getMailerServiceForOptions({\n      transports: {\n        myDomain: 'smtps://user@domain.com:pass@smtp.domain.com',\n      },\n    });\n\n    await service.sendMail({\n      transporterName: 'myDomain',\n      from: 'user1@example.test',\n      to: 'user2@example.test',\n      subject: 'Test',\n      html: 'This is test.',\n    });\n\n    expect(send).toHaveBeenCalled();\n    expect(lastMail.data.from).toBe('user1@example.test');\n    expect(lastMail.data.to).toBe('user2@example.test');\n    expect(lastMail.data.subject).toBe('Test');\n    expect(lastMail.data.html).toBe('This is test.');\n  });\n\n  it('should send emails with nodemailer with different transports name', async () => {\n    try {\n      let lastMail: MailMessage;\n      const send = spyOnSmtpSend((mail: MailMessage) => {\n        lastMail = mail;\n      });\n\n      const service = await getMailerServiceForOptions({\n        transports: {\n          myDomain: 'smtps://user@domain.com:pass@smtp.domain.com',\n        },\n      });\n\n      await service.sendMail({\n        transporterName: 'testDomain',\n        from: 'user1@example.test',\n        to: 'user2@example.test',\n        subject: 'Test',\n        html: 'This is test.',\n      });\n\n      expect(send).toHaveBeenCalled();\n    } catch (error) {\n      expect(error.message).toBe(\"Transporters object doesn't have testDomain key\");\n    }\n  });\n\n  it('should send emails with nodemailer without transports', async () => {\n    try {\n      let lastMail: MailMessage;\n      const send = spyOnSmtpSend((mail: MailMessage) => {\n        lastMail = mail;\n      });\n\n      const service = await getMailerServiceForOptions({\n        transports: {},\n      });\n\n      await service.sendMail({\n        from: 'user1@example.test',\n        to: 'user2@example.test',\n        subject: 'Test',\n        html: 'This is test.',\n      });\n\n      expect(send).toHaveBeenCalled();\n    } catch (error) {\n      expect(error.message).toBe('Transporter object undefined');\n    }\n  });\n\n  it('should use mailerOptions.defaults when send emails', async () => {\n    let lastMail: MailMessage;\n    const send = spyOnSmtpSend((mail: MailMessage) => {\n      lastMail = mail;\n    });\n\n    const service = await getMailerServiceForOptions({\n      transport: 'smtps://user@domain.com:pass@smtp.domain.com',\n      defaults: {\n        from: 'user1@example.test',\n      },\n    });\n\n    await service.sendMail({\n      to: 'user2@example.test',\n      subject: 'Test',\n      html: 'This is test.',\n    });\n\n    expect(send).toHaveBeenCalled();\n    expect(lastMail.data.from).toBe('user1@example.test');\n  });\n\n  it('should use custom transport to send mail', async () => {\n    const service = await getMailerServiceWithCustomTransport({\n      transport: 'smtps://user@domain.com:pass@smtp.domain.com',\n    });\n    await service.sendMail({\n      to: 'user2@example.test',\n      subject: 'Test',\n      html: 'This is test.',\n    });\n\n    expect(nodemailerMock.mock.getSentMail().length).toEqual(1);\n  });\n\n  it('should compile template with the handlebars adapter', async () => {\n    let lastMail: MailMessage;\n    const send = spyOnSmtpSend((mail: MailMessage) => {\n      lastMail = mail;\n    });\n\n    const service = await getMailerServiceForOptions({\n      transport: new SMTPTransport({}),\n      template: {\n        adapter: new HandlebarsAdapter(),\n      },\n    });\n\n    await service.sendMail({\n      from: 'user1@example.test',\n      to: 'user2@example.test',\n      subject: 'Test',\n      template: `${template_path}/handlebars-template`,\n      context: {\n        MAILER: 'Nest-modules TM',\n      },\n    });\n\n    expect(send).toHaveBeenCalled();\n    expect(lastMail.data.from).toBe('user1@example.test');\n    expect(lastMail.data.html).toBe(\n      '<html><head></head><body><p>Handlebars test template. by Nest-modules TM</p></body></html>',\n    );\n  });\n\n  it('should compile template with the handlebars adapter with relative path', async () => {\n    let lastMail: MailMessage;\n    const send = spyOnSmtpSend((mail: MailMessage) => {\n      lastMail = mail;\n    });\n\n    const service = await getMailerServiceForOptions({\n      transport: new SMTPTransport({}),\n      template: {\n        adapter: new HandlebarsAdapter(),\n        dir: `${template_path}`,\n      },\n      options: {\n        strict: true,\n        partials: {\n          dir: `${template_path}`,\n        },\n      },\n    });\n\n    await service.sendMail({\n      from: 'user1@example.test',\n      to: 'user2@example.test',\n      subject: 'Test',\n      template: `./handlebars-template`,\n      context: {\n        MAILER: 'Nest-modules TM',\n      },\n    });\n\n    expect(send).toHaveBeenCalled();\n    expect(lastMail.data.from).toBe('user1@example.test');\n    expect(lastMail.data.html).toBe(\n      '<html><head></head><body><p>Handlebars test template. by Nest-modules TM</p></body></html>',\n    );\n  });\n\n  it('should compile template with the handlebars adapter with error template path', async () => {\n    let templatePath = pathJoin(template_path, '/handlebars-templates');\n    try {\n      let lastMail: MailMessage;\n      const send = spyOnSmtpSend((mail: MailMessage) => {\n        lastMail = mail;\n      });\n\n      const service = await getMailerServiceForOptions({\n        transport: new SMTPTransport({}),\n        template: {\n          adapter: new HandlebarsAdapter(),\n        },\n      });\n\n      await service.sendMail({\n        from: 'user1@example.test',\n        to: 'user2@example.test',\n        subject: 'Test',\n        template: `${templatePath}`,\n        context: {\n          MAILER: 'Nest-modules TM',\n        },\n      });\n\n      expect(send).toHaveBeenCalled();\n    } catch (error) {\n      expect(error.message).toBe(\n        `Error: ENOENT: no such file or directory, open '${templatePath}.hbs'`,\n      );\n    }\n  });\n\n  it('should compile template with the handlebars adapter with disabled inline-css', async () => {\n    let lastMail: MailMessage;\n    const send = spyOnSmtpSend((mail: MailMessage) => {\n      lastMail = mail;\n    });\n\n    /*{\n      myHelper: (context, value) => {\n        console.log(context, value);\n      },\n    }*/\n\n    const service = await getMailerServiceForOptions({\n      transport: new SMTPTransport({}),\n      template: {\n        adapter: new HandlebarsAdapter(undefined, { inlineCssEnabled: false }),\n      },\n    });\n\n    await service.sendMail({\n      from: 'user1@example.test',\n      to: 'user2@example.test',\n      subject: 'Test',\n      template: `${template_path}/handlebars-template-media-query`,\n      context: {\n        MAILER: 'Nest-modules TM',\n      },\n    });\n\n    expect(send).toHaveBeenCalled();\n    expect(lastMail.data.from).toBe('user1@example.test');\n    expect(lastMail.data.html).toContain('@media only screen and (max-width:350px)');\n    expect(lastMail.data.html).toContain('<p>Handlebars test template. by Nest-modules TM</p>');\n  });\n\n  it('should compile template with the handlebars adapter with enabled inline-css and media query', async () => {\n    let lastMail: MailMessage;\n    const send = spyOnSmtpSend((mail: MailMessage) => {\n      lastMail = mail;\n    });\n\n    const service = await getMailerServiceForOptions({\n      transport: new SMTPTransport({}),\n      template: {\n        adapter: new HandlebarsAdapter(undefined, {\n          inlineCssEnabled: true,\n          inlineCssOptions: { url: ' ', preserveMediaQueries: true },\n        }),\n      },\n    });\n\n    await service.sendMail({\n      from: 'user1@example.test',\n      to: 'user2@example.test',\n      subject: 'Test',\n      template: `${template_path}/handlebars-template-media-query`,\n      context: {\n        MAILER: 'Nest-modules TM',\n      },\n    });\n\n    expect(send).toHaveBeenCalled();\n    expect(lastMail.data.from).toBe('user1@example.test');\n    expect(lastMail.data.html).toContain('@media only screen and (max-width:350px)');\n    expect(lastMail.data.html).toContain('<p>Handlebars test template. by Nest-modules TM</p>');\n  });\n\n  it('should compile template with the pug adapter', async () => {\n    let lastMail: MailMessage;\n    const send = spyOnSmtpSend((mail: MailMessage) => {\n      lastMail = mail;\n    });\n\n    const service = await getMailerServiceForOptions({\n      transport: new SMTPTransport({}),\n      template: {\n        adapter: new PugAdapter(),\n      },\n    });\n\n    await service.sendMail({\n      from: 'user1@example.test',\n      to: 'user2@example.test',\n      subject: 'Test',\n      template: `${template_path}/pug-template`,\n      context: {\n        world: 'World',\n      },\n    });\n\n    expect(send).toHaveBeenCalled();\n    expect(lastMail.data.from).toBe('user1@example.test');\n    expect(lastMail.data.html).toBe(\n      '<html><head></head><body><p>Pug test template.</p><p>Hello World!</p></body></html>',\n    );\n  });\n\n  it('should compile template with the pug adapter with relative path', async () => {\n    let lastMail: MailMessage;\n    const send = spyOnSmtpSend((mail: MailMessage) => {\n      lastMail = mail;\n    });\n\n    const service = await getMailerServiceForOptions({\n      transport: new SMTPTransport({}),\n      template: {\n        adapter: new PugAdapter(),\n        dir: template_path,\n      },\n    });\n\n    await service.sendMail({\n      from: 'user1@example.test',\n      to: 'user2@example.test',\n      subject: 'Test',\n      template: `./pug-template`,\n      context: {\n        world: 'World',\n      },\n    });\n\n    expect(send).toHaveBeenCalled();\n    expect(lastMail.data.from).toBe('user1@example.test');\n    expect(lastMail.data.html).toBe(\n      '<html><head></head><body><p>Pug test template.</p><p>Hello World!</p></body></html>',\n    );\n  });\n\n  it('should compile template with the pug adapter with error to read template', async () => {\n    let templatePath = pathJoin(template_path, '/pug-templates');\n\n    try {\n      let lastMail: MailMessage;\n      const send = spyOnSmtpSend((mail: MailMessage) => {\n        lastMail = mail;\n      });\n\n      const service = await getMailerServiceForOptions({\n        transport: new SMTPTransport({}),\n        template: {\n          adapter: new PugAdapter(),\n        },\n      });\n\n      await service.sendMail({\n        from: 'user1@example.test',\n        to: 'user2@example.test',\n        subject: 'Test',\n        template: `${templatePath}`,\n        context: {\n          world: 'World',\n        },\n      });\n\n      expect(send).toHaveBeenCalled();\n    } catch (error) {\n      expect(error.message).toBe(`ENOENT: no such file or directory, open '${templatePath}.pug'`);\n    }\n  });\n\n  it('should compile template with the pug adapter without inline css', async () => {\n    let lastMail: MailMessage;\n    const send = spyOnSmtpSend((mail: MailMessage) => {\n      lastMail = mail;\n    });\n\n    const service = await getMailerServiceForOptions({\n      transport: new SMTPTransport({}),\n      template: {\n        adapter: new PugAdapter({\n          inlineCssEnabled: false,\n        }),\n      },\n    });\n\n    await service.sendMail({\n      from: 'user1@example.test',\n      to: 'user2@example.test',\n      subject: 'Test',\n      template: `${template_path}/pug-template`,\n      context: {\n        world: 'World',\n      },\n    });\n\n    expect(send).toHaveBeenCalled();\n    expect(lastMail.data.from).toBe('user1@example.test');\n    expect(lastMail.data.html).toBe('<p>Pug test template.</p><p>Hello World!</p>');\n  });\n\n  it('should compile template with the ejs adapter', async () => {\n    let lastMail: MailMessage;\n    const send = spyOnSmtpSend((mail: MailMessage) => {\n      lastMail = mail;\n    });\n\n    const service = await getMailerServiceForOptions({\n      transport: new SMTPTransport({}),\n      template: {\n        adapter: new EjsAdapter(),\n      },\n    });\n\n    await service.sendMail({\n      from: 'user1@example.test',\n      to: 'user2@example.test',\n      subject: 'Test',\n      template: `${template_path}/ejs-template`,\n      context: {\n        MAILER: 'Nest-modules TM',\n      },\n    });\n\n    expect(send).toHaveBeenCalled();\n    expect(lastMail.data.from).toBe('user1@example.test');\n    expect(lastMail.data.html).toBe('<p>Ejs test template. by Nest-modules TM</p>');\n  });\n\n  it('should compile template with the ejs adapter with error to read template', async () => {\n    let templatePath = pathJoin(template_path, '/ejs-templates');\n    try {\n      let lastMail: MailMessage;\n      const send = spyOnSmtpSend((mail: MailMessage) => {\n        lastMail = mail;\n      });\n\n      const service = await getMailerServiceForOptions({\n        transport: new SMTPTransport({}),\n        template: {\n          adapter: new EjsAdapter(),\n        },\n      });\n\n      await service.sendMail({\n        from: 'user1@example.test',\n        to: 'user2@example.test',\n        subject: 'Test',\n        template: `${templatePath}`,\n        context: {\n          MAILER: 'Nest-modules TM',\n        },\n      });\n\n      expect(send).toHaveBeenCalled();\n    } catch (error) {\n      expect(error.message).toBe(\n        `Error: ENOENT: no such file or directory, open '${templatePath}.ejs'`,\n      );\n    }\n  });\n\n  it('should compile template with the ejs adapter read template relative url', async () => {\n    let lastMail: MailMessage;\n    const send = spyOnSmtpSend((mail: MailMessage) => {\n      lastMail = mail;\n    });\n\n    const service = await getMailerServiceForOptions({\n      transport: new SMTPTransport({}),\n      template: {\n        dir: template_path,\n        adapter: new EjsAdapter(),\n      },\n    });\n\n    await service.sendMail({\n      from: 'user1@example.test',\n      to: 'user2@example.test',\n      subject: 'Test',\n      template: `./ejs-template`,\n      context: {\n        MAILER: 'Nest-modules TM',\n      },\n    });\n\n    expect(send).toHaveBeenCalled();\n    expect(lastMail.data.from).toBe('user1@example.test');\n    expect(lastMail.data.html).toBe('<p>Ejs test template. by Nest-modules TM</p>');\n  });\n\n  it('should compile template with the ejs adapter without css inline', async () => {\n    let lastMail: MailMessage;\n    const send = spyOnSmtpSend((mail: MailMessage) => {\n      lastMail = mail;\n    });\n\n    const service = await getMailerServiceForOptions({\n      transport: new SMTPTransport({}),\n      template: {\n        adapter: new EjsAdapter({\n          inlineCssEnabled: false,\n        }),\n      },\n    });\n\n    await service.sendMail({\n      from: 'user1@example.test',\n      to: 'user2@example.test',\n      subject: 'Test',\n      template: `${template_path}/ejs-template`,\n      context: {\n        MAILER: 'Nest-modules TM',\n      },\n    });\n\n    expect(send).toHaveBeenCalled();\n    expect(lastMail.data.from).toBe('user1@example.test');\n    expect(lastMail.data.html).toBe('<p>Ejs test template. by Nest-modules TM</p>');\n  });\n\n  it('should compile template with the ejs adapter with css inline', async () => {\n    let lastMail: MailMessage;\n    const send = spyOnSmtpSend((mail: MailMessage) => {\n      lastMail = mail;\n    });\n\n    const service = await getMailerServiceForOptions({\n      transport: new SMTPTransport({}),\n      template: {\n        adapter: new EjsAdapter({\n          inlineCssEnabled: true,\n        }),\n      },\n    });\n\n    await service.sendMail({\n      from: 'user1@example.test',\n      to: 'user2@example.test',\n      subject: 'Test',\n      template: `${template_path}/ejs-template`,\n      context: {\n        MAILER: 'Nest-modules TM',\n      },\n    });\n\n    expect(send).toHaveBeenCalled();\n    expect(lastMail.data.from).toBe('user1@example.test');\n    expect(lastMail.data.html).toBe(\n      '<html><head></head><body><p>Ejs test template. by Nest-modules TM</p></body></html>',\n    );\n  });\n});\n",
              "err": {},
              "uuid": "ff5491c4-bd95-4b5c-9a5f-0d740aaa2b5d",
              "parentUUID": "523b2ad6-7258-473b-8a13-419105450da5",
              "isHook": false,
              "skipped": false
            },
            {
              "fullTitle": "MailerService > should accept a smtp transports string",
              "title": "MailerService > should accept a smtp transports string",
              "timedOut": false,
              "duration": 5,
              "state": "passed",
              "speed": "fast",
              "pass": true,
              "fail": false,
              "pending": false,
              "context": null,
              "code": "import { Test, TestingModule } from '@nestjs/testing';\nimport { pathJoin } from '@tresdoce-nestjs-toolkit/test-utils';\nimport * as nodemailerMock from 'nodemailer-mock';\nimport MailMessage from 'nodemailer/lib/mailer/mail-message';\nimport SMTPTransport from 'nodemailer/lib/smtp-transport';\n\nimport { MAILER_OPTIONS, MAILER_TRANSPORT_FACTORY } from '../mailer/constants/mailer.constant';\n\nimport { MailerOptions, TransportType } from '../mailer/interfaces/mailer-options.interface';\nimport { MailerTransportFactory } from '../mailer/interfaces/mailer-transport-factory.interface';\n\nimport { HandlebarsAdapter } from '../mailer/adapters/handlebars.adapter';\nimport { PugAdapter } from '../mailer/adapters/pug.adapter';\nimport { EjsAdapter } from '../mailer/adapters/ejs.adapter';\n\nimport { MailerService } from '../mailer/services/mailer.service';\n\nconst template_path = pathJoin(__dirname, 'utils/test-templates');\n\nasync function getMailerServiceForOptions(options: MailerOptions): Promise<MailerService> {\n  const module: TestingModule = await Test.createTestingModule({\n    providers: [\n      {\n        name: MAILER_OPTIONS,\n        provide: MAILER_OPTIONS,\n        useValue: options,\n      },\n      MailerService,\n    ],\n  }).compile();\n\n  return module.get<MailerService>(MailerService);\n}\n\nfunction spyOnSmtpSend(onMail: (mail: MailMessage) => void) {\n  return jest\n    .spyOn(SMTPTransport.prototype, 'send')\n    .mockImplementation(function (\n      mail: MailMessage,\n      callback: (err: Error | null, info: SMTPTransport.SentMessageInfo) => void,\n    ): void {\n      onMail(mail);\n      callback(null, {\n        envelope: {\n          from: mail.data.from as string,\n          to: [mail.data.to as string],\n        },\n        messageId: 'ABCD',\n        accepted: [],\n        rejected: [],\n        pending: [],\n        response: 'ok',\n      });\n    });\n}\n\nasync function getMailerServiceWithCustomTransport(options: MailerOptions): Promise<MailerService> {\n  class TestTransportFactory implements MailerTransportFactory {\n    createTransport(options?: TransportType): any {\n      return nodemailerMock.createTransport({ host: 'localhost', port: -100 });\n    }\n  }\n\n  const module: TestingModule = await Test.createTestingModule({\n    providers: [\n      {\n        name: MAILER_OPTIONS,\n        provide: MAILER_OPTIONS,\n        useValue: options,\n      },\n      {\n        name: MAILER_TRANSPORT_FACTORY,\n        provide: MAILER_TRANSPORT_FACTORY,\n        useClass: TestTransportFactory,\n      },\n      MailerService,\n    ],\n  }).compile();\n  await module.init();\n\n  return module.get<MailerService>(MailerService);\n}\n\njest.setTimeout(70000);\ndescribe('MailerService', () => {\n  it('should not be defined if a transport is not provided', async () => {\n    await expect(getMailerServiceForOptions({})).rejects.toMatchInlineSnapshot(\n      `[Error: Make sure to provide a nodemailer transport configuration object, connection url or a transport plugin instance.]`,\n    );\n  });\n\n  it('should accept a smtp transport string', async () => {\n    const service = await getMailerServiceForOptions({\n      transport: 'smtps://user@domain.com:pass@smtp.domain.com',\n    });\n\n    expect(service).toBeDefined();\n    expect((service as any).transporter.transporter).toBeInstanceOf(SMTPTransport);\n  });\n\n  it('should accept a smtp transports string', async () => {\n    const service = await getMailerServiceForOptions({\n      transports: {\n        myDomain: 'smtps://user@domain.com:pass@smtp.domain.com',\n      },\n    });\n\n    expect(service).toBeDefined();\n    (service as any).transporters.forEach((value, key) => {\n      expect(value.transporter).toBeInstanceOf(SMTPTransport);\n    });\n  });\n\n  it('should accept smtp transport options', async () => {\n    const service = await getMailerServiceForOptions({\n      transport: {\n        secure: true,\n        requireTLS: true,\n        auth: {\n          user: 'user@domain.com',\n          pass: 'pass',\n        },\n        options: {\n          host: 'smtp.domain.com',\n        },\n      },\n    });\n\n    expect(service).toBeDefined();\n    expect((service as any).transporter.transporter).toBeInstanceOf(SMTPTransport);\n  });\n\n  it('should accept a smtp transport instance', async () => {\n    const transport = new SMTPTransport({});\n    const service = await getMailerServiceForOptions({\n      transport: transport,\n    });\n\n    expect(service).toBeDefined();\n    expect((service as any).transporter.transporter).toBe(transport);\n  });\n\n  it('should send emails with nodemailer', async () => {\n    let lastMail: MailMessage;\n    const send = spyOnSmtpSend((mail: MailMessage) => {\n      lastMail = mail;\n    });\n\n    const service = await getMailerServiceForOptions({\n      transport: 'smtps://user@domain.com:pass@smtp.domain.com',\n    });\n\n    await service.sendMail({\n      from: 'user1@example.test',\n      to: 'user2@example.test',\n      subject: 'Test',\n      html: 'This is test.',\n    });\n\n    expect(send).toHaveBeenCalled();\n    expect(lastMail.data.from).toBe('user1@example.test');\n    expect(lastMail.data.to).toBe('user2@example.test');\n    expect(lastMail.data.subject).toBe('Test');\n    expect(lastMail.data.html).toBe('This is test.');\n  });\n\n  it('should send emails with nodemailer transports', async () => {\n    let lastMail: MailMessage;\n    const send = spyOnSmtpSend((mail: MailMessage) => {\n      lastMail = mail;\n    });\n\n    const service = await getMailerServiceForOptions({\n      transports: {\n        myDomain: 'smtps://user@domain.com:pass@smtp.domain.com',\n      },\n    });\n\n    await service.sendMail({\n      transporterName: 'myDomain',\n      from: 'user1@example.test',\n      to: 'user2@example.test',\n      subject: 'Test',\n      html: 'This is test.',\n    });\n\n    expect(send).toHaveBeenCalled();\n    expect(lastMail.data.from).toBe('user1@example.test');\n    expect(lastMail.data.to).toBe('user2@example.test');\n    expect(lastMail.data.subject).toBe('Test');\n    expect(lastMail.data.html).toBe('This is test.');\n  });\n\n  it('should send emails with nodemailer with different transports name', async () => {\n    try {\n      let lastMail: MailMessage;\n      const send = spyOnSmtpSend((mail: MailMessage) => {\n        lastMail = mail;\n      });\n\n      const service = await getMailerServiceForOptions({\n        transports: {\n          myDomain: 'smtps://user@domain.com:pass@smtp.domain.com',\n        },\n      });\n\n      await service.sendMail({\n        transporterName: 'testDomain',\n        from: 'user1@example.test',\n        to: 'user2@example.test',\n        subject: 'Test',\n        html: 'This is test.',\n      });\n\n      expect(send).toHaveBeenCalled();\n    } catch (error) {\n      expect(error.message).toBe(\"Transporters object doesn't have testDomain key\");\n    }\n  });\n\n  it('should send emails with nodemailer without transports', async () => {\n    try {\n      let lastMail: MailMessage;\n      const send = spyOnSmtpSend((mail: MailMessage) => {\n        lastMail = mail;\n      });\n\n      const service = await getMailerServiceForOptions({\n        transports: {},\n      });\n\n      await service.sendMail({\n        from: 'user1@example.test',\n        to: 'user2@example.test',\n        subject: 'Test',\n        html: 'This is test.',\n      });\n\n      expect(send).toHaveBeenCalled();\n    } catch (error) {\n      expect(error.message).toBe('Transporter object undefined');\n    }\n  });\n\n  it('should use mailerOptions.defaults when send emails', async () => {\n    let lastMail: MailMessage;\n    const send = spyOnSmtpSend((mail: MailMessage) => {\n      lastMail = mail;\n    });\n\n    const service = await getMailerServiceForOptions({\n      transport: 'smtps://user@domain.com:pass@smtp.domain.com',\n      defaults: {\n        from: 'user1@example.test',\n      },\n    });\n\n    await service.sendMail({\n      to: 'user2@example.test',\n      subject: 'Test',\n      html: 'This is test.',\n    });\n\n    expect(send).toHaveBeenCalled();\n    expect(lastMail.data.from).toBe('user1@example.test');\n  });\n\n  it('should use custom transport to send mail', async () => {\n    const service = await getMailerServiceWithCustomTransport({\n      transport: 'smtps://user@domain.com:pass@smtp.domain.com',\n    });\n    await service.sendMail({\n      to: 'user2@example.test',\n      subject: 'Test',\n      html: 'This is test.',\n    });\n\n    expect(nodemailerMock.mock.getSentMail().length).toEqual(1);\n  });\n\n  it('should compile template with the handlebars adapter', async () => {\n    let lastMail: MailMessage;\n    const send = spyOnSmtpSend((mail: MailMessage) => {\n      lastMail = mail;\n    });\n\n    const service = await getMailerServiceForOptions({\n      transport: new SMTPTransport({}),\n      template: {\n        adapter: new HandlebarsAdapter(),\n      },\n    });\n\n    await service.sendMail({\n      from: 'user1@example.test',\n      to: 'user2@example.test',\n      subject: 'Test',\n      template: `${template_path}/handlebars-template`,\n      context: {\n        MAILER: 'Nest-modules TM',\n      },\n    });\n\n    expect(send).toHaveBeenCalled();\n    expect(lastMail.data.from).toBe('user1@example.test');\n    expect(lastMail.data.html).toBe(\n      '<html><head></head><body><p>Handlebars test template. by Nest-modules TM</p></body></html>',\n    );\n  });\n\n  it('should compile template with the handlebars adapter with relative path', async () => {\n    let lastMail: MailMessage;\n    const send = spyOnSmtpSend((mail: MailMessage) => {\n      lastMail = mail;\n    });\n\n    const service = await getMailerServiceForOptions({\n      transport: new SMTPTransport({}),\n      template: {\n        adapter: new HandlebarsAdapter(),\n        dir: `${template_path}`,\n      },\n      options: {\n        strict: true,\n        partials: {\n          dir: `${template_path}`,\n        },\n      },\n    });\n\n    await service.sendMail({\n      from: 'user1@example.test',\n      to: 'user2@example.test',\n      subject: 'Test',\n      template: `./handlebars-template`,\n      context: {\n        MAILER: 'Nest-modules TM',\n      },\n    });\n\n    expect(send).toHaveBeenCalled();\n    expect(lastMail.data.from).toBe('user1@example.test');\n    expect(lastMail.data.html).toBe(\n      '<html><head></head><body><p>Handlebars test template. by Nest-modules TM</p></body></html>',\n    );\n  });\n\n  it('should compile template with the handlebars adapter with error template path', async () => {\n    let templatePath = pathJoin(template_path, '/handlebars-templates');\n    try {\n      let lastMail: MailMessage;\n      const send = spyOnSmtpSend((mail: MailMessage) => {\n        lastMail = mail;\n      });\n\n      const service = await getMailerServiceForOptions({\n        transport: new SMTPTransport({}),\n        template: {\n          adapter: new HandlebarsAdapter(),\n        },\n      });\n\n      await service.sendMail({\n        from: 'user1@example.test',\n        to: 'user2@example.test',\n        subject: 'Test',\n        template: `${templatePath}`,\n        context: {\n          MAILER: 'Nest-modules TM',\n        },\n      });\n\n      expect(send).toHaveBeenCalled();\n    } catch (error) {\n      expect(error.message).toBe(\n        `Error: ENOENT: no such file or directory, open '${templatePath}.hbs'`,\n      );\n    }\n  });\n\n  it('should compile template with the handlebars adapter with disabled inline-css', async () => {\n    let lastMail: MailMessage;\n    const send = spyOnSmtpSend((mail: MailMessage) => {\n      lastMail = mail;\n    });\n\n    /*{\n      myHelper: (context, value) => {\n        console.log(context, value);\n      },\n    }*/\n\n    const service = await getMailerServiceForOptions({\n      transport: new SMTPTransport({}),\n      template: {\n        adapter: new HandlebarsAdapter(undefined, { inlineCssEnabled: false }),\n      },\n    });\n\n    await service.sendMail({\n      from: 'user1@example.test',\n      to: 'user2@example.test',\n      subject: 'Test',\n      template: `${template_path}/handlebars-template-media-query`,\n      context: {\n        MAILER: 'Nest-modules TM',\n      },\n    });\n\n    expect(send).toHaveBeenCalled();\n    expect(lastMail.data.from).toBe('user1@example.test');\n    expect(lastMail.data.html).toContain('@media only screen and (max-width:350px)');\n    expect(lastMail.data.html).toContain('<p>Handlebars test template. by Nest-modules TM</p>');\n  });\n\n  it('should compile template with the handlebars adapter with enabled inline-css and media query', async () => {\n    let lastMail: MailMessage;\n    const send = spyOnSmtpSend((mail: MailMessage) => {\n      lastMail = mail;\n    });\n\n    const service = await getMailerServiceForOptions({\n      transport: new SMTPTransport({}),\n      template: {\n        adapter: new HandlebarsAdapter(undefined, {\n          inlineCssEnabled: true,\n          inlineCssOptions: { url: ' ', preserveMediaQueries: true },\n        }),\n      },\n    });\n\n    await service.sendMail({\n      from: 'user1@example.test',\n      to: 'user2@example.test',\n      subject: 'Test',\n      template: `${template_path}/handlebars-template-media-query`,\n      context: {\n        MAILER: 'Nest-modules TM',\n      },\n    });\n\n    expect(send).toHaveBeenCalled();\n    expect(lastMail.data.from).toBe('user1@example.test');\n    expect(lastMail.data.html).toContain('@media only screen and (max-width:350px)');\n    expect(lastMail.data.html).toContain('<p>Handlebars test template. by Nest-modules TM</p>');\n  });\n\n  it('should compile template with the pug adapter', async () => {\n    let lastMail: MailMessage;\n    const send = spyOnSmtpSend((mail: MailMessage) => {\n      lastMail = mail;\n    });\n\n    const service = await getMailerServiceForOptions({\n      transport: new SMTPTransport({}),\n      template: {\n        adapter: new PugAdapter(),\n      },\n    });\n\n    await service.sendMail({\n      from: 'user1@example.test',\n      to: 'user2@example.test',\n      subject: 'Test',\n      template: `${template_path}/pug-template`,\n      context: {\n        world: 'World',\n      },\n    });\n\n    expect(send).toHaveBeenCalled();\n    expect(lastMail.data.from).toBe('user1@example.test');\n    expect(lastMail.data.html).toBe(\n      '<html><head></head><body><p>Pug test template.</p><p>Hello World!</p></body></html>',\n    );\n  });\n\n  it('should compile template with the pug adapter with relative path', async () => {\n    let lastMail: MailMessage;\n    const send = spyOnSmtpSend((mail: MailMessage) => {\n      lastMail = mail;\n    });\n\n    const service = await getMailerServiceForOptions({\n      transport: new SMTPTransport({}),\n      template: {\n        adapter: new PugAdapter(),\n        dir: template_path,\n      },\n    });\n\n    await service.sendMail({\n      from: 'user1@example.test',\n      to: 'user2@example.test',\n      subject: 'Test',\n      template: `./pug-template`,\n      context: {\n        world: 'World',\n      },\n    });\n\n    expect(send).toHaveBeenCalled();\n    expect(lastMail.data.from).toBe('user1@example.test');\n    expect(lastMail.data.html).toBe(\n      '<html><head></head><body><p>Pug test template.</p><p>Hello World!</p></body></html>',\n    );\n  });\n\n  it('should compile template with the pug adapter with error to read template', async () => {\n    let templatePath = pathJoin(template_path, '/pug-templates');\n\n    try {\n      let lastMail: MailMessage;\n      const send = spyOnSmtpSend((mail: MailMessage) => {\n        lastMail = mail;\n      });\n\n      const service = await getMailerServiceForOptions({\n        transport: new SMTPTransport({}),\n        template: {\n          adapter: new PugAdapter(),\n        },\n      });\n\n      await service.sendMail({\n        from: 'user1@example.test',\n        to: 'user2@example.test',\n        subject: 'Test',\n        template: `${templatePath}`,\n        context: {\n          world: 'World',\n        },\n      });\n\n      expect(send).toHaveBeenCalled();\n    } catch (error) {\n      expect(error.message).toBe(`ENOENT: no such file or directory, open '${templatePath}.pug'`);\n    }\n  });\n\n  it('should compile template with the pug adapter without inline css', async () => {\n    let lastMail: MailMessage;\n    const send = spyOnSmtpSend((mail: MailMessage) => {\n      lastMail = mail;\n    });\n\n    const service = await getMailerServiceForOptions({\n      transport: new SMTPTransport({}),\n      template: {\n        adapter: new PugAdapter({\n          inlineCssEnabled: false,\n        }),\n      },\n    });\n\n    await service.sendMail({\n      from: 'user1@example.test',\n      to: 'user2@example.test',\n      subject: 'Test',\n      template: `${template_path}/pug-template`,\n      context: {\n        world: 'World',\n      },\n    });\n\n    expect(send).toHaveBeenCalled();\n    expect(lastMail.data.from).toBe('user1@example.test');\n    expect(lastMail.data.html).toBe('<p>Pug test template.</p><p>Hello World!</p>');\n  });\n\n  it('should compile template with the ejs adapter', async () => {\n    let lastMail: MailMessage;\n    const send = spyOnSmtpSend((mail: MailMessage) => {\n      lastMail = mail;\n    });\n\n    const service = await getMailerServiceForOptions({\n      transport: new SMTPTransport({}),\n      template: {\n        adapter: new EjsAdapter(),\n      },\n    });\n\n    await service.sendMail({\n      from: 'user1@example.test',\n      to: 'user2@example.test',\n      subject: 'Test',\n      template: `${template_path}/ejs-template`,\n      context: {\n        MAILER: 'Nest-modules TM',\n      },\n    });\n\n    expect(send).toHaveBeenCalled();\n    expect(lastMail.data.from).toBe('user1@example.test');\n    expect(lastMail.data.html).toBe('<p>Ejs test template. by Nest-modules TM</p>');\n  });\n\n  it('should compile template with the ejs adapter with error to read template', async () => {\n    let templatePath = pathJoin(template_path, '/ejs-templates');\n    try {\n      let lastMail: MailMessage;\n      const send = spyOnSmtpSend((mail: MailMessage) => {\n        lastMail = mail;\n      });\n\n      const service = await getMailerServiceForOptions({\n        transport: new SMTPTransport({}),\n        template: {\n          adapter: new EjsAdapter(),\n        },\n      });\n\n      await service.sendMail({\n        from: 'user1@example.test',\n        to: 'user2@example.test',\n        subject: 'Test',\n        template: `${templatePath}`,\n        context: {\n          MAILER: 'Nest-modules TM',\n        },\n      });\n\n      expect(send).toHaveBeenCalled();\n    } catch (error) {\n      expect(error.message).toBe(\n        `Error: ENOENT: no such file or directory, open '${templatePath}.ejs'`,\n      );\n    }\n  });\n\n  it('should compile template with the ejs adapter read template relative url', async () => {\n    let lastMail: MailMessage;\n    const send = spyOnSmtpSend((mail: MailMessage) => {\n      lastMail = mail;\n    });\n\n    const service = await getMailerServiceForOptions({\n      transport: new SMTPTransport({}),\n      template: {\n        dir: template_path,\n        adapter: new EjsAdapter(),\n      },\n    });\n\n    await service.sendMail({\n      from: 'user1@example.test',\n      to: 'user2@example.test',\n      subject: 'Test',\n      template: `./ejs-template`,\n      context: {\n        MAILER: 'Nest-modules TM',\n      },\n    });\n\n    expect(send).toHaveBeenCalled();\n    expect(lastMail.data.from).toBe('user1@example.test');\n    expect(lastMail.data.html).toBe('<p>Ejs test template. by Nest-modules TM</p>');\n  });\n\n  it('should compile template with the ejs adapter without css inline', async () => {\n    let lastMail: MailMessage;\n    const send = spyOnSmtpSend((mail: MailMessage) => {\n      lastMail = mail;\n    });\n\n    const service = await getMailerServiceForOptions({\n      transport: new SMTPTransport({}),\n      template: {\n        adapter: new EjsAdapter({\n          inlineCssEnabled: false,\n        }),\n      },\n    });\n\n    await service.sendMail({\n      from: 'user1@example.test',\n      to: 'user2@example.test',\n      subject: 'Test',\n      template: `${template_path}/ejs-template`,\n      context: {\n        MAILER: 'Nest-modules TM',\n      },\n    });\n\n    expect(send).toHaveBeenCalled();\n    expect(lastMail.data.from).toBe('user1@example.test');\n    expect(lastMail.data.html).toBe('<p>Ejs test template. by Nest-modules TM</p>');\n  });\n\n  it('should compile template with the ejs adapter with css inline', async () => {\n    let lastMail: MailMessage;\n    const send = spyOnSmtpSend((mail: MailMessage) => {\n      lastMail = mail;\n    });\n\n    const service = await getMailerServiceForOptions({\n      transport: new SMTPTransport({}),\n      template: {\n        adapter: new EjsAdapter({\n          inlineCssEnabled: true,\n        }),\n      },\n    });\n\n    await service.sendMail({\n      from: 'user1@example.test',\n      to: 'user2@example.test',\n      subject: 'Test',\n      template: `${template_path}/ejs-template`,\n      context: {\n        MAILER: 'Nest-modules TM',\n      },\n    });\n\n    expect(send).toHaveBeenCalled();\n    expect(lastMail.data.from).toBe('user1@example.test');\n    expect(lastMail.data.html).toBe(\n      '<html><head></head><body><p>Ejs test template. by Nest-modules TM</p></body></html>',\n    );\n  });\n});\n",
              "err": {},
              "uuid": "f63abc46-1239-48ae-ace1-6d34d53e9804",
              "parentUUID": "523b2ad6-7258-473b-8a13-419105450da5",
              "isHook": false,
              "skipped": false
            },
            {
              "fullTitle": "MailerService > should accept smtp transport options",
              "title": "MailerService > should accept smtp transport options",
              "timedOut": false,
              "duration": 2,
              "state": "passed",
              "speed": "fast",
              "pass": true,
              "fail": false,
              "pending": false,
              "context": null,
              "code": "import { Test, TestingModule } from '@nestjs/testing';\nimport { pathJoin } from '@tresdoce-nestjs-toolkit/test-utils';\nimport * as nodemailerMock from 'nodemailer-mock';\nimport MailMessage from 'nodemailer/lib/mailer/mail-message';\nimport SMTPTransport from 'nodemailer/lib/smtp-transport';\n\nimport { MAILER_OPTIONS, MAILER_TRANSPORT_FACTORY } from '../mailer/constants/mailer.constant';\n\nimport { MailerOptions, TransportType } from '../mailer/interfaces/mailer-options.interface';\nimport { MailerTransportFactory } from '../mailer/interfaces/mailer-transport-factory.interface';\n\nimport { HandlebarsAdapter } from '../mailer/adapters/handlebars.adapter';\nimport { PugAdapter } from '../mailer/adapters/pug.adapter';\nimport { EjsAdapter } from '../mailer/adapters/ejs.adapter';\n\nimport { MailerService } from '../mailer/services/mailer.service';\n\nconst template_path = pathJoin(__dirname, 'utils/test-templates');\n\nasync function getMailerServiceForOptions(options: MailerOptions): Promise<MailerService> {\n  const module: TestingModule = await Test.createTestingModule({\n    providers: [\n      {\n        name: MAILER_OPTIONS,\n        provide: MAILER_OPTIONS,\n        useValue: options,\n      },\n      MailerService,\n    ],\n  }).compile();\n\n  return module.get<MailerService>(MailerService);\n}\n\nfunction spyOnSmtpSend(onMail: (mail: MailMessage) => void) {\n  return jest\n    .spyOn(SMTPTransport.prototype, 'send')\n    .mockImplementation(function (\n      mail: MailMessage,\n      callback: (err: Error | null, info: SMTPTransport.SentMessageInfo) => void,\n    ): void {\n      onMail(mail);\n      callback(null, {\n        envelope: {\n          from: mail.data.from as string,\n          to: [mail.data.to as string],\n        },\n        messageId: 'ABCD',\n        accepted: [],\n        rejected: [],\n        pending: [],\n        response: 'ok',\n      });\n    });\n}\n\nasync function getMailerServiceWithCustomTransport(options: MailerOptions): Promise<MailerService> {\n  class TestTransportFactory implements MailerTransportFactory {\n    createTransport(options?: TransportType): any {\n      return nodemailerMock.createTransport({ host: 'localhost', port: -100 });\n    }\n  }\n\n  const module: TestingModule = await Test.createTestingModule({\n    providers: [\n      {\n        name: MAILER_OPTIONS,\n        provide: MAILER_OPTIONS,\n        useValue: options,\n      },\n      {\n        name: MAILER_TRANSPORT_FACTORY,\n        provide: MAILER_TRANSPORT_FACTORY,\n        useClass: TestTransportFactory,\n      },\n      MailerService,\n    ],\n  }).compile();\n  await module.init();\n\n  return module.get<MailerService>(MailerService);\n}\n\njest.setTimeout(70000);\ndescribe('MailerService', () => {\n  it('should not be defined if a transport is not provided', async () => {\n    await expect(getMailerServiceForOptions({})).rejects.toMatchInlineSnapshot(\n      `[Error: Make sure to provide a nodemailer transport configuration object, connection url or a transport plugin instance.]`,\n    );\n  });\n\n  it('should accept a smtp transport string', async () => {\n    const service = await getMailerServiceForOptions({\n      transport: 'smtps://user@domain.com:pass@smtp.domain.com',\n    });\n\n    expect(service).toBeDefined();\n    expect((service as any).transporter.transporter).toBeInstanceOf(SMTPTransport);\n  });\n\n  it('should accept a smtp transports string', async () => {\n    const service = await getMailerServiceForOptions({\n      transports: {\n        myDomain: 'smtps://user@domain.com:pass@smtp.domain.com',\n      },\n    });\n\n    expect(service).toBeDefined();\n    (service as any).transporters.forEach((value, key) => {\n      expect(value.transporter).toBeInstanceOf(SMTPTransport);\n    });\n  });\n\n  it('should accept smtp transport options', async () => {\n    const service = await getMailerServiceForOptions({\n      transport: {\n        secure: true,\n        requireTLS: true,\n        auth: {\n          user: 'user@domain.com',\n          pass: 'pass',\n        },\n        options: {\n          host: 'smtp.domain.com',\n        },\n      },\n    });\n\n    expect(service).toBeDefined();\n    expect((service as any).transporter.transporter).toBeInstanceOf(SMTPTransport);\n  });\n\n  it('should accept a smtp transport instance', async () => {\n    const transport = new SMTPTransport({});\n    const service = await getMailerServiceForOptions({\n      transport: transport,\n    });\n\n    expect(service).toBeDefined();\n    expect((service as any).transporter.transporter).toBe(transport);\n  });\n\n  it('should send emails with nodemailer', async () => {\n    let lastMail: MailMessage;\n    const send = spyOnSmtpSend((mail: MailMessage) => {\n      lastMail = mail;\n    });\n\n    const service = await getMailerServiceForOptions({\n      transport: 'smtps://user@domain.com:pass@smtp.domain.com',\n    });\n\n    await service.sendMail({\n      from: 'user1@example.test',\n      to: 'user2@example.test',\n      subject: 'Test',\n      html: 'This is test.',\n    });\n\n    expect(send).toHaveBeenCalled();\n    expect(lastMail.data.from).toBe('user1@example.test');\n    expect(lastMail.data.to).toBe('user2@example.test');\n    expect(lastMail.data.subject).toBe('Test');\n    expect(lastMail.data.html).toBe('This is test.');\n  });\n\n  it('should send emails with nodemailer transports', async () => {\n    let lastMail: MailMessage;\n    const send = spyOnSmtpSend((mail: MailMessage) => {\n      lastMail = mail;\n    });\n\n    const service = await getMailerServiceForOptions({\n      transports: {\n        myDomain: 'smtps://user@domain.com:pass@smtp.domain.com',\n      },\n    });\n\n    await service.sendMail({\n      transporterName: 'myDomain',\n      from: 'user1@example.test',\n      to: 'user2@example.test',\n      subject: 'Test',\n      html: 'This is test.',\n    });\n\n    expect(send).toHaveBeenCalled();\n    expect(lastMail.data.from).toBe('user1@example.test');\n    expect(lastMail.data.to).toBe('user2@example.test');\n    expect(lastMail.data.subject).toBe('Test');\n    expect(lastMail.data.html).toBe('This is test.');\n  });\n\n  it('should send emails with nodemailer with different transports name', async () => {\n    try {\n      let lastMail: MailMessage;\n      const send = spyOnSmtpSend((mail: MailMessage) => {\n        lastMail = mail;\n      });\n\n      const service = await getMailerServiceForOptions({\n        transports: {\n          myDomain: 'smtps://user@domain.com:pass@smtp.domain.com',\n        },\n      });\n\n      await service.sendMail({\n        transporterName: 'testDomain',\n        from: 'user1@example.test',\n        to: 'user2@example.test',\n        subject: 'Test',\n        html: 'This is test.',\n      });\n\n      expect(send).toHaveBeenCalled();\n    } catch (error) {\n      expect(error.message).toBe(\"Transporters object doesn't have testDomain key\");\n    }\n  });\n\n  it('should send emails with nodemailer without transports', async () => {\n    try {\n      let lastMail: MailMessage;\n      const send = spyOnSmtpSend((mail: MailMessage) => {\n        lastMail = mail;\n      });\n\n      const service = await getMailerServiceForOptions({\n        transports: {},\n      });\n\n      await service.sendMail({\n        from: 'user1@example.test',\n        to: 'user2@example.test',\n        subject: 'Test',\n        html: 'This is test.',\n      });\n\n      expect(send).toHaveBeenCalled();\n    } catch (error) {\n      expect(error.message).toBe('Transporter object undefined');\n    }\n  });\n\n  it('should use mailerOptions.defaults when send emails', async () => {\n    let lastMail: MailMessage;\n    const send = spyOnSmtpSend((mail: MailMessage) => {\n      lastMail = mail;\n    });\n\n    const service = await getMailerServiceForOptions({\n      transport: 'smtps://user@domain.com:pass@smtp.domain.com',\n      defaults: {\n        from: 'user1@example.test',\n      },\n    });\n\n    await service.sendMail({\n      to: 'user2@example.test',\n      subject: 'Test',\n      html: 'This is test.',\n    });\n\n    expect(send).toHaveBeenCalled();\n    expect(lastMail.data.from).toBe('user1@example.test');\n  });\n\n  it('should use custom transport to send mail', async () => {\n    const service = await getMailerServiceWithCustomTransport({\n      transport: 'smtps://user@domain.com:pass@smtp.domain.com',\n    });\n    await service.sendMail({\n      to: 'user2@example.test',\n      subject: 'Test',\n      html: 'This is test.',\n    });\n\n    expect(nodemailerMock.mock.getSentMail().length).toEqual(1);\n  });\n\n  it('should compile template with the handlebars adapter', async () => {\n    let lastMail: MailMessage;\n    const send = spyOnSmtpSend((mail: MailMessage) => {\n      lastMail = mail;\n    });\n\n    const service = await getMailerServiceForOptions({\n      transport: new SMTPTransport({}),\n      template: {\n        adapter: new HandlebarsAdapter(),\n      },\n    });\n\n    await service.sendMail({\n      from: 'user1@example.test',\n      to: 'user2@example.test',\n      subject: 'Test',\n      template: `${template_path}/handlebars-template`,\n      context: {\n        MAILER: 'Nest-modules TM',\n      },\n    });\n\n    expect(send).toHaveBeenCalled();\n    expect(lastMail.data.from).toBe('user1@example.test');\n    expect(lastMail.data.html).toBe(\n      '<html><head></head><body><p>Handlebars test template. by Nest-modules TM</p></body></html>',\n    );\n  });\n\n  it('should compile template with the handlebars adapter with relative path', async () => {\n    let lastMail: MailMessage;\n    const send = spyOnSmtpSend((mail: MailMessage) => {\n      lastMail = mail;\n    });\n\n    const service = await getMailerServiceForOptions({\n      transport: new SMTPTransport({}),\n      template: {\n        adapter: new HandlebarsAdapter(),\n        dir: `${template_path}`,\n      },\n      options: {\n        strict: true,\n        partials: {\n          dir: `${template_path}`,\n        },\n      },\n    });\n\n    await service.sendMail({\n      from: 'user1@example.test',\n      to: 'user2@example.test',\n      subject: 'Test',\n      template: `./handlebars-template`,\n      context: {\n        MAILER: 'Nest-modules TM',\n      },\n    });\n\n    expect(send).toHaveBeenCalled();\n    expect(lastMail.data.from).toBe('user1@example.test');\n    expect(lastMail.data.html).toBe(\n      '<html><head></head><body><p>Handlebars test template. by Nest-modules TM</p></body></html>',\n    );\n  });\n\n  it('should compile template with the handlebars adapter with error template path', async () => {\n    let templatePath = pathJoin(template_path, '/handlebars-templates');\n    try {\n      let lastMail: MailMessage;\n      const send = spyOnSmtpSend((mail: MailMessage) => {\n        lastMail = mail;\n      });\n\n      const service = await getMailerServiceForOptions({\n        transport: new SMTPTransport({}),\n        template: {\n          adapter: new HandlebarsAdapter(),\n        },\n      });\n\n      await service.sendMail({\n        from: 'user1@example.test',\n        to: 'user2@example.test',\n        subject: 'Test',\n        template: `${templatePath}`,\n        context: {\n          MAILER: 'Nest-modules TM',\n        },\n      });\n\n      expect(send).toHaveBeenCalled();\n    } catch (error) {\n      expect(error.message).toBe(\n        `Error: ENOENT: no such file or directory, open '${templatePath}.hbs'`,\n      );\n    }\n  });\n\n  it('should compile template with the handlebars adapter wi
[...]
getSentMail().length).toEqual(1);\n  });\n\n  it('should compile template with the handlebars adapter', async () => {\n    let lastMail: MailMessage;\n    const send = spyOnSmtpSend((mail: MailMessage) => {\n      lastMail = mail;\n    });\n\n    const service = await getMailerServiceForOptions({\n      transport: new SMTPTransport({}),\n      template: {\n        adapter: new HandlebarsAdapter(),\n      },\n    });\n\n    await service.sendMail({\n      from: 'user1@example.test',\n      to: 'user2@example.test',\n      subject: 'Test',\n      template: `${template_path}/handlebars-template`,\n      context: {\n        MAILER: 'Nest-modules TM',\n      },\n    });\n\n    expect(send).toHaveBeenCalled();\n    expect(lastMail.data.from).toBe('user1@example.test');\n    expect(lastMail.data.html).toBe(\n      '<html><head></head><body><p>Handlebars test template. by Nest-modules TM</p></body></html>',\n    );\n  });\n\n  it('should compile template with the handlebars adapter with relative path', async () => {\n    let lastMail: MailMessage;\n    const send = spyOnSmtpSend((mail: MailMessage) => {\n      lastMail = mail;\n    });\n\n    const service = await getMailerServiceForOptions({\n      transport: new SMTPTransport({}),\n      template: {\n        adapter: new HandlebarsAdapter(),\n        dir: `${template_path}`,\n      },\n      options: {\n        strict: true,\n        partials: {\n          dir: `${template_path}`,\n        },\n      },\n    });\n\n    await service.sendMail({\n      from: 'user1@example.test',\n      to: 'user2@example.test',\n      subject: 'Test',\n      template: `./handlebars-template`,\n      context: {\n        MAILER: 'Nest-modules TM',\n      },\n    });\n\n    expect(send).toHaveBeenCalled();\n    expect(lastMail.data.from).toBe('user1@example.test');\n    expect(lastMail.data.html).toBe(\n      '<html><head></head><body><p>Handlebars test template. by Nest-modules TM</p></body></html>',\n    );\n  });\n\n  it('should compile template with the handlebars adapter with error template path', async () => {\n    let templatePath = pathJoin(template_path, '/handlebars-templates');\n    try {\n      let lastMail: MailMessage;\n      const send = spyOnSmtpSend((mail: MailMessage) => {\n        lastMail = mail;\n      });\n\n      const service = await getMailerServiceForOptions({\n        transport: new SMTPTransport({}),\n        template: {\n          adapter: new HandlebarsAdapter(),\n        },\n      });\n\n      await service.sendMail({\n        from: 'user1@example.test',\n        to: 'user2@example.test',\n        subject: 'Test',\n        template: `${templatePath}`,\n        context: {\n          MAILER: 'Nest-modules TM',\n        },\n      });\n\n      expect(send).toHaveBeenCalled();\n    } catch (error) {\n      expect(error.message).toBe(\n        `Error: ENOENT: no such file or directory, open '${templatePath}.hbs'`,\n      );\n    }\n  });\n\n  it('should compile template with the handlebars adapter with disabled inline-css', async () => {\n    let lastMail: MailMessage;\n    const send = spyOnSmtpSend((mail: MailMessage) => {\n      lastMail = mail;\n    });\n\n    /*{\n      myHelper: (context, value) => {\n        console.log(context, value);\n      },\n    }*/\n\n    const service = await getMailerServiceForOptions({\n      transport: new SMTPTransport({}),\n      template: {\n        adapter: new HandlebarsAdapter(undefined, { inlineCssEnabled: false }),\n      },\n    });\n\n    await service.sendMail({\n      from: 'user1@example.test',\n      to: 'user2@example.test',\n      subject: 'Test',\n      template: `${template_path}/handlebars-template-media-query`,\n      context: {\n        MAILER: 'Nest-modules TM',\n      },\n    });\n\n    expect(send).toHaveBeenCalled();\n    expect(lastMail.data.from).toBe('user1@example.test');\n    expect(lastMail.data.html).toContain('@media only screen and (max-width:350px)');\n    expect(lastMail.data.html).toContain('<p>Handlebars test template. by Nest-modules TM</p>');\n  });\n\n  it('should compile template with the handlebars adapter with enabled inline-css and media query', async () => {\n    let lastMail: MailMessage;\n    const send = spyOnSmtpSend((mail: MailMessage) => {\n      lastMail = mail;\n    });\n\n    const service = await getMailerServiceForOptions({\n      transport: new SMTPTransport({}),\n      template: {\n        adapter: new HandlebarsAdapter(undefined, {\n          inlineCssEnabled: true,\n          inlineCssOptions: { url: ' ', preserveMediaQueries: true },\n        }),\n      },\n    });\n\n    await service.sendMail({\n      from: 'user1@example.test',\n      to: 'user2@example.test',\n      subject: 'Test',\n      template: `${template_path}/handlebars-template-media-query`,\n      context: {\n        MAILER: 'Nest-modules TM',\n      },\n    });\n\n    expect(send).toHaveBeenCalled();\n    expect(lastMail.data.from).toBe('user1@example.test');\n    expect(lastMail.data.html).toContain('@media only screen and (max-width:350px)');\n    expect(lastMail.data.html).toContain('<p>Handlebars test template. by Nest-modules TM</p>');\n  });\n\n  it('should compile template with the pug adapter', async () => {\n    let lastMail: MailMessage;\n    const send = spyOnSmtpSend((mail: MailMessage) => {\n      lastMail = mail;\n    });\n\n    const service = await getMailerServiceForOptions({\n      transport: new SMTPTransport({}),\n      template: {\n        adapter: new PugAdapter(),\n      },\n    });\n\n    await service.sendMail({\n      from: 'user1@example.test',\n      to: 'user2@example.test',\n      subject: 'Test',\n      template: `${template_path}/pug-template`,\n      context: {\n        world: 'World',\n      },\n    });\n\n    expect(send).toHaveBeenCalled();\n    expect(lastMail.data.from).toBe('user1@example.test');\n    expect(lastMail.data.html).toBe(\n      '<html><head></head><body><p>Pug test template.</p><p>Hello World!</p></body></html>',\n    );\n  });\n\n  it('should compile template with the pug adapter with relative path', async () => {\n    let lastMail: MailMessage;\n    const send = spyOnSmtpSend((mail: MailMessage) => {\n      lastMail = mail;\n    });\n\n    const service = await getMailerServiceForOptions({\n      transport: new SMTPTransport({}),\n      template: {\n        adapter: new PugAdapter(),\n        dir: template_path,\n      },\n    });\n\n    await service.sendMail({\n      from: 'user1@example.test',\n      to: 'user2@example.test',\n      subject: 'Test',\n      template: `./pug-template`,\n      context: {\n        world: 'World',\n      },\n    });\n\n    expect(send).toHaveBeenCalled();\n    expect(lastMail.data.from).toBe('user1@example.test');\n    expect(lastMail.data.html).toBe(\n      '<html><head></head><body><p>Pug test template.</p><p>Hello World!</p></body></html>',\n    );\n  });\n\n  it('should compile template with the pug adapter with error to read template', async () => {\n    let templatePath = pathJoin(template_path, '/pug-templates');\n\n    try {\n      let lastMail: MailMessage;\n      const send = spyOnSmtpSend((mail: MailMessage) => {\n        lastMail = mail;\n      });\n\n      const service = await getMailerServiceForOptions({\n        transport: new SMTPTransport({}),\n        template: {\n          adapter: new PugAdapter(),\n        },\n      });\n\n      await service.sendMail({\n        from: 'user1@example.test',\n        to: 'user2@example.test',\n        subject: 'Test',\n        template: `${templatePath}`,\n        context: {\n          world: 'World',\n        },\n      });\n\n      expect(send).toHaveBeenCalled();\n    } catch (error) {\n      expect(error.message).toBe(`ENOENT: no such file or directory, open '${templatePath}.pug'`);\n    }\n  });\n\n  it('should compile template with the pug adapter without inline css', async () => {\n    let lastMail: MailMessage;\n    const send = spyOnSmtpSend((mail: MailMessage) => {\n      lastMail = mail;\n    });\n\n    const service = await getMailerServiceForOptions({\n      transport: new SMTPTransport({}),\n      template: {\n        adapter: new PugAdapter({\n          inlineCssEnabled: false,\n        }),\n      },\n    });\n\n    await service.sendMail({\n      from: 'user1@example.test',\n      to: 'user2@example.test',\n      subject: 'Test',\n      template: `${template_path}/pug-template`,\n      context: {\n        world: 'World',\n      },\n    });\n\n    expect(send).toHaveBeenCalled();\n    expect(lastMail.data.from).toBe('user1@example.test');\n    expect(lastMail.data.html).toBe('<p>Pug test template.</p><p>Hello World!</p>');\n  });\n\n  it('should compile template with the ejs adapter', async () => {\n    let lastMail: MailMessage;\n    const send = spyOnSmtpSend((mail: MailMessage) => {\n      lastMail = mail;\n    });\n\n    const service = await getMailerServiceForOptions({\n      transport: new SMTPTransport({}),\n      template: {\n        adapter: new EjsAdapter(),\n      },\n    });\n\n    await service.sendMail({\n      from: 'user1@example.test',\n      to: 'user2@example.test',\n      subject: 'Test',\n      template: `${template_path}/ejs-template`,\n      context: {\n        MAILER: 'Nest-modules TM',\n      },\n    });\n\n    expect(send).toHaveBeenCalled();\n    expect(lastMail.data.from).toBe('user1@example.test');\n    expect(lastMail.data.html).toBe('<p>Ejs test template. by Nest-modules TM</p>');\n  });\n\n  it('should compile template with the ejs adapter with error to read template', async () => {\n    let templatePath = pathJoin(template_path, '/ejs-templates');\n    try {\n      let lastMail: MailMessage;\n      const send = spyOnSmtpSend((mail: MailMessage) => {\n        lastMail = mail;\n      });\n\n      const service = await getMailerServiceForOptions({\n        transport: new SMTPTransport({}),\n        template: {\n          adapter: new EjsAdapter(),\n        },\n      });\n\n      await service.sendMail({\n        from: 'user1@example.test',\n        to: 'user2@example.test',\n        subject: 'Test',\n        template: `${templatePath}`,\n        context: {\n          MAILER: 'Nest-modules TM',\n        },\n      });\n\n      expect(send).toHaveBeenCalled();\n    } catch (error) {\n      expect(error.message).toBe(\n        `Error: ENOENT: no such file or directory, open '${templatePath}.ejs'`,\n      );\n    }\n  });\n\n  it('should compile template with the ejs adapter read template relative url', async () => {\n    let lastMail: MailMessage;\n    const send = spyOnSmtpSend((mail: MailMessage) => {\n      lastMail = mail;\n    });\n\n    const service = await getMailerServiceForOptions({\n      transport: new SMTPTransport({}),\n      template: {\n        dir: template_path,\n        adapter: new EjsAdapter(),\n      },\n    });\n\n    await service.sendMail({\n      from: 'user1@example.test',\n      to: 'user2@example.test',\n      subject: 'Test',\n      template: `./ejs-template`,\n      context: {\n        MAILER: 'Nest-modules TM',\n      },\n    });\n\n    expect(send).toHaveBeenCalled();\n    expect(lastMail.data.from).toBe('user1@example.test');\n    expect(lastMail.data.html).toBe('<p>Ejs test template. by Nest-modules TM</p>');\n  });\n\n  it('should compile template with the ejs adapter without css inline', async () => {\n    let lastMail: MailMessage;\n    const send = spyOnSmtpSend((mail: MailMessage) => {\n      lastMail = mail;\n    });\n\n    const service = await getMailerServiceForOptions({\n      transport: new SMTPTransport({}),\n      template: {\n        adapter: new EjsAdapter({\n          inlineCssEnabled: false,\n        }),\n      },\n    });\n\n    await service.sendMail({\n      from: 'user1@example.test',\n      to: 'user2@example.test',\n      subject: 'Test',\n      template: `${template_path}/ejs-template`,\n      context: {\n        MAILER: 'Nest-modules TM',\n      },\n    });\n\n    expect(send).toHaveBeenCalled();\n    expect(lastMail.data.from).toBe('user1@example.test');\n    expect(lastMail.data.html).toBe('<p>Ejs test template. by Nest-modules TM</p>');\n  });\n\n  it('should compile template with the ejs adapter with css inline', async () => {\n    let lastMail: MailMessage;\n    const send = spyOnSmtpSend((mail: MailMessage) => {\n      lastMail = mail;\n    });\n\n    const service = await getMailerServiceForOptions({\n      transport: new SMTPTransport({}),\n      template: {\n        adapter: new EjsAdapter({\n          inlineCssEnabled: true,\n        }),\n      },\n    });\n\n    await service.sendMail({\n      from: 'user1@example.test',\n      to: 'user2@example.test',\n      subject: 'Test',\n      template: `${template_path}/ejs-template`,\n      context: {\n        MAILER: 'Nest-modules TM',\n      },\n    });\n\n    expect(send).toHaveBeenCalled();\n    expect(lastMail.data.from).toBe('user1@example.test');\n    expect(lastMail.data.html).toBe(\n      '<html><head></head><body><p>Ejs test template. by Nest-modules TM</p></body></html>',\n    );\n  });\n});\n",
              "err": {},
              "uuid": "2a70f433-9c7d-4b7d-ad5e-c213bbeec5b8",
              "parentUUID": "523b2ad6-7258-473b-8a13-419105450da5",
              "isHook": false,
              "skipped": false
            },
            {
              "fullTitle": "MailerModule > forRoot > should be defined",
              "title": "MailerModule > forRoot > should be defined",
              "timedOut": false,
              "duration": 149,
              "state": "passed",
              "speed": "medium",
              "pass": true,
              "fail": false,
              "pending": false,
              "context": null,
              "code": "import { Test, TestingModule } from '@nestjs/testing';\nimport { INestApplication } from '@nestjs/common';\nimport { MailerModule } from '../mailer/mailer.module';\nimport { ConfigModule } from '@nestjs/config';\nimport { dynamicConfig } from '@tresdoce-nestjs-toolkit/test-utils';\n\ndescribe('MailerModule', () => {\n  let app: INestApplication;\n\n  describe('forRoot', () => {\n    beforeEach(async () => {\n      const moduleFixture: TestingModule = await Test.createTestingModule({\n        imports: [\n          MailerModule.forRoot({\n            transport: 'smtps://user@domain.com:pass@smtp.domain.com',\n            defaults: {\n              from: '\"nest-modules\" <modules@nestjs.com>',\n            },\n          }),\n        ],\n      }).compile();\n\n      app = moduleFixture.createNestApplication();\n      await app.init();\n    });\n\n    it('should be defined', () => {\n      expect(app).toBeDefined();\n    });\n  });\n\n  describe('forRootAsync', () => {\n    beforeEach(async () => {\n      const moduleFixture: TestingModule = await Test.createTestingModule({\n        imports: [\n          ConfigModule.forRoot({\n            isGlobal: true,\n            load: [\n              dynamicConfig({\n                mailer: {\n                  transport: 'smtps://user@domain.com:pass@smtp.domain.com',\n                  defaults: {\n                    from: '\"nest-modules\" <modules@nestjs.com>',\n                  },\n                },\n              }),\n            ],\n          }),\n          MailerModule,\n        ],\n      }).compile();\n\n      app = moduleFixture.createNestApplication();\n      await app.init();\n    });\n\n    it('should be defined', () => {\n      expect(app).toBeDefined();\n    });\n  });\n});\n",
              "err": {},
              "uuid": "d047f066-4074-494c-83b6-8cf75b351ec7",
              "parentUUID": "523b2ad6-7258-473b-8a13-419105450da5",
              "isHook": false,
              "skipped": false
            },
            {
              "fullTitle": "MailerModule > forRootAsync > should be defined",
              "title": "MailerModule > forRootAsync > should be defined",
              "timedOut": false,
              "duration": 7,
              "state": "passed",
              "speed": "fast",
              "pass": true,
              "fail": false,
              "pending": false,
              "context": null,
              "code": "import { Test, TestingModule } from '@nestjs/testing';\nimport { INestApplication } from '@nestjs/common';\nimport { MailerModule } from '../mailer/mailer.module';\nimport { ConfigModule } from '@nestjs/config';\nimport { dynamicConfig } from '@tresdoce-nestjs-toolkit/test-utils';\n\ndescribe('MailerModule', () => {\n  let app: INestApplication;\n\n  describe('forRoot', () => {\n    beforeEach(async () => {\n      const moduleFixture: TestingModule = await Test.createTestingModule({\n        imports: [\n          MailerModule.forRoot({\n            transport: 'smtps://user@domain.com:pass@smtp.domain.com',\n            defaults: {\n              from: '\"nest-modules\" <modules@nestjs.com>',\n            },\n          }),\n        ],\n      }).compile();\n\n      app = moduleFixture.createNestApplication();\n      await app.init();\n    });\n\n    it('should be defined', () => {\n      expect(app).toBeDefined();\n    });\n  });\n\n  describe('forRootAsync', () => {\n    beforeEach(async () => {\n      const moduleFixture: TestingModule = await Test.createTestingModule({\n        imports: [\n          ConfigModule.forRoot({\n            isGlobal: true,\n            load: [\n              dynamicConfig({\n                mailer: {\n                  transport: 'smtps://user@domain.com:pass@smtp.domain.com',\n                  defaults: {\n                    from: '\"nest-modules\" <modules@nestjs.com>',\n                  },\n                },\n              }),\n            ],\n          }),\n          MailerModule,\n        ],\n      }).compile();\n\n      app = moduleFixture.createNestApplication();\n      await app.init();\n    });\n\n    it('should be defined', () => {\n      expect(app).toBeDefined();\n    });\n  });\n});\n",
              "err": {},
              "uuid": "864ea9b7-b6d9-4d29-bc69-f5652c0d108d",
              "parentUUID": "523b2ad6-7258-473b-8a13-419105450da5",
              "isHook": false,
              "skipped": false
            }
          ],
          "suites": [],
          "passes": [
            "52fc7fb9-9bb4-4e09-9818-cc98e383ac88",
            "ff5491c4-bd95-4b5c-9a5f-0d740aaa2b5d",
            "f63abc46-1239-48ae-ace1-6d34d53e9804",
            "2b40a82e-febb-4d57-b887-5c3d914e47c2",
            "39f941d7-f0ad-4f44-9560-7ad4742374ab",
            "bae792da-29da-4110-9c1d-4d4e28aa7f46",
            "cba95eb4-3975-4e5b-a0f1-f755b0794b6c",
            "4dc56762-cd3c-4f26-9835-cc65d25639ff",
            "31b21d0c-b653-4a0f-9f5f-1bb32afe76dd",
            "b32d6557-ac3d-430c-860b-293606aa2e16",
            "c05d45f8-ce4a-4d38-b6df-0de7883d9db0",
            "2a6fdb36-4f31-48f0-89a9-24d224552b43",
            "87647877-9657-40b2-a705-368180177047",
            "3b9b66c6-5fe8-4148-885e-bb110a2221dc",
            "b534aa8f-d114-4f80-9d3d-4f3547e59479",
            "e901561e-400c-469f-b96e-afeb05986f15",
            "565c2b07-6dd1-4bab-b284-8a492ad4dfb0",
            "1b264ffd-e064-4064-a6c6-43c5bebb378a",
            "a311b1a6-3fe6-416b-b8f8-7c40be31b31d",
            "defab326-b749-4d51-818e-1b0064d7db1a",
            "eda902ed-9e69-47e5-9bed-c5439cedbf17",
            "c0889da1-14e0-4910-8a9a-4892115a4b2a",
            "d5f75db4-0e47-46dc-a427-6199e7103048",
            "36108f0f-c968-4658-ab81-7df4312e659f",
            "2a70f433-9c7d-4b7d-ad5e-c213bbeec5b8",
            "d047f066-4074-494c-83b6-8cf75b351ec7",
            "864ea9b7-b6d9-4d29-bc69-f5652c0d108d"
          ],
          "failures": [],
          "pending": [],
          "skipped": [],
          "duration": 296,
          "root": false,
          "rootEmpty": false,
          "_timeout": 5000
        }
      ],
      "passes": [],
      "failures": [],
      "pending": [],
      "skipped": [],
      "duration": 0,
      "root": true,
      "rootEmpty": true,
      "_timeout": 5000
    }
  ]
}