{
  "stats": {
    "suites": 2,
    "tests": 27,
    "passes": 27,
    "pending": 0,
    "failures": 0,
    "testsRegistered": 27,
    "passPercent": 100,
    "pendingPercent": 0,
    "other": 0,
    "hasOther": false,
    "skipped": 0,
    "hasSkipped": false,
    "start": "2023-05-03T01:41:00.549Z",
    "end": "2023-05-03T01:41:00.964Z",
    "duration": 415
  },
  "results": [
    {
      "uuid": "053abae7-3076-459f-a4b7-342876e5f255",
      "title": "@tresdoce-nestjs-toolkit/mailer",
      "fullFile": "",
      "file": "",
      "beforeHooks": [],
      "afterHooks": [],
      "tests": [],
      "suites": [
        {
          "uuid": "aad9355c-c484-4780-8e64-e6cfe2e8dffd",
          "title": "@tresdoce-nestjs-toolkit/mailer",
          "fullFile": "",
          "file": "",
          "beforeHooks": [],
          "afterHooks": [],
          "tests": [
            {
              "fullTitle": "MailerService > should not be defined if a transport is not provided",
              "title": "MailerService > should not be defined if a transport is not provided",
              "timedOut": false,
              "duration": 13,
              "state": "passed",
              "speed": "fast",
              "pass": true,
              "fail": false,
              "pending": false,
              "context": null,
              "code": "import { Test, TestingModule } from '@nestjs/testing';\nimport { pathJoin } from '@tresdoce-nestjs-toolkit/test-utils';\nimport * as nodemailerMock from 'nodemailer-mock';\nimport MailMessage from 'nodemailer/lib/mailer/mail-message';\nimport SMTPTransport from 'nodemailer/lib/smtp-transport';\n\nimport { MAILER_OPTIONS, MAILER_TRANSPORT_FACTORY } from '../mailer/constants/mailer.constant';\n\nimport { MailerOptions, TransportType } from '../mailer/interfaces/mailer-options.interface';\nimport { MailerTransportFactory } from '../mailer/interfaces/mailer-transport-factory.interface';\n\nimport { HandlebarsAdapter } from '../mailer/adapters/handlebars.adapter';\nimport { PugAdapter } from '../mailer/adapters/pug.adapter';\nimport { EjsAdapter } from '../mailer/adapters/ejs.adapter';\n\nimport { MailerService } from '../mailer/services/mailer.service';\n\nconst template_path = pathJoin(__dirname, 'utils/test-templates');\n\nasync function getMailerServiceForOptions(options: MailerOptions): Promise<MailerService> {\n  const module: TestingModule = await Test.createTestingModule({\n    providers: [\n      {\n        name: MAILER_OPTIONS,\n        provide: MAILER_OPTIONS,\n        useValue: options,\n      },\n      MailerService,\n    ],\n  }).compile();\n\n  return module.get<MailerService>(MailerService);\n}\n\nfunction spyOnSmtpSend(onMail: (mail: MailMessage) => void) {\n  return jest\n    .spyOn(SMTPTransport.prototype, 'send')\n    .mockImplementation(function (\n      mail: MailMessage,\n      callback: (err: Error | null, info: SMTPTransport.SentMessageInfo) => void,\n    ): void {\n      onMail(mail);\n      callback(null, {\n        envelope: {\n          from: mail.data.from as string,\n          to: [mail.data.to as string],\n        },\n        messageId: 'ABCD',\n        accepted: [],\n        rejected: [],\n        pending: [],\n        response: 'ok',\n      });\n    });\n}\n\nasync function getMailerServiceWithCustomTransport(options: MailerOptions): Promise<MailerService> {\n  class TestTransportFactory implements MailerTransportFactory {\n    createTransport(options?: TransportType): any {\n      return nodemailerMock.createTransport({ host: 'localhost', port: -100 });\n    }\n  }\n\n  const module: TestingModule = await Test.createTestingModule({\n    providers: [\n      {\n        name: MAILER_OPTIONS,\n        provide: MAILER_OPTIONS,\n        useValue: options,\n      },\n      {\n        name: MAILER_TRANSPORT_FACTORY,\n        provide: MAILER_TRANSPORT_FACTORY,\n        useClass: TestTransportFactory,\n      },\n      MailerService,\n    ],\n  }).compile();\n  await module.init();\n\n  return module.get<MailerService>(MailerService);\n}\n\njest.setTimeout(70000);\ndescribe('MailerService', () => {\n  it('should not be defined if a transport is not provided', async () => {\n    await expect(getMailerServiceForOptions({})).rejects.toMatchInlineSnapshot(\n      `[Error: Make sure to provide a nodemailer transport configuration object, connection url or a transport plugin instance.]`,\n    );\n  });\n\n  it('should accept a smtp transport string', async () => {\n    const service = await getMailerServiceForOptions({\n      transport: 'smtps://user@domain.com:pass@smtp.domain.com',\n    });\n\n    expect(service).toBeDefined();\n    expect((service as any).transporter.transporter).toBeInstanceOf(SMTPTransport);\n  });\n\n  it('should accept a smtp transports string', async () => {\n    const service = await getMailerServiceForOptions({\n      transports: {\n        myDomain: 'smtps://user@domain.com:pass@smtp.domain.com',\n      },\n    });\n\n    expect(service).toBeDefined();\n    (service as any).transporters.forEach((value, key) => {\n      expect(value.transporter).toBeInstanceOf(SMTPTransport);\n    });\n  });\n\n  it('should accept smtp transport options', async () => {\n    const service = await getMailerServiceForOptions({\n      transport: {\n        secure: true,\n        requireTLS: true,\n        auth: {\n          user: 'user@domain.com',\n          pass: 'pass',\n        },\n        options: {\n          host: 'smtp.domain.com',\n        },\n      },\n    });\n\n    expect(service).toBeDefined();\n    expect((service as any).transporter.transporter).toBeInstanceOf(SMTPTransport);\n  });\n\n  it('should accept a smtp transport instance', async () => {\n    const transport = new SMTPTransport({});\n    const service = await getMailerServiceForOptions({\n      transport: transport,\n    });\n\n    expect(service).toBeDefined();\n    expect((service as any).transporter.transporter).toBe(transport);\n  });\n\n  it('should send emails with nodemailer', async () => {\n    let lastMail: MailMessage;\n    const send = spyOnSmtpSend((mail: MailMessage) => {\n      lastMail = mail;\n    });\n\n    const service = await getMailerServiceForOptions({\n      transport: 'smtps://user@domain.com:pass@smtp.domain.com',\n    });\n\n    await service.sendMail({\n      from: 'user1@example.test',\n      to: 'user2@example.test',\n      subject: 'Test',\n      html: 'This is test.',\n    });\n\n    expect(send).toHaveBeenCalled();\n    expect(lastMail.data.from).toBe('user1@example.test');\n    expect(lastMail.data.to).toBe('user2@example.test');\n    expect(lastMail.data.subject).toBe('Test');\n    expect(lastMail.data.html).toBe('This is test.');\n  });\n\n  it('should send emails with nodemailer transports', async () => {\n    let lastMail: MailMessage;\n    const send = spyOnSmtpSend((mail: MailMessage) => {\n      lastMail = mail;\n    });\n\n    const service = await getMailerServiceForOptions({\n      transports: {\n        myDomain: 'smtps://user@domain.com:pass@smtp.domain.com',\n      },\n    });\n\n    await service.sendMail({\n      transporterName: 'myDomain',\n      from: 'user1@example.test',\n      to: 'user2@example.test',\n      subject: 'Test',\n      html: 'This is test.',\n    });\n\n    expect(send).toHaveBeenCalled();\n    expect(lastMail.data.from).toBe('user1@example.test');\n    expect(lastMail.data.to).toBe('user2@example.test');\n    expect(lastMail.data.subject).toBe('Test');\n    expect(lastMail.data.html).toBe('This is test.');\n  });\n\n  it('should send emails with nodemailer with different transports name', async () => {\n    try {\n      let lastMail: MailMessage;\n      const send = spyOnSmtpSend((mail: MailMessage) => {\n        lastMail = mail;\n      });\n\n      const service = await getMailerServiceForOptions({\n        transports: {\n          myDomain: 'smtps://user@domain.com:pass@smtp.domain.com',\n        },\n      });\n\n      await service.sendMail({\n        transporterName: 'testDomain',\n        from: 'user1@example.test',\n        to: 'user2@example.test',\n        subject: 'Test',\n        html: 'This is test.',\n      });\n\n      expect(send).toHaveBeenCalled();\n    } catch (error) {\n      expect(error.message).toBe(\"Transporters object doesn't have testDomain key\");\n    }\n  });\n\n  it('should send emails with nodemailer without transports', async () => {\n    try {\n      let lastMail: MailMessage;\n      const send = spyOnSmtpSend((mail: MailMessage) => {\n        lastMail = mail;\n      });\n\n      const service = await getMailerServiceForOptions({\n        transports: {},\n      });\n\n      await service.sendMail({\n        from: 'user1@example.test',\n        to: 'user2@example.test',\n        subject: 'Test',\n        html: 'This is test.',\n      });\n\n      expect(send).toHaveBeenCalled();\n    } catch (error) {\n      expect(error.message).toBe('Transporter object undefined');\n    }\n  });\n\n  it('should use mailerOptions.defaults when send emails', async () => {\n    let lastMail: MailMessage;\n    const send = spyOnSmtpSend((mail: MailMessage) => {\n      lastMail = mail;\n    });\n\n    const service = await getMailerServiceForOptions({\n      transport: 'smtps://user@domain.com:pass@smtp.domain.com',\n      defaults: {\n        from: 'user1@example.test',\n      },\n    });\n\n    await service.sendMail({\n      to: 'user2@example.test',\n      subject: 'Test',\n      html: 'This is test.',\n    });\n\n    expect(send).toHaveBeenCalled();\n    expect(lastMail.data.from).toBe('user1@example.test');\n  });\n\n  it('should use custom transport to send mail', async () => {\n    const service = await getMailerServiceWithCustomTransport({\n      transport: 'smtps://user@domain.com:pass@smtp.domain.com',\n    });\n    await service.sendMail({\n      to: 'user2@example.test',\n      subject: 'Test',\n      html: 'This is test.',\n    });\n\n    expect(nodemailerMock.mock.getSentMail().length).toEqual(1);\n  });\n\n  it('should compile template with the handlebars adapter', async () => {\n    let lastMail: MailMessage;\n    const send = spyOnSmtpSend((mail: MailMessage) => {\n      lastMail = mail;\n    });\n\n    const service = await getMailerServiceForOptions({\n      transport: new SMTPTransport({}),\n      template: {\n        adapter: new HandlebarsAdapter(),\n      },\n    });\n\n    await service.sendMail({\n      from: 'user1@example.test',\n      to: 'user2@example.test',\n      subject: 'Test',\n      template: `${template_path}/handlebars-template`,\n      context: {\n        MAILER: 'Nest-modules TM',\n      },\n    });\n\n    expect(send).toHaveBeenCalled();\n    expect(lastMail.data.from).toBe('user1@example.test');\n    expect(lastMail.data.html).toBe(\n      '<html><head></head><body><p>Handlebars test template. by Nest-modules TM</p></body></html>',\n    );\n  });\n\n  it('should compile template with the handlebars adapter with relative path', async () => {\n    let lastMail: MailMessage;\n    const send = spyOnSmtpSend((mail: MailMessage) => {\n      lastMail = mail;\n    });\n\n    const service = await getMailerServiceForOptions({\n      transport: new SMTPTransport({}),\n      template: {\n        adapter: new HandlebarsAdapter(),\n        dir: `${template_path}`,\n      },\n      options: {\n        strict: true,\n        partials: {\n          dir: `${template_path}`,\n        },\n      },\n    });\n\n    await service.sendMail({\n      from: 'user1@example.test',\n      to: 'user2@example.test',\n      subject: 'Test',\n      template: `./handlebars-template`,\n      context: {\n        MAILER: 'Nest-modules TM',\n      },\n    });\n\n    expect(send).toHaveBeenCalled();\n    expect(lastMail.data.from).toBe('user1@example.test');\n    expect(lastMail.data.html).toBe(\n      '<html><head></head><body><p>Handlebars test template. by Nest-modules TM</p></body></html>',\n    );\n  });\n\n  it('should compile template with the handlebars adapter with error template path', async () => {\n    let templatePath = pathJoin(template_path, '/handlebars-templates');\n    try {\n      let lastMail: MailMessage;\n      const send = spyOnSmtpSend((mail: MailMessage) => {\n        lastMail = mail;\n      });\n\n      const service = await getMailerServiceForOptions({\n        transport: new SMTPTransport({}),\n        template: {\n          adapter: new HandlebarsAdapter(),\n        },\n      });\n\n      await service.sendMail({\n        from: 'user1@example.test',\n        to: 'user2@example.test',\n        subject: 'Test',\n        template: `${templatePath}`,\n        context: {\n          MAILER: 'Nest-modules TM',\n        },\n      });\n\n      expect(send).toHaveBeenCalled();\n    } catch (error) {\n      expect(error.message).toBe(\n        `Error: ENOENT: no such file or directory, open '${templatePath}.hbs'`,\n      );\n    }\n  });\n\n  it('should compile template with the handlebars adapter with disabled inline-css', async () => {\n    let lastMail: MailMessage;\n    const send = spyOnSmtpSend((mail: MailMessage) => {\n      lastMail = mail;\n    });\n\n    /*{\n      myHelper: (context, value) => {\n        console.log(context, value);\n      },\n    }*/\n\n    const service = await getMailerServiceForOptions({\n      transport: new SMTPTransport({}),\n      template: {\n        adapter: new HandlebarsAdapter(undefined, { inlineCssEnabled: false }),\n      },\n    });\n\n    await service.sendMail({\n      from: 'user1@example.test',\n      to: 'user2@example.test',\n      subject: 'Test',\n      template: `${template_path}/handlebars-template-media-query`,\n      context: {\n        MAILER: 'Nest-modules TM',\n      },\n    });\n\n    expect(send).toHaveBeenCalled();\n    expect(lastMail.data.from).toBe('user1@example.test');\n    expect(lastMail.data.html).toContain('@media only screen and (max-width:350px)');\n    expect(lastMail.data.html).toContain('<p>Handlebars test template. by Nest-modules TM</p>');\n  });\n\n  it('should compile template with the handlebars adapter with enabled inline-css and media query', async () => {\n    let lastMail: MailMessage;\n    const send = spyOnSmtpSend((mail: MailMessage) => {\n      lastMail = mail;\n    });\n\n    const service = await getMailerServiceForOptions({\n      transport: new SMTPTransport({}),\n      template: {\n        adapter: new HandlebarsAdapter(undefined, {\n          inlineCssEnabled: true,\n          inlineCssOptions: { url: ' ', preserveMediaQueries: true },\n        }),\n      },\n    });\n\n    await service.sendMail({\n      from: 'user1@example.test',\n      to: 'user2@example.test',\n      subject: 'Test',\n      template: `${template_path}/handlebars-template-media-query`,\n      context: {\n        MAILER: 'Nest-modules TM',\n      },\n    });\n\n    expect(send).toHaveBeenCalled();\n    expect(lastMail.data.from).toBe('user1@example.test');\n    expect(lastMail.data.html).toContain('@media only screen and (max-width:350px)');\n    expect(lastMail.data.html).toContain('<p>Handlebars test template. by Nest-modules TM</p>');\n  });\n\n  it('should compile template with the pug adapter', async () => {\n    let lastMail: MailMessage;\n    const send = spyOnSmtpSend((mail: MailMessage) => {\n      lastMail = mail;\n    });\n\n    const service = await getMailerServiceForOptions({\n      transport: new SMTPTransport({}),\n      template: {\n        adapter: new PugAdapter(),\n      },\n    });\n\n    await service.sendMail({\n      from: 'user1@example.test',\n      to: 'user2@example.test',\n      subject: 'Test',\n      template: `${template_path}/pug-template`,\n      context: {\n        world: 'World',\n      },\n    });\n\n    expect(send).toHaveBeenCalled();\n    expect(lastMail.data.from).toBe('user1@example.test');\n    expect(lastMail.data.html).toBe(\n      '<html><head></head><body><p>Pug test template.</p><p>Hello World!</p></body></html>',\n    );\n  });\n\n  it('should compile template with the pug adapter with relative path', async () => {\n    let lastMail: MailMessage;\n    const send = spyOnSmtpSend((mail: MailMessage) => {\n      lastMail = mail;\n    });\n\n    const service = await getMailerServiceForOptions({\n      transport: new SMTPTransport({}),\n      template: {\n        adapter: new PugAdapter(),\n        dir: template_path,\n      },\n    });\n\n    await service.sendMail({\n      from: 'user1@example.test',\n      to: 'user2@example.test',\n      subject: 'Test',\n      template: `./pug-template`,\n      context: {\n        world: 'World',\n      },\n    });\n\n    expect(send).toHaveBeenCalled();\n    expect(lastMail.data.from).toBe('user1@example.test');\n    expect(lastMail.data.html).toBe(\n      '<html><head></head><body><p>Pug test template.</p><p>Hello World!</p></body></html>',\n    );\n  });\n\n  it('should compile template with the pug adapter with error to read template', async () => {\n    let templatePath = pathJoin(template_path, '/pug-templates');\n\n    try {\n      let lastMail: MailMessage;\n      const send = spyOnSmtpSend((mail: MailMessage) => {\n        lastMail = mail;\n      });\n\n      const service = await getMailerServiceForOptions({\n        transport: new SMTPTransport({}),\n        template: {\n          adapter: new PugAdapter(),\n        },\n      });\n\n      await service.sendMail({\n        from: 'user1@example.test',\n        to: 'user2@example.test',\n        subject: 'Test',\n        template: `${templatePath}`,\n        context: {\n          world: 'World',\n        },\n      });\n\n      expect(send).toHaveBeenCalled();\n    } catch (error) {\n      expect(error.message).toBe(`ENOENT: no such file or directory, open '${templatePath}.pug'`);\n    }\n  });\n\n  it('should compile template with the pug adapter without inline css', async () => {\n    let lastMail: MailMessage;\n    const send = spyOnSmtpSend((mail: MailMessage) => {\n      lastMail = mail;\n    });\n\n    const service = await getMailerServiceForOptions({\n      transport: new SMTPTransport({}),\n      template: {\n        adapter: new PugAdapter({\n          inlineCssEnabled: false,\n        }),\n      },\n    });\n\n    await service.sendMail({\n      from: 'user1@example.test',\n      to: 'user2@example.test',\n      subject: 'Test',\n      template: `${template_path}/pug-template`,\n      context: {\n        world: 'World',\n      },\n    });\n\n    expect(send).toHaveBeenCalled();\n    expect(lastMail.data.from).toBe('user1@example.test');\n    expect(lastMail.data.html).toBe('<p>Pug test template.</p><p>Hello World!</p>');\n  });\n\n  it('should compile template with the ejs adapter', async () => {\n    let lastMail: MailMessage;\n    const send = spyOnSmtpSend((mail: MailMessage) => {\n      lastMail = mail;\n    });\n\n    const service = await getMailerServiceForOptions({\n      transport: new SMTPTransport({}),\n      template: {\n        adapter: new EjsAdapter(),\n      },\n    });\n\n    await service.sendMail({\n      from: 'user1@example.test',\n      to: 'user2@example.test',\n      subject: 'Test',\n      template: `${template_path}/ejs-template`,\n      context: {\n        MAILER: 'Nest-modules TM',\n      },\n    });\n\n    expect(send).toHaveBeenCalled();\n    expect(lastMail.data.from).toBe('user1@example.test');\n    expect(lastMail.data.html).toBe('<p>Ejs test template. by Nest-modules TM</p>');\n  });\n\n  it('should compile template with the ejs adapter with error to read template', async () => {\n    let templatePath = pathJoin(template_path, '/ejs-templates');\n    try {\n      let lastMail: MailMessage;\n      const send = spyOnSmtpSend((mail: MailMessage) => {\n        lastMail = mail;\n      });\n\n      const service = await getMailerServiceForOptions({\n        transport: new SMTPTransport({}),\n        template: {\n          adapter: new EjsAdapter(),\n        },\n      });\n\n      await service.sendMail({\n        from: 'user1@example.test',\n        to: 'user2@example.test',\n        subject: 'Test',\n        template: `${templatePath}`,\n        context: {\n          MAILER: 'Nest-modules TM',\n        },\n      });\n\n      expect(send).toHaveBeenCalled();\n    } catch (error) {\n      expect(error.message).toBe(\n        `Error: ENOENT: no such file or directory, open '${templatePath}.ejs'`,\n      );\n    }\n  });\n\n  it('should compile template with the ejs adapter read template relative url', async () => {\n    let lastMail: MailMessage;\n    const send = spyOnSmtpSend((mail: MailMessage) => {\n      lastMail = mail;\n    });\n\n    const service = await getMailerServiceForOptions({\n      transport: new SMTPTransport({}),\n      template: {\n        dir: template_path,\n        adapter: new EjsAdapter(),\n      },\n    });\n\n    await service.sendMail({\n      from: 'user1@example.test',\n      to: 'user2@example.test',\n      subject: 'Test',\n      template: `./ejs-template`,\n      context: {\n        MAILER: 'Nest-modules TM',\n      },\n    });\n\n    expect(send).toHaveBeenCalled();\n    expect(lastMail.data.from).toBe('user1@example.test');\n    expect(lastMail.data.html).toBe('<p>Ejs test template. by Nest-modules TM</p>');\n  });\n\n  it('should compile template with the ejs adapter without css inline', async () => {\n    let lastMail: MailMessage;\n    const send = spyOnSmtpSend((mail: MailMessage) => {\n      lastMail = mail;\n    });\n\n    const service = await getMailerServiceForOptions({\n      transport: new SMTPTransport({}),\n      template: {\n        adapter: new EjsAdapter({\n          inlineCssEnabled: false,\n        }),\n      },\n    });\n\n    await service.sendMail({\n      from: 'user1@example.test',\n      to: 'user2@example.test',\n      subject: 'Test',\n      template: `${template_path}/ejs-template`,\n      context: {\n        MAILER: 'Nest-modules TM',\n      },\n    });\n\n    expect(send).toHaveBeenCalled();\n    expect(lastMail.data.from).toBe('user1@example.test');\n    expect(lastMail.data.html).toBe('<p>Ejs test template. by Nest-modules TM</p>');\n  });\n\n  it('should compile template with the ejs adapter with css inline', async () => {\n    let lastMail: MailMessage;\n    const send = spyOnSmtpSend((mail: MailMessage) => {\n      lastMail = mail;\n    });\n\n    const service = await getMailerServiceForOptions({\n      transport: new SMTPTransport({}),\n      template: {\n        adapter: new EjsAdapter({\n          inlineCssEnabled: true,\n        }),\n      },\n    });\n\n    await service.sendMail({\n      from: 'user1@example.test',\n      to: 'user2@example.test',\n      subject: 'Test',\n      template: `${template_path}/ejs-template`,\n      context: {\n        MAILER: 'Nest-modules TM',\n      },\n    });\n\n    expect(send).toHaveBeenCalled();\n    expect(lastMail.data.from).toBe('user1@example.test');\n    expect(lastMail.data.html).toBe(\n      '<html><head></head><body><p>Ejs test template. by Nest-modules TM</p></body></html>',\n    );\n  });\n});\n",
              "err": {},
              "uuid": "651e61b9-74c6-4e95-a17d-07794075202a",
              "parentUUID": "aad9355c-c484-4780-8e64-e6cfe2e8dffd",
              "isHook": false,
              "skipped": false
            },
            {
              "fullTitle": "MailerService > should accept a smtp transport string",
              "title": "MailerService > should accept a smtp transport string",
              "timedOut": false,
              "duration": 7,
              "state": "passed",
              "speed": "fast",
              "pass": true,
              "fail": false,
              "pending": false,
              "context": null,
              "code": "import { Test, TestingModule } from '@nestjs/testing';\nimport { pathJoin } from '@tresdoce-nestjs-toolkit/test-utils';\nimport * as nodemailerMock from 'nodemailer-mock';\nimport MailMessage from 'nodemailer/lib/mailer/mail-message';\nimport SMTPTransport from 'nodemailer/lib/smtp-transport';\n\nimport { MAILER_OPTIONS, MAILER_TRANSPORT_FACTORY } from '../mailer/constants/mailer.constant';\n\nimport { MailerOptions, TransportType } from '../mailer/interfaces/mailer-options.interface';\nimport { MailerTransportFactory } from '../mailer/interfaces/mailer-transport-factory.interface';\n\nimport { HandlebarsAdapter } from '../mailer/adapters/handlebars.adapter';\nimport { PugAdapter } from '../mailer/adapters/pug.adapter';\nimport { EjsAdapter } from '../mailer/adapters/ejs.adapter';\n\nimport { MailerService } from '../mailer/services/mailer.service';\n\nconst template_path = pathJoin(__dirname, 'utils/test-templates');\n\nasync function getMailerServiceForOptions(options: MailerOptions): Promise<MailerService> {\n  const module: TestingModule = await Test.createTestingModule({\n    providers: [\n      {\n        name: MAILER_OPTIONS,\n        provide: MAILER_OPTIONS,\n        useValue: options,\n      },\n      MailerService,\n    ],\n  }).compile();\n\n  return module.get<MailerService>(MailerService);\n}\n\nfunction spyOnSmtpSend(onMail: (mail: MailMessage) => void) {\n  return jest\n    .spyOn(SMTPTransport.prototype, 'send')\n    .mockImplementation(function (\n      mail: MailMessage,\n      callback: (err: Error | null, info: SMTPTransport.SentMessageInfo) => void,\n    ): void {\n      onMail(mail);\n      callback(null, {\n        envelope: {\n          from: mail.data.from as string,\n          to: [mail.data.to as string],\n        },\n        messageId: 'ABCD',\n        accepted: [],\n        rejected: [],\n        pending: [],\n        response: 'ok',\n      });\n    });\n}\n\nasync function getMailerServiceWithCustomTransport(options: MailerOptions): Promise<MailerService> {\n  class TestTransportFactory implements MailerTransportFactory {\n    createTransport(options?: TransportType): any {\n      return nodemailerMock.createTransport({ host: 'localhost', port: -100 });\n    }\n  }\n\n  const module: TestingModule = await Test.createTestingModule({\n    providers: [\n      {\n        name: MAILER_OPTIONS,\n        provide: MAILER_OPTIONS,\n        useValue: options,\n      },\n      {\n        name: MAILER_TRANSPORT_FACTORY,\n        provide: MAILER_TRANSPORT_FACTORY,\n        useClass: TestTransportFactory,\n      },\n      MailerService,\n    ],\n  }).compile();\n  await module.init();\n\n  return module.get<MailerService>(MailerService);\n}\n\njest.setTimeout(70000);\ndescribe('MailerService', () => {\n  it('should not be defined if a transport is not provided', async () => {\n    await expect(getMailerServiceForOptions({})).rejects.toMatchInlineSnapshot(\n      `[Error: Make sure to provide a nodemailer transport configuration object, connection url or a transport plugin instance.]`,\n    );\n  });\n\n  it('should accept a smtp transport string', async () => {\n    const service = await getMailerServiceForOptions({\n      transport: 'smtps://user@domain.com:pass@smtp.domain.com',\n    });\n\n    expect(service).toBeDefined();\n    expect((service as any).transporter.transporter).toBeInstanceOf(SMTPTransport);\n  });\n\n  it('should accept a smtp transports string', async () => {\n    const service = await getMailerServiceForOptions({\n      transports: {\n        myDomain: 'smtps://user@domain.com:pass@smtp.domain.com',\n      },\n    });\n\n    expect(service).toBeDefined();\n    (service as any).transporters.forEach((value, key) => {\n      expect(value.transporter).toBeInstanceOf(SMTPTransport);\n    });\n  });\n\n  it('should accept smtp transport options', async () => {\n    const service = await getMailerServiceForOptions({\n      transport: {\n        secure: true,\n        requireTLS: true,\n        auth: {\n          user: 'user@domain.com',\n          pass: 'pass',\n        },\n        options: {\n          host: 'smtp.domain.com',\n        },\n      },\n    });\n\n    expect(service).toBeDefined();\n    expect((service as any).transporter.transporter).toBeInstanceOf(SMTPTransport);\n  });\n\n  it('should accept a smtp transport instance', async () => {\n    const transport = new SMTPTransport({});\n    const service = await getMailerServiceForOptions({\n      transport: transport,\n    });\n\n    expect(service).toBeDefined();\n    expect((service as any).transporter.transporter).toBe(transport);\n  });\n\n  it('should send emails with nodemailer', async () => {\n    let lastMail: MailMessage;\n    const send = spyOnSmtpSend((mail: MailMessage) => {\n      lastMail = mail;\n    });\n\n    const service = await getMailerServiceForOptions({\n      transport: 'smtps://user@domain.com:pass@smtp.domain.com',\n    });\n\n    await service.sendMail({\n      from: 'user1@example.test',\n      to: 'user2@example.test',\n      subject: 'Test',\n      html: 'This is test.',\n    });\n\n    expect(send).toHaveBeenCalled();\n    expect(lastMail.data.from).toBe('user1@example.test');\n    expect(lastMail.data.to).toBe('user2@example.test');\n    expect(lastMail.data.subject).toBe('Test');\n    expect(lastMail.data.html).toBe('This is test.');\n  });\n\n  it('should send emails with nodemailer transports', async () => {\n    let lastMail: MailMessage;\n    const send = spyOnSmtpSend((mail: MailMessage) => {\n      lastMail = mail;\n    });\n\n    const service = await getMailerServiceForOptions({\n      transports: {\n        myDomain: 'smtps://user@domain.com:pass@smtp.domain.com',\n      },\n    });\n\n    await service.sendMail({\n      transporterName: 'myDomain',\n      from: 'user1@example.test',\n      to: 'user2@example.test',\n      subject: 'Test',\n      html: 'This is test.',\n    });\n\n    expect(send).toHaveBeenCalled();\n    expect(lastMail.data.from).toBe('user1@example.test');\n    expect(lastMail.data.to).toBe('user2@example.test');\n    expect(lastMail.data.subject).toBe('Test');\n    expect(lastMail.data.html).toBe('This is test.');\n  });\n\n  it('should send emails with nodemailer with different transports name', async () => {\n    try {\n      let lastMail: MailMessage;\n      const send = spyOnSmtpSend((mail: MailMessage) => {\n        lastMail = mail;\n      });\n\n      const service = await getMailerServiceForOptions({\n        transports: {\n          myDomain: 'smtps://user@domain.com:pass@smtp.domain.com',\n        },\n      });\n\n      await service.sendMail({\n        transporterName: 'testDomain',\n        from: 'user1@example.test',\n        to: 'user2@example.test',\n        subject: 'Test',\n        html: 'This is test.',\n      });\n\n      expect(send).toHaveBeenCalled();\n    } catch (error) {\n      expect(error.message).toBe(\"Transporters object doesn't have testDomain key\");\n    }\n  });\n\n  it('should send emails with nodemailer without transports', async () => {\n    try {\n      let lastMail: MailMessage;\n      const send = spyOnSmtpSend((mail: MailMessage) => {\n        lastMail = mail;\n      });\n\n      const service = await getMailerServiceForOptions({\n        transports: {},\n      });\n\n      await service.sendMail({\n        from: 'user1@example.test',\n        to: 'user2@example.test',\n        subject: 'Test',\n        html: 'This is test.',\n      });\n\n      expect(send).toHaveBeenCalled();\n    } catch (error) {\n      expect(error.message).toBe('Transporter object undefined');\n    }\n  });\n\n  it('should use mailerOptions.defaults when send emails', async () => {\n    let lastMail: MailMessage;\n    const send = spyOnSmtpSend((mail: MailMessage) => {\n      lastMail = mail;\n    });\n\n    const service = await getMailerServiceForOptions({\n      transport: 'smtps://user@domain.com:pass@smtp.domain.com',\n      defaults: {\n        from: 'user1@example.test',\n      },\n    });\n\n    await service.sendMail({\n      to: 'user2@example.test',\n      subject: 'Test',\n      html: 'This is test.',\n    });\n\n    expect(send).toHaveBeenCalled();\n    expect(lastMail.data.from).toBe('user1@example.test');\n  });\n\n  it('should use custom transport to send mail', async () => {\n    const service = await getMailerServiceWithCustomTransport({\n      transport: 'smtps://user@domain.com:pass@smtp.domain.com',\n    });\n    await service.sendMail({\n      to: 'user2@example.test',\n      subject: 'Test',\n      html: 'This is test.',\n    });\n\n    expect(nodemailerMock.mock.getSentMail().length).toEqual(1);\n  });\n\n  it('should compile template with the handlebars adapter', async () => {\n    let lastMail: MailMessage;\n    const send = spyOnSmtpSend((mail: MailMessage) => {\n      lastMail = mail;\n    });\n\n    const service = await getMailerServiceForOptions({\n      transport: new SMTPTransport({}),\n      template: {\n        adapter: new HandlebarsAdapter(),\n      },\n    });\n\n    await service.sendMail({\n      from: 'user1@example.test',\n      to: 'user2@example.test',\n      subject: 'Test',\n      template: `${template_path}/handlebars-template`,\n      context: {\n        MAILER: 'Nest-modules TM',\n      },\n    });\n\n    expect(send).toHaveBeenCalled();\n    expect(lastMail.data.from).toBe('user1@example.test');\n    expect(lastMail.data.html).toBe(\n      '<html><head></head><body><p>Handlebars test template. by Nest-modules TM</p></body></html>',\n    );\n  });\n\n  it('should compile template with the handlebars adapter with relative path', async () => {\n    let lastMail: MailMessage;\n    const send = spyOnSmtpSend((mail: MailMessage) => {\n      lastMail = mail;\n    });\n\n    const service = await getMailerServiceForOptions({\n      transport: new SMTPTransport({}),\n      template: {\n        adapter: new HandlebarsAdapter(),\n        dir: `${template_path}`,\n      },\n      options: {\n        strict: true,\n        partials: {\n          dir: `${template_path}`,\n        },\n      },\n    });\n\n    await service.sendMail({\n      from: 'user1@example.test',\n      to: 'user2@example.test',\n      subject: 'Test',\n      template: `./handlebars-template`,\n      context: {\n        MAILER: 'Nest-modules TM',\n      },\n    });\n\n    expect(send).toHaveBeenCalled();\n    expect(lastMail.data.from).toBe('user1@example.test');\n    expect(lastMail.data.html).toBe(\n      '<html><head></head><body><p>Handlebars test template. by Nest-modules TM</p></body></html>',\n    );\n  });\n\n  it('should compile template with the handlebars adapter with error template path', async () => {\n    let templatePath = pathJoin(template_path, '/handlebars-templates');\n    try {\n      let lastMail: MailMessage;\n      const send = spyOnSmtpSend((mail: MailMessage) => {\n        lastMail = mail;\n      });\n\n      const service = await getMailerServiceForOptions({\n        transport: new SMTPTransport({}),\n        template: {\n          adapter: new HandlebarsAdapter(),\n        },\n      });\n\n      await service.sendMail({\n        from: 'user1@example.test',\n        to: 'user2@example.test',\n        subject: 'Test',\n        template: `${templatePath}`,\n        context: {\n          MAILER: 'Nest-modules TM',\n        },\n      });\n\n      expect(send).toHaveBeenCalled();\n    } catch (error) {\n      expect(error.message).toBe(\n        `Error: ENOENT: no such file or directory, open '${templatePath}.hbs'`,\n      );\n    }\n  });\n\n  it('should compile template with the handlebars adapter with disabled inline-css', async () => {\n    let lastMail: MailMessage;\n    const send = spyOnSmtpSend((mail: MailMessage) => {\n      lastMail = mail;\n    });\n\n    /*{\n      myHelper: (context, value) => {\n        console.log(context, value);\n      },\n    }*/\n\n    const service = await getMailerServiceForOptions({\n      transport: new SMTPTransport({}),\n      template: {\n        adapter: new HandlebarsAdapter(undefined, { inlineCssEnabled: false }),\n      },\n    });\n\n    await service.sendMail({\n      from: 'user1@example.test',\n      to: 'user2@example.test',\n      subject: 'Test',\n      template: `${template_path}/handlebars-template-media-query`,\n      context: {\n        MAILER: 'Nest-modules TM',\n      },\n    });\n\n    expect(send).toHaveBeenCalled();\n    expect(lastMail.data.from).toBe('user1@example.test');\n    expect(lastMail.data.html).toContain('@media only screen and (max-width:350px)');\n    expect(lastMail.data.html).toContain('<p>Handlebars test template. by Nest-modules TM</p>');\n  });\n\n  it('should compile template with the handlebars adapter with enabled inline-css and media query', async () => {\n    let lastMail: MailMessage;\n    const send = spyOnSmtpSend((mail: MailMessage) => {\n      lastMail = mail;\n    });\n\n    const service = await getMailerServiceForOptions({\n      transport: new SMTPTransport({}),\n      template: {\n        adapter: new HandlebarsAdapter(undefined, {\n          inlineCssEnabled: true,\n          inlineCssOptions: { url: ' ', preserveMediaQueries: true },\n        }),\n      },\n    });\n\n    await service.sendMail({\n      from: 'user1@example.test',\n      to: 'user2@example.test',\n      subject: 'Test',\n      template: `${template_path}/handlebars-template-media-query`,\n      context: {\n        MAILER: 'Nest-modules TM',\n      },\n    });\n\n    expect(send).toHaveBeenCalled();\n    expect(lastMail.data.from).toBe('user1@example.test');\n    expect(lastMail.data.html).toContain('@media only screen and (max-width:350px)');\n    expect(lastMail.data.html).toContain('<p>Handlebars test template. by Nest-modules TM</p>');\n  });\n\n  it('should compile template with the pug adapter', async () => {\n    let lastMail: MailMessage;\n    const send = spyOnSmtpSend((mail: MailMessage) => {\n      lastMail = mail;\n    });\n\n    const service = await getMailerServiceForOptions({\n      transport: new SMTPTransport({}),\n      template: {\n        adapter: new PugAdapter(),\n      },\n    });\n\n    await service.sendMail({\n      from: 'user1@example.test',\n      to: 'user2@example.test',\n      subject: 'Test',\n      template: `${template_path}/pug-template`,\n      context: {\n        world: 'World',\n      },\n    });\n\n    expect(send).toHaveBeenCalled();\n    expect(lastMail.data.from).toBe('user1@example.test');\n    expect(lastMail.data.html).toBe(\n      '<html><head></head><body><p>Pug test template.</p><p>Hello World!</p></body></html>',\n    );\n  });\n\n  it('should compile template with the pug adapter with relative path', async () => {\n    let lastMail: MailMessage;\n    const send = spyOnSmtpSend((mail: MailMessage) => {\n      lastMail = mail;\n    });\n\n    const service = await getMailerServiceForOptions({\n      transport: new SMTPTransport({}),\n      template: {\n        adapter: new PugAdapter(),\n        dir: template_path,\n      },\n    });\n\n    await service.sendMail({\n      from: 'user1@example.test',\n      to: 'user2@example.test',\n      subject: 'Test',\n      template: `./pug-template`,\n      context: {\n        world: 'World',\n      },\n    });\n\n    expect(send).toHaveBeenCalled();\n    expect(lastMail.data.from).toBe('user1@example.test');\n    expect(lastMail.data.html).toBe(\n      '<html><head></head><body><p>Pug test template.</p><p>Hello World!</p></body></html>',\n    );\n  });\n\n  it('should compile template with the pug adapter with error to read template', async () => {\n    let templatePath = pathJoin(template_path, '/pug-templates');\n\n    try {\n      let lastMail: MailMessage;\n      const send = spyOnSmtpSend((mail: MailMessage) => {\n        lastMail = mail;\n      });\n\n      const service = await getMailerServiceForOptions({\n        transport: new SMTPTransport({}),\n        template: {\n          adapter: new PugAdapter(),\n        },\n      });\n\n      await service.sendMail({\n        from: 'user1@example.test',\n        to: 'user2@example.test',\n        subject: 'Test',\n        template: `${templatePath}`,\n        context: {\n          world: 'World',\n        },\n      });\n\n      expect(send).toHaveBeenCalled();\n    } catch (error) {\n      expect(error.message).toBe(`ENOENT: no such file or directory, open '${templatePath}.pug'`);\n    }\n  });\n\n  it('should compile template with the pug adapter without inline css', async () => {\n    let lastMail: MailMessage;\n    const send = spyOnSmtpSend((mail: MailMessage) => {\n      lastMail = mail;\n    });\n\n    const service = await getMailerServiceForOptions({\n      transport: new SMTPTransport({}),\n      template: {\n        adapter: new PugAdapter({\n          inlineCssEnabled: false,\n        }),\n      },\n    });\n\n    await service.sendMail({\n      from: 'user1@example.test',\n      to: 'user2@example.test',\n      subject: 'Test',\n      template: `${template_path}/pug-template`,\n      context: {\n        world: 'World',\n      },\n    });\n\n    expect(send).toHaveBeenCalled();\n    expect(lastMail.data.from).toBe('user1@example.test');\n    expect(lastMail.data.html).toBe('<p>Pug test template.</p><p>Hello World!</p>');\n  });\n\n  it('should compile template with the ejs adapter', async () => {\n    let lastMail: MailMessage;\n    const send = spyOnSmtpSend((mail: MailMessage) => {\n      lastMail = mail;\n    });\n\n    const service = await getMailerServiceForOptions({\n      transport: new SMTPTransport({}),\n      template: {\n        adapter: new EjsAdapter(),\n      },\n    });\n\n    await service.sendMail({\n      from: 'user1@example.test',\n      to: 'user2@example.test',\n      subject: 'Test',\n      template: `${template_path}/ejs-template`,\n      context: {\n        MAILER: 'Nest-modules TM',\n      },\n    });\n\n    expect(send).toHaveBeenCalled();\n    expect(lastMail.data.from).toBe('user1@example.test');\n    expect(lastMail.data.html).toBe('<p>Ejs test template. by Nest-modules TM</p>');\n  });\n\n  it('should compile template with the ejs adapter with error to read template', async () => {\n    let templatePath = pathJoin(template_path, '/ejs-templates');\n    try {\n      let lastMail: MailMessage;\n      const send = spyOnSmtpSend((mail: MailMessage) => {\n        lastMail = mail;\n      });\n\n      const service = await getMailerServiceForOptions({\n        transport: new SMTPTransport({}),\n        template: {\n          adapter: new EjsAdapter(),\n        },\n      });\n\n      await service.sendMail({\n        from: 'user1@example.test',\n        to: 'user2@example.test',\n        subject: 'Test',\n        template: `${templatePath}`,\n        context: {\n          MAILER: 'Nest-modules TM',\n        },\n      });\n\n      expect(send).toHaveBeenCalled();\n    } catch (error) {\n      expect(error.message).toBe(\n        `Error: ENOENT: no such file or directory, open '${templatePath}.ejs'`,\n      );\n    }\n  });\n\n  it('should compile template with the ejs adapter read template relative url', async () => {\n    let lastMail: MailMessage;\n    const send = spyOnSmtpSend((mail: MailMessage) => {\n      lastMail = mail;\n    });\n\n    const service = await getMailerServiceForOptions({\n      transport: new SMTPTransport({}),\n      template: {\n        dir: template_path,\n        adapter: new EjsAdapter(),\n      },\n    });\n\n    await service.sendMail({\n      from: 'user1@example.test',\n      to: 'user2@example.test',\n      subject: 'Test',\n      template: `./ejs-template`,\n      context: {\n        MAILER: 'Nest-modules TM',\n      },\n    });\n\n    expect(send).toHaveBeenCalled();\n    expect(lastMail.data.from).toBe('user1@example.test');\n    expect(lastMail.data.html).toBe('<p>Ejs test template. by Nest-modules TM</p>');\n  });\n\n  it('should compile template with the ejs adapter without css inline', async () => {\n    let lastMail: MailMessage;\n    const send = spyOnSmtpSend((mail: MailMessage) => {\n      lastMail = mail;\n    });\n\n    const service = await getMailerServiceForOptions({\n      transport: new SMTPTransport({}),\n      template: {\n        adapter: new EjsAdapter({\n          inlineCssEnabled: false,\n        }),\n      },\n    });\n\n    await service.sendMail({\n      from: 'user1@example.test',\n      to: 'user2@example.test',\n      subject: 'Test',\n      template: `${template_path}/ejs-template`,\n      context: {\n        MAILER: 'Nest-modules TM',\n      },\n    });\n\n    expect(send).toHaveBeenCalled();\n    expect(lastMail.data.from).toBe('user1@example.test');\n    expect(lastMail.data.html).toBe('<p>Ejs test template. by Nest-modules TM</p>');\n  });\n\n  it('should compile template with the ejs adapter with css inline', async () => {\n    let lastMail: MailMessage;\n    const send = spyOnSmtpSend((mail: MailMessage) => {\n      lastMail = mail;\n    });\n\n    const service = await getMailerServiceForOptions({\n      transport: new SMTPTransport({}),\n      template: {\n        adapter: new EjsAdapter({\n          inlineCssEnabled: true,\n        }),\n      },\n    });\n\n    await service.sendMail({\n      from: 'user1@example.test',\n      to: 'user2@example.test',\n      subject: 'Test',\n      template: `${template_path}/ejs-template`,\n      context: {\n        MAILER: 'Nest-modules TM',\n      },\n    });\n\n    expect(send).toHaveBeenCalled();\n    expect(lastMail.data.from).toBe('user1@example.test');\n    expect(lastMail.data.html).toBe(\n      '<html><head></head><body><p>Ejs test template. by Nest-modules TM</p></body></html>',\n    );\n  });\n});\n",
              "err": {},
              "uuid": "e695f930-7000-4d17-80f8-aca15c4f25b5",
              "parentUUID": "aad9355c-c484-4780-8e64-e6cfe2e8dffd",
              "isHook": false,
              "skipped": false
            },
            {
              "fullTitle": "MailerService > should accept a smtp transports string",
              "title": "MailerService > should accept a smtp transports string",
              "timedOut": false,
              "duration": 3,
              "state": "passed",
              "speed": "fast",
              "pass": true,
              "fail": false,
              "pending": false,
              "context": null,
              "code": "import { Test, TestingModule } from '@nestjs/testing';\nimport { pathJoin } from '@tresdoce-nestjs-toolkit/test-utils';\nimport * as nodemailerMock from 'nodemailer-mock';\nimport MailMessage from 'nodemailer/lib/mailer/mail-message';\nimport SMTPTransport from 'nodemailer/lib/smtp-transport';\n\nimport { MAILER_OPTIONS, MAILER_TRANSPORT_FACTORY } from '../mailer/constants/mailer.constant';\n\nimport { MailerOptions, TransportType } from '../mailer/interfaces/mailer-options.interface';\nimport { MailerTransportFactory } from '../mailer/interfaces/mailer-transport-factory.interface';\n\nimport { HandlebarsAdapter } from '../mailer/adapters/handlebars.adapter';\nimport { PugAdapter } from '../mailer/adapters/pug.adapter';\nimport { EjsAdapter } from '../mailer/adapters/ejs.adapter';\n\nimport { MailerService } from '../mailer/services/mailer.service';\n\nconst template_path = pathJoin(__dirname, 'utils/test-templates');\n\nasync function getMailerServiceForOptions(options: MailerOptions): Promise<MailerService> {\n  const module: TestingModule = await Test.createTestingModule({\n    providers: [\n      {\n        name: MAILER_OPTIONS,\n        provide: MAILER_OPTIONS,\n        useValue: options,\n      },\n      MailerService,\n    ],\n  }).compile();\n\n  return module.get<MailerService>(MailerService);\n}\n\nfunction spyOnSmtpSend(onMail: (mail: MailMessage) => void) {\n  return jest\n    .spyOn(SMTPTransport.prototype, 'send')\n    .mockImplementation(function (\n      mail: MailMessage,\n      callback: (err: Error | null, info: SMTPTransport.SentMessageInfo) => void,\n    ): void {\n      onMail(mail);\n      callback(null, {\n        envelope: {\n          from: mail.data.from as string,\n          to: [mail.data.to as string],\n        },\n        messageId: 'ABCD',\n        accepted: [],\n        rejected: [],\n        pending: [],\n        response: 'ok',\n      });\n    });\n}\n\nasync function getMailerServiceWithCustomTransport(options: MailerOptions): Promise<MailerService> {\n  class TestTransportFactory implements MailerTransportFactory {\n    createTransport(options?: TransportType): any {\n      return nodemailerMock.createTransport({ host: 'localhost', port: -100 });\n    }\n  }\n\n  const module: TestingModule = await Test.createTestingModule({\n    providers: [\n      {\n        name: MAILER_OPTIONS,\n        provide: MAILER_OPTIONS,\n        useValue: options,\n      },\n      {\n        name: MAILER_TRANSPORT_FACTORY,\n        provide: MAILER_TRANSPORT_FACTORY,\n        useClass: TestTransportFactory,\n      },\n      MailerService,\n    ],\n  }).compile();\n  await module.init();\n\n  return module.get<MailerService>(MailerService);\n}\n\njest.setTimeout(70000);\ndescribe('MailerService', () => {\n  it('should not be defined if a transport is not provided', async () => {\n    await expect(getMailerServiceForOptions({})).rejects.toMatchInlineSnapshot(\n      `[Error: Make sure to provide a nodemailer transport configuration object, connection url or a transport plugin instance.]`,\n    );\n  });\n\n  it('should accept a smtp transport string', async () => {\n    const service = await getMailerServiceForOptions({\n      transport: 'smtps://user@domain.com:pass@smtp.domain.com',\n    });\n\n    expect(service).toBeDefined();\n    expect((service as any).transporter.transporter).toBeInstanceOf(SMTPTransport);\n  });\n\n  it('should accept a smtp transports string', async () => {\n    const service = await getMailerServiceForOptions({\n      transports: {\n        myDomain: 'smtps://user@domain.com:pass@smtp.domain.com',\n      },\n    });\n\n    expect(service).toBeDefined();\n    (service as any).transporters.forEach((value, key) => {\n      expect(value.transporter).toBeInstanceOf(SMTPTransport);\n    });\n  });\n\n  it('should accept smtp transport options', async () => {\n    const service = await getMailerServiceForOptions({\n      transport: {\n        secure: true,\n        requireTLS: true,\n        auth: {\n          user: 'user@domain.com',\n          pass: 'pass',\n        },\n        options: {\n          host: 'smtp.domain.com',\n        },\n      },\n    });\n\n    expect(service).toBeDefined();\n    expect((service as any).transporter.transporter).toBeInstanceOf(SMTPTransport);\n  });\n\n  it('should accept a smtp transport instance', async () => {\n    const transport = new SMTPTransport({});\n    const service = await getMailerServiceForOptions({\n      transport: transport,\n    });\n\n    expect(service).toBeDefined();\n    expect((service as any).transporter.transporter).toBe(transport);\n  });\n\n  it('should send emails with nodemailer', async () => {\n    let lastMail: MailMessage;\n    const send = spyOnSmtpSend((mail: MailMessage) => {\n      lastMail = mail;\n    });\n\n    const service = await getMailerServiceForOptions({\n      transport: 'smtps://user@domain.com:pass@smtp.domain.com',\n    });\n\n    await service.sendMail({\n      from: 'user1@example.test',\n      to: 'user2@example.test',\n      subject: 'Test',\n      html: 'This is test.',\n    });\n\n    expect(send).toHaveBeenCalled();\n    expect(lastMail.data.from).toBe('user1@example.test');\n    expect(lastMail.data.to).toBe('user2@example.test');\n    expect(lastMail.data.subject).toBe('Test');\n    expect(lastMail.data.html).toBe('This is test.');\n  });\n\n  it('should send emails with nodemailer transports', async () => {\n    let lastMail: MailMessage;\n    const send = spyOnSmtpSend((mail: MailMessage) => {\n      lastMail = mail;\n    });\n\n    const service = await getMailerServiceForOptions({\n      transports: {\n        myDomain: 'smtps://user@domain.com:pass@smtp.domain.com',\n      },\n    });\n\n    await service.sendMail({\n      transporterName: 'myDomain',\n      from: 'user1@example.test',\n      to: 'user2@example.test',\n      subject: 'Test',\n      html: 'This is test.',\n    });\n\n    expect(send).toHaveBeenCalled();\n    expect(lastMail.data.from).toBe('user1@example.test');\n    expect(lastMail.data.to).toBe('user2@example.test');\n    expect(lastMail.data.subject).toBe('Test');\n    expect(lastMail.data.html).toBe('This is test.');\n  });\n\n  it('should send emails with nodemailer with different transports name', async () => {\n    try {\n      let lastMail: MailMessage;\n      const send = spyOnSmtpSend((mail: MailMessage) => {\n        lastMail = mail;\n      });\n\n      const service = await getMailerServiceForOptions({\n        transports: {\n          myDomain: 'smtps://user@domain.com:pass@smtp.domain.com',\n        },\n      });\n\n      await service.sendMail({\n        transporterName: 'testDomain',\n        from: 'user1@example.test',\n        to: 'user2@example.test',\n        subject: 'Test',\n        html: 'This is test.',\n      });\n\n      expect(send).toHaveBeenCalled();\n    } catch (error) {\n      expect(error.message).toBe(\"Transporters object doesn't have testDomain key\");\n    }\n  });\n\n  it('should send emails with nodemailer without transports', async () => {\n    try {\n      let lastMail: MailMessage;\n      const send = spyOnSmtpSend((mail: MailMessage) => {\n        lastMail = mail;\n      });\n\n      const service = await getMailerServiceForOptions({\n        transports: {},\n      });\n\n      await service.sendMail({\n        from: 'user1@example.test',\n        to: 'user2@example.test',\n        subject: 'Test',\n        html: 'This is test.',\n      });\n\n      expect(send).toHaveBeenCalled();\n    } catch (error) {\n      expect(error.message).toBe('Transporter object undefined');\n    }\n  });\n\n  it('should use mailerOptions.defaults when send emails', async () => {\n    let lastMail: MailMessage;\n    const send = spyOnSmtpSend((mail: MailMessage) => {\n      lastMail = mail;\n    });\n\n    const service = await getMailerServiceForOptions({\n      transport: 'smtps://user@domain.com:pass@smtp.domain.com',\n      defaults: {\n        from: 'user1@example.test',\n      },\n    });\n\n    await service.sendMail({\n      to: 'user2@example.test',\n      subject: 'Test',\n      html: 'This is test.',\n    });\n\n    expect(send).toHaveBeenCalled();\n    expect(lastMail.data.from).toBe('user1@example.test');\n  });\n\n  it('should use custom transport to send mail', async () => {\n    const service = await getMailerServiceWithCustomTransport({\n      transport: 'smtps://user@domain.com:pass@smtp.domain.com',\n    });\n    await service.sendMail({\n      to: 'user2@example.test',\n      subject: 'Test',\n      html: 'This is test.',\n    });\n\n    expect(nodemailerMock.mock.getSentMail().length).toEqual(1);\n  });\n\n  it('should compile template with the handlebars adapter', async () => {\n    let lastMail: MailMessage;\n    const send = spyOnSmtpSend((mail: MailMessage) => {\n      lastMail = mail;\n    });\n\n    const service = await getMailerServiceForOptions({\n      transport: new SMTPTransport({}),\n      template: {\n        adapter: new HandlebarsAdapter(),\n      },\n    });\n\n    await service.sendMail({\n      from: 'user1@example.test',\n      to: 'user2@example.test',\n      subject: 'Test',\n      template: `${template_path}/handlebars-template`,\n      context: {\n        MAILER: 'Nest-modules TM',\n      },\n    });\n\n    expect(send).toHaveBeenCalled();\n    expect(lastMail.data.from).toBe('user1@example.test');\n    expect(lastMail.data.html).toBe(\n      '<html><head></head><body><p>Handlebars test template. by Nest-modules TM</p></body></html>',\n    );\n  });\n\n  it('should compile template with the handlebars adapter with relative path', async () => {\n    let lastMail: MailMessage;\n    const send = spyOnSmtpSend((mail: MailMessage) => {\n      lastMail = mail;\n    });\n\n    const service = await getMailerServiceForOptions({\n      transport: new SMTPTransport({}),\n      template: {\n        adapter: new HandlebarsAdapter(),\n        dir: `${template_path}`,\n      },\n      options: {\n        strict: true,\n        partials: {\n          dir: `${template_path}`,\n        },\n      },\n    });\n\n    await service.sendMail({\n      from: 'user1@example.test',\n      to: 'user2@example.test',\n      subject: 'Test',\n      template: `./handlebars-template`,\n      context: {\n        MAILER: 'Nest-modules TM',\n      },\n    });\n\n    expect(send).toHaveBeenCalled();\n    expect(lastMail.data.from).toBe('user1@example.test');\n    expect(lastMail.data.html).toBe(\n      '<html><head></head><body><p>Handlebars test template. by Nest-modules TM</p></body></html>',\n    );\n  });\n\n  it('should compile template with the handlebars adapter with error template path', async () => {\n    let templatePath = pathJoin(template_path, '/handlebars-templates');\n    try {\n      let lastMail: MailMessage;\n      const send = spyOnSmtpSend((mail: MailMessage) => {\n        lastMail = mail;\n      });\n\n      const service = await getMailerServiceForOptions({\n        transport: new SMTPTransport({}),\n        template: {\n          adapter: new HandlebarsAdapter(),\n        },\n      });\n\n      await service.sendMail({\n        from: 'user1@example.test',\n        to: 'user2@example.test',\n        subject: 'Test',\n        template: `${templatePath}`,\n        context: {\n          MAILER: 'Nest-modules TM',\n        },\n      });\n\n      expect(send).toHaveBeenCalled();\n    } catch (error) {\n      expect(error.message).toBe(\n        `Error: ENOENT: no such file or directory, open '${templatePath}.hbs'`,\n      );\n    }\n  });\n\n  it('should compile template with the handlebars adapter with disabled inline-css', async () => {\n    let lastMail: MailMessage;\n    const send = spyOnSmtpSend((mail: MailMessage) => {\n      lastMail = mail;\n    });\n\n    /*{\n      myHelper: (context, value) => {\n        console.log(context, value);\n      },\n    }*/\n\n    const service = await getMailerServiceForOptions({\n      transport: new SMTPTransport({}),\n      template: {\n        adapter: new HandlebarsAdapter(undefined, { inlineCssEnabled: false }),\n      },\n    });\n\n    await service.sendMail({\n      from: 'user1@example.test',\n      to: 'user2@example.test',\n      subject: 'Test',\n      template: `${template_path}/handlebars-template-media-query`,\n      context: {\n        MAILER: 'Nest-modules TM',\n      },\n    });\n\n    expect(send).toHaveBeenCalled();\n    expect(lastMail.data.from).toBe('user1@example.test');\n    expect(lastMail.data.html).toContain('@media only screen and (max-width:350px)');\n    expect(lastMail.data.html).toContain('<p>Handlebars test template. by Nest-modules TM</p>');\n  });\n\n  it('should compile template with the handlebars adapter with enabled inline-css and media query', async () => {\n    let lastMail: MailMessage;\n    const send = spyOnSmtpSend((mail: MailMessage) => {\n      lastMail = mail;\n    });\n\n    const service = await getMailerServiceForOptions({\n      transport: new SMTPTransport({}),\n      template: {\n        adapter: new HandlebarsAdapter(undefined, {\n          inlineCssEnabled: true,\n          inlineCssOptions: { url: ' ', preserveMediaQueries: true },\n        }),\n      },\n    });\n\n    await service.sendMail({\n      from: 'user1@example.test',\n      to: 'user2@example.test',\n      subject: 'Test',\n      template: `${template_path}/handlebars-template-media-query`,\n      context: {\n        MAILER: 'Nest-modules TM',\n      },\n    });\n\n    expect(send).toHaveBeenCalled();\n    expect(lastMail.data.from).toBe('user1@example.test');\n    expect(lastMail.data.html).toContain('@media only screen and (max-width:350px)');\n    expect(lastMail.data.html).toContain('<p>Handlebars test template. by Nest-modules TM</p>');\n  });\n\n  it('should compile template with the pug adapter', async () => {\n    let lastMail: MailMessage;\n    const send = spyOnSmtpSend((mail: MailMessage) => {\n      lastMail = mail;\n    });\n\n    const service = await getMailerServiceForOptions({\n      transport: new SMTPTransport({}),\n      template: {\n        adapter: new PugAdapter(),\n      },\n    });\n\n    await service.sendMail({\n      from: 'user1@example.test',\n      to: 'user2@example.test',\n      subject: 'Test',\n      template: `${template_path}/pug-template`,\n      context: {\n        world: 'World',\n      },\n    });\n\n    expect(send).toHaveBeenCalled();\n    expect(lastMail.data.from).toBe('user1@example.test');\n    expect(lastMail.data.html).toBe(\n      '<html><head></head><body><p>Pug test template.</p><p>Hello World!</p></body></html>',\n    );\n  });\n\n  it('should compile template with the pug adapter with relative path', async () => {\n    let lastMail: MailMessage;\n    const send = spyOnSmtpSend((mail: MailMessage) => {\n      lastMail = mail;\n    });\n\n    const service = await getMailerServiceForOptions({\n      transport: new SMTPTransport({}),\n      template: {\n        adapter: new PugAdapter(),\n        dir: template_path,\n      },\n    });\n\n    await service.sendMail({\n      from: 'user1@example.test',\n      to: 'user2@example.test',\n      subject: 'Test',\n      template: `./pug-template`,\n      context: {\n        world: 'World',\n      },\n    });\n\n    expect(send).toHaveBeenCalled();\n    expect(lastMail.data.from).toBe('user1@example.test');\n    expect(lastMail.data.html).toBe(\n      '<html><head></head><body><p>Pug test template.</p><p>Hello World!</p></body></html>',\n    );\n  });\n\n  it('should compile template with the pug adapter with error to read template', async () => {\n    let templatePath = pathJoin(template_path, '/pug-templates');\n\n    try {\n      let lastMail: MailMessage;\n      const send = spyOnSmtpSend((mail: MailMessage) => {\n        lastMail = mail;\n      });\n\n      const service = await getMailerServiceForOptions({\n        transport: new SMTPTransport({}),\n        template: {\n          adapter: new PugAdapter(),\n        },\n      });\n\n      await service.sendMail({\n        from: 'user1@example.test',\n        to: 'user2@example.test',\n        subject: 'Test',\n        template: `${templatePath}`,\n        context: {\n          world: 'World',\n        },\n      });\n\n      expect(send).toHaveBeenCalled();\n    } catch (error) {\n      expect(error.message).toBe(`ENOENT: no such file or directory, open '${templatePath}.pug'`);\n    }\n  });\n\n  it('should compile template with the pug adapter without inline css', async () => {\n    let lastMail: MailMessage;\n    const send = spyOnSmtpSend((mail: MailMessage) => {\n      lastMail = mail;\n    });\n\n    const service = await getMailerServiceForOptions({\n      transport: new SMTPTransport({}),\n      template: {\n        adapter: new PugAdapter({\n          inlineCssEnabled: false,\n        }),\n      },\n    });\n\n    await service.sendMail({\n      from: 'user1@example.test',\n      to: 'user2@example.test',\n      subject: 'Test',\n      template: `${template_path}/pug-template`,\n      context: {\n        world: 'World',\n      },\n    });\n\n    expect(send).toHaveBeenCalled();\n    expect(lastMail.data.from).toBe('user1@example.test');\n    expect(lastMail.data.html).toBe('<p>Pug test template.</p><p>Hello World!</p>');\n  });\n\n  it('should compile template with the ejs adapter', async () => {\n    let lastMail: MailMessage;\n    const send = spyOnSmtpSend((mail: MailMessage) => {\n      lastMail = mail;\n    });\n\n    const service = await getMailerServiceForOptions({\n      transport: new SMTPTransport({}),\n      template: {\n        adapter: new EjsAdapter(),\n      },\n    });\n\n    await service.sendMail({\n      from: 'user1@example.test',\n      to: 'user2@example.test',\n      subject: 'Test',\n      template: `${template_path}/ejs-template`,\n      context: {\n        MAILER: 'Nest-modules TM',\n      },\n    });\n\n    expect(send).toHaveBeenCalled();\n    expect(lastMail.data.from).toBe('user1@example.test');\n    expect(lastMail.data.html).toBe('<p>Ejs test template. by Nest-modules TM</p>');\n  });\n\n  it('should compile template with the ejs adapter with error to read template', async () => {\n    let templatePath = pathJoin(template_path, '/ejs-templates');\n    try {\n      let lastMail: MailMessage;\n      const send = spyOnSmtpSend((mail: MailMessage) => {\n        lastMail = mail;\n      });\n\n      const service = await getMailerServiceForOptions({\n        transport: new SMTPTransport({}),\n        template: {\n          adapter: new EjsAdapter(),\n        },\n      });\n\n      await service.sendMail({\n        from: 'user1@example.test',\n        to: 'user2@example.test',\n        subject: 'Test',\n        template: `${templatePath}`,\n        context: {\n          MAILER: 'Nest-modules TM',\n        },\n      });\n\n      expect(send).toHaveBeenCalled();\n    } catch (error) {\n      expect(error.message).toBe(\n        `Error: ENOENT: no such file or directory, open '${templatePath}.ejs'`,\n      );\n    }\n  });\n\n  it('should compile template with the ejs adapter read template relative url', async () => {\n    let lastMail: MailMessage;\n    const send = spyOnSmtpSend((mail: MailMessage) => {\n      lastMail = mail;\n    });\n\n    const service = await getMailerServiceForOptions({\n      transport: new SMTPTransport({}),\n      template: {\n        dir: template_path,\n        adapter: new EjsAdapter(),\n      },\n    });\n\n    await service.sendMail({\n      from: 'user1@example.test',\n      to: 'user2@example.test',\n      subject: 'Test',\n      template: `./ejs-template`,\n      context: {\n        MAILER: 'Nest-modules TM',\n      },\n    });\n\n    expect(send).toHaveBeenCalled();\n    expect(lastMail.data.from).toBe('user1@example.test');\n    expect(lastMail.data.html).toBe('<p>Ejs test template. by Nest-modules TM</p>');\n  });\n\n  it('should compile template with the ejs adapter without css inline', async () => {\n    let lastMail: MailMessage;\n    const send = spyOnSmtpSend((mail: MailMessage) => {\n      lastMail = mail;\n    });\n\n    const service = await getMailerServiceForOptions({\n      transport: new SMTPTransport({}),\n      template: {\n        adapter: new EjsAdapter({\n          inlineCssEnabled: false,\n        }),\n      },\n    });\n\n    await service.sendMail({\n      from: 'user1@example.test',\n      to: 'user2@example.test',\n      subject: 'Test',\n      template: `${template_path}/ejs-template`,\n      context: {\n        MAILER: 'Nest-modules TM',\n      },\n    });\n\n    expect(send).toHaveBeenCalled();\n    expect(lastMail.data.from).toBe('user1@example.test');\n    expect(lastMail.data.html).toBe('<p>Ejs test template. by Nest-modules TM</p>');\n  });\n\n  it('should compile template with the ejs adapter with css inline', async () => {\n    let lastMail: MailMessage;\n    const send = spyOnSmtpSend((mail: MailMessage) => {\n      lastMail = mail;\n    });\n\n    const service = await getMailerServiceForOptions({\n      transport: new SMTPTransport({}),\n      template: {\n        adapter: new EjsAdapter({\n          inlineCssEnabled: true,\n        }),\n      },\n    });\n\n    await service.sendMail({\n      from: 'user1@example.test',\n      to: 'user2@example.test',\n      subject: 'Test',\n      template: `${template_path}/ejs-template`,\n      context: {\n        MAILER: 'Nest-modules TM',\n      },\n    });\n\n    expect(send).toHaveBeenCalled();\n    expect(lastMail.data.from).toBe('user1@example.test');\n    expect(lastMail.data.html).toBe(\n      '<html><head></head><body><p>Ejs test template. by Nest-modules TM</p></body></html>',\n    );\n  });\n});\n",
              "err": {},
              "uuid": "6d33d8a1-2e7a-429c-88e3-285c0c05666d",
              "parentUUID": "aad9355c-c484-4780-8e64-e6cfe2e8dffd",
              "isHook": false,
              "skipped": false
            },
            {
              "fullTitle": "MailerService > should accept smtp transport options",
              "title": "MailerService > should accept smtp transport options",
              "timedOut": false,
              "duration": 2,
              "state": "passed",
              "speed": "fast",
              "pass": true,
              "fail": false,
              "pending": false,
              "context": null,
              "code": "import { Test, TestingModule } from '@nestjs/testing';\nimport { pathJoin } from '@tresdoce-nestjs-toolkit/test-utils';\nimport * as nodemailerMock from 'nodemailer-mock';\nimport MailMessage from 'nodemailer/lib/mailer/mail-message';\nimport SMTPTransport from 'nodemailer/lib/smtp-transport';\n\nimport { MAILER_OPTIONS, MAILER_TRANSPORT_FACTORY } from '../mailer/constants/mailer.constant';\n\nimport { MailerOptions, TransportType } from '../mailer/interfaces/mailer-options.interface';\nimport { MailerTransportFactory } from '../mailer/interfaces/mailer-transport-factory.interface';\n\nimport { HandlebarsAdapter } from '../mailer/adapters/handlebars.adapter';\nimport { PugAdapter } from '../mailer/adapters/pug.adapter';\nimport { EjsAdapter } from '../mailer/adapters/ejs.adapter';\n\nimport { MailerService } from '../mailer/services/mailer.service';\n\nconst template_path = pathJoin(__dirname, 'utils/test-templates');\n\nasync function getMailerServiceForOptions(options: MailerOptions): Promise<MailerService> {\n  const module: TestingModule = await Test.createTestingModule({\n    providers: [\n      {\n        name: MAILER_OPTIONS,\n        provide: MAILER_OPTIONS,\n        useValue: options,\n      },\n      MailerService,\n    ],\n  }).compile();\n\n  return module.get<MailerService>(MailerService);\n}\n\nfunction spyOnSmtpSend(onMail: (mail: MailMessage) => void) {\n  return jest\n    .spyOn(SMTPTransport.prototype, 'send')\n    .mockImplementation(function (\n      mail: MailMessage,\n      callback: (err: Error | null, info: SMTPTransport.SentMessageInfo) => void,\n    ): void {\n      onMail(mail);\n      callback(null, {\n        envelope: {\n          from: mail.data.from as string,\n          to: [mail.data.to as string],\n        },\n        messageId: 'ABCD',\n        accepted: [],\n        rejected: [],\n        pending: [],\n        response: 'ok',\n      });\n    });\n}\n\nasync function getMailerServiceWithCustomTransport(options: MailerOptions): Promise<MailerService> {\n  class TestTransportFactory implements MailerTransportFactory {\n    createTransport(options?: TransportType): any {\n      return nodemailerMock.createTransport({ host: 'localhost', port: -100 });\n    }\n  }\n\n  const module: TestingModule = await Test.createTestingModule({\n    providers: [\n      {\n        name: MAILER_OPTIONS,\n        provide: MAILER_OPTIONS,\n        useValue: options,\n      },\n      {\n        name: MAILER_TRANSPORT_FACTORY,\n        provide: MAILER_TRANSPORT_FACTORY,\n        useClass: TestTransportFactory,\n      },\n      MailerService,\n    ],\n  }).compile();\n  await module.init();\n\n  return module.get<MailerService>(MailerService);\n}\n\njest.setTimeout(70000);\ndescribe('MailerService', () => {\n  it('should not be defined if a transport is not provided', async () => {\n    await expect(getMailerServiceForOptions({})).rejects.toMatchInlineSnapshot(\n      `[Error: Make sure to provide a nodemailer transport configuration object, connection url or a transport plugin instance.]`,\n    );\n  });\n\n  it('should accept a smtp transport string', async () => {\n    const service = await getMailerServiceForOptions({\n      transport: 'smtps://user@domain.com:pass@smtp.domain.com',\n    });\n\n    expect(service).toBeDefined();\n    expect((service as any).transporter.transporter).toBeInstanceOf(SMTPTransport);\n  });\n\n  it('should accept a smtp transports string', async () => {\n    const service = await getMailerServiceForOptions({\n      transports: {\n        myDomain: 'smtps://user@domain.com:pass@smtp.domain.com',\n      },\n    });\n\n    expect(service).toBeDefined();\n    (service as any).transporters.forEach((value, key) => {\n      expect(value.transporter).toBeInstanceOf(SMTPTransport);\n    });\n  });\n\n  it('should accept smtp transport options', async () => {\n    const service = await getMailerServiceForOptions({\n      transport: {\n        secure: true,\n        requireTLS: true,\n        auth: {\n          user: 'user@domain.com',\n          pass: 'pass',\n        },\n        options: {\n          host: 'smtp.domain.com',\n        },\n      },\n    });\n\n    expect(service).toBeDefined();\n    expect((service as any).transporter.transporter).toBeInstanceOf(SMTPTransport);\n  });\n\n  it('should accept a smtp transport instance', async () => {\n    const transport = new SMTPTransport({});\n    const service = await getMailerServiceForOptions({\n      transport: transport,\n    });\n\n    expect(service).toBeDefined();\n    expect((service as any).transporter.transporter).toBe(transport);\n  });\n\n  it('should send emails with nodemailer', async () => {\n    let lastMail: MailMessage;\n    const send = spyOnSmtpSend((mail: MailMessage) => {\n      lastMail = mail;\n    });\n\n    const service = await getMailerServiceForOptions({\n      transport: 'smtps://user@domain.com:pass@smtp.domain.com',\n    });\n\n    await service.sendMail({\n      from: 'user1@example.test',\n      to: 'user2@example.test',\n      subject: 'Test',\n      html: 'This is test.',\n    });\n\n    expect(send).toHaveBeenCalled();\n    expect(lastMail.data.from).toBe('user1@example.test');\n    expect(lastMail.data.to).toBe('user2@example.test');\n    expect(lastMail.data.subject).toBe('Test');\n    expect(lastMail.data.html).toBe('This is test.');\n  });\n\n  it('should send emails with nodemailer transports', async () => {\n    let lastMail: MailMessage;\n    const send = spyOnSmtpSend((mail: MailMessage) => {\n      lastMail = mail;\n    });\n\n    const service = await getMailerServiceForOptions({\n      transports: {\n        myDomain: 'smtps://user@domain.com:pass@smtp.domain.com',\n      },\n    });\n\n    await service.sendMail({\n      transporterName: 'myDomain',\n      from: 'user1@example.test',\n      to: 'user2@example.test',\n      subject: 'Test',\n      html: 'This is test.',\n    });\n\n    expect(send).toHaveBeenCalled();\n    expect(lastMail.data.from).toBe('user1@example.test');\n    expect(lastMail.data.to).toBe('user2@example.test');\n    expect(lastMail.data.subject).toBe('Test');\n    expect(lastMail.data.html).toBe('This is test.');\n  });\n\n  it('should send emails with nodemailer with different transports name', async () => {\n    try {\n      let lastMail: MailMessage;\n      const send = spyOnSmtpSend((mail: MailMessage) => {\n        lastMail = mail;\n      });\n\n      const service = await getMailerServiceForOptions({\n        transports: {\n          myDomain: 'smtps://user@domain.com:pass@smtp.domain.com',\n        },\n      });\n\n      await service.sendMail({\n        transporterName: 'testDomain',\n        from: 'user1@example.test',\n        to: 'user2@example.test',\n        subject: 'Test',\n        html: 'This is test.',\n      });\n\n      expect(send).toHaveBeenCalled();\n    } catch (error) {\n      expect(error.message).toBe(\"Transporters object doesn't have testDomain key\");\n    }\n  });\n\n  it('should send emails with nodemailer without transports', async () => {\n    try {\n      let lastMail: MailMessage;\n      const send = spyOnSmtpSend((mail: MailMessage) => {\n        lastMail = mail;\n      });\n\n      const service = await getMailerServiceForOptions({\n        transports: {},\n      });\n\n      await service.sendMail({\n        from: 'user1@example.test',\n        to: 'user2@example.test',\n        subject: 'Test',\n        html: 'This is test.',\n      });\n\n      expect(send).toHaveBeenCalled();\n    } catch (error) {\n      expect(error.message).toBe('Transporter object undefined');\n    }\n  });\n\n  it('should use mailerOptions.defaults when send emails', async () => {\n    let lastMail: MailMessage;\n    const send = spyOnSmtpSend((mail: MailMessage) => {\n      lastMail = mail;\n    });\n\n    const service = await getMailerServiceForOptions({\n      transport: 'smtps://user@domain.com:pass@smtp.domain.com',\n      defaults: {\n        from: 'user1@example.test',\n      },\n    });\n\n    await service.sendMail({\n      to: 'user2@example.test',\n      subject: 'Test',\n      html: 'This is test.',\n    });\n\n    expect(send).toHaveBeenCalled();\n    expect(lastMail.data.from).toBe('user1@example.test');\n  });\n\n  it('should use custom transport to send mail', async () => {\n    const service = await getMailerServiceWithCustomTransport({\n      transport: 'smtps://user@domain.com:pass@smtp.domain.com',\n    });\n    await service.sendMail({\n      to: 'user2@example.test',\n      subject: 'Test',\n      html: 'This is test.',\n    });\n\n    expect(nodemailerMock.mock.getSentMail().length).toEqual(1);\n  });\n\n  it('should compile template with the handlebars adapter', async () => {\n    let lastMail: MailMessage;\n    const send = spyOnSmtpSend((mail: MailMessage) => {\n      lastMail = mail;\n    });\n\n    const service = await getMailerServiceForOptions({\n      transport: new SMTPTransport({}),\n      template: {\n        adapter: new HandlebarsAdapter(),\n      },\n    });\n\n    await service.sendMail({\n      from: 'user1@example.test',\n      to: 'user2@example.test',\n      subject: 'Test',\n      template: `${template_path}/handlebars-template`,\n      context: {\n        MAILER: 'Nest-modules TM',\n      },\n    });\n\n    expect(send).toHaveBeenCalled();\n    expect(lastMail.data.from).toBe('user1@example.test');\n    expect(lastMail.data.html).toBe(\n      '<html><head></head><body><p>Handlebars test template. by Nest-modules TM</p></body></html>',\n    );\n  });\n\n  it('should compile template with the handlebars adapter with relative path', async () => {\n    let lastMail: MailMessage;\n    const send = spyOnSmtpSend((mail: MailMessage) => {\n      lastMail = mail;\n    });\n\n    const service = await getMailerServiceForOptions({\n      transport: new SMTPTransport({}),\n      template: {\n        adapter: new HandlebarsAdapter(),\n        dir: `${template_path}`,\n      },\n      options: {\n        strict: true,\n        partials: {\n          dir: `${template_path}`,\n        },\n      },\n    });\n\n    await service.sendMail({\n      from: 'user1@example.test',\n      to: 'user2@example.test',\n      subject: 'Test',\n      template: `./handlebars-template`,\n      context: {\n        MAILER: 'Nest-modules TM',\n      },\n    });\n\n    expect(send).toHaveBeenCalled();\n    expect(lastMail.data.from).toBe('user1@example.test');\n    expect(lastMail.data.html).toBe(\n      '<html><head></head><body><p>Handlebars test template. by Nest-modules TM</p></body></html>',\n    );\n  });\n\n  it('should compile template with the handlebars adapter with error template path', async () => {\n    let templatePath = pathJoin(template_path, '/handlebars-templates');\n    try {\n      let lastMail: MailMessage;\n      const send = spyOnSmtpSend((mail: MailMessage) => {\n        lastMail = mail;\n      });\n\n      const service = await getMailerServiceForOptions({\n        transport: new SMTPTransport({}),\n        template: {\n          adapter: new HandlebarsAdapter(),\n        },\n      });\n\n      await service.sendMail({\n        from: 'user1@example.test',\n        to: 'user2@example.test',\n        subject: 'Test',\n        template: `${templatePath}`,\n        context: {\n          MAILER: 'Nest-modules TM',\n        },\n      });\n\n      expect(send).toHaveBeenCalled();\n    } catch (error) {\n      expect(error.message).toBe(\n        `Error: ENOENT: no such file or directory, open '${templatePath}.hbs'`,\n      );\n    }\n  });\n\n  it('should compile template with the handlebars adapter wi
[...]
etSentMail().length).toEqual(1);\n  });\n\n  it('should compile template with the handlebars adapter', async () => {\n    let lastMail: MailMessage;\n    const send = spyOnSmtpSend((mail: MailMessage) => {\n      lastMail = mail;\n    });\n\n    const service = await getMailerServiceForOptions({\n      transport: new SMTPTransport({}),\n      template: {\n        adapter: new HandlebarsAdapter(),\n      },\n    });\n\n    await service.sendMail({\n      from: 'user1@example.test',\n      to: 'user2@example.test',\n      subject: 'Test',\n      template: `${template_path}/handlebars-template`,\n      context: {\n        MAILER: 'Nest-modules TM',\n      },\n    });\n\n    expect(send).toHaveBeenCalled();\n    expect(lastMail.data.from).toBe('user1@example.test');\n    expect(lastMail.data.html).toBe(\n      '<html><head></head><body><p>Handlebars test template. by Nest-modules TM</p></body></html>',\n    );\n  });\n\n  it('should compile template with the handlebars adapter with relative path', async () => {\n    let lastMail: MailMessage;\n    const send = spyOnSmtpSend((mail: MailMessage) => {\n      lastMail = mail;\n    });\n\n    const service = await getMailerServiceForOptions({\n      transport: new SMTPTransport({}),\n      template: {\n        adapter: new HandlebarsAdapter(),\n        dir: `${template_path}`,\n      },\n      options: {\n        strict: true,\n        partials: {\n          dir: `${template_path}`,\n        },\n      },\n    });\n\n    await service.sendMail({\n      from: 'user1@example.test',\n      to: 'user2@example.test',\n      subject: 'Test',\n      template: `./handlebars-template`,\n      context: {\n        MAILER: 'Nest-modules TM',\n      },\n    });\n\n    expect(send).toHaveBeenCalled();\n    expect(lastMail.data.from).toBe('user1@example.test');\n    expect(lastMail.data.html).toBe(\n      '<html><head></head><body><p>Handlebars test template. by Nest-modules TM</p></body></html>',\n    );\n  });\n\n  it('should compile template with the handlebars adapter with error template path', async () => {\n    let templatePath = pathJoin(template_path, '/handlebars-templates');\n    try {\n      let lastMail: MailMessage;\n      const send = spyOnSmtpSend((mail: MailMessage) => {\n        lastMail = mail;\n      });\n\n      const service = await getMailerServiceForOptions({\n        transport: new SMTPTransport({}),\n        template: {\n          adapter: new HandlebarsAdapter(),\n        },\n      });\n\n      await service.sendMail({\n        from: 'user1@example.test',\n        to: 'user2@example.test',\n        subject: 'Test',\n        template: `${templatePath}`,\n        context: {\n          MAILER: 'Nest-modules TM',\n        },\n      });\n\n      expect(send).toHaveBeenCalled();\n    } catch (error) {\n      expect(error.message).toBe(\n        `Error: ENOENT: no such file or directory, open '${templatePath}.hbs'`,\n      );\n    }\n  });\n\n  it('should compile template with the handlebars adapter with disabled inline-css', async () => {\n    let lastMail: MailMessage;\n    const send = spyOnSmtpSend((mail: MailMessage) => {\n      lastMail = mail;\n    });\n\n    /*{\n      myHelper: (context, value) => {\n        console.log(context, value);\n      },\n    }*/\n\n    const service = await getMailerServiceForOptions({\n      transport: new SMTPTransport({}),\n      template: {\n        adapter: new HandlebarsAdapter(undefined, { inlineCssEnabled: false }),\n      },\n    });\n\n    await service.sendMail({\n      from: 'user1@example.test',\n      to: 'user2@example.test',\n      subject: 'Test',\n      template: `${template_path}/handlebars-template-media-query`,\n      context: {\n        MAILER: 'Nest-modules TM',\n      },\n    });\n\n    expect(send).toHaveBeenCalled();\n    expect(lastMail.data.from).toBe('user1@example.test');\n    expect(lastMail.data.html).toContain('@media only screen and (max-width:350px)');\n    expect(lastMail.data.html).toContain('<p>Handlebars test template. by Nest-modules TM</p>');\n  });\n\n  it('should compile template with the handlebars adapter with enabled inline-css and media query', async () => {\n    let lastMail: MailMessage;\n    const send = spyOnSmtpSend((mail: MailMessage) => {\n      lastMail = mail;\n    });\n\n    const service = await getMailerServiceForOptions({\n      transport: new SMTPTransport({}),\n      template: {\n        adapter: new HandlebarsAdapter(undefined, {\n          inlineCssEnabled: true,\n          inlineCssOptions: { url: ' ', preserveMediaQueries: true },\n        }),\n      },\n    });\n\n    await service.sendMail({\n      from: 'user1@example.test',\n      to: 'user2@example.test',\n      subject: 'Test',\n      template: `${template_path}/handlebars-template-media-query`,\n      context: {\n        MAILER: 'Nest-modules TM',\n      },\n    });\n\n    expect(send).toHaveBeenCalled();\n    expect(lastMail.data.from).toBe('user1@example.test');\n    expect(lastMail.data.html).toContain('@media only screen and (max-width:350px)');\n    expect(lastMail.data.html).toContain('<p>Handlebars test template. by Nest-modules TM</p>');\n  });\n\n  it('should compile template with the pug adapter', async () => {\n    let lastMail: MailMessage;\n    const send = spyOnSmtpSend((mail: MailMessage) => {\n      lastMail = mail;\n    });\n\n    const service = await getMailerServiceForOptions({\n      transport: new SMTPTransport({}),\n      template: {\n        adapter: new PugAdapter(),\n      },\n    });\n\n    await service.sendMail({\n      from: 'user1@example.test',\n      to: 'user2@example.test',\n      subject: 'Test',\n      template: `${template_path}/pug-template`,\n      context: {\n        world: 'World',\n      },\n    });\n\n    expect(send).toHaveBeenCalled();\n    expect(lastMail.data.from).toBe('user1@example.test');\n    expect(lastMail.data.html).toBe(\n      '<html><head></head><body><p>Pug test template.</p><p>Hello World!</p></body></html>',\n    );\n  });\n\n  it('should compile template with the pug adapter with relative path', async () => {\n    let lastMail: MailMessage;\n    const send = spyOnSmtpSend((mail: MailMessage) => {\n      lastMail = mail;\n    });\n\n    const service = await getMailerServiceForOptions({\n      transport: new SMTPTransport({}),\n      template: {\n        adapter: new PugAdapter(),\n        dir: template_path,\n      },\n    });\n\n    await service.sendMail({\n      from: 'user1@example.test',\n      to: 'user2@example.test',\n      subject: 'Test',\n      template: `./pug-template`,\n      context: {\n        world: 'World',\n      },\n    });\n\n    expect(send).toHaveBeenCalled();\n    expect(lastMail.data.from).toBe('user1@example.test');\n    expect(lastMail.data.html).toBe(\n      '<html><head></head><body><p>Pug test template.</p><p>Hello World!</p></body></html>',\n    );\n  });\n\n  it('should compile template with the pug adapter with error to read template', async () => {\n    let templatePath = pathJoin(template_path, '/pug-templates');\n\n    try {\n      let lastMail: MailMessage;\n      const send = spyOnSmtpSend((mail: MailMessage) => {\n        lastMail = mail;\n      });\n\n      const service = await getMailerServiceForOptions({\n        transport: new SMTPTransport({}),\n        template: {\n          adapter: new PugAdapter(),\n        },\n      });\n\n      await service.sendMail({\n        from: 'user1@example.test',\n        to: 'user2@example.test',\n        subject: 'Test',\n        template: `${templatePath}`,\n        context: {\n          world: 'World',\n        },\n      });\n\n      expect(send).toHaveBeenCalled();\n    } catch (error) {\n      expect(error.message).toBe(`ENOENT: no such file or directory, open '${templatePath}.pug'`);\n    }\n  });\n\n  it('should compile template with the pug adapter without inline css', async () => {\n    let lastMail: MailMessage;\n    const send = spyOnSmtpSend((mail: MailMessage) => {\n      lastMail = mail;\n    });\n\n    const service = await getMailerServiceForOptions({\n      transport: new SMTPTransport({}),\n      template: {\n        adapter: new PugAdapter({\n          inlineCssEnabled: false,\n        }),\n      },\n    });\n\n    await service.sendMail({\n      from: 'user1@example.test',\n      to: 'user2@example.test',\n      subject: 'Test',\n      template: `${template_path}/pug-template`,\n      context: {\n        world: 'World',\n      },\n    });\n\n    expect(send).toHaveBeenCalled();\n    expect(lastMail.data.from).toBe('user1@example.test');\n    expect(lastMail.data.html).toBe('<p>Pug test template.</p><p>Hello World!</p>');\n  });\n\n  it('should compile template with the ejs adapter', async () => {\n    let lastMail: MailMessage;\n    const send = spyOnSmtpSend((mail: MailMessage) => {\n      lastMail = mail;\n    });\n\n    const service = await getMailerServiceForOptions({\n      transport: new SMTPTransport({}),\n      template: {\n        adapter: new EjsAdapter(),\n      },\n    });\n\n    await service.sendMail({\n      from: 'user1@example.test',\n      to: 'user2@example.test',\n      subject: 'Test',\n      template: `${template_path}/ejs-template`,\n      context: {\n        MAILER: 'Nest-modules TM',\n      },\n    });\n\n    expect(send).toHaveBeenCalled();\n    expect(lastMail.data.from).toBe('user1@example.test');\n    expect(lastMail.data.html).toBe('<p>Ejs test template. by Nest-modules TM</p>');\n  });\n\n  it('should compile template with the ejs adapter with error to read template', async () => {\n    let templatePath = pathJoin(template_path, '/ejs-templates');\n    try {\n      let lastMail: MailMessage;\n      const send = spyOnSmtpSend((mail: MailMessage) => {\n        lastMail = mail;\n      });\n\n      const service = await getMailerServiceForOptions({\n        transport: new SMTPTransport({}),\n        template: {\n          adapter: new EjsAdapter(),\n        },\n      });\n\n      await service.sendMail({\n        from: 'user1@example.test',\n        to: 'user2@example.test',\n        subject: 'Test',\n        template: `${templatePath}`,\n        context: {\n          MAILER: 'Nest-modules TM',\n        },\n      });\n\n      expect(send).toHaveBeenCalled();\n    } catch (error) {\n      expect(error.message).toBe(\n        `Error: ENOENT: no such file or directory, open '${templatePath}.ejs'`,\n      );\n    }\n  });\n\n  it('should compile template with the ejs adapter read template relative url', async () => {\n    let lastMail: MailMessage;\n    const send = spyOnSmtpSend((mail: MailMessage) => {\n      lastMail = mail;\n    });\n\n    const service = await getMailerServiceForOptions({\n      transport: new SMTPTransport({}),\n      template: {\n        dir: template_path,\n        adapter: new EjsAdapter(),\n      },\n    });\n\n    await service.sendMail({\n      from: 'user1@example.test',\n      to: 'user2@example.test',\n      subject: 'Test',\n      template: `./ejs-template`,\n      context: {\n        MAILER: 'Nest-modules TM',\n      },\n    });\n\n    expect(send).toHaveBeenCalled();\n    expect(lastMail.data.from).toBe('user1@example.test');\n    expect(lastMail.data.html).toBe('<p>Ejs test template. by Nest-modules TM</p>');\n  });\n\n  it('should compile template with the ejs adapter without css inline', async () => {\n    let lastMail: MailMessage;\n    const send = spyOnSmtpSend((mail: MailMessage) => {\n      lastMail = mail;\n    });\n\n    const service = await getMailerServiceForOptions({\n      transport: new SMTPTransport({}),\n      template: {\n        adapter: new EjsAdapter({\n          inlineCssEnabled: false,\n        }),\n      },\n    });\n\n    await service.sendMail({\n      from: 'user1@example.test',\n      to: 'user2@example.test',\n      subject: 'Test',\n      template: `${template_path}/ejs-template`,\n      context: {\n        MAILER: 'Nest-modules TM',\n      },\n    });\n\n    expect(send).toHaveBeenCalled();\n    expect(lastMail.data.from).toBe('user1@example.test');\n    expect(lastMail.data.html).toBe('<p>Ejs test template. by Nest-modules TM</p>');\n  });\n\n  it('should compile template with the ejs adapter with css inline', async () => {\n    let lastMail: MailMessage;\n    const send = spyOnSmtpSend((mail: MailMessage) => {\n      lastMail = mail;\n    });\n\n    const service = await getMailerServiceForOptions({\n      transport: new SMTPTransport({}),\n      template: {\n        adapter: new EjsAdapter({\n          inlineCssEnabled: true,\n        }),\n      },\n    });\n\n    await service.sendMail({\n      from: 'user1@example.test',\n      to: 'user2@example.test',\n      subject: 'Test',\n      template: `${template_path}/ejs-template`,\n      context: {\n        MAILER: 'Nest-modules TM',\n      },\n    });\n\n    expect(send).toHaveBeenCalled();\n    expect(lastMail.data.from).toBe('user1@example.test');\n    expect(lastMail.data.html).toBe(\n      '<html><head></head><body><p>Ejs test template. by Nest-modules TM</p></body></html>',\n    );\n  });\n});\n",
              "err": {},
              "uuid": "e5b9cd69-e5d3-49fb-a1bf-7f0746d6c2e0",
              "parentUUID": "aad9355c-c484-4780-8e64-e6cfe2e8dffd",
              "isHook": false,
              "skipped": false
            },
            {
              "fullTitle": "MailerModule > forRoot > should be defined",
              "title": "MailerModule > forRoot > should be defined",
              "timedOut": false,
              "duration": 258,
              "state": "passed",
              "speed": "medium",
              "pass": true,
              "fail": false,
              "pending": false,
              "context": null,
              "code": "import { Test, TestingModule } from '@nestjs/testing';\nimport { INestApplication } from '@nestjs/common';\nimport { MailerModule } from '../mailer/mailer.module';\nimport { ConfigModule } from '@nestjs/config';\nimport { dynamicConfig } from '@tresdoce-nestjs-toolkit/test-utils';\n\ndescribe('MailerModule', () => {\n  let app: INestApplication;\n\n  describe('forRoot', () => {\n    beforeEach(async () => {\n      const moduleFixture: TestingModule = await Test.createTestingModule({\n        imports: [\n          MailerModule.forRoot({\n            transport: 'smtps://user@domain.com:pass@smtp.domain.com',\n            defaults: {\n              from: '\"nest-modules\" <modules@nestjs.com>',\n            },\n          }),\n        ],\n      }).compile();\n\n      app = moduleFixture.createNestApplication();\n      await app.init();\n    });\n\n    it('should be defined', () => {\n      expect(app).toBeDefined();\n    });\n  });\n\n  describe('forRootAsync', () => {\n    beforeEach(async () => {\n      const moduleFixture: TestingModule = await Test.createTestingModule({\n        imports: [\n          ConfigModule.forRoot({\n            isGlobal: true,\n            load: [\n              dynamicConfig({\n                mailer: {\n                  transport: 'smtps://user@domain.com:pass@smtp.domain.com',\n                  defaults: {\n                    from: '\"nest-modules\" <modules@nestjs.com>',\n                  },\n                },\n              }),\n            ],\n          }),\n          MailerModule,\n        ],\n      }).compile();\n\n      app = moduleFixture.createNestApplication();\n      await app.init();\n    });\n\n    it('should be defined', () => {\n      expect(app).toBeDefined();\n    });\n  });\n});\n",
              "err": {},
              "uuid": "56875341-396a-442f-9aa2-bd30dbe40649",
              "parentUUID": "aad9355c-c484-4780-8e64-e6cfe2e8dffd",
              "isHook": false,
              "skipped": false
            },
            {
              "fullTitle": "MailerModule > forRootAsync > should be defined",
              "title": "MailerModule > forRootAsync > should be defined",
              "timedOut": false,
              "duration": 7,
              "state": "passed",
              "speed": "fast",
              "pass": true,
              "fail": false,
              "pending": false,
              "context": null,
              "code": "import { Test, TestingModule } from '@nestjs/testing';\nimport { INestApplication } from '@nestjs/common';\nimport { MailerModule } from '../mailer/mailer.module';\nimport { ConfigModule } from '@nestjs/config';\nimport { dynamicConfig } from '@tresdoce-nestjs-toolkit/test-utils';\n\ndescribe('MailerModule', () => {\n  let app: INestApplication;\n\n  describe('forRoot', () => {\n    beforeEach(async () => {\n      const moduleFixture: TestingModule = await Test.createTestingModule({\n        imports: [\n          MailerModule.forRoot({\n            transport: 'smtps://user@domain.com:pass@smtp.domain.com',\n            defaults: {\n              from: '\"nest-modules\" <modules@nestjs.com>',\n            },\n          }),\n        ],\n      }).compile();\n\n      app = moduleFixture.createNestApplication();\n      await app.init();\n    });\n\n    it('should be defined', () => {\n      expect(app).toBeDefined();\n    });\n  });\n\n  describe('forRootAsync', () => {\n    beforeEach(async () => {\n      const moduleFixture: TestingModule = await Test.createTestingModule({\n        imports: [\n          ConfigModule.forRoot({\n            isGlobal: true,\n            load: [\n              dynamicConfig({\n                mailer: {\n                  transport: 'smtps://user@domain.com:pass@smtp.domain.com',\n                  defaults: {\n                    from: '\"nest-modules\" <modules@nestjs.com>',\n                  },\n                },\n              }),\n            ],\n          }),\n          MailerModule,\n        ],\n      }).compile();\n\n      app = moduleFixture.createNestApplication();\n      await app.init();\n    });\n\n    it('should be defined', () => {\n      expect(app).toBeDefined();\n    });\n  });\n});\n",
              "err": {},
              "uuid": "3706870b-6dba-4459-b305-85e59c162e12",
              "parentUUID": "aad9355c-c484-4780-8e64-e6cfe2e8dffd",
              "isHook": false,
              "skipped": false
            }
          ],
          "suites": [],
          "passes": [
            "651e61b9-74c6-4e95-a17d-07794075202a",
            "e695f930-7000-4d17-80f8-aca15c4f25b5",
            "6d33d8a1-2e7a-429c-88e3-285c0c05666d",
            "8f281823-ecf7-43da-9a31-eb532286fb8d",
            "cd415309-1c2f-49d0-b09b-e3312b436090",
            "e1a746fd-af62-4563-8c26-29e9a58382a1",
            "74f0f59c-7180-4fef-9a30-7ae9cd73c7ea",
            "1bf2089d-0a06-4a61-8f66-85a4b319bdc6",
            "319b8ea1-45cd-4b28-9fdf-dca8822cd059",
            "9bcd1f7a-52ea-43a4-9d38-1c3159a6ba86",
            "64c667da-b062-4bb7-be51-d84338864d08",
            "befa5b0b-0a12-498e-9163-c13cafce26cb",
            "5633fbd6-02fb-4209-92c7-64cd321816b0",
            "c012a6ce-d52b-4933-9d26-333978ef2825",
            "139af3f7-fbdb-4208-b1e2-24bcedcdc8cf",
            "4a0d6d80-2f56-4116-8a9d-db6231a59e12",
            "7f8c054d-0ed6-4a77-b9e9-503d669b6ec2",
            "e6ef6fcc-a310-4f10-a50c-b1fea947eb12",
            "7341ce05-5899-4a05-92a0-32de0a4c72ea",
            "1d6f338f-0b4a-42a0-b156-6a808617b8d6",
            "b7c5ad7d-f6eb-4b68-8c38-6599688e9f4c",
            "e82ffee0-f931-4368-8781-6d730c48e6fd",
            "f42d263d-92f4-4ce4-a775-864346da4a5b",
            "c499efa0-4d09-43f0-bf0a-a56aba6ce986",
            "e5b9cd69-e5d3-49fb-a1bf-7f0746d6c2e0",
            "56875341-396a-442f-9aa2-bd30dbe40649",
            "3706870b-6dba-4459-b305-85e59c162e12"
          ],
          "failures": [],
          "pending": [],
          "skipped": [],
          "duration": 415,
          "root": false,
          "rootEmpty": false,
          "_timeout": 5000
        }
      ],
      "passes": [],
      "failures": [],
      "pending": [],
      "skipped": [],
      "duration": 0,
      "root": true,
      "rootEmpty": true,
      "_timeout": 5000
    }
  ]
}
