{
  "stats": {
    "suites": 2,
    "tests": 27,
    "passes": 27,
    "pending": 0,
    "failures": 0,
    "testsRegistered": 27,
    "passPercent": 100,
    "pendingPercent": 0,
    "other": 0,
    "hasOther": false,
    "skipped": 0,
    "hasSkipped": false,
    "start": "2023-05-01T23:21:59.882Z",
    "end": "2023-05-01T23:22:00.229Z",
    "duration": 347
  },
  "results": [
    {
      "uuid": "b7cf4f4e-be6b-4edd-a4ee-d393d0e27664",
      "title": "@tresdoce-nestjs-toolkit/mailer",
      "fullFile": "",
      "file": "",
      "beforeHooks": [],
      "afterHooks": [],
      "tests": [],
      "suites": [
        {
          "uuid": "43c289d1-b1e2-47c1-82c1-1a21873f1767",
          "title": "@tresdoce-nestjs-toolkit/mailer",
          "fullFile": "",
          "file": "",
          "beforeHooks": [],
          "afterHooks": [],
          "tests": [
            {
              "title": "should not be defined if a transport is not provided",
              "fullTitle": "MailerService > should not be defined if a transport is not provided",
              "timedOut": false,
              "duration": 13,
              "state": "passed",
              "speed": null,
              "pass": true,
              "fail": false,
              "pending": false,
              "context": null,
              "code": "",
              "err": {},
              "uuid": "681f3175-fea6-4e71-be69-896002c37dcb",
              "parentUUID": "43c289d1-b1e2-47c1-82c1-1a21873f1767",
              "isHook": false,
              "skipped": false
            },
            {
              "title": "should accept a smtp transport string",
              "fullTitle": "MailerService > should accept a smtp transport string",
              "timedOut": false,
              "duration": 6,
              "state": "passed",
              "speed": null,
              "pass": true,
              "fail": false,
              "pending": false,
              "context": null,
              "code": "",
              "err": {},
              "uuid": "0f20fb8a-6896-414e-9f1c-21d9051fbcf1",
              "parentUUID": "43c289d1-b1e2-47c1-82c1-1a21873f1767",
              "isHook": false,
              "skipped": false
            },
            {
              "title": "should accept a smtp transports string",
              "fullTitle": "MailerService > should accept a smtp transports string",
              "timedOut": false,
              "duration": 3,
              "state": "passed",
              "speed": null,
              "pass": true,
              "fail": false,
              "pending": false,
              "context": null,
              "code": "",
              "err": {},
              "uuid": "ffdbf3c1-3075-4bc0-870a-1a76e49bf1fd",
              "parentUUID": "43c289d1-b1e2-47c1-82c1-1a21873f1767",
              "isHook": false,
              "skipped": false
            },
            {
              "title": "should accept smtp transport options",
              "fullTitle": "MailerService > should accept smtp transport options",
              "timedOut": false,
              "duration": 2,
              "state": "passed",
              "speed": null,
              "pass": true,
              "fail": false,
              "pending": false,
              "context": null,
              "code": "",
              "err": {},
              "uuid": "49b4c94e-9849-4eac-a4e1-71063b5d5a4d",
              "parentUUID": "43c289d1-b1e2-47c1-82c1-1a21873f1767",
              "isHook": false,
              "skipped": false
            },
            {
              "title": "should accept a smtp transport instance",
              "fullTitle": "MailerService > should accept a smtp transport instance",
              "timedOut": false,
              "duration": 3,
              "state": "passed",
              "speed": null,
              "pass": true,
              "fail": false,
              "pending": false,
              "context": null,
              "code": "",
              "err": {},
              "uuid": "2af2183e-8dd8-47c4-9445-99e80daccb7f",
              "parentUUID": "43c289d1-b1e2-47c1-82c1-1a21873f1767",
              "isHook": false,
              "skipped": false
            },
            {
              "title": "should send emails with nodemailer",
              "fullTitle": "MailerService > should send emails with nodemailer",
              "timedOut": false,
              "duration": 9,
              "state": "passed",
              "speed": null,
              "pass": true,
              "fail": false,
              "pending": false,
              "context": null,
              "code": "",
              "err": {},
              "uuid": "16706a84-643a-471d-b9b5-c6e3e226318a",
              "parentUUID": "43c289d1-b1e2-47c1-82c1-1a21873f1767",
              "isHook": false,
              "skipped": false
            },
            {
              "title": "should send emails with nodemailer transports",
              "fullTitle": "MailerService > should send emails with nodemailer transports",
              "timedOut": false,
              "duration": 4,
              "state": "passed",
              "speed": null,
              "pass": true,
              "fail": false,
              "pending": false,
              "context": null,
              "code": "",
              "err": {},
              "uuid": "df8fba46-92f4-4bd1-9bd0-27db9d89db55",
              "parentUUID": "43c289d1-b1e2-47c1-82c1-1a21873f1767",
              "isHook": false,
              "skipped": false
            },
            {
              "title": "should send emails with nodemailer with different transports name",
              "fullTitle": "MailerService > should send emails with nodemailer with different transports name",
              "timedOut": false,
              "duration": 5,
              "state": "passed",
              "speed": null,
              "pass": true,
              "fail": false,
              "pending": false,
              "context": null,
              "code": "",
              "err": {},
              "uuid": "53953911-d2ba-4e7f-a667-c20cc4dbbff5",
              "parentUUID": "43c289d1-b1e2-47c1-82c1-1a21873f1767",
              "isHook": false,
              "skipped": false
            },
            {
              "title": "should send emails with nodemailer without transports",
              "fullTitle": "MailerService > should send emails with nodemailer without transports",
              "timedOut": false,
              "duration": 2,
              "state": "passed",
              "speed": null,
              "pass": true,
              "fail": false,
              "pending": false,
              "context": null,
              "code": "",
              "err": {},
              "uuid": "b3588a82-e315-4684-b7b1-93e41becb019",
              "parentUUID": "43c289d1-b1e2-47c1-82c1-1a21873f1767",
              "isHook": false,
              "skipped": false
            },
            {
              "title": "should use mailerOptions.defaults when send emails",
              "fullTitle": "MailerService > should use mailerOptions.defaults when send emails",
              "timedOut": false,
              "duration": 3,
              "state": "passed",
              "speed": null,
              "pass": true,
              "fail": false,
              "pending": false,
              "context": null,
              "code": "",
              "err": {},
              "uuid": "fabe1592-819e-457c-9920-0c9086086356",
              "parentUUID": "43c289d1-b1e2-47c1-82c1-1a21873f1767",
              "isHook": false,
              "skipped": false
            },
            {
              "title": "should use custom transport to send mail",
              "fullTitle": "MailerService > should use custom transport to send mail",
              "timedOut": false,
              "duration": 5,
              "state": "passed",
              "speed": null,
              "pass": true,
              "fail": false,
              "pending": false,
              "context": null,
              "code": "",
              "err": {},
              "uuid": "ce93b4e9-a1fb-45b3-8068-edd1f164995d",
              "parentUUID": "43c289d1-b1e2-47c1-82c1-1a21873f1767",
              "isHook": false,
              "skipped": false
            },
            {
              "title": "should compile template with the handlebars adapter",
              "fullTitle": "MailerService > should compile template with the handlebars adapter",
              "timedOut": false,
              "duration": 23,
              "state": "passed",
              "speed": null,
              "pass": true,
              "fail": false,
              "pending": false,
              "context": null,
              "code": "",
              "err": {},
              "uuid": "b111d00c-bdbf-49d2-ac59-14393642129c",
              "parentUUID": "43c289d1-b1e2-47c1-82c1-1a21873f1767",
              "isHook": false,
              "skipped": false
            },
            {
              "title": "should compile template with the handlebars adapter with relative path",
              "fullTitle": "MailerService > should compile template with the handlebars adapter with relative path",
              "timedOut": false,
              "duration": 21,
              "state": "passed",
              "speed": null,
              "pass": true,
              "fail": false,
              "pending": false,
              "context": null,
              "code": "",
              "err": {},
              "uuid": "c44c91d2-5504-4762-8caa-29db23e9636d",
              "parentUUID": "43c289d1-b1e2-47c1-82c1-1a21873f1767",
              "isHook": false,
              "skipped": false
            },
            {
              "title": "should compile template with the handlebars adapter with error template path",
              "fullTitle": "MailerService > should compile template with the handlebars adapter with error template path",
              "timedOut": false,
              "duration": 3,
              "state": "passed",
              "speed": null,
              "pass": true,
              "fail": false,
              "pending": false,
              "context": null,
              "code": "",
              "err": {},
              "uuid": "817060dd-36fa-428e-8ff9-e22f6d47f088",
              "parentUUID": "43c289d1-b1e2-47c1-82c1-1a21873f1767",
              "isHook": false,
              "skipped": false
            },
            {
              "title": "should compile template with the handlebars adapter with disabled inline-css",
              "fullTitle": "MailerService > should compile template with the handlebars adapter with disabled inline-css",
              "timedOut": false,
              "duration": 4,
              "state": "passed",
              "speed": null,
              "pass": true,
              "fail": false,
              "pending": false,
              "context": null,
              "code": "",
              "err": {},
              "uuid": "ccd2c8d1-dc60-48b4-b877-a320dc0445b9",
              "parentUUID": "43c289d1-b1e2-47c1-82c1-1a21873f1767",
              "isHook": false,
              "skipped": false
            },
            {
              "title": "should compile template with the handlebars adapter with enabled inline-css and media query",
              "fullTitle": "MailerService > should compile template with the handlebars adapter with enabled inline-css and media query",
              "timedOut": false,
              "duration": 9,
              "state": "passed",
              "speed": null,
              "pass": true,
              "fail": false,
              "pending": false,
              "context": null,
              "code": "",
              "err": {},
              "uuid": "907a4429-ec39-4294-a0b2-2f9360ccabc4",
              "parentUUID": "43c289d1-b1e2-47c1-82c1-1a21873f1767",
              "isHook": false,
              "skipped": false
            },
            {
              "title": "should compile template with the pug adapter",
              "fullTitle": "MailerService > should compile template with the pug adapter",
              "timedOut": false,
              "duration": 29,
              "state": "passed",
              "speed": null,
              "pass": true,
              "fail": false,
              "pending": false,
              "context": null,
              "code": "",
              "err": {},
              "uuid": "51859575-9af7-40f8-bab8-f61c0897a049",
              "parentUUID": "43c289d1-b1e2-47c1-82c1-1a21873f1767",
              "isHook": false,
              "skipped": false
            },
            {
              "title": "should compile template with the pug adapter with relative path",
              "fullTitle": "MailerService > should compile template with the pug adapter with relative path",
              "timedOut": false,
              "duration": 7,
              "state": "passed",
              "speed": null,
              "pass": true,
              "fail": false,
              "pending": false,
              "context": null,
              "code": "",
              "err": {},
              "uuid": "11351755-54da-4b3a-866e-8091934d9072",
              "parentUUID": "43c289d1-b1e2-47c1-82c1-1a21873f1767",
              "isHook": false,
              "skipped": false
            },
            {
              "title": "should compile template with the pug adapter with error to read template",
              "fullTitle": "MailerService > should compile template with the pug adapter with error to read template",
              "timedOut": false,
              "duration": 2,
              "state": "passed",
              "speed": null,
              "pass": true,
              "fail": false,
              "pending": false,
              "context": null,
              "code": "",
              "err": {},
              "uuid": "400287c5-1e4c-4940-8194-08434245f68e",
              "parentUUID": "43c289d1-b1e2-47c1-82c1-1a21873f1767",
              "isHook": false,
              "skipped": false
            },
            {
              "title": "should compile template with the pug adapter without inline css",
              "fullTitle": "MailerService > should compile template with the pug adapter without inline css",
              "timedOut": false,
              "duration": 4,
              "state": "passed",
              "speed": null,
              "pass": true,
              "fail": false,
              "pending": false,
              "context": null,
              "code": "",
              "err": {},
              "uuid": "ba8d5100-f477-48fa-b9c6-18e2c38c84dc",
              "parentUUID": "43c289d1-b1e2-47c1-82c1-1a21873f1767",
              "isHook": false,
              "skipped": false
            },
            {
              "title": "should compile template with the ejs adapter",
              "fullTitle": "MailerService > should compile template with the ejs adapter",
              "timedOut": false,
              "duration": 4,
              "state": "passed",
              "speed": null,
              "pass": true,
              "fail": false,
              "pending": false,
              "context": null,
              "code": "",
              "err": {},
              "uuid": "690bdb57-e832-40b9-bd7b-13d716bb556e",
              "parentUUID": "43c289d1-b1e2-47c1-82c1-1a21873f1767",
              "isHook": false,
              "skipped": false
            },
            {
              "title": "should compile template with the ejs adapter with error to read template",
              "fullTitle": "MailerService > should compile template with the ejs adapter with error to read template",
              "timedOut": false,
              "duration": 2,
              "state": "passed",
              "speed": null,
              "pass": true,
              "fail": false,
              "pending": false,
              "context": null,
              "code": "",
              "err": {},
              "uuid": "4b64e663-2ca4-494d-82cb-0a9cf69ed5e7",
              "parentUUID": "43c289d1-b1e2-47c1-82c1-1a21873f1767",
              "isHook": false,
              "skipped": false
            },
            {
              "title": "should compile template with the ejs adapter read template relative url",
              "fullTitle": "MailerService > should compile template with the ejs adapter read template relative url",
              "timedOut": false,
              "duration": 2,
              "state": "passed",
              "speed": null,
              "pass": true,
              "fail": false,
              "pending": false,
              "context": null,
              "code": "",
              "err": {},
              "uuid": "127f61b1-bb8d-4beb-9f5a-9acc52982aaf",
              "parentUUID": "43c289d1-b1e2-47c1-82c1-1a21873f1767",
              "isHook": false,
              "skipped": false
            },
            {
              "title": "should compile template with the ejs adapter without css inline",
              "fullTitle": "MailerService > should compile template with the ejs adapter without css inline",
              "timedOut": false,
              "duration": 3,
              "state": "passed",
              "speed": null,
              "pass": true,
              "fail": false,
              "pending": false,
              "context": null,
              "code": "",
              "err": {},
              "uuid": "1b1377e0-86a5-4b01-8055-9980790c52e7",
              "parentUUID": "43c289d1-b1e2-47c1-82c1-1a21873f1767",
              "isHook": false,
              "skipped": false
            },
            {
              "title": "should compile template with the ejs adapter with css inline",
              "fullTitle": "MailerService > should compile template with the ejs adapter with css inline",
              "timedOut": false,
              "duration": 3,
              "state": "passed",
              "speed": null,
              "pass": true,
              "fail": false,
              "pending": false,
              "context": null,
              "code": "",
              "err": {},
              "uuid": "29d8cdeb-2187-440c-aa64-d827cd298ca0",
              "parentUUID": "43c289d1-b1e2-47c1-82c1-1a21873f1767",
              "isHook": false,
              "skipped": false
            },
            {
              "title": "should be defined",
              "fullTitle": "MailerModule > forRoot > should be defined",
              "timedOut": false,
              "duration": 168,
              "state": "passed",
              "speed": null,
              "pass": true,
              "fail": false,
              "pending": false,
              "context": null,
              "code": "",
              "err": {},
              "uuid": "22a427e5-c62a-4ebc-a10f-b0978ca5a679",
              "parentUUID": "43c289d1-b1e2-47c1-82c1-1a21873f1767",
              "isHook": false,
              "skipped": false
            },
            {
              "title": "should be defined",
              "fullTitle": "MailerModule > forRoot > should be defined",
              "timedOut": false,
              "duration": 8,
              "state": "passed",
              "speed": null,
              "pass": true,
              "fail": false,
              "pending": false,
              "context": null,
              "code": "",
              "err": {},
              "uuid": "b71e2074-f3e0-4229-a97b-887852e68b3e",
              "parentUUID": "43c289d1-b1e2-47c1-82c1-1a21873f1767",
              "isHook": false,
              "skipped": false
            }
          ],
          "suites": [],
          "passes": [
            "681f3175-fea6-4e71-be69-896002c37dcb",
            "0f20fb8a-6896-414e-9f1c-21d9051fbcf1",
            "ffdbf3c1-3075-4bc0-870a-1a76e49bf1fd",
            "49b4c94e-9849-4eac-a4e1-71063b5d5a4d",
            "2af2183e-8dd8-47c4-9445-99e80daccb7f",
            "16706a84-643a-471d-b9b5-c6e3e226318a",
            "df8fba46-92f4-4bd1-9bd0-27db9d89db55",
            "53953911-d2ba-4e7f-a667-c20cc4dbbff5",
            "b3588a82-e315-4684-b7b1-93e41becb019",
            "fabe1592-819e-457c-9920-0c9086086356",
            "ce93b4e9-a1fb-45b3-8068-edd1f164995d",
            "b111d00c-bdbf-49d2-ac59-14393642129c",
            "c44c91d2-5504-4762-8caa-29db23e9636d",
            "817060dd-36fa-428e-8ff9-e22f6d47f088",
            "ccd2c8d1-dc60-48b4-b877-a320dc0445b9",
            "907a4429-ec39-4294-a0b2-2f9360ccabc4",
            "51859575-9af7-40f8-bab8-f61c0897a049",
            "11351755-54da-4b3a-866e-8091934d9072",
            "400287c5-1e4c-4940-8194-08434245f68e",
            "ba8d5100-f477-48fa-b9c6-18e2c38c84dc",
            "690bdb57-e832-40b9-bd7b-13d716bb556e",
            "4b64e663-2ca4-494d-82cb-0a9cf69ed5e7",
            "127f61b1-bb8d-4beb-9f5a-9acc52982aaf",
            "1b1377e0-86a5-4b01-8055-9980790c52e7",
            "29d8cdeb-2187-440c-aa64-d827cd298ca0",
            "22a427e5-c62a-4ebc-a10f-b0978ca5a679",
            "b71e2074-f3e0-4229-a97b-887852e68b3e"
          ],
          "failures": [],
          "pending": [],
          "skipped": [],
          "duration": 347,
          "root": false,
          "rootEmpty": false,
          "_timeout": 5000
        }
      ],
      "passes": [],
      "failures": [],
      "pending": [],
      "skipped": [],
      "duration": 0,
      "root": true,
      "rootEmpty": true,
      "_timeout": 5000
    }
  ]
}
