{
  "stats": {
    "suites": 2,
    "tests": 27,
    "passes": 27,
    "pending": 0,
    "failures": 0,
    "testsRegistered": 27,
    "passPercent": 100,
    "pendingPercent": 0,
    "other": 0,
    "hasOther": false,
    "skipped": 0,
    "hasSkipped": false,
    "start": "2023-05-02T02:24:10.941Z",
    "end": "2023-05-02T02:24:11.232Z",
    "duration": 291
  },
  "results": [
    {
      "uuid": "f1a2f096-8129-4632-ad32-b22bb73b286d",
      "title": "@tresdoce-nestjs-toolkit/mailer",
      "fullFile": "",
      "file": "",
      "beforeHooks": [],
      "afterHooks": [],
      "tests": [],
      "suites": [
        {
          "uuid": "8a67b7e3-6702-4635-8650-d55bfe46363e",
          "title": "@tresdoce-nestjs-toolkit/mailer",
          "fullFile": "",
          "file": "",
          "beforeHooks": [],
          "afterHooks": [],
          "tests": [
            {
              "title": "MailerService > should not be defined if a transport is not provided",
              "fullTitle": "should not be defined if a transport is not provided",
              "timedOut": false,
              "duration": 13,
              "state": "passed",
              "speed": null,
              "pass": true,
              "fail": false,
              "pending": false,
              "context": null,
              "code": "import { Test, TestingModule } from '@nestjs/testing';\nimport { pathJoin } from '@tresdoce-nestjs-toolkit/test-utils';\nimport * as nodemailerMock from 'nodemailer-mock';\nimport MailMessage from 'nodemailer/lib/mailer/mail-message';\nimport SMTPTransport from 'nodemailer/lib/smtp-transport';\n\nimport { MAILER_OPTIONS, MAILER_TRANSPORT_FACTORY } from '../mailer/constants/mailer.constant';\n\nimport { MailerOptions, TransportType } from '../mailer/interfaces/mailer-options.interface';\nimport { MailerTransportFactory } from '../mailer/interfaces/mailer-transport-factory.interface';\n\nimport { HandlebarsAdapter } from '../mailer/adapters/handlebars.adapter';\nimport { PugAdapter } from '../mailer/adapters/pug.adapter';\nimport { EjsAdapter } from '../mailer/adapters/ejs.adapter';\n\nimport { MailerService } from '../mailer/services/mailer.service';\n\nconst template_path = pathJoin(__dirname, 'utils/test-templates');\n\nasync function getMailerServiceForOptions(options: MailerOptions): Promise<MailerService> {\n  const module: TestingModule = await Test.createTestingModule({\n    providers: [\n      {\n        name: MAILER_OPTIONS,\n        provide: MAILER_OPTIONS,\n        useValue: options,\n      },\n      MailerService,\n    ],\n  }).compile();\n\n  return module.get<MailerService>(MailerService);\n}\n\nfunction spyOnSmtpSend(onMail: (mail: MailMessage) => void) {\n  return jest\n    .spyOn(SMTPTransport.prototype, 'send')\n    .mockImplementation(function (\n      mail: MailMessage,\n      callback: (err: Error | null, info: SMTPTransport.SentMessageInfo) => void,\n    ): void {\n      onMail(mail);\n      callback(null, {\n        envelope: {\n          from: mail.data.from as string,\n          to: [mail.data.to as string],\n        },\n        messageId: 'ABCD',\n        accepted: [],\n        rejected: [],\n        pending: [],\n        response: 'ok',\n      });\n    });\n}\n\nasync function getMailerServiceWithCustomTransport(options: MailerOptions): Promise<MailerService> {\n  class TestTransportFactory implements MailerTransportFactory {\n    createTransport(options?: TransportType): any {\n      return nodemailerMock.createTransport({ host: 'localhost', port: -100 });\n    }\n  }\n\n  const module: TestingModule = await Test.createTestingModule({\n    providers: [\n      {\n        name: MAILER_OPTIONS,\n        provide: MAILER_OPTIONS,\n        useValue: options,\n      },\n      {\n        name: MAILER_TRANSPORT_FACTORY,\n        provide: MAILER_TRANSPORT_FACTORY,\n        useClass: TestTransportFactory,\n      },\n      MailerService,\n    ],\n  }).compile();\n  await module.init();\n\n  return module.get<MailerService>(MailerService);\n}\n\njest.setTimeout(70000);\ndescribe('MailerService', () => {\n  it('should not be defined if a transport is not provided', async () => {\n    await expect(getMailerServiceForOptions({})).rejects.toMatchInlineSnapshot(\n      `[Error: Make sure to provide a nodemailer transport configuration object, connection url or a transport plugin instance.]`,\n    );\n  });\n\n  it('should accept a smtp transport string', async () => {\n    const service = await getMailerServiceForOptions({\n      transport: 'smtps://user@domain.com:pass@smtp.domain.com',\n    });\n\n    expect(service).toBeDefined();\n    expect((service as any).transporter.transporter).toBeInstanceOf(SMTPTransport);\n  });\n\n  it('should accept a smtp transports string', async () => {\n    const service = await getMailerServiceForOptions({\n      transports: {\n        myDomain: 'smtps://user@domain.com:pass@smtp.domain.com',\n      },\n    });\n\n    expect(service).toBeDefined();\n    (service as any).transporters.forEach((value, key) => {\n      expect(value.transporter).toBeInstanceOf(SMTPTransport);\n    });\n  });\n\n  it('should accept smtp transport options', async () => {\n    const service = await getMailerServiceForOptions({\n      transport: {\n        secure: true,\n        requireTLS: true,\n        auth: {\n          user: 'user@domain.com',\n          pass: 'pass',\n        },\n        options: {\n          host: 'smtp.domain.com',\n        },\n      },\n    });\n\n    expect(service).toBeDefined();\n    expect((service as any).transporter.transporter).toBeInstanceOf(SMTPTransport);\n  });\n\n  it('should accept a smtp transport instance', async () => {\n    const transport = new SMTPTransport({});\n    const service = await getMailerServiceForOptions({\n      transport: transport,\n    });\n\n    expect(service).toBeDefined();\n    expect((service as any).transporter.transporter).toBe(transport);\n  });\n\n  it('should send emails with nodemailer', async () => {\n    let lastMail: MailMessage;\n    const send = spyOnSmtpSend((mail: MailMessage) => {\n      lastMail = mail;\n    });\n\n    const service = await getMailerServiceForOptions({\n      transport: 'smtps://user@domain.com:pass@smtp.domain.com',\n    });\n\n    await service.sendMail({\n      from: 'user1@example.test',\n      to: 'user2@example.test',\n      subject: 'Test',\n      html: 'This is test.',\n    });\n\n    expect(send).toHaveBeenCalled();\n    expect(lastMail.data.from).toBe('user1@example.test');\n    expect(lastMail.data.to).toBe('user2@example.test');\n    expect(lastMail.data.subject).toBe('Test');\n    expect(lastMail.data.html).toBe('This is test.');\n  });\n\n  it('should send emails with nodemailer transports', async () => {\n    let lastMail: MailMessage;\n    const send = spyOnSmtpSend((mail: MailMessage) => {\n      lastMail = mail;\n    });\n\n    const service = await getMailerServiceForOptions({\n      transports: {\n        myDomain: 'smtps://user@domain.com:pass@smtp.domain.com',\n      },\n    });\n\n    await service.sendMail({\n      transporterName: 'myDomain',\n      from: 'user1@example.test',\n      to: 'user2@example.test',\n      subject: 'Test',\n      html: 'This is test.',\n    });\n\n    expect(send).toHaveBeenCalled();\n    expect(lastMail.data.from).toBe('user1@example.test');\n    expect(lastMail.data.to).toBe('user2@example.test');\n    expect(lastMail.data.subject).toBe('Test');\n    expect(lastMail.data.html).toBe('This is test.');\n  });\n\n  it('should send emails with nodemailer with different transports name', async () => {\n    try {\n      let lastMail: MailMessage;\n      const send = spyOnSmtpSend((mail: MailMessage) => {\n        lastMail = mail;\n      });\n\n      const service = await getMailerServiceForOptions({\n        transports: {\n          myDomain: 'smtps://user@domain.com:pass@smtp.domain.com',\n        },\n      });\n\n      await service.sendMail({\n        transporterName: 'testDomain',\n        from: 'user1@example.test',\n        to: 'user2@example.test',\n        subject: 'Test',\n        html: 'This is test.',\n      });\n\n      expect(send).toHaveBeenCalled();\n    } catch (error) {\n      expect(error.message).toBe(\"Transporters object doesn't have testDomain key\");\n    }\n  });\n\n  it('should send emails with nodemailer without transports', async () => {\n    try {\n      let lastMail: MailMessage;\n      const send = spyOnSmtpSend((mail: MailMessage) => {\n        lastMail = mail;\n      });\n\n      const service = await getMailerServiceForOptions({\n        transports: {},\n      });\n\n      await service.sendMail({\n        from: 'user1@example.test',\n        to: 'user2@example.test',\n        subject: 'Test',\n        html: 'This is test.',\n      });\n\n      expect(send).toHaveBeenCalled();\n    } catch (error) {\n      expect(error.message).toBe('Transporter object undefined');\n    }\n  });\n\n  it('should use mailerOptions.defaults when send emails', async () => {\n    let lastMail: MailMessage;\n    const send = spyOnSmtpSend((mail: MailMessage) => {\n      lastMail = mail;\n    });\n\n    const service = await getMailerServiceForOptions({\n      transport: 'smtps://user@domain.com:pass@smtp.domain.com',\n      defaults: {\n        from: 'user1@example.test',\n      },\n    });\n\n    await service.sendMail({\n      to: 'user2@example.test',\n      subject: 'Test',\n      html: 'This is test.',\n    });\n\n    expect(send).toHaveBeenCalled();\n    expect(lastMail.data.from).toBe('user1@example.test');\n  });\n\n  it('should use custom transport to send mail', async () => {\n    const service = await getMailerServiceWithCustomTransport({\n      transport: 'smtps://user@domain.com:pass@smtp.domain.com',\n    });\n    await service.sendMail({\n      to: 'user2@example.test',\n      subject: 'Test',\n      html: 'This is test.',\n    });\n\n    expect(nodemailerMock.mock.getSentMail().length).toEqual(1);\n  });\n\n  it('should compile template with the handlebars adapter', async () => {\n    let lastMail: MailMessage;\n    const send = spyOnSmtpSend((mail: MailMessage) => {\n      lastMail = mail;\n    });\n\n    const service = await getMailerServiceForOptions({\n      transport: new SMTPTransport({}),\n      template: {\n        adapter: new HandlebarsAdapter(),\n      },\n    });\n\n    await service.sendMail({\n      from: 'user1@example.test',\n      to: 'user2@example.test',\n      subject: 'Test',\n      template: `${template_path}/handlebars-template`,\n      context: {\n        MAILER: 'Nest-modules TM',\n      },\n    });\n\n    expect(send).toHaveBeenCalled();\n    expect(lastMail.data.from).toBe('user1@example.test');\n    expect(lastMail.data.html).toBe(\n      '<html><head></head><body><p>Handlebars test template. by Nest-modules TM</p></body></html>',\n    );\n  });\n\n  it('should compile template with the handlebars adapter with relative path', async () => {\n    let lastMail: MailMessage;\n    const send = spyOnSmtpSend((mail: MailMessage) => {\n      lastMail = mail;\n    });\n\n    const service = await getMailerServiceForOptions({\n      transport: new SMTPTransport({}),\n      template: {\n        adapter: new HandlebarsAdapter(),\n        dir: `${template_path}`,\n      },\n      options: {\n        strict: true,\n        partials: {\n          dir: `${template_path}`,\n        },\n      },\n    });\n\n    await service.sendMail({\n      from: 'user1@example.test',\n      to: 'user2@example.test',\n      subject: 'Test',\n      template: `./handlebars-template`,\n      context: {\n        MAILER: 'Nest-modules TM',\n      },\n    });\n\n    expect(send).toHaveBeenCalled();\n    expect(lastMail.data.from).toBe('user1@example.test');\n    expect(lastMail.data.html).toBe(\n      '<html><head></head><body><p>Handlebars test template. by Nest-modules TM</p></body></html>',\n    );\n  });\n\n  it('should compile template with the handlebars adapter with error template path', async () => {\n    let templatePath = pathJoin(template_path, '/handlebars-templates');\n    try {\n      let lastMail: MailMessage;\n      const send = spyOnSmtpSend((mail: MailMessage) => {\n        lastMail = mail;\n      });\n\n      const service = await getMailerServiceForOptions({\n        transport: new SMTPTransport({}),\n        template: {\n          adapter: new HandlebarsAdapter(),\n        },\n      });\n\n      await service.sendMail({\n        from: 'user1@example.test',\n        to: 'user2@example.test',\n        subject: 'Test',\n        template: `${templatePath}`,\n        context: {\n          MAILER: 'Nest-modules TM',\n        },\n      });\n\n      expect(send).toHaveBeenCalled();\n    } catch (error) {\n      expect(error.message).toBe(\n        `Error: ENOENT: no such file or directory, open '${templatePath}.hbs'`,\n      );\n    }\n  });\n\n  it('should compile template with the handlebars adapter with disabled inline-css', async () => {\n    let lastMail: MailMessage;\n    const send = spyOnSmtpSend((mail: MailMessage) => {\n      lastMail = mail;\n    });\n\n    /*{\n      myHelper: (context, value) => {\n        console.log(context, value);\n      },\n    }*/\n\n    const service = await getMailerServiceForOptions({\n      transport: new SMTPTransport({}),\n      template: {\n        adapter: new HandlebarsAdapter(undefined, { inlineCssEnabled: false }),\n      },\n    });\n\n    await service.sendMail({\n      from: 'user1@example.test',\n      to: 'user2@example.test',\n      subject: 'Test',\n      template: `${template_path}/handlebars-template-media-query`,\n      context: {\n        MAILER: 'Nest-modules TM',\n      },\n    });\n\n    expect(send).toHaveBeenCalled();\n    expect(lastMail.data.from).toBe('user1@example.test');\n    expect(lastMail.data.html).toContain('@media only screen and (max-width:350px)');\n    expect(lastMail.data.html).toContain('<p>Handlebars test template. by Nest-modules TM</p>');\n  });\n\n  it('should compile template with the handlebars adapter with enabled inline-css and media query', async () => {\n    let lastMail: MailMessage;\n    const send = spyOnSmtpSend((mail: MailMessage) => {\n      lastMail = mail;\n    });\n\n    const service = await getMailerServiceForOptions({\n      transport: new SMTPTransport({}),\n      template: {\n        adapter: new HandlebarsAdapter(undefined, {\n          inlineCssEnabled: true,\n          inlineCssOptions: { url: ' ', preserveMediaQueries: true },\n        }),\n      },\n    });\n\n    await service.sendMail({\n      from: 'user1@example.test',\n      to: 'user2@example.test',\n      subject: 'Test',\n      template: `${template_path}/handlebars-template-media-query`,\n      context: {\n        MAILER: 'Nest-modules TM',\n      },\n    });\n\n    expect(send).toHaveBeenCalled();\n    expect(lastMail.data.from).toBe('user1@example.test');\n    expect(lastMail.data.html).toContain('@media only screen and (max-width:350px)');\n    expect(lastMail.data.html).toContain('<p>Handlebars test template. by Nest-modules TM</p>');\n  });\n\n  it('should compile template with the pug adapter', async () => {\n    let lastMail: MailMessage;\n    const send = spyOnSmtpSend((mail: MailMessage) => {\n      lastMail = mail;\n    });\n\n    const service = await getMailerServiceForOptions({\n      transport: new SMTPTransport({}),\n      template: {\n        adapter: new PugAdapter(),\n      },\n    });\n\n    await service.sendMail({\n      from: 'user1@example.test',\n      to: 'user2@example.test',\n      subject: 'Test',\n      template: `${template_path}/pug-template`,\n      context: {\n        world: 'World',\n      },\n    });\n\n    expect(send).toHaveBeenCalled();\n    expect(lastMail.data.from).toBe('user1@example.test');\n    expect(lastMail.data.html).toBe(\n      '<html><head></head><body><p>Pug test template.</p><p>Hello World!</p></body></html>',\n    );\n  });\n\n  it('should compile template with the pug adapter with relative path', async () => {\n    let lastMail: MailMessage;\n    const send = spyOnSmtpSend((mail: MailMessage) => {\n      lastMail = mail;\n    });\n\n    const service = await getMailerServiceForOptions({\n      transport: new SMTPTransport({}),\n      template: {\n        adapter: new PugAdapter(),\n        dir: template_path,\n      },\n    });\n\n    await service.sendMail({\n      from: 'user1@example.test',\n      to: 'user2@example.test',\n      subject: 'Test',\n      template: `./pug-template`,\n      context: {\n        world: 'World',\n      },\n    });\n\n    expect(send).toHaveBeenCalled();\n    expect(lastMail.data.from).toBe('user1@example.test');\n    expect(lastMail.data.html).toBe(\n      '<html><head></head><body><p>Pug test template.</p><p>Hello World!</p></body></html>',\n    );\n  });\n\n  it('should compile template with the pug adapter with error to read template', async () => {\n    let templatePath = pathJoin(template_path, '/pug-templates');\n\n    try {\n      let lastMail: MailMessage;\n      const send = spyOnSmtpSend((mail: MailMessage) => {\n        lastMail = mail;\n      });\n\n      const service = await getMailerServiceForOptions({\n        transport: new SMTPTransport({}),\n        template: {\n          adapter: new PugAdapter(),\n        },\n      });\n\n      await service.sendMail({\n        from: 'user1@example.test',\n        to: 'user2@example.test',\n        subject: 'Test',\n        template: `${templatePath}`,\n        context: {\n          world: 'World',\n        },\n      });\n\n      expect(send).toHaveBeenCalled();\n    } catch (error) {\n      expect(error.message).toBe(`ENOENT: no such file or directory, open '${templatePath}.pug'`);\n    }\n  });\n\n  it('should compile template with the pug adapter without inline css', async () => {\n    let lastMail: MailMessage;\n    const send = spyOnSmtpSend((mail: MailMessage) => {\n      lastMail = mail;\n    });\n\n    const service = await getMailerServiceForOptions({\n      transport: new SMTPTransport({}),\n      template: {\n        adapter: new PugAdapter({\n          inlineCssEnabled: false,\n        }),\n      },\n    });\n\n    await service.sendMail({\n      from: 'user1@example.test',\n      to: 'user2@example.test',\n      subject: 'Test',\n      template: `${template_path}/pug-template`,\n      context: {\n        world: 'World',\n      },\n    });\n\n    expect(send).toHaveBeenCalled();\n    expect(lastMail.data.from).toBe('user1@example.test');\n    expect(lastMail.data.html).toBe('<p>Pug test template.</p><p>Hello World!</p>');\n  });\n\n  it('should compile template with the ejs adapter', async () => {\n    let lastMail: MailMessage;\n    const send = spyOnSmtpSend((mail: MailMessage) => {\n      lastMail = mail;\n    });\n\n    const service = await getMailerServiceForOptions({\n      transport: new SMTPTransport({}),\n      template: {\n        adapter: new EjsAdapter(),\n      },\n    });\n\n    await service.sendMail({\n      from: 'user1@example.test',\n      to: 'user2@example.test',\n      subject: 'Test',\n      template: `${template_path}/ejs-template`,\n      context: {\n        MAILER: 'Nest-modules TM',\n      },\n    });\n\n    expect(send).toHaveBeenCalled();\n    expect(lastMail.data.from).toBe('user1@example.test');\n    expect(lastMail.data.html).toBe('<p>Ejs test template. by Nest-modules TM</p>');\n  });\n\n  it('should compile template with the ejs adapter with error to read template', async () => {\n    let templatePath = pathJoin(template_path, '/ejs-templates');\n    try {\n      let lastMail: MailMessage;\n      const send = spyOnSmtpSend((mail: MailMessage) => {\n        lastMail = mail;\n      });\n\n      const service = await getMailerServiceForOptions({\n        transport: new SMTPTransport({}),\n        template: {\n          adapter: new EjsAdapter(),\n        },\n      });\n\n      await service.sendMail({\n        from: 'user1@example.test',\n        to: 'user2@example.test',\n        subject: 'Test',\n        template: `${templatePath}`,\n        context: {\n          MAILER: 'Nest-modules TM',\n        },\n      });\n\n      expect(send).toHaveBeenCalled();\n    } catch (error) {\n      expect(error.message).toBe(\n        `Error: ENOENT: no such file or directory, open '${templatePath}.ejs'`,\n      );\n    }\n  });\n\n  it('should compile template with the ejs adapter read template relative url', async () => {\n    let lastMail: MailMessage;\n    const send = spyOnSmtpSend((mail: MailMessage) => {\n      lastMail = mail;\n    });\n\n    const service = await getMailerServiceForOptions({\n      transport: new SMTPTransport({}),\n      template: {\n        dir: template_path,\n        adapter: new EjsAdapter(),\n      },\n    });\n\n    await service.sendMail({\n      from: 'user1@example.test',\n      to: 'user2@example.test',\n      subject: 'Test',\n      template: `./ejs-template`,\n      context: {\n        MAILER: 'Nest-modules TM',\n      },\n    });\n\n    expect(send).toHaveBeenCalled();\n    expect(lastMail.data.from).toBe('user1@example.test');\n    expect(lastMail.data.html).toBe('<p>Ejs test template. by Nest-modules TM</p>');\n  });\n\n  it('should compile template with the ejs adapter without css inline', async () => {\n    let lastMail: MailMessage;\n    const send = spyOnSmtpSend((mail: MailMessage) => {\n      lastMail = mail;\n    });\n\n    const service = await getMailerServiceForOptions({\n      transport: new SMTPTransport({}),\n      template: {\n        adapter: new EjsAdapter({\n          inlineCssEnabled: false,\n        }),\n      },\n    });\n\n    await service.sendMail({\n      from: 'user1@example.test',\n      to: 'user2@example.test',\n      subject: 'Test',\n      template: `${template_path}/ejs-template`,\n      context: {\n        MAILER: 'Nest-modules TM',\n      },\n    });\n\n    expect(send).toHaveBeenCalled();\n    expect(lastMail.data.from).toBe('user1@example.test');\n    expect(lastMail.data.html).toBe('<p>Ejs test template. by Nest-modules TM</p>');\n  });\n\n  it('should compile template with the ejs adapter with css inline', async () => {\n    let lastMail: MailMessage;\n    const send = spyOnSmtpSend((mail: MailMessage) => {\n      lastMail = mail;\n    });\n\n    const service = await getMailerServiceForOptions({\n      transport: new SMTPTransport({}),\n      template: {\n        adapter: new EjsAdapter({\n          inlineCssEnabled: true,\n        }),\n      },\n    });\n\n    await service.sendMail({\n      from: 'user1@example.test',\n      to: 'user2@example.test',\n      subject: 'Test',\n      template: `${template_path}/ejs-template`,\n      context: {\n        MAILER: 'Nest-modules TM',\n      },\n    });\n\n    expect(send).toHaveBeenCalled();\n    expect(lastMail.data.from).toBe('user1@example.test');\n    expect(lastMail.data.html).toBe(\n      '<html><head></head><body><p>Ejs test template. by Nest-modules TM</p></body></html>',\n    );\n  });\n});\n",
              "err": {},
              "uuid": "66d0fa07-423f-4230-8a74-e5907afb5fe4",
              "parentUUID": "8a67b7e3-6702-4635-8650-d55bfe46363e",
              "isHook": false,
              "skipped": false
            },
            {
              "title": "MailerService > should accept a smtp transport string",
              "fullTitle": "should accept a smtp transport string",
              "timedOut": false,
              "duration": 6,
              "state": "passed",
              "speed": null,
              "pass": true,
              "fail": false,
              "pending": false,
              "context": null,
              "code": "import { Test, TestingModule } from '@nestjs/testing';\nimport { pathJoin } from '@tresdoce-nestjs-toolkit/test-utils';\nimport * as nodemailerMock from 'nodemailer-mock';\nimport MailMessage from 'nodemailer/lib/mailer/mail-message';\nimport SMTPTransport from 'nodemailer/lib/smtp-transport';\n\nimport { MAILER_OPTIONS, MAILER_TRANSPORT_FACTORY } from '../mailer/constants/mailer.constant';\n\nimport { MailerOptions, TransportType } from '../mailer/interfaces/mailer-options.interface';\nimport { MailerTransportFactory } from '../mailer/interfaces/mailer-transport-factory.interface';\n\nimport { HandlebarsAdapter } from '../mailer/adapters/handlebars.adapter';\nimport { PugAdapter } from '../mailer/adapters/pug.adapter';\nimport { EjsAdapter } from '../mailer/adapters/ejs.adapter';\n\nimport { MailerService } from '../mailer/services/mailer.service';\n\nconst template_path = pathJoin(__dirname, 'utils/test-templates');\n\nasync function getMailerServiceForOptions(options: MailerOptions): Promise<MailerService> {\n  const module: TestingModule = await Test.createTestingModule({\n    providers: [\n      {\n        name: MAILER_OPTIONS,\n        provide: MAILER_OPTIONS,\n        useValue: options,\n      },\n      MailerService,\n    ],\n  }).compile();\n\n  return module.get<MailerService>(MailerService);\n}\n\nfunction spyOnSmtpSend(onMail: (mail: MailMessage) => void) {\n  return jest\n    .spyOn(SMTPTransport.prototype, 'send')\n    .mockImplementation(function (\n      mail: MailMessage,\n      callback: (err: Error | null, info: SMTPTransport.SentMessageInfo) => void,\n    ): void {\n      onMail(mail);\n      callback(null, {\n        envelope: {\n          from: mail.data.from as string,\n          to: [mail.data.to as string],\n        },\n        messageId: 'ABCD',\n        accepted: [],\n        rejected: [],\n        pending: [],\n        response: 'ok',\n      });\n    });\n}\n\nasync function getMailerServiceWithCustomTransport(options: MailerOptions): Promise<MailerService> {\n  class TestTransportFactory implements MailerTransportFactory {\n    createTransport(options?: TransportType): any {\n      return nodemailerMock.createTransport({ host: 'localhost', port: -100 });\n    }\n  }\n\n  const module: TestingModule = await Test.createTestingModule({\n    providers: [\n      {\n        name: MAILER_OPTIONS,\n        provide: MAILER_OPTIONS,\n        useValue: options,\n      },\n      {\n        name: MAILER_TRANSPORT_FACTORY,\n        provide: MAILER_TRANSPORT_FACTORY,\n        useClass: TestTransportFactory,\n      },\n      MailerService,\n    ],\n  }).compile();\n  await module.init();\n\n  return module.get<MailerService>(MailerService);\n}\n\njest.setTimeout(70000);\ndescribe('MailerService', () => {\n  it('should not be defined if a transport is not provided', async () => {\n    await expect(getMailerServiceForOptions({})).rejects.toMatchInlineSnapshot(\n      `[Error: Make sure to provide a nodemailer transport configuration object, connection url or a transport plugin instance.]`,\n    );\n  });\n\n  it('should accept a smtp transport string', async () => {\n    const service = await getMailerServiceForOptions({\n      transport: 'smtps://user@domain.com:pass@smtp.domain.com',\n    });\n\n    expect(service).toBeDefined();\n    expect((service as any).transporter.transporter).toBeInstanceOf(SMTPTransport);\n  });\n\n  it('should accept a smtp transports string', async () => {\n    const service = await getMailerServiceForOptions({\n      transports: {\n        myDomain: 'smtps://user@domain.com:pass@smtp.domain.com',\n      },\n    });\n\n    expect(service).toBeDefined();\n    (service as any).transporters.forEach((value, key) => {\n      expect(value.transporter).toBeInstanceOf(SMTPTransport);\n    });\n  });\n\n  it('should accept smtp transport options', async () => {\n    const service = await getMailerServiceForOptions({\n      transport: {\n        secure: true,\n        requireTLS: true,\n        auth: {\n          user: 'user@domain.com',\n          pass: 'pass',\n        },\n        options: {\n          host: 'smtp.domain.com',\n        },\n      },\n    });\n\n    expect(service).toBeDefined();\n    expect((service as any).transporter.transporter).toBeInstanceOf(SMTPTransport);\n  });\n\n  it('should accept a smtp transport instance', async () => {\n    const transport = new SMTPTransport({});\n    const service = await getMailerServiceForOptions({\n      transport: transport,\n    });\n\n    expect(service).toBeDefined();\n    expect((service as any).transporter.transporter).toBe(transport);\n  });\n\n  it('should send emails with nodemailer', async () => {\n    let lastMail: MailMessage;\n    const send = spyOnSmtpSend((mail: MailMessage) => {\n      lastMail = mail;\n    });\n\n    const service = await getMailerServiceForOptions({\n      transport: 'smtps://user@domain.com:pass@smtp.domain.com',\n    });\n\n    await service.sendMail({\n      from: 'user1@example.test',\n      to: 'user2@example.test',\n      subject: 'Test',\n      html: 'This is test.',\n    });\n\n    expect(send).toHaveBeenCalled();\n    expect(lastMail.data.from).toBe('user1@example.test');\n    expect(lastMail.data.to).toBe('user2@example.test');\n    expect(lastMail.data.subject).toBe('Test');\n    expect(lastMail.data.html).toBe('This is test.');\n  });\n\n  it('should send emails with nodemailer transports', async () => {\n    let lastMail: MailMessage;\n    const send = spyOnSmtpSend((mail: MailMessage) => {\n      lastMail = mail;\n    });\n\n    const service = await getMailerServiceForOptions({\n      transports: {\n        myDomain: 'smtps://user@domain.com:pass@smtp.domain.com',\n      },\n    });\n\n    await service.sendMail({\n      transporterName: 'myDomain',\n      from: 'user1@example.test',\n      to: 'user2@example.test',\n      subject: 'Test',\n      html: 'This is test.',\n    });\n\n    expect(send).toHaveBeenCalled();\n    expect(lastMail.data.from).toBe('user1@example.test');\n    expect(lastMail.data.to).toBe('user2@example.test');\n    expect(lastMail.data.subject).toBe('Test');\n    expect(lastMail.data.html).toBe('This is test.');\n  });\n\n  it('should send emails with nodemailer with different transports name', async () => {\n    try {\n      let lastMail: MailMessage;\n      const send = spyOnSmtpSend((mail: MailMessage) => {\n        lastMail = mail;\n      });\n\n      const service = await getMailerServiceForOptions({\n        transports: {\n          myDomain: 'smtps://user@domain.com:pass@smtp.domain.com',\n        },\n      });\n\n      await service.sendMail({\n        transporterName: 'testDomain',\n        from: 'user1@example.test',\n        to: 'user2@example.test',\n        subject: 'Test',\n        html: 'This is test.',\n      });\n\n      expect(send).toHaveBeenCalled();\n    } catch (error) {\n      expect(error.message).toBe(\"Transporters object doesn't have testDomain key\");\n    }\n  });\n\n  it('should send emails with nodemailer without transports', async () => {\n    try {\n      let lastMail: MailMessage;\n      const send = spyOnSmtpSend((mail: MailMessage) => {\n        lastMail = mail;\n      });\n\n      const service = await getMailerServiceForOptions({\n        transports: {},\n      });\n\n      await service.sendMail({\n        from: 'user1@example.test',\n        to: 'user2@example.test',\n        subject: 'Test',\n        html: 'This is test.',\n      });\n\n      expect(send).toHaveBeenCalled();\n    } catch (error) {\n      expect(error.message).toBe('Transporter object undefined');\n    }\n  });\n\n  it('should use mailerOptions.defaults when send emails', async () => {\n    let lastMail: MailMessage;\n    const send = spyOnSmtpSend((mail: MailMessage) => {\n      lastMail = mail;\n    });\n\n    const service = await getMailerServiceForOptions({\n      transport: 'smtps://user@domain.com:pass@smtp.domain.com',\n      defaults: {\n        from: 'user1@example.test',\n      },\n    });\n\n    await service.sendMail({\n      to: 'user2@example.test',\n      subject: 'Test',\n      html: 'This is test.',\n    });\n\n    expect(send).toHaveBeenCalled();\n    expect(lastMail.data.from).toBe('user1@example.test');\n  });\n\n  it('should use custom transport to send mail', async () => {\n    const service = await getMailerServiceWithCustomTransport({\n      transport: 'smtps://user@domain.com:pass@smtp.domain.com',\n    });\n    await service.sendMail({\n      to: 'user2@example.test',\n      subject: 'Test',\n      html: 'This is test.',\n    });\n\n    expect(nodemailerMock.mock.getSentMail().length).toEqual(1);\n  });\n\n  it('should compile template with the handlebars adapter', async () => {\n    let lastMail: MailMessage;\n    const send = spyOnSmtpSend((mail: MailMessage) => {\n      lastMail = mail;\n    });\n\n    const service = await getMailerServiceForOptions({\n      transport: new SMTPTransport({}),\n      template: {\n        adapter: new HandlebarsAdapter(),\n      },\n    });\n\n    await service.sendMail({\n      from: 'user1@example.test',\n      to: 'user2@example.test',\n      subject: 'Test',\n      template: `${template_path}/handlebars-template`,\n      context: {\n        MAILER: 'Nest-modules TM',\n      },\n    });\n\n    expect(send).toHaveBeenCalled();\n    expect(lastMail.data.from).toBe('user1@example.test');\n    expect(lastMail.data.html).toBe(\n      '<html><head></head><body><p>Handlebars test template. by Nest-modules TM</p></body></html>',\n    );\n  });\n\n  it('should compile template with the handlebars adapter with relative path', async () => {\n    let lastMail: MailMessage;\n    const send = spyOnSmtpSend((mail: MailMessage) => {\n      lastMail = mail;\n    });\n\n    const service = await getMailerServiceForOptions({\n      transport: new SMTPTransport({}),\n      template: {\n        adapter: new HandlebarsAdapter(),\n        dir: `${template_path}`,\n      },\n      options: {\n        strict: true,\n        partials: {\n          dir: `${template_path}`,\n        },\n      },\n    });\n\n    await service.sendMail({\n      from: 'user1@example.test',\n      to: 'user2@example.test',\n      subject: 'Test',\n      template: `./handlebars-template`,\n      context: {\n        MAILER: 'Nest-modules TM',\n      },\n    });\n\n    expect(send).toHaveBeenCalled();\n    expect(lastMail.data.from).toBe('user1@example.test');\n    expect(lastMail.data.html).toBe(\n      '<html><head></head><body><p>Handlebars test template. by Nest-modules TM</p></body></html>',\n    );\n  });\n\n  it('should compile template with the handlebars adapter with error template path', async () => {\n    let templatePath = pathJoin(template_path, '/handlebars-templates');\n    try {\n      let lastMail: MailMessage;\n      const send = spyOnSmtpSend((mail: MailMessage) => {\n        lastMail = mail;\n      });\n\n      const service = await getMailerServiceForOptions({\n        transport: new SMTPTransport({}),\n        template: {\n          adapter: new HandlebarsAdapter(),\n        },\n      });\n\n      await service.sendMail({\n        from: 'user1@example.test',\n        to: 'user2@example.test',\n        subject: 'Test',\n        template: `${templatePath}`,\n        context: {\n          MAILER: 'Nest-modules TM',\n        },\n      });\n\n      expect(send).toHaveBeenCalled();\n    } catch (error) {\n      expect(error.message).toBe(\n        `Error: ENOENT: no such file or directory, open '${templatePath}.hbs'`,\n      );\n    }\n  });\n\n  it('should compile template with the handlebars adapter with disabled inline-css', async () => {\n    let lastMail: MailMessage;\n    const send = spyOnSmtpSend((mail: MailMessage) => {\n      lastMail = mail;\n    });\n\n    /*{\n      myHelper: (context, value) => {\n        console.log(context, value);\n      },\n    }*/\n\n    const service = await getMailerServiceForOptions({\n      transport: new SMTPTransport({}),\n      template: {\n        adapter: new HandlebarsAdapter(undefined, { inlineCssEnabled: false }),\n      },\n    });\n\n    await service.sendMail({\n      from: 'user1@example.test',\n      to: 'user2@example.test',\n      subject: 'Test',\n      template: `${template_path}/handlebars-template-media-query`,\n      context: {\n        MAILER: 'Nest-modules TM',\n      },\n    });\n\n    expect(send).toHaveBeenCalled();\n    expect(lastMail.data.from).toBe('user1@example.test');\n    expect(lastMail.data.html).toContain('@media only screen and (max-width:350px)');\n    expect(lastMail.data.html).toContain('<p>Handlebars test template. by Nest-modules TM</p>');\n  });\n\n  it('should compile template with the handlebars adapter with enabled inline-css and media query', async () => {\n    let lastMail: MailMessage;\n    const send = spyOnSmtpSend((mail: MailMessage) => {\n      lastMail = mail;\n    });\n\n    const service = await getMailerServiceForOptions({\n      transport: new SMTPTransport({}),\n      template: {\n        adapter: new HandlebarsAdapter(undefined, {\n          inlineCssEnabled: true,\n          inlineCssOptions: { url: ' ', preserveMediaQueries: true },\n        }),\n      },\n    });\n\n    await service.sendMail({\n      from: 'user1@example.test',\n      to: 'user2@example.test',\n      subject: 'Test',\n      template: `${template_path}/handlebars-template-media-query`,\n      context: {\n        MAILER: 'Nest-modules TM',\n      },\n    });\n\n    expect(send).toHaveBeenCalled();\n    expect(lastMail.data.from).toBe('user1@example.test');\n    expect(lastMail.data.html).toContain('@media only screen and (max-width:350px)');\n    expect(lastMail.data.html).toContain('<p>Handlebars test template. by Nest-modules TM</p>');\n  });\n\n  it('should compile template with the pug adapter', async () => {\n    let lastMail: MailMessage;\n    const send = spyOnSmtpSend((mail: MailMessage) => {\n      lastMail = mail;\n    });\n\n    const service = await getMailerServiceForOptions({\n      transport: new SMTPTransport({}),\n      template: {\n        adapter: new PugAdapter(),\n      },\n    });\n\n    await service.sendMail({\n      from: 'user1@example.test',\n      to: 'user2@example.test',\n      subject: 'Test',\n      template: `${template_path}/pug-template`,\n      context: {\n        world: 'World',\n      },\n    });\n\n    expect(send).toHaveBeenCalled();\n    expect(lastMail.data.from).toBe('user1@example.test');\n    expect(lastMail.data.html).toBe(\n      '<html><head></head><body><p>Pug test template.</p><p>Hello World!</p></body></html>',\n    );\n  });\n\n  it('should compile template with the pug adapter with relative path', async () => {\n    let lastMail: MailMessage;\n    const send = spyOnSmtpSend((mail: MailMessage) => {\n      lastMail = mail;\n    });\n\n    const service = await getMailerServiceForOptions({\n      transport: new SMTPTransport({}),\n      template: {\n        adapter: new PugAdapter(),\n        dir: template_path,\n      },\n    });\n\n    await service.sendMail({\n      from: 'user1@example.test',\n      to: 'user2@example.test',\n      subject: 'Test',\n      template: `./pug-template`,\n      context: {\n        world: 'World',\n      },\n    });\n\n    expect(send).toHaveBeenCalled();\n    expect(lastMail.data.from).toBe('user1@example.test');\n    expect(lastMail.data.html).toBe(\n      '<html><head></head><body><p>Pug test template.</p><p>Hello World!</p></body></html>',\n    );\n  });\n\n  it('should compile template with the pug adapter with error to read template', async () => {\n    let templatePath = pathJoin(template_path, '/pug-templates');\n\n    try {\n      let lastMail: MailMessage;\n      const send = spyOnSmtpSend((mail: MailMessage) => {\n        lastMail = mail;\n      });\n\n      const service = await getMailerServiceForOptions({\n        transport: new SMTPTransport({}),\n        template: {\n          adapter: new PugAdapter(),\n        },\n      });\n\n      await service.sendMail({\n        from: 'user1@example.test',\n        to: 'user2@example.test',\n        subject: 'Test',\n        template: `${templatePath}`,\n        context: {\n          world: 'World',\n        },\n      });\n\n      expect(send).toHaveBeenCalled();\n    } catch (error) {\n      expect(error.message).toBe(`ENOENT: no such file or directory, open '${templatePath}.pug'`);\n    }\n  });\n\n  it('should compile template with the pug adapter without inline css', async () => {\n    let lastMail: MailMessage;\n    const send = spyOnSmtpSend((mail: MailMessage) => {\n      lastMail = mail;\n    });\n\n    const service = await getMailerServiceForOptions({\n      transport: new SMTPTransport({}),\n      template: {\n        adapter: new PugAdapter({\n          inlineCssEnabled: false,\n        }),\n      },\n    });\n\n    await service.sendMail({\n      from: 'user1@example.test',\n      to: 'user2@example.test',\n      subject: 'Test',\n      template: `${template_path}/pug-template`,\n      context: {\n        world: 'World',\n      },\n    });\n\n    expect(send).toHaveBeenCalled();\n    expect(lastMail.data.from).toBe('user1@example.test');\n    expect(lastMail.data.html).toBe('<p>Pug test template.</p><p>Hello World!</p>');\n  });\n\n  it('should compile template with the ejs adapter', async () => {\n    let lastMail: MailMessage;\n    const send = spyOnSmtpSend((mail: MailMessage) => {\n      lastMail = mail;\n    });\n\n    const service = await getMailerServiceForOptions({\n      transport: new SMTPTransport({}),\n      template: {\n        adapter: new EjsAdapter(),\n      },\n    });\n\n    await service.sendMail({\n      from: 'user1@example.test',\n      to: 'user2@example.test',\n      subject: 'Test',\n      template: `${template_path}/ejs-template`,\n      context: {\n        MAILER: 'Nest-modules TM',\n      },\n    });\n\n    expect(send).toHaveBeenCalled();\n    expect(lastMail.data.from).toBe('user1@example.test');\n    expect(lastMail.data.html).toBe('<p>Ejs test template. by Nest-modules TM</p>');\n  });\n\n  it('should compile template with the ejs adapter with error to read template', async () => {\n    let templatePath = pathJoin(template_path, '/ejs-templates');\n    try {\n      let lastMail: MailMessage;\n      const send = spyOnSmtpSend((mail: MailMessage) => {\n        lastMail = mail;\n      });\n\n      const service = await getMailerServiceForOptions({\n        transport: new SMTPTransport({}),\n        template: {\n          adapter: new EjsAdapter(),\n        },\n      });\n\n      await service.sendMail({\n        from: 'user1@example.test',\n        to: 'user2@example.test',\n        subject: 'Test',\n        template: `${templatePath}`,\n        context: {\n          MAILER: 'Nest-modules TM',\n        },\n      });\n\n      expect(send).toHaveBeenCalled();\n    } catch (error) {\n      expect(error.message).toBe(\n        `Error: ENOENT: no such file or directory, open '${templatePath}.ejs'`,\n      );\n    }\n  });\n\n  it('should compile template with the ejs adapter read template relative url', async () => {\n    let lastMail: MailMessage;\n    const send = spyOnSmtpSend((mail: MailMessage) => {\n      lastMail = mail;\n    });\n\n    const service = await getMailerServiceForOptions({\n      transport: new SMTPTransport({}),\n      template: {\n        dir: template_path,\n        adapter: new EjsAdapter(),\n      },\n    });\n\n    await service.sendMail({\n      from: 'user1@example.test',\n      to: 'user2@example.test',\n      subject: 'Test',\n      template: `./ejs-template`,\n      context: {\n        MAILER: 'Nest-modules TM',\n      },\n    });\n\n    expect(send).toHaveBeenCalled();\n    expect(lastMail.data.from).toBe('user1@example.test');\n    expect(lastMail.data.html).toBe('<p>Ejs test template. by Nest-modules TM</p>');\n  });\n\n  it('should compile template with the ejs adapter without css inline', async () => {\n    let lastMail: MailMessage;\n    const send = spyOnSmtpSend((mail: MailMessage) => {\n      lastMail = mail;\n    });\n\n    const service = await getMailerServiceForOptions({\n      transport: new SMTPTransport({}),\n      template: {\n        adapter: new EjsAdapter({\n          inlineCssEnabled: false,\n        }),\n      },\n    });\n\n    await service.sendMail({\n      from: 'user1@example.test',\n      to: 'user2@example.test',\n      subject: 'Test',\n      template: `${template_path}/ejs-template`,\n      context: {\n        MAILER: 'Nest-modules TM',\n      },\n    });\n\n    expect(send).toHaveBeenCalled();\n    expect(lastMail.data.from).toBe('user1@example.test');\n    expect(lastMail.data.html).toBe('<p>Ejs test template. by Nest-modules TM</p>');\n  });\n\n  it('should compile template with the ejs adapter with css inline', async () => {\n    let lastMail: MailMessage;\n    const send = spyOnSmtpSend((mail: MailMessage) => {\n      lastMail = mail;\n    });\n\n    const service = await getMailerServiceForOptions({\n      transport: new SMTPTransport({}),\n      template: {\n        adapter: new EjsAdapter({\n          inlineCssEnabled: true,\n        }),\n      },\n    });\n\n    await service.sendMail({\n      from: 'user1@example.test',\n      to: 'user2@example.test',\n      subject: 'Test',\n      template: `${template_path}/ejs-template`,\n      context: {\n        MAILER: 'Nest-modules TM',\n      },\n    });\n\n    expect(send).toHaveBeenCalled();\n    expect(lastMail.data.from).toBe('user1@example.test');\n    expect(lastMail.data.html).toBe(\n      '<html><head></head><body><p>Ejs test template. by Nest-modules TM</p></body></html>',\n    );\n  });\n});\n",
              "err": {},
              "uuid": "5b15c2dd-49f3-40ab-9b87-7abe208bd17e",
              "parentUUID": "8a67b7e3-6702-4635-8650-d55bfe46363e",
              "isHook": false,
              "skipped": false
            },
            {
              "title": "MailerService > should accept a smtp transports string",
              "fullTitle": "should accept a smtp transports string",
              "timedOut": false,
              "duration": 3,
              "state": "passed",
              "speed": null,
              "pass": true,
              "fail": false,
              "pending": false,
              "context": null,
              "code": "import { Test, TestingModule } from '@nestjs/testing';\nimport { pathJoin } from '@tresdoce-nestjs-toolkit/test-utils';\nimport * as nodemailerMock from 'nodemailer-mock';\nimport MailMessage from 'nodemailer/lib/mailer/mail-message';\nimport SMTPTransport from 'nodemailer/lib/smtp-transport';\n\nimport { MAILER_OPTIONS, MAILER_TRANSPORT_FACTORY } from '../mailer/constants/mailer.constant';\n\nimport { MailerOptions, TransportType } from '../mailer/interfaces/mailer-options.interface';\nimport { MailerTransportFactory } from '../mailer/interfaces/mailer-transport-factory.interface';\n\nimport { HandlebarsAdapter } from '../mailer/adapters/handlebars.adapter';\nimport { PugAdapter } from '../mailer/adapters/pug.adapter';\nimport { EjsAdapter } from '../mailer/adapters/ejs.adapter';\n\nimport { MailerService } from '../mailer/services/mailer.service';\n\nconst template_path = pathJoin(__dirname, 'utils/test-templates');\n\nasync function getMailerServiceForOptions(options: MailerOptions): Promise<MailerService> {\n  const module: TestingModule = await Test.createTestingModule({\n    providers: [\n      {\n        name: MAILER_OPTIONS,\n        provide: MAILER_OPTIONS,\n        useValue: options,\n      },\n      MailerService,\n    ],\n  }).compile();\n\n  return module.get<MailerService>(MailerService);\n}\n\nfunction spyOnSmtpSend(onMail: (mail: MailMessage) => void) {\n  return jest\n    .spyOn(SMTPTransport.prototype, 'send')\n    .mockImplementation(function (\n      mail: MailMessage,\n      callback: (err: Error | null, info: SMTPTransport.SentMessageInfo) => void,\n    ): void {\n      onMail(mail);\n      callback(null, {\n        envelope: {\n          from: mail.data.from as string,\n          to: [mail.data.to as string],\n        },\n        messageId: 'ABCD',\n        accepted: [],\n        rejected: [],\n        pending: [],\n        response: 'ok',\n      });\n    });\n}\n\nasync function getMailerServiceWithCustomTransport(options: MailerOptions): Promise<MailerService> {\n  class TestTransportFactory implements MailerTransportFactory {\n    createTransport(options?: TransportType): any {\n      return nodemailerMock.createTransport({ host: 'localhost', port: -100 });\n    }\n  }\n\n  const module: TestingModule = await Test.createTestingModule({\n    providers: [\n      {\n        name: MAILER_OPTIONS,\n        provide: MAILER_OPTIONS,\n        useValue: options,\n      },\n      {\n        name: MAILER_TRANSPORT_FACTORY,\n        provide: MAILER_TRANSPORT_FACTORY,\n        useClass: TestTransportFactory,\n      },\n      MailerService,\n    ],\n  }).compile();\n  await module.init();\n\n  return module.get<MailerService>(MailerService);\n}\n\njest.setTimeout(70000);\ndescribe('MailerService', () => {\n  it('should not be defined if a transport is not provided', async () => {\n    await expect(getMailerServiceForOptions({})).rejects.toMatchInlineSnapshot(\n      `[Error: Make sure to provide a nodemailer transport configuration object, connection url or a transport plugin instance.]`,\n    );\n  });\n\n  it('should accept a smtp transport string', async () => {\n    const service = await getMailerServiceForOptions({\n      transport: 'smtps://user@domain.com:pass@smtp.domain.com',\n    });\n\n    expect(service).toBeDefined();\n    expect((service as any).transporter.transporter).toBeInstanceOf(SMTPTransport);\n  });\n\n  it('should accept a smtp transports string', async () => {\n    const service = await getMailerServiceForOptions({\n      transports: {\n        myDomain: 'smtps://user@domain.com:pass@smtp.domain.com',\n      },\n    });\n\n    expect(service).toBeDefined();\n    (service as any).transporters.forEach((value, key) => {\n      expect(value.transporter).toBeInstanceOf(SMTPTransport);\n    });\n  });\n\n  it('should accept smtp transport options', async () => {\n    const service = await getMailerServiceForOptions({\n      transport: {\n        secure: true,\n        requireTLS: true,\n        auth: {\n          user: 'user@domain.com',\n          pass: 'pass',\n        },\n        options: {\n          host: 'smtp.domain.com',\n        },\n      },\n    });\n\n    expect(service).toBeDefined();\n    expect((service as any).transporter.transporter).toBeInstanceOf(SMTPTransport);\n  });\n\n  it('should accept a smtp transport instance', async () => {\n    const transport = new SMTPTransport({});\n    const service = await getMailerServiceForOptions({\n      transport: transport,\n    });\n\n    expect(service).toBeDefined();\n    expect((service as any).transporter.transporter).toBe(transport);\n  });\n\n  it('should send emails with nodemailer', async () => {\n    let lastMail: MailMessage;\n    const send = spyOnSmtpSend((mail: MailMessage) => {\n      lastMail = mail;\n    });\n\n    const service = await getMailerServiceForOptions({\n      transport: 'smtps://user@domain.com:pass@smtp.domain.com',\n    });\n\n    await service.sendMail({\n      from: 'user1@example.test',\n      to: 'user2@example.test',\n      subject: 'Test',\n      html: 'This is test.',\n    });\n\n    expect(send).toHaveBeenCalled();\n    expect(lastMail.data.from).toBe('user1@example.test');\n    expect(lastMail.data.to).toBe('user2@example.test');\n    expect(lastMail.data.subject).toBe('Test');\n    expect(lastMail.data.html).toBe('This is test.');\n  });\n\n  it('should send emails with nodemailer transports', async () => {\n    let lastMail: MailMessage;\n    const send = spyOnSmtpSend((mail: MailMessage) => {\n      lastMail = mail;\n    });\n\n    const service = await getMailerServiceForOptions({\n      transports: {\n        myDomain: 'smtps://user@domain.com:pass@smtp.domain.com',\n      },\n    });\n\n    await service.sendMail({\n      transporterName: 'myDomain',\n      from: 'user1@example.test',\n      to: 'user2@example.test',\n      subject: 'Test',\n      html: 'This is test.',\n    });\n\n    expect(send).toHaveBeenCalled();\n    expect(lastMail.data.from).toBe('user1@example.test');\n    expect(lastMail.data.to).toBe('user2@example.test');\n    expect(lastMail.data.subject).toBe('Test');\n    expect(lastMail.data.html).toBe('This is test.');\n  });\n\n  it('should send emails with nodemailer with different transports name', async () => {\n    try {\n      let lastMail: MailMessage;\n      const send = spyOnSmtpSend((mail: MailMessage) => {\n        lastMail = mail;\n      });\n\n      const service = await getMailerServiceForOptions({\n        transports: {\n          myDomain: 'smtps://user@domain.com:pass@smtp.domain.com',\n        },\n      });\n\n      await service.sendMail({\n        transporterName: 'testDomain',\n        from: 'user1@example.test',\n        to: 'user2@example.test',\n        subject: 'Test',\n        html: 'This is test.',\n      });\n\n      expect(send).toHaveBeenCalled();\n    } catch (error) {\n      expect(error.message).toBe(\"Transporters object doesn't have testDomain key\");\n    }\n  });\n\n  it('should send emails with nodemailer without transports', async () => {\n    try {\n      let lastMail: MailMessage;\n      const send = spyOnSmtpSend((mail: MailMessage) => {\n        lastMail = mail;\n      });\n\n      const service = await getMailerServiceForOptions({\n        transports: {},\n      });\n\n      await service.sendMail({\n        from: 'user1@example.test',\n        to: 'user2@example.test',\n        subject: 'Test',\n        html: 'This is test.',\n      });\n\n      expect(send).toHaveBeenCalled();\n    } catch (error) {\n      expect(error.message).toBe('Transporter object undefined');\n    }\n  });\n\n  it('should use mailerOptions.defaults when send emails', async () => {\n    let lastMail: MailMessage;\n    const send = spyOnSmtpSend((mail: MailMessage) => {\n      lastMail = mail;\n    });\n\n    const service = await getMailerServiceForOptions({\n      transport: 'smtps://user@domain.com:pass@smtp.domain.com',\n      defaults: {\n        from: 'user1@example.test',\n      },\n    });\n\n    await service.sendMail({\n      to: 'user2@example.test',\n      subject: 'Test',\n      html: 'This is test.',\n    });\n\n    expect(send).toHaveBeenCalled();\n    expect(lastMail.data.from).toBe('user1@example.test');\n  });\n\n  it('should use custom transport to send mail', async () => {\n    const service = await getMailerServiceWithCustomTransport({\n      transport: 'smtps://user@domain.com:pass@smtp.domain.com',\n    });\n    await service.sendMail({\n      to: 'user2@example.test',\n      subject: 'Test',\n      html: 'This is test.',\n    });\n\n    expect(nodemailerMock.mock.getSentMail().length).toEqual(1);\n  });\n\n  it('should compile template with the handlebars adapter', async () => {\n    let lastMail: MailMessage;\n    const send = spyOnSmtpSend((mail: MailMessage) => {\n      lastMail = mail;\n    });\n\n    const service = await getMailerServiceForOptions({\n      transport: new SMTPTransport({}),\n      template: {\n        adapter: new HandlebarsAdapter(),\n      },\n    });\n\n    await service.sendMail({\n      from: 'user1@example.test',\n      to: 'user2@example.test',\n      subject: 'Test',\n      template: `${template_path}/handlebars-template`,\n      context: {\n        MAILER: 'Nest-modules TM',\n      },\n    });\n\n    expect(send).toHaveBeenCalled();\n    expect(lastMail.data.from).toBe('user1@example.test');\n    expect(lastMail.data.html).toBe(\n      '<html><head></head><body><p>Handlebars test template. by Nest-modules TM</p></body></html>',\n    );\n  });\n\n  it('should compile template with the handlebars adapter with relative path', async () => {\n    let lastMail: MailMessage;\n    const send = spyOnSmtpSend((mail: MailMessage) => {\n      lastMail = mail;\n    });\n\n    const service = await getMailerServiceForOptions({\n      transport: new SMTPTransport({}),\n      template: {\n        adapter: new HandlebarsAdapter(),\n        dir: `${template_path}`,\n      },\n      options: {\n        strict: true,\n        partials: {\n          dir: `${template_path}`,\n        },\n      },\n    });\n\n    await service.sendMail({\n      from: 'user1@example.test',\n      to: 'user2@example.test',\n      subject: 'Test',\n      template: `./handlebars-template`,\n      context: {\n        MAILER: 'Nest-modules TM',\n      },\n    });\n\n    expect(send).toHaveBeenCalled();\n    expect(lastMail.data.from).toBe('user1@example.test');\n    expect(lastMail.data.html).toBe(\n      '<html><head></head><body><p>Handlebars test template. by Nest-modules TM</p></body></html>',\n    );\n  });\n\n  it('should compile template with the handlebars adapter with error template path', async () => {\n    let templatePath = pathJoin(template_path, '/handlebars-templates');\n    try {\n      let lastMail: MailMessage;\n      const send = spyOnSmtpSend((mail: MailMessage) => {\n        lastMail = mail;\n      });\n\n      const service = await getMailerServiceForOptions({\n        transport: new SMTPTransport({}),\n        template: {\n          adapter: new HandlebarsAdapter(),\n        },\n      });\n\n      await service.sendMail({\n        from: 'user1@example.test',\n        to: 'user2@example.test',\n        subject: 'Test',\n        template: `${templatePath}`,\n        context: {\n          MAILER: 'Nest-modules TM',\n        },\n      });\n\n      expect(send).toHaveBeenCalled();\n    } catch (error) {\n      expect(error.message).toBe(\n        `Error: ENOENT: no such file or directory, open '${templatePath}.hbs'`,\n      );\n    }\n  });\n\n  it('should compile template with the handlebars adapter with disabled inline-css', async () => {\n    let lastMail: MailMessage;\n    const send = spyOnSmtpSend((mail: MailMessage) => {\n      lastMail = mail;\n    });\n\n    /*{\n      myHelper: (context, value) => {\n        console.log(context, value);\n      },\n    }*/\n\n    const service = await getMailerServiceForOptions({\n      transport: new SMTPTransport({}),\n      template: {\n        adapter: new HandlebarsAdapter(undefined, { inlineCssEnabled: false }),\n      },\n    });\n\n    await service.sendMail({\n      from: 'user1@example.test',\n      to: 'user2@example.test',\n      subject: 'Test',\n      template: `${template_path}/handlebars-template-media-query`,\n      context: {\n        MAILER: 'Nest-modules TM',\n      },\n    });\n\n    expect(send).toHaveBeenCalled();\n    expect(lastMail.data.from).toBe('user1@example.test');\n    expect(lastMail.data.html).toContain('@media only screen and (max-width:350px)');\n    expect(lastMail.data.html).toContain('<p>Handlebars test template. by Nest-modules TM</p>');\n  });\n\n  it('should compile template with the handlebars adapter with enabled inline-css and media query', async () => {\n    let lastMail: MailMessage;\n    const send = spyOnSmtpSend((mail: MailMessage) => {\n      lastMail = mail;\n    });\n\n    const service = await getMailerServiceForOptions({\n      transport: new SMTPTransport({}),\n      template: {\n        adapter: new HandlebarsAdapter(undefined, {\n          inlineCssEnabled: true,\n          inlineCssOptions: { url: ' ', preserveMediaQueries: true },\n        }),\n      },\n    });\n\n    await service.sendMail({\n      from: 'user1@example.test',\n      to: 'user2@example.test',\n      subject: 'Test',\n      template: `${template_path}/handlebars-template-media-query`,\n      context: {\n        MAILER: 'Nest-modules TM',\n      },\n    });\n\n    expect(send).toHaveBeenCalled();\n    expect(lastMail.data.from).toBe('user1@example.test');\n    expect(lastMail.data.html).toContain('@media only screen and (max-width:350px)');\n    expect(lastMail.data.html).toContain('<p>Handlebars test template. by Nest-modules TM</p>');\n  });\n\n  it('should compile template with the pug adapter', async () => {\n    let lastMail: MailMessage;\n    const send = spyOnSmtpSend((mail: MailMessage) => {\n      lastMail = mail;\n    });\n\n    const service = await getMailerServiceForOptions({\n      transport: new SMTPTransport({}),\n      template: {\n        adapter: new PugAdapter(),\n      },\n    });\n\n    await service.sendMail({\n      from: 'user1@example.test',\n      to: 'user2@example.test',\n      subject: 'Test',\n      template: `${template_path}/pug-template`,\n      context: {\n        world: 'World',\n      },\n    });\n\n    expect(send).toHaveBeenCalled();\n    expect(lastMail.data.from).toBe('user1@example.test');\n    expect(lastMail.data.html).toBe(\n      '<html><head></head><body><p>Pug test template.</p><p>Hello World!</p></body></html>',\n    );\n  });\n\n  it('should compile template with the pug adapter with relative path', async () => {\n    let lastMail: MailMessage;\n    const send = spyOnSmtpSend((mail: MailMessage) => {\n      lastMail = mail;\n    });\n\n    const service = await getMailerServiceForOptions({\n      transport: new SMTPTransport({}),\n      template: {\n        adapter: new PugAdapter(),\n        dir: template_path,\n      },\n    });\n\n    await service.sendMail({\n      from: 'user1@example.test',\n      to: 'user2@example.test',\n      subject: 'Test',\n      template: `./pug-template`,\n      context: {\n        world: 'World',\n      },\n    });\n\n    expect(send).toHaveBeenCalled();\n    expect(lastMail.data.from).toBe('user1@example.test');\n    expect(lastMail.data.html).toBe(\n      '<html><head></head><body><p>Pug test template.</p><p>Hello World!</p></body></html>',\n    );\n  });\n\n  it('should compile template with the pug adapter with error to read template', async () => {\n    let templatePath = pathJoin(template_path, '/pug-templates');\n\n    try {\n      let lastMail: MailMessage;\n      const send = spyOnSmtpSend((mail: MailMessage) => {\n        lastMail = mail;\n      });\n\n      const service = await getMailerServiceForOptions({\n        transport: new SMTPTransport({}),\n        template: {\n          adapter: new PugAdapter(),\n        },\n      });\n\n      await service.sendMail({\n        from: 'user1@example.test',\n        to: 'user2@example.test',\n        subject: 'Test',\n        template: `${templatePath}`,\n        context: {\n          world: 'World',\n        },\n      });\n\n      expect(send).toHaveBeenCalled();\n    } catch (error) {\n      expect(error.message).toBe(`ENOENT: no such file or directory, open '${templatePath}.pug'`);\n    }\n  });\n\n  it('should compile template with the pug adapter without inline css', async () => {\n    let lastMail: MailMessage;\n    const send = spyOnSmtpSend((mail: MailMessage) => {\n      lastMail = mail;\n    });\n\n    const service = await getMailerServiceForOptions({\n      transport: new SMTPTransport({}),\n      template: {\n        adapter: new PugAdapter({\n          inlineCssEnabled: false,\n        }),\n      },\n    });\n\n    await service.sendMail({\n      from: 'user1@example.test',\n      to: 'user2@example.test',\n      subject: 'Test',\n      template: `${template_path}/pug-template`,\n      context: {\n        world: 'World',\n      },\n    });\n\n    expect(send).toHaveBeenCalled();\n    expect(lastMail.data.from).toBe('user1@example.test');\n    expect(lastMail.data.html).toBe('<p>Pug test template.</p><p>Hello World!</p>');\n  });\n\n  it('should compile template with the ejs adapter', async () => {\n    let lastMail: MailMessage;\n    const send = spyOnSmtpSend((mail: MailMessage) => {\n      lastMail = mail;\n    });\n\n    const service = await getMailerServiceForOptions({\n      transport: new SMTPTransport({}),\n      template: {\n        adapter: new EjsAdapter(),\n      },\n    });\n\n    await service.sendMail({\n      from: 'user1@example.test',\n      to: 'user2@example.test',\n      subject: 'Test',\n      template: `${template_path}/ejs-template`,\n      context: {\n        MAILER: 'Nest-modules TM',\n      },\n    });\n\n    expect(send).toHaveBeenCalled();\n    expect(lastMail.data.from).toBe('user1@example.test');\n    expect(lastMail.data.html).toBe('<p>Ejs test template. by Nest-modules TM</p>');\n  });\n\n  it('should compile template with the ejs adapter with error to read template', async () => {\n    let templatePath = pathJoin(template_path, '/ejs-templates');\n    try {\n      let lastMail: MailMessage;\n      const send = spyOnSmtpSend((mail: MailMessage) => {\n        lastMail = mail;\n      });\n\n      const service = await getMailerServiceForOptions({\n        transport: new SMTPTransport({}),\n        template: {\n          adapter: new EjsAdapter(),\n        },\n      });\n\n      await service.sendMail({\n        from: 'user1@example.test',\n        to: 'user2@example.test',\n        subject: 'Test',\n        template: `${templatePath}`,\n        context: {\n          MAILER: 'Nest-modules TM',\n        },\n      });\n\n      expect(send).toHaveBeenCalled();\n    } catch (error) {\n      expect(error.message).toBe(\n        `Error: ENOENT: no such file or directory, open '${templatePath}.ejs'`,\n      );\n    }\n  });\n\n  it('should compile template with the ejs adapter read template relative url', async () => {\n    let lastMail: MailMessage;\n    const send = spyOnSmtpSend((mail: MailMessage) => {\n      lastMail = mail;\n    });\n\n    const service = await getMailerServiceForOptions({\n      transport: new SMTPTransport({}),\n      template: {\n        dir: template_path,\n        adapter: new EjsAdapter(),\n      },\n    });\n\n    await service.sendMail({\n      from: 'user1@example.test',\n      to: 'user2@example.test',\n      subject: 'Test',\n      template: `./ejs-template`,\n      context: {\n        MAILER: 'Nest-modules TM',\n      },\n    });\n\n    expect(send).toHaveBeenCalled();\n    expect(lastMail.data.from).toBe('user1@example.test');\n    expect(lastMail.data.html).toBe('<p>Ejs test template. by Nest-modules TM</p>');\n  });\n\n  it('should compile template with the ejs adapter without css inline', async () => {\n    let lastMail: MailMessage;\n    const send = spyOnSmtpSend((mail: MailMessage) => {\n      lastMail = mail;\n    });\n\n    const service = await getMailerServiceForOptions({\n      transport: new SMTPTransport({}),\n      template: {\n        adapter: new EjsAdapter({\n          inlineCssEnabled: false,\n        }),\n      },\n    });\n\n    await service.sendMail({\n      from: 'user1@example.test',\n      to: 'user2@example.test',\n      subject: 'Test',\n      template: `${template_path}/ejs-template`,\n      context: {\n        MAILER: 'Nest-modules TM',\n      },\n    });\n\n    expect(send).toHaveBeenCalled();\n    expect(lastMail.data.from).toBe('user1@example.test');\n    expect(lastMail.data.html).toBe('<p>Ejs test template. by Nest-modules TM</p>');\n  });\n\n  it('should compile template with the ejs adapter with css inline', async () => {\n    let lastMail: MailMessage;\n    const send = spyOnSmtpSend((mail: MailMessage) => {\n      lastMail = mail;\n    });\n\n    const service = await getMailerServiceForOptions({\n      transport: new SMTPTransport({}),\n      template: {\n        adapter: new EjsAdapter({\n          inlineCssEnabled: true,\n        }),\n      },\n    });\n\n    await service.sendMail({\n      from: 'user1@example.test',\n      to: 'user2@example.test',\n      subject: 'Test',\n      template: `${template_path}/ejs-template`,\n      context: {\n        MAILER: 'Nest-modules TM',\n      },\n    });\n\n    expect(send).toHaveBeenCalled();\n    expect(lastMail.data.from).toBe('user1@example.test');\n    expect(lastMail.data.html).toBe(\n      '<html><head></head><body><p>Ejs test template. by Nest-modules TM</p></body></html>',\n    );\n  });\n});\n",
              "err": {},
              "uuid": "54323d94-26bc-4a01-b132-08f18b3966b3",
              "parentUUID": "8a67b7e3-6702-4635-8650-d55bfe46363e",
              "isHook": false,
              "skipped": false
            },
            {
              "title": "MailerService > should accept smtp transport options",
              "fullTitle": "should accept smtp transport options",
              "timedOut": false,
              "duration": 2,
              "state": "passed",
              "speed": null,
              "pass": true,
              "fail": false,
              "pending": false,
              "context": null,
              "code": "import { Test, TestingModule } from '@nestjs/testing';\nimport { pathJoin } from '@tresdoce-nestjs-toolkit/test-utils';\nimport * as nodemailerMock from 'nodemailer-mock';\nimport MailMessage from 'nodemailer/lib/mailer/mail-message';\nimport SMTPTransport from 'nodemailer/lib/smtp-transport';\n\nimport { MAILER_OPTIONS, MAILER_TRANSPORT_FACTORY } from '../mailer/constants/mailer.constant';\n\nimport { MailerOptions, TransportType } from '../mailer/interfaces/mailer-options.interface';\nimport { MailerTransportFactory } from '../mailer/interfaces/mailer-transport-factory.interface';\n\nimport { HandlebarsAdapter } from '../mailer/adapters/handlebars.adapter';\nimport { PugAdapter } from '../mailer/adapters/pug.adapter';\nimport { EjsAdapter } from '../mailer/adapters/ejs.adapter';\n\nimport { MailerService } from '../mailer/services/mailer.service';\n\nconst template_path = pathJoin(__dirname, 'utils/test-templates');\n\nasync function getMailerServiceForOptions(options: MailerOptions): Promise<MailerService> {\n  const module: TestingModule = await Test.createTestingModule({\n    providers: [\n      {\n        name: MAILER_OPTIONS,\n        provide: MAILER_OPTIONS,\n        useValue: options,\n      },\n      MailerService,\n    ],\n  }).compile();\n\n  return module.get<MailerService>(MailerService);\n}\n\nfunction spyOnSmtpSend(onMail: (mail: MailMessage) => void) {\n  return jest\n    .spyOn(SMTPTransport.prototype, 'send')\n    .mockImplementation(function (\n      mail: MailMessage,\n      callback: (err: Error | null, info: SMTPTransport.SentMessageInfo) => void,\n    ): void {\n      onMail(mail);\n      callback(null, {\n        envelope: {\n          from: mail.data.from as string,\n          to: [mail.data.to as string],\n        },\n        messageId: 'ABCD',\n        accepted: [],\n        rejected: [],\n        pending: [],\n        response: 'ok',\n      });\n    });\n}\n\nasync function getMailerServiceWithCustomTransport(options: MailerOptions): Promise<MailerService> {\n  class TestTransportFactory implements MailerTransportFactory {\n    createTransport(options?: TransportType): any {\n      return nodemailerMock.createTransport({ host: 'localhost', port: -100 });\n    }\n  }\n\n  const module: TestingModule = await Test.createTestingModule({\n    providers: [\n      {\n        name: MAILER_OPTIONS,\n        provide: MAILER_OPTIONS,\n        useValue: options,\n      },\n      {\n        name: MAILER_TRANSPORT_FACTORY,\n        provide: MAILER_TRANSPORT_FACTORY,\n        useClass: TestTransportFactory,\n      },\n      MailerService,\n    ],\n  }).compile();\n  await module.init();\n\n  return module.get<MailerService>(MailerService);\n}\n\njest.setTimeout(70000);\ndescribe('MailerService', () => {\n  it('should not be defined if a transport is not provided', async () => {\n    await expect(getMailerServiceForOptions({})).rejects.toMatchInlineSnapshot(\n      `[Error: Make sure to provide a nodemailer transport configuration object, connection url or a transport plugin instance.]`,\n    );\n  });\n\n  it('should accept a smtp transport string', async () => {\n    const service = await getMailerServiceForOptions({\n      transport: 'smtps://user@domain.com:pass@smtp.domain.com',\n    });\n\n    expect(service).toBeDefined();\n    expect((service as any).transporter.transporter).toBeInstanceOf(SMTPTransport);\n  });\n\n  it('should accept a smtp transports string', async () => {\n    const service = await getMailerServiceForOptions({\n      transports: {\n        myDomain: 'smtps://user@domain.com:pass@smtp.domain.com',\n      },\n    });\n\n    expect(service).toBeDefined();\n    (service as any).transporters.forEach((value, key) => {\n      expect(value.transporter).toBeInstanceOf(SMTPTransport);\n    });\n  });\n\n  it('should accept smtp transport options', async () => {\n    const service = await getMailerServiceForOptions({\n      transport: {\n        secure: true,\n        requireTLS: true,\n        auth: {\n          user: 'user@domain.com',\n          pass: 'pass',\n        },\n        options: {\n          host: 'smtp.domain.com',\n        },\n      },\n    });\n\n    expect(service).toBeDefined();\n    expect((service as any).transporter.transporter).toBeInstanceOf(SMTPTransport);\n  });\n\n  it('should accept a smtp transport instance', async () => {\n    const transport = new SMTPTransport({});\n    const service = await getMailerServiceForOptions({\n      transport: transport,\n    });\n\n    expect(service).toBeDefined();\n    expect((service as any).transporter.transporter).toBe(transport);\n  });\n\n  it('should send emails with nodemailer', async () => {\n    let lastMail: MailMessage;\n    const send = spyOnSmtpSend((mail: MailMessage) => {\n      lastMail = mail;\n    });\n\n    const service = await getMailerServiceForOptions({\n      transport: 'smtps://user@domain.com:pass@smtp.domain.com',\n    });\n\n    await service.sendMail({\n      from: 'user1@example.test',\n      to: 'user2@example.test',\n      subject: 'Test',\n      html: 'This is test.',\n    });\n\n    expect(send).toHaveBeenCalled();\n    expect(lastMail.data.from).toBe('user1@example.test');\n    expect(lastMail.data.to).toBe('user2@example.test');\n    expect(lastMail.data.subject).toBe('Test');\n    expect(lastMail.data.html).toBe('This is test.');\n  });\n\n  it('should send emails with nodemailer transports', async () => {\n    let lastMail: MailMessage;\n    const send = spyOnSmtpSend((mail: MailMessage) => {\n      lastMail = mail;\n    });\n\n    const service = await getMailerServiceForOptions({\n      transports: {\n        myDomain: 'smtps://user@domain.com:pass@smtp.domain.com',\n      },\n    });\n\n    await service.sendMail({\n      transporterName: 'myDomain',\n      from: 'user1@example.test',\n      to: 'user2@example.test',\n      subject: 'Test',\n      html: 'This is test.',\n    });\n\n    expect(send).toHaveBeenCalled();\n    expect(lastMail.data.from).toBe('user1@example.test');\n    expect(lastMail.data.to).toBe('user2@example.test');\n    expect(lastMail.data.subject).toBe('Test');\n    expect(lastMail.data.html).toBe('This is test.');\n  });\n\n  it('should send emails with nodemailer with different transports name', async () => {\n    try {\n      let lastMail: MailMessage;\n      const send = spyOnSmtpSend((mail: MailMessage) => {\n        lastMail = mail;\n      });\n\n      const service = await getMailerServiceForOptions({\n        transports: {\n          myDomain: 'smtps://user@domain.com:pass@smtp.domain.com',\n        },\n      });\n\n      await service.sendMail({\n        transporterName: 'testDomain',\n        from: 'user1@example.test',\n        to: 'user2@example.test',\n        subject: 'Test',\n        html: 'This is test.',\n      });\n\n      expect(send).toHaveBeenCalled();\n    } catch (error) {\n      expect(error.message).toBe(\"Transporters object doesn't have testDomain key\");\n    }\n  });\n\n  it('should send emails with nodemailer without transports', async () => {\n    try {\n      let lastMail: MailMessage;\n      const send = spyOnSmtpSend((mail: MailMessage) => {\n        lastMail = mail;\n      });\n\n      const service = await getMailerServiceForOptions({\n        transports: {},\n      });\n\n      await service.sendMail({\n        from: 'user1@example.test',\n        to: 'user2@example.test',\n        subject: 'Test',\n        html: 'This is test.',\n      });\n\n      expect(send).toHaveBeenCalled();\n    } catch (error) {\n      expect(error.message).toBe('Transporter object undefined');\n    }\n  });\n\n  it('should use mailerOptions.defaults when send emails', async () => {\n    let lastMail: MailMessage;\n    const send = spyOnSmtpSend((mail: MailMessage) => {\n      lastMail = mail;\n    });\n\n    const service = await getMailerServiceForOptions({\n      transport: 'smtps://user@domain.com:pass@smtp.domain.com',\n      defaults: {\n        from: 'user1@example.test',\n      },\n    });\n\n    await service.sendMail({\n      to: 'user2@example.test',\n      subject: 'Test',\n      html: 'This is test.',\n    });\n\n    expect(send).toHaveBeenCalled();\n    expect(lastMail.data.from).toBe('user1@example.test');\n  });\n\n  it('should use custom transport to send mail', async () => {\n    const service = await getMailerServiceWithCustomTransport({\n      transport: 'smtps://user@domain.com:pass@smtp.domain.com',\n    });\n    await service.sendMail({\n      to: 'user2@example.test',\n      subject: 'Test',\n      html: 'This is test.',\n    });\n\n    expect(nodemailerMock.mock.getSentMail().length).toEqual(1);\n  });\n\n  it('should compile template with the handlebars adapter', async () => {\n    let lastMail: MailMessage;\n    const send = spyOnSmtpSend((mail: MailMessage) => {\n      lastMail = mail;\n    });\n\n    const service = await getMailerServiceForOptions({\n      transport: new SMTPTransport({}),\n      template: {\n        adapter: new HandlebarsAdapter(),\n      },\n    });\n\n    await service.sendMail({\n      from: 'user1@example.test',\n      to: 'user2@example.test',\n      subject: 'Test',\n      template: `${template_path}/handlebars-template`,\n      context: {\n        MAILER: 'Nest-modules TM',\n      },\n    });\n\n    expect(send).toHaveBeenCalled();\n    expect(lastMail.data.from).toBe('user1@example.test');\n    expect(lastMail.data.html).toBe(\n      '<html><head></head><body><p>Handlebars test template. by Nest-modules TM</p></body></html>',\n    );\n  });\n\n  it('should compile template with the handlebars adapter with relative path', async () => {\n    let lastMail: MailMessage;\n    const send = spyOnSmtpSend((mail: MailMessage) => {\n      lastMail = mail;\n    });\n\n    const service = await getMailerServiceForOptions({\n      transport: new SMTPTransport({}),\n      template: {\n        adapter: new HandlebarsAdapter(),\n        dir: `${template_path}`,\n      },\n      options: {\n        strict: true,\n        partials: {\n          dir: `${template_path}`,\n        },\n      },\n    });\n\n    await service.sendMail({\n      from: 'user1@example.test',\n      to: 'user2@example.test',\n      subject: 'Test',\n      template: `./handlebars-template`,\n      context: {\n        MAILER: 'Nest-modules TM',\n      },\n    });\n\n    expect(send).toHaveBeenCalled();\n    expect(lastMail.data.from).toBe('user1@example.test');\n    expect(lastMail.data.html).toBe(\n      '<html><head></head><body><p>Handlebars test template. by Nest-modules TM</p></body></html>',\n    );\n  });\n\n  it('should compile template with the handlebars adapter with error template path', async () => {\n    let templatePath = pathJoin(template_path, '/handlebars-templates');\n    try {\n      let lastMail: MailMessage;\n      const send = spyOnSmtpSend((mail: MailMessage) => {\n        lastMail = mail;\n      });\n\n      const service = await getMailerServiceForOptions({\n        transport: new SMTPTransport({}),\n        template: {\n          adapter: new HandlebarsAdapter(),\n        },\n      });\n\n      await service.sendMail({\n        from: 'user1@example.test',\n        to: 'user2@example.test',\n        subject: 'Test',\n        template: `${templatePath}`,\n        context: {\n          MAILER: 'Nest-modules TM',\n        },\n      });\n\n      expect(send).toHaveBeenCalled();\n    } catch (error) {\n      expect(error.message).toBe(\n        `Error: ENOENT: no such file or directory, open '${templatePath}.hbs'`,\n      );\n    }\n  });\n\n  it('should compile template with the handlebars adapter with disabled inline-css', async () => {\n    let lastMail: MailMessage;\n
[...]
tml: 'This is test.',\n    });\n\n    expect(nodemailerMock.mock.getSentMail().length).toEqual(1);\n  });\n\n  it('should compile template with the handlebars adapter', async () => {\n    let lastMail: MailMessage;\n    const send = spyOnSmtpSend((mail: MailMessage) => {\n      lastMail = mail;\n    });\n\n    const service = await getMailerServiceForOptions({\n      transport: new SMTPTransport({}),\n      template: {\n        adapter: new HandlebarsAdapter(),\n      },\n    });\n\n    await service.sendMail({\n      from: 'user1@example.test',\n      to: 'user2@example.test',\n      subject: 'Test',\n      template: `${template_path}/handlebars-template`,\n      context: {\n        MAILER: 'Nest-modules TM',\n      },\n    });\n\n    expect(send).toHaveBeenCalled();\n    expect(lastMail.data.from).toBe('user1@example.test');\n    expect(lastMail.data.html).toBe(\n      '<html><head></head><body><p>Handlebars test template. by Nest-modules TM</p></body></html>',\n    );\n  });\n\n  it('should compile template with the handlebars adapter with relative path', async () => {\n    let lastMail: MailMessage;\n    const send = spyOnSmtpSend((mail: MailMessage) => {\n      lastMail = mail;\n    });\n\n    const service = await getMailerServiceForOptions({\n      transport: new SMTPTransport({}),\n      template: {\n        adapter: new HandlebarsAdapter(),\n        dir: `${template_path}`,\n      },\n      options: {\n        strict: true,\n        partials: {\n          dir: `${template_path}`,\n        },\n      },\n    });\n\n    await service.sendMail({\n      from: 'user1@example.test',\n      to: 'user2@example.test',\n      subject: 'Test',\n      template: `./handlebars-template`,\n      context: {\n        MAILER: 'Nest-modules TM',\n      },\n    });\n\n    expect(send).toHaveBeenCalled();\n    expect(lastMail.data.from).toBe('user1@example.test');\n    expect(lastMail.data.html).toBe(\n      '<html><head></head><body><p>Handlebars test template. by Nest-modules TM</p></body></html>',\n    );\n  });\n\n  it('should compile template with the handlebars adapter with error template path', async () => {\n    let templatePath = pathJoin(template_path, '/handlebars-templates');\n    try {\n      let lastMail: MailMessage;\n      const send = spyOnSmtpSend((mail: MailMessage) => {\n        lastMail = mail;\n      });\n\n      const service = await getMailerServiceForOptions({\n        transport: new SMTPTransport({}),\n        template: {\n          adapter: new HandlebarsAdapter(),\n        },\n      });\n\n      await service.sendMail({\n        from: 'user1@example.test',\n        to: 'user2@example.test',\n        subject: 'Test',\n        template: `${templatePath}`,\n        context: {\n          MAILER: 'Nest-modules TM',\n        },\n      });\n\n      expect(send).toHaveBeenCalled();\n    } catch (error) {\n      expect(error.message).toBe(\n        `Error: ENOENT: no such file or directory, open '${templatePath}.hbs'`,\n      );\n    }\n  });\n\n  it('should compile template with the handlebars adapter with disabled inline-css', async () => {\n    let lastMail: MailMessage;\n    const send = spyOnSmtpSend((mail: MailMessage) => {\n      lastMail = mail;\n    });\n\n    /*{\n      myHelper: (context, value) => {\n        console.log(context, value);\n      },\n    }*/\n\n    const service = await getMailerServiceForOptions({\n      transport: new SMTPTransport({}),\n      template: {\n        adapter: new HandlebarsAdapter(undefined, { inlineCssEnabled: false }),\n      },\n    });\n\n    await service.sendMail({\n      from: 'user1@example.test',\n      to: 'user2@example.test',\n      subject: 'Test',\n      template: `${template_path}/handlebars-template-media-query`,\n      context: {\n        MAILER: 'Nest-modules TM',\n      },\n    });\n\n    expect(send).toHaveBeenCalled();\n    expect(lastMail.data.from).toBe('user1@example.test');\n    expect(lastMail.data.html).toContain('@media only screen and (max-width:350px)');\n    expect(lastMail.data.html).toContain('<p>Handlebars test template. by Nest-modules TM</p>');\n  });\n\n  it('should compile template with the handlebars adapter with enabled inline-css and media query', async () => {\n    let lastMail: MailMessage;\n    const send = spyOnSmtpSend((mail: MailMessage) => {\n      lastMail = mail;\n    });\n\n    const service = await getMailerServiceForOptions({\n      transport: new SMTPTransport({}),\n      template: {\n        adapter: new HandlebarsAdapter(undefined, {\n          inlineCssEnabled: true,\n          inlineCssOptions: { url: ' ', preserveMediaQueries: true },\n        }),\n      },\n    });\n\n    await service.sendMail({\n      from: 'user1@example.test',\n      to: 'user2@example.test',\n      subject: 'Test',\n      template: `${template_path}/handlebars-template-media-query`,\n      context: {\n        MAILER: 'Nest-modules TM',\n      },\n    });\n\n    expect(send).toHaveBeenCalled();\n    expect(lastMail.data.from).toBe('user1@example.test');\n    expect(lastMail.data.html).toContain('@media only screen and (max-width:350px)');\n    expect(lastMail.data.html).toContain('<p>Handlebars test template. by Nest-modules TM</p>');\n  });\n\n  it('should compile template with the pug adapter', async () => {\n    let lastMail: MailMessage;\n    const send = spyOnSmtpSend((mail: MailMessage) => {\n      lastMail = mail;\n    });\n\n    const service = await getMailerServiceForOptions({\n      transport: new SMTPTransport({}),\n      template: {\n        adapter: new PugAdapter(),\n      },\n    });\n\n    await service.sendMail({\n      from: 'user1@example.test',\n      to: 'user2@example.test',\n      subject: 'Test',\n      template: `${template_path}/pug-template`,\n      context: {\n        world: 'World',\n      },\n    });\n\n    expect(send).toHaveBeenCalled();\n    expect(lastMail.data.from).toBe('user1@example.test');\n    expect(lastMail.data.html).toBe(\n      '<html><head></head><body><p>Pug test template.</p><p>Hello World!</p></body></html>',\n    );\n  });\n\n  it('should compile template with the pug adapter with relative path', async () => {\n    let lastMail: MailMessage;\n    const send = spyOnSmtpSend((mail: MailMessage) => {\n      lastMail = mail;\n    });\n\n    const service = await getMailerServiceForOptions({\n      transport: new SMTPTransport({}),\n      template: {\n        adapter: new PugAdapter(),\n        dir: template_path,\n      },\n    });\n\n    await service.sendMail({\n      from: 'user1@example.test',\n      to: 'user2@example.test',\n      subject: 'Test',\n      template: `./pug-template`,\n      context: {\n        world: 'World',\n      },\n    });\n\n    expect(send).toHaveBeenCalled();\n    expect(lastMail.data.from).toBe('user1@example.test');\n    expect(lastMail.data.html).toBe(\n      '<html><head></head><body><p>Pug test template.</p><p>Hello World!</p></body></html>',\n    );\n  });\n\n  it('should compile template with the pug adapter with error to read template', async () => {\n    let templatePath = pathJoin(template_path, '/pug-templates');\n\n    try {\n      let lastMail: MailMessage;\n      const send = spyOnSmtpSend((mail: MailMessage) => {\n        lastMail = mail;\n      });\n\n      const service = await getMailerServiceForOptions({\n        transport: new SMTPTransport({}),\n        template: {\n          adapter: new PugAdapter(),\n        },\n      });\n\n      await service.sendMail({\n        from: 'user1@example.test',\n        to: 'user2@example.test',\n        subject: 'Test',\n        template: `${templatePath}`,\n        context: {\n          world: 'World',\n        },\n      });\n\n      expect(send).toHaveBeenCalled();\n    } catch (error) {\n      expect(error.message).toBe(`ENOENT: no such file or directory, open '${templatePath}.pug'`);\n    }\n  });\n\n  it('should compile template with the pug adapter without inline css', async () => {\n    let lastMail: MailMessage;\n    const send = spyOnSmtpSend((mail: MailMessage) => {\n      lastMail = mail;\n    });\n\n    const service = await getMailerServiceForOptions({\n      transport: new SMTPTransport({}),\n      template: {\n        adapter: new PugAdapter({\n          inlineCssEnabled: false,\n        }),\n      },\n    });\n\n    await service.sendMail({\n      from: 'user1@example.test',\n      to: 'user2@example.test',\n      subject: 'Test',\n      template: `${template_path}/pug-template`,\n      context: {\n        world: 'World',\n      },\n    });\n\n    expect(send).toHaveBeenCalled();\n    expect(lastMail.data.from).toBe('user1@example.test');\n    expect(lastMail.data.html).toBe('<p>Pug test template.</p><p>Hello World!</p>');\n  });\n\n  it('should compile template with the ejs adapter', async () => {\n    let lastMail: MailMessage;\n    const send = spyOnSmtpSend((mail: MailMessage) => {\n      lastMail = mail;\n    });\n\n    const service = await getMailerServiceForOptions({\n      transport: new SMTPTransport({}),\n      template: {\n        adapter: new EjsAdapter(),\n      },\n    });\n\n    await service.sendMail({\n      from: 'user1@example.test',\n      to: 'user2@example.test',\n      subject: 'Test',\n      template: `${template_path}/ejs-template`,\n      context: {\n        MAILER: 'Nest-modules TM',\n      },\n    });\n\n    expect(send).toHaveBeenCalled();\n    expect(lastMail.data.from).toBe('user1@example.test');\n    expect(lastMail.data.html).toBe('<p>Ejs test template. by Nest-modules TM</p>');\n  });\n\n  it('should compile template with the ejs adapter with error to read template', async () => {\n    let templatePath = pathJoin(template_path, '/ejs-templates');\n    try {\n      let lastMail: MailMessage;\n      const send = spyOnSmtpSend((mail: MailMessage) => {\n        lastMail = mail;\n      });\n\n      const service = await getMailerServiceForOptions({\n        transport: new SMTPTransport({}),\n        template: {\n          adapter: new EjsAdapter(),\n        },\n      });\n\n      await service.sendMail({\n        from: 'user1@example.test',\n        to: 'user2@example.test',\n        subject: 'Test',\n        template: `${templatePath}`,\n        context: {\n          MAILER: 'Nest-modules TM',\n        },\n      });\n\n      expect(send).toHaveBeenCalled();\n    } catch (error) {\n      expect(error.message).toBe(\n        `Error: ENOENT: no such file or directory, open '${templatePath}.ejs'`,\n      );\n    }\n  });\n\n  it('should compile template with the ejs adapter read template relative url', async () => {\n    let lastMail: MailMessage;\n    const send = spyOnSmtpSend((mail: MailMessage) => {\n      lastMail = mail;\n    });\n\n    const service = await getMailerServiceForOptions({\n      transport: new SMTPTransport({}),\n      template: {\n        dir: template_path,\n        adapter: new EjsAdapter(),\n      },\n    });\n\n    await service.sendMail({\n      from: 'user1@example.test',\n      to: 'user2@example.test',\n      subject: 'Test',\n      template: `./ejs-template`,\n      context: {\n        MAILER: 'Nest-modules TM',\n      },\n    });\n\n    expect(send).toHaveBeenCalled();\n    expect(lastMail.data.from).toBe('user1@example.test');\n    expect(lastMail.data.html).toBe('<p>Ejs test template. by Nest-modules TM</p>');\n  });\n\n  it('should compile template with the ejs adapter without css inline', async () => {\n    let lastMail: MailMessage;\n    const send = spyOnSmtpSend((mail: MailMessage) => {\n      lastMail = mail;\n    });\n\n    const service = await getMailerServiceForOptions({\n      transport: new SMTPTransport({}),\n      template: {\n        adapter: new EjsAdapter({\n          inlineCssEnabled: false,\n        }),\n      },\n    });\n\n    await service.sendMail({\n      from: 'user1@example.test',\n      to: 'user2@example.test',\n      subject: 'Test',\n      template: `${template_path}/ejs-template`,\n      context: {\n        MAILER: 'Nest-modules TM',\n      },\n    });\n\n    expect(send).toHaveBeenCalled();\n    expect(lastMail.data.from).toBe('user1@example.test');\n    expect(lastMail.data.html).toBe('<p>Ejs test template. by Nest-modules TM</p>');\n  });\n\n  it('should compile template with the ejs adapter with css inline', async () => {\n    let lastMail: MailMessage;\n    const send = spyOnSmtpSend((mail: MailMessage) => {\n      lastMail = mail;\n    });\n\n    const service = await getMailerServiceForOptions({\n      transport: new SMTPTransport({}),\n      template: {\n        adapter: new EjsAdapter({\n          inlineCssEnabled: true,\n        }),\n      },\n    });\n\n    await service.sendMail({\n      from: 'user1@example.test',\n      to: 'user2@example.test',\n      subject: 'Test',\n      template: `${template_path}/ejs-template`,\n      context: {\n        MAILER: 'Nest-modules TM',\n      },\n    });\n\n    expect(send).toHaveBeenCalled();\n    expect(lastMail.data.from).toBe('user1@example.test');\n    expect(lastMail.data.html).toBe(\n      '<html><head></head><body><p>Ejs test template. by Nest-modules TM</p></body></html>',\n    );\n  });\n});\n",
              "err": {},
              "uuid": "783da1e2-c35f-4ee9-badb-6519eaeaefa9",
              "parentUUID": "8a67b7e3-6702-4635-8650-d55bfe46363e",
              "isHook": false,
              "skipped": false
            },
            {
              "title": "MailerModule > forRoot > should be defined",
              "fullTitle": "should be defined",
              "timedOut": false,
              "duration": 143,
              "state": "passed",
              "speed": null,
              "pass": true,
              "fail": false,
              "pending": false,
              "context": null,
              "code": "import { Test, TestingModule } from '@nestjs/testing';\nimport { INestApplication } from '@nestjs/common';\nimport { MailerModule } from '../mailer/mailer.module';\nimport { ConfigModule } from '@nestjs/config';\nimport { dynamicConfig } from '@tresdoce-nestjs-toolkit/test-utils';\n\ndescribe('MailerModule', () => {\n  let app: INestApplication;\n\n  describe('forRoot', () => {\n    beforeEach(async () => {\n      const moduleFixture: TestingModule = await Test.createTestingModule({\n        imports: [\n          MailerModule.forRoot({\n            transport: 'smtps://user@domain.com:pass@smtp.domain.com',\n            defaults: {\n              from: '\"nest-modules\" <modules@nestjs.com>',\n            },\n          }),\n        ],\n      }).compile();\n\n      app = moduleFixture.createNestApplication();\n      await app.init();\n    });\n\n    it('should be defined', () => {\n      expect(app).toBeDefined();\n    });\n  });\n\n  describe('forRootAsync', () => {\n    beforeEach(async () => {\n      const moduleFixture: TestingModule = await Test.createTestingModule({\n        imports: [\n          ConfigModule.forRoot({\n            isGlobal: true,\n            load: [\n              dynamicConfig({\n                mailer: {\n                  transport: 'smtps://user@domain.com:pass@smtp.domain.com',\n                  defaults: {\n                    from: '\"nest-modules\" <modules@nestjs.com>',\n                  },\n                },\n              }),\n            ],\n          }),\n          MailerModule,\n        ],\n      }).compile();\n\n      app = moduleFixture.createNestApplication();\n      await app.init();\n    });\n\n    it('should be defined', () => {\n      expect(app).toBeDefined();\n    });\n  });\n});\n",
              "err": {},
              "uuid": "59417b63-7147-40b2-bd52-11f945b6b316",
              "parentUUID": "8a67b7e3-6702-4635-8650-d55bfe46363e",
              "isHook": false,
              "skipped": false
            },
            {
              "title": "MailerModule > forRoot > should be defined",
              "fullTitle": "should be defined",
              "timedOut": false,
              "duration": 6,
              "state": "passed",
              "speed": null,
              "pass": true,
              "fail": false,
              "pending": false,
              "context": null,
              "code": "import { Test, TestingModule } from '@nestjs/testing';\nimport { INestApplication } from '@nestjs/common';\nimport { MailerModule } from '../mailer/mailer.module';\nimport { ConfigModule } from '@nestjs/config';\nimport { dynamicConfig } from '@tresdoce-nestjs-toolkit/test-utils';\n\ndescribe('MailerModule', () => {\n  let app: INestApplication;\n\n  describe('forRoot', () => {\n    beforeEach(async () => {\n      const moduleFixture: TestingModule = await Test.createTestingModule({\n        imports: [\n          MailerModule.forRoot({\n            transport: 'smtps://user@domain.com:pass@smtp.domain.com',\n            defaults: {\n              from: '\"nest-modules\" <modules@nestjs.com>',\n            },\n          }),\n        ],\n      }).compile();\n\n      app = moduleFixture.createNestApplication();\n      await app.init();\n    });\n\n    it('should be defined', () => {\n      expect(app).toBeDefined();\n    });\n  });\n\n  describe('forRootAsync', () => {\n    beforeEach(async () => {\n      const moduleFixture: TestingModule = await Test.createTestingModule({\n        imports: [\n          ConfigModule.forRoot({\n            isGlobal: true,\n            load: [\n              dynamicConfig({\n                mailer: {\n                  transport: 'smtps://user@domain.com:pass@smtp.domain.com',\n                  defaults: {\n                    from: '\"nest-modules\" <modules@nestjs.com>',\n                  },\n                },\n              }),\n            ],\n          }),\n          MailerModule,\n        ],\n      }).compile();\n\n      app = moduleFixture.createNestApplication();\n      await app.init();\n    });\n\n    it('should be defined', () => {\n      expect(app).toBeDefined();\n    });\n  });\n});\n",
              "err": {},
              "uuid": "883537bc-e980-49a4-8363-3e249afacca1",
              "parentUUID": "8a67b7e3-6702-4635-8650-d55bfe46363e",
              "isHook": false,
              "skipped": false
            }
          ],
          "suites": [],
          "passes": [
            "66d0fa07-423f-4230-8a74-e5907afb5fe4",
            "5b15c2dd-49f3-40ab-9b87-7abe208bd17e",
            "54323d94-26bc-4a01-b132-08f18b3966b3",
            "c9651c18-fef5-4651-94bb-b6e489c257bd",
            "63c34d93-ba6d-490c-b1d1-50bdc0372101",
            "4b627c5d-1c36-40cd-8136-57f18b837e9f",
            "b4f23a29-0636-4002-90e2-5946450ca53a",
            "56ca8a75-eaeb-4266-8279-da1bd9de1178",
            "7da06855-bd74-44c5-bfaa-501a1287ff88",
            "888f3961-cd63-48d2-9314-52266e100093",
            "184047cc-3ce2-41c9-ac71-757f06684c76",
            "facc8e5c-fd83-417c-a811-472a58dc7730",
            "f577f74b-9620-401f-97f1-97ee11fe5eab",
            "01fd768e-db97-4e6b-8c8e-1473975f6d0b",
            "f46c96d4-682b-4653-b66c-e4ad95d1be94",
            "182135a7-9940-40e2-831b-0d501b203a53",
            "b1e96547-5e53-41ee-a434-77cd86d5ae2f",
            "c7c6c01f-20ee-49ed-9ce8-9b6f69b9578d",
            "39011c45-63c8-41a8-9aa6-3043e8037e8d",
            "612c2d20-21d5-4ebd-a3bf-c89ab7fef57f",
            "ebd71460-382e-44aa-999d-741e2af978a7",
            "7eb7ce3f-65f3-4e05-809e-9b2b960a869a",
            "602a5ca0-3ea5-4e55-b3b4-df83d472a132",
            "e46156e0-13e5-44bb-9068-9325bc1c2137",
            "783da1e2-c35f-4ee9-badb-6519eaeaefa9",
            "59417b63-7147-40b2-bd52-11f945b6b316",
            "883537bc-e980-49a4-8363-3e249afacca1"
          ],
          "failures": [],
          "pending": [],
          "skipped": [],
          "duration": 291,
          "root": false,
          "rootEmpty": false,
          "_timeout": 5000
        }
      ],
      "passes": [],
      "failures": [],
      "pending": [],
      "skipped": [],
      "duration": 0,
      "root": true,
      "rootEmpty": true,
      "_timeout": 5000
    }
  ]
}
