{
  "stats": {
    "suites": 2,
    "tests": 27,
    "passes": 27,
    "pending": 0,
    "failures": 0,
    "testsRegistered": 27,
    "passPercent": 100,
    "pendingPercent": 0,
    "other": 0,
    "hasOther": false,
    "skipped": 0,
    "hasSkipped": false,
    "start": "2023-05-02T17:44:53.421Z",
    "end": "2023-05-02T17:44:53.733Z",
    "duration": 312
  },
  "results": [
    {
      "uuid": "01adfb9d-fe1f-4784-babc-550df46dbb26",
      "title": "@tresdoce-nestjs-toolkit/mailer",
      "fullFile": "",
      "file": "",
      "beforeHooks": [],
      "afterHooks": [],
      "tests": [],
      "suites": [
        {
          "uuid": "92fc692d-f5c7-4b52-ba8d-138cf6edf804",
          "title": "@tresdoce-nestjs-toolkit/mailer",
          "fullFile": "",
          "file": "",
          "beforeHooks": [],
          "afterHooks": [],
          "tests": [
            {
              "fullTitle": "MailerService > should not be defined if a transport is not provided",
              "title": "MailerService > should not be defined if a transport is not provided",
              "timedOut": false,
              "duration": 13,
              "state": "passed",
              "speed": null,
              "pass": true,
              "fail": false,
              "pending": false,
              "context": null,
              "code": "import { Test, TestingModule } from '@nestjs/testing';\nimport { pathJoin } from '@tresdoce-nestjs-toolkit/test-utils';\nimport * as nodemailerMock from 'nodemailer-mock';\nimport MailMessage from 'nodemailer/lib/mailer/mail-message';\nimport SMTPTransport from 'nodemailer/lib/smtp-transport';\n\nimport { MAILER_OPTIONS, MAILER_TRANSPORT_FACTORY } from '../mailer/constants/mailer.constant';\n\nimport { MailerOptions, TransportType } from '../mailer/interfaces/mailer-options.interface';\nimport { MailerTransportFactory } from '../mailer/interfaces/mailer-transport-factory.interface';\n\nimport { HandlebarsAdapter } from '../mailer/adapters/handlebars.adapter';\nimport { PugAdapter } from '../mailer/adapters/pug.adapter';\nimport { EjsAdapter } from '../mailer/adapters/ejs.adapter';\n\nimport { MailerService } from '../mailer/services/mailer.service';\n\nconst template_path = pathJoin(__dirname, 'utils/test-templates');\n\nasync function getMailerServiceForOptions(options: MailerOptions): Promise<MailerService> {\n  const module: TestingModule = await Test.createTestingModule({\n    providers: [\n      {\n        name: MAILER_OPTIONS,\n        provide: MAILER_OPTIONS,\n        useValue: options,\n      },\n      MailerService,\n    ],\n  }).compile();\n\n  return module.get<MailerService>(MailerService);\n}\n\nfunction spyOnSmtpSend(onMail: (mail: MailMessage) => void) {\n  return jest\n    .spyOn(SMTPTransport.prototype, 'send')\n    .mockImplementation(function (\n      mail: MailMessage,\n      callback: (err: Error | null, info: SMTPTransport.SentMessageInfo) => void,\n    ): void {\n      onMail(mail);\n      callback(null, {\n        envelope: {\n          from: mail.data.from as string,\n          to: [mail.data.to as string],\n        },\n        messageId: 'ABCD',\n        accepted: [],\n        rejected: [],\n        pending: [],\n        response: 'ok',\n      });\n    });\n}\n\nasync function getMailerServiceWithCustomTransport(options: MailerOptions): Promise<MailerService> {\n  class TestTransportFactory implements MailerTransportFactory {\n    createTransport(options?: TransportType): any {\n      return nodemailerMock.createTransport({ host: 'localhost', port: -100 });\n    }\n  }\n\n  const module: TestingModule = await Test.createTestingModule({\n    providers: [\n      {\n        name: MAILER_OPTIONS,\n        provide: MAILER_OPTIONS,\n        useValue: options,\n      },\n      {\n        name: MAILER_TRANSPORT_FACTORY,\n        provide: MAILER_TRANSPORT_FACTORY,\n        useClass: TestTransportFactory,\n      },\n      MailerService,\n    ],\n  }).compile();\n  await module.init();\n\n  return module.get<MailerService>(MailerService);\n}\n\njest.setTimeout(70000);\ndescribe('MailerService', () => {\n  it('should not be defined if a transport is not provided', async () => {\n    await expect(getMailerServiceForOptions({})).rejects.toMatchInlineSnapshot(\n      `[Error: Make sure to provide a nodemailer transport configuration object, connection url or a transport plugin instance.]`,\n    );\n  });\n\n  it('should accept a smtp transport string', async () => {\n    const service = await getMailerServiceForOptions({\n      transport: 'smtps://user@domain.com:pass@smtp.domain.com',\n    });\n\n    expect(service).toBeDefined();\n    expect((service as any).transporter.transporter).toBeInstanceOf(SMTPTransport);\n  });\n\n  it('should accept a smtp transports string', async () => {\n    const service = await getMailerServiceForOptions({\n      transports: {\n        myDomain: 'smtps://user@domain.com:pass@smtp.domain.com',\n      },\n    });\n\n    expect(service).toBeDefined();\n    (service as any).transporters.forEach((value, key) => {\n      expect(value.transporter).toBeInstanceOf(SMTPTransport);\n    });\n  });\n\n  it('should accept smtp transport options', async () => {\n    const service = await getMailerServiceForOptions({\n      transport: {\n        secure: true,\n        requireTLS: true,\n        auth: {\n          user: 'user@domain.com',\n          pass: 'pass',\n        },\n        options: {\n          host: 'smtp.domain.com',\n        },\n      },\n    });\n\n    expect(service).toBeDefined();\n    expect((service as any).transporter.transporter).toBeInstanceOf(SMTPTransport);\n  });\n\n  it('should accept a smtp transport instance', async () => {\n    const transport = new SMTPTransport({});\n    const service = await getMailerServiceForOptions({\n      transport: transport,\n    });\n\n    expect(service).toBeDefined();\n    expect((service as any).transporter.transporter).toBe(transport);\n  });\n\n  it('should send emails with nodemailer', async () => {\n    let lastMail: MailMessage;\n    const send = spyOnSmtpSend((mail: MailMessage) => {\n      lastMail = mail;\n    });\n\n    const service = await getMailerServiceForOptions({\n      transport: 'smtps://user@domain.com:pass@smtp.domain.com',\n    });\n\n    await service.sendMail({\n      from: 'user1@example.test',\n      to: 'user2@example.test',\n      subject: 'Test',\n      html: 'This is test.',\n    });\n\n    expect(send).toHaveBeenCalled();\n    expect(lastMail.data.from).toBe('user1@example.test');\n    expect(lastMail.data.to).toBe('user2@example.test');\n    expect(lastMail.data.subject).toBe('Test');\n    expect(lastMail.data.html).toBe('This is test.');\n  });\n\n  it('should send emails with nodemailer transports', async () => {\n    let lastMail: MailMessage;\n    const send = spyOnSmtpSend((mail: MailMessage) => {\n      lastMail = mail;\n    });\n\n    const service = await getMailerServiceForOptions({\n      transports: {\n        myDomain: 'smtps://user@domain.com:pass@smtp.domain.com',\n      },\n    });\n\n    await service.sendMail({\n      transporterName: 'myDomain',\n      from: 'user1@example.test',\n      to: 'user2@example.test',\n      subject: 'Test',\n      html: 'This is test.',\n    });\n\n    expect(send).toHaveBeenCalled();\n    expect(lastMail.data.from).toBe('user1@example.test');\n    expect(lastMail.data.to).toBe('user2@example.test');\n    expect(lastMail.data.subject).toBe('Test');\n    expect(lastMail.data.html).toBe('This is test.');\n  });\n\n  it('should send emails with nodemailer with different transports name', async () => {\n    try {\n      let lastMail: MailMessage;\n      const send = spyOnSmtpSend((mail: MailMessage) => {\n        lastMail = mail;\n      });\n\n      const service = await getMailerServiceForOptions({\n        transports: {\n          myDomain: 'smtps://user@domain.com:pass@smtp.domain.com',\n        },\n      });\n\n      await service.sendMail({\n        transporterName: 'testDomain',\n        from: 'user1@example.test',\n        to: 'user2@example.test',\n        subject: 'Test',\n        html: 'This is test.',\n      });\n\n      expect(send).toHaveBeenCalled();\n    } catch (error) {\n      expect(error.message).toBe(\"Transporters object doesn't have testDomain key\");\n    }\n  });\n\n  it('should send emails with nodemailer without transports', async () => {\n    try {\n      let lastMail: MailMessage;\n      const send = spyOnSmtpSend((mail: MailMessage) => {\n        lastMail = mail;\n      });\n\n      const service = await getMailerServiceForOptions({\n        transports: {},\n      });\n\n      await service.sendMail({\n        from: 'user1@example.test',\n        to: 'user2@example.test',\n        subject: 'Test',\n        html: 'This is test.',\n      });\n\n      expect(send).toHaveBeenCalled();\n    } catch (error) {\n      expect(error.message).toBe('Transporter object undefined');\n    }\n  });\n\n  it('should use mailerOptions.defaults when send emails', async () => {\n    let lastMail: MailMessage;\n    const send = spyOnSmtpSend((mail: MailMessage) => {\n      lastMail = mail;\n    });\n\n    const service = await getMailerServiceForOptions({\n      transport: 'smtps://user@domain.com:pass@smtp.domain.com',\n      defaults: {\n        from: 'user1@example.test',\n      },\n    });\n\n    await service.sendMail({\n      to: 'user2@example.test',\n      subject: 'Test',\n      html: 'This is test.',\n    });\n\n    expect(send).toHaveBeenCalled();\n    expect(lastMail.data.from).toBe('user1@example.test');\n  });\n\n  it('should use custom transport to send mail', async () => {\n    const service = await getMailerServiceWithCustomTransport({\n      transport: 'smtps://user@domain.com:pass@smtp.domain.com',\n    });\n    await service.sendMail({\n      to: 'user2@example.test',\n      subject: 'Test',\n      html: 'This is test.',\n    });\n\n    expect(nodemailerMock.mock.getSentMail().length).toEqual(1);\n  });\n\n  it('should compile template with the handlebars adapter', async () => {\n    let lastMail: MailMessage;\n    const send = spyOnSmtpSend((mail: MailMessage) => {\n      lastMail = mail;\n    });\n\n    const service = await getMailerServiceForOptions({\n      transport: new SMTPTransport({}),\n      template: {\n        adapter: new HandlebarsAdapter(),\n      },\n    });\n\n    await service.sendMail({\n      from: 'user1@example.test',\n      to: 'user2@example.test',\n      subject: 'Test',\n      template: `${template_path}/handlebars-template`,\n      context: {\n        MAILER: 'Nest-modules TM',\n      },\n    });\n\n    expect(send).toHaveBeenCalled();\n    expect(lastMail.data.from).toBe('user1@example.test');\n    expect(lastMail.data.html).toBe(\n      '<html><head></head><body><p>Handlebars test template. by Nest-modules TM</p></body></html>',\n    );\n  });\n\n  it('should compile template with the handlebars adapter with relative path', async () => {\n    let lastMail: MailMessage;\n    const send = spyOnSmtpSend((mail: MailMessage) => {\n      lastMail = mail;\n    });\n\n    const service = await getMailerServiceForOptions({\n      transport: new SMTPTransport({}),\n      template: {\n        adapter: new HandlebarsAdapter(),\n        dir: `${template_path}`,\n      },\n      options: {\n        strict: true,\n        partials: {\n          dir: `${template_path}`,\n        },\n      },\n    });\n\n    await service.sendMail({\n      from: 'user1@example.test',\n      to: 'user2@example.test',\n      subject: 'Test',\n      template: `./handlebars-template`,\n      context: {\n        MAILER: 'Nest-modules TM',\n      },\n    });\n\n    expect(send).toHaveBeenCalled();\n    expect(lastMail.data.from).toBe('user1@example.test');\n    expect(lastMail.data.html).toBe(\n      '<html><head></head><body><p>Handlebars test template. by Nest-modules TM</p></body></html>',\n    );\n  });\n\n  it('should compile template with the handlebars adapter with error template path', async () => {\n    let templatePath = pathJoin(template_path, '/handlebars-templates');\n    try {\n      let lastMail: MailMessage;\n      const send = spyOnSmtpSend((mail: MailMessage) => {\n        lastMail = mail;\n      });\n\n      const service = await getMailerServiceForOptions({\n        transport: new SMTPTransport({}),\n        template: {\n          adapter: new HandlebarsAdapter(),\n        },\n      });\n\n      await service.sendMail({\n        from: 'user1@example.test',\n        to: 'user2@example.test',\n        subject: 'Test',\n        template: `${templatePath}`,\n        context: {\n          MAILER: 'Nest-modules TM',\n        },\n      });\n\n      expect(send).toHaveBeenCalled();\n    } catch (error) {\n      expect(error.message).toBe(\n        `Error: ENOENT: no such file or directory, open '${templatePath}.hbs'`,\n      );\n    }\n  });\n\n  it('should compile template with the handlebars adapter with disabled inline-css', async () => {\n    let lastMail: MailMessage;\n    const send = spyOnSmtpSend((mail: MailMessage) => {\n      lastMail = mail;\n    });\n\n    /*{\n      myHelper: (context, value) => {\n        console.log(context, value);\n      },\n    }*/\n\n    const service = await getMailerServiceForOptions({\n      transport: new SMTPTransport({}),\n      template: {\n        adapter: new HandlebarsAdapter(undefined, { inlineCssEnabled: false }),\n      },\n    });\n\n    await service.sendMail({\n      from: 'user1@example.test',\n      to: 'user2@example.test',\n      subject: 'Test',\n      template: `${template_path}/handlebars-template-media-query`,\n      context: {\n        MAILER: 'Nest-modules TM',\n      },\n    });\n\n    expect(send).toHaveBeenCalled();\n    expect(lastMail.data.from).toBe('user1@example.test');\n    expect(lastMail.data.html).toContain('@media only screen and (max-width:350px)');\n    expect(lastMail.data.html).toContain('<p>Handlebars test template. by Nest-modules TM</p>');\n  });\n\n  it('should compile template with the handlebars adapter with enabled inline-css and media query', async () => {\n    let lastMail: MailMessage;\n    const send = spyOnSmtpSend((mail: MailMessage) => {\n      lastMail = mail;\n    });\n\n    const service = await getMailerServiceForOptions({\n      transport: new SMTPTransport({}),\n      template: {\n        adapter: new HandlebarsAdapter(undefined, {\n          inlineCssEnabled: true,\n          inlineCssOptions: { url: ' ', preserveMediaQueries: true },\n        }),\n      },\n    });\n\n    await service.sendMail({\n      from: 'user1@example.test',\n      to: 'user2@example.test',\n      subject: 'Test',\n      template: `${template_path}/handlebars-template-media-query`,\n      context: {\n        MAILER: 'Nest-modules TM',\n      },\n    });\n\n    expect(send).toHaveBeenCalled();\n    expect(lastMail.data.from).toBe('user1@example.test');\n    expect(lastMail.data.html).toContain('@media only screen and (max-width:350px)');\n    expect(lastMail.data.html).toContain('<p>Handlebars test template. by Nest-modules TM</p>');\n  });\n\n  it('should compile template with the pug adapter', async () => {\n    let lastMail: MailMessage;\n    const send = spyOnSmtpSend((mail: MailMessage) => {\n      lastMail = mail;\n    });\n\n    const service = await getMailerServiceForOptions({\n      transport: new SMTPTransport({}),\n      template: {\n        adapter: new PugAdapter(),\n      },\n    });\n\n    await service.sendMail({\n      from: 'user1@example.test',\n      to: 'user2@example.test',\n      subject: 'Test',\n      template: `${template_path}/pug-template`,\n      context: {\n        world: 'World',\n      },\n    });\n\n    expect(send).toHaveBeenCalled();\n    expect(lastMail.data.from).toBe('user1@example.test');\n    expect(lastMail.data.html).toBe(\n      '<html><head></head><body><p>Pug test template.</p><p>Hello World!</p></body></html>',\n    );\n  });\n\n  it('should compile template with the pug adapter with relative path', async () => {\n    let lastMail: MailMessage;\n    const send = spyOnSmtpSend((mail: MailMessage) => {\n      lastMail = mail;\n    });\n\n    const service = await getMailerServiceForOptions({\n      transport: new SMTPTransport({}),\n      template: {\n        adapter: new PugAdapter(),\n        dir: template_path,\n      },\n    });\n\n    await service.sendMail({\n      from: 'user1@example.test',\n      to: 'user2@example.test',\n      subject: 'Test',\n      template: `./pug-template`,\n      context: {\n        world: 'World',\n      },\n    });\n\n    expect(send).toHaveBeenCalled();\n    expect(lastMail.data.from).toBe('user1@example.test');\n    expect(lastMail.data.html).toBe(\n      '<html><head></head><body><p>Pug test template.</p><p>Hello World!</p></body></html>',\n    );\n  });\n\n  it('should compile template with the pug adapter with error to read template', async () => {\n    let templatePath = pathJoin(template_path, '/pug-templates');\n\n    try {\n      let lastMail: MailMessage;\n      const send = spyOnSmtpSend((mail: MailMessage) => {\n        lastMail = mail;\n      });\n\n      const service = await getMailerServiceForOptions({\n        transport: new SMTPTransport({}),\n        template: {\n          adapter: new PugAdapter(),\n        },\n      });\n\n      await service.sendMail({\n        from: 'user1@example.test',\n        to: 'user2@example.test',\n        subject: 'Test',\n        template: `${templatePath}`,\n        context: {\n          world: 'World',\n        },\n      });\n\n      expect(send).toHaveBeenCalled();\n    } catch (error) {\n      expect(error.message).toBe(`ENOENT: no such file or directory, open '${templatePath}.pug'`);\n    }\n  });\n\n  it('should compile template with the pug adapter without inline css', async () => {\n    let lastMail: MailMessage;\n    const send = spyOnSmtpSend((mail: MailMessage) => {\n      lastMail = mail;\n    });\n\n    const service = await getMailerServiceForOptions({\n      transport: new SMTPTransport({}),\n      template: {\n        adapter: new PugAdapter({\n          inlineCssEnabled: false,\n        }),\n      },\n    });\n\n    await service.sendMail({\n      from: 'user1@example.test',\n      to: 'user2@example.test',\n      subject: 'Test',\n      template: `${template_path}/pug-template`,\n      context: {\n        world: 'World',\n      },\n    });\n\n    expect(send).toHaveBeenCalled();\n    expect(lastMail.data.from).toBe('user1@example.test');\n    expect(lastMail.data.html).toBe('<p>Pug test template.</p><p>Hello World!</p>');\n  });\n\n  it('should compile template with the ejs adapter', async () => {\n    let lastMail: MailMessage;\n    const send = spyOnSmtpSend((mail: MailMessage) => {\n      lastMail = mail;\n    });\n\n    const service = await getMailerServiceForOptions({\n      transport: new SMTPTransport({}),\n      template: {\n        adapter: new EjsAdapter(),\n      },\n    });\n\n    await service.sendMail({\n      from: 'user1@example.test',\n      to: 'user2@example.test',\n      subject: 'Test',\n      template: `${template_path}/ejs-template`,\n      context: {\n        MAILER: 'Nest-modules TM',\n      },\n    });\n\n    expect(send).toHaveBeenCalled();\n    expect(lastMail.data.from).toBe('user1@example.test');\n    expect(lastMail.data.html).toBe('<p>Ejs test template. by Nest-modules TM</p>');\n  });\n\n  it('should compile template with the ejs adapter with error to read template', async () => {\n    let templatePath = pathJoin(template_path, '/ejs-templates');\n    try {\n      let lastMail: MailMessage;\n      const send = spyOnSmtpSend((mail: MailMessage) => {\n        lastMail = mail;\n      });\n\n      const service = await getMailerServiceForOptions({\n        transport: new SMTPTransport({}),\n        template: {\n          adapter: new EjsAdapter(),\n        },\n      });\n\n      await service.sendMail({\n        from: 'user1@example.test',\n        to: 'user2@example.test',\n        subject: 'Test',\n        template: `${templatePath}`,\n        context: {\n          MAILER: 'Nest-modules TM',\n        },\n      });\n\n      expect(send).toHaveBeenCalled();\n    } catch (error) {\n      expect(error.message).toBe(\n        `Error: ENOENT: no such file or directory, open '${templatePath}.ejs'`,\n      );\n    }\n  });\n\n  it('should compile template with the ejs adapter read template relative url', async () => {\n    let lastMail: MailMessage;\n    const send = spyOnSmtpSend((mail: MailMessage) => {\n      lastMail = mail;\n    });\n\n    const service = await getMailerServiceForOptions({\n      transport: new SMTPTransport({}),\n      template: {\n        dir: template_path,\n        adapter: new EjsAdapter(),\n      },\n    });\n\n    await service.sendMail({\n      from: 'user1@example.test',\n      to: 'user2@example.test',\n      subject: 'Test',\n      template: `./ejs-template`,\n      context: {\n        MAILER: 'Nest-modules TM',\n      },\n    });\n\n    expect(send).toHaveBeenCalled();\n    expect(lastMail.data.from).toBe('user1@example.test');\n    expect(lastMail.data.html).toBe('<p>Ejs test template. by Nest-modules TM</p>');\n  });\n\n  it('should compile template with the ejs adapter without css inline', async () => {\n    let lastMail: MailMessage;\n    const send = spyOnSmtpSend((mail: MailMessage) => {\n      lastMail = mail;\n    });\n\n    const service = await getMailerServiceForOptions({\n      transport: new SMTPTransport({}),\n      template: {\n        adapter: new EjsAdapter({\n          inlineCssEnabled: false,\n        }),\n      },\n    });\n\n    await service.sendMail({\n      from: 'user1@example.test',\n      to: 'user2@example.test',\n      subject: 'Test',\n      template: `${template_path}/ejs-template`,\n      context: {\n        MAILER: 'Nest-modules TM',\n      },\n    });\n\n    expect(send).toHaveBeenCalled();\n    expect(lastMail.data.from).toBe('user1@example.test');\n    expect(lastMail.data.html).toBe('<p>Ejs test template. by Nest-modules TM</p>');\n  });\n\n  it('should compile template with the ejs adapter with css inline', async () => {\n    let lastMail: MailMessage;\n    const send = spyOnSmtpSend((mail: MailMessage) => {\n      lastMail = mail;\n    });\n\n    const service = await getMailerServiceForOptions({\n      transport: new SMTPTransport({}),\n      template: {\n        adapter: new EjsAdapter({\n          inlineCssEnabled: true,\n        }),\n      },\n    });\n\n    await service.sendMail({\n      from: 'user1@example.test',\n      to: 'user2@example.test',\n      subject: 'Test',\n      template: `${template_path}/ejs-template`,\n      context: {\n        MAILER: 'Nest-modules TM',\n      },\n    });\n\n    expect(send).toHaveBeenCalled();\n    expect(lastMail.data.from).toBe('user1@example.test');\n    expect(lastMail.data.html).toBe(\n      '<html><head></head><body><p>Ejs test template. by Nest-modules TM</p></body></html>',\n    );\n  });\n});\n",
              "err": {},
              "uuid": "73df442e-4920-447c-9c06-0300baaea269",
              "parentUUID": "92fc692d-f5c7-4b52-ba8d-138cf6edf804",
              "isHook": false,
              "skipped": false
            },
            {
              "fullTitle": "MailerService > should accept a smtp transport string",
              "title": "MailerService > should accept a smtp transport string",
              "timedOut": false,
              "duration": 6,
              "state": "passed",
              "speed": null,
              "pass": true,
              "fail": false,
              "pending": false,
              "context": null,
              "code": "import { Test, TestingModule } from '@nestjs/testing';\nimport { pathJoin } from '@tresdoce-nestjs-toolkit/test-utils';\nimport * as nodemailerMock from 'nodemailer-mock';\nimport MailMessage from 'nodemailer/lib/mailer/mail-message';\nimport SMTPTransport from 'nodemailer/lib/smtp-transport';\n\nimport { MAILER_OPTIONS, MAILER_TRANSPORT_FACTORY } from '../mailer/constants/mailer.constant';\n\nimport { MailerOptions, TransportType } from '../mailer/interfaces/mailer-options.interface';\nimport { MailerTransportFactory } from '../mailer/interfaces/mailer-transport-factory.interface';\n\nimport { HandlebarsAdapter } from '../mailer/adapters/handlebars.adapter';\nimport { PugAdapter } from '../mailer/adapters/pug.adapter';\nimport { EjsAdapter } from '../mailer/adapters/ejs.adapter';\n\nimport { MailerService } from '../mailer/services/mailer.service';\n\nconst template_path = pathJoin(__dirname, 'utils/test-templates');\n\nasync function getMailerServiceForOptions(options: MailerOptions): Promise<MailerService> {\n  const module: TestingModule = await Test.createTestingModule({\n    providers: [\n      {\n        name: MAILER_OPTIONS,\n        provide: MAILER_OPTIONS,\n        useValue: options,\n      },\n      MailerService,\n    ],\n  }).compile();\n\n  return module.get<MailerService>(MailerService);\n}\n\nfunction spyOnSmtpSend(onMail: (mail: MailMessage) => void) {\n  return jest\n    .spyOn(SMTPTransport.prototype, 'send')\n    .mockImplementation(function (\n      mail: MailMessage,\n      callback: (err: Error | null, info: SMTPTransport.SentMessageInfo) => void,\n    ): void {\n      onMail(mail);\n      callback(null, {\n        envelope: {\n          from: mail.data.from as string,\n          to: [mail.data.to as string],\n        },\n        messageId: 'ABCD',\n        accepted: [],\n        rejected: [],\n        pending: [],\n        response: 'ok',\n      });\n    });\n}\n\nasync function getMailerServiceWithCustomTransport(options: MailerOptions): Promise<MailerService> {\n  class TestTransportFactory implements MailerTransportFactory {\n    createTransport(options?: TransportType): any {\n      return nodemailerMock.createTransport({ host: 'localhost', port: -100 });\n    }\n  }\n\n  const module: TestingModule = await Test.createTestingModule({\n    providers: [\n      {\n        name: MAILER_OPTIONS,\n        provide: MAILER_OPTIONS,\n        useValue: options,\n      },\n      {\n        name: MAILER_TRANSPORT_FACTORY,\n        provide: MAILER_TRANSPORT_FACTORY,\n        useClass: TestTransportFactory,\n      },\n      MailerService,\n    ],\n  }).compile();\n  await module.init();\n\n  return module.get<MailerService>(MailerService);\n}\n\njest.setTimeout(70000);\ndescribe('MailerService', () => {\n  it('should not be defined if a transport is not provided', async () => {\n    await expect(getMailerServiceForOptions({})).rejects.toMatchInlineSnapshot(\n      `[Error: Make sure to provide a nodemailer transport configuration object, connection url or a transport plugin instance.]`,\n    );\n  });\n\n  it('should accept a smtp transport string', async () => {\n    const service = await getMailerServiceForOptions({\n      transport: 'smtps://user@domain.com:pass@smtp.domain.com',\n    });\n\n    expect(service).toBeDefined();\n    expect((service as any).transporter.transporter).toBeInstanceOf(SMTPTransport);\n  });\n\n  it('should accept a smtp transports string', async () => {\n    const service = await getMailerServiceForOptions({\n      transports: {\n        myDomain: 'smtps://user@domain.com:pass@smtp.domain.com',\n      },\n    });\n\n    expect(service).toBeDefined();\n    (service as any).transporters.forEach((value, key) => {\n      expect(value.transporter).toBeInstanceOf(SMTPTransport);\n    });\n  });\n\n  it('should accept smtp transport options', async () => {\n    const service = await getMailerServiceForOptions({\n      transport: {\n        secure: true,\n        requireTLS: true,\n        auth: {\n          user: 'user@domain.com',\n          pass: 'pass',\n        },\n        options: {\n          host: 'smtp.domain.com',\n        },\n      },\n    });\n\n    expect(service).toBeDefined();\n    expect((service as any).transporter.transporter).toBeInstanceOf(SMTPTransport);\n  });\n\n  it('should accept a smtp transport instance', async () => {\n    const transport = new SMTPTransport({});\n    const service = await getMailerServiceForOptions({\n      transport: transport,\n    });\n\n    expect(service).toBeDefined();\n    expect((service as any).transporter.transporter).toBe(transport);\n  });\n\n  it('should send emails with nodemailer', async () => {\n    let lastMail: MailMessage;\n    const send = spyOnSmtpSend((mail: MailMessage) => {\n      lastMail = mail;\n    });\n\n    const service = await getMailerServiceForOptions({\n      transport: 'smtps://user@domain.com:pass@smtp.domain.com',\n    });\n\n    await service.sendMail({\n      from: 'user1@example.test',\n      to: 'user2@example.test',\n      subject: 'Test',\n      html: 'This is test.',\n    });\n\n    expect(send).toHaveBeenCalled();\n    expect(lastMail.data.from).toBe('user1@example.test');\n    expect(lastMail.data.to).toBe('user2@example.test');\n    expect(lastMail.data.subject).toBe('Test');\n    expect(lastMail.data.html).toBe('This is test.');\n  });\n\n  it('should send emails with nodemailer transports', async () => {\n    let lastMail: MailMessage;\n    const send = spyOnSmtpSend((mail: MailMessage) => {\n      lastMail = mail;\n    });\n\n    const service = await getMailerServiceForOptions({\n      transports: {\n        myDomain: 'smtps://user@domain.com:pass@smtp.domain.com',\n      },\n    });\n\n    await service.sendMail({\n      transporterName: 'myDomain',\n      from: 'user1@example.test',\n      to: 'user2@example.test',\n      subject: 'Test',\n      html: 'This is test.',\n    });\n\n    expect(send).toHaveBeenCalled();\n    expect(lastMail.data.from).toBe('user1@example.test');\n    expect(lastMail.data.to).toBe('user2@example.test');\n    expect(lastMail.data.subject).toBe('Test');\n    expect(lastMail.data.html).toBe('This is test.');\n  });\n\n  it('should send emails with nodemailer with different transports name', async () => {\n    try {\n      let lastMail: MailMessage;\n      const send = spyOnSmtpSend((mail: MailMessage) => {\n        lastMail = mail;\n      });\n\n      const service = await getMailerServiceForOptions({\n        transports: {\n          myDomain: 'smtps://user@domain.com:pass@smtp.domain.com',\n        },\n      });\n\n      await service.sendMail({\n        transporterName: 'testDomain',\n        from: 'user1@example.test',\n        to: 'user2@example.test',\n        subject: 'Test',\n        html: 'This is test.',\n      });\n\n      expect(send).toHaveBeenCalled();\n    } catch (error) {\n      expect(error.message).toBe(\"Transporters object doesn't have testDomain key\");\n    }\n  });\n\n  it('should send emails with nodemailer without transports', async () => {\n    try {\n      let lastMail: MailMessage;\n      const send = spyOnSmtpSend((mail: MailMessage) => {\n        lastMail = mail;\n      });\n\n      const service = await getMailerServiceForOptions({\n        transports: {},\n      });\n\n      await service.sendMail({\n        from: 'user1@example.test',\n        to: 'user2@example.test',\n        subject: 'Test',\n        html: 'This is test.',\n      });\n\n      expect(send).toHaveBeenCalled();\n    } catch (error) {\n      expect(error.message).toBe('Transporter object undefined');\n    }\n  });\n\n  it('should use mailerOptions.defaults when send emails', async () => {\n    let lastMail: MailMessage;\n    const send = spyOnSmtpSend((mail: MailMessage) => {\n      lastMail = mail;\n    });\n\n    const service = await getMailerServiceForOptions({\n      transport: 'smtps://user@domain.com:pass@smtp.domain.com',\n      defaults: {\n        from: 'user1@example.test',\n      },\n    });\n\n    await service.sendMail({\n      to: 'user2@example.test',\n      subject: 'Test',\n      html: 'This is test.',\n    });\n\n    expect(send).toHaveBeenCalled();\n    expect(lastMail.data.from).toBe('user1@example.test');\n  });\n\n  it('should use custom transport to send mail', async () => {\n    const service = await getMailerServiceWithCustomTransport({\n      transport: 'smtps://user@domain.com:pass@smtp.domain.com',\n    });\n    await service.sendMail({\n      to: 'user2@example.test',\n      subject: 'Test',\n      html: 'This is test.',\n    });\n\n    expect(nodemailerMock.mock.getSentMail().length).toEqual(1);\n  });\n\n  it('should compile template with the handlebars adapter', async () => {\n    let lastMail: MailMessage;\n    const send = spyOnSmtpSend((mail: MailMessage) => {\n      lastMail = mail;\n    });\n\n    const service = await getMailerServiceForOptions({\n      transport: new SMTPTransport({}),\n      template: {\n        adapter: new HandlebarsAdapter(),\n      },\n    });\n\n    await service.sendMail({\n      from: 'user1@example.test',\n      to: 'user2@example.test',\n      subject: 'Test',\n      template: `${template_path}/handlebars-template`,\n      context: {\n        MAILER: 'Nest-modules TM',\n      },\n    });\n\n    expect(send).toHaveBeenCalled();\n    expect(lastMail.data.from).toBe('user1@example.test');\n    expect(lastMail.data.html).toBe(\n      '<html><head></head><body><p>Handlebars test template. by Nest-modules TM</p></body></html>',\n    );\n  });\n\n  it('should compile template with the handlebars adapter with relative path', async () => {\n    let lastMail: MailMessage;\n    const send = spyOnSmtpSend((mail: MailMessage) => {\n      lastMail = mail;\n    });\n\n    const service = await getMailerServiceForOptions({\n      transport: new SMTPTransport({}),\n      template: {\n        adapter: new HandlebarsAdapter(),\n        dir: `${template_path}`,\n      },\n      options: {\n        strict: true,\n        partials: {\n          dir: `${template_path}`,\n        },\n      },\n    });\n\n    await service.sendMail({\n      from: 'user1@example.test',\n      to: 'user2@example.test',\n      subject: 'Test',\n      template: `./handlebars-template`,\n      context: {\n        MAILER: 'Nest-modules TM',\n      },\n    });\n\n    expect(send).toHaveBeenCalled();\n    expect(lastMail.data.from).toBe('user1@example.test');\n    expect(lastMail.data.html).toBe(\n      '<html><head></head><body><p>Handlebars test template. by Nest-modules TM</p></body></html>',\n    );\n  });\n\n  it('should compile template with the handlebars adapter with error template path', async () => {\n    let templatePath = pathJoin(template_path, '/handlebars-templates');\n    try {\n      let lastMail: MailMessage;\n      const send = spyOnSmtpSend((mail: MailMessage) => {\n        lastMail = mail;\n      });\n\n      const service = await getMailerServiceForOptions({\n        transport: new SMTPTransport({}),\n        template: {\n          adapter: new HandlebarsAdapter(),\n        },\n      });\n\n      await service.sendMail({\n        from: 'user1@example.test',\n        to: 'user2@example.test',\n        subject: 'Test',\n        template: `${templatePath}`,\n        context: {\n          MAILER: 'Nest-modules TM',\n        },\n      });\n\n      expect(send).toHaveBeenCalled();\n    } catch (error) {\n      expect(error.message).toBe(\n        `Error: ENOENT: no such file or directory, open '${templatePath}.hbs'`,\n      );\n    }\n  });\n\n  it('should compile template with the handlebars adapter with disabled inline-css', async () => {\n    let lastMail: MailMessage;\n    const send = spyOnSmtpSend((mail: MailMessage) => {\n      lastMail = mail;\n    });\n\n    /*{\n      myHelper: (context, value) => {\n        console.log(context, value);\n      },\n    }*/\n\n    const service = await getMailerServiceForOptions({\n      transport: new SMTPTransport({}),\n      template: {\n        adapter: new HandlebarsAdapter(undefined, { inlineCssEnabled: false }),\n      },\n    });\n\n    await service.sendMail({\n      from: 'user1@example.test',\n      to: 'user2@example.test',\n      subject: 'Test',\n      template: `${template_path}/handlebars-template-media-query`,\n      context: {\n        MAILER: 'Nest-modules TM',\n      },\n    });\n\n    expect(send).toHaveBeenCalled();\n    expect(lastMail.data.from).toBe('user1@example.test');\n    expect(lastMail.data.html).toContain('@media only screen and (max-width:350px)');\n    expect(lastMail.data.html).toContain('<p>Handlebars test template. by Nest-modules TM</p>');\n  });\n\n  it('should compile template with the handlebars adapter with enabled inline-css and media query', async () => {\n    let lastMail: MailMessage;\n    const send = spyOnSmtpSend((mail: MailMessage) => {\n      lastMail = mail;\n    });\n\n    const service = await getMailerServiceForOptions({\n      transport: new SMTPTransport({}),\n      template: {\n        adapter: new HandlebarsAdapter(undefined, {\n          inlineCssEnabled: true,\n          inlineCssOptions: { url: ' ', preserveMediaQueries: true },\n        }),\n      },\n    });\n\n    await service.sendMail({\n      from: 'user1@example.test',\n      to: 'user2@example.test',\n      subject: 'Test',\n      template: `${template_path}/handlebars-template-media-query`,\n      context: {\n        MAILER: 'Nest-modules TM',\n      },\n    });\n\n    expect(send).toHaveBeenCalled();\n    expect(lastMail.data.from).toBe('user1@example.test');\n    expect(lastMail.data.html).toContain('@media only screen and (max-width:350px)');\n    expect(lastMail.data.html).toContain('<p>Handlebars test template. by Nest-modules TM</p>');\n  });\n\n  it('should compile template with the pug adapter', async () => {\n    let lastMail: MailMessage;\n    const send = spyOnSmtpSend((mail: MailMessage) => {\n      lastMail = mail;\n    });\n\n    const service = await getMailerServiceForOptions({\n      transport: new SMTPTransport({}),\n      template: {\n        adapter: new PugAdapter(),\n      },\n    });\n\n    await service.sendMail({\n      from: 'user1@example.test',\n      to: 'user2@example.test',\n      subject: 'Test',\n      template: `${template_path}/pug-template`,\n      context: {\n        world: 'World',\n      },\n    });\n\n    expect(send).toHaveBeenCalled();\n    expect(lastMail.data.from).toBe('user1@example.test');\n    expect(lastMail.data.html).toBe(\n      '<html><head></head><body><p>Pug test template.</p><p>Hello World!</p></body></html>',\n    );\n  });\n\n  it('should compile template with the pug adapter with relative path', async () => {\n    let lastMail: MailMessage;\n    const send = spyOnSmtpSend((mail: MailMessage) => {\n      lastMail = mail;\n    });\n\n    const service = await getMailerServiceForOptions({\n      transport: new SMTPTransport({}),\n      template: {\n        adapter: new PugAdapter(),\n        dir: template_path,\n      },\n    });\n\n    await service.sendMail({\n      from: 'user1@example.test',\n      to: 'user2@example.test',\n      subject: 'Test',\n      template: `./pug-template`,\n      context: {\n        world: 'World',\n      },\n    });\n\n    expect(send).toHaveBeenCalled();\n    expect(lastMail.data.from).toBe('user1@example.test');\n    expect(lastMail.data.html).toBe(\n      '<html><head></head><body><p>Pug test template.</p><p>Hello World!</p></body></html>',\n    );\n  });\n\n  it('should compile template with the pug adapter with error to read template', async () => {\n    let templatePath = pathJoin(template_path, '/pug-templates');\n\n    try {\n      let lastMail: MailMessage;\n      const send = spyOnSmtpSend((mail: MailMessage) => {\n        lastMail = mail;\n      });\n\n      const service = await getMailerServiceForOptions({\n        transport: new SMTPTransport({}),\n        template: {\n          adapter: new PugAdapter(),\n        },\n      });\n\n      await service.sendMail({\n        from: 'user1@example.test',\n        to: 'user2@example.test',\n        subject: 'Test',\n        template: `${templatePath}`,\n        context: {\n          world: 'World',\n        },\n      });\n\n      expect(send).toHaveBeenCalled();\n    } catch (error) {\n      expect(error.message).toBe(`ENOENT: no such file or directory, open '${templatePath}.pug'`);\n    }\n  });\n\n  it('should compile template with the pug adapter without inline css', async () => {\n    let lastMail: MailMessage;\n    const send = spyOnSmtpSend((mail: MailMessage) => {\n      lastMail = mail;\n    });\n\n    const service = await getMailerServiceForOptions({\n      transport: new SMTPTransport({}),\n      template: {\n        adapter: new PugAdapter({\n          inlineCssEnabled: false,\n        }),\n      },\n    });\n\n    await service.sendMail({\n      from: 'user1@example.test',\n      to: 'user2@example.test',\n      subject: 'Test',\n      template: `${template_path}/pug-template`,\n      context: {\n        world: 'World',\n      },\n    });\n\n    expect(send).toHaveBeenCalled();\n    expect(lastMail.data.from).toBe('user1@example.test');\n    expect(lastMail.data.html).toBe('<p>Pug test template.</p><p>Hello World!</p>');\n  });\n\n  it('should compile template with the ejs adapter', async () => {\n    let lastMail: MailMessage;\n    const send = spyOnSmtpSend((mail: MailMessage) => {\n      lastMail = mail;\n    });\n\n    const service = await getMailerServiceForOptions({\n      transport: new SMTPTransport({}),\n      template: {\n        adapter: new EjsAdapter(),\n      },\n    });\n\n    await service.sendMail({\n      from: 'user1@example.test',\n      to: 'user2@example.test',\n      subject: 'Test',\n      template: `${template_path}/ejs-template`,\n      context: {\n        MAILER: 'Nest-modules TM',\n      },\n    });\n\n    expect(send).toHaveBeenCalled();\n    expect(lastMail.data.from).toBe('user1@example.test');\n    expect(lastMail.data.html).toBe('<p>Ejs test template. by Nest-modules TM</p>');\n  });\n\n  it('should compile template with the ejs adapter with error to read template', async () => {\n    let templatePath = pathJoin(template_path, '/ejs-templates');\n    try {\n      let lastMail: MailMessage;\n      const send = spyOnSmtpSend((mail: MailMessage) => {\n        lastMail = mail;\n      });\n\n      const service = await getMailerServiceForOptions({\n        transport: new SMTPTransport({}),\n        template: {\n          adapter: new EjsAdapter(),\n        },\n      });\n\n      await service.sendMail({\n        from: 'user1@example.test',\n        to: 'user2@example.test',\n        subject: 'Test',\n        template: `${templatePath}`,\n        context: {\n          MAILER: 'Nest-modules TM',\n        },\n      });\n\n      expect(send).toHaveBeenCalled();\n    } catch (error) {\n      expect(error.message).toBe(\n        `Error: ENOENT: no such file or directory, open '${templatePath}.ejs'`,\n      );\n    }\n  });\n\n  it('should compile template with the ejs adapter read template relative url', async () => {\n    let lastMail: MailMessage;\n    const send = spyOnSmtpSend((mail: MailMessage) => {\n      lastMail = mail;\n    });\n\n    const service = await getMailerServiceForOptions({\n      transport: new SMTPTransport({}),\n      template: {\n        dir: template_path,\n        adapter: new EjsAdapter(),\n      },\n    });\n\n    await service.sendMail({\n      from: 'user1@example.test',\n      to: 'user2@example.test',\n      subject: 'Test',\n      template: `./ejs-template`,\n      context: {\n        MAILER: 'Nest-modules TM',\n      },\n    });\n\n    expect(send).toHaveBeenCalled();\n    expect(lastMail.data.from).toBe('user1@example.test');\n    expect(lastMail.data.html).toBe('<p>Ejs test template. by Nest-modules TM</p>');\n  });\n\n  it('should compile template with the ejs adapter without css inline', async () => {\n    let lastMail: MailMessage;\n    const send = spyOnSmtpSend((mail: MailMessage) => {\n      lastMail = mail;\n    });\n\n    const service = await getMailerServiceForOptions({\n      transport: new SMTPTransport({}),\n      template: {\n        adapter: new EjsAdapter({\n          inlineCssEnabled: false,\n        }),\n      },\n    });\n\n    await service.sendMail({\n      from: 'user1@example.test',\n      to: 'user2@example.test',\n      subject: 'Test',\n      template: `${template_path}/ejs-template`,\n      context: {\n        MAILER: 'Nest-modules TM',\n      },\n    });\n\n    expect(send).toHaveBeenCalled();\n    expect(lastMail.data.from).toBe('user1@example.test');\n    expect(lastMail.data.html).toBe('<p>Ejs test template. by Nest-modules TM</p>');\n  });\n\n  it('should compile template with the ejs adapter with css inline', async () => {\n    let lastMail: MailMessage;\n    const send = spyOnSmtpSend((mail: MailMessage) => {\n      lastMail = mail;\n    });\n\n    const service = await getMailerServiceForOptions({\n      transport: new SMTPTransport({}),\n      template: {\n        adapter: new EjsAdapter({\n          inlineCssEnabled: true,\n        }),\n      },\n    });\n\n    await service.sendMail({\n      from: 'user1@example.test',\n      to: 'user2@example.test',\n      subject: 'Test',\n      template: `${template_path}/ejs-template`,\n      context: {\n        MAILER: 'Nest-modules TM',\n      },\n    });\n\n    expect(send).toHaveBeenCalled();\n    expect(lastMail.data.from).toBe('user1@example.test');\n    expect(lastMail.data.html).toBe(\n      '<html><head></head><body><p>Ejs test template. by Nest-modules TM</p></body></html>',\n    );\n  });\n});\n",
              "err": {},
              "uuid": "3307d4b9-779e-4226-a62c-0ea3834a6700",
              "parentUUID": "92fc692d-f5c7-4b52-ba8d-138cf6edf804",
              "isHook": false,
              "skipped": false
            },
            {
              "fullTitle": "MailerService > should accept a smtp transports string",
              "title": "MailerService > should accept a smtp transports string",
              "timedOut": false,
              "duration": 2,
              "state": "passed",
              "speed": null,
              "pass": true,
              "fail": false,
              "pending": false,
              "context": null,
              "code": "import { Test, TestingModule } from '@nestjs/testing';\nimport { pathJoin } from '@tresdoce-nestjs-toolkit/test-utils';\nimport * as nodemailerMock from 'nodemailer-mock';\nimport MailMessage from 'nodemailer/lib/mailer/mail-message';\nimport SMTPTransport from 'nodemailer/lib/smtp-transport';\n\nimport { MAILER_OPTIONS, MAILER_TRANSPORT_FACTORY } from '../mailer/constants/mailer.constant';\n\nimport { MailerOptions, TransportType } from '../mailer/interfaces/mailer-options.interface';\nimport { MailerTransportFactory } from '../mailer/interfaces/mailer-transport-factory.interface';\n\nimport { HandlebarsAdapter } from '../mailer/adapters/handlebars.adapter';\nimport { PugAdapter } from '../mailer/adapters/pug.adapter';\nimport { EjsAdapter } from '../mailer/adapters/ejs.adapter';\n\nimport { MailerService } from '../mailer/services/mailer.service';\n\nconst template_path = pathJoin(__dirname, 'utils/test-templates');\n\nasync function getMailerServiceForOptions(options: MailerOptions): Promise<MailerService> {\n  const module: TestingModule = await Test.createTestingModule({\n    providers: [\n      {\n        name: MAILER_OPTIONS,\n        provide: MAILER_OPTIONS,\n        useValue: options,\n      },\n      MailerService,\n    ],\n  }).compile();\n\n  return module.get<MailerService>(MailerService);\n}\n\nfunction spyOnSmtpSend(onMail: (mail: MailMessage) => void) {\n  return jest\n    .spyOn(SMTPTransport.prototype, 'send')\n    .mockImplementation(function (\n      mail: MailMessage,\n      callback: (err: Error | null, info: SMTPTransport.SentMessageInfo) => void,\n    ): void {\n      onMail(mail);\n      callback(null, {\n        envelope: {\n          from: mail.data.from as string,\n          to: [mail.data.to as string],\n        },\n        messageId: 'ABCD',\n        accepted: [],\n        rejected: [],\n        pending: [],\n        response: 'ok',\n      });\n    });\n}\n\nasync function getMailerServiceWithCustomTransport(options: MailerOptions): Promise<MailerService> {\n  class TestTransportFactory implements MailerTransportFactory {\n    createTransport(options?: TransportType): any {\n      return nodemailerMock.createTransport({ host: 'localhost', port: -100 });\n    }\n  }\n\n  const module: TestingModule = await Test.createTestingModule({\n    providers: [\n      {\n        name: MAILER_OPTIONS,\n        provide: MAILER_OPTIONS,\n        useValue: options,\n      },\n      {\n        name: MAILER_TRANSPORT_FACTORY,\n        provide: MAILER_TRANSPORT_FACTORY,\n        useClass: TestTransportFactory,\n      },\n      MailerService,\n    ],\n  }).compile();\n  await module.init();\n\n  return module.get<MailerService>(MailerService);\n}\n\njest.setTimeout(70000);\ndescribe('MailerService', () => {\n  it('should not be defined if a transport is not provided', async () => {\n    await expect(getMailerServiceForOptions({})).rejects.toMatchInlineSnapshot(\n      `[Error: Make sure to provide a nodemailer transport configuration object, connection url or a transport plugin instance.]`,\n    );\n  });\n\n  it('should accept a smtp transport string', async () => {\n    const service = await getMailerServiceForOptions({\n      transport: 'smtps://user@domain.com:pass@smtp.domain.com',\n    });\n\n    expect(service).toBeDefined();\n    expect((service as any).transporter.transporter).toBeInstanceOf(SMTPTransport);\n  });\n\n  it('should accept a smtp transports string', async () => {\n    const service = await getMailerServiceForOptions({\n      transports: {\n        myDomain: 'smtps://user@domain.com:pass@smtp.domain.com',\n      },\n    });\n\n    expect(service).toBeDefined();\n    (service as any).transporters.forEach((value, key) => {\n      expect(value.transporter).toBeInstanceOf(SMTPTransport);\n    });\n  });\n\n  it('should accept smtp transport options', async () => {\n    const service = await getMailerServiceForOptions({\n      transport: {\n        secure: true,\n        requireTLS: true,\n        auth: {\n          user: 'user@domain.com',\n          pass: 'pass',\n        },\n        options: {\n          host: 'smtp.domain.com',\n        },\n      },\n    });\n\n    expect(service).toBeDefined();\n    expect((service as any).transporter.transporter).toBeInstanceOf(SMTPTransport);\n  });\n\n  it('should accept a smtp transport instance', async () => {\n    const transport = new SMTPTransport({});\n    const service = await getMailerServiceForOptions({\n      transport: transport,\n    });\n\n    expect(service).toBeDefined();\n    expect((service as any).transporter.transporter).toBe(transport);\n  });\n\n  it('should send emails with nodemailer', async () => {\n    let lastMail: MailMessage;\n    const send = spyOnSmtpSend((mail: MailMessage) => {\n      lastMail = mail;\n    });\n\n    const service = await getMailerServiceForOptions({\n      transport: 'smtps://user@domain.com:pass@smtp.domain.com',\n    });\n\n    await service.sendMail({\n      from: 'user1@example.test',\n      to: 'user2@example.test',\n      subject: 'Test',\n      html: 'This is test.',\n    });\n\n    expect(send).toHaveBeenCalled();\n    expect(lastMail.data.from).toBe('user1@example.test');\n    expect(lastMail.data.to).toBe('user2@example.test');\n    expect(lastMail.data.subject).toBe('Test');\n    expect(lastMail.data.html).toBe('This is test.');\n  });\n\n  it('should send emails with nodemailer transports', async () => {\n    let lastMail: MailMessage;\n    const send = spyOnSmtpSend((mail: MailMessage) => {\n      lastMail = mail;\n    });\n\n    const service = await getMailerServiceForOptions({\n      transports: {\n        myDomain: 'smtps://user@domain.com:pass@smtp.domain.com',\n      },\n    });\n\n    await service.sendMail({\n      transporterName: 'myDomain',\n      from: 'user1@example.test',\n      to: 'user2@example.test',\n      subject: 'Test',\n      html: 'This is test.',\n    });\n\n    expect(send).toHaveBeenCalled();\n    expect(lastMail.data.from).toBe('user1@example.test');\n    expect(lastMail.data.to).toBe('user2@example.test');\n    expect(lastMail.data.subject).toBe('Test');\n    expect(lastMail.data.html).toBe('This is test.');\n  });\n\n  it('should send emails with nodemailer with different transports name', async () => {\n    try {\n      let lastMail: MailMessage;\n      const send = spyOnSmtpSend((mail: MailMessage) => {\n        lastMail = mail;\n      });\n\n      const service = await getMailerServiceForOptions({\n        transports: {\n          myDomain: 'smtps://user@domain.com:pass@smtp.domain.com',\n        },\n      });\n\n      await service.sendMail({\n        transporterName: 'testDomain',\n        from: 'user1@example.test',\n        to: 'user2@example.test',\n        subject: 'Test',\n        html: 'This is test.',\n      });\n\n      expect(send).toHaveBeenCalled();\n    } catch (error) {\n      expect(error.message).toBe(\"Transporters object doesn't have testDomain key\");\n    }\n  });\n\n  it('should send emails with nodemailer without transports', async () => {\n    try {\n      let lastMail: MailMessage;\n      const send = spyOnSmtpSend((mail: MailMessage) => {\n        lastMail = mail;\n      });\n\n      const service = await getMailerServiceForOptions({\n        transports: {},\n      });\n\n      await service.sendMail({\n        from: 'user1@example.test',\n        to: 'user2@example.test',\n        subject: 'Test',\n        html: 'This is test.',\n      });\n\n      expect(send).toHaveBeenCalled();\n    } catch (error) {\n      expect(error.message).toBe('Transporter object undefined');\n    }\n  });\n\n  it('should use mailerOptions.defaults when send emails', async () => {\n    let lastMail: MailMessage;\n    const send = spyOnSmtpSend((mail: MailMessage) => {\n      lastMail = mail;\n    });\n\n    const service = await getMailerServiceForOptions({\n      transport: 'smtps://user@domain.com:pass@smtp.domain.com',\n      defaults: {\n        from: 'user1@example.test',\n      },\n    });\n\n    await service.sendMail({\n      to: 'user2@example.test',\n      subject: 'Test',\n      html: 'This is test.',\n    });\n\n    expect(send).toHaveBeenCalled();\n    expect(lastMail.data.from).toBe('user1@example.test');\n  });\n\n  it('should use custom transport to send mail', async () => {\n    const service = await getMailerServiceWithCustomTransport({\n      transport: 'smtps://user@domain.com:pass@smtp.domain.com',\n    });\n    await service.sendMail({\n      to: 'user2@example.test',\n      subject: 'Test',\n      html: 'This is test.',\n    });\n\n    expect(nodemailerMock.mock.getSentMail().length).toEqual(1);\n  });\n\n  it('should compile template with the handlebars adapter', async () => {\n    let lastMail: MailMessage;\n    const send = spyOnSmtpSend((mail: MailMessage) => {\n      lastMail = mail;\n    });\n\n    const service = await getMailerServiceForOptions({\n      transport: new SMTPTransport({}),\n      template: {\n        adapter: new HandlebarsAdapter(),\n      },\n    });\n\n    await service.sendMail({\n      from: 'user1@example.test',\n      to: 'user2@example.test',\n      subject: 'Test',\n      template: `${template_path}/handlebars-template`,\n      context: {\n        MAILER: 'Nest-modules TM',\n      },\n    });\n\n    expect(send).toHaveBeenCalled();\n    expect(lastMail.data.from).toBe('user1@example.test');\n    expect(lastMail.data.html).toBe(\n      '<html><head></head><body><p>Handlebars test template. by Nest-modules TM</p></body></html>',\n    );\n  });\n\n  it('should compile template with the handlebars adapter with relative path', async () => {\n    let lastMail: MailMessage;\n    const send = spyOnSmtpSend((mail: MailMessage) => {\n      lastMail = mail;\n    });\n\n    const service = await getMailerServiceForOptions({\n      transport: new SMTPTransport({}),\n      template: {\n        adapter: new HandlebarsAdapter(),\n        dir: `${template_path}`,\n      },\n      options: {\n        strict: true,\n        partials: {\n          dir: `${template_path}`,\n        },\n      },\n    });\n\n    await service.sendMail({\n      from: 'user1@example.test',\n      to: 'user2@example.test',\n      subject: 'Test',\n      template: `./handlebars-template`,\n      context: {\n        MAILER: 'Nest-modules TM',\n      },\n    });\n\n    expect(send).toHaveBeenCalled();\n    expect(lastMail.data.from).toBe('user1@example.test');\n    expect(lastMail.data.html).toBe(\n      '<html><head></head><body><p>Handlebars test template. by Nest-modules TM</p></body></html>',\n    );\n  });\n\n  it('should compile template with the handlebars adapter with error template path', async () => {\n    let templatePath = pathJoin(template_path, '/handlebars-templates');\n    try {\n      let lastMail: MailMessage;\n      const send = spyOnSmtpSend((mail: MailMessage) => {\n        lastMail = mail;\n      });\n\n      const service = await getMailerServiceForOptions({\n        transport: new SMTPTransport({}),\n        template: {\n          adapter: new HandlebarsAdapter(),\n        },\n      });\n\n      await service.sendMail({\n        from: 'user1@example.test',\n        to: 'user2@example.test',\n        subject: 'Test',\n        template: `${templatePath}`,\n        context: {\n          MAILER: 'Nest-modules TM',\n        },\n      });\n\n      expect(send).toHaveBeenCalled();\n    } catch (error) {\n      expect(error.message).toBe(\n        `Error: ENOENT: no such file or directory, open '${templatePath}.hbs'`,\n      );\n    }\n  });\n\n  it('should compile template with the handlebars adapter with disabled inline-css', async () => {\n    let lastMail: MailMessage;\n    const send = spyOnSmtpSend((mail: MailMessage) => {\n      lastMail = mail;\n    });\n\n    /*{\n      myHelper: (context, value) => {\n        console.log(context, value);\n      },\n    }*/\n\n    const service = await getMailerServiceForOptions({\n      transport: new SMTPTransport({}),\n      template: {\n        adapter: new HandlebarsAdapter(undefined, { inlineCssEnabled: false }),\n      },\n    });\n\n    await service.sendMail({\n      from: 'user1@example.test',\n      to: 'user2@example.test',\n      subject: 'Test',\n      template: `${template_path}/handlebars-template-media-query`,\n      context: {\n        MAILER: 'Nest-modules TM',\n      },\n    });\n\n    expect(send).toHaveBeenCalled();\n    expect(lastMail.data.from).toBe('user1@example.test');\n    expect(lastMail.data.html).toContain('@media only screen and (max-width:350px)');\n    expect(lastMail.data.html).toContain('<p>Handlebars test template. by Nest-modules TM</p>');\n  });\n\n  it('should compile template with the handlebars adapter with enabled inline-css and media query', async () => {\n    let lastMail: MailMessage;\n    const send = spyOnSmtpSend((mail: MailMessage) => {\n      lastMail = mail;\n    });\n\n    const service = await getMailerServiceForOptions({\n      transport: new SMTPTransport({}),\n      template: {\n        adapter: new HandlebarsAdapter(undefined, {\n          inlineCssEnabled: true,\n          inlineCssOptions: { url: ' ', preserveMediaQueries: true },\n        }),\n      },\n    });\n\n    await service.sendMail({\n      from: 'user1@example.test',\n      to: 'user2@example.test',\n      subject: 'Test',\n      template: `${template_path}/handlebars-template-media-query`,\n      context: {\n        MAILER: 'Nest-modules TM',\n      },\n    });\n\n    expect(send).toHaveBeenCalled();\n    expect(lastMail.data.from).toBe('user1@example.test');\n    expect(lastMail.data.html).toContain('@media only screen and (max-width:350px)');\n    expect(lastMail.data.html).toContain('<p>Handlebars test template. by Nest-modules TM</p>');\n  });\n\n  it('should compile template with the pug adapter', async () => {\n    let lastMail: MailMessage;\n    const send = spyOnSmtpSend((mail: MailMessage) => {\n      lastMail = mail;\n    });\n\n    const service = await getMailerServiceForOptions({\n      transport: new SMTPTransport({}),\n      template: {\n        adapter: new PugAdapter(),\n      },\n    });\n\n    await service.sendMail({\n      from: 'user1@example.test',\n      to: 'user2@example.test',\n      subject: 'Test',\n      template: `${template_path}/pug-template`,\n      context: {\n        world: 'World',\n      },\n    });\n\n    expect(send).toHaveBeenCalled();\n    expect(lastMail.data.from).toBe('user1@example.test');\n    expect(lastMail.data.html).toBe(\n      '<html><head></head><body><p>Pug test template.</p><p>Hello World!</p></body></html>',\n    );\n  });\n\n  it('should compile template with the pug adapter with relative path', async () => {\n    let lastMail: MailMessage;\n    const send = spyOnSmtpSend((mail: MailMessage) => {\n      lastMail = mail;\n    });\n\n    const service = await getMailerServiceForOptions({\n      transport: new SMTPTransport({}),\n      template: {\n        adapter: new PugAdapter(),\n        dir: template_path,\n      },\n    });\n\n    await service.sendMail({\n      from: 'user1@example.test',\n      to: 'user2@example.test',\n      subject: 'Test',\n      template: `./pug-template`,\n      context: {\n        world: 'World',\n      },\n    });\n\n    expect(send).toHaveBeenCalled();\n    expect(lastMail.data.from).toBe('user1@example.test');\n    expect(lastMail.data.html).toBe(\n      '<html><head></head><body><p>Pug test template.</p><p>Hello World!</p></body></html>',\n    );\n  });\n\n  it('should compile template with the pug adapter with error to read template', async () => {\n    let templatePath = pathJoin(template_path, '/pug-templates');\n\n    try {\n      let lastMail: MailMessage;\n      const send = spyOnSmtpSend((mail: MailMessage) => {\n        lastMail = mail;\n      });\n\n      const service = await getMailerServiceForOptions({\n        transport: new SMTPTransport({}),\n        template: {\n          adapter: new PugAdapter(),\n        },\n      });\n\n      await service.sendMail({\n        from: 'user1@example.test',\n        to: 'user2@example.test',\n        subject: 'Test',\n        template: `${templatePath}`,\n        context: {\n          world: 'World',\n        },\n      });\n\n      expect(send).toHaveBeenCalled();\n    } catch (error) {\n      expect(error.message).toBe(`ENOENT: no such file or directory, open '${templatePath}.pug'`);\n    }\n  });\n\n  it('should compile template with the pug adapter without inline css', async () => {\n    let lastMail: MailMessage;\n    const send = spyOnSmtpSend((mail: MailMessage) => {\n      lastMail = mail;\n    });\n\n    const service = await getMailerServiceForOptions({\n      transport: new SMTPTransport({}),\n      template: {\n        adapter: new PugAdapter({\n          inlineCssEnabled: false,\n        }),\n      },\n    });\n\n    await service.sendMail({\n      from: 'user1@example.test',\n      to: 'user2@example.test',\n      subject: 'Test',\n      template: `${template_path}/pug-template`,\n      context: {\n        world: 'World',\n      },\n    });\n\n    expect(send).toHaveBeenCalled();\n    expect(lastMail.data.from).toBe('user1@example.test');\n    expect(lastMail.data.html).toBe('<p>Pug test template.</p><p>Hello World!</p>');\n  });\n\n  it('should compile template with the ejs adapter', async () => {\n    let lastMail: MailMessage;\n    const send = spyOnSmtpSend((mail: MailMessage) => {\n      lastMail = mail;\n    });\n\n    const service = await getMailerServiceForOptions({\n      transport: new SMTPTransport({}),\n      template: {\n        adapter: new EjsAdapter(),\n      },\n    });\n\n    await service.sendMail({\n      from: 'user1@example.test',\n      to: 'user2@example.test',\n      subject: 'Test',\n      template: `${template_path}/ejs-template`,\n      context: {\n        MAILER: 'Nest-modules TM',\n      },\n    });\n\n    expect(send).toHaveBeenCalled();\n    expect(lastMail.data.from).toBe('user1@example.test');\n    expect(lastMail.data.html).toBe('<p>Ejs test template. by Nest-modules TM</p>');\n  });\n\n  it('should compile template with the ejs adapter with error to read template', async () => {\n    let templatePath = pathJoin(template_path, '/ejs-templates');\n    try {\n      let lastMail: MailMessage;\n      const send = spyOnSmtpSend((mail: MailMessage) => {\n        lastMail = mail;\n      });\n\n      const service = await getMailerServiceForOptions({\n        transport: new SMTPTransport({}),\n        template: {\n          adapter: new EjsAdapter(),\n        },\n      });\n\n      await service.sendMail({\n        from: 'user1@example.test',\n        to: 'user2@example.test',\n        subject: 'Test',\n        template: `${templatePath}`,\n        context: {\n          MAILER: 'Nest-modules TM',\n        },\n      });\n\n      expect(send).toHaveBeenCalled();\n    } catch (error) {\n      expect(error.message).toBe(\n        `Error: ENOENT: no such file or directory, open '${templatePath}.ejs'`,\n      );\n    }\n  });\n\n  it('should compile template with the ejs adapter read template relative url', async () => {\n    let lastMail: MailMessage;\n    const send = spyOnSmtpSend((mail: MailMessage) => {\n      lastMail = mail;\n    });\n\n    const service = await getMailerServiceForOptions({\n      transport: new SMTPTransport({}),\n      template: {\n        dir: template_path,\n        adapter: new EjsAdapter(),\n      },\n    });\n\n    await service.sendMail({\n      from: 'user1@example.test',\n      to: 'user2@example.test',\n      subject: 'Test',\n      template: `./ejs-template`,\n      context: {\n        MAILER: 'Nest-modules TM',\n      },\n    });\n\n    expect(send).toHaveBeenCalled();\n    expect(lastMail.data.from).toBe('user1@example.test');\n    expect(lastMail.data.html).toBe('<p>Ejs test template. by Nest-modules TM</p>');\n  });\n\n  it('should compile template with the ejs adapter without css inline', async () => {\n    let lastMail: MailMessage;\n    const send = spyOnSmtpSend((mail: MailMessage) => {\n      lastMail = mail;\n    });\n\n    const service = await getMailerServiceForOptions({\n      transport: new SMTPTransport({}),\n      template: {\n        adapter: new EjsAdapter({\n          inlineCssEnabled: false,\n        }),\n      },\n    });\n\n    await service.sendMail({\n      from: 'user1@example.test',\n      to: 'user2@example.test',\n      subject: 'Test',\n      template: `${template_path}/ejs-template`,\n      context: {\n        MAILER: 'Nest-modules TM',\n      },\n    });\n\n    expect(send).toHaveBeenCalled();\n    expect(lastMail.data.from).toBe('user1@example.test');\n    expect(lastMail.data.html).toBe('<p>Ejs test template. by Nest-modules TM</p>');\n  });\n\n  it('should compile template with the ejs adapter with css inline', async () => {\n    let lastMail: MailMessage;\n    const send = spyOnSmtpSend((mail: MailMessage) => {\n      lastMail = mail;\n    });\n\n    const service = await getMailerServiceForOptions({\n      transport: new SMTPTransport({}),\n      template: {\n        adapter: new EjsAdapter({\n          inlineCssEnabled: true,\n        }),\n      },\n    });\n\n    await service.sendMail({\n      from: 'user1@example.test',\n      to: 'user2@example.test',\n      subject: 'Test',\n      template: `${template_path}/ejs-template`,\n      context: {\n        MAILER: 'Nest-modules TM',\n      },\n    });\n\n    expect(send).toHaveBeenCalled();\n    expect(lastMail.data.from).toBe('user1@example.test');\n    expect(lastMail.data.html).toBe(\n      '<html><head></head><body><p>Ejs test template. by Nest-modules TM</p></body></html>',\n    );\n  });\n});\n",
              "err": {},
              "uuid": "cee00d55-64a5-4fac-ad68-34b836a758fb",
              "parentUUID": "92fc692d-f5c7-4b52-ba8d-138cf6edf804",
              "isHook": false,
              "skipped": false
            },
            {
              "fullTitle": "MailerService > should accept smtp transport options",
              "title": "MailerService > should accept smtp transport options",
              "timedOut": false,
              "duration": 2,
              "state": "passed",
              "speed": null,
              "pass": true,
              "fail": false,
              "pending": false,
              "context": null,
              "code": "import { Test, TestingModule } from '@nestjs/testing';\nimport { pathJoin } from '@tresdoce-nestjs-toolkit/test-utils';\nimport * as nodemailerMock from 'nodemailer-mock';\nimport MailMessage from 'nodemailer/lib/mailer/mail-message';\nimport SMTPTransport from 'nodemailer/lib/smtp-transport';\n\nimport { MAILER_OPTIONS, MAILER_TRANSPORT_FACTORY } from '../mailer/constants/mailer.constant';\n\nimport { MailerOptions, TransportType } from '../mailer/interfaces/mailer-options.interface';\nimport { MailerTransportFactory } from '../mailer/interfaces/mailer-transport-factory.interface';\n\nimport { HandlebarsAdapter } from '../mailer/adapters/handlebars.adapter';\nimport { PugAdapter } from '../mailer/adapters/pug.adapter';\nimport { EjsAdapter } from '../mailer/adapters/ejs.adapter';\n\nimport { MailerService } from '../mailer/services/mailer.service';\n\nconst template_path = pathJoin(__dirname, 'utils/test-templates');\n\nasync function getMailerServiceForOptions(options: MailerOptions): Promise<MailerService> {\n  const module: TestingModule = await Test.createTestingModule({\n    providers: [\n      {\n        name: MAILER_OPTIONS,\n        provide: MAILER_OPTIONS,\n        useValue: options,\n      },\n      MailerService,\n    ],\n  }).compile();\n\n  return module.get<MailerService>(MailerService);\n}\n\nfunction spyOnSmtpSend(onMail: (mail: MailMessage) => void) {\n  return jest\n    .spyOn(SMTPTransport.prototype, 'send')\n    .mockImplementation(function (\n      mail: MailMessage,\n      callback: (err: Error | null, info: SMTPTransport.SentMessageInfo) => void,\n    ): void {\n      onMail(mail);\n      callback(null, {\n        envelope: {\n          from: mail.data.from as string,\n          to: [mail.data.to as string],\n        },\n        messageId: 'ABCD',\n        accepted: [],\n        rejected: [],\n        pending: [],\n        response: 'ok',\n      });\n    });\n}\n\nasync function getMailerServiceWithCustomTransport(options: MailerOptions): Promise<MailerService> {\n  class TestTransportFactory implements MailerTransportFactory {\n    createTransport(options?: TransportType): any {\n      return nodemailerMock.createTransport({ host: 'localhost', port: -100 });\n    }\n  }\n\n  const module: TestingModule = await Test.createTestingModule({\n    providers: [\n      {\n        name: MAILER_OPTIONS,\n        provide: MAILER_OPTIONS,\n        useValue: options,\n      },\n      {\n        name: MAILER_TRANSPORT_FACTORY,\n        provide: MAILER_TRANSPORT_FACTORY,\n        useClass: TestTransportFactory,\n      },\n      MailerService,\n    ],\n  }).compile();\n  await module.init();\n\n  return module.get<MailerService>(MailerService);\n}\n\njest.setTimeout(70000);\ndescribe('MailerService', () => {\n  it('should not be defined if a transport is not provided', async () => {\n    await expect(getMailerServiceForOptions({})).rejects.toMatchInlineSnapshot(\n      `[Error: Make sure to provide a nodemailer transport configuration object, connection url or a transport plugin instance.]`,\n    );\n  });\n\n  it('should accept a smtp transport string', async () => {\n    const service = await getMailerServiceForOptions({\n      transport: 'smtps://user@domain.com:pass@smtp.domain.com',\n    });\n\n    expect(service).toBeDefined();\n    expect((service as any).transporter.transporter).toBeInstanceOf(SMTPTransport);\n  });\n\n  it('should accept a smtp transports string', async () => {\n    const service = await getMailerServiceForOptions({\n      transports: {\n        myDomain: 'smtps://user@domain.com:pass@smtp.domain.com',\n      },\n    });\n\n    expect(service).toBeDefined();\n    (service as any).transporters.forEach((value, key) => {\n      expect(value.transporter).toBeInstanceOf(SMTPTransport);\n    });\n  });\n\n  it('should accept smtp transport options', async () => {\n    const service = await getMailerServiceForOptions({\n      transport: {\n        secure: true,\n        requireTLS: true,\n        auth: {\n          user: 'user@domain.com',\n          pass: 'pass',\n        },\n        options: {\n          host: 'smtp.domain.com',\n        },\n      },\n    });\n\n    expect(service).toBeDefined();\n    expect((service as any).transporter.transporter).toBeInstanceOf(SMTPTransport);\n  });\n\n  it('should accept a smtp transport instance', async () => {\n    const transport = new SMTPTransport({});\n    const service = await getMailerServiceForOptions({\n      transport: transport,\n    });\n\n    expect(service).toBeDefined();\n    expect((service as any).transporter.transporter).toBe(transport);\n  });\n\n  it('should send emails with nodemailer', async () => {\n    let lastMail: MailMessage;\n    const send = spyOnSmtpSend((mail: MailMessage) => {\n      lastMail = mail;\n    });\n\n    const service = await getMailerServiceForOptions({\n      transport: 'smtps://user@domain.com:pass@smtp.domain.com',\n    });\n\n    await service.sendMail({\n      from: 'user1@example.test',\n      to: 'user2@example.test',\n      subject: 'Test',\n      html: 'This is test.',\n    });\n\n    expect(send).toHaveBeenCalled();\n    expect(lastMail.data.from).toBe('user1@example.test');\n    expect(lastMail.data.to).toBe('user2@example.test');\n    expect(lastMail.data.subject).toBe('Test');\n    expect(lastMail.data.html).toBe('This is test.');\n  });\n\n  it('should send emails with nodemailer transports', async () => {\n    let lastMail: MailMessage;\n    const send = spyOnSmtpSend((mail: MailMessage) => {\n      lastMail = mail;\n    });\n\n    const service = await getMailerServiceForOptions({\n      transports: {\n        myDomain: 'smtps://user@domain.com:pass@smtp.domain.com',\n      },\n    });\n\n    await service.sendMail({\n      transporterName: 'myDomain',\n      from: 'user1@example.test',\n      to: 'user2@example.test',\n      subject: 'Test',\n      html: 'This is test.',\n    });\n\n    expect(send).toHaveBeenCalled();\n    expect(lastMail.data.from).toBe('user1@example.test');\n    expect(lastMail.data.to).toBe('user2@example.test');\n    expect(lastMail.data.subject).toBe('Test');\n    expect(lastMail.data.html).toBe('This is test.');\n  });\n\n  it('should send emails with nodemailer with different transports name', async () => {\n    try {\n      let lastMail: MailMessage;\n      const send = spyOnSmtpSend((mail: MailMessage) => {\n        lastMail = mail;\n      });\n\n      const service = await getMailerServiceForOptions({\n        transports: {\n          myDomain: 'smtps://user@domain.com:pass@smtp.domain.com',\n        },\n      });\n\n      await service.sendMail({\n        transporterName: 'testDomain',\n        from: 'user1@example.test',\n        to: 'user2@example.test',\n        subject: 'Test',\n        html: 'This is test.',\n      });\n\n      expect(send).toHaveBeenCalled();\n    } catch (error) {\n      expect(error.message).toBe(\"Transporters object doesn't have testDomain key\");\n    }\n  });\n\n  it('should send emails with nodemailer without transports', async () => {\n    try {\n      let lastMail: MailMessage;\n      const send = spyOnSmtpSend((mail: MailMessage) => {\n        lastMail = mail;\n      });\n\n      const service = await getMailerServiceForOptions({\n        transports: {},\n      });\n\n      await service.sendMail({\n        from: 'user1@example.test',\n        to: 'user2@example.test',\n        subject: 'Test',\n        html: 'This is test.',\n      });\n\n      expect(send).toHaveBeenCalled();\n    } catch (error) {\n      expect(error.message).toBe('Transporter object undefined');\n    }\n  });\n\n  it('should use mailerOptions.defaults when send emails', async () => {\n    let lastMail: MailMessage;\n    const send = spyOnSmtpSend((mail: MailMessage) => {\n      lastMail = mail;\n    });\n\n    const service = await getMailerServiceForOptions({\n      transport: 'smtps://user@domain.com:pass@smtp.domain.com',\n      defaults: {\n        from: 'user1@example.test',\n      },\n    });\n\n    await service.sendMail({\n      to: 'user2@example.test',\n      subject: 'Test',\n      html: 'This is test.',\n    });\n\n    expect(send).toHaveBeenCalled();\n    expect(lastMail.data.from).toBe('user1@example.test');\n  });\n\n  it('should use custom transport to send mail', async () => {\n    const service = await getMailerServiceWithCustomTransport({\n      transport: 'smtps://user@domain.com:pass@smtp.domain.com',\n    });\n    await service.sendMail({\n      to: 'user2@example.test',\n      subject: 'Test',\n      html: 'This is test.',\n    });\n\n    expect(nodemailerMock.mock.getSentMail().length).toEqual(1);\n  });\n\n  it('should compile template with the handlebars adapter', async () => {\n    let lastMail: MailMessage;\n    const send = spyOnSmtpSend((mail: MailMessage) => {\n      lastMail = mail;\n    });\n\n    const service = await getMailerServiceForOptions({\n      transport: new SMTPTransport({}),\n      template: {\n        adapter: new HandlebarsAdapter(),\n      },\n    });\n\n    await service.sendMail({\n      from: 'user1@example.test',\n      to: 'user2@example.test',\n      subject: 'Test',\n      template: `${template_path}/handlebars-template`,\n      context: {\n        MAILER: 'Nest-modules TM',\n      },\n    });\n\n    expect(send).toHaveBeenCalled();\n    expect(lastMail.data.from).toBe('user1@example.test');\n    expect(lastMail.data.html).toBe(\n      '<html><head></head><body><p>Handlebars test template. by Nest-modules TM</p></body></html>',\n    );\n  });\n\n  it('should compile template with the handlebars adapter with relative path', async () => {\n    let lastMail: MailMessage;\n    const send = spyOnSmtpSend((mail: MailMessage) => {\n      lastMail = mail;\n    });\n\n    const service = await getMailerServiceForOptions({\n      transport: new SMTPTransport({}),\n      template: {\n        adapter: new HandlebarsAdapter(),\n        dir: `${template_path}`,\n      },\n      options: {\n        strict: true,\n        partials: {\n          dir: `${template_path}`,\n        },\n      },\n    });\n\n    await service.sendMail({\n      from: 'user1@example.test',\n      to: 'user2@example.test',\n      subject: 'Test',\n      template: `./handlebars-template`,\n      context: {\n        MAILER: 'Nest-modules TM',\n      },\n    });\n\n    expect(send).toHaveBeenCalled();\n    expect(lastMail.data.from).toBe('user1@example.test');\n    expect(lastMail.data.html).toBe(\n      '<html><head></head><body><p>Handlebars test template. by Nest-modules TM</p></body></html>',\n    );\n  });\n\n  it('should compile template with the handlebars adapter with error template path', async () => {\n    let templatePath = pathJoin(template_path, '/handlebars-templates');\n    try {\n      let lastMail: MailMessage;\n      const send = spyOnSmtpSend((mail: MailMessage) => {\n        lastMail = mail;\n      });\n\n      const service = await getMailerServiceForOptions({\n        transport: new SMTPTransport({}),\n        template: {\n          adapter: new HandlebarsAdapter(),\n        },\n      });\n\n      await service.sendMail({\n        from: 'user1@example.test',\n        to: 'user2@example.test',\n        subject: 'Test',\n        template: `${templatePath}`,\n        context: {\n          MAILER: 'Nest-modules TM',\n        },\n      });\n\n      expect(send).toHaveBeenCalled();\n    } catch (error) {\n      expect(error.message).toBe(\n        `Error: ENOENT: no such file or directory, open '${templatePath}.hbs'`,\n      );\n    }\n  });\n\n  it('should compile template with the handlebars adapter with disab
[...]
ailerMock.mock.getSentMail().length).toEqual(1);\n  });\n\n  it('should compile template with the handlebars adapter', async () => {\n    let lastMail: MailMessage;\n    const send = spyOnSmtpSend((mail: MailMessage) => {\n      lastMail = mail;\n    });\n\n    const service = await getMailerServiceForOptions({\n      transport: new SMTPTransport({}),\n      template: {\n        adapter: new HandlebarsAdapter(),\n      },\n    });\n\n    await service.sendMail({\n      from: 'user1@example.test',\n      to: 'user2@example.test',\n      subject: 'Test',\n      template: `${template_path}/handlebars-template`,\n      context: {\n        MAILER: 'Nest-modules TM',\n      },\n    });\n\n    expect(send).toHaveBeenCalled();\n    expect(lastMail.data.from).toBe('user1@example.test');\n    expect(lastMail.data.html).toBe(\n      '<html><head></head><body><p>Handlebars test template. by Nest-modules TM</p></body></html>',\n    );\n  });\n\n  it('should compile template with the handlebars adapter with relative path', async () => {\n    let lastMail: MailMessage;\n    const send = spyOnSmtpSend((mail: MailMessage) => {\n      lastMail = mail;\n    });\n\n    const service = await getMailerServiceForOptions({\n      transport: new SMTPTransport({}),\n      template: {\n        adapter: new HandlebarsAdapter(),\n        dir: `${template_path}`,\n      },\n      options: {\n        strict: true,\n        partials: {\n          dir: `${template_path}`,\n        },\n      },\n    });\n\n    await service.sendMail({\n      from: 'user1@example.test',\n      to: 'user2@example.test',\n      subject: 'Test',\n      template: `./handlebars-template`,\n      context: {\n        MAILER: 'Nest-modules TM',\n      },\n    });\n\n    expect(send).toHaveBeenCalled();\n    expect(lastMail.data.from).toBe('user1@example.test');\n    expect(lastMail.data.html).toBe(\n      '<html><head></head><body><p>Handlebars test template. by Nest-modules TM</p></body></html>',\n    );\n  });\n\n  it('should compile template with the handlebars adapter with error template path', async () => {\n    let templatePath = pathJoin(template_path, '/handlebars-templates');\n    try {\n      let lastMail: MailMessage;\n      const send = spyOnSmtpSend((mail: MailMessage) => {\n        lastMail = mail;\n      });\n\n      const service = await getMailerServiceForOptions({\n        transport: new SMTPTransport({}),\n        template: {\n          adapter: new HandlebarsAdapter(),\n        },\n      });\n\n      await service.sendMail({\n        from: 'user1@example.test',\n        to: 'user2@example.test',\n        subject: 'Test',\n        template: `${templatePath}`,\n        context: {\n          MAILER: 'Nest-modules TM',\n        },\n      });\n\n      expect(send).toHaveBeenCalled();\n    } catch (error) {\n      expect(error.message).toBe(\n        `Error: ENOENT: no such file or directory, open '${templatePath}.hbs'`,\n      );\n    }\n  });\n\n  it('should compile template with the handlebars adapter with disabled inline-css', async () => {\n    let lastMail: MailMessage;\n    const send = spyOnSmtpSend((mail: MailMessage) => {\n      lastMail = mail;\n    });\n\n    /*{\n      myHelper: (context, value) => {\n        console.log(context, value);\n      },\n    }*/\n\n    const service = await getMailerServiceForOptions({\n      transport: new SMTPTransport({}),\n      template: {\n        adapter: new HandlebarsAdapter(undefined, { inlineCssEnabled: false }),\n      },\n    });\n\n    await service.sendMail({\n      from: 'user1@example.test',\n      to: 'user2@example.test',\n      subject: 'Test',\n      template: `${template_path}/handlebars-template-media-query`,\n      context: {\n        MAILER: 'Nest-modules TM',\n      },\n    });\n\n    expect(send).toHaveBeenCalled();\n    expect(lastMail.data.from).toBe('user1@example.test');\n    expect(lastMail.data.html).toContain('@media only screen and (max-width:350px)');\n    expect(lastMail.data.html).toContain('<p>Handlebars test template. by Nest-modules TM</p>');\n  });\n\n  it('should compile template with the handlebars adapter with enabled inline-css and media query', async () => {\n    let lastMail: MailMessage;\n    const send = spyOnSmtpSend((mail: MailMessage) => {\n      lastMail = mail;\n    });\n\n    const service = await getMailerServiceForOptions({\n      transport: new SMTPTransport({}),\n      template: {\n        adapter: new HandlebarsAdapter(undefined, {\n          inlineCssEnabled: true,\n          inlineCssOptions: { url: ' ', preserveMediaQueries: true },\n        }),\n      },\n    });\n\n    await service.sendMail({\n      from: 'user1@example.test',\n      to: 'user2@example.test',\n      subject: 'Test',\n      template: `${template_path}/handlebars-template-media-query`,\n      context: {\n        MAILER: 'Nest-modules TM',\n      },\n    });\n\n    expect(send).toHaveBeenCalled();\n    expect(lastMail.data.from).toBe('user1@example.test');\n    expect(lastMail.data.html).toContain('@media only screen and (max-width:350px)');\n    expect(lastMail.data.html).toContain('<p>Handlebars test template. by Nest-modules TM</p>');\n  });\n\n  it('should compile template with the pug adapter', async () => {\n    let lastMail: MailMessage;\n    const send = spyOnSmtpSend((mail: MailMessage) => {\n      lastMail = mail;\n    });\n\n    const service = await getMailerServiceForOptions({\n      transport: new SMTPTransport({}),\n      template: {\n        adapter: new PugAdapter(),\n      },\n    });\n\n    await service.sendMail({\n      from: 'user1@example.test',\n      to: 'user2@example.test',\n      subject: 'Test',\n      template: `${template_path}/pug-template`,\n      context: {\n        world: 'World',\n      },\n    });\n\n    expect(send).toHaveBeenCalled();\n    expect(lastMail.data.from).toBe('user1@example.test');\n    expect(lastMail.data.html).toBe(\n      '<html><head></head><body><p>Pug test template.</p><p>Hello World!</p></body></html>',\n    );\n  });\n\n  it('should compile template with the pug adapter with relative path', async () => {\n    let lastMail: MailMessage;\n    const send = spyOnSmtpSend((mail: MailMessage) => {\n      lastMail = mail;\n    });\n\n    const service = await getMailerServiceForOptions({\n      transport: new SMTPTransport({}),\n      template: {\n        adapter: new PugAdapter(),\n        dir: template_path,\n      },\n    });\n\n    await service.sendMail({\n      from: 'user1@example.test',\n      to: 'user2@example.test',\n      subject: 'Test',\n      template: `./pug-template`,\n      context: {\n        world: 'World',\n      },\n    });\n\n    expect(send).toHaveBeenCalled();\n    expect(lastMail.data.from).toBe('user1@example.test');\n    expect(lastMail.data.html).toBe(\n      '<html><head></head><body><p>Pug test template.</p><p>Hello World!</p></body></html>',\n    );\n  });\n\n  it('should compile template with the pug adapter with error to read template', async () => {\n    let templatePath = pathJoin(template_path, '/pug-templates');\n\n    try {\n      let lastMail: MailMessage;\n      const send = spyOnSmtpSend((mail: MailMessage) => {\n        lastMail = mail;\n      });\n\n      const service = await getMailerServiceForOptions({\n        transport: new SMTPTransport({}),\n        template: {\n          adapter: new PugAdapter(),\n        },\n      });\n\n      await service.sendMail({\n        from: 'user1@example.test',\n        to: 'user2@example.test',\n        subject: 'Test',\n        template: `${templatePath}`,\n        context: {\n          world: 'World',\n        },\n      });\n\n      expect(send).toHaveBeenCalled();\n    } catch (error) {\n      expect(error.message).toBe(`ENOENT: no such file or directory, open '${templatePath}.pug'`);\n    }\n  });\n\n  it('should compile template with the pug adapter without inline css', async () => {\n    let lastMail: MailMessage;\n    const send = spyOnSmtpSend((mail: MailMessage) => {\n      lastMail = mail;\n    });\n\n    const service = await getMailerServiceForOptions({\n      transport: new SMTPTransport({}),\n      template: {\n        adapter: new PugAdapter({\n          inlineCssEnabled: false,\n        }),\n      },\n    });\n\n    await service.sendMail({\n      from: 'user1@example.test',\n      to: 'user2@example.test',\n      subject: 'Test',\n      template: `${template_path}/pug-template`,\n      context: {\n        world: 'World',\n      },\n    });\n\n    expect(send).toHaveBeenCalled();\n    expect(lastMail.data.from).toBe('user1@example.test');\n    expect(lastMail.data.html).toBe('<p>Pug test template.</p><p>Hello World!</p>');\n  });\n\n  it('should compile template with the ejs adapter', async () => {\n    let lastMail: MailMessage;\n    const send = spyOnSmtpSend((mail: MailMessage) => {\n      lastMail = mail;\n    });\n\n    const service = await getMailerServiceForOptions({\n      transport: new SMTPTransport({}),\n      template: {\n        adapter: new EjsAdapter(),\n      },\n    });\n\n    await service.sendMail({\n      from: 'user1@example.test',\n      to: 'user2@example.test',\n      subject: 'Test',\n      template: `${template_path}/ejs-template`,\n      context: {\n        MAILER: 'Nest-modules TM',\n      },\n    });\n\n    expect(send).toHaveBeenCalled();\n    expect(lastMail.data.from).toBe('user1@example.test');\n    expect(lastMail.data.html).toBe('<p>Ejs test template. by Nest-modules TM</p>');\n  });\n\n  it('should compile template with the ejs adapter with error to read template', async () => {\n    let templatePath = pathJoin(template_path, '/ejs-templates');\n    try {\n      let lastMail: MailMessage;\n      const send = spyOnSmtpSend((mail: MailMessage) => {\n        lastMail = mail;\n      });\n\n      const service = await getMailerServiceForOptions({\n        transport: new SMTPTransport({}),\n        template: {\n          adapter: new EjsAdapter(),\n        },\n      });\n\n      await service.sendMail({\n        from: 'user1@example.test',\n        to: 'user2@example.test',\n        subject: 'Test',\n        template: `${templatePath}`,\n        context: {\n          MAILER: 'Nest-modules TM',\n        },\n      });\n\n      expect(send).toHaveBeenCalled();\n    } catch (error) {\n      expect(error.message).toBe(\n        `Error: ENOENT: no such file or directory, open '${templatePath}.ejs'`,\n      );\n    }\n  });\n\n  it('should compile template with the ejs adapter read template relative url', async () => {\n    let lastMail: MailMessage;\n    const send = spyOnSmtpSend((mail: MailMessage) => {\n      lastMail = mail;\n    });\n\n    const service = await getMailerServiceForOptions({\n      transport: new SMTPTransport({}),\n      template: {\n        dir: template_path,\n        adapter: new EjsAdapter(),\n      },\n    });\n\n    await service.sendMail({\n      from: 'user1@example.test',\n      to: 'user2@example.test',\n      subject: 'Test',\n      template: `./ejs-template`,\n      context: {\n        MAILER: 'Nest-modules TM',\n      },\n    });\n\n    expect(send).toHaveBeenCalled();\n    expect(lastMail.data.from).toBe('user1@example.test');\n    expect(lastMail.data.html).toBe('<p>Ejs test template. by Nest-modules TM</p>');\n  });\n\n  it('should compile template with the ejs adapter without css inline', async () => {\n    let lastMail: MailMessage;\n    const send = spyOnSmtpSend((mail: MailMessage) => {\n      lastMail = mail;\n    });\n\n    const service = await getMailerServiceForOptions({\n      transport: new SMTPTransport({}),\n      template: {\n        adapter: new EjsAdapter({\n          inlineCssEnabled: false,\n        }),\n      },\n    });\n\n    await service.sendMail({\n      from: 'user1@example.test',\n      to: 'user2@example.test',\n      subject: 'Test',\n      template: `${template_path}/ejs-template`,\n      context: {\n        MAILER: 'Nest-modules TM',\n      },\n    });\n\n    expect(send).toHaveBeenCalled();\n    expect(lastMail.data.from).toBe('user1@example.test');\n    expect(lastMail.data.html).toBe('<p>Ejs test template. by Nest-modules TM</p>');\n  });\n\n  it('should compile template with the ejs adapter with css inline', async () => {\n    let lastMail: MailMessage;\n    const send = spyOnSmtpSend((mail: MailMessage) => {\n      lastMail = mail;\n    });\n\n    const service = await getMailerServiceForOptions({\n      transport: new SMTPTransport({}),\n      template: {\n        adapter: new EjsAdapter({\n          inlineCssEnabled: true,\n        }),\n      },\n    });\n\n    await service.sendMail({\n      from: 'user1@example.test',\n      to: 'user2@example.test',\n      subject: 'Test',\n      template: `${template_path}/ejs-template`,\n      context: {\n        MAILER: 'Nest-modules TM',\n      },\n    });\n\n    expect(send).toHaveBeenCalled();\n    expect(lastMail.data.from).toBe('user1@example.test');\n    expect(lastMail.data.html).toBe(\n      '<html><head></head><body><p>Ejs test template. by Nest-modules TM</p></body></html>',\n    );\n  });\n});\n",
              "err": {},
              "uuid": "04dcbb89-b259-43d0-af8d-640dfff5552a",
              "parentUUID": "92fc692d-f5c7-4b52-ba8d-138cf6edf804",
              "isHook": false,
              "skipped": false
            },
            {
              "fullTitle": "MailerModule > forRoot > should be defined",
              "title": "MailerModule > forRoot > should be defined",
              "timedOut": false,
              "duration": 155,
              "state": "passed",
              "speed": null,
              "pass": true,
              "fail": false,
              "pending": false,
              "context": null,
              "code": "import { Test, TestingModule } from '@nestjs/testing';\nimport { INestApplication } from '@nestjs/common';\nimport { MailerModule } from '../mailer/mailer.module';\nimport { ConfigModule } from '@nestjs/config';\nimport { dynamicConfig } from '@tresdoce-nestjs-toolkit/test-utils';\n\ndescribe('MailerModule', () => {\n  let app: INestApplication;\n\n  describe('forRoot', () => {\n    beforeEach(async () => {\n      const moduleFixture: TestingModule = await Test.createTestingModule({\n        imports: [\n          MailerModule.forRoot({\n            transport: 'smtps://user@domain.com:pass@smtp.domain.com',\n            defaults: {\n              from: '\"nest-modules\" <modules@nestjs.com>',\n            },\n          }),\n        ],\n      }).compile();\n\n      app = moduleFixture.createNestApplication();\n      await app.init();\n    });\n\n    it('should be defined', () => {\n      expect(app).toBeDefined();\n    });\n  });\n\n  describe('forRootAsync', () => {\n    beforeEach(async () => {\n      const moduleFixture: TestingModule = await Test.createTestingModule({\n        imports: [\n          ConfigModule.forRoot({\n            isGlobal: true,\n            load: [\n              dynamicConfig({\n                mailer: {\n                  transport: 'smtps://user@domain.com:pass@smtp.domain.com',\n                  defaults: {\n                    from: '\"nest-modules\" <modules@nestjs.com>',\n                  },\n                },\n              }),\n            ],\n          }),\n          MailerModule,\n        ],\n      }).compile();\n\n      app = moduleFixture.createNestApplication();\n      await app.init();\n    });\n\n    it('should be defined', () => {\n      expect(app).toBeDefined();\n    });\n  });\n});\n",
              "err": {},
              "uuid": "0e1e3c29-5965-499a-8cc1-6012587c7221",
              "parentUUID": "92fc692d-f5c7-4b52-ba8d-138cf6edf804",
              "isHook": false,
              "skipped": false
            },
            {
              "fullTitle": "MailerModule > forRoot > should be defined",
              "title": "MailerModule > forRoot > should be defined",
              "timedOut": false,
              "duration": 7,
              "state": "passed",
              "speed": null,
              "pass": true,
              "fail": false,
              "pending": false,
              "context": null,
              "code": "import { Test, TestingModule } from '@nestjs/testing';\nimport { INestApplication } from '@nestjs/common';\nimport { MailerModule } from '../mailer/mailer.module';\nimport { ConfigModule } from '@nestjs/config';\nimport { dynamicConfig } from '@tresdoce-nestjs-toolkit/test-utils';\n\ndescribe('MailerModule', () => {\n  let app: INestApplication;\n\n  describe('forRoot', () => {\n    beforeEach(async () => {\n      const moduleFixture: TestingModule = await Test.createTestingModule({\n        imports: [\n          MailerModule.forRoot({\n            transport: 'smtps://user@domain.com:pass@smtp.domain.com',\n            defaults: {\n              from: '\"nest-modules\" <modules@nestjs.com>',\n            },\n          }),\n        ],\n      }).compile();\n\n      app = moduleFixture.createNestApplication();\n      await app.init();\n    });\n\n    it('should be defined', () => {\n      expect(app).toBeDefined();\n    });\n  });\n\n  describe('forRootAsync', () => {\n    beforeEach(async () => {\n      const moduleFixture: TestingModule = await Test.createTestingModule({\n        imports: [\n          ConfigModule.forRoot({\n            isGlobal: true,\n            load: [\n              dynamicConfig({\n                mailer: {\n                  transport: 'smtps://user@domain.com:pass@smtp.domain.com',\n                  defaults: {\n                    from: '\"nest-modules\" <modules@nestjs.com>',\n                  },\n                },\n              }),\n            ],\n          }),\n          MailerModule,\n        ],\n      }).compile();\n\n      app = moduleFixture.createNestApplication();\n      await app.init();\n    });\n\n    it('should be defined', () => {\n      expect(app).toBeDefined();\n    });\n  });\n});\n",
              "err": {},
              "uuid": "c12be7e2-0661-42a4-8cdf-f5e9036b5bd5",
              "parentUUID": "92fc692d-f5c7-4b52-ba8d-138cf6edf804",
              "isHook": false,
              "skipped": false
            }
          ],
          "suites": [],
          "passes": [
            "73df442e-4920-447c-9c06-0300baaea269",
            "3307d4b9-779e-4226-a62c-0ea3834a6700",
            "cee00d55-64a5-4fac-ad68-34b836a758fb",
            "528f580b-9192-4ab8-a763-131c895b0b65",
            "17d09cff-b313-4ebd-aa81-3d6b4a359a61",
            "c17b7c35-4243-492c-b8ab-a527c75a3c31",
            "697b2bd2-c617-45ce-b38a-07b296f57b27",
            "3d9caa95-701c-4a92-a4b7-8a34b9363c1f",
            "d953c9cf-afe0-47e7-abc3-08b974f16079",
            "ab8cda8e-2a61-4bd7-8b62-f9c6d2d3ed78",
            "766d26eb-bb18-45d6-b87f-ab4ee2f8c254",
            "ac95644a-f8a3-4966-9683-46b26da15f44",
            "04434cc1-1e7a-434b-b322-c6f00746c9fa",
            "2425747f-37c1-4a81-b278-cde57770cb87",
            "8bf5ce22-87ea-47b7-aaa4-be0f261a6f5e",
            "a5674953-cb6a-49d2-9947-b028b229d122",
            "40f8efe5-3449-4bcb-98e2-7bf592abad74",
            "57cb8086-b21f-4c09-bae0-bae007636121",
            "00fb8e12-8036-488b-a2f3-42596f8e3a2e",
            "f0b9bc07-fbf9-43cc-a4cb-09af28960135",
            "9328d71c-4745-40d8-b6ef-3515f5dcb8e4",
            "0ed6c253-a70b-4e49-95bb-50c3dddc5ec0",
            "87569bcd-2ed1-48c9-98ec-8d01fcaf2a37",
            "653565ff-7172-46c8-af50-ceea1fcc06ab",
            "04dcbb89-b259-43d0-af8d-640dfff5552a",
            "0e1e3c29-5965-499a-8cc1-6012587c7221",
            "c12be7e2-0661-42a4-8cdf-f5e9036b5bd5"
          ],
          "failures": [],
          "pending": [],
          "skipped": [],
          "duration": 312,
          "root": false,
          "rootEmpty": false,
          "_timeout": 5000
        }
      ],
      "passes": [],
      "failures": [],
      "pending": [],
      "skipped": [],
      "duration": 0,
      "root": true,
      "rootEmpty": true,
      "_timeout": 5000
    }
  ]
}
