{
  "stats": {
    "suites": 1,
    "tests": 3,
    "passes": 3,
    "pending": 0,
    "failures": 0,
    "testsRegistered": 3,
    "passPercent": 100,
    "pendingPercent": 0,
    "other": 0,
    "hasOther": false,
    "skipped": 0,
    "hasSkipped": false,
    "start": "2023-05-01T23:22:06.960Z",
    "end": "2023-05-01T23:22:06.965Z",
    "duration": 5
  },
  "results": [
    {
      "uuid": "af8887b8-2766-448b-82bb-e8c4dc4f62b3",
      "title": "@tresdoce-nestjs-toolkit/response-parser",
      "fullFile": "",
      "file": "",
      "beforeHooks": [],
      "afterHooks": [],
      "tests": [],
      "suites": [
        {
          "uuid": "1881de7c-d3a4-4dbe-99d8-9e1e95f5a15f",
          "title": "@tresdoce-nestjs-toolkit/response-parser",
          "fullFile": "",
          "file": "",
          "beforeHooks": [],
          "afterHooks": [],
          "tests": [
            {
              "title": "should be defined",
              "fullTitle": "ResponseInterceptor > should be defined",
              "timedOut": false,
              "duration": 2,
              "state": "passed",
              "speed": null,
              "pass": true,
              "fail": false,
              "pending": false,
              "context": null,
              "code": "",
              "err": {},
              "uuid": "a77018b7-d72c-4fea-9aaa-17ab0375816b",
              "parentUUID": "1881de7c-d3a4-4dbe-99d8-9e1e95f5a15f",
              "isHook": false,
              "skipped": false
            },
            {
              "title": "should return an ResponseInterceptor instance simple entity",
              "fullTitle": "ResponseInterceptor > should return an ResponseInterceptor instance simple entity",
              "timedOut": false,
              "duration": 3,
              "state": "passed",
              "speed": null,
              "pass": true,
              "fail": false,
              "pending": false,
              "context": null,
              "code": "",
              "err": {},
              "uuid": "de9138fd-87d6-4d91-95aa-0943a45e1290",
              "parentUUID": "1881de7c-d3a4-4dbe-99d8-9e1e95f5a15f",
              "isHook": false,
              "skipped": false
            },
            {
              "title": "should return an ResponseInterceptor instance multiple entity",
              "fullTitle": "ResponseInterceptor > should return an ResponseInterceptor instance multiple entity",
              "timedOut": false,
              "duration": 0,
              "state": "passed",
              "speed": null,
              "pass": true,
              "fail": false,
              "pending": false,
              "context": null,
              "code": "",
              "err": {},
              "uuid": "31d47081-0ff7-4e55-9a2c-98da1cb05c5b",
              "parentUUID": "1881de7c-d3a4-4dbe-99d8-9e1e95f5a15f",
              "isHook": false,
              "skipped": false
            }
          ],
          "suites": [],
          "passes": [
            "a77018b7-d72c-4fea-9aaa-17ab0375816b",
            "de9138fd-87d6-4d91-95aa-0943a45e1290",
            "31d47081-0ff7-4e55-9a2c-98da1cb05c5b"
          ],
          "failures": [],
          "pending": [],
          "skipped": [],
          "duration": 5,
          "root": false,
          "rootEmpty": false,
          "_timeout": 5000
        }
      ],
      "passes": [],
      "failures": [],
      "pending": [],
      "skipped": [],
      "duration": 0,
      "root": true,
      "rootEmpty": true,
      "_timeout": 5000
    }
  ]
}
