{
  "stats": {
    "suites": 1,
    "tests": 3,
    "passes": 3,
    "pending": 0,
    "failures": 0,
    "testsRegistered": 3,
    "passPercent": 100,
    "pendingPercent": 0,
    "other": 0,
    "hasOther": false,
    "skipped": 0,
    "hasSkipped": false,
    "start": "2023-05-02T17:44:59.320Z",
    "end": "2023-05-02T17:44:59.325Z",
    "duration": 5
  },
  "results": [
    {
      "uuid": "2c013fc5-e5ef-44a8-a4a2-f0597af873d0",
      "title": "@tresdoce-nestjs-toolkit/response-parser",
      "fullFile": "",
      "file": "",
      "beforeHooks": [],
      "afterHooks": [],
      "tests": [],
      "suites": [
        {
          "uuid": "28c0c576-7871-4448-8d0d-4eb56e4f942b",
          "title": "@tresdoce-nestjs-toolkit/response-parser",
          "fullFile": "",
          "file": "",
          "beforeHooks": [],
          "afterHooks": [],
          "tests": [
            {
              "fullTitle": "ResponseInterceptor > should be defined",
              "title": "ResponseInterceptor > should be defined",
              "timedOut": false,
              "duration": 1,
              "state": "passed",
              "speed": null,
              "pass": true,
              "fail": false,
              "pending": false,
              "context": null,
              "code": "import { ResponseInterceptor } from '../response/response.interceptor';\nimport {\n  JestFN,\n  fixtureUserResponse,\n  fixtureUserArrayResponse,\n} from '@tresdoce-nestjs-toolkit/test-utils';\nimport { of } from 'rxjs';\n\nconst executionContext: any = JestFN.executionContext;\n\ndescribe('ResponseInterceptor', () => {\n  let interceptor = new ResponseInterceptor();\n\n  it('should be defined', () => {\n    expect(interceptor).toBeDefined();\n  });\n\n  it('should return an ResponseInterceptor instance simple entity', (done) => {\n    const callHandler: any = {\n      handle: jest.fn(() => of(fixtureUserResponse)),\n    };\n\n    const obs = interceptor.intercept(executionContext, callHandler);\n    expect(callHandler.handle).toBeCalledTimes(1);\n\n    obs.subscribe({\n      next: (value) => {\n        expect(value).toMatchObject(fixtureUserResponse);\n      },\n      error: (error) => {\n        throw error;\n      },\n      complete: () => {\n        done();\n      },\n    });\n  });\n\n  it('should return an ResponseInterceptor instance multiple entity', (done) => {\n    const callHandler: any = {\n      handle: jest.fn(() => of(fixtureUserArrayResponse)),\n    };\n    const obs = interceptor.intercept(executionContext, callHandler);\n    expect(callHandler.handle).toBeCalledTimes(1);\n\n    obs.subscribe({\n      next: (value) => {\n        expect(value).toMatchObject({ data: fixtureUserArrayResponse });\n      },\n      error: (error) => {\n        throw error;\n      },\n      complete: () => {\n        done();\n      },\n    });\n  });\n});\n",
              "err": {},
              "uuid": "44f85605-4e77-45c2-a5b4-05d38c33d529",
              "parentUUID": "28c0c576-7871-4448-8d0d-4eb56e4f942b",
              "isHook": false,
              "skipped": false
            },
            {
              "fullTitle": "ResponseInterceptor > should return an ResponseInterceptor instance simple entity",
              "title": "ResponseInterceptor > should return an ResponseInterceptor instance simple entity",
              "timedOut": false,
              "duration": 3,
              "state": "passed",
              "speed": null,
              "pass": true,
              "fail": false,
              "pending": false,
              "context": null,
              "code": "import { ResponseInterceptor } from '../response/response.interceptor';\nimport {\n  JestFN,\n  fixtureUserResponse,\n  fixtureUserArrayResponse,\n} from '@tresdoce-nestjs-toolkit/test-utils';\nimport { of } from 'rxjs';\n\nconst executionContext: any = JestFN.executionContext;\n\ndescribe('ResponseInterceptor', () => {\n  let interceptor = new ResponseInterceptor();\n\n  it('should be defined', () => {\n    expect(interceptor).toBeDefined();\n  });\n\n  it('should return an ResponseInterceptor instance simple entity', (done) => {\n    const callHandler: any = {\n      handle: jest.fn(() => of(fixtureUserResponse)),\n    };\n\n    const obs = interceptor.intercept(executionContext, callHandler);\n    expect(callHandler.handle).toBeCalledTimes(1);\n\n    obs.subscribe({\n      next: (value) => {\n        expect(value).toMatchObject(fixtureUserResponse);\n      },\n      error: (error) => {\n        throw error;\n      },\n      complete: () => {\n        done();\n      },\n    });\n  });\n\n  it('should return an ResponseInterceptor instance multiple entity', (done) => {\n    const callHandler: any = {\n      handle: jest.fn(() => of(fixtureUserArrayResponse)),\n    };\n    const obs = interceptor.intercept(executionContext, callHandler);\n    expect(callHandler.handle).toBeCalledTimes(1);\n\n    obs.subscribe({\n      next: (value) => {\n        expect(value).toMatchObject({ data: fixtureUserArrayResponse });\n      },\n      error: (error) => {\n        throw error;\n      },\n      complete: () => {\n        done();\n      },\n    });\n  });\n});\n",
              "err": {},
              "uuid": "f8e55934-9b16-4b42-a7ca-1506a6f9f6ea",
              "parentUUID": "28c0c576-7871-4448-8d0d-4eb56e4f942b",
              "isHook": false,
              "skipped": false
            },
            {
              "fullTitle": "ResponseInterceptor > should return an ResponseInterceptor instance multiple entity",
              "title": "ResponseInterceptor > should return an ResponseInterceptor instance multiple entity",
              "timedOut": false,
              "duration": 1,
              "state": "passed",
              "speed": null,
              "pass": true,
              "fail": false,
              "pending": false,
              "context": null,
              "code": "import { ResponseInterceptor } from '../response/response.interceptor';\nimport {\n  JestFN,\n  fixtureUserResponse,\n  fixtureUserArrayResponse,\n} from '@tresdoce-nestjs-toolkit/test-utils';\nimport { of } from 'rxjs';\n\nconst executionContext: any = JestFN.executionContext;\n\ndescribe('ResponseInterceptor', () => {\n  let interceptor = new ResponseInterceptor();\n\n  it('should be defined', () => {\n    expect(interceptor).toBeDefined();\n  });\n\n  it('should return an ResponseInterceptor instance simple entity', (done) => {\n    const callHandler: any = {\n      handle: jest.fn(() => of(fixtureUserResponse)),\n    };\n\n    const obs = interceptor.intercept(executionContext, callHandler);\n    expect(callHandler.handle).toBeCalledTimes(1);\n\n    obs.subscribe({\n      next: (value) => {\n        expect(value).toMatchObject(fixtureUserResponse);\n      },\n      error: (error) => {\n        throw error;\n      },\n      complete: () => {\n        done();\n      },\n    });\n  });\n\n  it('should return an ResponseInterceptor instance multiple entity', (done) => {\n    const callHandler: any = {\n      handle: jest.fn(() => of(fixtureUserArrayResponse)),\n    };\n    const obs = interceptor.intercept(executionContext, callHandler);\n    expect(callHandler.handle).toBeCalledTimes(1);\n\n    obs.subscribe({\n      next: (value) => {\n        expect(value).toMatchObject({ data: fixtureUserArrayResponse });\n      },\n      error: (error) => {\n        throw error;\n      },\n      complete: () => {\n        done();\n      },\n    });\n  });\n});\n",
              "err": {},
              "uuid": "33321540-ead9-45df-b731-ef04d8968e71",
              "parentUUID": "28c0c576-7871-4448-8d0d-4eb56e4f942b",
              "isHook": false,
              "skipped": false
            }
          ],
          "suites": [],
          "passes": [
            "44f85605-4e77-45c2-a5b4-05d38c33d529",
            "f8e55934-9b16-4b42-a7ca-1506a6f9f6ea",
            "33321540-ead9-45df-b731-ef04d8968e71"
          ],
          "failures": [],
          "pending": [],
          "skipped": [],
          "duration": 5,
          "root": false,
          "rootEmpty": false,
          "_timeout": 5000
        }
      ],
      "passes": [],
      "failures": [],
      "pending": [],
      "skipped": [],
      "duration": 0,
      "root": true,
      "rootEmpty": true,
      "_timeout": 5000
    }
  ]
}
