{
  "stats": {
    "suites": 1,
    "tests": 3,
    "passes": 3,
    "pending": 0,
    "failures": 0,
    "testsRegistered": 3,
    "passPercent": 100,
    "pendingPercent": 0,
    "other": 0,
    "hasOther": false,
    "skipped": 0,
    "hasSkipped": false,
    "start": "2023-05-02T02:22:39.301Z",
    "end": "2023-05-02T02:22:39.307Z",
    "duration": 6
  },
  "results": [
    {
      "uuid": "5aa1ee5f-25ac-4153-bf4c-d3199ad29f7d",
      "title": "@tresdoce-nestjs-toolkit/response-parser",
      "fullFile": "",
      "file": "",
      "beforeHooks": [],
      "afterHooks": [],
      "tests": [],
      "suites": [
        {
          "uuid": "d0f20e14-56fe-45b7-bb96-11ec61d97f12",
          "title": "@tresdoce-nestjs-toolkit/response-parser",
          "fullFile": "",
          "file": "",
          "beforeHooks": [],
          "afterHooks": [],
          "tests": [
            {
              "title": "ResponseInterceptor > should be defined",
              "fullTitle": "should be defined",
              "timedOut": false,
              "duration": 2,
              "state": "passed",
              "speed": null,
              "pass": true,
              "fail": false,
              "pending": false,
              "context": null,
              "code": "import { ResponseInterceptor } from '../response/response.interceptor';\nimport {\n  JestFN,\n  fixtureUserResponse,\n  fixtureUserArrayResponse,\n} from '@tresdoce-nestjs-toolkit/test-utils';\nimport { of } from 'rxjs';\n\nconst executionContext: any = JestFN.executionContext;\n\ndescribe('ResponseInterceptor', () => {\n  let interceptor = new ResponseInterceptor();\n\n  it('should be defined', () => {\n    expect(interceptor).toBeDefined();\n  });\n\n  it('should return an ResponseInterceptor instance simple entity', (done) => {\n    const callHandler: any = {\n      handle: jest.fn(() => of(fixtureUserResponse)),\n    };\n\n    const obs = interceptor.intercept(executionContext, callHandler);\n    expect(callHandler.handle).toBeCalledTimes(1);\n\n    obs.subscribe({\n      next: (value) => {\n        expect(value).toMatchObject(fixtureUserResponse);\n      },\n      error: (error) => {\n        throw error;\n      },\n      complete: () => {\n        done();\n      },\n    });\n  });\n\n  it('should return an ResponseInterceptor instance multiple entity', (done) => {\n    const callHandler: any = {\n      handle: jest.fn(() => of(fixtureUserArrayResponse)),\n    };\n    const obs = interceptor.intercept(executionContext, callHandler);\n    expect(callHandler.handle).toBeCalledTimes(1);\n\n    obs.subscribe({\n      next: (value) => {\n        expect(value).toMatchObject({ data: fixtureUserArrayResponse });\n      },\n      error: (error) => {\n        throw error;\n      },\n      complete: () => {\n        done();\n      },\n    });\n  });\n});\n",
              "err": {},
              "uuid": "1418e2ee-b540-4d37-a3df-b8538bef2b3f",
              "parentUUID": "d0f20e14-56fe-45b7-bb96-11ec61d97f12",
              "isHook": false,
              "skipped": false
            },
            {
              "title": "ResponseInterceptor > should return an ResponseInterceptor instance simple entity",
              "fullTitle": "should return an ResponseInterceptor instance simple entity",
              "timedOut": false,
              "duration": 3,
              "state": "passed",
              "speed": null,
              "pass": true,
              "fail": false,
              "pending": false,
              "context": null,
              "code": "import { ResponseInterceptor } from '../response/response.interceptor';\nimport {\n  JestFN,\n  fixtureUserResponse,\n  fixtureUserArrayResponse,\n} from '@tresdoce-nestjs-toolkit/test-utils';\nimport { of } from 'rxjs';\n\nconst executionContext: any = JestFN.executionContext;\n\ndescribe('ResponseInterceptor', () => {\n  let interceptor = new ResponseInterceptor();\n\n  it('should be defined', () => {\n    expect(interceptor).toBeDefined();\n  });\n\n  it('should return an ResponseInterceptor instance simple entity', (done) => {\n    const callHandler: any = {\n      handle: jest.fn(() => of(fixtureUserResponse)),\n    };\n\n    const obs = interceptor.intercept(executionContext, callHandler);\n    expect(callHandler.handle).toBeCalledTimes(1);\n\n    obs.subscribe({\n      next: (value) => {\n        expect(value).toMatchObject(fixtureUserResponse);\n      },\n      error: (error) => {\n        throw error;\n      },\n      complete: () => {\n        done();\n      },\n    });\n  });\n\n  it('should return an ResponseInterceptor instance multiple entity', (done) => {\n    const callHandler: any = {\n      handle: jest.fn(() => of(fixtureUserArrayResponse)),\n    };\n    const obs = interceptor.intercept(executionContext, callHandler);\n    expect(callHandler.handle).toBeCalledTimes(1);\n\n    obs.subscribe({\n      next: (value) => {\n        expect(value).toMatchObject({ data: fixtureUserArrayResponse });\n      },\n      error: (error) => {\n        throw error;\n      },\n      complete: () => {\n        done();\n      },\n    });\n  });\n});\n",
              "err": {},
              "uuid": "9c92f89e-4e8e-49f2-a90a-b18334d80e64",
              "parentUUID": "d0f20e14-56fe-45b7-bb96-11ec61d97f12",
              "isHook": false,
              "skipped": false
            },
            {
              "title": "ResponseInterceptor > should return an ResponseInterceptor instance multiple entity",
              "fullTitle": "should return an ResponseInterceptor instance multiple entity",
              "timedOut": false,
              "duration": 1,
              "state": "passed",
              "speed": null,
              "pass": true,
              "fail": false,
              "pending": false,
              "context": null,
              "code": "import { ResponseInterceptor } from '../response/response.interceptor';\nimport {\n  JestFN,\n  fixtureUserResponse,\n  fixtureUserArrayResponse,\n} from '@tresdoce-nestjs-toolkit/test-utils';\nimport { of } from 'rxjs';\n\nconst executionContext: any = JestFN.executionContext;\n\ndescribe('ResponseInterceptor', () => {\n  let interceptor = new ResponseInterceptor();\n\n  it('should be defined', () => {\n    expect(interceptor).toBeDefined();\n  });\n\n  it('should return an ResponseInterceptor instance simple entity', (done) => {\n    const callHandler: any = {\n      handle: jest.fn(() => of(fixtureUserResponse)),\n    };\n\n    const obs = interceptor.intercept(executionContext, callHandler);\n    expect(callHandler.handle).toBeCalledTimes(1);\n\n    obs.subscribe({\n      next: (value) => {\n        expect(value).toMatchObject(fixtureUserResponse);\n      },\n      error: (error) => {\n        throw error;\n      },\n      complete: () => {\n        done();\n      },\n    });\n  });\n\n  it('should return an ResponseInterceptor instance multiple entity', (done) => {\n    const callHandler: any = {\n      handle: jest.fn(() => of(fixtureUserArrayResponse)),\n    };\n    const obs = interceptor.intercept(executionContext, callHandler);\n    expect(callHandler.handle).toBeCalledTimes(1);\n\n    obs.subscribe({\n      next: (value) => {\n        expect(value).toMatchObject({ data: fixtureUserArrayResponse });\n      },\n      error: (error) => {\n        throw error;\n      },\n      complete: () => {\n        done();\n      },\n    });\n  });\n});\n",
              "err": {},
              "uuid": "3fb006fb-7917-444f-8a65-c6a4893dfc95",
              "parentUUID": "d0f20e14-56fe-45b7-bb96-11ec61d97f12",
              "isHook": false,
              "skipped": false
            }
          ],
          "suites": [],
          "passes": [
            "1418e2ee-b540-4d37-a3df-b8538bef2b3f",
            "9c92f89e-4e8e-49f2-a90a-b18334d80e64",
            "3fb006fb-7917-444f-8a65-c6a4893dfc95"
          ],
          "failures": [],
          "pending": [],
          "skipped": [],
          "duration": 6,
          "root": false,
          "rootEmpty": false,
          "_timeout": 5000
        }
      ],
      "passes": [],
      "failures": [],
      "pending": [],
      "skipped": [],
      "duration": 0,
      "root": true,
      "rootEmpty": true,
      "_timeout": 5000
    }
  ]
}
