{
  "stats": {
    "suites": 1,
    "tests": 3,
    "passes": 3,
    "pending": 0,
    "failures": 0,
    "testsRegistered": 3,
    "passPercent": 100,
    "pendingPercent": 0,
    "other": 0,
    "hasOther": false,
    "skipped": 0,
    "hasSkipped": false,
    "start": "2023-05-11T02:11:31.319Z",
    "end": "2023-05-11T02:11:31.325Z",
    "duration": 6
  },
  "results": [
    {
      "uuid": "27e44a8c-1f6b-42c7-83e1-44c9ffde96ea",
      "title": "",
      "fullFile": "",
      "file": "",
      "beforeHooks": [],
      "afterHooks": [],
      "tests": [],
      "suites": [
        {
          "uuid": "9a84848c-71d2-41b8-a793-5a466cc22b41",
          "title": "@tresdoce-nestjs-toolkit/response-parser",
          "fullFile": "",
          "file": "",
          "beforeHooks": [],
          "afterHooks": [],
          "tests": [],
          "suites": [
            {
              "uuid": "4108974c-53c2-4b91-9761-fc52e426cc1f",
              "title": "ResponseInterceptor",
              "fullFile": "/Users/maximilianodelgado/Projects/Mex/tresdoce-nestjs-toolkit/packages/response-parser/src/__test__/response.interceptor.spec.ts",
              "file": "response.interceptor.spec.ts",
              "beforeHooks": [],
              "afterHooks": [],
              "tests": [
                {
                  "fullTitle": "ResponseInterceptor should be defined",
                  "title": "should be defined",
                  "timedOut": false,
                  "duration": 2,
                  "state": "passed",
                  "speed": "fast",
                  "pass": true,
                  "fail": false,
                  "pending": false,
                  "context": null,
                  "code": "it('should be defined', () => {\n    expect(interceptor).toBeDefined();\n  })",
                  "err": {},
                  "uuid": "f488351e-f932-49f8-b5f2-4706f944d65d",
                  "parentUUID": "4108974c-53c2-4b91-9761-fc52e426cc1f",
                  "isHook": false,
                  "skipped": false
                },
                {
                  "fullTitle": "ResponseInterceptor should return an ResponseInterceptor instance simple entity",
                  "title": "should return an ResponseInterceptor instance simple entity",
                  "timedOut": false,
                  "duration": 3,
                  "state": "passed",
                  "speed": "fast",
                  "pass": true,
                  "fail": false,
                  "pending": false,
                  "context": null,
                  "code": "it('should return an ResponseInterceptor instance simple entity', (done) => {\n    const callHandler: any = {\n      handle: jest.fn(() => of(fixtureUserResponse)),\n    };\n\n    const obs = interceptor.intercept(executionContext, callHandler);\n    expect(callHandler.handle).toBeCalledTimes(1);\n\n    obs.subscribe({\n      next: (value) => {\n        expect(value).toMatchObject(fixtureUserResponse);\n      },\n      error: (error) => {\n        throw error;\n      },\n      complete: () => {\n        done();\n      },\n    });\n  })",
                  "err": {},
                  "uuid": "0f9ad601-0524-40a4-9053-bcc4ad6cb15c",
                  "parentUUID": "4108974c-53c2-4b91-9761-fc52e426cc1f",
                  "isHook": false,
                  "skipped": false
                },
                {
                  "fullTitle": "ResponseInterceptor should return an ResponseInterceptor instance multiple entity",
                  "title": "should return an ResponseInterceptor instance multiple entity",
                  "timedOut": false,
                  "duration": 1,
                  "state": "passed",
                  "speed": "fast",
                  "pass": true,
                  "fail": false,
                  "pending": false,
                  "context": null,
                  "code": "it('should return an ResponseInterceptor instance multiple entity', (done) => {\n    const callHandler: any = {\n      handle: jest.fn(() => of(fixtureUserArrayResponse)),\n    };\n    const obs = interceptor.intercept(executionContext, callHandler);\n    expect(callHandler.handle).toBeCalledTimes(1);\n\n    obs.subscribe({\n      next: (value) => {\n        expect(value).toMatchObject({ data: fixtureUserArrayResponse });\n      },\n      error: (error) => {\n        throw error;\n      },\n      complete: () => {\n        done();\n      },\n    });\n  })",
                  "err": {},
                  "uuid": "a942ca51-c5e9-424a-acd6-bd4123497b85",
                  "parentUUID": "4108974c-53c2-4b91-9761-fc52e426cc1f",
                  "isHook": false,
                  "skipped": false
                }
              ],
              "suites": [],
              "passes": [
                "f488351e-f932-49f8-b5f2-4706f944d65d",
                "0f9ad601-0524-40a4-9053-bcc4ad6cb15c",
                "a942ca51-c5e9-424a-acd6-bd4123497b85"
              ],
              "failures": [],
              "pending": [],
              "skipped": [],
              "duration": 6,
              "root": false,
              "rootEmpty": false,
              "_timeout": 5000
            }
          ],
          "passes": [],
          "failures": [],
          "pending": [],
          "skipped": [],
          "duration": 0,
          "root": false,
          "rootEmpty": false,
          "_timeout": 5000
        }
      ],
      "passes": [],
      "failures": [],
      "pending": [],
      "skipped": [],
      "duration": 0,
      "root": true,
      "rootEmpty": true,
      "_timeout": 5000
    }
  ]
}