{
  "stats": {
    "suites": 1,
    "tests": 3,
    "passes": 3,
    "pending": 0,
    "failures": 0,
    "testsRegistered": 3,
    "passPercent": 100,
    "pendingPercent": 0,
    "other": 0,
    "hasOther": false,
    "skipped": 0,
    "hasSkipped": false,
    "start": "2023-05-03T01:39:27.731Z",
    "end": "2023-05-03T01:39:27.738Z",
    "duration": 7
  },
  "results": [
    {
      "uuid": "1e8fb0ce-ff46-4a00-a4d9-1ba15d70f4f8",
      "title": "@tresdoce-nestjs-toolkit/response-parser",
      "fullFile": "",
      "file": "",
      "beforeHooks": [],
      "afterHooks": [],
      "tests": [],
      "suites": [
        {
          "uuid": "96c2ec3c-2ff6-4720-8097-b578818cfc97",
          "title": "@tresdoce-nestjs-toolkit/response-parser",
          "fullFile": "",
          "file": "",
          "beforeHooks": [],
          "afterHooks": [],
          "tests": [
            {
              "fullTitle": "ResponseInterceptor > should be defined",
              "title": "ResponseInterceptor > should be defined",
              "timedOut": false,
              "duration": 2,
              "state": "passed",
              "speed": "fast",
              "pass": true,
              "fail": false,
              "pending": false,
              "context": null,
              "code": "import { ResponseInterceptor } from '../response/response.interceptor';\nimport {\n  JestFN,\n  fixtureUserResponse,\n  fixtureUserArrayResponse,\n} from '@tresdoce-nestjs-toolkit/test-utils';\nimport { of } from 'rxjs';\n\nconst executionContext: any = JestFN.executionContext;\n\ndescribe('ResponseInterceptor', () => {\n  let interceptor = new ResponseInterceptor();\n\n  it('should be defined', () => {\n    expect(interceptor).toBeDefined();\n  });\n\n  it('should return an ResponseInterceptor instance simple entity', (done) => {\n    const callHandler: any = {\n      handle: jest.fn(() => of(fixtureUserResponse)),\n    };\n\n    const obs = interceptor.intercept(executionContext, callHandler);\n    expect(callHandler.handle).toBeCalledTimes(1);\n\n    obs.subscribe({\n      next: (value) => {\n        expect(value).toMatchObject(fixtureUserResponse);\n      },\n      error: (error) => {\n        throw error;\n      },\n      complete: () => {\n        done();\n      },\n    });\n  });\n\n  it('should return an ResponseInterceptor instance multiple entity', (done) => {\n    const callHandler: any = {\n      handle: jest.fn(() => of(fixtureUserArrayResponse)),\n    };\n    const obs = interceptor.intercept(executionContext, callHandler);\n    expect(callHandler.handle).toBeCalledTimes(1);\n\n    obs.subscribe({\n      next: (value) => {\n        expect(value).toMatchObject({ data: fixtureUserArrayResponse });\n      },\n      error: (error) => {\n        throw error;\n      },\n      complete: () => {\n        done();\n      },\n    });\n  });\n});\n",
              "err": {},
              "uuid": "b2184638-ac00-44e6-920a-272ab01d9b9a",
              "parentUUID": "96c2ec3c-2ff6-4720-8097-b578818cfc97",
              "isHook": false,
              "skipped": false
            },
            {
              "fullTitle": "ResponseInterceptor > should return an ResponseInterceptor instance simple entity",
              "title": "ResponseInterceptor > should return an ResponseInterceptor instance simple entity",
              "timedOut": false,
              "duration": 4,
              "state": "passed",
              "speed": "fast",
              "pass": true,
              "fail": false,
              "pending": false,
              "context": null,
              "code": "import { ResponseInterceptor } from '../response/response.interceptor';\nimport {\n  JestFN,\n  fixtureUserResponse,\n  fixtureUserArrayResponse,\n} from '@tresdoce-nestjs-toolkit/test-utils';\nimport { of } from 'rxjs';\n\nconst executionContext: any = JestFN.executionContext;\n\ndescribe('ResponseInterceptor', () => {\n  let interceptor = new ResponseInterceptor();\n\n  it('should be defined', () => {\n    expect(interceptor).toBeDefined();\n  });\n\n  it('should return an ResponseInterceptor instance simple entity', (done) => {\n    const callHandler: any = {\n      handle: jest.fn(() => of(fixtureUserResponse)),\n    };\n\n    const obs = interceptor.intercept(executionContext, callHandler);\n    expect(callHandler.handle).toBeCalledTimes(1);\n\n    obs.subscribe({\n      next: (value) => {\n        expect(value).toMatchObject(fixtureUserResponse);\n      },\n      error: (error) => {\n        throw error;\n      },\n      complete: () => {\n        done();\n      },\n    });\n  });\n\n  it('should return an ResponseInterceptor instance multiple entity', (done) => {\n    const callHandler: any = {\n      handle: jest.fn(() => of(fixtureUserArrayResponse)),\n    };\n    const obs = interceptor.intercept(executionContext, callHandler);\n    expect(callHandler.handle).toBeCalledTimes(1);\n\n    obs.subscribe({\n      next: (value) => {\n        expect(value).toMatchObject({ data: fixtureUserArrayResponse });\n      },\n      error: (error) => {\n        throw error;\n      },\n      complete: () => {\n        done();\n      },\n    });\n  });\n});\n",
              "err": {},
              "uuid": "ed2a6cef-c81b-4246-9a65-634f98d4c444",
              "parentUUID": "96c2ec3c-2ff6-4720-8097-b578818cfc97",
              "isHook": false,
              "skipped": false
            },
            {
              "fullTitle": "ResponseInterceptor > should return an ResponseInterceptor instance multiple entity",
              "title": "ResponseInterceptor > should return an ResponseInterceptor instance multiple entity",
              "timedOut": false,
              "duration": 1,
              "state": "passed",
              "speed": "fast",
              "pass": true,
              "fail": false,
              "pending": false,
              "context": null,
              "code": "import { ResponseInterceptor } from '../response/response.interceptor';\nimport {\n  JestFN,\n  fixtureUserResponse,\n  fixtureUserArrayResponse,\n} from '@tresdoce-nestjs-toolkit/test-utils';\nimport { of } from 'rxjs';\n\nconst executionContext: any = JestFN.executionContext;\n\ndescribe('ResponseInterceptor', () => {\n  let interceptor = new ResponseInterceptor();\n\n  it('should be defined', () => {\n    expect(interceptor).toBeDefined();\n  });\n\n  it('should return an ResponseInterceptor instance simple entity', (done) => {\n    const callHandler: any = {\n      handle: jest.fn(() => of(fixtureUserResponse)),\n    };\n\n    const obs = interceptor.intercept(executionContext, callHandler);\n    expect(callHandler.handle).toBeCalledTimes(1);\n\n    obs.subscribe({\n      next: (value) => {\n        expect(value).toMatchObject(fixtureUserResponse);\n      },\n      error: (error) => {\n        throw error;\n      },\n      complete: () => {\n        done();\n      },\n    });\n  });\n\n  it('should return an ResponseInterceptor instance multiple entity', (done) => {\n    const callHandler: any = {\n      handle: jest.fn(() => of(fixtureUserArrayResponse)),\n    };\n    const obs = interceptor.intercept(executionContext, callHandler);\n    expect(callHandler.handle).toBeCalledTimes(1);\n\n    obs.subscribe({\n      next: (value) => {\n        expect(value).toMatchObject({ data: fixtureUserArrayResponse });\n      },\n      error: (error) => {\n        throw error;\n      },\n      complete: () => {\n        done();\n      },\n    });\n  });\n});\n",
              "err": {},
              "uuid": "f8abc29b-8691-4528-8d63-2baea405c96f",
              "parentUUID": "96c2ec3c-2ff6-4720-8097-b578818cfc97",
              "isHook": false,
              "skipped": false
            }
          ],
          "suites": [],
          "passes": [
            "b2184638-ac00-44e6-920a-272ab01d9b9a",
            "ed2a6cef-c81b-4246-9a65-634f98d4c444",
            "f8abc29b-8691-4528-8d63-2baea405c96f"
          ],
          "failures": [],
          "pending": [],
          "skipped": [],
          "duration": 7,
          "root": false,
          "rootEmpty": false,
          "_timeout": 5000
        }
      ],
      "passes": [],
      "failures": [],
      "pending": [],
      "skipped": [],
      "duration": 0,
      "root": true,
      "rootEmpty": true,
      "_timeout": 5000
    }
  ]
}
