{
  "stats": {
    "suites": 3,
    "tests": 16,
    "passes": 16,
    "pending": 0,
    "failures": 0,
    "testsRegistered": 16,
    "passPercent": 100,
    "pendingPercent": 0,
    "other": 0,
    "hasOther": false,
    "skipped": 0,
    "hasSkipped": false,
    "start": "2023-05-01T23:12:01.051Z",
    "end": "2023-05-01T23:12:05.940Z",
    "duration": 4889
  },
  "results": [
    {
      "uuid": "b54c54a6-de64-42f2-92ef-ec8493ebd755",
      "title": "@tresdoce-nestjs-toolkit/http-client",
      "fullFile": "",
      "file": "",
      "beforeHooks": [],
      "afterHooks": [],
      "tests": [],
      "suites": [
        {
          "uuid": "8623b6a5-1b34-44c2-a06e-06612e0f480a",
          "title": "@tresdoce-nestjs-toolkit/http-client",
          "fullFile": "",
          "file": "",
          "beforeHooks": [],
          "afterHooks": [],
          "tests": [
            {
              "title": "should be defined",
              "fullTitle": "HttpService > should be defined",
              "timedOut": false,
              "duration": 264,
              "state": "passed",
              "speed": null,
              "pass": true,
              "fail": false,
              "pending": false,
              "context": null,
              "code": "",
              "err": {},
              "uuid": "a7726864-7f5c-4702-8bb6-97b5ce850b41",
              "parentUUID": "8623b6a5-1b34-44c2-a06e-06612e0f480a",
              "isHook": false,
              "skipped": false
            },
            {
              "title": "should be return status 200 - request",
              "fullTitle": "HttpService > should be return status 200 - request",
              "timedOut": false,
              "duration": 581,
              "state": "passed",
              "speed": null,
              "pass": true,
              "fail": false,
              "pending": false,
              "context": null,
              "code": "",
              "err": {},
              "uuid": "8693b83a-fdd8-4e95-a1d5-a396e22f552d",
              "parentUUID": "8623b6a5-1b34-44c2-a06e-06612e0f480a",
              "isHook": false,
              "skipped": false
            },
            {
              "title": "should be return status 200 - get",
              "fullTitle": "HttpService > should be return status 200 - get",
              "timedOut": false,
              "duration": 453,
              "state": "passed",
              "speed": null,
              "pass": true,
              "fail": false,
              "pending": false,
              "context": null,
              "code": "",
              "err": {},
              "uuid": "dcb701af-d919-421d-b660-0d4bd69acd0a",
              "parentUUID": "8623b6a5-1b34-44c2-a06e-06612e0f480a",
              "isHook": false,
              "skipped": false
            },
            {
              "title": "should be return status 201 - post",
              "fullTitle": "HttpService > should be return status 201 - post",
              "timedOut": false,
              "duration": 503,
              "state": "passed",
              "speed": null,
              "pass": true,
              "fail": false,
              "pending": false,
              "context": null,
              "code": "",
              "err": {},
              "uuid": "d359dc4c-3df3-44df-99ee-9d8017501c7c",
              "parentUUID": "8623b6a5-1b34-44c2-a06e-06612e0f480a",
              "isHook": false,
              "skipped": false
            },
            {
              "title": "should be return status 200 - get by id",
              "fullTitle": "HttpService > should be return status 200 - get by id",
              "timedOut": false,
              "duration": 467,
              "state": "passed",
              "speed": null,
              "pass": true,
              "fail": false,
              "pending": false,
              "context": null,
              "code": "",
              "err": {},
              "uuid": "1ebeafdb-a9b4-4fc1-b425-51ebbe74443a",
              "parentUUID": "8623b6a5-1b34-44c2-a06e-06612e0f480a",
              "isHook": false,
              "skipped": false
            },
            {
              "title": "should be return status 200 - put",
              "fullTitle": "HttpService > should be return status 200 - put",
              "timedOut": false,
              "duration": 524,
              "state": "passed",
              "speed": null,
              "pass": true,
              "fail": false,
              "pending": false,
              "context": null,
              "code": "",
              "err": {},
              "uuid": "e0657d0a-f171-4ebd-ab92-501385f0c242",
              "parentUUID": "8623b6a5-1b34-44c2-a06e-06612e0f480a",
              "isHook": false,
              "skipped": false
            },
            {
              "title": "should be return status 200 - delete",
              "fullTitle": "HttpService > should be return status 200 - delete",
              "timedOut": false,
              "duration": 496,
              "state": "passed",
              "speed": null,
              "pass": true,
              "fail": false,
              "pending": false,
              "context": null,
              "code": "",
              "err": {},
              "uuid": "3606b299-05d1-465f-bee8-f6994e793967",
              "parentUUID": "8623b6a5-1b34-44c2-a06e-06612e0f480a",
              "isHook": false,
              "skipped": false
            },
            {
              "title": "should be return status 200 - patch",
              "fullTitle": "HttpService > should be return status 200 - patch",
              "timedOut": false,
              "duration": 503,
              "state": "passed",
              "speed": null,
              "pass": true,
              "fail": false,
              "pending": false,
              "context": null,
              "code": "",
              "err": {},
              "uuid": "f0ea226d-ce93-40d0-b1eb-2483045af7f6",
              "parentUUID": "8623b6a5-1b34-44c2-a06e-06612e0f480a",
              "isHook": false,
              "skipped": false
            },
            {
              "title": "should be return status 200 - head",
              "fullTitle": "HttpService > should be return status 200 - head",
              "timedOut": false,
              "duration": 443,
              "state": "passed",
              "speed": null,
              "pass": true,
              "fail": false,
              "pending": false,
              "context": null,
              "code": "",
              "err": {},
              "uuid": "8d707ceb-b198-43f2-a908-f43b44e3a1a0",
              "parentUUID": "8623b6a5-1b34-44c2-a06e-06612e0f480a",
              "isHook": false,
              "skipped": false
            },
            {
              "title": "should be return error",
              "fullTitle": "HttpService > should be return error",
              "timedOut": false,
              "duration": 456,
              "state": "passed",
              "speed": null,
              "pass": true,
              "fail": false,
              "pending": false,
              "context": null,
              "code": "",
              "err": {},
              "uuid": "b8854a9a-da47-4cec-abc3-949fb9d905db",
              "parentUUID": "8623b6a5-1b34-44c2-a06e-06612e0f480a",
              "isHook": false,
              "skipped": false
            },
            {
              "title": "should be define",
              "fullTitle": "HttpModule > registerAsync useFactory > should be define",
              "timedOut": false,
              "duration": 87,
              "state": "passed",
              "speed": null,
              "pass": true,
              "fail": false,
              "pending": false,
              "context": null,
              "code": "",
              "err": {},
              "uuid": "bbe0764f-67fb-4144-b952-65cd32488b4d",
              "parentUUID": "8623b6a5-1b34-44c2-a06e-06612e0f480a",
              "isHook": false,
              "skipped": false
            },
            {
              "title": "should be define",
              "fullTitle": "HttpModule > registerAsync useFactory > should be define",
              "timedOut": false,
              "duration": 8,
              "state": "passed",
              "speed": null,
              "pass": true,
              "fail": false,
              "pending": false,
              "context": null,
              "code": "",
              "err": {},
              "uuid": "ecaf5846-1cab-41b8-8bf1-db913c73d74d",
              "parentUUID": "8623b6a5-1b34-44c2-a06e-06612e0f480a",
              "isHook": false,
              "skipped": false
            },
            {
              "title": "should be define",
              "fullTitle": "HttpModule > registerAsync useFactory > should be define",
              "timedOut": false,
              "duration": 8,
              "state": "passed",
              "speed": null,
              "pass": true,
              "fail": false,
              "pending": false,
              "context": null,
              "code": "",
              "err": {},
              "uuid": "7d300f41-0a24-43c3-a4b8-1a96fcc4d0da",
              "parentUUID": "8623b6a5-1b34-44c2-a06e-06612e0f480a",
              "isHook": false,
              "skipped": false
            },
            {
              "title": "should be define",
              "fullTitle": "HttpModule > registerAsync useFactory > should be define",
              "timedOut": false,
              "duration": 13,
              "state": "passed",
              "speed": null,
              "pass": true,
              "fail": false,
              "pending": false,
              "context": null,
              "code": "",
              "err": {},
              "uuid": "b8079845-380f-4775-8794-dacf6793d985",
              "parentUUID": "8623b6a5-1b34-44c2-a06e-06612e0f480a",
              "isHook": false,
              "skipped": false
            },
            {
              "title": "should be defined",
              "fullTitle": "HttpInterceptor > should be defined",
              "timedOut": false,
              "duration": 77,
              "state": "passed",
              "speed": null,
              "pass": true,
              "fail": false,
              "pending": false,
              "context": null,
              "code": "",
              "err": {},
              "uuid": "2d08e571-46dd-4bcf-ae05-9da1e9a293ab",
              "parentUUID": "8623b6a5-1b34-44c2-a06e-06612e0f480a",
              "isHook": false,
              "skipped": false
            },
            {
              "title": "should be intercept and pass headers",
              "fullTitle": "HttpInterceptor > should be intercept and pass headers",
              "timedOut": false,
              "duration": 6,
              "state": "passed",
              "speed": null,
              "pass": true,
              "fail": false,
              "pending": false,
              "context": null,
              "code": "",
              "err": {},
              "uuid": "f99af7c5-d7a8-41f0-836e-4aefdd4519d7",
              "parentUUID": "8623b6a5-1b34-44c2-a06e-06612e0f480a",
              "isHook": false,
              "skipped": false
            }
          ],
          "suites": [],
          "passes": [
            "a7726864-7f5c-4702-8bb6-97b5ce850b41",
            "8693b83a-fdd8-4e95-a1d5-a396e22f552d",
            "dcb701af-d919-421d-b660-0d4bd69acd0a",
            "d359dc4c-3df3-44df-99ee-9d8017501c7c",
            "1ebeafdb-a9b4-4fc1-b425-51ebbe74443a",
            "e0657d0a-f171-4ebd-ab92-501385f0c242",
            "3606b299-05d1-465f-bee8-f6994e793967",
            "f0ea226d-ce93-40d0-b1eb-2483045af7f6",
            "8d707ceb-b198-43f2-a908-f43b44e3a1a0",
            "b8854a9a-da47-4cec-abc3-949fb9d905db",
            "bbe0764f-67fb-4144-b952-65cd32488b4d",
            "ecaf5846-1cab-41b8-8bf1-db913c73d74d",
            "7d300f41-0a24-43c3-a4b8-1a96fcc4d0da",
            "b8079845-380f-4775-8794-dacf6793d985",
            "2d08e571-46dd-4bcf-ae05-9da1e9a293ab",
            "f99af7c5-d7a8-41f0-836e-4aefdd4519d7"
          ],
          "failures": [],
          "pending": [],
          "skipped": [],
          "duration": 4889,
          "root": false,
          "rootEmpty": false,
          "_timeout": 5000
        }
      ],
      "passes": [],
      "failures": [],
      "pending": [],
      "skipped": [],
      "duration": 0,
      "root": true,
      "rootEmpty": true,
      "_timeout": 5000
    }
  ]
}
