{
  "stats": {
    "suites": 3,
    "tests": 16,
    "passes": 16,
    "pending": 0,
    "failures": 0,
    "testsRegistered": 16,
    "passPercent": 100,
    "pendingPercent": 0,
    "other": 0,
    "hasOther": false,
    "skipped": 0,
    "hasSkipped": false,
    "start": "2023-05-01T23:22:23.634Z",
    "end": "2023-05-01T23:22:28.654Z",
    "duration": 5020
  },
  "results": [
    {
      "uuid": "93fa08cb-3725-455a-a8d6-c322fa273d56",
      "title": "@tresdoce-nestjs-toolkit/http-client",
      "fullFile": "",
      "file": "",
      "beforeHooks": [],
      "afterHooks": [],
      "tests": [],
      "suites": [
        {
          "uuid": "2c372e34-50ef-4755-ab4e-50cfc3204c7c",
          "title": "@tresdoce-nestjs-toolkit/http-client",
          "fullFile": "",
          "file": "",
          "beforeHooks": [],
          "afterHooks": [],
          "tests": [
            {
              "title": "should be defined",
              "fullTitle": "HttpService > should be defined",
              "timedOut": false,
              "duration": 161,
              "state": "passed",
              "speed": null,
              "pass": true,
              "fail": false,
              "pending": false,
              "context": null,
              "code": "",
              "err": {},
              "uuid": "e422398d-0966-43e0-aaaf-5f3920a45a45",
              "parentUUID": "2c372e34-50ef-4755-ab4e-50cfc3204c7c",
              "isHook": false,
              "skipped": false
            },
            {
              "title": "should be return status 200 - request",
              "fullTitle": "HttpService > should be return status 200 - request",
              "timedOut": false,
              "duration": 540,
              "state": "passed",
              "speed": null,
              "pass": true,
              "fail": false,
              "pending": false,
              "context": null,
              "code": "",
              "err": {},
              "uuid": "891c0c34-fd42-4b09-9feb-40b35d8819de",
              "parentUUID": "2c372e34-50ef-4755-ab4e-50cfc3204c7c",
              "isHook": false,
              "skipped": false
            },
            {
              "title": "should be return status 200 - get",
              "fullTitle": "HttpService > should be return status 200 - get",
              "timedOut": false,
              "duration": 543,
              "state": "passed",
              "speed": null,
              "pass": true,
              "fail": false,
              "pending": false,
              "context": null,
              "code": "",
              "err": {},
              "uuid": "48462b10-1fcc-4fde-be64-341e259f5b36",
              "parentUUID": "2c372e34-50ef-4755-ab4e-50cfc3204c7c",
              "isHook": false,
              "skipped": false
            },
            {
              "title": "should be return status 201 - post",
              "fullTitle": "HttpService > should be return status 201 - post",
              "timedOut": false,
              "duration": 586,
              "state": "passed",
              "speed": null,
              "pass": true,
              "fail": false,
              "pending": false,
              "context": null,
              "code": "",
              "err": {},
              "uuid": "f30f587f-ee23-4c53-9761-4be7b0a4c312",
              "parentUUID": "2c372e34-50ef-4755-ab4e-50cfc3204c7c",
              "isHook": false,
              "skipped": false
            },
            {
              "title": "should be return status 200 - get by id",
              "fullTitle": "HttpService > should be return status 200 - get by id",
              "timedOut": false,
              "duration": 466,
              "state": "passed",
              "speed": null,
              "pass": true,
              "fail": false,
              "pending": false,
              "context": null,
              "code": "",
              "err": {},
              "uuid": "b501d71e-20d4-414d-b0dc-6d03d3ab30f0",
              "parentUUID": "2c372e34-50ef-4755-ab4e-50cfc3204c7c",
              "isHook": false,
              "skipped": false
            },
            {
              "title": "should be return status 200 - put",
              "fullTitle": "HttpService > should be return status 200 - put",
              "timedOut": false,
              "duration": 535,
              "state": "passed",
              "speed": null,
              "pass": true,
              "fail": false,
              "pending": false,
              "context": null,
              "code": "",
              "err": {},
              "uuid": "ff4a1a3d-a4d4-45ee-a70a-1a8dbe559dfe",
              "parentUUID": "2c372e34-50ef-4755-ab4e-50cfc3204c7c",
              "isHook": false,
              "skipped": false
            },
            {
              "title": "should be return status 200 - delete",
              "fullTitle": "HttpService > should be return status 200 - delete",
              "timedOut": false,
              "duration": 547,
              "state": "passed",
              "speed": null,
              "pass": true,
              "fail": false,
              "pending": false,
              "context": null,
              "code": "",
              "err": {},
              "uuid": "c2324a0b-0fe5-4c2c-b47c-b884a1b4acee",
              "parentUUID": "2c372e34-50ef-4755-ab4e-50cfc3204c7c",
              "isHook": false,
              "skipped": false
            },
            {
              "title": "should be return status 200 - patch",
              "fullTitle": "HttpService > should be return status 200 - patch",
              "timedOut": false,
              "duration": 542,
              "state": "passed",
              "speed": null,
              "pass": true,
              "fail": false,
              "pending": false,
              "context": null,
              "code": "",
              "err": {},
              "uuid": "8a53ccef-88db-4da0-bbc0-d4407a4381e2",
              "parentUUID": "2c372e34-50ef-4755-ab4e-50cfc3204c7c",
              "isHook": false,
              "skipped": false
            },
            {
              "title": "should be return status 200 - head",
              "fullTitle": "HttpService > should be return status 200 - head",
              "timedOut": false,
              "duration": 460,
              "state": "passed",
              "speed": null,
              "pass": true,
              "fail": false,
              "pending": false,
              "context": null,
              "code": "",
              "err": {},
              "uuid": "8499ecda-cf13-41c5-9b99-a5dc743e858a",
              "parentUUID": "2c372e34-50ef-4755-ab4e-50cfc3204c7c",
              "isHook": false,
              "skipped": false
            },
            {
              "title": "should be return error",
              "fullTitle": "HttpService > should be return error",
              "timedOut": false,
              "duration": 456,
              "state": "passed",
              "speed": null,
              "pass": true,
              "fail": false,
              "pending": false,
              "context": null,
              "code": "",
              "err": {},
              "uuid": "50dd1f70-aa32-4d44-b86e-55aa1399d89f",
              "parentUUID": "2c372e34-50ef-4755-ab4e-50cfc3204c7c",
              "isHook": false,
              "skipped": false
            },
            {
              "title": "should be defined",
              "fullTitle": "HttpInterceptor > should be defined",
              "timedOut": false,
              "duration": 83,
              "state": "passed",
              "speed": null,
              "pass": true,
              "fail": false,
              "pending": false,
              "context": null,
              "code": "",
              "err": {},
              "uuid": "c330b24e-e3fd-41f3-933d-4e778b1a9a80",
              "parentUUID": "2c372e34-50ef-4755-ab4e-50cfc3204c7c",
              "isHook": false,
              "skipped": false
            },
            {
              "title": "should be intercept and pass headers",
              "fullTitle": "HttpInterceptor > should be intercept and pass headers",
              "timedOut": false,
              "duration": 7,
              "state": "passed",
              "speed": null,
              "pass": true,
              "fail": false,
              "pending": false,
              "context": null,
              "code": "",
              "err": {},
              "uuid": "00994882-5208-4e30-9930-3a6e1c1651a8",
              "parentUUID": "2c372e34-50ef-4755-ab4e-50cfc3204c7c",
              "isHook": false,
              "skipped": false
            },
            {
              "title": "should be define",
              "fullTitle": "HttpModule > registerAsync useFactory > should be define",
              "timedOut": false,
              "duration": 78,
              "state": "passed",
              "speed": null,
              "pass": true,
              "fail": false,
              "pending": false,
              "context": null,
              "code": "",
              "err": {},
              "uuid": "cb6dd247-bd68-48c9-9e2b-d2d3d521ee60",
              "parentUUID": "2c372e34-50ef-4755-ab4e-50cfc3204c7c",
              "isHook": false,
              "skipped": false
            },
            {
              "title": "should be define",
              "fullTitle": "HttpModule > registerAsync useFactory > should be define",
              "timedOut": false,
              "duration": 6,
              "state": "passed",
              "speed": null,
              "pass": true,
              "fail": false,
              "pending": false,
              "context": null,
              "code": "",
              "err": {},
              "uuid": "e2817219-4498-479f-ab70-e8bc57e3886e",
              "parentUUID": "2c372e34-50ef-4755-ab4e-50cfc3204c7c",
              "isHook": false,
              "skipped": false
            },
            {
              "title": "should be define",
              "fullTitle": "HttpModule > registerAsync useFactory > should be define",
              "timedOut": false,
              "duration": 5,
              "state": "passed",
              "speed": null,
              "pass": true,
              "fail": false,
              "pending": false,
              "context": null,
              "code": "",
              "err": {},
              "uuid": "9d74fea5-73d7-4985-b18a-7e2704939f87",
              "parentUUID": "2c372e34-50ef-4755-ab4e-50cfc3204c7c",
              "isHook": false,
              "skipped": false
            },
            {
              "title": "should be define",
              "fullTitle": "HttpModule > registerAsync useFactory > should be define",
              "timedOut": false,
              "duration": 5,
              "state": "passed",
              "speed": null,
              "pass": true,
              "fail": false,
              "pending": false,
              "context": null,
              "code": "",
              "err": {},
              "uuid": "16bb870d-0ee1-4895-b906-1968ead4b968",
              "parentUUID": "2c372e34-50ef-4755-ab4e-50cfc3204c7c",
              "isHook": false,
              "skipped": false
            }
          ],
          "suites": [],
          "passes": [
            "e422398d-0966-43e0-aaaf-5f3920a45a45",
            "891c0c34-fd42-4b09-9feb-40b35d8819de",
            "48462b10-1fcc-4fde-be64-341e259f5b36",
            "f30f587f-ee23-4c53-9761-4be7b0a4c312",
            "b501d71e-20d4-414d-b0dc-6d03d3ab30f0",
            "ff4a1a3d-a4d4-45ee-a70a-1a8dbe559dfe",
            "c2324a0b-0fe5-4c2c-b47c-b884a1b4acee",
            "8a53ccef-88db-4da0-bbc0-d4407a4381e2",
            "8499ecda-cf13-41c5-9b99-a5dc743e858a",
            "50dd1f70-aa32-4d44-b86e-55aa1399d89f",
            "c330b24e-e3fd-41f3-933d-4e778b1a9a80",
            "00994882-5208-4e30-9930-3a6e1c1651a8",
            "cb6dd247-bd68-48c9-9e2b-d2d3d521ee60",
            "e2817219-4498-479f-ab70-e8bc57e3886e",
            "9d74fea5-73d7-4985-b18a-7e2704939f87",
            "16bb870d-0ee1-4895-b906-1968ead4b968"
          ],
          "failures": [],
          "pending": [],
          "skipped": [],
          "duration": 5020,
          "root": false,
          "rootEmpty": false,
          "_timeout": 5000
        }
      ],
      "passes": [],
      "failures": [],
      "pending": [],
      "skipped": [],
      "duration": 0,
      "root": true,
      "rootEmpty": true,
      "_timeout": 5000
    }
  ]
}
