{
  "stats": {
    "suites": 3,
    "tests": 16,
    "passes": 16,
    "pending": 0,
    "failures": 0,
    "testsRegistered": 16,
    "passPercent": 100,
    "pendingPercent": 0,
    "other": 0,
    "hasOther": false,
    "skipped": 0,
    "hasSkipped": false,
    "start": "2023-05-02T02:23:29.280Z",
    "end": "2023-05-02T02:23:34.339Z",
    "duration": 5059
  },
  "results": [
    {
      "uuid": "022e9774-4ab9-4d36-9c8c-78b950d310a8",
      "title": "@tresdoce-nestjs-toolkit/http-client",
      "fullFile": "",
      "file": "",
      "beforeHooks": [],
      "afterHooks": [],
      "tests": [],
      "suites": [
        {
          "uuid": "89e62b6d-75b6-49cb-90b8-6f966d362a71",
          "title": "@tresdoce-nestjs-toolkit/http-client",
          "fullFile": "",
          "file": "",
          "beforeHooks": [],
          "afterHooks": [],
          "tests": [
            {
              "title": "HttpService > should be defined",
              "fullTitle": "should be defined",
              "timedOut": false,
              "duration": 145,
              "state": "passed",
              "speed": null,
              "pass": true,
              "fail": false,
              "pending": false,
              "context": null,
              "code": "import { INestApplication } from '@nestjs/common';\nimport { Test, TestingModule } from '@nestjs/testing';\nimport { ConfigModule, ConfigService } from '@nestjs/config';\n\nimport { HttpClientService } from '../http/services/httpClient.service';\nimport { HttpClientModule } from '../http/httpClient.module';\nimport { config } from './utils';\n\nconst API_NESTJS_STARTER = 'https://jsonplaceholder.typicode.com';\n\nconst mockRequestBody = {\n  userId: 1,\n  id: 1,\n  title: 'sunt aut facere repellat provident occaecati excepturi optio reprehenderit',\n  body: 'quia et suscipit\\nsuscipit recusandae consequuntur expedita et cum\\nreprehenderit molestiae ut ut quas totam\\nnostrum rerum est autem sunt rem eveniet architecto',\n};\n\ndescribe('HttpService', () => {\n  let app: INestApplication;\n  let service: HttpClientService;\n\n  beforeEach(async () => {\n    const module: TestingModule = await Test.createTestingModule({\n      imports: [\n        ConfigModule.forRoot({\n          isGlobal: true,\n          load: [config],\n        }),\n        HttpClientModule.registerAsync({\n          imports: [ConfigModule],\n          useFactory: async (configService: ConfigService) =>\n            configService.get('config.httpOptions'),\n          inject: [ConfigService],\n        }),\n      ],\n    }).compile();\n    app = module.createNestApplication();\n    await app.init;\n    service = module.get<HttpClientService>(HttpClientService);\n  });\n\n  afterEach(async () => {\n    await app.close();\n  });\n\n  it('should be defined', () => {\n    expect(service).toBeDefined();\n    expect(service).toBeInstanceOf(HttpClientService);\n    expect(service.axiosRef).not.toBeNull();\n  });\n\n  it('should be return status 200 - request', async () => {\n    const { status, data } = await service.request({\n      url: `${API_NESTJS_STARTER}/posts`,\n      method: 'GET',\n    });\n    expect(status).toBe(200);\n    expect(data.length).toBeGreaterThan(0);\n  });\n\n  it('should be return status 200 - get', async () => {\n    const { status, data } = await service.get(`${API_NESTJS_STARTER}/posts`);\n    expect(status).toBe(200);\n    expect(data.length).toBeGreaterThan(0);\n  });\n\n  it('should be return status 201 - post', async () => {\n    const { status, data } = await service.post(`${API_NESTJS_STARTER}/posts`, {\n      data: mockRequestBody,\n    });\n    expect(status).toBe(201);\n    expect(data).toEqual({\n      ...mockRequestBody,\n      id: 101,\n    });\n  });\n\n  it('should be return status 200 - get by id', async () => {\n    const { status, data } = await service.get(`${API_NESTJS_STARTER}/posts/1`);\n    expect(status).toBe(200);\n    expect(data).toEqual(mockRequestBody);\n  });\n\n  it('should be return status 200 - put', async () => {\n    const { status, data } = await service.put(`${API_NESTJS_STARTER}/posts/1`, {\n      data: {\n        ...mockRequestBody,\n        title: 'mockito',\n      },\n    });\n    expect(status).toBe(200);\n    expect(data).toEqual({ ...mockRequestBody, id: 1, title: 'mockito' });\n  });\n\n  it('should be return status 200 - delete', async () => {\n    const { status, data } = await service.delete(`${API_NESTJS_STARTER}/posts/2`);\n    expect(status).toBe(200);\n    expect(data).toEqual({});\n  });\n\n  it('should be return status 200 - patch', async () => {\n    const { status, data } = await service.patch(`${API_NESTJS_STARTER}/posts/1`, {\n      data: {\n        ...mockRequestBody,\n        title: 'mockito',\n      },\n    });\n    expect(status).toBe(200);\n    expect(data).toEqual({ ...mockRequestBody, id: 1, title: 'mockito' });\n  });\n\n  it('should be return status 200 - head', async () => {\n    const { status, headers } = await service.head(`${API_NESTJS_STARTER}/posts`);\n    expect(status).toBe(200);\n    expect(headers).toHaveProperty('etag');\n  });\n\n  it('should be return error', async () => {\n    try {\n      const { data } = await service.get(`${API_NESTJS_STARTER}/postss`);\n      expect(data).toBe(200);\n    } catch (error) {\n      expect(error.response.status).toBe(404);\n      expect(error.message).toBe('Request failed with status code 404');\n    }\n  });\n});\n",
              "err": {},
              "uuid": "1ccab2dd-d569-4d2c-a263-4eb44c7fbd0c",
              "parentUUID": "89e62b6d-75b6-49cb-90b8-6f966d362a71",
              "isHook": false,
              "skipped": false
            },
            {
              "title": "HttpService > should be return status 200 - request",
              "fullTitle": "should be return status 200 - request",
              "timedOut": false,
              "duration": 607,
              "state": "passed",
              "speed": null,
              "pass": true,
              "fail": false,
              "pending": false,
              "context": null,
              "code": "import { INestApplication } from '@nestjs/common';\nimport { Test, TestingModule } from '@nestjs/testing';\nimport { ConfigModule, ConfigService } from '@nestjs/config';\n\nimport { HttpClientService } from '../http/services/httpClient.service';\nimport { HttpClientModule } from '../http/httpClient.module';\nimport { config } from './utils';\n\nconst API_NESTJS_STARTER = 'https://jsonplaceholder.typicode.com';\n\nconst mockRequestBody = {\n  userId: 1,\n  id: 1,\n  title: 'sunt aut facere repellat provident occaecati excepturi optio reprehenderit',\n  body: 'quia et suscipit\\nsuscipit recusandae consequuntur expedita et cum\\nreprehenderit molestiae ut ut quas totam\\nnostrum rerum est autem sunt rem eveniet architecto',\n};\n\ndescribe('HttpService', () => {\n  let app: INestApplication;\n  let service: HttpClientService;\n\n  beforeEach(async () => {\n    const module: TestingModule = await Test.createTestingModule({\n      imports: [\n        ConfigModule.forRoot({\n          isGlobal: true,\n          load: [config],\n        }),\n        HttpClientModule.registerAsync({\n          imports: [ConfigModule],\n          useFactory: async (configService: ConfigService) =>\n            configService.get('config.httpOptions'),\n          inject: [ConfigService],\n        }),\n      ],\n    }).compile();\n    app = module.createNestApplication();\n    await app.init;\n    service = module.get<HttpClientService>(HttpClientService);\n  });\n\n  afterEach(async () => {\n    await app.close();\n  });\n\n  it('should be defined', () => {\n    expect(service).toBeDefined();\n    expect(service).toBeInstanceOf(HttpClientService);\n    expect(service.axiosRef).not.toBeNull();\n  });\n\n  it('should be return status 200 - request', async () => {\n    const { status, data } = await service.request({\n      url: `${API_NESTJS_STARTER}/posts`,\n      method: 'GET',\n    });\n    expect(status).toBe(200);\n    expect(data.length).toBeGreaterThan(0);\n  });\n\n  it('should be return status 200 - get', async () => {\n    const { status, data } = await service.get(`${API_NESTJS_STARTER}/posts`);\n    expect(status).toBe(200);\n    expect(data.length).toBeGreaterThan(0);\n  });\n\n  it('should be return status 201 - post', async () => {\n    const { status, data } = await service.post(`${API_NESTJS_STARTER}/posts`, {\n      data: mockRequestBody,\n    });\n    expect(status).toBe(201);\n    expect(data).toEqual({\n      ...mockRequestBody,\n      id: 101,\n    });\n  });\n\n  it('should be return status 200 - get by id', async () => {\n    const { status, data } = await service.get(`${API_NESTJS_STARTER}/posts/1`);\n    expect(status).toBe(200);\n    expect(data).toEqual(mockRequestBody);\n  });\n\n  it('should be return status 200 - put', async () => {\n    const { status, data } = await service.put(`${API_NESTJS_STARTER}/posts/1`, {\n      data: {\n        ...mockRequestBody,\n        title: 'mockito',\n      },\n    });\n    expect(status).toBe(200);\n    expect(data).toEqual({ ...mockRequestBody, id: 1, title: 'mockito' });\n  });\n\n  it('should be return status 200 - delete', async () => {\n    const { status, data } = await service.delete(`${API_NESTJS_STARTER}/posts/2`);\n    expect(status).toBe(200);\n    expect(data).toEqual({});\n  });\n\n  it('should be return status 200 - patch', async () => {\n    const { status, data } = await service.patch(`${API_NESTJS_STARTER}/posts/1`, {\n      data: {\n        ...mockRequestBody,\n        title: 'mockito',\n      },\n    });\n    expect(status).toBe(200);\n    expect(data).toEqual({ ...mockRequestBody, id: 1, title: 'mockito' });\n  });\n\n  it('should be return status 200 - head', async () => {\n    const { status, headers } = await service.head(`${API_NESTJS_STARTER}/posts`);\n    expect(status).toBe(200);\n    expect(headers).toHaveProperty('etag');\n  });\n\n  it('should be return error', async () => {\n    try {\n      const { data } = await service.get(`${API_NESTJS_STARTER}/postss`);\n      expect(data).toBe(200);\n    } catch (error) {\n      expect(error.response.status).toBe(404);\n      expect(error.message).toBe('Request failed with status code 404');\n    }\n  });\n});\n",
              "err": {},
              "uuid": "c3a988d7-a44c-448c-b66d-fdf8d8903dc4",
              "parentUUID": "89e62b6d-75b6-49cb-90b8-6f966d362a71",
              "isHook": false,
              "skipped": false
            },
            {
              "title": "HttpService > should be return status 200 - get",
              "fullTitle": "should be return status 200 - get",
              "timedOut": false,
              "duration": 485,
              "state": "passed",
              "speed": null,
              "pass": true,
              "fail": false,
              "pending": false,
              "context": null,
              "code": "import { INestApplication } from '@nestjs/common';\nimport { Test, TestingModule } from '@nestjs/testing';\nimport { ConfigModule, ConfigService } from '@nestjs/config';\n\nimport { HttpClientService } from '../http/services/httpClient.service';\nimport { HttpClientModule } from '../http/httpClient.module';\nimport { config } from './utils';\n\nconst API_NESTJS_STARTER = 'https://jsonplaceholder.typicode.com';\n\nconst mockRequestBody = {\n  userId: 1,\n  id: 1,\n  title: 'sunt aut facere repellat provident occaecati excepturi optio reprehenderit',\n  body: 'quia et suscipit\\nsuscipit recusandae consequuntur expedita et cum\\nreprehenderit molestiae ut ut quas totam\\nnostrum rerum est autem sunt rem eveniet architecto',\n};\n\ndescribe('HttpService', () => {\n  let app: INestApplication;\n  let service: HttpClientService;\n\n  beforeEach(async () => {\n    const module: TestingModule = await Test.createTestingModule({\n      imports: [\n        ConfigModule.forRoot({\n          isGlobal: true,\n          load: [config],\n        }),\n        HttpClientModule.registerAsync({\n          imports: [ConfigModule],\n          useFactory: async (configService: ConfigService) =>\n            configService.get('config.httpOptions'),\n          inject: [ConfigService],\n        }),\n      ],\n    }).compile();\n    app = module.createNestApplication();\n    await app.init;\n    service = module.get<HttpClientService>(HttpClientService);\n  });\n\n  afterEach(async () => {\n    await app.close();\n  });\n\n  it('should be defined', () => {\n    expect(service).toBeDefined();\n    expect(service).toBeInstanceOf(HttpClientService);\n    expect(service.axiosRef).not.toBeNull();\n  });\n\n  it('should be return status 200 - request', async () => {\n    const { status, data } = await service.request({\n      url: `${API_NESTJS_STARTER}/posts`,\n      method: 'GET',\n    });\n    expect(status).toBe(200);\n    expect(data.length).toBeGreaterThan(0);\n  });\n\n  it('should be return status 200 - get', async () => {\n    const { status, data } = await service.get(`${API_NESTJS_STARTER}/posts`);\n    expect(status).toBe(200);\n    expect(data.length).toBeGreaterThan(0);\n  });\n\n  it('should be return status 201 - post', async () => {\n    const { status, data } = await service.post(`${API_NESTJS_STARTER}/posts`, {\n      data: mockRequestBody,\n    });\n    expect(status).toBe(201);\n    expect(data).toEqual({\n      ...mockRequestBody,\n      id: 101,\n    });\n  });\n\n  it('should be return status 200 - get by id', async () => {\n    const { status, data } = await service.get(`${API_NESTJS_STARTER}/posts/1`);\n    expect(status).toBe(200);\n    expect(data).toEqual(mockRequestBody);\n  });\n\n  it('should be return status 200 - put', async () => {\n    const { status, data } = await service.put(`${API_NESTJS_STARTER}/posts/1`, {\n      data: {\n        ...mockRequestBody,\n        title: 'mockito',\n      },\n    });\n    expect(status).toBe(200);\n    expect(data).toEqual({ ...mockRequestBody, id: 1, title: 'mockito' });\n  });\n\n  it('should be return status 200 - delete', async () => {\n    const { status, data } = await service.delete(`${API_NESTJS_STARTER}/posts/2`);\n    expect(status).toBe(200);\n    expect(data).toEqual({});\n  });\n\n  it('should be return status 200 - patch', async () => {\n    const { status, data } = await service.patch(`${API_NESTJS_STARTER}/posts/1`, {\n      data: {\n        ...mockRequestBody,\n        title: 'mockito',\n      },\n    });\n    expect(status).toBe(200);\n    expect(data).toEqual({ ...mockRequestBody, id: 1, title: 'mockito' });\n  });\n\n  it('should be return status 200 - head', async () => {\n    const { status, headers } = await service.head(`${API_NESTJS_STARTER}/posts`);\n    expect(status).toBe(200);\n    expect(headers).toHaveProperty('etag');\n  });\n\n  it('should be return error', async () => {\n    try {\n      const { data } = await service.get(`${API_NESTJS_STARTER}/postss`);\n      expect(data).toBe(200);\n    } catch (error) {\n      expect(error.response.status).toBe(404);\n      expect(error.message).toBe('Request failed with status code 404');\n    }\n  });\n});\n",
              "err": {},
              "uuid": "98b1bb66-5d08-4f25-b00d-f2883a7c1adc",
              "parentUUID": "89e62b6d-75b6-49cb-90b8-6f966d362a71",
              "isHook": false,
              "skipped": false
            },
            {
              "title": "HttpService > should be return status 201 - post",
              "fullTitle": "should be return status 201 - post",
              "timedOut": false,
              "duration": 582,
              "state": "passed",
              "speed": null,
              "pass": true,
              "fail": false,
              "pending": false,
              "context": null,
              "code": "import { INestApplication } from '@nestjs/common';\nimport { Test, TestingModule } from '@nestjs/testing';\nimport { ConfigModule, ConfigService } from '@nestjs/config';\n\nimport { HttpClientService } from '../http/services/httpClient.service';\nimport { HttpClientModule } from '../http/httpClient.module';\nimport { config } from './utils';\n\nconst API_NESTJS_STARTER = 'https://jsonplaceholder.typicode.com';\n\nconst mockRequestBody = {\n  userId: 1,\n  id: 1,\n  title: 'sunt aut facere repellat provident occaecati excepturi optio reprehenderit',\n  body: 'quia et suscipit\\nsuscipit recusandae consequuntur expedita et cum\\nreprehenderit molestiae ut ut quas totam\\nnostrum rerum est autem sunt rem eveniet architecto',\n};\n\ndescribe('HttpService', () => {\n  let app: INestApplication;\n  let service: HttpClientService;\n\n  beforeEach(async () => {\n    const module: TestingModule = await Test.createTestingModule({\n      imports: [\n        ConfigModule.forRoot({\n          isGlobal: true,\n          load: [config],\n        }),\n        HttpClientModule.registerAsync({\n          imports: [ConfigModule],\n          useFactory: async (configService: ConfigService) =>\n            configService.get('config.httpOptions'),\n          inject: [ConfigService],\n        }),\n      ],\n    }).compile();\n    app = module.createNestApplication();\n    await app.init;\n    service = module.get<HttpClientService>(HttpClientService);\n  });\n\n  afterEach(async () => {\n    await app.close();\n  });\n\n  it('should be defined', () => {\n    expect(service).toBeDefined();\n    expect(service).toBeInstanceOf(HttpClientService);\n    expect(service.axiosRef).not.toBeNull();\n  });\n\n  it('should be return status 200 - request', async () => {\n    const { status, data } = await service.request({\n      url: `${API_NESTJS_STARTER}/posts`,\n      method: 'GET',\n    });\n    expect(status).toBe(200);\n    expect(data.length).toBeGreaterThan(0);\n  });\n\n  it('should be return status 200 - get', async () => {\n    const { status, data } = await service.get(`${API_NESTJS_STARTER}/posts`);\n    expect(status).toBe(200);\n    expect(data.length).toBeGreaterThan(0);\n  });\n\n  it('should be return status 201 - post', async () => {\n    const { status, data } = await service.post(`${API_NESTJS_STARTER}/posts`, {\n      data: mockRequestBody,\n    });\n    expect(status).toBe(201);\n    expect(data).toEqual({\n      ...mockRequestBody,\n      id: 101,\n    });\n  });\n\n  it('should be return status 200 - get by id', async () => {\n    const { status, data } = await service.get(`${API_NESTJS_STARTER}/posts/1`);\n    expect(status).toBe(200);\n    expect(data).toEqual(mockRequestBody);\n  });\n\n  it('should be return status 200 - put', async () => {\n    const { status, data } = await service.put(`${API_NESTJS_STARTER}/posts/1`, {\n      data: {\n        ...mockRequestBody,\n        title: 'mockito',\n      },\n    });\n    expect(status).toBe(200);\n    expect(data).toEqual({ ...mockRequestBody, id: 1, title: 'mockito' });\n  });\n\n  it('should be return status 200 - delete', async () => {\n    const { status, data } = await service.delete(`${API_NESTJS_STARTER}/posts/2`);\n    expect(status).toBe(200);\n    expect(data).toEqual({});\n  });\n\n  it('should be return status 200 - patch', async () => {\n    const { status, data } = await service.patch(`${API_NESTJS_STARTER}/posts/1`, {\n      data: {\n        ...mockRequestBody,\n        title: 'mockito',\n      },\n    });\n    expect(status).toBe(200);\n    expect(data).toEqual({ ...mockRequestBody, id: 1, title: 'mockito' });\n  });\n\n  it('should be return status 200 - head', async () => {\n    const { status, headers } = await service.head(`${API_NESTJS_STARTER}/posts`);\n    expect(status).toBe(200);\n    expect(headers).toHaveProperty('etag');\n  });\n\n  it('should be return error', async () => {\n    try {\n      const { data } = await service.get(`${API_NESTJS_STARTER}/postss`);\n      expect(data).toBe(200);\n    } catch (error) {\n      expect(error.response.status).toBe(404);\n      expect(error.message).toBe('Request failed with status code 404');\n    }\n  });\n});\n",
              "err": {},
              "uuid": "b0a86234-6b90-454c-b1c3-93982e32adf7",
              "parentUUID": "89e62b6d-75b6-49cb-90b8-6f966d362a71",
              "isHook": false,
              "skipped": false
            },
            {
              "title": "HttpService > should be return status 200 - get by id",
              "fullTitle": "should be return status 200 - get by id",
              "timedOut": false,
              "duration": 500,
              "state": "passed",
              "speed": null,
              "pass": true,
              "fail": false,
              "pending": false,
              "context": null,
              "code": "import { INestApplication } from '@nestjs/common';\nimport { Test, TestingModule } from '@nestjs/testing';\nimport { ConfigModule, ConfigService } from '@nestjs/config';\n\nimport { HttpClientService } from '../http/services/httpClient.service';\nimport { HttpClientModule } from '../http/httpClient.module';\nimport { config } from './utils';\n\nconst API_NESTJS_STARTER = 'https://jsonplaceholder.typicode.com';\n\nconst mockRequestBody = {\n  userId: 1,\n  id: 1,\n  title: 'sunt aut facere repellat provident occaecati excepturi optio reprehenderit',\n  body: 'quia et suscipit\\nsuscipit recusandae consequuntur expedita et cum\\nreprehenderit molestiae ut ut quas totam\\nnostrum rerum est autem sunt rem eveniet architecto',\n};\n\ndescribe('HttpService', () => {\n  let app: INestApplication;\n  let service: HttpClientService;\n\n  beforeEach(async () => {\n    const module: TestingModule = await Test.createTestingModule({\n      imports: [\n        ConfigModule.forRoot({\n          isGlobal: true,\n          load: [config],\n        }),\n        HttpClientModule.registerAsync({\n          imports: [ConfigModule],\n          useFactory: async (configService: ConfigService) =>\n            configService.get('config.httpOptions'),\n          inject: [ConfigService],\n        }),\n      ],\n    }).compile();\n    app = module.createNestApplication();\n    await app.init;\n    service = module.get<HttpClientService>(HttpClientService);\n  });\n\n  afterEach(async () => {\n    await app.close();\n  });\n\n  it('should be defined', () => {\n    expect(service).toBeDefined();\n    expect(service).toBeInstanceOf(HttpClientService);\n    expect(service.axiosRef).not.toBeNull();\n  });\n\n  it('should be return status 200 - request', async () => {\n    const { status, data } = await service.request({\n      url: `${API_NESTJS_STARTER}/posts`,\n      method: 'GET',\n    });\n    expect(status).toBe(200);\n    expect(data.length).toBeGreaterThan(0);\n  });\n\n  it('should be return status 200 - get', async () => {\n    const { status, data } = await service.get(`${API_NESTJS_STARTER}/posts`);\n    expect(status).toBe(200);\n    expect(data.length).toBeGreaterThan(0);\n  });\n\n  it('should be return status 201 - post', async () => {\n    const { status, data } = await service.post(`${API_NESTJS_STARTER}/posts`, {\n      data: mockRequestBody,\n    });\n    expect(status).toBe(201);\n    expect(data).toEqual({\n      ...mockRequestBody,\n      id: 101,\n    });\n  });\n\n  it('should be return status 200 - get by id', async () => {\n    const { status, data } = await service.get(`${API_NESTJS_STARTER}/posts/1`);\n    expect(status).toBe(200);\n    expect(data).toEqual(mockRequestBody);\n  });\n\n  it('should be return status 200 - put', async () => {\n    const { status, data } = await service.put(`${API_NESTJS_STARTER}/posts/1`, {\n      data: {\n        ...mockRequestBody,\n        title: 'mockito',\n      },\n    });\n    expect(status).toBe(200);\n    expect(data).toEqual({ ...mockRequestBody, id: 1, title: 'mockito' });\n  });\n\n  it('should be return status 200 - delete', async () => {\n    const { status, data } = await service.delete(`${API_NESTJS_STARTER}/posts/2`);\n    expect(status).toBe(200);\n    expect(data).toEqual({});\n  });\n\n  it('should be return status 200 - patch', async () => {\n    const { status, data } = await service.patch(`${API_NESTJS_STARTER}/posts/1`, {\n      data: {\n        ...mockRequestBody,\n        title: 'mockito',\n      },\n    });\n    expect(status).toBe(200);\n    expect(data).toEqual({ ...mockRequestBody, id: 1, title: 'mockito' });\n  });\n\n  it('should be return status 200 - head', async () => {\n    const { status, headers } = await service.head(`${API_NESTJS_STARTER}/posts`);\n    expect(status).toBe(200);\n    expect(headers).toHaveProperty('etag');\n  });\n\n  it('should be return error', async () => {\n    try {\n      const { data } = await service.get(`${API_NESTJS_STARTER}/postss`);\n      expect(data).toBe(200);\n    } catch (error) {\n      expect(error.response.status).toBe(404);\n      expect(error.message).toBe('Request failed with status code 404');\n    }\n  });\n});\n",
              "err": {},
              "uuid": "a9a7a262-855a-4da2-9c35-37e61f6d1993",
              "parentUUID": "89e62b6d-75b6-49cb-90b8-6f966d362a71",
              "isHook": false,
              "skipped": false
            },
            {
              "title": "HttpService > should be return status 200 - put",
              "fullTitle": "should be return status 200 - put",
              "timedOut": false,
              "duration": 530,
              "state": "passed",
              "speed": null,
              "pass": true,
              "fail": false,
              "pending": false,
              "context": null,
              "code": "import { INestApplication } from '@nestjs/common';\nimport { Test, TestingModule } from '@nestjs/testing';\nimport { ConfigModule, ConfigService } from '@nestjs/config';\n\nimport { HttpClientService } from '../http/services/httpClient.service';\nimport { HttpClientModule } from '../http/httpClient.module';\nimport { config } from './utils';\n\nconst API_NESTJS_STARTER = 'https://jsonplaceholder.typicode.com';\n\nconst mockRequestBody = {\n  userId: 1,\n  id: 1,\n  title: 'sunt aut facere repellat provident occaecati excepturi optio reprehenderit',\n  body: 'quia et suscipit\\nsuscipit recusandae consequuntur expedita et cum\\nreprehenderit molestiae ut ut quas totam\\nnostrum rerum est autem sunt rem eveniet architecto',\n};\n\ndescribe('HttpService', () => {\n  let app: INestApplication;\n  let service: HttpClientService;\n\n  beforeEach(async () => {\n    const module: TestingModule = await Test.createTestingModule({\n      imports: [\n        ConfigModule.forRoot({\n          isGlobal: true,\n          load: [config],\n        }),\n        HttpClientModule.registerAsync({\n          imports: [ConfigModule],\n          useFactory: async (configService: ConfigService) =>\n            configService.get('config.httpOptions'),\n          inject: [ConfigService],\n        }),\n      ],\n    }).compile();\n    app = module.createNestApplication();\n    await app.init;\n    service = module.get<HttpClientService>(HttpClientService);\n  });\n\n  afterEach(async () => {\n    await app.close();\n  });\n\n  it('should be defined', () => {\n    expect(service).toBeDefined();\n    expect(service).toBeInstanceOf(HttpClientService);\n    expect(service.axiosRef).not.toBeNull();\n  });\n\n  it('should be return status 200 - request', async () => {\n    const { status, data } = await service.request({\n      url: `${API_NESTJS_STARTER}/posts`,\n      method: 'GET',\n    });\n    expect(status).toBe(200);\n    expect(data.length).toBeGreaterThan(0);\n  });\n\n  it('should be return status 200 - get', async () => {\n    const { status, data } = await service.get(`${API_NESTJS_STARTER}/posts`);\n    expect(status).toBe(200);\n    expect(data.length).toBeGreaterThan(0);\n  });\n\n  it('should be return status 201 - post', async () => {\n    const { status, data } = await service.post(`${API_NESTJS_STARTER}/posts`, {\n      data: mockRequestBody,\n    });\n    expect(status).toBe(201);\n    expect(data).toEqual({\n      ...mockRequestBody,\n      id: 101,\n    });\n  });\n\n  it('should be return status 200 - get by id', async () => {\n    const { status, data } = await service.get(`${API_NESTJS_STARTER}/posts/1`);\n    expect(status).toBe(200);\n    expect(data).toEqual(mockRequestBody);\n  });\n\n  it('should be return status 200 - put', async () => {\n    const { status, data } = await service.put(`${API_NESTJS_STARTER}/posts/1`, {\n      data: {\n        ...mockRequestBody,\n        title: 'mockito',\n      },\n    });\n    expect(status).toBe(200);\n    expect(data).toEqual({ ...mockRequestBody, id: 1, title: 'mockito' });\n  });\n\n  it('should be return status 200 - delete', async () => {\n    const { status, data } = await service.delete(`${API_NESTJS_STARTER}/posts/2`);\n    expect(status).toBe(200);\n    expect(data).toEqual({});\n  });\n\n  it('should be return status 200 - patch', async () => {\n    const { status, data } = await service.patch(`${API_NESTJS_STARTER}/posts/1`, {\n      data: {\n        ...mockRequestBody,\n        title: 'mockito',\n      },\n    });\n    expect(status).toBe(200);\n    expect(data).toEqual({ ...mockRequestBody, id: 1, title: 'mockito' });\n  });\n\n  it('should be return status 200 - head', async () => {\n    const { status, headers } = await service.head(`${API_NESTJS_STARTER}/posts`);\n    expect(status).toBe(200);\n    expect(headers).toHaveProperty('etag');\n  });\n\n  it('should be return error', async () => {\n    try {\n      const { data } = await service.get(`${API_NESTJS_STARTER}/postss`);\n      expect(data).toBe(200);\n    } catch (error) {\n      expect(error.response.status).toBe(404);\n      expect(error.message).toBe('Request failed with status code 404');\n    }\n  });\n});\n",
              "err": {},
              "uuid": "329f822a-f5b2-425f-a87c-d6dc4eec57c8",
              "parentUUID": "89e62b6d-75b6-49cb-90b8-6f966d362a71",
              "isHook": false,
              "skipped": false
            },
            {
              "title": "HttpService > should be return status 200 - delete",
              "fullTitle": "should be return status 200 - delete",
              "timedOut": false,
              "duration": 540,
              "state": "passed",
              "speed": null,
              "pass": true,
              "fail": false,
              "pending": false,
              "context": null,
              "code": "import { INestApplication } from '@nestjs/common';\nimport { Test, TestingModule } from '@nestjs/testing';\nimport { ConfigModule, ConfigService } from '@nestjs/config';\n\nimport { HttpClientService } from '../http/services/httpClient.service';\nimport { HttpClientModule } from '../http/httpClient.module';\nimport { config } from './utils';\n\nconst API_NESTJS_STARTER = 'https://jsonplaceholder.typicode.com';\n\nconst mockRequestBody = {\n  userId: 1,\n  id: 1,\n  title: 'sunt aut facere repellat provident occaecati excepturi optio reprehenderit',\n  body: 'quia et suscipit\\nsuscipit recusandae consequuntur expedita et cum\\nreprehenderit molestiae ut ut quas totam\\nnostrum rerum est autem sunt rem eveniet architecto',\n};\n\ndescribe('HttpService', () => {\n  let app: INestApplication;\n  let service: HttpClientService;\n\n  beforeEach(async () => {\n    const module: TestingModule = await Test.createTestingModule({\n      imports: [\n        ConfigModule.forRoot({\n          isGlobal: true,\n          load: [config],\n        }),\n        HttpClientModule.registerAsync({\n          imports: [ConfigModule],\n          useFactory: async (configService: ConfigService) =>\n            configService.get('config.httpOptions'),\n          inject: [ConfigService],\n        }),\n      ],\n    }).compile();\n    app = module.createNestApplication();\n    await app.init;\n    service = module.get<HttpClientService>(HttpClientService);\n  });\n\n  afterEach(async () => {\n    await app.close();\n  });\n\n  it('should be defined', () => {\n    expect(service).toBeDefined();\n    expect(service).toBeInstanceOf(HttpClientService);\n    expect(service.axiosRef).not.toBeNull();\n  });\n\n  it('should be return status 200 - request', async () => {\n    const { status, data } = await service.request({\n      url: `${API_NESTJS_STARTER}/posts`,\n      method: 'GET',\n    });\n    expect(status).toBe(200);\n    expect(data.length).toBeGreaterThan(0);\n  });\n\n  it('should be return status 200 - get', async () => {\n    const { status, data } = await service.get(`${API_NESTJS_STARTER}/posts`);\n    expect(status).toBe(200);\n    expect(data.length).toBeGreaterThan(0);\n  });\n\n  it('should be return status 201 - post', async () => {\n    const { status, data } = await service.post(`${API_NESTJS_STARTER}/posts`, {\n      data: mockRequestBody,\n    });\n    expect(status).toBe(201);\n    expect(data).toEqual({\n      ...mockRequestBody,\n      id: 101,\n    });\n  });\n\n  it('should be return status 200 - get by id', async () => {\n    const { status, data } = await service.get(`${API_NESTJS_STARTER}/posts/1`);\n    expect(status).toBe(200);\n    expect(data).toEqual(mockRequestBody);\n  });\n\n  it('should be return status 200 - put', async () => {\n    const { status, data } = await service.put(`${API_NESTJS_STARTER}/posts/1`, {\n      data: {\n        ...mockRequestBody,\n        title: 'mockito',\n      },\n    });\n    expect(status).toBe(200);\n    expect(data).toEqual({ ...mockRequestBody, id: 1, title: 'mockito' });\n  });\n\n  it('should be return status 200 - delete', async () => {\n    const { status, data } = await service.delete(`${API_NESTJS_STARTER}/posts/2`);\n    expect(status).toBe(200);\n    expect(data).toEqual({});\n  });\n\n  it('should be return status 200 - patch', async () => {\n    const { status, data } = await service.patch(`${API_NESTJS_STARTER}/posts/1`, {\n      data: {\n        ...mockRequestBody,\n        title: 'mockito',\n      },\n    });\n    expect(status).toBe(200);\n    expect(data).toEqual({ ...mockRequestBody, id: 1, title: 'mockito' });\n  });\n\n  it('should be return status 200 - head', async () => {\n    const { status, headers } = await service.head(`${API_NESTJS_STARTER}/posts`);\n    expect(status).toBe(200);\n    expect(headers).toHaveProperty('etag');\n  });\n\n  it('should be return error', async () => {\n    try {\n      const { data } = await service.get(`${API_NESTJS_STARTER}/postss`);\n      expect(data).toBe(200);\n    } catch (error) {\n      expect(error.response.status).toBe(404);\n      expect(error.message).toBe('Request failed with status code 404');\n    }\n  });\n});\n",
              "err": {},
              "uuid": "9100db4e-e668-4b50-8ea4-23728a3dad1c",
              "parentUUID": "89e62b6d-75b6-49cb-90b8-6f966d362a71",
              "isHook": false,
              "skipped": false
            },
            {
              "title": "HttpService > should be return status 200 - patch",
              "fullTitle": "should be return status 200 - patch",
              "timedOut": false,
              "duration": 511,
              "state": "passed",
              "speed": null,
              "pass": true,
              "fail": false,
              "pending": false,
              "context": null,
              "code": "import { INestApplication } from '@nestjs/common';\nimport { Test, TestingModule } from '@nestjs/testing';\nimport { ConfigModule, ConfigService } from '@nestjs/config';\n\nimport { HttpClientService } from '../http/services/httpClient.service';\nimport { HttpClientModule } from '../http/httpClient.module';\nimport { config } from './utils';\n\nconst API_NESTJS_STARTER = 'https://jsonplaceholder.typicode.com';\n\nconst mockRequestBody = {\n  userId: 1,\n  id: 1,\n  title: 'sunt aut facere repellat provident occaecati excepturi optio reprehenderit',\n  body: 'quia et suscipit\\nsuscipit recusandae consequuntur expedita et cum\\nreprehenderit molestiae ut ut quas totam\\nnostrum rerum est autem sunt rem eveniet architecto',\n};\n\ndescribe('HttpService', () => {\n  let app: INestApplication;\n  let service: HttpClientService;\n\n  beforeEach(async () => {\n    const module: TestingModule = await Test.createTestingModule({\n      imports: [\n        ConfigModule.forRoot({\n          isGlobal: true,\n          load: [config],\n        }),\n        HttpClientModule.registerAsync({\n          imports: [ConfigModule],\n          useFactory: async (configService: ConfigService) =>\n            configService.get('config.httpOptions'),\n          inject: [ConfigService],\n        }),\n      ],\n    }).compile();\n    app = module.createNestApplication();\n    await app.init;\n    service = module.get<HttpClientService>(HttpClientService);\n  });\n\n  afterEach(async () => {\n    await app.close();\n  });\n\n  it('should be defined', () => {\n    expect(service).toBeDefined();\n    expect(service).toBeInstanceOf(HttpClientService);\n    expect(service.axiosRef).not.toBeNull();\n  });\n\n  it('should be return status 200 - request', async () => {\n    const { status, data } = await service.request({\n      url: `${API_NESTJS_STARTER}/posts`,\n      method: 'GET',\n    });\n    expect(status).toBe(200);\n    expect(data.length).toBeGreaterThan(0);\n  });\n\n  it('should be return status 200 - get', async () => {\n    const { status, data } = await service.get(`${API_NESTJS_STARTER}/posts`);\n    expect(status).toBe(200);\n    expect(data.length).toBeGreaterThan(0);\n  });\n\n  it('should be return status 201 - post', async () => {\n    const { status, data } = await service.post(`${API_NESTJS_STARTER}/posts`, {\n      data: mockRequestBody,\n    });\n    expect(status).toBe(201);\n    expect(data).toEqual({\n      ...mockRequestBody,\n      id: 101,\n    });\n  });\n\n  it('should be return status 200 - get by id', async () => {\n    const { status, data } = await service.get(`${API_NESTJS_STARTER}/posts/1`);\n    expect(status).toBe(200);\n    expect(data).toEqual(mockRequestBody);\n  });\n\n  it('should be return status 200 - put', async () => {\n    const { status, data } = await service.put(`${API_NESTJS_STARTER}/posts/1`, {\n      data: {\n        ...mockRequestBody,\n        title: 'mockito',\n      },\n    });\n    expect(status).toBe(200);\n    expect(data).toEqual({ ...mockRequestBody, id: 1, title: 'mockito' });\n  });\n\n  it('should be return status 200 - delete', async () => {\n    const { status, data } = await service.delete(`${API_NESTJS_STARTER}/posts/2`);\n    expect(status).toBe(200);\n    expect(data).toEqual({});\n  });\n\n  it('should be return status 200 - patch', async () => {\n    const { status, data } = await service.patch(`${API_NESTJS_STARTER}/posts/1`, {\n      data: {\n        ...mockRequestBody,\n        title: 'mockito',\n      },\n    });\n    expect(status).toBe(200);\n    expect(data).toEqual({ ...mockRequestBody, id: 1, title: 'mockito' });\n  });\n\n  it('should be return status 200 - head', async () => {\n    const { status, headers } = await service.head(`${API_NESTJS_STARTER}/posts`);\n    expect(status).toBe(200);\n    expect(headers).toHaveProperty('etag');\n  });\n\n  it('should be return error', async () => {\n    try {\n      const { data } = await service.get(`${API_NESTJS_STARTER}/postss`);\n      expect(data).toBe(200);\n    } catch (error) {\n      expect(error.response.status).toBe(404);\n      expect(error.message).toBe('Request failed with status code 404');\n    }\n  });\n});\n",
              "err": {},
              "uuid": "23a4930b-9806-43cf-8f8c-368e8807e255",
              "parentUUID": "89e62b6d-75b6-49cb-90b8-6f966d362a71",
              "isHook": false,
              "skipped": false
            },
            {
              "title": "HttpService > should be return status 200 - head",
              "fullTitle": "should be return status 200 - head",
              "timedOut": false,
              "duration": 496,
              "state": "passed",
              "speed": null,
              "pass": true,
              "fail": false,
              "pending": false,
              "context": null,
              "code": "import { INestApplication } from '@nestjs/common';\nimport { Test, TestingModule } from '@nestjs/testing';\nimport { ConfigModule, ConfigService } from '@nestjs/config';\n\nimport { HttpClientService } from '../http/services/httpClient.service';\nimport { HttpClientModule } from '../http/httpClient.module';\nimport { config } from './utils';\n\nconst API_NESTJS_STARTER = 'https://jsonplaceholder.typicode.com';\n\nconst mockRequestBody = {\n  userId: 1,\n  id: 1,\n  title: 'sunt aut facere repellat provident occaecati excepturi optio reprehenderit',\n  body: 'quia et suscipit\\nsuscipit recusandae consequuntur expedita et cum\\nreprehenderit molestiae ut ut quas totam\\nnostrum rerum est autem sunt rem eveniet architecto',\n};\n\ndescribe('HttpService', () => {\n  let app: INestApplication;\n  let service: HttpClientService;\n\n  beforeEach(async () => {\n    const module: TestingModule = await Test.createTestingModule({\n      imports: [\n        ConfigModule.forRoot({\n          isGlobal: true,\n          load: [config],\n        }),\n        HttpClientModule.registerAsync({\n          imports: [ConfigModule],\n          useFactory: async (configService: ConfigService) =>\n            configService.get('config.httpOptions'),\n          inject: [ConfigService],\n        }),\n      ],\n    }).compile();\n    app = module.createNestApplication();\n    await app.init;\n    service = module.get<HttpClientService>(HttpClientService);\n  });\n\n  afterEach(async () => {\n    await app.close();\n  });\n\n  it('should be defined', () => {\n    expect(service).toBeDefined();\n    expect(service).toBeInstanceOf(HttpClientService);\n    expect(service.axiosRef).not.toBeNull();\n  });\n\n  it('should be return status 200 - request', async () => {\n    const { status, data } = await service.request({\n      url: `${API_NESTJS_STARTER}/posts`,\n      method: 'GET',\n    });\n    expect(status).toBe(200);\n    expect(data.length).toBeGreaterThan(0);\n  });\n\n  it('should be return status 200 - get', async () => {\n    const { status, data } = await service.get(`${API_NESTJS_STARTER}/posts`);\n    expect(status).toBe(200);\n    expect(data.length).toBeGreaterThan(0);\n  });\n\n  it('should be return status 201 - post', async () => {\n    const { status, data } = await service.post(`${API_NESTJS_STARTER}/posts`, {\n      data: mockRequestBody,\n    });\n    expect(status).toBe(201);\n    expect(data).toEqual({\n      ...mockRequestBody,\n      id: 101,\n    });\n  });\n\n  it('should be return status 200 - get by id', async () => {\n    const { status, data } = await service.get(`${API_NESTJS_STARTER}/posts/1`);\n    expect(status).toBe(200);\n    expect(data).toEqual(mockRequestBody);\n  });\n\n  it('should be return status 200 - put', async () => {\n    const { status, data } = await service.put(`${API_NESTJS_STARTER}/posts/1`, {\n      data: {\n        ...mockRequestBody,\n        title: 'mockito',\n      },\n    });\n    expect(status).toBe(200);\n    expect(data).toEqual({ ...mockRequestBody, id: 1, title: 'mockito' });\n  });\n\n  it('should be return status 200 - delete', async () => {\n    const { status, data } = await service.delete(`${API_NESTJS_STARTER}/posts/2`);\n    expect(status).toBe(200);\n    expect(data).toEqual({});\n  });\n\n  it('should be return status 200 - patch', async () => {\n    const { status, data } = await service.patch(`${API_NESTJS_STARTER}/posts/1`, {\n      data: {\n        ...mockRequestBody,\n        title: 'mockito',\n      },\n    });\n    expect(status).toBe(200);\n    expect(data).toEqual({ ...mockRequestBody, id: 1, title: 'mockito' });\n  });\n\n  it('should be return status 200 - head', async () => {\n    const { status, headers } = await service.head(`${API_NESTJS_STARTER}/posts`);\n    expect(status).toBe(200);\n    expect(headers).toHaveProperty('etag');\n  });\n\n  it('should be return error', async () => {\n    try {\n      const { data } = await service.get(`${API_NESTJS_STARTER}/postss`);\n      expect(data).toBe(200);\n    } catch (error) {\n      expect(error.response.status).toBe(404);\n      expect(error.message).toBe('Request failed with status code 404');\n    }\n  });\n});\n",
              "err": {},
              "uuid": "dfa00e88-d49e-4729-b813-59fdc6a556cb",
              "parentUUID": "89e62b6d-75b6-49cb-90b8-6f966d362a71",
              "isHook": false,
              "skipped": false
            },
            {
              "title": "HttpService > should be return error",
              "fullTitle": "should be return error",
              "timedOut": false,
              "duration": 491,
              "state": "passed",
              "speed": null,
              "pass": true,
              "fail": false,
              "pending": false,
              "context": null,
              "code": "import { INestApplication } from '@nestjs/common';\nimport { Test, TestingModule } from '@nestjs/testing';\nimport { ConfigModule, ConfigService } from '@nestjs/config';\n\nimport { HttpClientService } from '../http/services/httpClient.service';\nimport { HttpClientModule } from '../http/httpClient.module';\nimport { config } from './utils';\n\nconst API_NESTJS_STARTER = 'https://jsonplaceholder.typicode.com';\n\nconst mockRequestBody = {\n  userId: 1,\n  id: 1,\n  title: 'sunt aut facere repellat provident occaecati excepturi optio reprehenderit',\n  body: 'quia et suscipit\\nsuscipit recusandae consequuntur expedita et cum\\nreprehenderit molestiae ut ut quas totam\\nnostrum rerum est autem sunt rem eveniet architecto',\n};\n\ndescribe('HttpService', () => {\n  let app: INestApplication;\n  let service: HttpClientService;\n\n  beforeEach(async () => {\n    const module: TestingModule = await Test.createTestingModule({\n      imports: [\n        ConfigModule.forRoot({\n          isGlobal: true,\n          load: [config],\n        }),\n        HttpClientModule.registerAsync({\n          imports: [ConfigModule],\n          useFactory: async (configService: ConfigService) =>\n            configService.get('config.httpOptions'),\n          inject: [ConfigService],\n        }),\n      ],\n    }).compile();\n    app = module.createNestApplication();\n    await app.init;\n    service = module.get<HttpClientService>(HttpClientService);\n  });\n\n  afterEach(async () => {\n    await app.close();\n  });\n\n  it('should be defined', () => {\n    expect(service).toBeDefined();\n    expect(service).toBeInstanceOf(HttpClientService);\n    expect(service.axiosRef).not.toBeNull();\n  });\n\n  it('should be return status 200 - request', async () => {\n    const { status, data } = await service.request({\n      url: `${API_NESTJS_STARTER}/posts`,\n      method: 'GET',\n    });\n    expect(status).toBe(200);\n    expect(data.length).toBeGreaterThan(0);\n  });\n\n  it('should be return status 200 - get', async () => {\n    const { status, data } = await service.get(`${API_NESTJS_STARTER}/posts`);\n    expect(status).toBe(200);\n    expect(data.length).toBeGreaterThan(0);\n  });\n\n  it('should be return status 201 - post', async () => {\n    const { status, data } = await service.post(`${API_NESTJS_STARTER}/posts`, {\n      data: mockRequestBody,\n    });\n    expect(status).toBe(201);\n    expect(data).toEqual({\n      ...mockRequestBody,\n      id: 101,\n    });\n  });\n\n  it('should be return status 200 - get by id', async () => {\n    const { status, data } = await service.get(`${API_NESTJS_STARTER}/posts/1`);\n    expect(status).toBe(200);\n    expect(data).toEqual(mockRequestBody);\n  });\n\n  it('should be return status 200 - put', async () => {\n    const { status, data } = await service.put(`${API_NESTJS_STARTER}/posts/1`, {\n      data: {\n        ...mockRequestBody,\n        title: 'mockito',\n      },\n    });\n    expect(status).toBe(200);\n    expect(data).toEqual({ ...mockRequestBody, id: 1, title: 'mockito' });\n  });\n\n  it('should be return status 200 - delete', async () => {\n    const { status, data } = await service.delete(`${API_NESTJS_STARTER}/posts/2`);\n    expect(status).toBe(200);\n    expect(data).toEqual({});\n  });\n\n  it('should be return status 200 - patch', async () => {\n    const { status, data } = await service.patch(`${API_NESTJS_STARTER}/posts/1`, {\n      data: {\n        ...mockRequestBody,\n        title: 'mockito',\n      },\n    });\n    expect(status).toBe(200);\n    expect(data).toEqual({ ...mockRequestBody, id: 1, title: 'mockito' });\n  });\n\n  it('should be return status 200 - head', async () => {\n    const { status, headers } = await service.head(`${API_NESTJS_STARTER}/posts`);\n    expect(status).toBe(200);\n    expect(headers).toHaveProperty('etag');\n  });\n\n  it('should be return error', async () => {\n    try {\n      const { data } = await service.get(`${API_NESTJS_STARTER}/postss`);\n      expect(data).toBe(200);\n    } catch (error) {\n      expect(error.response.status).toBe(404);\n      expect(error.message).toBe('Request failed with status code 404');\n    }\n  });\n});\n",
              "err": {},
              "uuid": "87a137be-d639-4072-afdd-91254ce61d63",
              "parentUUID": "89e62b6d-75b6-49cb-90b8-6f966d362a71",
              "isHook": false,
              "skipped": false
            },
            {
              "title": "HttpModule > registerAsync useFactory > should be define",
              "fullTitle": "should be define",
              "timedOut": false,
              "duration": 89,
              "state": "passed",
              "speed": null,
              "pass": true,
              "fail": false,
              "pending": false,
              "context": null,
              "code": "import { Test, TestingModule } from '@nestjs/testing';\nimport { INestApplication } from '@nestjs/common';\nimport { ConfigModule } from '@nestjs/config';\n\nimport { HttpClientModule } from '../http/httpClient.module';\nimport { config } from './utils';\nimport { HttpModuleAsyncOptions } from '../http/interfaces/http-module.interface';\n\nclass MockedClass {\n  createHttpOptions() {\n    return {\n      timeout: 5000,\n      maxRedirects: 5,\n    };\n  }\n}\n\ndescribe('HttpModule', () => {\n  const mockedUseFactory: HttpModuleAsyncOptions = {\n    useFactory: async () => ({\n      timeout: 5000,\n      maxRedirects: 5,\n    }),\n  };\n\n  describe('registerAsync useFactory', () => {\n    let app: INestApplication;\n    beforeEach(async () => {\n      const module: TestingModule = await Test.createTestingModule({\n        imports: [\n          ConfigModule.forRoot({\n            isGlobal: true,\n            load: [config],\n          }),\n          HttpClientModule.registerAsync(mockedUseFactory),\n        ],\n      }).compile();\n      app = module.createNestApplication();\n      await app.init;\n    });\n\n    afterEach(async () => {\n      await app.close();\n    });\n\n    it('should be define', async () => {\n      expect(app).toBeDefined();\n    });\n  });\n\n  const mockedUseClassOptions: HttpModuleAsyncOptions = {\n    useClass: MockedClass,\n  };\n\n  describe('registerAsync useClass', () => {\n    let app: INestApplication;\n    beforeEach(async () => {\n      const module: TestingModule = await Test.createTestingModule({\n        imports: [\n          ConfigModule.forRoot({\n            isGlobal: true,\n            load: [config],\n          }),\n          HttpClientModule.registerAsync(mockedUseClassOptions),\n        ],\n      }).compile();\n      app = module.createNestApplication();\n      await app.init;\n    });\n\n    afterEach(async () => {\n      await app.close();\n    });\n\n    it('should be define', async () => {\n      expect(app).toBeDefined();\n    });\n  });\n\n  const mockedUseExistingOptions: HttpModuleAsyncOptions = {\n    extraProviders: [MockedClass],\n    useExisting: MockedClass,\n  };\n\n  describe('registerAsync useExisting', () => {\n    let app: INestApplication;\n    beforeEach(async () => {\n      const module: TestingModule = await Test.createTestingModule({\n        imports: [\n          ConfigModule.forRoot({\n            isGlobal: true,\n            load: [config],\n          }),\n          HttpClientModule.registerAsync(mockedUseExistingOptions),\n        ],\n      }).compile();\n      app = module.createNestApplication();\n      await app.init;\n    });\n\n    afterEach(async () => {\n      await app.close();\n    });\n\n    it('should be define', async () => {\n      expect(app).toBeDefined();\n    });\n  });\n\n  describe('register', () => {\n    let app: INestApplication;\n    beforeEach(async () => {\n      const module: TestingModule = await Test.createTestingModule({\n        imports: [\n          ConfigModule.forRoot({\n            isGlobal: true,\n            load: [config],\n          }),\n          HttpClientModule.register({ ...config().httOptions }),\n        ],\n      }).compile();\n      app = module.createNestApplication();\n      await app.init;\n    });\n\n    afterEach(async () => {\n      await app.close();\n    });\n\n    it('should be define', async () => {\n      expect(app).toBeDefined();\n    });\n  });\n});\n",
              "err": {},
              "uuid": "f868735b-7caf-49cc-a8dd-531f4f07360a",
              "parentUUID": "89e62b6d-75b6-49cb-90b8-6f966d362a71",
              "isHook": false,
              "skipped": false
            },
            {
              "title": "HttpModule > registerAsync useFactory > should be define",
              "fullTitle": "should be define",
              "timedOut": false,
              "duration": 7,
              "state": "passed",
              "speed": null,
              "pass": true,
              "fail": false,
              "pending": false,
              "context": null,
              "code": "import { Test, TestingModule } from '@nestjs/testing';\nimport { INestApplication } from '@nestjs/common';\nimport { ConfigModule } from '@nestjs/config';\n\nimport { HttpClientModule } from '../http/httpClient.module';\nimport { config } from './utils';\nimport { HttpModuleAsyncOptions } from '../http/interfaces/http-module.interface';\n\nclass MockedClass {\n  createHttpOptions() {\n    return {\n      timeout: 5000,\n      maxRedirects: 5,\n    };\n  }\n}\n\ndescribe('HttpModule', () => {\n  const mockedUseFactory: HttpModuleAsyncOptions = {\n    useFactory: async () => ({\n      timeout: 5000,\n      maxRedirects: 5,\n    }),\n  };\n\n  describe('registerAsync useFactory', () => {\n    let app: INestApplication;\n    beforeEach(async () => {\n      const module: TestingModule = await Test.createTestingModule({\n        imports: [\n          ConfigModule.forRoot({\n            isGlobal: true,\n            load: [config],\n          }),\n          HttpClientModule.registerAsync(mockedUseFactory),\n        ],\n      }).compile();\n      app = module.createNestApplication();\n      await app.init;\n    });\n\n    afterEach(async () => {\n      await app.close();\n    });\n\n    it('should be define', async () => {\n      expect(app).toBeDefined();\n    });\n  });\n\n  const mockedUseClassOptions: HttpModuleAsyncOptions = {\n    useClass: MockedClass,\n  };\n\n  describe('registerAsync useClass', () => {\n    let app: INestApplication;\n    beforeEach(async () => {\n      const module: TestingModule = await Test.createTestingModule({\n        imports: [\n          ConfigModule.forRoot({\n            isGlobal: true,\n            load: [config],\n          }),\n          HttpClientModule.registerAsync(mockedUseClassOptions),\n        ],\n      }).compile();\n      app = module.createNestApplication();\n      await app.init;\n    });\n\n    afterEach(async () => {\n      await app.close();\n    });\n\n    it('should be define', async () => {\n      expect(app).toBeDefined();\n    });\n  });\n\n  const mockedUseExistingOptions: HttpModuleAsyncOptions = {\n    extraProviders: [MockedClass],\n    useExisting: MockedClass,\n  };\n\n  describe('registerAsync useExisting', () => {\n    let app: INestApplication;\n    beforeEach(async () => {\n      const module: TestingModule = await Test.createTestingModule({\n        imports: [\n          ConfigModule.forRoot({\n            isGlobal: true,\n            load: [config],\n          }),\n          HttpClientModule.registerAsync(mockedUseExistingOptions),\n        ],\n      }).compile();\n      app = module.createNestApplication();\n      await app.init;\n    });\n\n    afterEach(async () => {\n      await app.close();\n    });\n\n    it('should be define', async () => {\n      expect(app).toBeDefined();\n    });\n  });\n\n  describe('register', () => {\n    let app: INestApplication;\n    beforeEach(async () => {\n      const module: TestingModule = await Test.createTestingModule({\n        imports: [\n          ConfigModule.forRoot({\n            isGlobal: true,\n            load: [config],\n          }),\n          HttpClientModule.register({ ...config().httOptions }),\n        ],\n      }).compile();\n      app = module.createNestApplication();\n      await app.init;\n    });\n\n    afterEach(async () => {\n      await app.close();\n    });\n\n    it('should be define', async () => {\n      expect(app).toBeDefined();\n    });\n  });\n});\n",
              "err": {},
              "uuid": "faca4142-3d10-4e1a-9236-640d37d62885",
              "parentUUID": "89e62b6d-75b6-49cb-90b8-6f966d362a71",
              "isHook": false,
              "skipped": false
            },
            {
              "title": "HttpModule > registerAsync useFactory > should be define",
              "fullTitle": "should be define",
              "timedOut": false,
              "duration": 5,
              "state": "passed",
              "speed": null,
              "pass": true,
              "fail": false,
              "pending": false,
              "context": null,
              "code": "import { Test, TestingModule } from '@nestjs/testing';\nimport { INestApplication } from '@nestjs/common';\nimport { ConfigModule } from '@nestjs/config';\n\nimport { HttpClientModule } from '../http/httpClient.module';\nimport { config } from './utils';\nimport { HttpModuleAsyncOptions } from '../http/interfaces/http-module.interface';\n\nclass MockedClass {\n  createHttpOptions() {\n    return {\n      timeout: 5000,\n      maxRedirects: 5,\n    };\n  }\n}\n\ndescribe('HttpModule', () => {\n  const mockedUseFactory: HttpModuleAsyncOptions = {\n    useFactory: async () => ({\n      timeout: 5000,\n      maxRedirects: 5,\n    }),\n  };\n\n  describe('registerAsync useFactory', () => {\n    let app: INestApplication;\n    beforeEach(async () => {\n      const module: TestingModule = await Test.createTestingModule({\n        imports: [\n          ConfigModule.forRoot({\n            isGlobal: true,\n            load: [config],\n          }),\n          HttpClientModule.registerAsync(mockedUseFactory),\n        ],\n      }).compile();\n      app = module.createNestApplication();\n      await app.init;\n    });\n\n    afterEach(async () => {\n      await app.close();\n    });\n\n    it('should be define', async () => {\n      expect(app).toBeDefined();\n    });\n  });\n\n  const mockedUseClassOptions: HttpModuleAsyncOptions = {\n    useClass: MockedClass,\n  };\n\n  describe('registerAsync useClass', () => {\n    let app: INestApplication;\n    beforeEach(async () => {\n      const module: TestingModule = await Test.createTestingModule({\n        imports: [\n          ConfigModule.forRoot({\n            isGlobal: true,\n            load: [config],\n          }),\n          HttpClientModule.registerAsync(mockedUseClassOptions),\n        ],\n      }).compile();\n      app = module.createNestApplication();\n      await app.init;\n    });\n\n    afterEach(async () => {\n      await app.close();\n    });\n\n    it('should be define', async () => {\n      expect(app).toBeDefined();\n    });\n  });\n\n  const mockedUseExistingOptions: HttpModuleAsyncOptions = {\n    extraProviders: [MockedClass],\n    useExisting: MockedClass,\n  };\n\n  describe('registerAsync useExisting', () => {\n    let app: INestApplication;\n    beforeEach(async () => {\n      const module: TestingModule = await Test.createTestingModule({\n        imports: [\n          ConfigModule.forRoot({\n            isGlobal: true,\n            load: [config],\n          }),\n          HttpClientModule.registerAsync(mockedUseExistingOptions),\n        ],\n      }).compile();\n      app = module.createNestApplication();\n      await app.init;\n    });\n\n    afterEach(async () => {\n      await app.close();\n    });\n\n    it('should be define', async () => {\n      expect(app).toBeDefined();\n    });\n  });\n\n  describe('register', () => {\n    let app: INestApplication;\n    beforeEach(async () => {\n      const module: TestingModule = await Test.createTestingModule({\n        imports: [\n          ConfigModule.forRoot({\n            isGlobal: true,\n            load: [config],\n          }),\n          HttpClientModule.register({ ...config().httOptions }),\n        ],\n      }).compile();\n      app = module.createNestApplication();\n      await app.init;\n    });\n\n    afterEach(async () => {\n      await app.close();\n    });\n\n    it('should be define', async () => {\n      expect(app).toBeDefined();\n    });\n  });\n});\n",
              "err": {},
              "uuid": "858a7cbf-e742-48e0-954a-e9a84d2ebc4a",
              "parentUUID": "89e62b6d-75b6-49cb-90b8-6f966d362a71",
              "isHook": false,
              "skipped": false
            },
            {
              "title": "HttpModule > registerAsync useFactory > should be define",
              "fullTitle": "should be define",
              "timedOut": false,
              "duration": 4,
              "state": "passed",
              "speed": null,
              "pass": true,
              "fail": false,
              "pending": false,
              "context": null,
              "code": "import { Test, TestingModule } from '@nestjs/testing';\nimport { INestApplication } from '@nestjs/common';\nimport { ConfigModule } from '@nestjs/config';\n\nimport { HttpClientModule } from '../http/httpClient.module';\nimport { config } from './utils';\nimport { HttpModuleAsyncOptions } from '../http/interfaces/http-module.interface';\n\nclass MockedClass {\n  createHttpOptions() {\n    return {\n      timeout: 5000,\n      maxRedirects: 5,\n    };\n  }\n}\n\ndescribe('HttpModule', () => {\n  const mockedUseFactory: HttpModuleAsyncOptions = {\n    useFactory: async () => ({\n      timeout: 5000,\n      maxRedirects: 5,\n    }),\n  };\n\n  describe('registerAsync useFactory', () => {\n    let app: INestApplication;\n    beforeEach(async () => {\n      const module: TestingModule = await Test.createTestingModule({\n        imports: [\n          ConfigModule.forRoot({\n            isGlobal: true,\n            load: [config],\n          }),\n          HttpClientModule.registerAsync(mockedUseFactory),\n        ],\n      }).compile();\n      app = module.createNestApplication();\n      await app.init;\n    });\n\n    afterEach(async () => {\n      await app.close();\n    });\n\n    it('should be define', async () => {\n      expect(app).toBeDefined();\n    });\n  });\n\n  const mockedUseClassOptions: HttpModuleAsyncOptions = {\n    useClass: MockedClass,\n  };\n\n  describe('registerAsync useClass', () => {\n    let app: INestApplication;\n    beforeEach(async () => {\n      const module: TestingModule = await Test.createTestingModule({\n        imports: [\n          ConfigModule.forRoot({\n            isGlobal: true,\n            load: [config],\n          }),\n          HttpClientModule.registerAsync(mockedUseClassOptions),\n        ],\n      }).compile();\n      app = module.createNestApplication();\n      await app.init;\n    });\n\n    afterEach(async () => {\n      await app.close();\n    });\n\n    it('should be define', async () => {\n      expect(app).toBeDefined();\n    });\n  });\n\n  const mockedUseExistingOptions: HttpModuleAsyncOptions = {\n    extraProviders: [MockedClass],\n    useExisting: MockedClass,\n  };\n\n  describe('registerAsync useExisting', () => {\n    let app: INestApplication;\n    beforeEach(async () => {\n      const module: TestingModule = await Test.createTestingModule({\n        imports: [\n          ConfigModule.forRoot({\n            isGlobal: true,\n            load: [config],\n          }),\n          HttpClientModule.registerAsync(mockedUseExistingOptions),\n        ],\n      }).compile();\n      app = module.createNestApplication();\n      await app.init;\n    });\n\n    afterEach(async () => {\n      await app.close();\n    });\n\n    it('should be define', async () => {\n      expect(app).toBeDefined();\n    });\n  });\n\n  describe('register', () => {\n    let app: INestApplication;\n    beforeEach(async () => {\n      const module: TestingModule = await Test.createTestingModule({\n        imports: [\n          ConfigModule.forRoot({\n            isGlobal: true,\n            load: [config],\n          }),\n          HttpClientModule.register({ ...config().httOptions }),\n        ],\n      }).compile();\n      app = module.createNestApplication();\n      await app.init;\n    });\n\n    afterEach(async () => {\n      await app.close();\n    });\n\n    it('should be define', async () => {\n      expect(app).toBeDefined();\n    });\n  });\n});\n",
              "err": {},
              "uuid": "6038b818-66c3-43f0-8b39-0c0cd6a371d9",
              "parentUUID": "89e62b6d-75b6-49cb-90b8-6f966d362a71",
              "isHook": false,
              "skipped": false
            },
            {
              "title": "HttpInterceptor > should be defined",
              "fullTitle": "should be defined",
              "timedOut": false,
              "duration": 62,
              "state": "passed",
              "speed": null,
              "pass": true,
              "fail": false,
              "pending": false,
              "context": null,
              "code": "import { Test, TestingModule } from '@nestjs/testing';\nimport { INestApplication } from '@nestjs/common';\nimport { ConfigModule } from '@nestjs/config';\n\nimport { HttpClientService } from '../http/services/httpClient.service';\nimport { HttpClientInterceptor } from '../http/interceptors/httpClient.interceptor';\nimport { HttpClientModule } from '../http/httpClient.module';\nimport { config } from './utils';\n\nconst executionContext: any = {\n  switchToHttp: jest.fn().mockReturnThis(),\n  getRequest: jest.fn().mockReturnThis(),\n  getResponse: jest.fn().mockReturnThis(),\n};\n\nconst callHandler: any = {\n  handle: jest.fn(),\n};\n\ndescribe('HttpInterceptor', () => {\n  let app: INestApplication;\n  let service: HttpClientService;\n  let interceptor: HttpClientInterceptor<any>;\n\n  beforeEach(async () => {\n    const module: TestingModule = await Test.createTestingModule({\n      imports: [\n        ConfigModule.forRoot({\n          isGlobal: true,\n          load: [config],\n        }),\n        HttpClientModule,\n      ],\n    }).compile();\n    app = module.createNestApplication();\n    await app.init;\n\n    service = module.get<HttpClientService>(HttpClientService);\n    interceptor = new HttpClientInterceptor(service);\n  });\n\n  it('should be defined', () => {\n    expect(interceptor).toBeDefined();\n  });\n\n  it('should be intercept and pass headers', async () => {\n    await interceptor.intercept(executionContext, callHandler);\n    expect(callHandler.handle).toBeCalledTimes(1);\n  });\n});\n",
              "err": {},
              "uuid": "a66a4ca0-c7a0-4a08-9e3f-cf2ccf979106",
              "parentUUID": "89e62b6d-75b6-49cb-90b8-6f966d362a71",
              "isHook": false,
              "skipped": false
            },
            {
              "title": "HttpInterceptor > should be intercept and pass headers",
              "fullTitle": "should be intercept and pass headers",
              "timedOut": false,
              "duration": 5,
              "state": "passed",
              "speed": null,
              "pass": true,
              "fail": false,
              "pending": false,
              "context": null,
              "code": "import { Test, TestingModule } from '@nestjs/testing';\nimport { INestApplication } from '@nestjs/common';\nimport { ConfigModule } from '@nestjs/config';\n\nimport { HttpClientService } from '../http/services/httpClient.service';\nimport { HttpClientInterceptor } from '../http/interceptors/httpClient.interceptor';\nimport { HttpClientModule } from '../http/httpClient.module';\nimport { config } from './utils';\n\nconst executionContext: any = {\n  switchToHttp: jest.fn().mockReturnThis(),\n  getRequest: jest.fn().mockReturnThis(),\n  getResponse: jest.fn().mockReturnThis(),\n};\n\nconst callHandler: any = {\n  handle: jest.fn(),\n};\n\ndescribe('HttpInterceptor', () => {\n  let app: INestApplication;\n  let service: HttpClientService;\n  let interceptor: HttpClientInterceptor<any>;\n\n  beforeEach(async () => {\n    const module: TestingModule = await Test.createTestingModule({\n      imports: [\n        ConfigModule.forRoot({\n          isGlobal: true,\n          load: [config],\n        }),\n        HttpClientModule,\n      ],\n    }).compile();\n    app = module.createNestApplication();\n    await app.init;\n\n    service = module.get<HttpClientService>(HttpClientService);\n    interceptor = new HttpClientInterceptor(service);\n  });\n\n  it('should be defined', () => {\n    expect(interceptor).toBeDefined();\n  });\n\n  it('should be intercept and pass headers', async () => {\n    await interceptor.intercept(executionContext, callHandler);\n    expect(callHandler.handle).toBeCalledTimes(1);\n  });\n});\n",
              "err": {},
              "uuid": "25f896bc-c59d-4af3-a8f9-506f67f68259",
              "parentUUID": "89e62b6d-75b6-49cb-90b8-6f966d362a71",
              "isHook": false,
              "skipped": false
            }
          ],
          "suites": [],
          "passes": [
            "1ccab2dd-d569-4d2c-a263-4eb44c7fbd0c",
            "c3a988d7-a44c-448c-b66d-fdf8d8903dc4",
            "98b1bb66-5d08-4f25-b00d-f2883a7c1adc",
            "b0a86234-6b90-454c-b1c3-93982e32adf7",
            "a9a7a262-855a-4da2-9c35-37e61f6d1993",
            "329f822a-f5b2-425f-a87c-d6dc4eec57c8",
            "9100db4e-e668-4b50-8ea4-23728a3dad1c",
            "23a4930b-9806-43cf-8f8c-368e8807e255",
            "dfa00e88-d49e-4729-b813-59fdc6a556cb",
            "87a137be-d639-4072-afdd-91254ce61d63",
            "f868735b-7caf-49cc-a8dd-531f4f07360a",
            "faca4142-3d10-4e1a-9236-640d37d62885",
            "858a7cbf-e742-48e0-954a-e9a84d2ebc4a",
            "6038b818-66c3-43f0-8b39-0c0cd6a371d9",
            "a66a4ca0-c7a0-4a08-9e3f-cf2ccf979106",
            "25f896bc-c59d-4af3-a8f9-506f67f68259"
          ],
          "failures": [],
          "pending": [],
          "skipped": [],
          "duration": 5059,
          "root": false,
          "rootEmpty": false,
          "_timeout": 5000
        }
      ],
      "passes": [],
      "failures": [],
      "pending": [],
      "skipped": [],
      "duration": 0,
      "root": true,
      "rootEmpty": true,
      "_timeout": 5000
    }
  ]
}
