{
  "stats": {
    "suites": 3,
    "tests": 16,
    "passes": 16,
    "pending": 0,
    "failures": 0,
    "testsRegistered": 16,
    "passPercent": 100,
    "pendingPercent": 0,
    "other": 0,
    "hasOther": false,
    "skipped": 0,
    "hasSkipped": false,
    "start": "2023-05-03T01:38:15.622Z",
    "end": "2023-05-03T01:38:20.785Z",
    "duration": 5163
  },
  "results": [
    {
      "uuid": "5d29dd31-422b-4368-ae60-516c287b9192",
      "title": "@tresdoce-nestjs-toolkit/http-client",
      "fullFile": "",
      "file": "",
      "beforeHooks": [],
      "afterHooks": [],
      "tests": [],
      "suites": [
        {
          "uuid": "0e134e12-298b-4d82-abc5-1bab49e364a8",
          "title": "@tresdoce-nestjs-toolkit/http-client",
          "fullFile": "",
          "file": "",
          "beforeHooks": [],
          "afterHooks": [],
          "tests": [
            {
              "fullTitle": "HttpService > should be defined",
              "title": "HttpService > should be defined",
              "timedOut": false,
              "duration": 141,
              "state": "passed",
              "speed": "medium",
              "pass": true,
              "fail": false,
              "pending": false,
              "context": null,
              "code": "import { INestApplication } from '@nestjs/common';\nimport { Test, TestingModule } from '@nestjs/testing';\nimport { ConfigModule, ConfigService } from '@nestjs/config';\n\nimport { HttpClientService } from '../http/services/httpClient.service';\nimport { HttpClientModule } from '../http/httpClient.module';\nimport { config } from './utils';\n\nconst API_NESTJS_STARTER = 'https://jsonplaceholder.typicode.com';\n\nconst mockRequestBody = {\n  userId: 1,\n  id: 1,\n  title: 'sunt aut facere repellat provident occaecati excepturi optio reprehenderit',\n  body: 'quia et suscipit\\nsuscipit recusandae consequuntur expedita et cum\\nreprehenderit molestiae ut ut quas totam\\nnostrum rerum est autem sunt rem eveniet architecto',\n};\n\ndescribe('HttpService', () => {\n  let app: INestApplication;\n  let service: HttpClientService;\n\n  beforeEach(async () => {\n    const module: TestingModule = await Test.createTestingModule({\n      imports: [\n        ConfigModule.forRoot({\n          isGlobal: true,\n          load: [config],\n        }),\n        HttpClientModule.registerAsync({\n          imports: [ConfigModule],\n          useFactory: async (configService: ConfigService) =>\n            configService.get('config.httpOptions'),\n          inject: [ConfigService],\n        }),\n      ],\n    }).compile();\n    app = module.createNestApplication();\n    await app.init;\n    service = module.get<HttpClientService>(HttpClientService);\n  });\n\n  afterEach(async () => {\n    await app.close();\n  });\n\n  it('should be defined', () => {\n    expect(service).toBeDefined();\n    expect(service).toBeInstanceOf(HttpClientService);\n    expect(service.axiosRef).not.toBeNull();\n  });\n\n  it('should be return status 200 - request', async () => {\n    const { status, data } = await service.request({\n      url: `${API_NESTJS_STARTER}/posts`,\n      method: 'GET',\n    });\n    expect(status).toBe(200);\n    expect(data.length).toBeGreaterThan(0);\n  });\n\n  it('should be return status 200 - get', async () => {\n    const { status, data } = await service.get(`${API_NESTJS_STARTER}/posts`);\n    expect(status).toBe(200);\n    expect(data.length).toBeGreaterThan(0);\n  });\n\n  it('should be return status 201 - post', async () => {\n    const { status, data } = await service.post(`${API_NESTJS_STARTER}/posts`, {\n      data: mockRequestBody,\n    });\n    expect(status).toBe(201);\n    expect(data).toEqual({\n      ...mockRequestBody,\n      id: 101,\n    });\n  });\n\n  it('should be return status 200 - get by id', async () => {\n    const { status, data } = await service.get(`${API_NESTJS_STARTER}/posts/1`);\n    expect(status).toBe(200);\n    expect(data).toEqual(mockRequestBody);\n  });\n\n  it('should be return status 200 - put', async () => {\n    const { status, data } = await service.put(`${API_NESTJS_STARTER}/posts/1`, {\n      data: {\n        ...mockRequestBody,\n        title: 'mockito',\n      },\n    });\n    expect(status).toBe(200);\n    expect(data).toEqual({ ...mockRequestBody, id: 1, title: 'mockito' });\n  });\n\n  it('should be return status 200 - delete', async () => {\n    const { status, data } = await service.delete(`${API_NESTJS_STARTER}/posts/2`);\n    expect(status).toBe(200);\n    expect(data).toEqual({});\n  });\n\n  it('should be return status 200 - patch', async () => {\n    const { status, data } = await service.patch(`${API_NESTJS_STARTER}/posts/1`, {\n      data: {\n        ...mockRequestBody,\n        title: 'mockito',\n      },\n    });\n    expect(status).toBe(200);\n    expect(data).toEqual({ ...mockRequestBody, id: 1, title: 'mockito' });\n  });\n\n  it('should be return status 200 - head', async () => {\n    const { status, headers } = await service.head(`${API_NESTJS_STARTER}/posts`);\n    expect(status).toBe(200);\n    expect(headers).toHaveProperty('etag');\n  });\n\n  it('should be return error', async () => {\n    try {\n      const { data } = await service.get(`${API_NESTJS_STARTER}/postss`);\n      expect(data).toBe(200);\n    } catch (error) {\n      expect(error.response.status).toBe(404);\n      expect(error.message).toBe('Request failed with status code 404');\n    }\n  });\n});\n",
              "err": {},
              "uuid": "d1491594-c984-4bcb-9603-3b09d94780fd",
              "parentUUID": "0e134e12-298b-4d82-abc5-1bab49e364a8",
              "isHook": false,
              "skipped": false
            },
            {
              "fullTitle": "HttpService > should be return status 200 - request",
              "title": "HttpService > should be return status 200 - request",
              "timedOut": false,
              "duration": 495,
              "state": "passed",
              "speed": "medium",
              "pass": true,
              "fail": false,
              "pending": false,
              "context": null,
              "code": "import { INestApplication } from '@nestjs/common';\nimport { Test, TestingModule } from '@nestjs/testing';\nimport { ConfigModule, ConfigService } from '@nestjs/config';\n\nimport { HttpClientService } from '../http/services/httpClient.service';\nimport { HttpClientModule } from '../http/httpClient.module';\nimport { config } from './utils';\n\nconst API_NESTJS_STARTER = 'https://jsonplaceholder.typicode.com';\n\nconst mockRequestBody = {\n  userId: 1,\n  id: 1,\n  title: 'sunt aut facere repellat provident occaecati excepturi optio reprehenderit',\n  body: 'quia et suscipit\\nsuscipit recusandae consequuntur expedita et cum\\nreprehenderit molestiae ut ut quas totam\\nnostrum rerum est autem sunt rem eveniet architecto',\n};\n\ndescribe('HttpService', () => {\n  let app: INestApplication;\n  let service: HttpClientService;\n\n  beforeEach(async () => {\n    const module: TestingModule = await Test.createTestingModule({\n      imports: [\n        ConfigModule.forRoot({\n          isGlobal: true,\n          load: [config],\n        }),\n        HttpClientModule.registerAsync({\n          imports: [ConfigModule],\n          useFactory: async (configService: ConfigService) =>\n            configService.get('config.httpOptions'),\n          inject: [ConfigService],\n        }),\n      ],\n    }).compile();\n    app = module.createNestApplication();\n    await app.init;\n    service = module.get<HttpClientService>(HttpClientService);\n  });\n\n  afterEach(async () => {\n    await app.close();\n  });\n\n  it('should be defined', () => {\n    expect(service).toBeDefined();\n    expect(service).toBeInstanceOf(HttpClientService);\n    expect(service.axiosRef).not.toBeNull();\n  });\n\n  it('should be return status 200 - request', async () => {\n    const { status, data } = await service.request({\n      url: `${API_NESTJS_STARTER}/posts`,\n      method: 'GET',\n    });\n    expect(status).toBe(200);\n    expect(data.length).toBeGreaterThan(0);\n  });\n\n  it('should be return status 200 - get', async () => {\n    const { status, data } = await service.get(`${API_NESTJS_STARTER}/posts`);\n    expect(status).toBe(200);\n    expect(data.length).toBeGreaterThan(0);\n  });\n\n  it('should be return status 201 - post', async () => {\n    const { status, data } = await service.post(`${API_NESTJS_STARTER}/posts`, {\n      data: mockRequestBody,\n    });\n    expect(status).toBe(201);\n    expect(data).toEqual({\n      ...mockRequestBody,\n      id: 101,\n    });\n  });\n\n  it('should be return status 200 - get by id', async () => {\n    const { status, data } = await service.get(`${API_NESTJS_STARTER}/posts/1`);\n    expect(status).toBe(200);\n    expect(data).toEqual(mockRequestBody);\n  });\n\n  it('should be return status 200 - put', async () => {\n    const { status, data } = await service.put(`${API_NESTJS_STARTER}/posts/1`, {\n      data: {\n        ...mockRequestBody,\n        title: 'mockito',\n      },\n    });\n    expect(status).toBe(200);\n    expect(data).toEqual({ ...mockRequestBody, id: 1, title: 'mockito' });\n  });\n\n  it('should be return status 200 - delete', async () => {\n    const { status, data } = await service.delete(`${API_NESTJS_STARTER}/posts/2`);\n    expect(status).toBe(200);\n    expect(data).toEqual({});\n  });\n\n  it('should be return status 200 - patch', async () => {\n    const { status, data } = await service.patch(`${API_NESTJS_STARTER}/posts/1`, {\n      data: {\n        ...mockRequestBody,\n        title: 'mockito',\n      },\n    });\n    expect(status).toBe(200);\n    expect(data).toEqual({ ...mockRequestBody, id: 1, title: 'mockito' });\n  });\n\n  it('should be return status 200 - head', async () => {\n    const { status, headers } = await service.head(`${API_NESTJS_STARTER}/posts`);\n    expect(status).toBe(200);\n    expect(headers).toHaveProperty('etag');\n  });\n\n  it('should be return error', async () => {\n    try {\n      const { data } = await service.get(`${API_NESTJS_STARTER}/postss`);\n      expect(data).toBe(200);\n    } catch (error) {\n      expect(error.response.status).toBe(404);\n      expect(error.message).toBe('Request failed with status code 404');\n    }\n  });\n});\n",
              "err": {},
              "uuid": "cc8c0ad6-a6cb-4a6a-8748-66566f40c30e",
              "parentUUID": "0e134e12-298b-4d82-abc5-1bab49e364a8",
              "isHook": false,
              "skipped": false
            },
            {
              "fullTitle": "HttpService > should be return status 200 - get",
              "title": "HttpService > should be return status 200 - get",
              "timedOut": false,
              "duration": 584,
              "state": "passed",
              "speed": "medium",
              "pass": true,
              "fail": false,
              "pending": false,
              "context": null,
              "code": "import { INestApplication } from '@nestjs/common';\nimport { Test, TestingModule } from '@nestjs/testing';\nimport { ConfigModule, ConfigService } from '@nestjs/config';\n\nimport { HttpClientService } from '../http/services/httpClient.service';\nimport { HttpClientModule } from '../http/httpClient.module';\nimport { config } from './utils';\n\nconst API_NESTJS_STARTER = 'https://jsonplaceholder.typicode.com';\n\nconst mockRequestBody = {\n  userId: 1,\n  id: 1,\n  title: 'sunt aut facere repellat provident occaecati excepturi optio reprehenderit',\n  body: 'quia et suscipit\\nsuscipit recusandae consequuntur expedita et cum\\nreprehenderit molestiae ut ut quas totam\\nnostrum rerum est autem sunt rem eveniet architecto',\n};\n\ndescribe('HttpService', () => {\n  let app: INestApplication;\n  let service: HttpClientService;\n\n  beforeEach(async () => {\n    const module: TestingModule = await Test.createTestingModule({\n      imports: [\n        ConfigModule.forRoot({\n          isGlobal: true,\n          load: [config],\n        }),\n        HttpClientModule.registerAsync({\n          imports: [ConfigModule],\n          useFactory: async (configService: ConfigService) =>\n            configService.get('config.httpOptions'),\n          inject: [ConfigService],\n        }),\n      ],\n    }).compile();\n    app = module.createNestApplication();\n    await app.init;\n    service = module.get<HttpClientService>(HttpClientService);\n  });\n\n  afterEach(async () => {\n    await app.close();\n  });\n\n  it('should be defined', () => {\n    expect(service).toBeDefined();\n    expect(service).toBeInstanceOf(HttpClientService);\n    expect(service.axiosRef).not.toBeNull();\n  });\n\n  it('should be return status 200 - request', async () => {\n    const { status, data } = await service.request({\n      url: `${API_NESTJS_STARTER}/posts`,\n      method: 'GET',\n    });\n    expect(status).toBe(200);\n    expect(data.length).toBeGreaterThan(0);\n  });\n\n  it('should be return status 200 - get', async () => {\n    const { status, data } = await service.get(`${API_NESTJS_STARTER}/posts`);\n    expect(status).toBe(200);\n    expect(data.length).toBeGreaterThan(0);\n  });\n\n  it('should be return status 201 - post', async () => {\n    const { status, data } = await service.post(`${API_NESTJS_STARTER}/posts`, {\n      data: mockRequestBody,\n    });\n    expect(status).toBe(201);\n    expect(data).toEqual({\n      ...mockRequestBody,\n      id: 101,\n    });\n  });\n\n  it('should be return status 200 - get by id', async () => {\n    const { status, data } = await service.get(`${API_NESTJS_STARTER}/posts/1`);\n    expect(status).toBe(200);\n    expect(data).toEqual(mockRequestBody);\n  });\n\n  it('should be return status 200 - put', async () => {\n    const { status, data } = await service.put(`${API_NESTJS_STARTER}/posts/1`, {\n      data: {\n        ...mockRequestBody,\n        title: 'mockito',\n      },\n    });\n    expect(status).toBe(200);\n    expect(data).toEqual({ ...mockRequestBody, id: 1, title: 'mockito' });\n  });\n\n  it('should be return status 200 - delete', async () => {\n    const { status, data } = await service.delete(`${API_NESTJS_STARTER}/posts/2`);\n    expect(status).toBe(200);\n    expect(data).toEqual({});\n  });\n\n  it('should be return status 200 - patch', async () => {\n    const { status, data } = await service.patch(`${API_NESTJS_STARTER}/posts/1`, {\n      data: {\n        ...mockRequestBody,\n        title: 'mockito',\n      },\n    });\n    expect(status).toBe(200);\n    expect(data).toEqual({ ...mockRequestBody, id: 1, title: 'mockito' });\n  });\n\n  it('should be return status 200 - head', async () => {\n    const { status, headers } = await service.head(`${API_NESTJS_STARTER}/posts`);\n    expect(status).toBe(200);\n    expect(headers).toHaveProperty('etag');\n  });\n\n  it('should be return error', async () => {\n    try {\n      const { data } = await service.get(`${API_NESTJS_STARTER}/postss`);\n      expect(data).toBe(200);\n    } catch (error) {\n      expect(error.response.status).toBe(404);\n      expect(error.message).toBe('Request failed with status code 404');\n    }\n  });\n});\n",
              "err": {},
              "uuid": "7e13eeeb-b91e-45d7-84dc-9f18241c157b",
              "parentUUID": "0e134e12-298b-4d82-abc5-1bab49e364a8",
              "isHook": false,
              "skipped": false
            },
            {
              "fullTitle": "HttpService > should be return status 201 - post",
              "title": "HttpService > should be return status 201 - post",
              "timedOut": false,
              "duration": 664,
              "state": "passed",
              "speed": "medium",
              "pass": true,
              "fail": false,
              "pending": false,
              "context": null,
              "code": "import { INestApplication } from '@nestjs/common';\nimport { Test, TestingModule } from '@nestjs/testing';\nimport { ConfigModule, ConfigService } from '@nestjs/config';\n\nimport { HttpClientService } from '../http/services/httpClient.service';\nimport { HttpClientModule } from '../http/httpClient.module';\nimport { config } from './utils';\n\nconst API_NESTJS_STARTER = 'https://jsonplaceholder.typicode.com';\n\nconst mockRequestBody = {\n  userId: 1,\n  id: 1,\n  title: 'sunt aut facere repellat provident occaecati excepturi optio reprehenderit',\n  body: 'quia et suscipit\\nsuscipit recusandae consequuntur expedita et cum\\nreprehenderit molestiae ut ut quas totam\\nnostrum rerum est autem sunt rem eveniet architecto',\n};\n\ndescribe('HttpService', () => {\n  let app: INestApplication;\n  let service: HttpClientService;\n\n  beforeEach(async () => {\n    const module: TestingModule = await Test.createTestingModule({\n      imports: [\n        ConfigModule.forRoot({\n          isGlobal: true,\n          load: [config],\n        }),\n        HttpClientModule.registerAsync({\n          imports: [ConfigModule],\n          useFactory: async (configService: ConfigService) =>\n            configService.get('config.httpOptions'),\n          inject: [ConfigService],\n        }),\n      ],\n    }).compile();\n    app = module.createNestApplication();\n    await app.init;\n    service = module.get<HttpClientService>(HttpClientService);\n  });\n\n  afterEach(async () => {\n    await app.close();\n  });\n\n  it('should be defined', () => {\n    expect(service).toBeDefined();\n    expect(service).toBeInstanceOf(HttpClientService);\n    expect(service.axiosRef).not.toBeNull();\n  });\n\n  it('should be return status 200 - request', async () => {\n    const { status, data } = await service.request({\n      url: `${API_NESTJS_STARTER}/posts`,\n      method: 'GET',\n    });\n    expect(status).toBe(200);\n    expect(data.length).toBeGreaterThan(0);\n  });\n\n  it('should be return status 200 - get', async () => {\n    const { status, data } = await service.get(`${API_NESTJS_STARTER}/posts`);\n    expect(status).toBe(200);\n    expect(data.length).toBeGreaterThan(0);\n  });\n\n  it('should be return status 201 - post', async () => {\n    const { status, data } = await service.post(`${API_NESTJS_STARTER}/posts`, {\n      data: mockRequestBody,\n    });\n    expect(status).toBe(201);\n    expect(data).toEqual({\n      ...mockRequestBody,\n      id: 101,\n    });\n  });\n\n  it('should be return status 200 - get by id', async () => {\n    const { status, data } = await service.get(`${API_NESTJS_STARTER}/posts/1`);\n    expect(status).toBe(200);\n    expect(data).toEqual(mockRequestBody);\n  });\n\n  it('should be return status 200 - put', async () => {\n    const { status, data } = await service.put(`${API_NESTJS_STARTER}/posts/1`, {\n      data: {\n        ...mockRequestBody,\n        title: 'mockito',\n      },\n    });\n    expect(status).toBe(200);\n    expect(data).toEqual({ ...mockRequestBody, id: 1, title: 'mockito' });\n  });\n\n  it('should be return status 200 - delete', async () => {\n    const { status, data } = await service.delete(`${API_NESTJS_STARTER}/posts/2`);\n    expect(status).toBe(200);\n    expect(data).toEqual({});\n  });\n\n  it('should be return status 200 - patch', async () => {\n    const { status, data } = await service.patch(`${API_NESTJS_STARTER}/posts/1`, {\n      data: {\n        ...mockRequestBody,\n        title: 'mockito',\n      },\n    });\n    expect(status).toBe(200);\n    expect(data).toEqual({ ...mockRequestBody, id: 1, title: 'mockito' });\n  });\n\n  it('should be return status 200 - head', async () => {\n    const { status, headers } = await service.head(`${API_NESTJS_STARTER}/posts`);\n    expect(status).toBe(200);\n    expect(headers).toHaveProperty('etag');\n  });\n\n  it('should be return error', async () => {\n    try {\n      const { data } = await service.get(`${API_NESTJS_STARTER}/postss`);\n      expect(data).toBe(200);\n    } catch (error) {\n      expect(error.response.status).toBe(404);\n      expect(error.message).toBe('Request failed with status code 404');\n    }\n  });\n});\n",
              "err": {},
              "uuid": "36e8ce77-43de-4184-b5bf-09a7cc5d79cc",
              "parentUUID": "0e134e12-298b-4d82-abc5-1bab49e364a8",
              "isHook": false,
              "skipped": false
            },
            {
              "fullTitle": "HttpService > should be return status 200 - get by id",
              "title": "HttpService > should be return status 200 - get by id",
              "timedOut": false,
              "duration": 462,
              "state": "passed",
              "speed": "medium",
              "pass": true,
              "fail": false,
              "pending": false,
              "context": null,
              "code": "import { INestApplication } from '@nestjs/common';\nimport { Test, TestingModule } from '@nestjs/testing';\nimport { ConfigModule, ConfigService } from '@nestjs/config';\n\nimport { HttpClientService } from '../http/services/httpClient.service';\nimport { HttpClientModule } from '../http/httpClient.module';\nimport { config } from './utils';\n\nconst API_NESTJS_STARTER = 'https://jsonplaceholder.typicode.com';\n\nconst mockRequestBody = {\n  userId: 1,\n  id: 1,\n  title: 'sunt aut facere repellat provident occaecati excepturi optio reprehenderit',\n  body: 'quia et suscipit\\nsuscipit recusandae consequuntur expedita et cum\\nreprehenderit molestiae ut ut quas totam\\nnostrum rerum est autem sunt rem eveniet architecto',\n};\n\ndescribe('HttpService', () => {\n  let app: INestApplication;\n  let service: HttpClientService;\n\n  beforeEach(async () => {\n    const module: TestingModule = await Test.createTestingModule({\n      imports: [\n        ConfigModule.forRoot({\n          isGlobal: true,\n          load: [config],\n        }),\n        HttpClientModule.registerAsync({\n          imports: [ConfigModule],\n          useFactory: async (configService: ConfigService) =>\n            configService.get('config.httpOptions'),\n          inject: [ConfigService],\n        }),\n      ],\n    }).compile();\n    app = module.createNestApplication();\n    await app.init;\n    service = module.get<HttpClientService>(HttpClientService);\n  });\n\n  afterEach(async () => {\n    await app.close();\n  });\n\n  it('should be defined', () => {\n    expect(service).toBeDefined();\n    expect(service).toBeInstanceOf(HttpClientService);\n    expect(service.axiosRef).not.toBeNull();\n  });\n\n  it('should be return status 200 - request', async () => {\n    const { status, data } = await service.request({\n      url: `${API_NESTJS_STARTER}/posts`,\n      method: 'GET',\n    });\n    expect(status).toBe(200);\n    expect(data.length).toBeGreaterThan(0);\n  });\n\n  it('should be return status 200 - get', async () => {\n    const { status, data } = await service.get(`${API_NESTJS_STARTER}/posts`);\n    expect(status).toBe(200);\n    expect(data.length).toBeGreaterThan(0);\n  });\n\n  it('should be return status 201 - post', async () => {\n    const { status, data } = await service.post(`${API_NESTJS_STARTER}/posts`, {\n      data: mockRequestBody,\n    });\n    expect(status).toBe(201);\n    expect(data).toEqual({\n      ...mockRequestBody,\n      id: 101,\n    });\n  });\n\n  it('should be return status 200 - get by id', async () => {\n    const { status, data } = await service.get(`${API_NESTJS_STARTER}/posts/1`);\n    expect(status).toBe(200);\n    expect(data).toEqual(mockRequestBody);\n  });\n\n  it('should be return status 200 - put', async () => {\n    const { status, data } = await service.put(`${API_NESTJS_STARTER}/posts/1`, {\n      data: {\n        ...mockRequestBody,\n        title: 'mockito',\n      },\n    });\n    expect(status).toBe(200);\n    expect(data).toEqual({ ...mockRequestBody, id: 1, title: 'mockito' });\n  });\n\n  it('should be return status 200 - delete', async () => {\n    const { status, data } = await service.delete(`${API_NESTJS_STARTER}/posts/2`);\n    expect(status).toBe(200);\n    expect(data).toEqual({});\n  });\n\n  it('should be return status 200 - patch', async () => {\n    const { status, data } = await service.patch(`${API_NESTJS_STARTER}/posts/1`, {\n      data: {\n        ...mockRequestBody,\n        title: 'mockito',\n      },\n    });\n    expect(status).toBe(200);\n    expect(data).toEqual({ ...mockRequestBody, id: 1, title: 'mockito' });\n  });\n\n  it('should be return status 200 - head', async () => {\n    const { status, headers } = await service.head(`${API_NESTJS_STARTER}/posts`);\n    expect(status).toBe(200);\n    expect(headers).toHaveProperty('etag');\n  });\n\n  it('should be return error', async () => {\n    try {\n      const { data } = await service.get(`${API_NESTJS_STARTER}/postss`);\n      expect(data).toBe(200);\n    } catch (error) {\n      expect(error.response.status).toBe(404);\n      expect(error.message).toBe('Request failed with status code 404');\n    }\n  });\n});\n",
              "err": {},
              "uuid": "957d058d-3834-483e-999d-5a589386752e",
              "parentUUID": "0e134e12-298b-4d82-abc5-1bab49e364a8",
              "isHook": false,
              "skipped": false
            },
            {
              "fullTitle": "HttpService > should be return status 200 - put",
              "title": "HttpService > should be return status 200 - put",
              "timedOut": false,
              "duration": 532,
              "state": "passed",
              "speed": "medium",
              "pass": true,
              "fail": false,
              "pending": false,
              "context": null,
              "code": "import { INestApplication } from '@nestjs/common';\nimport { Test, TestingModule } from '@nestjs/testing';\nimport { ConfigModule, ConfigService } from '@nestjs/config';\n\nimport { HttpClientService } from '../http/services/httpClient.service';\nimport { HttpClientModule } from '../http/httpClient.module';\nimport { config } from './utils';\n\nconst API_NESTJS_STARTER = 'https://jsonplaceholder.typicode.com';\n\nconst mockRequestBody = {\n  userId: 1,\n  id: 1,\n  title: 'sunt aut facere repellat provident occaecati excepturi optio reprehenderit',\n  body: 'quia et suscipit\\nsuscipit recusandae consequuntur expedita et cum\\nreprehenderit molestiae ut ut quas totam\\nnostrum rerum est autem sunt rem eveniet architecto',\n};\n\ndescribe('HttpService', () => {\n  let app: INestApplication;\n  let service: HttpClientService;\n\n  beforeEach(async () => {\n    const module: TestingModule = await Test.createTestingModule({\n      imports: [\n        ConfigModule.forRoot({\n          isGlobal: true,\n          load: [config],\n        }),\n        HttpClientModule.registerAsync({\n          imports: [ConfigModule],\n          useFactory: async (configService: ConfigService) =>\n            configService.get('config.httpOptions'),\n          inject: [ConfigService],\n        }),\n      ],\n    }).compile();\n    app = module.createNestApplication();\n    await app.init;\n    service = module.get<HttpClientService>(HttpClientService);\n  });\n\n  afterEach(async () => {\n    await app.close();\n  });\n\n  it('should be defined', () => {\n    expect(service).toBeDefined();\n    expect(service).toBeInstanceOf(HttpClientService);\n    expect(service.axiosRef).not.toBeNull();\n  });\n\n  it('should be return status 200 - request', async () => {\n    const { status, data } = await service.request({\n      url: `${API_NESTJS_STARTER}/posts`,\n      method: 'GET',\n    });\n    expect(status).toBe(200);\n    expect(data.length).toBeGreaterThan(0);\n  });\n\n  it('should be return status 200 - get', async () => {\n    const { status, data } = await service.get(`${API_NESTJS_STARTER}/posts`);\n    expect(status).toBe(200);\n    expect(data.length).toBeGreaterThan(0);\n  });\n\n  it('should be return status 201 - post', async () => {\n    const { status, data } = await service.post(`${API_NESTJS_STARTER}/posts`, {\n      data: mockRequestBody,\n    });\n    expect(status).toBe(201);\n    expect(data).toEqual({\n      ...mockRequestBody,\n      id: 101,\n    });\n  });\n\n  it('should be return status 200 - get by id', async () => {\n    const { status, data } = await service.get(`${API_NESTJS_STARTER}/posts/1`);\n    expect(status).toBe(200);\n    expect(data).toEqual(mockRequestBody);\n  });\n\n  it('should be return status 200 - put', async () => {\n    const { status, data } = await service.put(`${API_NESTJS_STARTER}/posts/1`, {\n      data: {\n        ...mockRequestBody,\n        title: 'mockito',\n      },\n    });\n    expect(status).toBe(200);\n    expect(data).toEqual({ ...mockRequestBody, id: 1, title: 'mockito' });\n  });\n\n  it('should be return status 200 - delete', async () => {\n    const { status, data } = await service.delete(`${API_NESTJS_STARTER}/posts/2`);\n    expect(status).toBe(200);\n    expect(data).toEqual({});\n  });\n\n  it('should be return status 200 - patch', async () => {\n    const { status, data } = await service.patch(`${API_NESTJS_STARTER}/posts/1`, {\n      data: {\n        ...mockRequestBody,\n        title: 'mockito',\n      },\n    });\n    expect(status).toBe(200);\n    expect(data).toEqual({ ...mockRequestBody, id: 1, title: 'mockito' });\n  });\n\n  it('should be return status 200 - head', async () => {\n    const { status, headers } = await service.head(`${API_NESTJS_STARTER}/posts`);\n    expect(status).toBe(200);\n    expect(headers).toHaveProperty('etag');\n  });\n\n  it('should be return error', async () => {\n    try {\n      const { data } = await service.get(`${API_NESTJS_STARTER}/postss`);\n      expect(data).toBe(200);\n    } catch (error) {\n      expect(error.response.status).toBe(404);\n      expect(error.message).toBe('Request failed with status code 404');\n    }\n  });\n});\n",
              "err": {},
              "uuid": "fce3d1b2-18ca-4b46-9a1f-b38e11d4b643",
              "parentUUID": "0e134e12-298b-4d82-abc5-1bab49e364a8",
              "isHook": false,
              "skipped": false
            },
            {
              "fullTitle": "HttpService > should be return status 200 - delete",
              "title": "HttpService > should be return status 200 - delete",
              "timedOut": false,
              "duration": 616,
              "state": "passed",
              "speed": "medium",
              "pass": true,
              "fail": false,
              "pending": false,
              "context": null,
              "code": "import { INestApplication } from '@nestjs/common';\nimport { Test, TestingModule } from '@nestjs/testing';\nimport { ConfigModule, ConfigService } from '@nestjs/config';\n\nimport { HttpClientService } from '../http/services/httpClient.service';\nimport { HttpClientModule } from '../http/httpClient.module';\nimport { config } from './utils';\n\nconst API_NESTJS_STARTER = 'https://jsonplaceholder.typicode.com';\n\nconst mockRequestBody = {\n  userId: 1,\n  id: 1,\n  title: 'sunt aut facere repellat provident occaecati excepturi optio reprehenderit',\n  body: 'quia et suscipit\\nsuscipit recusandae consequuntur expedita et cum\\nreprehenderit molestiae ut ut quas totam\\nnostrum rerum est autem sunt rem eveniet architecto',\n};\n\ndescribe('HttpService', () => {\n  let app: INestApplication;\n  let service: HttpClientService;\n\n  beforeEach(async () => {\n    const module: TestingModule = await Test.createTestingModule({\n      imports: [\n        ConfigModule.forRoot({\n          isGlobal: true,\n          load: [config],\n        }),\n        HttpClientModule.registerAsync({\n          imports: [ConfigModule],\n          useFactory: async (configService: ConfigService) =>\n            configService.get('config.httpOptions'),\n          inject: [ConfigService],\n        }),\n      ],\n    }).compile();\n    app = module.createNestApplication();\n    await app.init;\n    service = module.get<HttpClientService>(HttpClientService);\n  });\n\n  afterEach(async () => {\n    await app.close();\n  });\n\n  it('should be defined', () => {\n    expect(service).toBeDefined();\n    expect(service).toBeInstanceOf(HttpClientService);\n    expect(service.axiosRef).not.toBeNull();\n  });\n\n  it('should be return status 200 - request', async () => {\n    const { status, data } = await service.request({\n      url: `${API_NESTJS_STARTER}/posts`,\n      method: 'GET',\n    });\n    expect(status).toBe(200);\n    expect(data.length).toBeGreaterThan(0);\n  });\n\n  it('should be return status 200 - get', async () => {\n    const { status, data } = await service.get(`${API_NESTJS_STARTER}/posts`);\n    expect(status).toBe(200);\n    expect(data.length).toBeGreaterThan(0);\n  });\n\n  it('should be return status 201 - post', async () => {\n    const { status, data } = await service.post(`${API_NESTJS_STARTER}/posts`, {\n      data: mockRequestBody,\n    });\n    expect(status).toBe(201);\n    expect(data).toEqual({\n      ...mockRequestBody,\n      id: 101,\n    });\n  });\n\n  it('should be return status 200 - get by id', async () => {\n    const { status, data } = await service.get(`${API_NESTJS_STARTER}/posts/1`);\n    expect(status).toBe(200);\n    expect(data).toEqual(mockRequestBody);\n  });\n\n  it('should be return status 200 - put', async () => {\n    const { status, data } = await service.put(`${API_NESTJS_STARTER}/posts/1`, {\n      data: {\n        ...mockRequestBody,\n        title: 'mockito',\n      },\n    });\n    expect(status).toBe(200);\n    expect(data).toEqual({ ...mockRequestBody, id: 1, title: 'mockito' });\n  });\n\n  it('should be return status 200 - delete', async () => {\n    const { status, data } = await service.delete(`${API_NESTJS_STARTER}/posts/2`);\n    expect(status).toBe(200);\n    expect(data).toEqual({});\n  });\n\n  it('should be return status 200 - patch', async () => {\n    const { status, data } = await service.patch(`${API_NESTJS_STARTER}/posts/1`, {\n      data: {\n        ...mockRequestBody,\n        title: 'mockito',\n      },\n    });\n    expect(status).toBe(200);\n    expect(data).toEqual({ ...mockRequestBody, id: 1, title: 'mockito' });\n  });\n\n  it('should be return status 200 - head', async () => {\n    const { status, headers } = await service.head(`${API_NESTJS_STARTER}/posts`);\n    expect(status).toBe(200);\n    expect(headers).toHaveProperty('etag');\n  });\n\n  it('should be return error', async () => {\n    try {\n      const { data } = await service.get(`${API_NESTJS_STARTER}/postss`);\n      expect(data).toBe(200);\n    } catch (error) {\n      expect(error.response.status).toBe(404);\n      expect(error.message).toBe('Request failed with status code 404');\n    }\n  });\n});\n",
              "err": {},
              "uuid": "36073485-fa34-4be8-8071-886da9f263e7",
              "parentUUID": "0e134e12-298b-4d82-abc5-1bab49e364a8",
              "isHook": false,
              "skipped": false
            },
            {
              "fullTitle": "HttpService > should be return status 200 - patch",
              "title": "HttpService > should be return status 200 - patch",
              "timedOut": false,
              "duration": 516,
              "state": "passed",
              "speed": "medium",
              "pass": true,
              "fail": false,
              "pending": false,
              "context": null,
              "code": "import { INestApplication } from '@nestjs/common';\nimport { Test, TestingModule } from '@nestjs/testing';\nimport { ConfigModule, ConfigService } from '@nestjs/config';\n\nimport { HttpClientService } from '../http/services/httpClient.service';\nimport { HttpClientModule } from '../http/httpClient.module';\nimport { config } from './utils';\n\nconst API_NESTJS_STARTER = 'https://jsonplaceholder.typicode.com';\n\nconst mockRequestBody = {\n  userId: 1,\n  id: 1,\n  title: 'sunt aut facere repellat provident occaecati excepturi optio reprehenderit',\n  body: 'quia et suscipit\\nsuscipit recusandae consequuntur expedita et cum\\nreprehenderit molestiae ut ut quas totam\\nnostrum rerum est autem sunt rem eveniet architecto',\n};\n\ndescribe('HttpService', () => {\n  let app: INestApplication;\n  let service: HttpClientService;\n\n  beforeEach(async () => {\n    const module: TestingModule = await Test.createTestingModule({\n      imports: [\n        ConfigModule.forRoot({\n          isGlobal: true,\n          load: [config],\n        }),\n        HttpClientModule.registerAsync({\n          imports: [ConfigModule],\n          useFactory: async (configService: ConfigService) =>\n            configService.get('config.httpOptions'),\n          inject: [ConfigService],\n        }),\n      ],\n    }).compile();\n    app = module.createNestApplication();\n    await app.init;\n    service = module.get<HttpClientService>(HttpClientService);\n  });\n\n  afterEach(async () => {\n    await app.close();\n  });\n\n  it('should be defined', () => {\n    expect(service).toBeDefined();\n    expect(service).toBeInstanceOf(HttpClientService);\n    expect(service.axiosRef).not.toBeNull();\n  });\n\n  it('should be return status 200 - request', async () => {\n    const { status, data } = await service.request({\n      url: `${API_NESTJS_STARTER}/posts`,\n      method: 'GET',\n    });\n    expect(status).toBe(200);\n    expect(data.length).toBeGreaterThan(0);\n  });\n\n  it('should be return status 200 - get', async () => {\n    const { status, data } = await service.get(`${API_NESTJS_STARTER}/posts`);\n    expect(status).toBe(200);\n    expect(data.length).toBeGreaterThan(0);\n  });\n\n  it('should be return status 201 - post', async () => {\n    const { status, data } = await service.post(`${API_NESTJS_STARTER}/posts`, {\n      data: mockRequestBody,\n    });\n    expect(status).toBe(201);\n    expect(data).toEqual({\n      ...mockRequestBody,\n      id: 101,\n    });\n  });\n\n  it('should be return status 200 - get by id', async () => {\n    const { status, data } = await service.get(`${API_NESTJS_STARTER}/posts/1`);\n    expect(status).toBe(200);\n    expect(data).toEqual(mockRequestBody);\n  });\n\n  it('should be return status 200 - put', async () => {\n    const { status, data } = await service.put(`${API_NESTJS_STARTER}/posts/1`, {\n      data: {\n        ...mockRequestBody,\n        title: 'mockito',\n      },\n    });\n    expect(status).toBe(200);\n    expect(data).toEqual({ ...mockRequestBody, id: 1, title: 'mockito' });\n  });\n\n  it('should be return status 200 - delete', async () => {\n    const { status, data } = await service.delete(`${API_NESTJS_STARTER}/posts/2`);\n    expect(status).toBe(200);\n    expect(data).toEqual({});\n  });\n\n  it('should be return status 200 - patch', async () => {\n    const { status, data } = await service.patch(`${API_NESTJS_STARTER}/posts/1`, {\n      data: {\n        ...mockRequestBody,\n        title: 'mockito',\n      },\n    });\n    expect(status).toBe(200);\n    expect(data).toEqual({ ...mockRequestBody, id: 1, title: 'mockito' });\n  });\n\n  it('should be return status 200 - head', async () => {\n    const { status, headers } = await service.head(`${API_NESTJS_STARTER}/posts`);\n    expect(status).toBe(200);\n    expect(headers).toHaveProperty('etag');\n  });\n\n  it('should be return error', async () => {\n    try {\n      const { data } = await service.get(`${API_NESTJS_STARTER}/postss`);\n      expect(data).toBe(200);\n    } catch (error) {\n      expect(error.response.status).toBe(404);\n      expect(error.message).toBe('Request failed with status code 404');\n    }\n  });\n});\n",
              "err": {},
              "uuid": "6879b050-b12e-4456-acbc-f856f47464ff",
              "parentUUID": "0e134e12-298b-4d82-abc5-1bab49e364a8",
              "isHook": false,
              "skipped": false
            },
            {
              "fullTitle": "HttpService > should be return status 200 - head",
              "title": "HttpService > should be return status 200 - head",
              "timedOut": false,
              "duration": 462,
              "state": "passed",
              "speed": "medium",
              "pass": true,
              "fail": false,
              "pending": false,
              "context": null,
              "code": "import { INestApplication } from '@nestjs/common';\nimport { Test, TestingModule } from '@nestjs/testing';\nimport { ConfigModule, ConfigService } from '@nestjs/config';\n\nimport { HttpClientService } from '../http/services/httpClient.service';\nimport { HttpClientModule } from '../http/httpClient.module';\nimport { config } from './utils';\n\nconst API_NESTJS_STARTER = 'https://jsonplaceholder.typicode.com';\n\nconst mockRequestBody = {\n  userId: 1,\n  id: 1,\n  title: 'sunt aut facere repellat provident occaecati excepturi optio reprehenderit',\n  body: 'quia et suscipit\\nsuscipit recusandae consequuntur expedita et cum\\nreprehenderit molestiae ut ut quas totam\\nnostrum rerum est autem sunt rem eveniet architecto',\n};\n\ndescribe('HttpService', () => {\n  let app: INestApplication;\n  let service: HttpClientService;\n\n  beforeEach(async () => {\n    const module: TestingModule = await Test.createTestingModule({\n      imports: [\n        ConfigModule.forRoot({\n          isGlobal: true,\n          load: [config],\n        }),\n        HttpClientModule.registerAsync({\n          imports: [ConfigModule],\n          useFactory: async (configService: ConfigService) =>\n            configService.get('config.httpOptions'),\n          inject: [ConfigService],\n        }),\n      ],\n    }).compile();\n    app = module.createNestApplication();\n    await app.init;\n    service = module.get<HttpClientService>(HttpClientService);\n  });\n\n  afterEach(async () => {\n    await app.close();\n  });\n\n  it('should be defined', () => {\n    expect(service).toBeDefined();\n    expect(service).toBeInstanceOf(HttpClientService);\n    expect(service.axiosRef).not.toBeNull();\n  });\n\n  it('should be return status 200 - request', async () => {\n    const { status, data } = await service.request({\n      url: `${API_NESTJS_STARTER}/posts`,\n      method: 'GET',\n    });\n    expect(status).toBe(200);\n    expect(data.length).toBeGreaterThan(0);\n  });\n\n  it('should be return status 200 - get', async () => {\n    const { status, data } = await service.get(`${API_NESTJS_STARTER}/posts`);\n    expect(status).toBe(200);\n    expect(data.length).toBeGreaterThan(0);\n  });\n\n  it('should be return status 201 - post', async () => {\n    const { status, data } = await service.post(`${API_NESTJS_STARTER}/posts`, {\n      data: mockRequestBody,\n    });\n    expect(status).toBe(201);\n    expect(data).toEqual({\n      ...mockRequestBody,\n      id: 101,\n    });\n  });\n\n  it('should be return status 200 - get by id', async () => {\n    const { status, data } = await service.get(`${API_NESTJS_STARTER}/posts/1`);\n    expect(status).toBe(200);\n    expect(data).toEqual(mockRequestBody);\n  });\n\n  it('should be return status 200 - put', async () => {\n    const { status, data } = await service.put(`${API_NESTJS_STARTER}/posts/1`, {\n      data: {\n        ...mockRequestBody,\n        title: 'mockito',\n      },\n    });\n    expect(status).toBe(200);\n    expect(data).toEqual({ ...mockRequestBody, id: 1, title: 'mockito' });\n  });\n\n  it('should be return status 200 - delete', async () => {\n    const { status, data } = await service.delete(`${API_NESTJS_STARTER}/posts/2`);\n    expect(status).toBe(200);\n    expect(data).toEqual({});\n  });\n\n  it('should be return status 200 - patch', async () => {\n    const { status, data } = await service.patch(`${API_NESTJS_STARTER}/posts/1`, {\n      data: {\n        ...mockRequestBody,\n        title: 'mockito',\n      },\n    });\n    expect(status).toBe(200);\n    expect(data).toEqual({ ...mockRequestBody, id: 1, title: 'mockito' });\n  });\n\n  it('should be return status 200 - head', async () => {\n    const { status, headers } = await service.head(`${API_NESTJS_STARTER}/posts`);\n    expect(status).toBe(200);\n    expect(headers).toHaveProperty('etag');\n  });\n\n  it('should be return error', async () => {\n    try {\n      const { data } = await service.get(`${API_NESTJS_STARTER}/postss`);\n      expect(data).toBe(200);\n    } catch (error) {\n      expect(error.response.status).toBe(404);\n      expect(error.message).toBe('Request failed with status code 404');\n    }\n  });\n});\n",
              "err": {},
              "uuid": "5834007b-a36a-4b85-a87a-b17cd1e7d780",
              "parentUUID": "0e134e12-298b-4d82-abc5-1bab49e364a8",
              "isHook": false,
              "skipped": false
            },
            {
              "fullTitle": "HttpService > should be return error",
              "title": "HttpService > should be return error",
              "timedOut": false,
              "duration": 520,
              "state": "passed",
              "speed": "medium",
              "pass": true,
              "fail": false,
              "pending": false,
              "context": null,
              "code": "import { INestApplication } from '@nestjs/common';\nimport { Test, TestingModule } from '@nestjs/testing';\nimport { ConfigModule, ConfigService } from '@nestjs/config';\n\nimport { HttpClientService } from '../http/services/httpClient.service';\nimport { HttpClientModule } from '../http/httpClient.module';\nimport { config } from './utils';\n\nconst API_NESTJS_STARTER = 'https://jsonplaceholder.typicode.com';\n\nconst mockRequestBody = {\n  userId: 1,\n  id: 1,\n  title: 'sunt aut facere repellat provident occaecati excepturi optio reprehenderit',\n  body: 'quia et suscipit\\nsuscipit recusandae consequuntur expedita et cum\\nreprehenderit molestiae ut ut quas totam\\nnostrum rerum est autem sunt rem eveniet architecto',\n};\n\ndescribe('HttpService', () => {\n  let app: INestApplication;\n  let service: HttpClientService;\n\n  beforeEach(async () => {\n    const module: TestingModule = await Test.createTestingModule({\n      imports: [\n        ConfigModule.forRoot({\n          isGlobal: true,\n          load: [config],\n        }),\n        HttpClientModule.registerAsync({\n          imports: [ConfigModule],\n          useFactory: async (configService: ConfigService) =>\n            configService.get('config.httpOptions'),\n          inject: [ConfigService],\n        }),\n      ],\n    }).compile();\n    app = module.createNestApplication();\n    await app.init;\n    service = module.get<HttpClientService>(HttpClientService);\n  });\n\n  afterEach(async () => {\n    await app.close();\n  });\n\n  it('should be defined', () => {\n    expect(service).toBeDefined();\n    expect(service).toBeInstanceOf(HttpClientService);\n    expect(service.axiosRef).not.toBeNull();\n  });\n\n  it('should be return status 200 - request', async () => {\n    const { status, data } = await service.request({\n      url: `${API_NESTJS_STARTER}/posts`,\n      method: 'GET',\n    });\n    expect(status).toBe(200);\n    expect(data.length).toBeGreaterThan(0);\n  });\n\n  it('should be return status 200 - get', async () => {\n    const { status, data } = await service.get(`${API_NESTJS_STARTER}/posts`);\n    expect(status).toBe(200);\n    expect(data.length).toBeGreaterThan(0);\n  });\n\n  it('should be return status 201 - post', async () => {\n    const { status, data } = await service.post(`${API_NESTJS_STARTER}/posts`, {\n      data: mockRequestBody,\n    });\n    expect(status).toBe(201);\n    expect(data).toEqual({\n      ...mockRequestBody,\n      id: 101,\n    });\n  });\n\n  it('should be return status 200 - get by id', async () => {\n    const { status, data } = await service.get(`${API_NESTJS_STARTER}/posts/1`);\n    expect(status).toBe(200);\n    expect(data).toEqual(mockRequestBody);\n  });\n\n  it('should be return status 200 - put', async () => {\n    const { status, data } = await service.put(`${API_NESTJS_STARTER}/posts/1`, {\n      data: {\n        ...mockRequestBody,\n        title: 'mockito',\n      },\n    });\n    expect(status).toBe(200);\n    expect(data).toEqual({ ...mockRequestBody, id: 1, title: 'mockito' });\n  });\n\n  it('should be return status 200 - delete', async () => {\n    const { status, data } = await service.delete(`${API_NESTJS_STARTER}/posts/2`);\n    expect(status).toBe(200);\n    expect(data).toEqual({});\n  });\n\n  it('should be return status 200 - patch', async () => {\n    const { status, data } = await service.patch(`${API_NESTJS_STARTER}/posts/1`, {\n      data: {\n        ...mockRequestBody,\n        title: 'mockito',\n      },\n    });\n    expect(status).toBe(200);\n    expect(data).toEqual({ ...mockRequestBody, id: 1, title: 'mockito' });\n  });\n\n  it('should be return status 200 - head', async () => {\n    const { status, headers } = await service.head(`${API_NESTJS_STARTER}/posts`);\n    expect(status).toBe(200);\n    expect(headers).toHaveProperty('etag');\n  });\n\n  it('should be return error', async () => {\n    try {\n      const { data } = await service.get(`${API_NESTJS_STARTER}/postss`);\n      expect(data).toBe(200);\n    } catch (error) {\n      expect(error.response.status).toBe(404);\n      expect(error.message).toBe('Request failed with status code 404');\n    }\n  });\n});\n",
              "err": {},
              "uuid": "aab8a901-3f75-42a6-9866-11abe02f641d",
              "parentUUID": "0e134e12-298b-4d82-abc5-1bab49e364a8",
              "isHook": false,
              "skipped": false
            },
            {
              "fullTitle": "HttpModule > registerAsync useFactory > should be define",
              "title": "HttpModule > registerAsync useFactory > should be define",
              "timedOut": false,
              "duration": 76,
              "state": "passed",
              "speed": "fast",
              "pass": true,
              "fail": false,
              "pending": false,
              "context": null,
              "code": "import { Test, TestingModule } from '@nestjs/testing';\nimport { INestApplication } from '@nestjs/common';\nimport { ConfigModule } from '@nestjs/config';\n\nimport { HttpClientModule } from '../http/httpClient.module';\nimport { config } from './utils';\nimport { HttpModuleAsyncOptions } from '../http/interfaces/http-module.interface';\n\nclass MockedClass {\n  createHttpOptions() {\n    return {\n      timeout: 5000,\n      maxRedirects: 5,\n    };\n  }\n}\n\ndescribe('HttpModule', () => {\n  const mockedUseFactory: HttpModuleAsyncOptions = {\n    useFactory: async () => ({\n      timeout: 5000,\n      maxRedirects: 5,\n    }),\n  };\n\n  describe('registerAsync useFactory', () => {\n    let app: INestApplication;\n    beforeEach(async () => {\n      const module: TestingModule = await Test.createTestingModule({\n        imports: [\n          ConfigModule.forRoot({\n            isGlobal: true,\n            load: [config],\n          }),\n          HttpClientModule.registerAsync(mockedUseFactory),\n        ],\n      }).compile();\n      app = module.createNestApplication();\n      await app.init;\n    });\n\n    afterEach(async () => {\n      await app.close();\n    });\n\n    it('should be define', async () => {\n      expect(app).toBeDefined();\n    });\n  });\n\n  const mockedUseClassOptions: HttpModuleAsyncOptions = {\n    useClass: MockedClass,\n  };\n\n  describe('registerAsync useClass', () => {\n    let app: INestApplication;\n    beforeEach(async () => {\n      const module: TestingModule = await Test.createTestingModule({\n        imports: [\n          ConfigModule.forRoot({\n            isGlobal: true,\n            load: [config],\n          }),\n          HttpClientModule.registerAsync(mockedUseClassOptions),\n        ],\n      }).compile();\n      app = module.createNestApplication();\n      await app.init;\n    });\n\n    afterEach(async () => {\n      await app.close();\n    });\n\n    it('should be define', async () => {\n      expect(app).toBeDefined();\n    });\n  });\n\n  const mockedUseExistingOptions: HttpModuleAsyncOptions = {\n    extraProviders: [MockedClass],\n    useExisting: MockedClass,\n  };\n\n  describe('registerAsync useExisting', () => {\n    let app: INestApplication;\n    beforeEach(async () => {\n      const module: TestingModule = await Test.createTestingModule({\n        imports: [\n          ConfigModule.forRoot({\n            isGlobal: true,\n            load: [config],\n          }),\n          HttpClientModule.registerAsync(mockedUseExistingOptions),\n        ],\n      }).compile();\n      app = module.createNestApplication();\n      await app.init;\n    });\n\n    afterEach(async () => {\n      await app.close();\n    });\n\n    it('should be define', async () => {\n      expect(app).toBeDefined();\n    });\n  });\n\n  describe('register', () => {\n    let app: INestApplication;\n    beforeEach(async () => {\n      const module: TestingModule = await Test.createTestingModule({\n        imports: [\n          ConfigModule.forRoot({\n            isGlobal: true,\n            load: [config],\n          }),\n          HttpClientModule.register({ ...config().httOptions }),\n        ],\n      }).compile();\n      app = module.createNestApplication();\n      await app.init;\n    });\n\n    afterEach(async () => {\n      await app.close();\n    });\n\n    it('should be define', async () => {\n      expect(app).toBeDefined();\n    });\n  });\n});\n",
              "err": {},
              "uuid": "ef1f76aa-70c8-46dd-b357-cd310109afc9",
              "parentUUID": "0e134e12-298b-4d82-abc5-1bab49e364a8",
              "isHook": false,
              "skipped": false
            },
            {
              "fullTitle": "HttpModule > registerAsync useClass > should be define",
              "title": "HttpModule > registerAsync useClass > should be define",
              "timedOut": false,
              "duration": 8,
              "state": "passed",
              "speed": "fast",
              "pass": true,
              "fail": false,
              "pending": false,
              "context": null,
              "code": "import { Test, TestingModule } from '@nestjs/testing';\nimport { INestApplication } from '@nestjs/common';\nimport { ConfigModule } from '@nestjs/config';\n\nimport { HttpClientModule } from '../http/httpClient.module';\nimport { config } from './utils';\nimport { HttpModuleAsyncOptions } from '../http/interfaces/http-module.interface';\n\nclass MockedClass {\n  createHttpOptions() {\n    return {\n      timeout: 5000,\n      maxRedirects: 5,\n    };\n  }\n}\n\ndescribe('HttpModule', () => {\n  const mockedUseFactory: HttpModuleAsyncOptions = {\n    useFactory: async () => ({\n      timeout: 5000,\n      maxRedirects: 5,\n    }),\n  };\n\n  describe('registerAsync useFactory', () => {\n    let app: INestApplication;\n    beforeEach(async () => {\n      const module: TestingModule = await Test.createTestingModule({\n        imports: [\n          ConfigModule.forRoot({\n            isGlobal: true,\n            load: [config],\n          }),\n          HttpClientModule.registerAsync(mockedUseFactory),\n        ],\n      }).compile();\n      app = module.createNestApplication();\n      await app.init;\n    });\n\n    afterEach(async () => {\n      await app.close();\n    });\n\n    it('should be define', async () => {\n      expect(app).toBeDefined();\n    });\n  });\n\n  const mockedUseClassOptions: HttpModuleAsyncOptions = {\n    useClass: MockedClass,\n  };\n\n  describe('registerAsync useClass', () => {\n    let app: INestApplication;\n    beforeEach(async () => {\n      const module: TestingModule = await Test.createTestingModule({\n        imports: [\n          ConfigModule.forRoot({\n            isGlobal: true,\n            load: [config],\n          }),\n          HttpClientModule.registerAsync(mockedUseClassOptions),\n        ],\n      }).compile();\n      app = module.createNestApplication();\n      await app.init;\n    });\n\n    afterEach(async () => {\n      await app.close();\n    });\n\n    it('should be define', async () => {\n      expect(app).toBeDefined();\n    });\n  });\n\n  const mockedUseExistingOptions: HttpModuleAsyncOptions = {\n    extraProviders: [MockedClass],\n    useExisting: MockedClass,\n  };\n\n  describe('registerAsync useExisting', () => {\n    let app: INestApplication;\n    beforeEach(async () => {\n      const module: TestingModule = await Test.createTestingModule({\n        imports: [\n          ConfigModule.forRoot({\n            isGlobal: true,\n            load: [config],\n          }),\n          HttpClientModule.registerAsync(mockedUseExistingOptions),\n        ],\n      }).compile();\n      app = module.createNestApplication();\n      await app.init;\n    });\n\n    afterEach(async () => {\n      await app.close();\n    });\n\n    it('should be define', async () => {\n      expect(app).toBeDefined();\n    });\n  });\n\n  describe('register', () => {\n    let app: INestApplication;\n    beforeEach(async () => {\n      const module: TestingModule = await Test.createTestingModule({\n        imports: [\n          ConfigModule.forRoot({\n            isGlobal: true,\n            load: [config],\n          }),\n          HttpClientModule.register({ ...config().httOptions }),\n        ],\n      }).compile();\n      app = module.createNestApplication();\n      await app.init;\n    });\n\n    afterEach(async () => {\n      await app.close();\n    });\n\n    it('should be define', async () => {\n      expect(app).toBeDefined();\n    });\n  });\n});\n",
              "err": {},
              "uuid": "109b6c16-fa76-4c02-a6b8-43d4c4e38267",
              "parentUUID": "0e134e12-298b-4d82-abc5-1bab49e364a8",
              "isHook": false,
              "skipped": false
            },
            {
              "fullTitle": "HttpModule > registerAsync useExisting > should be define",
              "title": "HttpModule > registerAsync useExisting > should be define",
              "timedOut": false,
              "duration": 12,
              "state": "passed",
              "speed": "fast",
              "pass": true,
              "fail": false,
              "pending": false,
              "context": null,
              "code": "import { Test, TestingModule } from '@nestjs/testing';\nimport { INestApplication } from '@nestjs/common';\nimport { ConfigModule } from '@nestjs/config';\n\nimport { HttpClientModule } from '../http/httpClient.module';\nimport { config } from './utils';\nimport { HttpModuleAsyncOptions } from '../http/interfaces/http-module.interface';\n\nclass MockedClass {\n  createHttpOptions() {\n    return {\n      timeout: 5000,\n      maxRedirects: 5,\n    };\n  }\n}\n\ndescribe('HttpModule', () => {\n  const mockedUseFactory: HttpModuleAsyncOptions = {\n    useFactory: async () => ({\n      timeout: 5000,\n      maxRedirects: 5,\n    }),\n  };\n\n  describe('registerAsync useFactory', () => {\n    let app: INestApplication;\n    beforeEach(async () => {\n      const module: TestingModule = await Test.createTestingModule({\n        imports: [\n          ConfigModule.forRoot({\n            isGlobal: true,\n            load: [config],\n          }),\n          HttpClientModule.registerAsync(mockedUseFactory),\n        ],\n      }).compile();\n      app = module.createNestApplication();\n      await app.init;\n    });\n\n    afterEach(async () => {\n      await app.close();\n    });\n\n    it('should be define', async () => {\n      expect(app).toBeDefined();\n    });\n  });\n\n  const mockedUseClassOptions: HttpModuleAsyncOptions = {\n    useClass: MockedClass,\n  };\n\n  describe('registerAsync useClass', () => {\n    let app: INestApplication;\n    beforeEach(async () => {\n      const module: TestingModule = await Test.createTestingModule({\n        imports: [\n          ConfigModule.forRoot({\n            isGlobal: true,\n            load: [config],\n          }),\n          HttpClientModule.registerAsync(mockedUseClassOptions),\n        ],\n      }).compile();\n      app = module.createNestApplication();\n      await app.init;\n    });\n\n    afterEach(async () => {\n      await app.close();\n    });\n\n    it('should be define', async () => {\n      expect(app).toBeDefined();\n    });\n  });\n\n  const mockedUseExistingOptions: HttpModuleAsyncOptions = {\n    extraProviders: [MockedClass],\n    useExisting: MockedClass,\n  };\n\n  describe('registerAsync useExisting', () => {\n    let app: INestApplication;\n    beforeEach(async () => {\n      const module: TestingModule = await Test.createTestingModule({\n        imports: [\n          ConfigModule.forRoot({\n            isGlobal: true,\n            load: [config],\n          }),\n          HttpClientModule.registerAsync(mockedUseExistingOptions),\n        ],\n      }).compile();\n      app = module.createNestApplication();\n      await app.init;\n    });\n\n    afterEach(async () => {\n      await app.close();\n    });\n\n    it('should be define', async () => {\n      expect(app).toBeDefined();\n    });\n  });\n\n  describe('register', () => {\n    let app: INestApplication;\n    beforeEach(async () => {\n      const module: TestingModule = await Test.createTestingModule({\n        imports: [\n          ConfigModule.forRoot({\n            isGlobal: true,\n            load: [config],\n          }),\n          HttpClientModule.register({ ...config().httOptions }),\n        ],\n      }).compile();\n      app = module.createNestApplication();\n      await app.init;\n    });\n\n    afterEach(async () => {\n      await app.close();\n    });\n\n    it('should be define', async () => {\n      expect(app).toBeDefined();\n    });\n  });\n});\n",
              "err": {},
              "uuid": "728d15d6-2612-4298-8c7a-e810038741c5",
              "parentUUID": "0e134e12-298b-4d82-abc5-1bab49e364a8",
              "isHook": false,
              "skipped": false
            },
            {
              "fullTitle": "HttpModule > register > should be define",
              "title": "HttpModule > register > should be define",
              "timedOut": false,
              "duration": 5,
              "state": "passed",
              "speed": "fast",
              "pass": true,
              "fail": false,
              "pending": false,
              "context": null,
              "code": "import { Test, TestingModule } from '@nestjs/testing';\nimport { INestApplication } from '@nestjs/common';\nimport { ConfigModule } from '@nestjs/config';\n\nimport { HttpClientModule } from '../http/httpClient.module';\nimport { config } from './utils';\nimport { HttpModuleAsyncOptions } from '../http/interfaces/http-module.interface';\n\nclass MockedClass {\n  createHttpOptions() {\n    return {\n      timeout: 5000,\n      maxRedirects: 5,\n    };\n  }\n}\n\ndescribe('HttpModule', () => {\n  const mockedUseFactory: HttpModuleAsyncOptions = {\n    useFactory: async () => ({\n      timeout: 5000,\n      maxRedirects: 5,\n    }),\n  };\n\n  describe('registerAsync useFactory', () => {\n    let app: INestApplication;\n    beforeEach(async () => {\n      const module: TestingModule = await Test.createTestingModule({\n        imports: [\n          ConfigModule.forRoot({\n            isGlobal: true,\n            load: [config],\n          }),\n          HttpClientModule.registerAsync(mockedUseFactory),\n        ],\n      }).compile();\n      app = module.createNestApplication();\n      await app.init;\n    });\n\n    afterEach(async () => {\n      await app.close();\n    });\n\n    it('should be define', async () => {\n      expect(app).toBeDefined();\n    });\n  });\n\n  const mockedUseClassOptions: HttpModuleAsyncOptions = {\n    useClass: MockedClass,\n  };\n\n  describe('registerAsync useClass', () => {\n    let app: INestApplication;\n    beforeEach(async () => {\n      const module: TestingModule = await Test.createTestingModule({\n        imports: [\n          ConfigModule.forRoot({\n            isGlobal: true,\n            load: [config],\n          }),\n          HttpClientModule.registerAsync(mockedUseClassOptions),\n        ],\n      }).compile();\n      app = module.createNestApplication();\n      await app.init;\n    });\n\n    afterEach(async () => {\n      await app.close();\n    });\n\n    it('should be define', async () => {\n      expect(app).toBeDefined();\n    });\n  });\n\n  const mockedUseExistingOptions: HttpModuleAsyncOptions = {\n    extraProviders: [MockedClass],\n    useExisting: MockedClass,\n  };\n\n  describe('registerAsync useExisting', () => {\n    let app: INestApplication;\n    beforeEach(async () => {\n      const module: TestingModule = await Test.createTestingModule({\n        imports: [\n          ConfigModule.forRoot({\n            isGlobal: true,\n            load: [config],\n          }),\n          HttpClientModule.registerAsync(mockedUseExistingOptions),\n        ],\n      }).compile();\n      app = module.createNestApplication();\n      await app.init;\n    });\n\n    afterEach(async () => {\n      await app.close();\n    });\n\n    it('should be define', async () => {\n      expect(app).toBeDefined();\n    });\n  });\n\n  describe('register', () => {\n    let app: INestApplication;\n    beforeEach(async () => {\n      const module: TestingModule = await Test.createTestingModule({\n        imports: [\n          ConfigModule.forRoot({\n            isGlobal: true,\n            load: [config],\n          }),\n          HttpClientModule.register({ ...config().httOptions }),\n        ],\n      }).compile();\n      app = module.createNestApplication();\n      await app.init;\n    });\n\n    afterEach(async () => {\n      await app.close();\n    });\n\n    it('should be define', async () => {\n      expect(app).toBeDefined();\n    });\n  });\n});\n",
              "err": {},
              "uuid": "db693528-5df7-4b75-aae2-0226b1dd8913",
              "parentUUID": "0e134e12-298b-4d82-abc5-1bab49e364a8",
              "isHook": false,
              "skipped": false
            },
            {
              "fullTitle": "HttpInterceptor > should be defined",
              "title": "HttpInterceptor > should be defined",
              "timedOut": false,
              "duration": 65,
              "state": "passed",
              "speed": "fast",
              "pass": true,
              "fail": false,
              "pending": false,
              "context": null,
              "code": "import { Test, TestingModule } from '@nestjs/testing';\nimport { INestApplication } from '@nestjs/common';\nimport { ConfigModule } from '@nestjs/config';\n\nimport { HttpClientService } from '../http/services/httpClient.service';\nimport { HttpClientInterceptor } from '../http/interceptors/httpClient.interceptor';\nimport { HttpClientModule } from '../http/httpClient.module';\nimport { config } from './utils';\n\nconst executionContext: any = {\n  switchToHttp: jest.fn().mockReturnThis(),\n  getRequest: jest.fn().mockReturnThis(),\n  getResponse: jest.fn().mockReturnThis(),\n};\n\nconst callHandler: any = {\n  handle: jest.fn(),\n};\n\ndescribe('HttpInterceptor', () => {\n  let app: INestApplication;\n  let service: HttpClientService;\n  let interceptor: HttpClientInterceptor<any>;\n\n  beforeEach(async () => {\n    const module: TestingModule = await Test.createTestingModule({\n      imports: [\n        ConfigModule.forRoot({\n          isGlobal: true,\n          load: [config],\n        }),\n        HttpClientModule,\n      ],\n    }).compile();\n    app = module.createNestApplication();\n    await app.init;\n\n    service = module.get<HttpClientService>(HttpClientService);\n    interceptor = new HttpClientInterceptor(service);\n  });\n\n  it('should be defined', () => {\n    expect(interceptor).toBeDefined();\n  });\n\n  it('should be intercept and pass headers', async () => {\n    await interceptor.intercept(executionContext, callHandler);\n    expect(callHandler.handle).toBeCalledTimes(1);\n  });\n});\n",
              "err": {},
              "uuid": "ec765fcd-e7d7-4f30-a93d-96c7713a3be2",
              "parentUUID": "0e134e12-298b-4d82-abc5-1bab49e364a8",
              "isHook": false,
              "skipped": false
            },
            {
              "fullTitle": "HttpInterceptor > should be intercept and pass headers",
              "title": "HttpInterceptor > should be intercept and pass headers",
              "timedOut": false,
              "duration": 5,
              "state": "passed",
              "speed": "fast",
              "pass": true,
              "fail": false,
              "pending": false,
              "context": null,
              "code": "import { Test, TestingModule } from '@nestjs/testing';\nimport { INestApplication } from '@nestjs/common';\nimport { ConfigModule } from '@nestjs/config';\n\nimport { HttpClientService } from '../http/services/httpClient.service';\nimport { HttpClientInterceptor } from '../http/interceptors/httpClient.interceptor';\nimport { HttpClientModule } from '../http/httpClient.module';\nimport { config } from './utils';\n\nconst executionContext: any = {\n  switchToHttp: jest.fn().mockReturnThis(),\n  getRequest: jest.fn().mockReturnThis(),\n  getResponse: jest.fn().mockReturnThis(),\n};\n\nconst callHandler: any = {\n  handle: jest.fn(),\n};\n\ndescribe('HttpInterceptor', () => {\n  let app: INestApplication;\n  let service: HttpClientService;\n  let interceptor: HttpClientInterceptor<any>;\n\n  beforeEach(async () => {\n    const module: TestingModule = await Test.createTestingModule({\n      imports: [\n        ConfigModule.forRoot({\n          isGlobal: true,\n          load: [config],\n        }),\n        HttpClientModule,\n      ],\n    }).compile();\n    app = module.createNestApplication();\n    await app.init;\n\n    service = module.get<HttpClientService>(HttpClientService);\n    interceptor = new HttpClientInterceptor(service);\n  });\n\n  it('should be defined', () => {\n    expect(interceptor).toBeDefined();\n  });\n\n  it('should be intercept and pass headers', async () => {\n    await interceptor.intercept(executionContext, callHandler);\n    expect(callHandler.handle).toBeCalledTimes(1);\n  });\n});\n",
              "err": {},
              "uuid": "963a48d7-c5be-4e81-b494-ca9ffc286e76",
              "parentUUID": "0e134e12-298b-4d82-abc5-1bab49e364a8",
              "isHook": false,
              "skipped": false
            }
          ],
          "suites": [],
          "passes": [
            "d1491594-c984-4bcb-9603-3b09d94780fd",
            "cc8c0ad6-a6cb-4a6a-8748-66566f40c30e",
            "7e13eeeb-b91e-45d7-84dc-9f18241c157b",
            "36e8ce77-43de-4184-b5bf-09a7cc5d79cc",
            "957d058d-3834-483e-999d-5a589386752e",
            "fce3d1b2-18ca-4b46-9a1f-b38e11d4b643",
            "36073485-fa34-4be8-8071-886da9f263e7",
            "6879b050-b12e-4456-acbc-f856f47464ff",
            "5834007b-a36a-4b85-a87a-b17cd1e7d780",
            "aab8a901-3f75-42a6-9866-11abe02f641d",
            "ef1f76aa-70c8-46dd-b357-cd310109afc9",
            "109b6c16-fa76-4c02-a6b8-43d4c4e38267",
            "728d15d6-2612-4298-8c7a-e810038741c5",
            "db693528-5df7-4b75-aae2-0226b1dd8913",
            "ec765fcd-e7d7-4f30-a93d-96c7713a3be2",
            "963a48d7-c5be-4e81-b494-ca9ffc286e76"
          ],
          "failures": [],
          "pending": [],
          "skipped": [],
          "duration": 5163,
          "root": false,
          "rootEmpty": false,
          "_timeout": 5000
        }
      ],
      "passes": [],
      "failures": [],
      "pending": [],
      "skipped": [],
      "duration": 0,
      "root": true,
      "rootEmpty": true,
      "_timeout": 5000
    }
  ]
}
