{
  "stats": {
    "suites": 3,
    "tests": 16,
    "passes": 16,
    "pending": 0,
    "failures": 0,
    "testsRegistered": 16,
    "passPercent": 100,
    "pendingPercent": 0,
    "other": 0,
    "hasOther": false,
    "skipped": 0,
    "hasSkipped": false,
    "start": "2023-05-05T13:15:42.961Z",
    "end": "2023-05-05T13:15:46.294Z",
    "duration": 3333
  },
  "results": [
    {
      "uuid": "10759335-075c-4edf-b9d1-64775e32ed88",
      "title": "@tresdoce-nestjs-toolkit/http-client",
      "fullFile": "",
      "file": "",
      "beforeHooks": [],
      "afterHooks": [],
      "tests": [],
      "suites": [
        {
          "uuid": "e4e47e1f-5a40-4eb8-851c-7904e9c78814",
          "title": "@tresdoce-nestjs-toolkit/http-client",
          "fullFile": "",
          "file": "",
          "beforeHooks": [],
          "afterHooks": [],
          "tests": [
            {
              "fullTitle": "HttpService > should be defined",
              "title": "HttpService > should be defined",
              "timedOut": false,
              "duration": 229,
              "state": "passed",
              "speed": "medium",
              "pass": true,
              "fail": false,
              "pending": false,
              "context": null,
              "code": "import { INestApplication } from '@nestjs/common';\nimport { Test, TestingModule } from '@nestjs/testing';\nimport { ConfigModule, ConfigService } from '@nestjs/config';\n\nimport { HttpClientService } from '../http/services/httpClient.service';\nimport { HttpClientModule } from '../http/httpClient.module';\nimport { config } from './utils';\n\nconst API_NESTJS_STARTER = 'https://jsonplaceholder.typicode.com';\n\nconst mockRequestBody = {\n  userId: 1,\n  id: 1,\n  title: 'sunt aut facere repellat provident occaecati excepturi optio reprehenderit',\n  body: 'quia et suscipit\\nsuscipit recusandae consequuntur expedita et cum\\nreprehenderit molestiae ut ut quas totam\\nnostrum rerum est autem sunt rem eveniet architecto',\n};\n\ndescribe('HttpService', () => {\n  let app: INestApplication;\n  let service: HttpClientService;\n\n  beforeEach(async () => {\n    const module: TestingModule = await Test.createTestingModule({\n      imports: [\n        ConfigModule.forRoot({\n          isGlobal: true,\n          load: [config],\n        }),\n        HttpClientModule.registerAsync({\n          imports: [ConfigModule],\n          useFactory: async (configService: ConfigService) =>\n            configService.get('config.httpOptions'),\n          inject: [ConfigService],\n        }),\n      ],\n    }).compile();\n    app = module.createNestApplication();\n    await app.init;\n    service = module.get<HttpClientService>(HttpClientService);\n  });\n\n  afterEach(async () => {\n    await app.close();\n  });\n\n  it('should be defined', () => {\n    expect(service).toBeDefined();\n    expect(service).toBeInstanceOf(HttpClientService);\n    expect(service.axiosRef).not.toBeNull();\n  });\n\n  it('should be return status 200 - request', async () => {\n    const { status, data } = await service.request({\n      url: `${API_NESTJS_STARTER}/posts`,\n      method: 'GET',\n    });\n    expect(status).toBe(200);\n    expect(data.length).toBeGreaterThan(0);\n  });\n\n  it('should be return status 200 - get', async () => {\n    const { status, data } = await service.get(`${API_NESTJS_STARTER}/posts`);\n    expect(status).toBe(200);\n    expect(data.length).toBeGreaterThan(0);\n  });\n\n  it('should be return status 201 - post', async () => {\n    const { status, data } = await service.post(`${API_NESTJS_STARTER}/posts`, {\n      data: mockRequestBody,\n    });\n    expect(status).toBe(201);\n    expect(data).toEqual({\n      ...mockRequestBody,\n      id: 101,\n    });\n  });\n\n  it('should be return status 200 - get by id', async () => {\n    const { status, data } = await service.get(`${API_NESTJS_STARTER}/posts/1`);\n    expect(status).toBe(200);\n    expect(data).toEqual(mockRequestBody);\n  });\n\n  it('should be return status 200 - put', async () => {\n    const { status, data } = await service.put(`${API_NESTJS_STARTER}/posts/1`, {\n      data: {\n        ...mockRequestBody,\n        title: 'mockito',\n      },\n    });\n    expect(status).toBe(200);\n    expect(data).toEqual({ ...mockRequestBody, id: 1, title: 'mockito' });\n  });\n\n  it('should be return status 200 - delete', async () => {\n    const { status, data } = await service.delete(`${API_NESTJS_STARTER}/posts/2`);\n    expect(status).toBe(200);\n    expect(data).toEqual({});\n  });\n\n  it('should be return status 200 - patch', async () => {\n    const { status, data } = await service.patch(`${API_NESTJS_STARTER}/posts/1`, {\n      data: {\n        ...mockRequestBody,\n        title: 'mockito',\n      },\n    });\n    expect(status).toBe(200);\n    expect(data).toEqual({ ...mockRequestBody, id: 1, title: 'mockito' });\n  });\n\n  it('should be return status 200 - head', async () => {\n    const { status, headers } = await service.head(`${API_NESTJS_STARTER}/posts`);\n    expect(status).toBe(200);\n    expect(headers).toHaveProperty('etag');\n  });\n\n  it('should be return error', async () => {\n    try {\n      const { data } = await service.get(`${API_NESTJS_STARTER}/postss`);\n      expect(data).toBe(200);\n    } catch (error) {\n      expect(error.response.status).toBe(404);\n      expect(error.message).toBe('Request failed with status code 404');\n    }\n  });\n});\n",
              "err": {},
              "uuid": "01392ef8-c46d-416e-8b14-8b488a37891b",
              "parentUUID": "e4e47e1f-5a40-4eb8-851c-7904e9c78814",
              "isHook": false,
              "skipped": false
            },
            {
              "fullTitle": "HttpService > should be return status 200 - request",
              "title": "HttpService > should be return status 200 - request",
              "timedOut": false,
              "duration": 328,
              "state": "passed",
              "speed": "medium",
              "pass": true,
              "fail": false,
              "pending": false,
              "context": null,
              "code": "import { INestApplication } from '@nestjs/common';\nimport { Test, TestingModule } from '@nestjs/testing';\nimport { ConfigModule, ConfigService } from '@nestjs/config';\n\nimport { HttpClientService } from '../http/services/httpClient.service';\nimport { HttpClientModule } from '../http/httpClient.module';\nimport { config } from './utils';\n\nconst API_NESTJS_STARTER = 'https://jsonplaceholder.typicode.com';\n\nconst mockRequestBody = {\n  userId: 1,\n  id: 1,\n  title: 'sunt aut facere repellat provident occaecati excepturi optio reprehenderit',\n  body: 'quia et suscipit\\nsuscipit recusandae consequuntur expedita et cum\\nreprehenderit molestiae ut ut quas totam\\nnostrum rerum est autem sunt rem eveniet architecto',\n};\n\ndescribe('HttpService', () => {\n  let app: INestApplication;\n  let service: HttpClientService;\n\n  beforeEach(async () => {\n    const module: TestingModule = await Test.createTestingModule({\n      imports: [\n        ConfigModule.forRoot({\n          isGlobal: true,\n          load: [config],\n        }),\n        HttpClientModule.registerAsync({\n          imports: [ConfigModule],\n          useFactory: async (configService: ConfigService) =>\n            configService.get('config.httpOptions'),\n          inject: [ConfigService],\n        }),\n      ],\n    }).compile();\n    app = module.createNestApplication();\n    await app.init;\n    service = module.get<HttpClientService>(HttpClientService);\n  });\n\n  afterEach(async () => {\n    await app.close();\n  });\n\n  it('should be defined', () => {\n    expect(service).toBeDefined();\n    expect(service).toBeInstanceOf(HttpClientService);\n    expect(service.axiosRef).not.toBeNull();\n  });\n\n  it('should be return status 200 - request', async () => {\n    const { status, data } = await service.request({\n      url: `${API_NESTJS_STARTER}/posts`,\n      method: 'GET',\n    });\n    expect(status).toBe(200);\n    expect(data.length).toBeGreaterThan(0);\n  });\n\n  it('should be return status 200 - get', async () => {\n    const { status, data } = await service.get(`${API_NESTJS_STARTER}/posts`);\n    expect(status).toBe(200);\n    expect(data.length).toBeGreaterThan(0);\n  });\n\n  it('should be return status 201 - post', async () => {\n    const { status, data } = await service.post(`${API_NESTJS_STARTER}/posts`, {\n      data: mockRequestBody,\n    });\n    expect(status).toBe(201);\n    expect(data).toEqual({\n      ...mockRequestBody,\n      id: 101,\n    });\n  });\n\n  it('should be return status 200 - get by id', async () => {\n    const { status, data } = await service.get(`${API_NESTJS_STARTER}/posts/1`);\n    expect(status).toBe(200);\n    expect(data).toEqual(mockRequestBody);\n  });\n\n  it('should be return status 200 - put', async () => {\n    const { status, data } = await service.put(`${API_NESTJS_STARTER}/posts/1`, {\n      data: {\n        ...mockRequestBody,\n        title: 'mockito',\n      },\n    });\n    expect(status).toBe(200);\n    expect(data).toEqual({ ...mockRequestBody, id: 1, title: 'mockito' });\n  });\n\n  it('should be return status 200 - delete', async () => {\n    const { status, data } = await service.delete(`${API_NESTJS_STARTER}/posts/2`);\n    expect(status).toBe(200);\n    expect(data).toEqual({});\n  });\n\n  it('should be return status 200 - patch', async () => {\n    const { status, data } = await service.patch(`${API_NESTJS_STARTER}/posts/1`, {\n      data: {\n        ...mockRequestBody,\n        title: 'mockito',\n      },\n    });\n    expect(status).toBe(200);\n    expect(data).toEqual({ ...mockRequestBody, id: 1, title: 'mockito' });\n  });\n\n  it('should be return status 200 - head', async () => {\n    const { status, headers } = await service.head(`${API_NESTJS_STARTER}/posts`);\n    expect(status).toBe(200);\n    expect(headers).toHaveProperty('etag');\n  });\n\n  it('should be return error', async () => {\n    try {\n      const { data } = await service.get(`${API_NESTJS_STARTER}/postss`);\n      expect(data).toBe(200);\n    } catch (error) {\n      expect(error.response.status).toBe(404);\n      expect(error.message).toBe('Request failed with status code 404');\n    }\n  });\n});\n",
              "err": {},
              "uuid": "e15cdea4-97a4-4baf-9b9b-cf0cd24b13df",
              "parentUUID": "e4e47e1f-5a40-4eb8-851c-7904e9c78814",
              "isHook": false,
              "skipped": false
            },
            {
              "fullTitle": "HttpService > should be return status 200 - get",
              "title": "HttpService > should be return status 200 - get",
              "timedOut": false,
              "duration": 94,
              "state": "passed",
              "speed": "fast",
              "pass": true,
              "fail": false,
              "pending": false,
              "context": null,
              "code": "import { INestApplication } from '@nestjs/common';\nimport { Test, TestingModule } from '@nestjs/testing';\nimport { ConfigModule, ConfigService } from '@nestjs/config';\n\nimport { HttpClientService } from '../http/services/httpClient.service';\nimport { HttpClientModule } from '../http/httpClient.module';\nimport { config } from './utils';\n\nconst API_NESTJS_STARTER = 'https://jsonplaceholder.typicode.com';\n\nconst mockRequestBody = {\n  userId: 1,\n  id: 1,\n  title: 'sunt aut facere repellat provident occaecati excepturi optio reprehenderit',\n  body: 'quia et suscipit\\nsuscipit recusandae consequuntur expedita et cum\\nreprehenderit molestiae ut ut quas totam\\nnostrum rerum est autem sunt rem eveniet architecto',\n};\n\ndescribe('HttpService', () => {\n  let app: INestApplication;\n  let service: HttpClientService;\n\n  beforeEach(async () => {\n    const module: TestingModule = await Test.createTestingModule({\n      imports: [\n        ConfigModule.forRoot({\n          isGlobal: true,\n          load: [config],\n        }),\n        HttpClientModule.registerAsync({\n          imports: [ConfigModule],\n          useFactory: async (configService: ConfigService) =>\n            configService.get('config.httpOptions'),\n          inject: [ConfigService],\n        }),\n      ],\n    }).compile();\n    app = module.createNestApplication();\n    await app.init;\n    service = module.get<HttpClientService>(HttpClientService);\n  });\n\n  afterEach(async () => {\n    await app.close();\n  });\n\n  it('should be defined', () => {\n    expect(service).toBeDefined();\n    expect(service).toBeInstanceOf(HttpClientService);\n    expect(service.axiosRef).not.toBeNull();\n  });\n\n  it('should be return status 200 - request', async () => {\n    const { status, data } = await service.request({\n      url: `${API_NESTJS_STARTER}/posts`,\n      method: 'GET',\n    });\n    expect(status).toBe(200);\n    expect(data.length).toBeGreaterThan(0);\n  });\n\n  it('should be return status 200 - get', async () => {\n    const { status, data } = await service.get(`${API_NESTJS_STARTER}/posts`);\n    expect(status).toBe(200);\n    expect(data.length).toBeGreaterThan(0);\n  });\n\n  it('should be return status 201 - post', async () => {\n    const { status, data } = await service.post(`${API_NESTJS_STARTER}/posts`, {\n      data: mockRequestBody,\n    });\n    expect(status).toBe(201);\n    expect(data).toEqual({\n      ...mockRequestBody,\n      id: 101,\n    });\n  });\n\n  it('should be return status 200 - get by id', async () => {\n    const { status, data } = await service.get(`${API_NESTJS_STARTER}/posts/1`);\n    expect(status).toBe(200);\n    expect(data).toEqual(mockRequestBody);\n  });\n\n  it('should be return status 200 - put', async () => {\n    const { status, data } = await service.put(`${API_NESTJS_STARTER}/posts/1`, {\n      data: {\n        ...mockRequestBody,\n        title: 'mockito',\n      },\n    });\n    expect(status).toBe(200);\n    expect(data).toEqual({ ...mockRequestBody, id: 1, title: 'mockito' });\n  });\n\n  it('should be return status 200 - delete', async () => {\n    const { status, data } = await service.delete(`${API_NESTJS_STARTER}/posts/2`);\n    expect(status).toBe(200);\n    expect(data).toEqual({});\n  });\n\n  it('should be return status 200 - patch', async () => {\n    const { status, data } = await service.patch(`${API_NESTJS_STARTER}/posts/1`, {\n      data: {\n        ...mockRequestBody,\n        title: 'mockito',\n      },\n    });\n    expect(status).toBe(200);\n    expect(data).toEqual({ ...mockRequestBody, id: 1, title: 'mockito' });\n  });\n\n  it('should be return status 200 - head', async () => {\n    const { status, headers } = await service.head(`${API_NESTJS_STARTER}/posts`);\n    expect(status).toBe(200);\n    expect(headers).toHaveProperty('etag');\n  });\n\n  it('should be return error', async () => {\n    try {\n      const { data } = await service.get(`${API_NESTJS_STARTER}/postss`);\n      expect(data).toBe(200);\n    } catch (error) {\n      expect(error.response.status).toBe(404);\n      expect(error.message).toBe('Request failed with status code 404');\n    }\n  });\n});\n",
              "err": {},
              "uuid": "c4d6a6c7-e872-4647-b4f1-90aacb1421fd",
              "parentUUID": "e4e47e1f-5a40-4eb8-851c-7904e9c78814",
              "isHook": false,
              "skipped": false
            },
            {
              "fullTitle": "HttpService > should be return status 201 - post",
              "title": "HttpService > should be return status 201 - post",
              "timedOut": false,
              "duration": 420,
              "state": "passed",
              "speed": "medium",
              "pass": true,
              "fail": false,
              "pending": false,
              "context": null,
              "code": "import { INestApplication } from '@nestjs/common';\nimport { Test, TestingModule } from '@nestjs/testing';\nimport { ConfigModule, ConfigService } from '@nestjs/config';\n\nimport { HttpClientService } from '../http/services/httpClient.service';\nimport { HttpClientModule } from '../http/httpClient.module';\nimport { config } from './utils';\n\nconst API_NESTJS_STARTER = 'https://jsonplaceholder.typicode.com';\n\nconst mockRequestBody = {\n  userId: 1,\n  id: 1,\n  title: 'sunt aut facere repellat provident occaecati excepturi optio reprehenderit',\n  body: 'quia et suscipit\\nsuscipit recusandae consequuntur expedita et cum\\nreprehenderit molestiae ut ut quas totam\\nnostrum rerum est autem sunt rem eveniet architecto',\n};\n\ndescribe('HttpService', () => {\n  let app: INestApplication;\n  let service: HttpClientService;\n\n  beforeEach(async () => {\n    const module: TestingModule = await Test.createTestingModule({\n      imports: [\n        ConfigModule.forRoot({\n          isGlobal: true,\n          load: [config],\n        }),\n        HttpClientModule.registerAsync({\n          imports: [ConfigModule],\n          useFactory: async (configService: ConfigService) =>\n            configService.get('config.httpOptions'),\n          inject: [ConfigService],\n        }),\n      ],\n    }).compile();\n    app = module.createNestApplication();\n    await app.init;\n    service = module.get<HttpClientService>(HttpClientService);\n  });\n\n  afterEach(async () => {\n    await app.close();\n  });\n\n  it('should be defined', () => {\n    expect(service).toBeDefined();\n    expect(service).toBeInstanceOf(HttpClientService);\n    expect(service.axiosRef).not.toBeNull();\n  });\n\n  it('should be return status 200 - request', async () => {\n    const { status, data } = await service.request({\n      url: `${API_NESTJS_STARTER}/posts`,\n      method: 'GET',\n    });\n    expect(status).toBe(200);\n    expect(data.length).toBeGreaterThan(0);\n  });\n\n  it('should be return status 200 - get', async () => {\n    const { status, data } = await service.get(`${API_NESTJS_STARTER}/posts`);\n    expect(status).toBe(200);\n    expect(data.length).toBeGreaterThan(0);\n  });\n\n  it('should be return status 201 - post', async () => {\n    const { status, data } = await service.post(`${API_NESTJS_STARTER}/posts`, {\n      data: mockRequestBody,\n    });\n    expect(status).toBe(201);\n    expect(data).toEqual({\n      ...mockRequestBody,\n      id: 101,\n    });\n  });\n\n  it('should be return status 200 - get by id', async () => {\n    const { status, data } = await service.get(`${API_NESTJS_STARTER}/posts/1`);\n    expect(status).toBe(200);\n    expect(data).toEqual(mockRequestBody);\n  });\n\n  it('should be return status 200 - put', async () => {\n    const { status, data } = await service.put(`${API_NESTJS_STARTER}/posts/1`, {\n      data: {\n        ...mockRequestBody,\n        title: 'mockito',\n      },\n    });\n    expect(status).toBe(200);\n    expect(data).toEqual({ ...mockRequestBody, id: 1, title: 'mockito' });\n  });\n\n  it('should be return status 200 - delete', async () => {\n    const { status, data } = await service.delete(`${API_NESTJS_STARTER}/posts/2`);\n    expect(status).toBe(200);\n    expect(data).toEqual({});\n  });\n\n  it('should be return status 200 - patch', async () => {\n    const { status, data } = await service.patch(`${API_NESTJS_STARTER}/posts/1`, {\n      data: {\n        ...mockRequestBody,\n        title: 'mockito',\n      },\n    });\n    expect(status).toBe(200);\n    expect(data).toEqual({ ...mockRequestBody, id: 1, title: 'mockito' });\n  });\n\n  it('should be return status 200 - head', async () => {\n    const { status, headers } = await service.head(`${API_NESTJS_STARTER}/posts`);\n    expect(status).toBe(200);\n    expect(headers).toHaveProperty('etag');\n  });\n\n  it('should be return error', async () => {\n    try {\n      const { data } = await service.get(`${API_NESTJS_STARTER}/postss`);\n      expect(data).toBe(200);\n    } catch (error) {\n      expect(error.response.status).toBe(404);\n      expect(error.message).toBe('Request failed with status code 404');\n    }\n  });\n});\n",
              "err": {},
              "uuid": "a85e5925-a1d7-4537-9f67-78b1b6f4a9cf",
              "parentUUID": "e4e47e1f-5a40-4eb8-851c-7904e9c78814",
              "isHook": false,
              "skipped": false
            },
            {
              "fullTitle": "HttpService > should be return status 200 - get by id",
              "title": "HttpService > should be return status 200 - get by id",
              "timedOut": false,
              "duration": 75,
              "state": "passed",
              "speed": "fast",
              "pass": true,
              "fail": false,
              "pending": false,
              "context": null,
              "code": "import { INestApplication } from '@nestjs/common';\nimport { Test, TestingModule } from '@nestjs/testing';\nimport { ConfigModule, ConfigService } from '@nestjs/config';\n\nimport { HttpClientService } from '../http/services/httpClient.service';\nimport { HttpClientModule } from '../http/httpClient.module';\nimport { config } from './utils';\n\nconst API_NESTJS_STARTER = 'https://jsonplaceholder.typicode.com';\n\nconst mockRequestBody = {\n  userId: 1,\n  id: 1,\n  title: 'sunt aut facere repellat provident occaecati excepturi optio reprehenderit',\n  body: 'quia et suscipit\\nsuscipit recusandae consequuntur expedita et cum\\nreprehenderit molestiae ut ut quas totam\\nnostrum rerum est autem sunt rem eveniet architecto',\n};\n\ndescribe('HttpService', () => {\n  let app: INestApplication;\n  let service: HttpClientService;\n\n  beforeEach(async () => {\n    const module: TestingModule = await Test.createTestingModule({\n      imports: [\n        ConfigModule.forRoot({\n          isGlobal: true,\n          load: [config],\n        }),\n        HttpClientModule.registerAsync({\n          imports: [ConfigModule],\n          useFactory: async (configService: ConfigService) =>\n            configService.get('config.httpOptions'),\n          inject: [ConfigService],\n        }),\n      ],\n    }).compile();\n    app = module.createNestApplication();\n    await app.init;\n    service = module.get<HttpClientService>(HttpClientService);\n  });\n\n  afterEach(async () => {\n    await app.close();\n  });\n\n  it('should be defined', () => {\n    expect(service).toBeDefined();\n    expect(service).toBeInstanceOf(HttpClientService);\n    expect(service.axiosRef).not.toBeNull();\n  });\n\n  it('should be return status 200 - request', async () => {\n    const { status, data } = await service.request({\n      url: `${API_NESTJS_STARTER}/posts`,\n      method: 'GET',\n    });\n    expect(status).toBe(200);\n    expect(data.length).toBeGreaterThan(0);\n  });\n\n  it('should be return status 200 - get', async () => {\n    const { status, data } = await service.get(`${API_NESTJS_STARTER}/posts`);\n    expect(status).toBe(200);\n    expect(data.length).toBeGreaterThan(0);\n  });\n\n  it('should be return status 201 - post', async () => {\n    const { status, data } = await service.post(`${API_NESTJS_STARTER}/posts`, {\n      data: mockRequestBody,\n    });\n    expect(status).toBe(201);\n    expect(data).toEqual({\n      ...mockRequestBody,\n      id: 101,\n    });\n  });\n\n  it('should be return status 200 - get by id', async () => {\n    const { status, data } = await service.get(`${API_NESTJS_STARTER}/posts/1`);\n    expect(status).toBe(200);\n    expect(data).toEqual(mockRequestBody);\n  });\n\n  it('should be return status 200 - put', async () => {\n    const { status, data } = await service.put(`${API_NESTJS_STARTER}/posts/1`, {\n      data: {\n        ...mockRequestBody,\n        title: 'mockito',\n      },\n    });\n    expect(status).toBe(200);\n    expect(data).toEqual({ ...mockRequestBody, id: 1, title: 'mockito' });\n  });\n\n  it('should be return status 200 - delete', async () => {\n    const { status, data } = await service.delete(`${API_NESTJS_STARTER}/posts/2`);\n    expect(status).toBe(200);\n    expect(data).toEqual({});\n  });\n\n  it('should be return status 200 - patch', async () => {\n    const { status, data } = await service.patch(`${API_NESTJS_STARTER}/posts/1`, {\n      data: {\n        ...mockRequestBody,\n        title: 'mockito',\n      },\n    });\n    expect(status).toBe(200);\n    expect(data).toEqual({ ...mockRequestBody, id: 1, title: 'mockito' });\n  });\n\n  it('should be return status 200 - head', async () => {\n    const { status, headers } = await service.head(`${API_NESTJS_STARTER}/posts`);\n    expect(status).toBe(200);\n    expect(headers).toHaveProperty('etag');\n  });\n\n  it('should be return error', async () => {\n    try {\n      const { data } = await service.get(`${API_NESTJS_STARTER}/postss`);\n      expect(data).toBe(200);\n    } catch (error) {\n      expect(error.response.status).toBe(404);\n      expect(error.message).toBe('Request failed with status code 404');\n    }\n  });\n});\n",
              "err": {},
              "uuid": "cda2ffb3-7d7a-4bba-935a-aebf0151fac8",
              "parentUUID": "e4e47e1f-5a40-4eb8-851c-7904e9c78814",
              "isHook": false,
              "skipped": false
            },
            {
              "fullTitle": "HttpService > should be return status 200 - put",
              "title": "HttpService > should be return status 200 - put",
              "timedOut": false,
              "duration": 426,
              "state": "passed",
              "speed": "medium",
              "pass": true,
              "fail": false,
              "pending": false,
              "context": null,
              "code": "import { INestApplication } from '@nestjs/common';\nimport { Test, TestingModule } from '@nestjs/testing';\nimport { ConfigModule, ConfigService } from '@nestjs/config';\n\nimport { HttpClientService } from '../http/services/httpClient.service';\nimport { HttpClientModule } from '../http/httpClient.module';\nimport { config } from './utils';\n\nconst API_NESTJS_STARTER = 'https://jsonplaceholder.typicode.com';\n\nconst mockRequestBody = {\n  userId: 1,\n  id: 1,\n  title: 'sunt aut facere repellat provident occaecati excepturi optio reprehenderit',\n  body: 'quia et suscipit\\nsuscipit recusandae consequuntur expedita et cum\\nreprehenderit molestiae ut ut quas totam\\nnostrum rerum est autem sunt rem eveniet architecto',\n};\n\ndescribe('HttpService', () => {\n  let app: INestApplication;\n  let service: HttpClientService;\n\n  beforeEach(async () => {\n    const module: TestingModule = await Test.createTestingModule({\n      imports: [\n        ConfigModule.forRoot({\n          isGlobal: true,\n          load: [config],\n        }),\n        HttpClientModule.registerAsync({\n          imports: [ConfigModule],\n          useFactory: async (configService: ConfigService) =>\n            configService.get('config.httpOptions'),\n          inject: [ConfigService],\n        }),\n      ],\n    }).compile();\n    app = module.createNestApplication();\n    await app.init;\n    service = module.get<HttpClientService>(HttpClientService);\n  });\n\n  afterEach(async () => {\n    await app.close();\n  });\n\n  it('should be defined', () => {\n    expect(service).toBeDefined();\n    expect(service).toBeInstanceOf(HttpClientService);\n    expect(service.axiosRef).not.toBeNull();\n  });\n\n  it('should be return status 200 - request', async () => {\n    const { status, data } = await service.request({\n      url: `${API_NESTJS_STARTER}/posts`,\n      method: 'GET',\n    });\n    expect(status).toBe(200);\n    expect(data.length).toBeGreaterThan(0);\n  });\n\n  it('should be return status 200 - get', async () => {\n    const { status, data } = await service.get(`${API_NESTJS_STARTER}/posts`);\n    expect(status).toBe(200);\n    expect(data.length).toBeGreaterThan(0);\n  });\n\n  it('should be return status 201 - post', async () => {\n    const { status, data } = await service.post(`${API_NESTJS_STARTER}/posts`, {\n      data: mockRequestBody,\n    });\n    expect(status).toBe(201);\n    expect(data).toEqual({\n      ...mockRequestBody,\n      id: 101,\n    });\n  });\n\n  it('should be return status 200 - get by id', async () => {\n    const { status, data } = await service.get(`${API_NESTJS_STARTER}/posts/1`);\n    expect(status).toBe(200);\n    expect(data).toEqual(mockRequestBody);\n  });\n\n  it('should be return status 200 - put', async () => {\n    const { status, data } = await service.put(`${API_NESTJS_STARTER}/posts/1`, {\n      data: {\n        ...mockRequestBody,\n        title: 'mockito',\n      },\n    });\n    expect(status).toBe(200);\n    expect(data).toEqual({ ...mockRequestBody, id: 1, title: 'mockito' });\n  });\n\n  it('should be return status 200 - delete', async () => {\n    const { status, data } = await service.delete(`${API_NESTJS_STARTER}/posts/2`);\n    expect(status).toBe(200);\n    expect(data).toEqual({});\n  });\n\n  it('should be return status 200 - patch', async () => {\n    const { status, data } = await service.patch(`${API_NESTJS_STARTER}/posts/1`, {\n      data: {\n        ...mockRequestBody,\n        title: 'mockito',\n      },\n    });\n    expect(status).toBe(200);\n    expect(data).toEqual({ ...mockRequestBody, id: 1, title: 'mockito' });\n  });\n\n  it('should be return status 200 - head', async () => {\n    const { status, headers } = await service.head(`${API_NESTJS_STARTER}/posts`);\n    expect(status).toBe(200);\n    expect(headers).toHaveProperty('etag');\n  });\n\n  it('should be return error', async () => {\n    try {\n      const { data } = await service.get(`${API_NESTJS_STARTER}/postss`);\n      expect(data).toBe(200);\n    } catch (error) {\n      expect(error.response.status).toBe(404);\n      expect(error.message).toBe('Request failed with status code 404');\n    }\n  });\n});\n",
              "err": {},
              "uuid": "a988cb86-970c-49e0-b911-1b5f569dc634",
              "parentUUID": "e4e47e1f-5a40-4eb8-851c-7904e9c78814",
              "isHook": false,
              "skipped": false
            },
            {
              "fullTitle": "HttpService > should be return status 200 - delete",
              "title": "HttpService > should be return status 200 - delete",
              "timedOut": false,
              "duration": 424,
              "state": "passed",
              "speed": "medium",
              "pass": true,
              "fail": false,
              "pending": false,
              "context": null,
              "code": "import { INestApplication } from '@nestjs/common';\nimport { Test, TestingModule } from '@nestjs/testing';\nimport { ConfigModule, ConfigService } from '@nestjs/config';\n\nimport { HttpClientService } from '../http/services/httpClient.service';\nimport { HttpClientModule } from '../http/httpClient.module';\nimport { config } from './utils';\n\nconst API_NESTJS_STARTER = 'https://jsonplaceholder.typicode.com';\n\nconst mockRequestBody = {\n  userId: 1,\n  id: 1,\n  title: 'sunt aut facere repellat provident occaecati excepturi optio reprehenderit',\n  body: 'quia et suscipit\\nsuscipit recusandae consequuntur expedita et cum\\nreprehenderit molestiae ut ut quas totam\\nnostrum rerum est autem sunt rem eveniet architecto',\n};\n\ndescribe('HttpService', () => {\n  let app: INestApplication;\n  let service: HttpClientService;\n\n  beforeEach(async () => {\n    const module: TestingModule = await Test.createTestingModule({\n      imports: [\n        ConfigModule.forRoot({\n          isGlobal: true,\n          load: [config],\n        }),\n        HttpClientModule.registerAsync({\n          imports: [ConfigModule],\n          useFactory: async (configService: ConfigService) =>\n            configService.get('config.httpOptions'),\n          inject: [ConfigService],\n        }),\n      ],\n    }).compile();\n    app = module.createNestApplication();\n    await app.init;\n    service = module.get<HttpClientService>(HttpClientService);\n  });\n\n  afterEach(async () => {\n    await app.close();\n  });\n\n  it('should be defined', () => {\n    expect(service).toBeDefined();\n    expect(service).toBeInstanceOf(HttpClientService);\n    expect(service.axiosRef).not.toBeNull();\n  });\n\n  it('should be return status 200 - request', async () => {\n    const { status, data } = await service.request({\n      url: `${API_NESTJS_STARTER}/posts`,\n      method: 'GET',\n    });\n    expect(status).toBe(200);\n    expect(data.length).toBeGreaterThan(0);\n  });\n\n  it('should be return status 200 - get', async () => {\n    const { status, data } = await service.get(`${API_NESTJS_STARTER}/posts`);\n    expect(status).toBe(200);\n    expect(data.length).toBeGreaterThan(0);\n  });\n\n  it('should be return status 201 - post', async () => {\n    const { status, data } = await service.post(`${API_NESTJS_STARTER}/posts`, {\n      data: mockRequestBody,\n    });\n    expect(status).toBe(201);\n    expect(data).toEqual({\n      ...mockRequestBody,\n      id: 101,\n    });\n  });\n\n  it('should be return status 200 - get by id', async () => {\n    const { status, data } = await service.get(`${API_NESTJS_STARTER}/posts/1`);\n    expect(status).toBe(200);\n    expect(data).toEqual(mockRequestBody);\n  });\n\n  it('should be return status 200 - put', async () => {\n    const { status, data } = await service.put(`${API_NESTJS_STARTER}/posts/1`, {\n      data: {\n        ...mockRequestBody,\n        title: 'mockito',\n      },\n    });\n    expect(status).toBe(200);\n    expect(data).toEqual({ ...mockRequestBody, id: 1, title: 'mockito' });\n  });\n\n  it('should be return status 200 - delete', async () => {\n    const { status, data } = await service.delete(`${API_NESTJS_STARTER}/posts/2`);\n    expect(status).toBe(200);\n    expect(data).toEqual({});\n  });\n\n  it('should be return status 200 - patch', async () => {\n    const { status, data } = await service.patch(`${API_NESTJS_STARTER}/posts/1`, {\n      data: {\n        ...mockRequestBody,\n        title: 'mockito',\n      },\n    });\n    expect(status).toBe(200);\n    expect(data).toEqual({ ...mockRequestBody, id: 1, title: 'mockito' });\n  });\n\n  it('should be return status 200 - head', async () => {\n    const { status, headers } = await service.head(`${API_NESTJS_STARTER}/posts`);\n    expect(status).toBe(200);\n    expect(headers).toHaveProperty('etag');\n  });\n\n  it('should be return error', async () => {\n    try {\n      const { data } = await service.get(`${API_NESTJS_STARTER}/postss`);\n      expect(data).toBe(200);\n    } catch (error) {\n      expect(error.response.status).toBe(404);\n      expect(error.message).toBe('Request failed with status code 404');\n    }\n  });\n});\n",
              "err": {},
              "uuid": "8a13c851-7d44-4d50-bd09-f3f5093a8063",
              "parentUUID": "e4e47e1f-5a40-4eb8-851c-7904e9c78814",
              "isHook": false,
              "skipped": false
            },
            {
              "fullTitle": "HttpService > should be return status 200 - patch",
              "title": "HttpService > should be return status 200 - patch",
              "timedOut": false,
              "duration": 644,
              "state": "passed",
              "speed": "medium",
              "pass": true,
              "fail": false,
              "pending": false,
              "context": null,
              "code": "import { INestApplication } from '@nestjs/common';\nimport { Test, TestingModule } from '@nestjs/testing';\nimport { ConfigModule, ConfigService } from '@nestjs/config';\n\nimport { HttpClientService } from '../http/services/httpClient.service';\nimport { HttpClientModule } from '../http/httpClient.module';\nimport { config } from './utils';\n\nconst API_NESTJS_STARTER = 'https://jsonplaceholder.typicode.com';\n\nconst mockRequestBody = {\n  userId: 1,\n  id: 1,\n  title: 'sunt aut facere repellat provident occaecati excepturi optio reprehenderit',\n  body: 'quia et suscipit\\nsuscipit recusandae consequuntur expedita et cum\\nreprehenderit molestiae ut ut quas totam\\nnostrum rerum est autem sunt rem eveniet architecto',\n};\n\ndescribe('HttpService', () => {\n  let app: INestApplication;\n  let service: HttpClientService;\n\n  beforeEach(async () => {\n    const module: TestingModule = await Test.createTestingModule({\n      imports: [\n        ConfigModule.forRoot({\n          isGlobal: true,\n          load: [config],\n        }),\n        HttpClientModule.registerAsync({\n          imports: [ConfigModule],\n          useFactory: async (configService: ConfigService) =>\n            configService.get('config.httpOptions'),\n          inject: [ConfigService],\n        }),\n      ],\n    }).compile();\n    app = module.createNestApplication();\n    await app.init;\n    service = module.get<HttpClientService>(HttpClientService);\n  });\n\n  afterEach(async () => {\n    await app.close();\n  });\n\n  it('should be defined', () => {\n    expect(service).toBeDefined();\n    expect(service).toBeInstanceOf(HttpClientService);\n    expect(service.axiosRef).not.toBeNull();\n  });\n\n  it('should be return status 200 - request', async () => {\n    const { status, data } = await service.request({\n      url: `${API_NESTJS_STARTER}/posts`,\n      method: 'GET',\n    });\n    expect(status).toBe(200);\n    expect(data.length).toBeGreaterThan(0);\n  });\n\n  it('should be return status 200 - get', async () => {\n    const { status, data } = await service.get(`${API_NESTJS_STARTER}/posts`);\n    expect(status).toBe(200);\n    expect(data.length).toBeGreaterThan(0);\n  });\n\n  it('should be return status 201 - post', async () => {\n    const { status, data } = await service.post(`${API_NESTJS_STARTER}/posts`, {\n      data: mockRequestBody,\n    });\n    expect(status).toBe(201);\n    expect(data).toEqual({\n      ...mockRequestBody,\n      id: 101,\n    });\n  });\n\n  it('should be return status 200 - get by id', async () => {\n    const { status, data } = await service.get(`${API_NESTJS_STARTER}/posts/1`);\n    expect(status).toBe(200);\n    expect(data).toEqual(mockRequestBody);\n  });\n\n  it('should be return status 200 - put', async () => {\n    const { status, data } = await service.put(`${API_NESTJS_STARTER}/posts/1`, {\n      data: {\n        ...mockRequestBody,\n        title: 'mockito',\n      },\n    });\n    expect(status).toBe(200);\n    expect(data).toEqual({ ...mockRequestBody, id: 1, title: 'mockito' });\n  });\n\n  it('should be return status 200 - delete', async () => {\n    const { status, data } = await service.delete(`${API_NESTJS_STARTER}/posts/2`);\n    expect(status).toBe(200);\n    expect(data).toEqual({});\n  });\n\n  it('should be return status 200 - patch', async () => {\n    const { status, data } = await service.patch(`${API_NESTJS_STARTER}/posts/1`, {\n      data: {\n        ...mockRequestBody,\n        title: 'mockito',\n      },\n    });\n    expect(status).toBe(200);\n    expect(data).toEqual({ ...mockRequestBody, id: 1, title: 'mockito' });\n  });\n\n  it('should be return status 200 - head', async () => {\n    const { status, headers } = await service.head(`${API_NESTJS_STARTER}/posts`);\n    expect(status).toBe(200);\n    expect(headers).toHaveProperty('etag');\n  });\n\n  it('should be return error', async () => {\n    try {\n      const { data } = await service.get(`${API_NESTJS_STARTER}/postss`);\n      expect(data).toBe(200);\n    } catch (error) {\n      expect(error.response.status).toBe(404);\n      expect(error.message).toBe('Request failed with status code 404');\n    }\n  });\n});\n",
              "err": {},
              "uuid": "9aeecf01-166e-42b6-8087-dffad821d978",
              "parentUUID": "e4e47e1f-5a40-4eb8-851c-7904e9c78814",
              "isHook": false,
              "skipped": false
            },
            {
              "fullTitle": "HttpService > should be return status 200 - head",
              "title": "HttpService > should be return status 200 - head",
              "timedOut": false,
              "duration": 81,
              "state": "passed",
              "speed": "fast",
              "pass": true,
              "fail": false,
              "pending": false,
              "context": null,
              "code": "import { INestApplication } from '@nestjs/common';\nimport { Test, TestingModule } from '@nestjs/testing';\nimport { ConfigModule, ConfigService } from '@nestjs/config';\n\nimport { HttpClientService } from '../http/services/httpClient.service';\nimport { HttpClientModule } from '../http/httpClient.module';\nimport { config } from './utils';\n\nconst API_NESTJS_STARTER = 'https://jsonplaceholder.typicode.com';\n\nconst mockRequestBody = {\n  userId: 1,\n  id: 1,\n  title: 'sunt aut facere repellat provident occaecati excepturi optio reprehenderit',\n  body: 'quia et suscipit\\nsuscipit recusandae consequuntur expedita et cum\\nreprehenderit molestiae ut ut quas totam\\nnostrum rerum est autem sunt rem eveniet architecto',\n};\n\ndescribe('HttpService', () => {\n  let app: INestApplication;\n  let service: HttpClientService;\n\n  beforeEach(async () => {\n    const module: TestingModule = await Test.createTestingModule({\n      imports: [\n        ConfigModule.forRoot({\n          isGlobal: true,\n          load: [config],\n        }),\n        HttpClientModule.registerAsync({\n          imports: [ConfigModule],\n          useFactory: async (configService: ConfigService) =>\n            configService.get('config.httpOptions'),\n          inject: [ConfigService],\n        }),\n      ],\n    }).compile();\n    app = module.createNestApplication();\n    await app.init;\n    service = module.get<HttpClientService>(HttpClientService);\n  });\n\n  afterEach(async () => {\n    await app.close();\n  });\n\n  it('should be defined', () => {\n    expect(service).toBeDefined();\n    expect(service).toBeInstanceOf(HttpClientService);\n    expect(service.axiosRef).not.toBeNull();\n  });\n\n  it('should be return status 200 - request', async () => {\n    const { status, data } = await service.request({\n      url: `${API_NESTJS_STARTER}/posts`,\n      method: 'GET',\n    });\n    expect(status).toBe(200);\n    expect(data.length).toBeGreaterThan(0);\n  });\n\n  it('should be return status 200 - get', async () => {\n    const { status, data } = await service.get(`${API_NESTJS_STARTER}/posts`);\n    expect(status).toBe(200);\n    expect(data.length).toBeGreaterThan(0);\n  });\n\n  it('should be return status 201 - post', async () => {\n    const { status, data } = await service.post(`${API_NESTJS_STARTER}/posts`, {\n      data: mockRequestBody,\n    });\n    expect(status).toBe(201);\n    expect(data).toEqual({\n      ...mockRequestBody,\n      id: 101,\n    });\n  });\n\n  it('should be return status 200 - get by id', async () => {\n    const { status, data } = await service.get(`${API_NESTJS_STARTER}/posts/1`);\n    expect(status).toBe(200);\n    expect(data).toEqual(mockRequestBody);\n  });\n\n  it('should be return status 200 - put', async () => {\n    const { status, data } = await service.put(`${API_NESTJS_STARTER}/posts/1`, {\n      data: {\n        ...mockRequestBody,\n        title: 'mockito',\n      },\n    });\n    expect(status).toBe(200);\n    expect(data).toEqual({ ...mockRequestBody, id: 1, title: 'mockito' });\n  });\n\n  it('should be return status 200 - delete', async () => {\n    const { status, data } = await service.delete(`${API_NESTJS_STARTER}/posts/2`);\n    expect(status).toBe(200);\n    expect(data).toEqual({});\n  });\n\n  it('should be return status 200 - patch', async () => {\n    const { status, data } = await service.patch(`${API_NESTJS_STARTER}/posts/1`, {\n      data: {\n        ...mockRequestBody,\n        title: 'mockito',\n      },\n    });\n    expect(status).toBe(200);\n    expect(data).toEqual({ ...mockRequestBody, id: 1, title: 'mockito' });\n  });\n\n  it('should be return status 200 - head', async () => {\n    const { status, headers } = await service.head(`${API_NESTJS_STARTER}/posts`);\n    expect(status).toBe(200);\n    expect(headers).toHaveProperty('etag');\n  });\n\n  it('should be return error', async () => {\n    try {\n      const { data } = await service.get(`${API_NESTJS_STARTER}/postss`);\n      expect(data).toBe(200);\n    } catch (error) {\n      expect(error.response.status).toBe(404);\n      expect(error.message).toBe('Request failed with status code 404');\n    }\n  });\n});\n",
              "err": {},
              "uuid": "6892fae6-80a8-4cee-998e-4f0a2615acdf",
              "parentUUID": "e4e47e1f-5a40-4eb8-851c-7904e9c78814",
              "isHook": false,
              "skipped": false
            },
            {
              "fullTitle": "HttpService > should be return error",
              "title": "HttpService > should be return error",
              "timedOut": false,
              "duration": 441,
              "state": "passed",
              "speed": "medium",
              "pass": true,
              "fail": false,
              "pending": false,
              "context": null,
              "code": "import { INestApplication } from '@nestjs/common';\nimport { Test, TestingModule } from '@nestjs/testing';\nimport { ConfigModule, ConfigService } from '@nestjs/config';\n\nimport { HttpClientService } from '../http/services/httpClient.service';\nimport { HttpClientModule } from '../http/httpClient.module';\nimport { config } from './utils';\n\nconst API_NESTJS_STARTER = 'https://jsonplaceholder.typicode.com';\n\nconst mockRequestBody = {\n  userId: 1,\n  id: 1,\n  title: 'sunt aut facere repellat provident occaecati excepturi optio reprehenderit',\n  body: 'quia et suscipit\\nsuscipit recusandae consequuntur expedita et cum\\nreprehenderit molestiae ut ut quas totam\\nnostrum rerum est autem sunt rem eveniet architecto',\n};\n\ndescribe('HttpService', () => {\n  let app: INestApplication;\n  let service: HttpClientService;\n\n  beforeEach(async () => {\n    const module: TestingModule = await Test.createTestingModule({\n      imports: [\n        ConfigModule.forRoot({\n          isGlobal: true,\n          load: [config],\n        }),\n        HttpClientModule.registerAsync({\n          imports: [ConfigModule],\n          useFactory: async (configService: ConfigService) =>\n            configService.get('config.httpOptions'),\n          inject: [ConfigService],\n        }),\n      ],\n    }).compile();\n    app = module.createNestApplication();\n    await app.init;\n    service = module.get<HttpClientService>(HttpClientService);\n  });\n\n  afterEach(async () => {\n    await app.close();\n  });\n\n  it('should be defined', () => {\n    expect(service).toBeDefined();\n    expect(service).toBeInstanceOf(HttpClientService);\n    expect(service.axiosRef).not.toBeNull();\n  });\n\n  it('should be return status 200 - request', async () => {\n    const { status, data } = await service.request({\n      url: `${API_NESTJS_STARTER}/posts`,\n      method: 'GET',\n    });\n    expect(status).toBe(200);\n    expect(data.length).toBeGreaterThan(0);\n  });\n\n  it('should be return status 200 - get', async () => {\n    const { status, data } = await service.get(`${API_NESTJS_STARTER}/posts`);\n    expect(status).toBe(200);\n    expect(data.length).toBeGreaterThan(0);\n  });\n\n  it('should be return status 201 - post', async () => {\n    const { status, data } = await service.post(`${API_NESTJS_STARTER}/posts`, {\n      data: mockRequestBody,\n    });\n    expect(status).toBe(201);\n    expect(data).toEqual({\n      ...mockRequestBody,\n      id: 101,\n    });\n  });\n\n  it('should be return status 200 - get by id', async () => {\n    const { status, data } = await service.get(`${API_NESTJS_STARTER}/posts/1`);\n    expect(status).toBe(200);\n    expect(data).toEqual(mockRequestBody);\n  });\n\n  it('should be return status 200 - put', async () => {\n    const { status, data } = await service.put(`${API_NESTJS_STARTER}/posts/1`, {\n      data: {\n        ...mockRequestBody,\n        title: 'mockito',\n      },\n    });\n    expect(status).toBe(200);\n    expect(data).toEqual({ ...mockRequestBody, id: 1, title: 'mockito' });\n  });\n\n  it('should be return status 200 - delete', async () => {\n    const { status, data } = await service.delete(`${API_NESTJS_STARTER}/posts/2`);\n    expect(status).toBe(200);\n    expect(data).toEqual({});\n  });\n\n  it('should be return status 200 - patch', async () => {\n    const { status, data } = await service.patch(`${API_NESTJS_STARTER}/posts/1`, {\n      data: {\n        ...mockRequestBody,\n        title: 'mockito',\n      },\n    });\n    expect(status).toBe(200);\n    expect(data).toEqual({ ...mockRequestBody, id: 1, title: 'mockito' });\n  });\n\n  it('should be return status 200 - head', async () => {\n    const { status, headers } = await service.head(`${API_NESTJS_STARTER}/posts`);\n    expect(status).toBe(200);\n    expect(headers).toHaveProperty('etag');\n  });\n\n  it('should be return error', async () => {\n    try {\n      const { data } = await service.get(`${API_NESTJS_STARTER}/postss`);\n      expect(data).toBe(200);\n    } catch (error) {\n      expect(error.response.status).toBe(404);\n      expect(error.message).toBe('Request failed with status code 404');\n    }\n  });\n});\n",
              "err": {},
              "uuid": "da246b4d-93fb-4db3-84b6-513164062dc7",
              "parentUUID": "e4e47e1f-5a40-4eb8-851c-7904e9c78814",
              "isHook": false,
              "skipped": false
            },
            {
              "fullTitle": "HttpInterceptor > should be defined",
              "title": "HttpInterceptor > should be defined",
              "timedOut": false,
              "duration": 75,
              "state": "passed",
              "speed": "fast",
              "pass": true,
              "fail": false,
              "pending": false,
              "context": null,
              "code": "import { Test, TestingModule } from '@nestjs/testing';\nimport { INestApplication } from '@nestjs/common';\nimport { ConfigModule } from '@nestjs/config';\n\nimport { HttpClientService } from '../http/services/httpClient.service';\nimport { HttpClientInterceptor } from '../http/interceptors/httpClient.interceptor';\nimport { HttpClientModule } from '../http/httpClient.module';\nimport { config } from './utils';\n\nconst executionContext: any = {\n  switchToHttp: jest.fn().mockReturnThis(),\n  getRequest: jest.fn().mockReturnThis(),\n  getResponse: jest.fn().mockReturnThis(),\n};\n\nconst callHandler: any = {\n  handle: jest.fn(),\n};\n\ndescribe('HttpInterceptor', () => {\n  let app: INestApplication;\n  let service: HttpClientService;\n  let interceptor: HttpClientInterceptor<any>;\n\n  beforeEach(async () => {\n    const module: TestingModule = await Test.createTestingModule({\n      imports: [\n        ConfigModule.forRoot({\n          isGlobal: true,\n          load: [config],\n        }),\n        HttpClientModule,\n      ],\n    }).compile();\n    app = module.createNestApplication();\n    await app.init;\n\n    service = module.get<HttpClientService>(HttpClientService);\n    interceptor = new HttpClientInterceptor(service);\n  });\n\n  it('should be defined', () => {\n    expect(interceptor).toBeDefined();\n  });\n\n  it('should be intercept and pass headers', async () => {\n    await interceptor.intercept(executionContext, callHandler);\n    expect(callHandler.handle).toBeCalledTimes(1);\n  });\n});\n",
              "err": {},
              "uuid": "6beb7206-8573-4edf-b6ee-dc8d2a273aaa",
              "parentUUID": "e4e47e1f-5a40-4eb8-851c-7904e9c78814",
              "isHook": false,
              "skipped": false
            },
            {
              "fullTitle": "HttpInterceptor > should be intercept and pass headers",
              "title": "HttpInterceptor > should be intercept and pass headers",
              "timedOut": false,
              "duration": 4,
              "state": "passed",
              "speed": "fast",
              "pass": true,
              "fail": false,
              "pending": false,
              "context": null,
              "code": "import { Test, TestingModule } from '@nestjs/testing';\nimport { INestApplication } from '@nestjs/common';\nimport { ConfigModule } from '@nestjs/config';\n\nimport { HttpClientService } from '../http/services/httpClient.service';\nimport { HttpClientInterceptor } from '../http/interceptors/httpClient.interceptor';\nimport { HttpClientModule } from '../http/httpClient.module';\nimport { config } from './utils';\n\nconst executionContext: any = {\n  switchToHttp: jest.fn().mockReturnThis(),\n  getRequest: jest.fn().mockReturnThis(),\n  getResponse: jest.fn().mockReturnThis(),\n};\n\nconst callHandler: any = {\n  handle: jest.fn(),\n};\n\ndescribe('HttpInterceptor', () => {\n  let app: INestApplication;\n  let service: HttpClientService;\n  let interceptor: HttpClientInterceptor<any>;\n\n  beforeEach(async () => {\n    const module: TestingModule = await Test.createTestingModule({\n      imports: [\n        ConfigModule.forRoot({\n          isGlobal: true,\n          load: [config],\n        }),\n        HttpClientModule,\n      ],\n    }).compile();\n    app = module.createNestApplication();\n    await app.init;\n\n    service = module.get<HttpClientService>(HttpClientService);\n    interceptor = new HttpClientInterceptor(service);\n  });\n\n  it('should be defined', () => {\n    expect(interceptor).toBeDefined();\n  });\n\n  it('should be intercept and pass headers', async () => {\n    await interceptor.intercept(executionContext, callHandler);\n    expect(callHandler.handle).toBeCalledTimes(1);\n  });\n});\n",
              "err": {},
              "uuid": "e9c0a462-5343-4a9a-8376-91df74402bea",
              "parentUUID": "e4e47e1f-5a40-4eb8-851c-7904e9c78814",
              "isHook": false,
              "skipped": false
            },
            {
              "fullTitle": "HttpModule > registerAsync useFactory > should be define",
              "title": "HttpModule > registerAsync useFactory > should be define",
              "timedOut": false,
              "duration": 78,
              "state": "passed",
              "speed": "fast",
              "pass": true,
              "fail": false,
              "pending": false,
              "context": null,
              "code": "import { Test, TestingModule } from '@nestjs/testing';\nimport { INestApplication } from '@nestjs/common';\nimport { ConfigModule } from '@nestjs/config';\n\nimport { HttpClientModule } from '../http/httpClient.module';\nimport { config } from './utils';\nimport { HttpModuleAsyncOptions } from '../http/interfaces/http-module.interface';\n\nclass MockedClass {\n  createHttpOptions() {\n    return {\n      timeout: 5000,\n      maxRedirects: 5,\n    };\n  }\n}\n\ndescribe('HttpModule', () => {\n  const mockedUseFactory: HttpModuleAsyncOptions = {\n    useFactory: async () => ({\n      timeout: 5000,\n      maxRedirects: 5,\n    }),\n  };\n\n  describe('registerAsync useFactory', () => {\n    let app: INestApplication;\n    beforeEach(async () => {\n      const module: TestingModule = await Test.createTestingModule({\n        imports: [\n          ConfigModule.forRoot({\n            isGlobal: true,\n            load: [config],\n          }),\n          HttpClientModule.registerAsync(mockedUseFactory),\n        ],\n      }).compile();\n      app = module.createNestApplication();\n      await app.init;\n    });\n\n    afterEach(async () => {\n      await app.close();\n    });\n\n    it('should be define', async () => {\n      expect(app).toBeDefined();\n    });\n  });\n\n  const mockedUseClassOptions: HttpModuleAsyncOptions = {\n    useClass: MockedClass,\n  };\n\n  describe('registerAsync useClass', () => {\n    let app: INestApplication;\n    beforeEach(async () => {\n      const module: TestingModule = await Test.createTestingModule({\n        imports: [\n          ConfigModule.forRoot({\n            isGlobal: true,\n            load: [config],\n          }),\n          HttpClientModule.registerAsync(mockedUseClassOptions),\n        ],\n      }).compile();\n      app = module.createNestApplication();\n      await app.init;\n    });\n\n    afterEach(async () => {\n      await app.close();\n    });\n\n    it('should be define', async () => {\n      expect(app).toBeDefined();\n    });\n  });\n\n  const mockedUseExistingOptions: HttpModuleAsyncOptions = {\n    extraProviders: [MockedClass],\n    useExisting: MockedClass,\n  };\n\n  describe('registerAsync useExisting', () => {\n    let app: INestApplication;\n    beforeEach(async () => {\n      const module: TestingModule = await Test.createTestingModule({\n        imports: [\n          ConfigModule.forRoot({\n            isGlobal: true,\n            load: [config],\n          }),\n          HttpClientModule.registerAsync(mockedUseExistingOptions),\n        ],\n      }).compile();\n      app = module.createNestApplication();\n      await app.init;\n    });\n\n    afterEach(async () => {\n      await app.close();\n    });\n\n    it('should be define', async () => {\n      expect(app).toBeDefined();\n    });\n  });\n\n  describe('register', () => {\n    let app: INestApplication;\n    beforeEach(async () => {\n      const module: TestingModule = await Test.createTestingModule({\n        imports: [\n          ConfigModule.forRoot({\n            isGlobal: true,\n            load: [config],\n          }),\n          HttpClientModule.register({ ...config().httOptions }),\n        ],\n      }).compile();\n      app = module.createNestApplication();\n      await app.init;\n    });\n\n    afterEach(async () => {\n      await app.close();\n    });\n\n    it('should be define', async () => {\n      expect(app).toBeDefined();\n    });\n  });\n});\n",
              "err": {},
              "uuid": "77403594-c004-4586-b2f3-6d5e278512b3",
              "parentUUID": "e4e47e1f-5a40-4eb8-851c-7904e9c78814",
              "isHook": false,
              "skipped": false
            },
            {
              "fullTitle": "HttpModule > registerAsync useClass > should be define",
              "title": "HttpModule > registerAsync useClass > should be define",
              "timedOut": false,
              "duration": 6,
              "state": "passed",
              "speed": "fast",
              "pass": true,
              "fail": false,
              "pending": false,
              "context": null,
              "code": "import { Test, TestingModule } from '@nestjs/testing';\nimport { INestApplication } from '@nestjs/common';\nimport { ConfigModule } from '@nestjs/config';\n\nimport { HttpClientModule } from '../http/httpClient.module';\nimport { config } from './utils';\nimport { HttpModuleAsyncOptions } from '../http/interfaces/http-module.interface';\n\nclass MockedClass {\n  createHttpOptions() {\n    return {\n      timeout: 5000,\n      maxRedirects: 5,\n    };\n  }\n}\n\ndescribe('HttpModule', () => {\n  const mockedUseFactory: HttpModuleAsyncOptions = {\n    useFactory: async () => ({\n      timeout: 5000,\n      maxRedirects: 5,\n    }),\n  };\n\n  describe('registerAsync useFactory', () => {\n    let app: INestApplication;\n    beforeEach(async () => {\n      const module: TestingModule = await Test.createTestingModule({\n        imports: [\n          ConfigModule.forRoot({\n            isGlobal: true,\n            load: [config],\n          }),\n          HttpClientModule.registerAsync(mockedUseFactory),\n        ],\n      }).compile();\n      app = module.createNestApplication();\n      await app.init;\n    });\n\n    afterEach(async () => {\n      await app.close();\n    });\n\n    it('should be define', async () => {\n      expect(app).toBeDefined();\n    });\n  });\n\n  const mockedUseClassOptions: HttpModuleAsyncOptions = {\n    useClass: MockedClass,\n  };\n\n  describe('registerAsync useClass', () => {\n    let app: INestApplication;\n    beforeEach(async () => {\n      const module: TestingModule = await Test.createTestingModule({\n        imports: [\n          ConfigModule.forRoot({\n            isGlobal: true,\n            load: [config],\n          }),\n          HttpClientModule.registerAsync(mockedUseClassOptions),\n        ],\n      }).compile();\n      app = module.createNestApplication();\n      await app.init;\n    });\n\n    afterEach(async () => {\n      await app.close();\n    });\n\n    it('should be define', async () => {\n      expect(app).toBeDefined();\n    });\n  });\n\n  const mockedUseExistingOptions: HttpModuleAsyncOptions = {\n    extraProviders: [MockedClass],\n    useExisting: MockedClass,\n  };\n\n  describe('registerAsync useExisting', () => {\n    let app: INestApplication;\n    beforeEach(async () => {\n      const module: TestingModule = await Test.createTestingModule({\n        imports: [\n          ConfigModule.forRoot({\n            isGlobal: true,\n            load: [config],\n          }),\n          HttpClientModule.registerAsync(mockedUseExistingOptions),\n        ],\n      }).compile();\n      app = module.createNestApplication();\n      await app.init;\n    });\n\n    afterEach(async () => {\n      await app.close();\n    });\n\n    it('should be define', async () => {\n      expect(app).toBeDefined();\n    });\n  });\n\n  describe('register', () => {\n    let app: INestApplication;\n    beforeEach(async () => {\n      const module: TestingModule = await Test.createTestingModule({\n        imports: [\n          ConfigModule.forRoot({\n            isGlobal: true,\n            load: [config],\n          }),\n          HttpClientModule.register({ ...config().httOptions }),\n        ],\n      }).compile();\n      app = module.createNestApplication();\n      await app.init;\n    });\n\n    afterEach(async () => {\n      await app.close();\n    });\n\n    it('should be define', async () => {\n      expect(app).toBeDefined();\n    });\n  });\n});\n",
              "err": {},
              "uuid": "12b2846a-fcfe-46fd-9061-bd60214831f1",
              "parentUUID": "e4e47e1f-5a40-4eb8-851c-7904e9c78814",
              "isHook": false,
              "skipped": false
            },
            {
              "fullTitle": "HttpModule > registerAsync useExisting > should be define",
              "title": "HttpModule > registerAsync useExisting > should be define",
              "timedOut": false,
              "duration": 4,
              "state": "passed",
              "speed": "fast",
              "pass": true,
              "fail": false,
              "pending": false,
              "context": null,
              "code": "import { Test, TestingModule } from '@nestjs/testing';\nimport { INestApplication } from '@nestjs/common';\nimport { ConfigModule } from '@nestjs/config';\n\nimport { HttpClientModule } from '../http/httpClient.module';\nimport { config } from './utils';\nimport { HttpModuleAsyncOptions } from '../http/interfaces/http-module.interface';\n\nclass MockedClass {\n  createHttpOptions() {\n    return {\n      timeout: 5000,\n      maxRedirects: 5,\n    };\n  }\n}\n\ndescribe('HttpModule', () => {\n  const mockedUseFactory: HttpModuleAsyncOptions = {\n    useFactory: async () => ({\n      timeout: 5000,\n      maxRedirects: 5,\n    }),\n  };\n\n  describe('registerAsync useFactory', () => {\n    let app: INestApplication;\n    beforeEach(async () => {\n      const module: TestingModule = await Test.createTestingModule({\n        imports: [\n          ConfigModule.forRoot({\n            isGlobal: true,\n            load: [config],\n          }),\n          HttpClientModule.registerAsync(mockedUseFactory),\n        ],\n      }).compile();\n      app = module.createNestApplication();\n      await app.init;\n    });\n\n    afterEach(async () => {\n      await app.close();\n    });\n\n    it('should be define', async () => {\n      expect(app).toBeDefined();\n    });\n  });\n\n  const mockedUseClassOptions: HttpModuleAsyncOptions = {\n    useClass: MockedClass,\n  };\n\n  describe('registerAsync useClass', () => {\n    let app: INestApplication;\n    beforeEach(async () => {\n      const module: TestingModule = await Test.createTestingModule({\n        imports: [\n          ConfigModule.forRoot({\n            isGlobal: true,\n            load: [config],\n          }),\n          HttpClientModule.registerAsync(mockedUseClassOptions),\n        ],\n      }).compile();\n      app = module.createNestApplication();\n      await app.init;\n    });\n\n    afterEach(async () => {\n      await app.close();\n    });\n\n    it('should be define', async () => {\n      expect(app).toBeDefined();\n    });\n  });\n\n  const mockedUseExistingOptions: HttpModuleAsyncOptions = {\n    extraProviders: [MockedClass],\n    useExisting: MockedClass,\n  };\n\n  describe('registerAsync useExisting', () => {\n    let app: INestApplication;\n    beforeEach(async () => {\n      const module: TestingModule = await Test.createTestingModule({\n        imports: [\n          ConfigModule.forRoot({\n            isGlobal: true,\n            load: [config],\n          }),\n          HttpClientModule.registerAsync(mockedUseExistingOptions),\n        ],\n      }).compile();\n      app = module.createNestApplication();\n      await app.init;\n    });\n\n    afterEach(async () => {\n      await app.close();\n    });\n\n    it('should be define', async () => {\n      expect(app).toBeDefined();\n    });\n  });\n\n  describe('register', () => {\n    let app: INestApplication;\n    beforeEach(async () => {\n      const module: TestingModule = await Test.createTestingModule({\n        imports: [\n          ConfigModule.forRoot({\n            isGlobal: true,\n            load: [config],\n          }),\n          HttpClientModule.register({ ...config().httOptions }),\n        ],\n      }).compile();\n      app = module.createNestApplication();\n      await app.init;\n    });\n\n    afterEach(async () => {\n      await app.close();\n    });\n\n    it('should be define', async () => {\n      expect(app).toBeDefined();\n    });\n  });\n});\n",
              "err": {},
              "uuid": "5e7b9720-0329-4013-9122-0a6bf6b378f6",
              "parentUUID": "e4e47e1f-5a40-4eb8-851c-7904e9c78814",
              "isHook": false,
              "skipped": false
            },
            {
              "fullTitle": "HttpModule > register > should be define",
              "title": "HttpModule > register > should be define",
              "timedOut": false,
              "duration": 4,
              "state": "passed",
              "speed": "fast",
              "pass": true,
              "fail": false,
              "pending": false,
              "context": null,
              "code": "import { Test, TestingModule } from '@nestjs/testing';\nimport { INestApplication } from '@nestjs/common';\nimport { ConfigModule } from '@nestjs/config';\n\nimport { HttpClientModule } from '../http/httpClient.module';\nimport { config } from './utils';\nimport { HttpModuleAsyncOptions } from '../http/interfaces/http-module.interface';\n\nclass MockedClass {\n  createHttpOptions() {\n    return {\n      timeout: 5000,\n      maxRedirects: 5,\n    };\n  }\n}\n\ndescribe('HttpModule', () => {\n  const mockedUseFactory: HttpModuleAsyncOptions = {\n    useFactory: async () => ({\n      timeout: 5000,\n      maxRedirects: 5,\n    }),\n  };\n\n  describe('registerAsync useFactory', () => {\n    let app: INestApplication;\n    beforeEach(async () => {\n      const module: TestingModule = await Test.createTestingModule({\n        imports: [\n          ConfigModule.forRoot({\n            isGlobal: true,\n            load: [config],\n          }),\n          HttpClientModule.registerAsync(mockedUseFactory),\n        ],\n      }).compile();\n      app = module.createNestApplication();\n      await app.init;\n    });\n\n    afterEach(async () => {\n      await app.close();\n    });\n\n    it('should be define', async () => {\n      expect(app).toBeDefined();\n    });\n  });\n\n  const mockedUseClassOptions: HttpModuleAsyncOptions = {\n    useClass: MockedClass,\n  };\n\n  describe('registerAsync useClass', () => {\n    let app: INestApplication;\n    beforeEach(async () => {\n      const module: TestingModule = await Test.createTestingModule({\n        imports: [\n          ConfigModule.forRoot({\n            isGlobal: true,\n            load: [config],\n          }),\n          HttpClientModule.registerAsync(mockedUseClassOptions),\n        ],\n      }).compile();\n      app = module.createNestApplication();\n      await app.init;\n    });\n\n    afterEach(async () => {\n      await app.close();\n    });\n\n    it('should be define', async () => {\n      expect(app).toBeDefined();\n    });\n  });\n\n  const mockedUseExistingOptions: HttpModuleAsyncOptions = {\n    extraProviders: [MockedClass],\n    useExisting: MockedClass,\n  };\n\n  describe('registerAsync useExisting', () => {\n    let app: INestApplication;\n    beforeEach(async () => {\n      const module: TestingModule = await Test.createTestingModule({\n        imports: [\n          ConfigModule.forRoot({\n            isGlobal: true,\n            load: [config],\n          }),\n          HttpClientModule.registerAsync(mockedUseExistingOptions),\n        ],\n      }).compile();\n      app = module.createNestApplication();\n      await app.init;\n    });\n\n    afterEach(async () => {\n      await app.close();\n    });\n\n    it('should be define', async () => {\n      expect(app).toBeDefined();\n    });\n  });\n\n  describe('register', () => {\n    let app: INestApplication;\n    beforeEach(async () => {\n      const module: TestingModule = await Test.createTestingModule({\n        imports: [\n          ConfigModule.forRoot({\n            isGlobal: true,\n            load: [config],\n          }),\n          HttpClientModule.register({ ...config().httOptions }),\n        ],\n      }).compile();\n      app = module.createNestApplication();\n      await app.init;\n    });\n\n    afterEach(async () => {\n      await app.close();\n    });\n\n    it('should be define', async () => {\n      expect(app).toBeDefined();\n    });\n  });\n});\n",
              "err": {},
              "uuid": "4651145d-737a-4d74-b970-9300d80e0f9e",
              "parentUUID": "e4e47e1f-5a40-4eb8-851c-7904e9c78814",
              "isHook": false,
              "skipped": false
            }
          ],
          "suites": [],
          "passes": [
            "01392ef8-c46d-416e-8b14-8b488a37891b",
            "e15cdea4-97a4-4baf-9b9b-cf0cd24b13df",
            "c4d6a6c7-e872-4647-b4f1-90aacb1421fd",
            "a85e5925-a1d7-4537-9f67-78b1b6f4a9cf",
            "cda2ffb3-7d7a-4bba-935a-aebf0151fac8",
            "a988cb86-970c-49e0-b911-1b5f569dc634",
            "8a13c851-7d44-4d50-bd09-f3f5093a8063",
            "9aeecf01-166e-42b6-8087-dffad821d978",
            "6892fae6-80a8-4cee-998e-4f0a2615acdf",
            "da246b4d-93fb-4db3-84b6-513164062dc7",
            "6beb7206-8573-4edf-b6ee-dc8d2a273aaa",
            "e9c0a462-5343-4a9a-8376-91df74402bea",
            "77403594-c004-4586-b2f3-6d5e278512b3",
            "12b2846a-fcfe-46fd-9061-bd60214831f1",
            "5e7b9720-0329-4013-9122-0a6bf6b378f6",
            "4651145d-737a-4d74-b970-9300d80e0f9e"
          ],
          "failures": [],
          "pending": [],
          "skipped": [],
          "duration": 3333,
          "root": false,
          "rootEmpty": false,
          "_timeout": 5000
        }
      ],
      "passes": [],
      "failures": [],
      "pending": [],
      "skipped": [],
      "duration": 0,
      "root": true,
      "rootEmpty": true,
      "_timeout": 5000
    }
  ]
}