{
  "stats": {
    "suites": 16,
    "tests": 235,
    "passes": 235,
    "pending": 0,
    "failures": 0,
    "testsRegistered": 235,
    "passPercent": 100,
    "pendingPercent": 0,
    "other": 0,
    "hasOther": false,
    "skipped": 0,
    "hasSkipped": false,
    "start": "2023-08-01T08:21:51.024Z",
    "end": "2023-08-01T08:29:26.776Z",
    "duration": 455752
  },
  "results": [
    {
      "uuid": "c9183c99-c807-40f9-9511-55e2244a818c",
      "title": "",
      "fullFile": "",
      "file": "",
      "beforeHooks": [],
      "afterHooks": [],
      "tests": [],
      "suites": [
        {
          "uuid": "50c28b28-d00b-4175-bbb4-fb8fadbf4bba",
          "title": "@tresdoce-nestjs-toolkit/archetype",
          "fullFile": "",
          "file": "",
          "beforeHooks": [],
          "afterHooks": [],
          "tests": [],
          "suites": [
            {
              "uuid": "35c7f1f1-f19e-424b-a7bf-4eeeaa84c97d",
              "title": "ArchetypeService",
              "fullFile": "/home/runner/work/tresdoce-nestjs-toolkit/tresdoce-nestjs-toolkit/packages/archetype/src/__test__/archetype.service.spec.ts",
              "file": "archetype.service.spec.ts",
              "beforeHooks": [],
              "afterHooks": [],
              "tests": [
                {
                  "fullTitle": "ArchetypeService should be defined",
                  "title": "should be defined",
                  "timedOut": false,
                  "duration": 23,
                  "state": "passed",
                  "speed": "fast",
                  "pass": true,
                  "fail": false,
                  "pending": false,
                  "context": null,
                  "code": "// ⎯⎯⎯⎯⎯⎯⎯⎯⎯\n// • Line: 26\n// • Column: 2\n// ⎯⎯⎯⎯⎯⎯⎯⎯⎯\n\nit('should be defined', () => {\n    expect(service).toBeDefined();\n  })",
                  "err": {},
                  "uuid": "466e8a30-0cf8-49cd-b8af-069c1fbde83c",
                  "parentUUID": "35c7f1f1-f19e-424b-a7bf-4eeeaa84c97d",
                  "isHook": false,
                  "skipped": false
                },
                {
                  "fullTitle": "ArchetypeService should be read package file",
                  "title": "should be read package file",
                  "timedOut": false,
                  "duration": 8,
                  "state": "passed",
                  "speed": "fast",
                  "pass": true,
                  "fail": false,
                  "pending": false,
                  "context": null,
                  "code": "// ⎯⎯⎯⎯⎯⎯⎯⎯⎯\n// • Line: 30\n// • Column: 2\n// ⎯⎯⎯⎯⎯⎯⎯⎯⎯\n\nit('should be read package file', async () => {\n    const packageFile = await service.readFile(__dirname, '../../package.json');\n    expect(packageFile).toBeDefined();\n    expect(packageFile).toEqual(expect.any(Object));\n  })",
                  "err": {},
                  "uuid": "f5d17a8a-d67b-4241-ac91-54e0ebab8dee",
                  "parentUUID": "35c7f1f1-f19e-424b-a7bf-4eeeaa84c97d",
                  "isHook": false,
                  "skipped": false
                },
                {
                  "fullTitle": "ArchetypeService should be return archetype version",
                  "title": "should be return archetype version",
                  "timedOut": false,
                  "duration": 7,
                  "state": "passed",
                  "speed": "fast",
                  "pass": true,
                  "fail": false,
                  "pending": false,
                  "context": null,
                  "code": "// ⎯⎯⎯⎯⎯⎯⎯⎯⎯\n// • Line: 36\n// • Column: 2\n// ⎯⎯⎯⎯⎯⎯⎯⎯⎯\n\nit('should be return archetype version', async () => {\n    service.readFile = jest.fn().mockImplementation(() => ({ version: manifest.archetypeVersion }));\n\n    expect(await service.getArchetypeVersion()).toEqual({\n      archetypeVersion: manifest.archetypeVersion,\n    });\n  })",
                  "err": {},
                  "uuid": "3f627a8e-18d5-46c1-9b9e-28400283386e",
                  "parentUUID": "35c7f1f1-f19e-424b-a7bf-4eeeaa84c97d",
                  "isHook": false,
                  "skipped": false
                },
                {
                  "fullTitle": "ArchetypeService should be return application info",
                  "title": "should be return application info",
                  "timedOut": false,
                  "duration": 6,
                  "state": "passed",
                  "speed": "fast",
                  "pass": true,
                  "fail": false,
                  "pending": false,
                  "context": null,
                  "code": "// ⎯⎯⎯⎯⎯⎯⎯⎯⎯\n// • Line: 44\n// • Column: 2\n// ⎯⎯⎯⎯⎯⎯⎯⎯⎯\n\nit('should be return application info', async () => {\n    service.readFile = jest.fn().mockImplementation(() => ({\n      appStage: manifest.appStage,\n      apiPrefix: manifest.apiPrefix,\n      name: manifest.name,\n      version: manifest.version,\n      description: manifest.description,\n      author: manifest.author,\n      repository: manifest.repository,\n      homepage: manifest.homepage,\n      dependencies: manifest.dependencies,\n      devDependencies: manifest.devDependencies,\n    }));\n\n    expect(await service.getApplicationInfo()).toEqual({\n      appStage: manifest.appStage,\n      apiPrefix: manifest.apiPrefix,\n      name: manifest.name,\n      version: manifest.version,\n      description: manifest.description,\n      author: manifest.author,\n      repository: manifest.repository,\n      homepage: manifest.homepage,\n      dependencies: {\n        '@tresdoce-nestjs-toolkit/archetype': '0.0.1',\n        '@tresdoce-nestjs-toolkit/health': '0.0.1',\n        '@tresdoce-nestjs-toolkit/http-client': '0.0.1',\n        '@nestjs/class-transformer': '^0.4.0',\n        '@nestjs/class-validator': '^0.13.3',\n        '@nestjs/common': '^9.2.1',\n        '@nestjs/config': '^2.2.0',\n        '@nestjs/core': '^8.2.5',\n        '@nestjs/platform-express': '^8.2.5',\n        '@nestjs/swagger': '^5.1.5',\n      },\n      devDependencies: {\n        '@tresdoce-nestjs-toolkit/commons': '0.0.1',\n        '@nestjs/cli': '^9.1.8',\n        '@nestjs/schematics': '^9.1.0',\n        '@nestjs/testing': '^9.4.0',\n      },\n    });\n  })",
                  "err": {},
                  "uuid": "5daa1a14-9c32-4b3a-b2a3-cac6a54748b1",
                  "parentUUID": "35c7f1f1-f19e-424b-a7bf-4eeeaa84c97d",
                  "isHook": false,
                  "skipped": false
                },
                {
                  "fullTitle": "ArchetypeService should be return manifest",
                  "title": "should be return manifest",
                  "timedOut": false,
                  "duration": 5,
                  "state": "passed",
                  "speed": "fast",
                  "pass": true,
                  "fail": false,
                  "pending": false,
                  "context": null,
                  "code": "// ⎯⎯⎯⎯⎯⎯⎯⎯⎯\n// • Line: 88\n// • Column: 2\n// ⎯⎯⎯⎯⎯⎯⎯⎯⎯\n\nit('should be return manifest', async () => {\n    service.getArchetypeVersion = jest.fn().mockImplementation(() => ({\n      archetypeVersion: manifest.archetypeVersion,\n    }));\n\n    service.getApplicationInfo = jest.fn().mockImplementation(() => ({\n      appStage: manifest.appStage,\n      apiPrefix: manifest.apiPrefix,\n      name: manifest.name,\n      version: manifest.version,\n      description: manifest.description,\n      author: manifest.author,\n      repository: manifest.repository,\n      homepage: manifest.homepage,\n      dependencies: manifest.dependencies,\n      devDependencies: manifest.devDependencies,\n    }));\n\n    expect(await service.generateManifest()).toEqual({ ...manifest });\n  })",
                  "err": {},
                  "uuid": "8b981dbb-c9eb-4ed3-9087-76e8b3a6c5c6",
                  "parentUUID": "35c7f1f1-f19e-424b-a7bf-4eeeaa84c97d",
                  "isHook": false,
                  "skipped": false
                }
              ],
              "suites": [],
              "passes": [
                "466e8a30-0cf8-49cd-b8af-069c1fbde83c",
                "f5d17a8a-d67b-4241-ac91-54e0ebab8dee",
                "3f627a8e-18d5-46c1-9b9e-28400283386e",
                "5daa1a14-9c32-4b3a-b2a3-cac6a54748b1",
                "8b981dbb-c9eb-4ed3-9087-76e8b3a6c5c6"
              ],
              "failures": [],
              "pending": [],
              "skipped": [],
              "duration": 49,
              "root": false,
              "rootEmpty": false,
              "_timeout": 5000
            },
            {
              "uuid": "0bf9881f-c0aa-4278-a94e-142765ba127f",
              "title": "ArchetypeController",
              "fullFile": "/home/runner/work/tresdoce-nestjs-toolkit/tresdoce-nestjs-toolkit/packages/archetype/src/__test__/archetype.controller.spec.ts",
              "file": "archetype.controller.spec.ts",
              "beforeHooks": [],
              "afterHooks": [],
              "tests": [
                {
                  "fullTitle": "ArchetypeController should be defined",
                  "title": "should be defined",
                  "timedOut": false,
                  "duration": 22,
                  "state": "passed",
                  "speed": "fast",
                  "pass": true,
                  "fail": false,
                  "pending": false,
                  "context": null,
                  "code": "// ⎯⎯⎯⎯⎯⎯⎯⎯⎯\n// • Line: 35\n// • Column: 2\n// ⎯⎯⎯⎯⎯⎯⎯⎯⎯\n\nit('should be defined', () => {\n    expect(controller).toBeDefined();\n  })",
                  "err": {},
                  "uuid": "92a1b0e3-dba1-43c5-b6fd-8bdda1a71897",
                  "parentUUID": "0bf9881f-c0aa-4278-a94e-142765ba127f",
                  "isHook": false,
                  "skipped": false
                },
                {
                  "fullTitle": "ArchetypeController should be return manifest json",
                  "title": "should be return manifest json",
                  "timedOut": false,
                  "duration": 8,
                  "state": "passed",
                  "speed": "fast",
                  "pass": true,
                  "fail": false,
                  "pending": false,
                  "context": null,
                  "code": "// ⎯⎯⎯⎯⎯⎯⎯⎯⎯\n// • Line: 39\n// • Column: 2\n// ⎯⎯⎯⎯⎯⎯⎯⎯⎯\n\nit('should be return manifest json', async () => {\n    expect(await controller.getArchetypeInfo()).toBeDefined();\n    expect(await controller.getArchetypeInfo()).toEqual(manifest);\n  })",
                  "err": {},
                  "uuid": "5feaa4d5-108a-4587-8627-17b37206dae1",
                  "parentUUID": "0bf9881f-c0aa-4278-a94e-142765ba127f",
                  "isHook": false,
                  "skipped": false
                }
              ],
              "suites": [],
              "passes": [
                "92a1b0e3-dba1-43c5-b6fd-8bdda1a71897",
                "5feaa4d5-108a-4587-8627-17b37206dae1"
              ],
              "failures": [],
              "pending": [],
              "skipped": [],
              "duration": 30,
              "root": false,
              "rootEmpty": false,
              "_timeout": 5000
            },
            {
              "uuid": "36aca589-4f4d-445d-a3c3-db182bebff5d",
              "title": "ArchetypeModule",
              "fullFile": "/home/runner/work/tresdoce-nestjs-toolkit/tresdoce-nestjs-toolkit/packages/archetype/src/__test__/archetype.module.spec.ts",
              "file": "archetype.module.spec.ts",
              "beforeHooks": [],
              "afterHooks": [],
              "tests": [
                {
                  "fullTitle": "ArchetypeModule should be define",
                  "title": "should be define",
                  "timedOut": false,
                  "duration": 244,
                  "state": "passed",
                  "speed": "medium",
                  "pass": true,
                  "fail": false,
                  "pending": false,
                  "context": null,
                  "code": "// ⎯⎯⎯⎯⎯⎯⎯⎯⎯\n// • Line: 26\n// • Column: 2\n// ⎯⎯⎯⎯⎯⎯⎯⎯⎯\n\nit('should be define', async () => {\n    expect(app).toBeDefined();\n  })",
                  "err": {},
                  "uuid": "4c951a20-22d0-428b-9dd8-ef74d46b4fcf",
                  "parentUUID": "36aca589-4f4d-445d-a3c3-db182bebff5d",
                  "isHook": false,
                  "skipped": false
                }
              ],
              "suites": [],
              "passes": [
                "4c951a20-22d0-428b-9dd8-ef74d46b4fcf"
              ],
              "failures": [],
              "pending": [],
              "skipped": [],
              "duration": 244,
              "root": false,
              "rootEmpty": false,
              "_timeout": 5000
            },
            {
              "uuid": "183ac712-3c27-4a9e-87ff-c1bd66a1da8f",
              "title": "Constants",
              "fullFile": "/home/runner/work/tresdoce-nestjs-toolkit/tresdoce-nestjs-toolkit/packages/archetype/src/__test__/constants.spec.ts",
              "file": "constants.spec.ts",
              "beforeHooks": [],
              "afterHooks": [],
              "tests": [
                {
                  "fullTitle": "Constants should be return exclude to prefix global",
                  "title": "should be return exclude to prefix global",
                  "timedOut": false,
                  "duration": 4,
                  "state": "passed",
                  "speed": "fast",
                  "pass": true,
                  "fail": false,
                  "pending": false,
                  "context": null,
                  "code": "// ⎯⎯⎯⎯⎯⎯⎯⎯⎯\n// • Line: 5\n// • Column: 2\n// ⎯⎯⎯⎯⎯⎯⎯⎯⎯\n\nit('should be return exclude to prefix global', async () => {\n    expect(manifestControllerExcludes).toEqual(expect.any(Array));\n    expect(manifestControllerExcludes).toMatchObject([\n      {\n        path: '/info',\n        method: RequestMethod.GET,\n      },\n    ]);\n  })",
                  "err": {},
                  "uuid": "96ef8988-0fab-4d17-8fc5-0c4328b1a469",
                  "parentUUID": "183ac712-3c27-4a9e-87ff-c1bd66a1da8f",
                  "isHook": false,
                  "skipped": false
                }
              ],
              "suites": [],
              "passes": [
                "96ef8988-0fab-4d17-8fc5-0c4328b1a469"
              ],
              "failures": [],
              "pending": [],
              "skipped": [],
              "duration": 4,
              "root": false,
              "rootEmpty": false,
              "_timeout": 5000
            }
          ],
          "passes": [],
          "failures": [],
          "pending": [],
          "skipped": [],
          "duration": 0,
          "root": false,
          "rootEmpty": false,
          "_timeout": 5000
        }
      ],
      "passes": [],
      "failures": [],
      "pending": [],
      "skipped": [],
      "duration": 0,
      "root": true,
      "rootEmpty": true,
      "_timeout": 5000
    },
    {
      "uuid": "f28dc74a-55d7-462e-b7f1-715434d069c1",
      "title": "",
      "fullFile": "",
      "file": "",
      "beforeHooks": [],
      "afterHooks": [],
      "tests": [],
      "suites": [
        {
          "uuid": "74628fb1-3038-4897-a06a-f72d367009af",
          "title": "@tresdoce-nestjs-toolkit/camunda",
          "fullFile": "",
          "file": "",
          "beforeHooks": [],
          "afterHooks": [],
          "tests": [],
          "suites": [
            {
              "uuid": "6dfe12db-bd7c-4113-a35c-16c57cb45aa1",
              "title": "CamundaModule",
              "fullFile": "/home/runner/work/tresdoce-nestjs-toolkit/tresdoce-nestjs-toolkit/packages/camunda/src/__test__/camunda.module.spec.ts",
              "file": "camunda.module.spec.ts",
              "beforeHooks": [],
              "afterHooks": [],
              "tests": [
                {
                  "fullTitle": "CamundaModule should be defined",
                  "title": "should be defined",
                  "timedOut": false,
                  "duration": 294,
                  "state": "passed",
                  "speed": "medium",
                  "pass": true,
                  "fail": false,
                  "pending": false,
                  "context": null,
                  "code": "// ⎯⎯⎯⎯⎯⎯⎯⎯⎯\n// • Line: 56\n// • Column: 2\n// ⎯⎯⎯⎯⎯⎯⎯⎯⎯\n\nit('should be defined', () => {\n    expect(app).toBeDefined();\n  })",
                  "err": {},
                  "uuid": "01af1141-e20a-4385-a1f3-7a8fa1a9d9a3",
                  "parentUUID": "6dfe12db-bd7c-4113-a35c-16c57cb45aa1",
                  "isHook": false,
                  "skipped": false
                },
                {
                  "fullTitle": "CamundaModule should be Subscription decorator is defined with options",
                  "title": "should be Subscription decorator is defined with options",
                  "timedOut": false,
                  "duration": 12,
                  "state": "passed",
                  "speed": "fast",
                  "pass": true,
                  "fail": false,
                  "pending": false,
                  "context": null,
                  "code": "// ⎯⎯⎯⎯⎯⎯⎯⎯⎯\n// • Line: 60\n// • Column: 2\n// ⎯⎯⎯⎯⎯⎯⎯⎯⎯\n\nit('should be Subscription decorator is defined with options', async () => {\n    const decorator = Subscription('test-topic', { lockDuration: 500 });\n    console.log(decorator);\n    expect(decorator).toBeDefined();\n  })",
                  "err": {},
                  "uuid": "5a32c4be-6446-4828-a4f4-54d292eb4537",
                  "parentUUID": "6dfe12db-bd7c-4113-a35c-16c57cb45aa1",
                  "isHook": false,
                  "skipped": false
                }
              ],
              "suites": [],
              "passes": [
                "01af1141-e20a-4385-a1f3-7a8fa1a9d9a3",
                "5a32c4be-6446-4828-a4f4-54d292eb4537"
              ],
              "failures": [],
              "pending": [],
              "skipped": [],
              "duration": 306,
              "root": false,
              "rootEmpty": false,
              "_timeout": 5000
            }
          ],
          "passes": [],
          "failures": [],
          "pending": [],
          "skipped": [],
          "duration": 0,
          "root": false,
          "rootEmpty": false,
          "_timeout": 5000
        }
      ],
      "passes": [],
      "failures": [],
      "pending": [],
      "skipped": [],
      "duration": 0,
      "root": true,
      "rootEmpty": true,
      "_timeout": 5000
    },
    {
      "uuid": "7759e999-d4e2-4057-9bac-8acd66027397",
      "title": "",
      "fullFile": "",
      "file": "",
      "beforeHooks": [],
      "afterHooks": [],
      "tests": [],
      "suites": [
        {
          "uuid": "5c410869-7fa4-4dd7-b5e5-6d85c2759990",
          "title": "@tresdoce-nestjs-toolkit/commons",
          "fullFile": "",
          "file": "",
          "beforeHooks": [],
          "afterHooks": [],
          "tests": [],
          "suites": [
            {
              "uuid": "3b010e19-10ad-42db-9e19-c16ab19a4d42",
              "title": "build-config",
              "fullFile": "/home/runner/work/tresdoce-nestjs-toolkit/tresdoce-nestjs-toolkit/packages/commons/src/__test__/build-config.spec.ts",
              "file": "build-config.spec.ts",
              "beforeHooks": [],
              "afterHooks": [],
              "tests": [
                {
                  "fullTitle": "build-config should return the development configuration when NODE_ENV is not \"build\"",
                  "title": "should return the development configuration when NODE_ENV is not \"build\"",
                  "timedOut": false,
                  "duration": 7,
                  "state": "passed",
                  "speed": "fast",
                  "pass": true,
                  "fail": false,
                  "pending": false,
                  "context": null,
                  "code": "// ⎯⎯⎯⎯⎯⎯⎯⎯⎯\n// • Line: 16\n// • Column: 2\n// ⎯⎯⎯⎯⎯⎯⎯⎯⎯\n\nit('should return the development configuration when NODE_ENV is not \"build\"', () => {\n    process.env.NODE_ENV = 'dev';\n    const config = buildConfig() as unknown as Configuration;\n    expect(config).not.toBe(null);\n    expect(typeof config).toBe('object');\n    expect(config).toBeDefined();\n    expect(config.mode).toEqual('development');\n    expect(config.optimization.nodeEnv).toBeFalsy();\n  })",
                  "err": {},
                  "uuid": "3018d6c8-93d2-44b3-b907-224b80e959f3",
                  "parentUUID": "3b010e19-10ad-42db-9e19-c16ab19a4d42",
                  "isHook": false,
                  "skipped": false
                },
                {
                  "fullTitle": "build-config should return the production configuration when NODE_ENV is \"build\"",
                  "title": "should return the production configuration when NODE_ENV is \"build\"",
                  "timedOut": false,
                  "duration": 2,
                  "state": "passed",
                  "speed": "fast",
                  "pass": true,
                  "fail": false,
                  "pending": false,
                  "context": null,
                  "code": "// ⎯⎯⎯⎯⎯⎯⎯⎯⎯\n// • Line: 26\n// • Column: 2\n// ⎯⎯⎯⎯⎯⎯⎯⎯⎯\n\nit('should return the production configuration when NODE_ENV is \"build\"', () => {\n    process.env.NODE_ENV = 'build';\n    const config = buildConfig() as unknown as Configuration;\n    expect(config).not.toBe(null);\n    expect(typeof config).toBe('object');\n    expect(config).toBeDefined();\n    expect(config.mode).toEqual('production');\n    expect(config.optimization.nodeEnv).toEqual('production');\n  })",
                  "err": {},
                  "uuid": "c3f4019d-9d95-473a-b970-21cdac7d74f1",
                  "parentUUID": "3b010e19-10ad-42db-9e19-c16ab19a4d42",
                  "isHook": false,
                  "skipped": false
                },
                {
                  "fullTitle": "build-config should merge with the additional config",
                  "title": "should merge with the additional config",
                  "timedOut": false,
                  "duration": 2,
                  "state": "passed",
                  "speed": "fast",
                  "pass": true,
                  "fail": false,
                  "pending": false,
                  "context": null,
                  "code": "// ⎯⎯⎯⎯⎯⎯⎯⎯⎯\n// • Line: 36\n// • Column: 2\n// ⎯⎯⎯⎯⎯⎯⎯⎯⎯\n\nit('should merge with the additional config', () => {\n    const additionalConfig = { devtool: 'eval' };\n    const config = buildConfig(additionalConfig) as unknown as Configuration;\n    expect(config).not.toBe(null);\n    expect(typeof config).toBe('object');\n    expect(config).toBeDefined();\n    expect(config.mode).toEqual('development');\n    expect(config.devtool).toEqual('eval');\n    expect(config.optimization.nodeEnv).toBeFalsy();\n  })",
                  "err": {},
                  "uuid": "b2615441-7ef9-45f2-83de-177cbf3c68c0",
                  "parentUUID": "3b010e19-10ad-42db-9e19-c16ab19a4d42",
                  "isHook": false,
                  "skipped": false
                }
              ],
              "suites": [],
              "passes": [
                "3018d6c8-93d2-44b3-b907-224b80e959f3",
                "c3f4019d-9d95-473a-b970-21cdac7d74f1",
                "b2615441-7ef9-45f2-83de-177cbf3c68c0"
              ],
              "failures": [],
              "pending": [],
              "skipped": [],
              "duration": 11,
              "root": false,
              "rootEmpty": false,
              "_timeout": 5000
            },
            {
              "uuid": "4d6e8149-b63d-4e52-90c6-e0068de0fb75",
              "title": "webpack.config",
              "fullFile": "/home/runner/work/tresdoce-nestjs-toolkit/tresdoce-nestjs-toolkit/packages/commons/src/__test__/webpack.config.spec.ts",
              "file": "webpack.config.spec.ts",
              "beforeHooks": [],
              "afterHooks": [],
              "tests": [
                {
                  "fullTitle": "webpack.config should return the development configuration when NODE_ENV is not \"build\"",
                  "title": "should return the development configuration when NODE_ENV is not \"build\"",
                  "timedOut": false,
                  "duration": 5,
                  "state": "passed",
                  "speed": "fast",
                  "pass": true,
                  "fail": false,
                  "pending": false,
                  "context": null,
                  "code": "// ⎯⎯⎯⎯⎯⎯⎯⎯⎯\n// • Line: 15\n// • Column: 2\n// ⎯⎯⎯⎯⎯⎯⎯⎯⎯\n\nit('should return the development configuration when NODE_ENV is not \"build\"', () => {\n    process.env.NODE_ENV = 'dev';\n    const config = webpackConfig();\n    expect(config).not.toBe(null);\n    expect(typeof config).toBe('object');\n    expect(config).toBeDefined();\n    expect(config.mode).toEqual('development');\n    expect(config.optimization.nodeEnv).toBeFalsy();\n  })",
                  "err": {},
                  "uuid": "5c88858b-5ab7-4be0-8c84-7eb19d1fd4b2",
                  "parentUUID": "4d6e8149-b63d-4e52-90c6-e0068de0fb75",
                  "isHook": false,
                  "skipped": false
                },
                {
                  "fullTitle": "webpack.config should return the production configuration when NODE_ENV is \"build\"",
                  "title": "should return the production configuration when NODE_ENV is \"build\"",
                  "timedOut": false,
                  "duration": 88,
                  "state": "passed",
                  "speed": "fast",
                  "pass": true,
                  "fail": false,
                  "pending": false,
                  "context": null,
                  "code": "// ⎯⎯⎯⎯⎯⎯⎯⎯⎯\n// • Line: 25\n// • Column: 2\n// ⎯⎯⎯⎯⎯⎯⎯⎯⎯\n\nit('should return the production configuration when NODE_ENV is \"build\"', () => {\n    process.env.NODE_ENV = 'build';\n    const config = webpackConfig();\n    expect(config).not.toBe(null);\n    expect(typeof config).toBe('object');\n    expect(config).toBeDefined();\n    expect(config.mode).toEqual('production');\n    expect(config.optimization.nodeEnv).toEqual('production');\n  })",
                  "err": {},
                  "uuid": "0fd355a0-737b-483b-8a76-617215f41fe7",
                  "parentUUID": "4d6e8149-b63d-4e52-90c6-e0068de0fb75",
                  "isHook": false,
                  "skipped": false
                }
              ],
              "suites": [],
              "passes": [
                "5c88858b-5ab7-4be0-8c84-7eb19d1fd4b2",
                "0fd355a0-737b-483b-8a76-617215f41fe7"
              ],
              "failures": [],
              "pending": [],
              "skipped": [],
              "duration": 93,
              "root": false,
              "rootEmpty": false,
              "_timeout": 5000
            },
            {
              "uuid": "2b8d24c7-d41f-458e-85fe-7ea0e5130027",
              "title": "eslint-config",
              "fullFile": "/home/runner/work/tresdoce-nestjs-toolkit/tresdoce-nestjs-toolkit/packages/commons/src/__test__/eslint-config.spec.ts",
              "file": "eslint-config.spec.ts",
              "beforeHooks": [],
              "afterHooks": [],
              "tests": [
                {
                  "fullTitle": "eslint-config should be return jest config",
                  "title": "should be return jest config",
                  "timedOut": false,
                  "duration": 3,
                  "state": "passed",
                  "speed": "fast",
                  "pass": true,
                  "fail": false,
                  "pending": false,
                  "context": null,
                  "code": "// ⎯⎯⎯⎯⎯⎯⎯⎯⎯\n// • Line: 3\n// • Column: 2\n// ⎯⎯⎯⎯⎯⎯⎯⎯⎯\n\nit('should be return jest config', () => {\n    const config = eslintConfig();\n    expect(config).not.toBe(null);\n    expect(typeof config).toBe('object');\n    expect(config).toBeDefined();\n  })",
                  "err": {},
                  "uuid": "a927e76e-aff8-49c7-8fcb-ead7d3eba37d",
                  "parentUUID": "2b8d24c7-d41f-458e-85fe-7ea0e5130027",
                  "isHook": false,
                  "skipped": false
                }
              ],
              "suites": [],
              "passes": [
                "a927e76e-aff8-49c7-8fcb-ead7d3eba37d"
              ],
              "failures": [],
              "pending": [],
              "skipped": [],
              "duration": 3,
              "root": false,
              "rootEmpty": false,
              "_timeout": 5000
            },
            {
              "uuid": "f52bc4b9-80d2-41e8-ac99-6bd40006107d",
              "title": "testing-library",
              "fullFile": "/home/runner/work/tresdoce-nestjs-toolkit/tresdoce-nestjs-toolkit/packages/commons/src/__test__/testing-library.spec.ts",
              "file": "testing-library.spec.ts",
              "beforeHooks": [],
              "afterHooks": [],
              "tests": [
                {
                  "fullTitle": "testing-library should be return jest config",
                  "title": "should be return jest config",
                  "timedOut": false,
                  "duration": 3,
                  "state": "passed",
                  "speed": "fast",
                  "pass": true,
                  "fail": false,
                  "pending": false,
                  "context": null,
                  "code": "// ⎯⎯⎯⎯⎯⎯⎯⎯⎯\n// • Line: 4\n// • Column: 2\n// ⎯⎯⎯⎯⎯⎯⎯⎯⎯\n\nit('should be return jest config', () => {\n    const config = jestConfig();\n    expect(config).not.toBe(null);\n    expect(typeof config).toBe('object');\n    expect(config).toBeDefined();\n  })",
                  "err": {},
                  "uuid": "2dfb7b64-6d32-4e65-8814-1ecf4835bca3",
                  "parentUUID": "f52bc4b9-80d2-41e8-ac99-6bd40006107d",
                  "isHook": false,
                  "skipped": false
                }
              ],
              "suites": [],
              "passes": [
                "2dfb7b64-6d32-4e65-8814-1ecf4835bca3"
              ],
              "failures": [],
              "pending": [],
              "skipped": [],
              "duration": 3,
              "root": false,
              "rootEmpty": false,
              "_timeout": 5000
            }
          ],
          "passes": [],
          "failures": [],
          "pending": [],
          "skipped": [],
          "duration": 0,
          "root": false,
          "rootEmpty": false,
          "_timeout": 5000
        }
      ],
      "passes": [],
      "failures": [],
      "pending": [],
      "skipped": [],
      "duration": 0,
      "root": true,
      "rootEmpty": true,
      "_timeout": 5000
    },
    {
      "uuid": "ef2897e9-d399-4877-a991-9c1ab22174d6",
      "title": "",
      "fullFile": "",
      "file": "",
      "beforeHooks": [],
      "afterHooks": [],
      "tests": [],
      "suites": [
        {
          "uuid": "34e546a4-44ae-4865-b84b-a1323eebf031",
          "title": "@tresdoce-nestjs-toolkit/core",
          "fullFile": "",
          "file": "",
          "beforeHooks": [],
          "afterHooks": [],
          "tests": [],
          "suites": [
            {
              "uuid": "c1a57e7d-63bb-4636-a76f-d2eac11eac5b",
              "title": "commons",
              "fullFile": "/home/runner/work/tresdoce-nestjs-toolkit/tresdoce-nestjs-toolkit/packages/core/src/__test__/commons.spec.ts",
              "file": "commons.spec.ts",
              "beforeHooks": [],
              "afterHooks": [],
              "tests": [],
              "suites": [
                {
                  "uuid": "c7a5a6c3-9d57-4774-ab5a-777b7375cbb9",
                  "title": "with env context",
                  "fullFile": "/home/runner/work/tresdoce-nestjs-toolkit/tresdoce-nestjs-toolkit/packages/core/src/__test__/commons.spec.ts",
                  "file": "",
                  "beforeHooks": [],
                  "afterHooks": [],
                  "tests": [
                    {
                      "fullTitle": "commons with env context should be return commons exclude paths with context",
                      "title": "should be return commons exclude paths with context",
                      "timedOut": false,
                      "duration": 6,
                      "state": "passed",
                      "speed": "fast",
                      "pass": true,
                      "fail": false,
                      "pending": false,
                      "context": null,
                      "code": "// ⎯⎯⎯⎯⎯⎯⎯⎯⎯\n// • Line: 10\n// • Column: 4\n// ⎯⎯⎯⎯⎯⎯⎯⎯⎯\n\nit('should be return commons exclude paths with context', () => {\n      expect(corePathsExcludes()).not.toBe(null);\n      expect(corePathsExcludes()).toBeDefined();\n      expect(corePathsExcludes()).toBeInstanceOf(Array);\n\n      expect(corePathsExcludes()).toContainObject({\n        path: `/v1/api-test/health/liveness`,\n        method: RequestMethod.GET,\n      });\n\n      expect(corePathsExcludes()).toContainObject({\n        path: `/v1/api-test/health/readiness`,\n        method: RequestMethod.GET,\n      });\n\n      expect(corePathsExcludes()).toContainObject({\n        path: `/v1/api-test/info`,\n        method: RequestMethod.GET,\n      });\n    })",
                      "err": {},
                      "uuid": "c5f5162d-d51b-4807-9627-d6139243898a",
                      "parentUUID": "c7a5a6c3-9d57-4774-ab5a-777b7375cbb9",
                      "isHook": false,
                      "skipped": false
                    },
                    {
                      "fullTitle": "commons with env context should be return array of exclude paths with context",
                      "title": "should be return array of exclude paths with context",
                      "timedOut": false,
                      "duration": 2,
                      "state": "passed",
                      "speed": "fast",
                      "pass": true,
                      "fail": false,
                      "pending": false,
                      "context": null,
                      "code": "// ⎯⎯⎯⎯⎯⎯⎯⎯⎯\n// • Line: 31\n// • Column: 4\n// ⎯⎯⎯⎯⎯⎯⎯⎯⎯\n\nit('should be return array of exclude paths with context', () => {\n      expect(excludePaths()).not.toBe(null);\n      expect(excludePaths()).toBeDefined();\n      expect(excludePaths()).toBeInstanceOf(Array);\n      expect(excludePaths()).toEqual([\n        `/v1/api-test/health/liveness`,\n        `/v1/api-test/health/readiness`,\n        `/v1/api-test/info`,\n      ]);\n    })",
                      "err": {},
                      "uuid": "3bd54379-89cd-454c-b8a7-f3d3b9f6d03c",
                      "parentUUID": "c7a5a6c3-9d57-4774-ab5a-777b7375cbb9",
                      "isHook": false,
                      "skipped": false
                    }
                  ],
                  "suites": [],
                  "passes": [
                    "c5f5162d-d51b-4807-9627-d6139243898a",
                    "3bd54379-89cd-454c-b8a7-f3d3b9f6d03c"
                  ],
                  "failures": [],
                  "pending": [],
                  "skipped": [],
                  "duration": 8,
                  "root": false,
                  "rootEmpty": false,
                  "_timeout": 5000
                },
                {
                  "uuid": "89fc3596-83ea-42c6-b2ae-e94fc40a91d2",
                  "title": "without env context",
                  "fullFile": "/home/runner/work/tresdoce-nestjs-toolkit/tresdoce-nestjs-toolkit/packages/core/src/__test__/commons.spec.ts",
                  "file": "",
                  "beforeHooks": [],
                  "afterHooks": [],
                  "tests": [
                    {
                      "fullTitle": "commons without env context should be return commons exclude paths without context",
                      "title": "should be return commons exclude paths without context",
                      "timedOut": false,
                      "duration": 3,
                      "state": "passed",
                      "speed": "fast",
                      "pass": true,
                      "fail": false,
                      "pending": false,
                      "context": null,
                      "code": "// ⎯⎯⎯⎯⎯⎯⎯⎯⎯\n// • Line: 48\n// • Column: 4\n// ⎯⎯⎯⎯⎯⎯⎯⎯⎯\n\nit('should be return commons exclude paths without context', () => {\n      expect(corePathsExcludes()).not.toBe(null);\n      expect(corePathsExcludes()).toBeDefined();\n      expect(corePathsExcludes()).toBeInstanceOf(Array);\n\n      expect(corePathsExcludes()).toContainObject({\n        path: '/health/liveness',\n        method: RequestMethod.GET,\n      });\n\n      expect(corePathsExcludes()).toContainObject({\n        path: '/health/readiness',\n        method: RequestMethod.GET,\n      });\n\n      expect(corePathsExcludes()).toContainObject({\n        path: '/info',\n        method: RequestMethod.GET,\n      });\n    })",
                      "err": {},
                      "uuid": "d8b8ddb0-cfbb-4e20-945b-023157a9983f",
                      "parentUUID": "89fc3596-83ea-42c6-b2ae-e94fc40a91d2",
                      "isHook": false,
                      "skipped": false
                    },
                    {
                      "fullTitle": "commons without env context should be return array of exclude paths without context",
                      "title": "should be return array of exclude paths without context",
                      "timedOut": false,
                      "duration": 1,
                      "state": "passed",
                      "speed": "fast",
                      "pass": true,
                      "fail": false,
                      "pending": false,
                      "context": null,
                      "code": "// ⎯⎯⎯⎯⎯⎯⎯⎯⎯\n// • Line: 69\n// • Column: 4\n// ⎯⎯⎯⎯⎯⎯⎯⎯⎯\n\nit('should be return array of exclude paths without context', () => {\n      expect(excludePaths()).not.toBe(null);\n      expect(excludePaths()).toBeDefined();\n      expect(excludePaths()).toBeInstanceOf(Array);\n      expect(excludePaths()).toEqual(['/health/liveness', '/health/readiness', '/info']);\n    })",
                      "err": {},
                      "uuid": "5471f8e1-bfae-43fb-8518-3f05524a5f36",
                      "parentUUID": "89fc3596-83ea-42c6-b2ae-e94fc40a91d2",
                      "isHook": false,
                      "skipped": false
                    }
                  ],
                  "suites": [],
                  "passes": [
                    "d8b8ddb0-cfbb-4e20-945b-023157a9983f",
                    "5471f8e1-bfae-43fb-8518-3f05524a5f36"
                  ],
                  "failures": [],
                  "pending": [],
                  "skipped": [],
                  "duration": 4,
                  "root": false,
                  "rootEmpty": false,
                  "_timeout": 5000
                }
              ],
              "passes": [],
              "failures": [],
              "pending": [],
              "skipped": [],
              "duration": 0,
              "root": false,
              "rootEmpty": false,
              "_timeout": 5000
            },
            {
              "uuid": "33f8196d-e990-4d17-b6f9-1a95deb3e808",
              "title": "https-certificate",
              "fullFile": "/home/runner/work/tresdoce-nestjs-toolkit/tresdoce-nestjs-toolkit/packages/core/src/__test__/https-certificate.spec.ts",
              "file": "https-certificate.spec.ts",
              "beforeHooks": [],
              "afterHooks": [],
              "tests": [
                {
                  "fullTitle": "https-certificate should be return https certificate config",
                  "title": "should be return https certificate config",
                  "timedOut": false,
                  "duration": 5,
                  "state": "passed",
                  "speed": "fast",
                  "pass": true,
                  "fail": false,
                  "pending": false,
                  "context": null,
                  "code": "// ⎯⎯⎯⎯⎯⎯⎯⎯⎯\n// • Line: 4\n// • Column: 2\n// ⎯⎯⎯⎯⎯⎯⎯⎯⎯\n\nit('should be return https certificate config', () => {\n    const crtPath = path.resolve(__dirname, './utils/localhost.crt');\n    const keyPath = path.resolve(__dirname, './utils/localhost.key');\n\n    const config = setHttpsOptions(crtPath, keyPath);\n    expect(typeof config).toBe('object');\n    expect(config).toBeDefined();\n    expect(config.cert).not.toEqual('');\n    expect(config.key).not.toEqual('');\n  })",
                  "err": {},
                  "uuid": "96b602bc-b8d0-47b2-a384-7f3f7c87ce43",
                  "parentUUID": "33f8196d-e990-4d17-b6f9-1a95deb3e808",
                  "isHook": false,
                  "skipped": false
                },
                {
                  "fullTitle": "https-certificate should be return https certificate config empty",
                  "title": "should be return https certificate config empty",
                  "timedOut": false,
                  "duration": 1,
                  "state": "passed",
                  "speed": "fast",
                  "pass": true,
                  "fail": false,
                  "pending": false,
                  "context": null,
                  "code": "// ⎯⎯⎯⎯⎯⎯⎯⎯⎯\n// • Line: 15\n// • Column: 2\n// ⎯⎯⎯⎯⎯⎯⎯⎯⎯\n\nit('should be return https certificate config empty', () => {\n    const crtPath = path.resolve(__dirname, './utils/my-localhost.crt');\n    const keyPath = path.resolve(__dirname, './utils/my-localhost.key');\n\n    const config = setHttpsOptions(crtPath, keyPath);\n    expect(typeof config).toBe('object');\n    expect(config).toBeDefined();\n    expect(config.cert).toEqual('');\n    expect(config.key).toEqual('');\n  })",
                  "err": {},
                  "uuid": "3137c7dd-b266-4cc0-a658-5197a2ed35e4",
                  "parentUUID": "33f8196d-e990-4d17-b6f9-1a95deb3e808",
                  "isHook": false,
                  "skipped": false
                }
              ],
              "suites": [],
              "passes": [
                "96b602bc-b8d0-47b2-a384-7f3f7c87ce43",
                "3137c7dd-b266-4cc0-a658-5197a2ed35e4"
              ],
              "failures": [],
              "pending": [],
              "skipped": [],
              "duration": 6,
              "root": false,
              "rootEmpty": false,
              "_timeout": 5000
            },
            {
              "uuid": "f59b40f6-3b58-4946-b174-9f15896caa65",
              "title": "Roles decorator",
              "fullFile": "/home/runner/work/tresdoce-nestjs-toolkit/tresdoce-nestjs-toolkit/packages/core/src/__test__/roles.decorator.spec.ts",
              "file": "roles.decorator.spec.ts",
              "beforeHooks": [],
              "afterHooks": [],
              "tests": [
                {
                  "fullTitle": "Roles decorator should be defined",
                  "title": "should be defined",
                  "timedOut": false,
                  "duration": 3,
                  "state": "passed",
                  "speed": "fast",
                  "pass": true,
                  "fail": false,
                  "pending": false,
                  "context": null,
                  "code": "// ⎯⎯⎯⎯⎯⎯⎯⎯⎯\n// • Line: 4\n// • Column: 2\n// ⎯⎯⎯⎯⎯⎯⎯⎯⎯\n\nit('should be defined', async () => {\n    expect(Roles('admin')).toBeDefined();\n    expect(Roles('admin', 'user')).toBeDefined();\n  })",
                  "err": {},
                  "uuid": "df2f77a3-21e2-4f9b-9c8d-37977ce68709",
                  "parentUUID": "f59b40f6-3b58-4946-b174-9f15896caa65",
                  "isHook": false,
                  "skipped": false
                },
                {
                  "fullTitle": "Roles decorator should be return key",
                  "title": "should be return key",
                  "timedOut": false,
                  "duration": 0,
                  "state": "passed",
                  "speed": "fast",
                  "pass": true,
                  "fail": false,
                  "pending": false,
                  "context": null,
                  "code": "// ⎯⎯⎯⎯⎯⎯⎯⎯⎯\n// • Line: 9\n// • Column: 2\n// ⎯⎯⎯⎯⎯⎯⎯⎯⎯\n\nit('should be return key', async () => {\n    expect(ROLES_KEY).toBe('roles');\n  })",
                  "err": {},
                  "uuid": "81763654-6f9d-4b89-b943-8d06502ef574",
                  "parentUUID": "f59b40f6-3b58-4946-b174-9f15896caa65",
                  "isHook": false,
                  "skipped": false
                }
              ],
              "suites": [],
              "passes": [
                "df2f77a3-21e2-4f9b-9c8d-37977ce68709",
                "81763654-6f9d-4b89-b943-8d06502ef574"
              ],
              "failures": [],
              "pending": [],
              "skipped": [],
              "duration": 3,
              "root": false,
              "rootEmpty": false,
              "_timeout": 5000
            },
            {
              "uuid": "fd3667b2-049b-4d22-ab6d-b512c7d91a77",
              "title": "Public decorator",
              "fullFile": "/home/runner/work/tresdoce-nestjs-toolkit/tresdoce-nestjs-toolkit/packages/core/src/__test__/public.decorator.spec.ts",
              "file": "public.decorator.spec.ts",
              "beforeHooks": [],
              "afterHooks": [],
              "tests": [
                {
                  "fullTitle": "Public decorator should be defined",
                  "title": "should be defined",
                  "timedOut": false,
                  "duration": 10,
                  "state": "passed",
                  "speed": "fast",
                  "pass": true,
                  "fail": false,
                  "pending": false,
                  "context": null,
                  "code": "// ⎯⎯⎯⎯⎯⎯⎯⎯⎯\n// • Line: 4\n// • Column: 2\n// ⎯⎯⎯⎯⎯⎯⎯⎯⎯\n\nit('should be defined', async () => {\n    expect(Public()).toBeDefined();\n  })",
                  "err": {},
                  "uuid": "1f9d94ec-b14b-42f2-9622-27fece755d10",
                  "parentUUID": "fd3667b2-049b-4d22-ab6d-b512c7d91a77",
                  "isHook": false,
                  "skipped": false
                },
                {
                  "fullTitle": "Public decorator should be return key",
                  "title": "should be return key",
                  "timedOut": false,
                  "duration": 1,
                  "state": "passed",
                  "speed": "fast",
                  "pass": true,
                  "fail": false,
                  "pending": false,
                  "context": null,
                  "code": "// ⎯⎯⎯⎯⎯⎯⎯⎯⎯\n// • Line: 8\n// • Column: 2\n// ⎯⎯⎯⎯⎯⎯⎯⎯⎯\n\nit('should be return key', async () => {\n    expect(IS_PUBLIC_KEY).toBe('isPublic');\n  })",
                  "err": {},
                  "uuid": "05d390f6-f02a-4d72-b448-f00581366419",
                  "parentUUID": "fd3667b2-049b-4d22-ab6d-b512c7d91a77",
                  "isHook": false,
                  "skipped": false
                }
              ],
              "suites": [],
              "passes": [
                "1f9d94ec-b14b-42f2-9622-27fece755d10",
                "05d390f6-f02a-4d72-b448-f00581366419"
              ],
              "failures": [],
              "pending": [],
              "skipped": [],
              "duration": 11,
              "root": false,
              "rootEmpty": false,
              "_timeout": 5000
            }
          ],
          "passes": [],
          "failures": [],
          "pending": [],
          "skipped": [],
          "duration": 0,
          "root": false,
          "rootEmpty": false,
          "_timeout": 5000
        }
      ],
      "passes": [],
      "failures": [],
      "pending": [],
      "skipped": [],
      "duration": 0,
      "root": true,
      "rootEmpty": true,
      "_timeout": 5000
    },
    {
      "uuid": "5ea97e5b-98d1-4448-a6cd-72789c3899c7",
      "title": "",
      "fullFile": "",
      "file": "",
      "beforeHooks": [],
      "afterHooks": [],
      "tests": [],
      "suites": [
        {
          "uuid": "b316d65a-daee-4636-bf11-ee6d194911af",
          "title": "@tresdoce-nestjs-toolkit/dynamoose",
          "fullFile": "",
          "file": "",
          "beforeHooks": [],
          "afterHooks": [],
          "tests": [],
          "suites": [
            {
              "uuid": "84667061-236f-4c92-acd9-69453bd3e465",
              "title": "DynamooseModule",
              "fullFile": "/home/runner/work/tresdoce-nestjs-toolkit/tresdoce-nestjs-toolkit/packages/dynamoose/src/__test__/dynamoose.module.spec.ts",
              "file": "dynamoose.module.spec.ts",
              "beforeHooks": [],
              "afterHooks": [],
              "tests": [],
              "suites": [
                {
                  "uuid": "88e05e69-a12c-4847-93cc-9e41894c6b25",
                  "title": "Basic configuration",
                  "fullFile": "/home/runner/work/tresdoce-nestjs-toolkit/tresdoce-nestjs-toolkit/packages/dynamoose/src/__test__/dynamoose.module.spec.ts",
                  "file": "",
                  "beforeHooks": [],
                  "afterHooks": [],
                  "tests": [],
                  "suites": [
                    {
                      "uuid": "4a6dc3f5-905a-4414-8631-00fb04a39556",
                      "title": "forRoot",
                      "fullFile": "/home/runner/work/tresdoce-nestjs-toolkit/tresdoce-nestjs-toolkit/packages/dynamoose/src/__test__/dynamoose.module.spec.ts",
                      "file": "",
                      "beforeHooks": [],
                      "afterHooks": [],
                      "tests": [
                        {
                          "fullTitle": "DynamooseModule Basic configuration forRoot should return a dynamic module",
                          "title": "should return a dynamic module",
                          "timedOut": false,
                          "duration": 233,
                          "state": "passed",
                          "speed": "medium",
                          "pass": true,
                          "fail": false,
                          "pending": false,
                          "context": null,
                          "code": "// ⎯⎯⎯⎯⎯⎯⎯⎯⎯\n// • Line: 63\n// • Column: 6\n// ⎯⎯⎯⎯⎯⎯⎯⎯⎯\n\nit('should return a dynamic module', () => {\n        const dynamicModule = DynamooseModule.forRoot();\n        expect(dynamicModule).toBeDefined();\n      })",
                          "err": {},
                          "uuid": "21dd2ad3-dbb6-4fe5-bcd8-f5350e568b69",
                          "parentUUID": "4a6dc3f5-905a-4414-8631-00fb04a39556",
                          "isHook": false,
                          "skipped": false
                        },
                        {
                          "fullTitle": "DynamooseModule Basic configuration forRoot should create a module with forRoot method",
                          "title": "should create a module with forRoot method",
                          "timedOut": false,
                          "duration": 13,
                          "state": "passed",
                          "speed": "fast",
                          "pass": true,
                          "fail": false,
                          "pending": false,
                          "context": null,
                          "code": "// ⎯⎯⎯⎯⎯⎯⎯⎯⎯\n// • Line: 68\n// • Column: 6\n// ⎯⎯⎯⎯⎯⎯⎯⎯⎯\n\nit('should create a module with forRoot method', async () => {\n        const rootModule = DynamooseModule.forRoot(dynamooseOptions);\n        expect(rootModule).toBeDefined();\n      })",
                          "err": {},
                          "uuid": "a9402de7-5121-4395-b145-6671b7bf15b2",
                          "parentUUID": "4a6dc3f5-905a-4414-8631-00fb04a39556",
                          "isHook": false,
                          "skipped": false
                        }
                      ],
                      "suites": [],
                      "passes": [
                        "21dd2ad3-dbb6-4fe5-bcd8-f5350e568b69",
                        "a9402de7-5121-4395-b145-6671b7bf15b2"
                      ],
                      "failures": [],
                      "pending": [],
                      "skipped": [],
                      "duration": 246,
                      "root": false,
                      "rootEmpty": false,
                      "_timeout": 5000
                    },
                    {
                      "uuid": "1f95e249-cfb9-4cb7-901a-9a2274cf8eeb",
                      "title": "forRootAsync",
                      "fullFile": "/home/runner/work/tresdoce-nestjs-toolkit/tresdoce-nestjs-toolkit/packages/dynamoose/src/__test__/dynamoose.module.spec.ts",
                      "file": "",
                      "beforeHooks": [],
                      "afterHooks": [],
                      "tests": [
                        {
                          "fullTitle": "DynamooseModule Basic configuration forRootAsync should return a dynamic module",
                          "title": "should return a dynamic module",
                          "timedOut": false,
                          "duration": 23,
                          "state": "passed",
                          "speed": "fast",
                          "pass": true,
                          "fail": false,
                          "pending": false,
                          "context": null,
                          "code": "// ⎯⎯⎯⎯⎯⎯⎯⎯⎯\n// • Line: 75\n// • Column: 6\n// ⎯⎯⎯⎯⎯⎯⎯⎯⎯\n\nit('should return a dynamic module', () => {\n        const asyncModule = DynamooseModule.forRootAsync({ useFactory: async () => ({}) });\n        expect(asyncModule).toBeDefined();\n      })",
                          "err": {},
                          "uuid": "f6caab44-0e54-42c0-bd74-e03138941756",
                          "parentUUID": "1f95e249-cfb9-4cb7-901a-9a2274cf8eeb",
                          "isHook": false,
                          "skipped": false
                        },
                        {
                          "fullTitle": "DynamooseModule Basic configuration forRootAsync should create a module with forRootAsync method",
                          "title": "should create a module with forRootAsync method",
                          "timedOut": false,
                          "duration": 10,
                          "state": "passed",
                          "speed": "fast",
                          "pass": true,
                          "fail": false,
                          "pending": false,
                          "context": null,
                          "code": "// ⎯⎯⎯⎯⎯⎯⎯⎯⎯\n// • Line: 80\n// • Column: 6\n// ⎯⎯⎯⎯⎯⎯⎯⎯⎯\n\nit('should create a module with forRootAsync method', async () => {\n        const asyncOptions = {\n          useFactory: async (configService: ConfigService): Promise<DynamooseModuleOptions> =>\n            configService.get<DynamooseModuleOptions>('config.dynamodb'),\n          inject: [ConfigService],\n        };\n        const asyncRootModule = DynamooseModule.forRootAsync(asyncOptions);\n        expect(asyncRootModule).toBeDefined();\n      })",
                          "err": {},
                          "uuid": "f95556b0-e25b-4e30-aa8f-a04c6a655fa8",
                          "parentUUID": "1f95e249-cfb9-4cb7-901a-9a2274cf8eeb",
                          "isHook": false,
                          "skipped": false
                        }
                      ],
                      "suites": [],
                      "passes": [
                        "f6caab44-0e54-42c0-bd74-e03138941756",
                        "f95556b0-e25b-4e30-aa8f-a04c6a655fa8"
                      ],
                      "failures": [],
                      "pending": [],
                      "skipped": [],
                      "duration": 33,
                      "root": false,
                      "rootEmpty": false,
                      "_timeout": 5000
                    },
                    {
                      "uuid": "8f601edc-b19d-463f-a713-cedad959505c",
                      "title": "forFeature",
                      "fullFile": "/home/runner/work/tresdoce-nestjs-toolkit/tresdoce-nestjs-toolkit/packages/dynamoose/src/__test__/dynamoose.module.spec.ts",
                      "file": "",
                      "beforeHooks": [],
                      "afterHooks": [],
                      "tests": [
                        {
                          "fullTitle": "DynamooseModule Basic configuration forFeature should return a dynamic module empty",
                          "title": "should return a dynamic module empty",
                          "timedOut": false,
                          "duration": 9,
                          "state": "passed",
                          "speed": "fast",
                          "pass": true,
                          "fail": false,
                          "pending": false,
                          "context": null,
                          "code": "// ⎯⎯⎯⎯⎯⎯⎯⎯⎯\n// • Line: 92\n// • Column: 6\n// ⎯⎯⎯⎯⎯⎯⎯⎯⎯\n\nit('should return a dynamic module empty', () => {\n        const featureModule = DynamooseModule.forFeature();\n        expect(featureModule).toBeDefined();\n      })",
                          "err": {},
                          "uuid": "78c56732-5ce1-4dac-91e8-e1faabc4766e",
                          "parentUUID": "8f601edc-b19d-463f-a713-cedad959505c",
                          "isHook": false,
                          "skipped": false
                        },
                        {
                          "fullTitle": "DynamooseModule Basic configuration forFeature should return a dynamic module",
                          "title": "should return a dynamic module",
                          "timedOut": false,
                          "duration": 8,
                          "state": "passed",
                          "speed": "fast",
                          "pass": true,
                          "fail": false,
                          "pending": false,
                          "context": null,
                          "code": "// ⎯⎯⎯⎯⎯⎯⎯⎯⎯\n// • Line: 97\n// • Column: 6\n// ⎯⎯⎯⎯⎯⎯⎯⎯⎯\n\nit('should return a dynamic module', () => {\n        const featureModule = DynamooseModule.forFeature([]);\n        expect(featureModule).toBeDefined();\n      })",
                          "err": {},
                          "uuid": "bb844d11-076b-41d6-aae6-989ddaeb89c1",
                          "parentUUID": "8f601edc-b19d-463f-a713-cedad959505c",
                          "isHook": false,
                          "skipped": false
                        },
                        {
                          "fullTitle": "DynamooseModule Basic configuration forFeature should provide and export dynamoose providers",
                          "title": "should provide and export dynamoose providers",
                          "timedOut": false,
                          "duration": 10,
                          "state": "passed",
                          "speed": "fast",
                          "pass": true,
                          "fail": false,
                          "pending": false,
                          "context": null,
                          "code": "// ⎯⎯⎯⎯⎯⎯⎯⎯⎯\n// • Line: 102\n// • Column: 6\n// ⎯⎯⎯⎯⎯⎯⎯⎯⎯\n\nit('should provide and export dynamoose providers', () => {\n        const featureModule = DynamooseModule.forFeature([]);\n        const providers = createDynamooseProviders([]);\n        expect(featureModule.providers).toEqual(providers);\n        expect(featureModule.exports).toEqual(providers);\n      })",
                          "err": {},
                          "uuid": "18e7bb4f-d59a-4e3d-a221-061cbb2e5aab",
                          "parentUUID": "8f601edc-b19d-463f-a713-cedad959505c",
                          "isHook": false,
                          "skipped": false
                        },
                        {
                          "fullTitle": "DynamooseModule Basic configuration forFeature should create a module with forFeature method",
                          "title": "should create a module with forFeature method",
                          "timedOut": false,
                          "duration": 9,
                          "state": "passed",
                          "speed": "fast",
                          "pass": true,
                          "fail": false,
                          "pending": false,
                          "context": null,
                          "code": "// ⎯⎯⎯⎯⎯⎯⎯⎯⎯\n// • Line: 109\n// • Column: 6\n// ⎯⎯⎯⎯⎯⎯⎯⎯⎯\n\nit('should create a module with forFeature method', async () => {\n        const models: ModelDefinition[] = [\n          {\n            name: 'User',\n            schema: UserSchema,\n            options: {\n              tableName: 'user',\n            },\n            serializers: {\n              frontend: { exclude: ['status'] },\n              backend: { exclude: ['status'] },\n            },\n          },\n        ];\n        const featureModule = DynamooseModule.forFeature(models);\n        expect(featureModule).toBeDefined();\n      })",
                          "err": {},
                          "uuid": "4223e8a8-211d-417b-8138-3056923bceb7",
                          "parentUUID": "8f601edc-b19d-463f-a713-cedad959505c",
                          "isHook": false,
                          "skipped": false
                        }
                      ],
                      "suites": [],
                      "passes": [
                        "78c56732-5ce1-4dac-91e8-e1faabc4766e",
                        "bb844d11-076b-41d6-aae6-989ddaeb89c1",
                        "18e7bb4f-d59a-4e3d-a221-061cbb2e5aab",
                        "4223e8a8-211d-417b-8138-3056923bceb7"
                      ],
                      "failures": [],
                      "pending": [],
                      "skipped": [],
                      "duration": 36,
                      "root": false,
                      "rootEmpty": false,
                      "_timeout": 5000
                    },
                    {
                      "uuid": "9cbce155-d104-426f-928d-d90ccbabcda5",
                      "title": "forFeatureAsync",
                      "fullFile": "/home/runner/work/tresdoce-nestjs-toolkit/tresdoce-nestjs-toolkit/packages/dynamoose/src/__test__/dynamoose.module.spec.ts",
                      "file": "",
                      "beforeHooks": [],
                      "afterHooks": [],
                      "tests": [
                        {
                          "fullTitle": "DynamooseModule Basic configuration forFeatureAsync should return a dynamic module empty",
                          "title": "should return a dynamic module empty",
                          "timedOut": false,
                          "duration": 10,
                          "state": "passed",
                          "speed": "fast",
                          "pass": true,
                          "fail": false,
                          "pending": false,
                          "context": null,
                          "code": "// ⎯⎯⎯⎯⎯⎯⎯⎯⎯\n// • Line: 129\n// • Column: 6\n// ⎯⎯⎯⎯⎯⎯⎯⎯⎯\n\nit('should return a dynamic module empty', () => {\n        const asyncFeatureModule = DynamooseModule.forFeatureAsync();\n        expect(asyncFeatureModule).toBeDefined();\n      })",
                          "err": {},
                          "uuid": "152f9e6a-ca7a-4263-864d-84e4ac446615",
                          "parentUUID": "9cbce155-d104-426f-928d-d90ccbabcda5",
                          "isHook": false,
                          "skipped": false
                        },
                        {
                          "fullTitle": "DynamooseModule Basic configuration forFeatureAsync should return a dynamic module",
                          "title": "should return a dynamic module",
                          "timedOut": false,
                          "duration": 9,
                          "state": "passed",
                          "speed": "fast",
                          "pass": true,
                          "fail": false,
                          "pending": false,
                          "context": null,
                          "code": "// ⎯⎯⎯⎯⎯⎯⎯⎯⎯\n// • Line: 134\n// • Column: 6\n// ⎯⎯⎯⎯⎯⎯⎯⎯⎯\n\nit('should return a dynamic module', () => {\n        const asyncFeatureModule = DynamooseModule.forFeatureAsync([]);\n        expect(asyncFeatureModule).toBeDefined();\n      })",
                          "err": {},
                          "uuid": "38d88084-dbd9-434a-b9ab-2555709bdaa2",
                          "parentUUID": "9cbce155-d104-426f-928d-d90ccbabcda5",
                          "isHook": false,
                          "skipped": false
                        },
                        {
                          "fullTitle": "DynamooseModule Basic configuration forFeatureAsync should provide and export dynamoose async providers",
                          "title": "should provide and export dynamoose async providers",
                          "timedOut": false,
                          "duration": 16,
                          "state": "passed",
                          "speed": "fast",
                          "pass": true,
                          "fail": false,
                          "pending": false,
                          "context": null,
                          "code": "// ⎯⎯⎯⎯⎯⎯⎯⎯⎯\n// • Line: 139\n// • Column: 6\n// ⎯⎯⎯⎯⎯⎯⎯⎯⎯\n\nit('should provide and export dynamoose async providers', () => {\n        const asyncFeatureModule = DynamooseModule.forFeatureAsync([]);\n        const providers = createDynamooseAsyncProviders([]);\n        expect(asyncFeatureModule.providers).toEqual(providers);\n        expect(asyncFeatureModule.exports).toEqual(providers);\n      })",
                          "err": {},
                          "uuid": "f4744655-50c3-4067-b5c1-01f35d08d476",
                          "parentUUID": "9cbce155-d104-426f-928d-d90ccbabcda5",
                          "isHook": false,
                          "skipped": false
                        },
                        {
                          "fullTitle": "DynamooseModule Basic configuration forFeatureAsync should create a module with forFeatureAsync method",
                          "title": "should create a module with forFeatureAsync method",
                          "timedOut": false,
                          "duration": 9,
                          "state": "passed",
                          "speed": "fast",
                          "pass": true,
                          "fail": false,
                          "pending": false,
                          "context": null,
                          "code": "// ⎯⎯⎯⎯⎯⎯⎯⎯⎯\n// • Line: 146\n// • Column: 6\n// ⎯⎯⎯⎯⎯⎯⎯⎯⎯\n\nit('should create a module with forFeatureAsync method', async () => {\n        const factories = [\n          {\n            name: 'User',\n            useFactory: async () => ({\n              schema: UserSchema,\n              options: {\n                tableName: 'user',\n              },\n              serializers: {\n                frontend: { exclude: ['status'] },\n              },\n            }),\n            inject: [],\n          },\n        ];\n        const featureAsyncModule = DynamooseModule.forFeatureAsync(factories);\n        expect(featureAsyncModule).toBeDefined();\n      })",
                          "err": {},
                          "uuid": "f989e189-d81b-40a5-abad-1dadde6575b2",
                          "parentUUID": "9cbce155-d104-426f-928d-d90ccbabcda5",
                          "isHook": false,
                          "skipped": false
                        }
                      ],
                      "suites": [],
                      "passes": [
                        "152f9e6a-ca7a-4263-864d-84e4ac446615",
                        "38d88084-dbd9-434a-b9ab-2555709bdaa2",
                        "f4744655-50c3-4067-b5c1-01f35d08d476",
                        "f989e189-d81b-40a5-abad-1dadde6575b2"
                      ],
                      "failures": [],
                      "pending": [],
                      "skipped": [],
                      "duration": 44,
                      "root": false,
                      "rootEmpty": false,
                      "_timeout": 5000
                    },
                    {
                      "uuid": "5dfc0d85-ffb3-4bf6-85f0-6da2e68a7857",
                      "title": "providers",
                      "fullFile": "/home/runner/work/tresdoce-nestjs-toolkit/tresdoce-nestjs-toolkit/packages/dynamoose/src/__test__/dynamoose.module.spec.ts",
                      "file": "",
                      "beforeHooks": [],
                      "afterHooks": [],
                      "tests": [
                        {
                          "fullTitle": "DynamooseModule Basic configuration providers should create dynamoose providers",
                          "title": "should create dynamoose providers",
                          "timedOut": false,
                          "duration": 8,
                          "state": "passed",
                          "speed": "fast",
                          "pass": true,
                          "fail": false,
                          "pending": false,
                          "context": null,
                          "code": "// ⎯⎯⎯⎯⎯⎯⎯⎯⎯\n// • Line: 168\n// • Column: 6\n// ⎯⎯⎯⎯⎯⎯⎯⎯⎯\n\nit('should create dynamoose providers', async () => {\n        const models: ModelDefinition[] = [\n          {\n            name: 'User',\n            schema: UserSchema,\n            options: {\n              tableName: 'user',\n            },\n          },\n          {\n            name: 'TestModel',\n            schema: {\n              id: String,\n            },\n            options: {\n              tableName: 'test',\n            },\n          },\n        ];\n        const providers = createDynamooseProviders(models);\n        expect(providers).toBeDefined();\n      })",
                          "err": {},
                          "uuid": "e8383182-cef4-462f-b609-4e8ff5c3e1ef",
                          "parentUUID": "5dfc0d85-ffb3-4bf6-85f0-6da2e68a7857",
                          "isHook": false,
                          "skipped": false
                        },
                        {
                          "fullTitle": "DynamooseModule Basic configuration providers should create async dynamoose providers",
                          "title": "should create async dynamoose providers",
                          "timedOut": false,
                          "duration": 8,
                          "state": "passed",
                          "speed": "fast",
                          "pass": true,
                          "fail": false,
                          "pending": false,
                          "context": null,
                          "code": "// ⎯⎯⎯⎯⎯⎯⎯⎯⎯\n// • Line: 191\n// • Column: 6\n// ⎯⎯⎯⎯⎯⎯⎯⎯⎯\n\nit('should create async dynamoose providers', async () => {\n        const factories: any[] = [\n          {\n            name: 'User',\n            useFactory: async () => ({\n              schema: UserSchema,\n              options: {\n                tableName: 'user',\n              },\n              serializers: {},\n            }),\n            inject: [],\n          },\n          {\n            name: 'TestModel',\n            useFactory: async () => ({\n              schema: {\n                id: String,\n              },\n              options: { timestamps: true },\n              serializers: {\n                serializerName: {\n                  input: jest.fn(),\n                  output: jest.fn(),\n                },\n              },\n            }),\n            inject: [],\n          },\n        ];\n        const providers = createDynamooseAsyncProviders(factories);\n        expect(providers).toBeDefined();\n      })",
                          "err": {},
                          "uuid": "6648539e-9b73-454c-b7cf-b5fcf1563fa1",
                          "parentUUID": "5dfc0d85-ffb3-4bf6-85f0-6da2e68a7857",
                          "isHook": false,
                          "skipped": false
                        }
                      ],
                      "suites": [],
                      "passes": [
                        "e8383182-cef4-462f-b609-4e8ff5c3e1ef",
                        "6648539e-9b73-454c-b7cf-b5fcf1563fa1"
                      ],
                      "failures": [],
                      "pending": [],
                      "skipped": [],
                      "duration": 16,
                      "root": false,
                      "rootEmpty": false,
                      "_timeout": 5000
                    }
                  ],
                  "passes": [],
                  "failures": [],
                  "pending": [],
                  "skipped": [],
                  "duration": 0,
                  "root": false,
                  "rootEmpty": false,
                  "_timeout": 5000
                },
                {
                  "uuid": "1ac702b2-092e-4ce8-acca-6d104ede7eb6",
                  "title": "Advance configuration",
                  "fullFile": "/home/runner/work/tresdoce-nestjs-toolkit/tresdoce-nestjs-toolkit/packages/dynamoose/src/__test__/dynamoose.module.spec.ts",
                  "file": "",
                  "beforeHooks": [],
                  "afterHooks": [],
                  "tests": [
                    {
                      "fullTitle": "DynamooseModule Advance configuration should be defined",
                      "title": "should be defined",
                      "timedOut": false,
                      "duration": 13,
                      "state": "passed",
                      "speed": "fast",
                      "pass": true,
                      "fail": false,
                      "pending": false,
                      "context": null,
                      "code": "// ⎯⎯⎯⎯⎯⎯⎯⎯⎯\n// • Line: 256\n// • Column: 4\n// ⎯⎯⎯⎯⎯⎯⎯⎯⎯\n\nit('should be defined', async () => {\n      expect(app).toBeDefined();\n    })",
                      "err": {},
                      "uuid": "0034d221-6d79-47d0-aa52-4f04e0f77bb1",
                      "parentUUID": "1ac702b2-092e-4ce8-acca-6d104ede7eb6",
                      "isHook": false,
                      "skipped": false
                    }
                  ],
                  "suites": [],
                  "passes": [
                    "0034d221-6d79-47d0-aa52-4f04e0f77bb1"
                  ],
                  "failures": [],
                  "pending": [],
                  "skipped": [],
                  "duration": 13,
                  "root": false,
                  "rootEmpty": false,
                  "_timeout": 5000
                }
              ],
              "passes": [],
              "failures": [],
              "pending": [],
              "skipped": [],
              "duration": 0,
              "root": false,
              "rootEmpty": false,
              "_timeout": 5000
            },
            {
              "uuid": "e914f1a1-bdc9-46c2-8bc4-e1e60d2871fe",
              "title": "Providers",
              "fullFile": "/home/runner/work/tresdoce-nestjs-toolkit/tresdoce-nestjs-toolkit/packages/dynamoose/src/__test__/dynamoose.provider.spec.ts",
              "file": "dynamoose.provider.spec.ts",
              "beforeHooks": [],
              "afterHooks": [],
              "tests": [],
              "suites": [
                {
                  "uuid": "595988b4-1667-446e-ad51-0a61f0907f4c",
                  "title": "createDynamooseProviders",
                  "fullFile": "/home/runner/work/tresdoce-nestjs-toolkit/tresdoce-nestjs-toolkit/packages/dynamoose/src/__test__/dynamoose.provider.spec.ts",
                  "file": "",
                  "beforeHooks": [],
                  "afterHooks": [],
                  "tests": [
                    {
                      "fullTitle": "Providers createDynamooseProviders should create providers with no models",
                      "title": "should create providers with no models",
                      "timedOut": false,
                      "duration": 3,
                      "state": "passed",
                      "speed": "fast",
                      "pass": true,
                      "fail": false,
                      "pending": false,
                      "context": null,
                      "code": "// ⎯⎯⎯⎯⎯⎯⎯⎯⎯\n// • Line: 20\n// • Column: 4\n// ⎯⎯⎯⎯⎯⎯⎯⎯⎯\n\nit('should create providers with no models', () => {\n      const providers = createDynamooseProviders();\n      expect(providers).toEqual([]);\n    })",
                      "err": {},
                      "uuid": "503f09bd-f53f-40ee-ae2a-739a6943a0b8",
                      "parentUUID": "595988b4-1667-446e-ad51-0a61f0907f4c",
                      "isHook": false,
                      "skipped": false
                    },
                    {
                      "fullTitle": "Providers createDynamooseProviders should create providers with no models array",
                      "title": "should create providers with no models array",
                      "timedOut": false,
                      "duration": 0,
                      "state": "passed",
                      "speed": "fast",
                      "pass": true,
                      "fail": false,
                      "pending": false,
                      "context": null,
                      "code": "// ⎯⎯⎯⎯⎯⎯⎯⎯⎯\n// • Line: 25\n// • Column: 4\n// ⎯⎯⎯⎯⎯⎯⎯⎯⎯\n\nit('should create providers with no models array', () => {\n      const providers = createDynamooseProviders([]);\n      expect(providers).toEqual([]);\n    })",
                      "err": {},
                      "uuid": "cbc66380-f5af-41ca-a228-df0003ee5dd2",
                      "parentUUID": "595988b4-1667-446e-ad51-0a61f0907f4c",
                      "isHook": false,
                      "skipped": false
                    },
                    {
                      "fullTitle": "Providers createDynamooseProviders should create providers with models and no serializers",
                      "title": "should create providers with models and no serializers",
                      "timedOut": false,
                      "duration": 3,
                      "state": "passed",
                      "speed": "fast",
                      "pass": true,
                      "fail": false,
                      "pending": false,
                      "context": null,
[...]
                      "title": "should calculate diff between two timestamps in seconds",
                      "timedOut": false,
                      "duration": 3,
                      "state": "passed",
                      "speed": "fast",
                      "pass": true,
                      "fail": false,
                      "pending": false,
                      "context": null,
                      "code": "// ⎯⎯⎯⎯⎯⎯⎯⎯⎯\n// • Line: 162\n// • Column: 4\n// ⎯⎯⎯⎯⎯⎯⎯⎯⎯\n\nit('should calculate diff between two timestamps in seconds', () => {\n      expect(\n        service.calculateTimestampDiff({\n          startTime: 1689208308510,\n          endTime: 1689208308525,\n          options: { unit: 'seconds' },\n        }),\n      ).toBe(0.015);\n    })",
                      "err": {},
                      "uuid": "aab94724-f06a-4c42-bcf8-f4e2e22be433",
                      "parentUUID": "246ea185-02a7-442f-a46e-37ca68a9215e",
                      "isHook": false,
                      "skipped": false
                    },
                    {
                      "fullTitle": "FormatService formatDate should calculate diff between two timestamps in seconds with suffix",
                      "title": "should calculate diff between two timestamps in seconds with suffix",
                      "timedOut": false,
                      "duration": 3,
                      "state": "passed",
                      "speed": "fast",
                      "pass": true,
                      "fail": false,
                      "pending": false,
                      "context": null,
                      "code": "// ⎯⎯⎯⎯⎯⎯⎯⎯⎯\n// • Line: 172\n// • Column: 4\n// ⎯⎯⎯⎯⎯⎯⎯⎯⎯\n\nit('should calculate diff between two timestamps in seconds with suffix', () => {\n      expect(\n        service.calculateTimestampDiff({\n          startTime: 1689208308510,\n          endTime: 1689208308525,\n          options: { unit: 'seconds', addSuffix: true },\n        }),\n      ).toBe('0.015s');\n    })",
                      "err": {},
                      "uuid": "b9d48a25-2148-4a26-86ec-12cececdf2f3",
                      "parentUUID": "246ea185-02a7-442f-a46e-37ca68a9215e",
                      "isHook": false,
                      "skipped": false
                    }
                  ],
                  "suites": [],
                  "passes": [
                    "c7110178-8ec3-4ae3-8078-6b1b5abbc93b",
                    "8e167597-107a-4c50-89db-0df4b4b93da9",
                    "4059bf1a-ab5c-4f56-981f-0c4259a921a8",
                    "a06b03ba-88eb-41f5-8786-0a0bb4442cf6",
                    "4b52608f-3828-483e-aa57-18db09d2f254",
                    "44b156e7-2a7e-428e-8820-c7957da47bdd",
                    "963885a3-4513-4d7a-8d16-d2c9f5ce95ec",
                    "b84fefe5-0f28-41a4-93e3-251fe4cb4ff5",
                    "55d44de9-70ff-4963-b9c6-b72f7d3d326a",
                    "8e30305d-13ce-4fae-b79d-0cf7a6390f87",
                    "03badf79-02b1-4ee3-94fb-4a36664facab",
                    "aab94724-f06a-4c42-bcf8-f4e2e22be433",
                    "b9d48a25-2148-4a26-86ec-12cececdf2f3"
                  ],
                  "failures": [],
                  "pending": [],
                  "skipped": [],
                  "duration": 45,
                  "root": false,
                  "rootEmpty": false,
                  "_timeout": 5000
                }
              ],
              "passes": [],
              "failures": [],
              "pending": [],
              "skipped": [],
              "duration": 0,
              "root": false,
              "rootEmpty": false,
              "_timeout": 5000
            },
            {
              "uuid": "48512619-297d-4b1c-acf6-64e4845727d5",
              "title": "RedactModule",
              "fullFile": "/home/runner/work/tresdoce-nestjs-toolkit/tresdoce-nestjs-toolkit/packages/utils/src/__test__/redact.module.spec.ts",
              "file": "redact.module.spec.ts",
              "beforeHooks": [],
              "afterHooks": [],
              "tests": [],
              "suites": [
                {
                  "uuid": "1228a263-e1c3-4ee5-84aa-fecb272eff6e",
                  "title": "default",
                  "fullFile": "/home/runner/work/tresdoce-nestjs-toolkit/tresdoce-nestjs-toolkit/packages/utils/src/__test__/redact.module.spec.ts",
                  "file": "",
                  "beforeHooks": [],
                  "afterHooks": [],
                  "tests": [
                    {
                      "fullTitle": "RedactModule default should define the REDACT_PROVIDER",
                      "title": "should define the REDACT_PROVIDER",
                      "timedOut": false,
                      "duration": 21,
                      "state": "passed",
                      "speed": "fast",
                      "pass": true,
                      "fail": false,
                      "pending": false,
                      "context": null,
                      "code": "// ⎯⎯⎯⎯⎯⎯⎯⎯⎯\n// • Line: 14\n// • Column: 4\n// ⎯⎯⎯⎯⎯⎯⎯⎯⎯\n\nit('should define the REDACT_PROVIDER', async () => {\n      const module: TestingModule = await Test.createTestingModule({\n        imports: [RedactModule],\n      }).compile();\n\n      const provider = module.get(REDACT_PROVIDER);\n      expect(provider).toBeDefined();\n      expect(provider({ apiKey: '123456789' })).toEqual({ apiKey: '123456789' });\n    })",
                      "err": {},
                      "uuid": "6239de05-f0e3-454b-9a83-52f9f5bc4dfb",
                      "parentUUID": "1228a263-e1c3-4ee5-84aa-fecb272eff6e",
                      "isHook": false,
                      "skipped": false
                    },
                    {
                      "fullTitle": "RedactModule default should define the REDACT_PROVIDER with configModule",
                      "title": "should define the REDACT_PROVIDER with configModule",
                      "timedOut": false,
                      "duration": 10,
                      "state": "passed",
                      "speed": "fast",
                      "pass": true,
                      "fail": false,
                      "pending": false,
                      "context": null,
                      "code": "// ⎯⎯⎯⎯⎯⎯⎯⎯⎯\n// • Line: 24\n// • Column: 4\n// ⎯⎯⎯⎯⎯⎯⎯⎯⎯\n\nit('should define the REDACT_PROVIDER with configModule', async () => {\n      const module: TestingModule = await Test.createTestingModule({\n        imports: [\n          ConfigModule.forRoot({\n            isGlobal: true,\n            load: [\n              dynamicConfig({\n                redact: {\n                  paths: ['apiKey'],\n                },\n              }),\n            ],\n          }),\n          RedactModule,\n        ],\n      }).compile();\n\n      const provider = module.get(REDACT_PROVIDER);\n      expect(provider).toBeDefined();\n      expect(provider({ apiKey: '123456789' })).toEqual({ apiKey: '12345****' });\n    })",
                      "err": {},
                      "uuid": "3e45113d-cf40-471f-bb18-bd5909a2fd32",
                      "parentUUID": "1228a263-e1c3-4ee5-84aa-fecb272eff6e",
                      "isHook": false,
                      "skipped": false
                    }
                  ],
                  "suites": [],
                  "passes": [
                    "6239de05-f0e3-454b-9a83-52f9f5bc4dfb",
                    "3e45113d-cf40-471f-bb18-bd5909a2fd32"
                  ],
                  "failures": [],
                  "pending": [],
                  "skipped": [],
                  "duration": 31,
                  "root": false,
                  "rootEmpty": false,
                  "_timeout": 5000
                },
                {
                  "uuid": "8edd13a7-4f58-4766-9eb4-8508562183d1",
                  "title": "register",
                  "fullFile": "/home/runner/work/tresdoce-nestjs-toolkit/tresdoce-nestjs-toolkit/packages/utils/src/__test__/redact.module.spec.ts",
                  "file": "",
                  "beforeHooks": [],
                  "afterHooks": [],
                  "tests": [
                    {
                      "fullTitle": "RedactModule register should provide the REDACT_PROVIDER",
                      "title": "should provide the REDACT_PROVIDER",
                      "timedOut": false,
                      "duration": 6,
                      "state": "passed",
                      "speed": "fast",
                      "pass": true,
                      "fail": false,
                      "pending": false,
                      "context": null,
                      "code": "// ⎯⎯⎯⎯⎯⎯⎯⎯⎯\n// • Line: 48\n// • Column: 4\n// ⎯⎯⎯⎯⎯⎯⎯⎯⎯\n\nit('should provide the REDACT_PROVIDER', async () => {\n      const module: TestingModule = await Test.createTestingModule({\n        imports: [\n          RedactModule.register({\n            paths: ['apiKey'],\n            obfuscateFrom: 'left',\n          }),\n        ],\n      }).compile();\n\n      const provider = module.get(REDACT_PROVIDER);\n      expect(provider).toBeDefined();\n      expect(provider({ apiKey: '123456789' })).toEqual({ apiKey: '****56789' });\n    })",
                      "err": {},
                      "uuid": "542fb5b2-933c-472b-9d23-d465dccc4b01",
                      "parentUUID": "8edd13a7-4f58-4766-9eb4-8508562183d1",
                      "isHook": false,
                      "skipped": false
                    },
                    {
                      "fullTitle": "RedactModule register should provide the REDACT_PROVIDER values empty",
                      "title": "should provide the REDACT_PROVIDER values empty",
                      "timedOut": false,
                      "duration": 4,
                      "state": "passed",
                      "speed": "fast",
                      "pass": true,
                      "fail": false,
                      "pending": false,
                      "context": null,
                      "code": "// ⎯⎯⎯⎯⎯⎯⎯⎯⎯\n// • Line: 63\n// • Column: 4\n// ⎯⎯⎯⎯⎯⎯⎯⎯⎯\n\nit('should provide the REDACT_PROVIDER values empty', async () => {\n      const module: TestingModule = await Test.createTestingModule({\n        imports: [RedactModule.register({})],\n      }).compile();\n\n      const provider = module.get(REDACT_PROVIDER);\n      expect(provider).toBeDefined();\n      expect(provider({ apiKey: '123456789' })).toEqual({ apiKey: '123456789' });\n    })",
                      "err": {},
                      "uuid": "2fff0a21-6692-445e-a689-af362fb1f73e",
                      "parentUUID": "8edd13a7-4f58-4766-9eb4-8508562183d1",
                      "isHook": false,
                      "skipped": false
                    }
                  ],
                  "suites": [],
                  "passes": [
                    "542fb5b2-933c-472b-9d23-d465dccc4b01",
                    "2fff0a21-6692-445e-a689-af362fb1f73e"
                  ],
                  "failures": [],
                  "pending": [],
                  "skipped": [],
                  "duration": 10,
                  "root": false,
                  "rootEmpty": false,
                  "_timeout": 5000
                },
                {
                  "uuid": "066e0001-7b78-418d-9a94-3338fe040741",
                  "title": "registerAsync",
                  "fullFile": "/home/runner/work/tresdoce-nestjs-toolkit/tresdoce-nestjs-toolkit/packages/utils/src/__test__/redact.module.spec.ts",
                  "file": "",
                  "beforeHooks": [],
                  "afterHooks": [],
                  "tests": [
                    {
                      "fullTitle": "RedactModule registerAsync should provide the REDACT_PROVIDER using useFactory",
                      "title": "should provide the REDACT_PROVIDER using useFactory",
                      "timedOut": false,
                      "duration": 4,
                      "state": "passed",
                      "speed": "fast",
                      "pass": true,
                      "fail": false,
                      "pending": false,
                      "context": null,
                      "code": "// ⎯⎯⎯⎯⎯⎯⎯⎯⎯\n// • Line: 75\n// • Column: 4\n// ⎯⎯⎯⎯⎯⎯⎯⎯⎯\n\nit('should provide the REDACT_PROVIDER using useFactory', async () => {\n      const newCensor = 'XXXX';\n      const module: TestingModule = await Test.createTestingModule({\n        imports: [\n          RedactModule.registerAsync({\n            useFactory: () => ({\n              paths: ['apiKey'],\n              censor: (value): string =>\n                `[${newCensor}${value.toString().substring(newCensor.length)}]`,\n            }),\n          }),\n        ],\n      }).compile();\n\n      const provider = module.get(REDACT_PROVIDER);\n      expect(provider).toBeDefined();\n      expect(provider({ apiKey: '123456789' })).toEqual({ apiKey: '[XXXX56789]' });\n    })",
                      "err": {},
                      "uuid": "b261b9df-ab45-48c4-92d0-6a78d12189ee",
                      "parentUUID": "066e0001-7b78-418d-9a94-3338fe040741",
                      "isHook": false,
                      "skipped": false
                    },
                    {
                      "fullTitle": "RedactModule registerAsync should provide the REDACT_PROVIDER using useClass",
                      "title": "should provide the REDACT_PROVIDER using useClass",
                      "timedOut": false,
                      "duration": 4,
                      "state": "passed",
                      "speed": "fast",
                      "pass": true,
                      "fail": false,
                      "pending": false,
                      "context": null,
                      "code": "// ⎯⎯⎯⎯⎯⎯⎯⎯⎯\n// • Line: 94\n// • Column: 4\n// ⎯⎯⎯⎯⎯⎯⎯⎯⎯\n\nit('should provide the REDACT_PROVIDER using useClass', async () => {\n      class TestClass implements RedactModuleOptionsFactory {\n        async createRedactOptions(): Promise<RedactModuleOptions> {\n          return {\n            paths: ['apiKey'],\n          };\n        }\n      }\n\n      const options: RedactModuleAsyncOptions = {\n        useClass: TestClass,\n      };\n\n      const module: TestingModule = await Test.createTestingModule({\n        imports: [RedactModule.registerAsync(options)],\n      }).compile();\n\n      const provider = module.get(REDACT_PROVIDER);\n      expect(provider).toBeDefined();\n      expect(provider({ apiKey: '123456789' })).toEqual({ apiKey: '12345****' });\n    })",
                      "err": {},
                      "uuid": "35e1c64a-a107-405c-bf24-e329bac898d8",
                      "parentUUID": "066e0001-7b78-418d-9a94-3338fe040741",
                      "isHook": false,
                      "skipped": false
                    }
                  ],
                  "suites": [],
                  "passes": [
                    "b261b9df-ab45-48c4-92d0-6a78d12189ee",
                    "35e1c64a-a107-405c-bf24-e329bac898d8"
                  ],
                  "failures": [],
                  "pending": [],
                  "skipped": [],
                  "duration": 8,
                  "root": false,
                  "rootEmpty": false,
                  "_timeout": 5000
                }
              ],
              "passes": [],
              "failures": [],
              "pending": [],
              "skipped": [],
              "duration": 0,
              "root": false,
              "rootEmpty": false,
              "_timeout": 5000
            },
            {
              "uuid": "2fe06c01-1895-4be2-8a0c-e2fef83039fe",
              "title": "RedactService",
              "fullFile": "/home/runner/work/tresdoce-nestjs-toolkit/tresdoce-nestjs-toolkit/packages/utils/src/__test__/redact.service.spec.ts",
              "file": "redact.service.spec.ts",
              "beforeHooks": [],
              "afterHooks": [],
              "tests": [
                {
                  "fullTitle": "RedactService should be defined",
                  "title": "should be defined",
                  "timedOut": false,
                  "duration": 221,
                  "state": "passed",
                  "speed": "medium",
                  "pass": true,
                  "fail": false,
                  "pending": false,
                  "context": null,
                  "code": "// ⎯⎯⎯⎯⎯⎯⎯⎯⎯\n// • Line: 39\n// • Column: 2\n// ⎯⎯⎯⎯⎯⎯⎯⎯⎯\n\nit('should be defined', async () => {\n    expect(service).toBeDefined();\n    expect(service).toBeInstanceOf(RedactService);\n    expect(service.redactRef).not.toBeNull();\n  })",
                  "err": {},
                  "uuid": "0a2d10d5-5ada-4f05-a4c3-c324363eb88b",
                  "parentUUID": "2fe06c01-1895-4be2-8a0c-e2fef83039fe",
                  "isHook": false,
                  "skipped": false
                },
                {
                  "fullTitle": "RedactService should be obfuscate sensitive data",
                  "title": "should be obfuscate sensitive data",
                  "timedOut": false,
                  "duration": 10,
                  "state": "passed",
                  "speed": "fast",
                  "pass": true,
                  "fail": false,
                  "pending": false,
                  "context": null,
                  "code": "// ⎯⎯⎯⎯⎯⎯⎯⎯⎯\n// • Line: 45\n// • Column: 2\n// ⎯⎯⎯⎯⎯⎯⎯⎯⎯\n\nit('should be obfuscate sensitive data', async () => {\n    const redacted = service.obfuscate({ apiKey: '123456789' });\n    expect(redacted).toEqual({ apiKey: '12345****' });\n  })",
                  "err": {},
                  "uuid": "559fb1bf-2b46-4b90-b1b3-57bd8e429cb0",
                  "parentUUID": "2fe06c01-1895-4be2-8a0c-e2fef83039fe",
                  "isHook": false,
                  "skipped": false
                },
                {
                  "fullTitle": "RedactService should be obfuscate sensitive data with serialize",
                  "title": "should be obfuscate sensitive data with serialize",
                  "timedOut": false,
                  "duration": 7,
                  "state": "passed",
                  "speed": "fast",
                  "pass": true,
                  "fail": false,
                  "pending": false,
                  "context": null,
                  "code": "// ⎯⎯⎯⎯⎯⎯⎯⎯⎯\n// • Line: 50\n// • Column: 2\n// ⎯⎯⎯⎯⎯⎯⎯⎯⎯\n\nit('should be obfuscate sensitive data with serialize', async () => {\n    const redacted = service.obfuscate({ apiKey: '123456789' }, false);\n    expect(redacted).toEqual(JSON.stringify({ apiKey: '12345****' }));\n  })",
                  "err": {},
                  "uuid": "a785ef50-7ce6-4dcb-9edc-a992f283a7ad",
                  "parentUUID": "2fe06c01-1895-4be2-8a0c-e2fef83039fe",
                  "isHook": false,
                  "skipped": false
                }
              ],
              "suites": [],
              "passes": [
                "0a2d10d5-5ada-4f05-a4c3-c324363eb88b",
                "559fb1bf-2b46-4b90-b1b3-57bd8e429cb0",
                "a785ef50-7ce6-4dcb-9edc-a992f283a7ad"
              ],
              "failures": [],
              "pending": [],
              "skipped": [],
              "duration": 238,
              "root": false,
              "rootEmpty": false,
              "_timeout": 5000
            }
          ],
          "passes": [],
          "failures": [],
          "pending": [],
          "skipped": [],
          "duration": 0,
          "root": false,
          "rootEmpty": false,
          "_timeout": 5000
        }
      ],
      "passes": [],
      "failures": [],
      "pending": [],
      "skipped": [],
      "duration": 0,
      "root": true,
      "rootEmpty": true,
      "_timeout": 5000
    }
  ]
}