{
  "stats": {
    "suites": 16,
    "tests": 235,
    "passes": 235,
    "pending": 0,
    "failures": 0,
    "testsRegistered": 235,
    "passPercent": 100,
    "pendingPercent": 0,
    "other": 0,
    "hasOther": false,
    "skipped": 0,
    "hasSkipped": false,
    "start": "2023-07-31T08:22:36.624Z",
    "end": "2023-07-31T08:28:46.400Z",
    "duration": 369776
  },
  "results": [
    {
      "uuid": "716c7244-8526-4d17-8b94-e99c4092d026",
      "title": "",
      "fullFile": "",
      "file": "",
      "beforeHooks": [],
      "afterHooks": [],
      "tests": [],
      "suites": [
        {
          "uuid": "6330b0cc-ae7b-4f89-b24d-209e5f33d9f1",
          "title": "@tresdoce-nestjs-toolkit/archetype",
          "fullFile": "",
          "file": "",
          "beforeHooks": [],
          "afterHooks": [],
          "tests": [],
          "suites": [
            {
              "uuid": "d9ea78d8-c8b9-49cd-a428-f70050751cc4",
              "title": "ArchetypeService",
              "fullFile": "/home/runner/work/tresdoce-nestjs-toolkit/tresdoce-nestjs-toolkit/packages/archetype/src/__test__/archetype.service.spec.ts",
              "file": "archetype.service.spec.ts",
              "beforeHooks": [],
              "afterHooks": [],
              "tests": [
                {
                  "fullTitle": "ArchetypeService should be defined",
                  "title": "should be defined",
                  "timedOut": false,
                  "duration": 18,
                  "state": "passed",
                  "speed": "fast",
                  "pass": true,
                  "fail": false,
                  "pending": false,
                  "context": null,
                  "code": "// ⎯⎯⎯⎯⎯⎯⎯⎯⎯\n// • Line: 26\n// • Column: 2\n// ⎯⎯⎯⎯⎯⎯⎯⎯⎯\n\nit('should be defined', () => {\n    expect(service).toBeDefined();\n  })",
                  "err": {},
                  "uuid": "728668d9-81bf-41c2-840b-f636bad21080",
                  "parentUUID": "d9ea78d8-c8b9-49cd-a428-f70050751cc4",
                  "isHook": false,
                  "skipped": false
                },
                {
                  "fullTitle": "ArchetypeService should be read package file",
                  "title": "should be read package file",
                  "timedOut": false,
                  "duration": 7,
                  "state": "passed",
                  "speed": "fast",
                  "pass": true,
                  "fail": false,
                  "pending": false,
                  "context": null,
                  "code": "// ⎯⎯⎯⎯⎯⎯⎯⎯⎯\n// • Line: 30\n// • Column: 2\n// ⎯⎯⎯⎯⎯⎯⎯⎯⎯\n\nit('should be read package file', async () => {\n    const packageFile = await service.readFile(__dirname, '../../package.json');\n    expect(packageFile).toBeDefined();\n    expect(packageFile).toEqual(expect.any(Object));\n  })",
                  "err": {},
                  "uuid": "8321efdb-e213-4bb6-b1e4-55d73d206d81",
                  "parentUUID": "d9ea78d8-c8b9-49cd-a428-f70050751cc4",
                  "isHook": false,
                  "skipped": false
                },
                {
                  "fullTitle": "ArchetypeService should be return archetype version",
                  "title": "should be return archetype version",
                  "timedOut": false,
                  "duration": 6,
                  "state": "passed",
                  "speed": "fast",
                  "pass": true,
                  "fail": false,
                  "pending": false,
                  "context": null,
                  "code": "// ⎯⎯⎯⎯⎯⎯⎯⎯⎯\n// • Line: 36\n// • Column: 2\n// ⎯⎯⎯⎯⎯⎯⎯⎯⎯\n\nit('should be return archetype version', async () => {\n    service.readFile = jest.fn().mockImplementation(() => ({ version: manifest.archetypeVersion }));\n\n    expect(await service.getArchetypeVersion()).toEqual({\n      archetypeVersion: manifest.archetypeVersion,\n    });\n  })",
                  "err": {},
                  "uuid": "5ab0c3dc-941b-4168-a7ce-13985bd07ee6",
                  "parentUUID": "d9ea78d8-c8b9-49cd-a428-f70050751cc4",
                  "isHook": false,
                  "skipped": false
                },
                {
                  "fullTitle": "ArchetypeService should be return application info",
                  "title": "should be return application info",
                  "timedOut": false,
                  "duration": 5,
                  "state": "passed",
                  "speed": "fast",
                  "pass": true,
                  "fail": false,
                  "pending": false,
                  "context": null,
                  "code": "// ⎯⎯⎯⎯⎯⎯⎯⎯⎯\n// • Line: 44\n// • Column: 2\n// ⎯⎯⎯⎯⎯⎯⎯⎯⎯\n\nit('should be return application info', async () => {\n    service.readFile = jest.fn().mockImplementation(() => ({\n      appStage: manifest.appStage,\n      apiPrefix: manifest.apiPrefix,\n      name: manifest.name,\n      version: manifest.version,\n      description: manifest.description,\n      author: manifest.author,\n      repository: manifest.repository,\n      homepage: manifest.homepage,\n      dependencies: manifest.dependencies,\n      devDependencies: manifest.devDependencies,\n    }));\n\n    expect(await service.getApplicationInfo()).toEqual({\n      appStage: manifest.appStage,\n      apiPrefix: manifest.apiPrefix,\n      name: manifest.name,\n      version: manifest.version,\n      description: manifest.description,\n      author: manifest.author,\n      repository: manifest.repository,\n      homepage: manifest.homepage,\n      dependencies: {\n        '@tresdoce-nestjs-toolkit/archetype': '0.0.1',\n        '@tresdoce-nestjs-toolkit/health': '0.0.1',\n        '@tresdoce-nestjs-toolkit/http-client': '0.0.1',\n        '@nestjs/class-transformer': '^0.4.0',\n        '@nestjs/class-validator': '^0.13.3',\n        '@nestjs/common': '^9.2.1',\n        '@nestjs/config': '^2.2.0',\n        '@nestjs/core': '^8.2.5',\n        '@nestjs/platform-express': '^8.2.5',\n        '@nestjs/swagger': '^5.1.5',\n      },\n      devDependencies: {\n        '@tresdoce-nestjs-toolkit/commons': '0.0.1',\n        '@nestjs/cli': '^9.1.8',\n        '@nestjs/schematics': '^9.1.0',\n        '@nestjs/testing': '^9.4.0',\n      },\n    });\n  })",
                  "err": {},
                  "uuid": "2f549ed5-b239-4b99-b7e0-2ae280444c0e",
                  "parentUUID": "d9ea78d8-c8b9-49cd-a428-f70050751cc4",
                  "isHook": false,
                  "skipped": false
                },
                {
                  "fullTitle": "ArchetypeService should be return manifest",
                  "title": "should be return manifest",
                  "timedOut": false,
                  "duration": 5,
                  "state": "passed",
                  "speed": "fast",
                  "pass": true,
                  "fail": false,
                  "pending": false,
                  "context": null,
                  "code": "// ⎯⎯⎯⎯⎯⎯⎯⎯⎯\n// • Line: 88\n// • Column: 2\n// ⎯⎯⎯⎯⎯⎯⎯⎯⎯\n\nit('should be return manifest', async () => {\n    service.getArchetypeVersion = jest.fn().mockImplementation(() => ({\n      archetypeVersion: manifest.archetypeVersion,\n    }));\n\n    service.getApplicationInfo = jest.fn().mockImplementation(() => ({\n      appStage: manifest.appStage,\n      apiPrefix: manifest.apiPrefix,\n      name: manifest.name,\n      version: manifest.version,\n      description: manifest.description,\n      author: manifest.author,\n      repository: manifest.repository,\n      homepage: manifest.homepage,\n      dependencies: manifest.dependencies,\n      devDependencies: manifest.devDependencies,\n    }));\n\n    expect(await service.generateManifest()).toEqual({ ...manifest });\n  })",
                  "err": {},
                  "uuid": "2d02f137-e603-4b4a-9e8c-a0bc60e3eacc",
                  "parentUUID": "d9ea78d8-c8b9-49cd-a428-f70050751cc4",
                  "isHook": false,
                  "skipped": false
                }
              ],
              "suites": [],
              "passes": [
                "728668d9-81bf-41c2-840b-f636bad21080",
                "8321efdb-e213-4bb6-b1e4-55d73d206d81",
                "5ab0c3dc-941b-4168-a7ce-13985bd07ee6",
                "2f549ed5-b239-4b99-b7e0-2ae280444c0e",
                "2d02f137-e603-4b4a-9e8c-a0bc60e3eacc"
              ],
              "failures": [],
              "pending": [],
              "skipped": [],
              "duration": 41,
              "root": false,
              "rootEmpty": false,
              "_timeout": 5000
            },
            {
              "uuid": "5b8b59e7-82fb-4add-bbd8-437140b3e547",
              "title": "ArchetypeController",
              "fullFile": "/home/runner/work/tresdoce-nestjs-toolkit/tresdoce-nestjs-toolkit/packages/archetype/src/__test__/archetype.controller.spec.ts",
              "file": "archetype.controller.spec.ts",
              "beforeHooks": [],
              "afterHooks": [],
              "tests": [
                {
                  "fullTitle": "ArchetypeController should be defined",
                  "title": "should be defined",
                  "timedOut": false,
                  "duration": 18,
                  "state": "passed",
                  "speed": "fast",
                  "pass": true,
                  "fail": false,
                  "pending": false,
                  "context": null,
                  "code": "// ⎯⎯⎯⎯⎯⎯⎯⎯⎯\n// • Line: 35\n// • Column: 2\n// ⎯⎯⎯⎯⎯⎯⎯⎯⎯\n\nit('should be defined', () => {\n    expect(controller).toBeDefined();\n  })",
                  "err": {},
                  "uuid": "7c2f3f25-4d5f-485f-a631-d6627e49d74f",
                  "parentUUID": "5b8b59e7-82fb-4add-bbd8-437140b3e547",
                  "isHook": false,
                  "skipped": false
                },
                {
                  "fullTitle": "ArchetypeController should be return manifest json",
                  "title": "should be return manifest json",
                  "timedOut": false,
                  "duration": 6,
                  "state": "passed",
                  "speed": "fast",
                  "pass": true,
                  "fail": false,
                  "pending": false,
                  "context": null,
                  "code": "// ⎯⎯⎯⎯⎯⎯⎯⎯⎯\n// • Line: 39\n// • Column: 2\n// ⎯⎯⎯⎯⎯⎯⎯⎯⎯\n\nit('should be return manifest json', async () => {\n    expect(await controller.getArchetypeInfo()).toBeDefined();\n    expect(await controller.getArchetypeInfo()).toEqual(manifest);\n  })",
                  "err": {},
                  "uuid": "352ab03e-0546-460a-a883-85ec07d3d062",
                  "parentUUID": "5b8b59e7-82fb-4add-bbd8-437140b3e547",
                  "isHook": false,
                  "skipped": false
                }
              ],
              "suites": [],
              "passes": [
                "7c2f3f25-4d5f-485f-a631-d6627e49d74f",
                "352ab03e-0546-460a-a883-85ec07d3d062"
              ],
              "failures": [],
              "pending": [],
              "skipped": [],
              "duration": 24,
              "root": false,
              "rootEmpty": false,
              "_timeout": 5000
            },
            {
              "uuid": "1914054f-cef6-43de-9313-0e8a3e64eca8",
              "title": "ArchetypeModule",
              "fullFile": "/home/runner/work/tresdoce-nestjs-toolkit/tresdoce-nestjs-toolkit/packages/archetype/src/__test__/archetype.module.spec.ts",
              "file": "archetype.module.spec.ts",
              "beforeHooks": [],
              "afterHooks": [],
              "tests": [
                {
                  "fullTitle": "ArchetypeModule should be define",
                  "title": "should be define",
                  "timedOut": false,
                  "duration": 179,
                  "state": "passed",
                  "speed": "medium",
                  "pass": true,
                  "fail": false,
                  "pending": false,
                  "context": null,
                  "code": "// ⎯⎯⎯⎯⎯⎯⎯⎯⎯\n// • Line: 26\n// • Column: 2\n// ⎯⎯⎯⎯⎯⎯⎯⎯⎯\n\nit('should be define', async () => {\n    expect(app).toBeDefined();\n  })",
                  "err": {},
                  "uuid": "18c2415f-85b2-4728-9ff7-af347b4f0dd4",
                  "parentUUID": "1914054f-cef6-43de-9313-0e8a3e64eca8",
                  "isHook": false,
                  "skipped": false
                }
              ],
              "suites": [],
              "passes": [
                "18c2415f-85b2-4728-9ff7-af347b4f0dd4"
              ],
              "failures": [],
              "pending": [],
              "skipped": [],
              "duration": 179,
              "root": false,
              "rootEmpty": false,
              "_timeout": 5000
            },
            {
              "uuid": "4459a87c-9e59-42a1-ac50-aa391a14bac9",
              "title": "Constants",
              "fullFile": "/home/runner/work/tresdoce-nestjs-toolkit/tresdoce-nestjs-toolkit/packages/archetype/src/__test__/constants.spec.ts",
              "file": "constants.spec.ts",
              "beforeHooks": [],
              "afterHooks": [],
              "tests": [
                {
                  "fullTitle": "Constants should be return exclude to prefix global",
                  "title": "should be return exclude to prefix global",
                  "timedOut": false,
                  "duration": 3,
                  "state": "passed",
                  "speed": "fast",
                  "pass": true,
                  "fail": false,
                  "pending": false,
                  "context": null,
                  "code": "// ⎯⎯⎯⎯⎯⎯⎯⎯⎯\n// • Line: 5\n// • Column: 2\n// ⎯⎯⎯⎯⎯⎯⎯⎯⎯\n\nit('should be return exclude to prefix global', async () => {\n    expect(manifestControllerExcludes).toEqual(expect.any(Array));\n    expect(manifestControllerExcludes).toMatchObject([\n      {\n        path: '/info',\n        method: RequestMethod.GET,\n      },\n    ]);\n  })",
                  "err": {},
                  "uuid": "2d96dfc0-a7f5-4857-bdd4-74c23ad1c551",
                  "parentUUID": "4459a87c-9e59-42a1-ac50-aa391a14bac9",
                  "isHook": false,
                  "skipped": false
                }
              ],
              "suites": [],
              "passes": [
                "2d96dfc0-a7f5-4857-bdd4-74c23ad1c551"
              ],
              "failures": [],
              "pending": [],
              "skipped": [],
              "duration": 3,
              "root": false,
              "rootEmpty": false,
              "_timeout": 5000
            }
          ],
          "passes": [],
          "failures": [],
          "pending": [],
          "skipped": [],
          "duration": 0,
          "root": false,
          "rootEmpty": false,
          "_timeout": 5000
        }
      ],
      "passes": [],
      "failures": [],
      "pending": [],
      "skipped": [],
      "duration": 0,
      "root": true,
      "rootEmpty": true,
      "_timeout": 5000
    },
    {
      "uuid": "99687993-b17a-4fc1-938b-dad926dd7f47",
      "title": "",
      "fullFile": "",
      "file": "",
      "beforeHooks": [],
      "afterHooks": [],
      "tests": [],
      "suites": [
        {
          "uuid": "be17dfc0-5105-4f79-b1c2-b8c748a5a790",
          "title": "@tresdoce-nestjs-toolkit/camunda",
          "fullFile": "",
          "file": "",
          "beforeHooks": [],
          "afterHooks": [],
          "tests": [],
          "suites": [
            {
              "uuid": "bf5aea1e-f1ce-44ab-b7fd-2f7763cf7cdb",
              "title": "CamundaModule",
              "fullFile": "/home/runner/work/tresdoce-nestjs-toolkit/tresdoce-nestjs-toolkit/packages/camunda/src/__test__/camunda.module.spec.ts",
              "file": "camunda.module.spec.ts",
              "beforeHooks": [],
              "afterHooks": [],
              "tests": [
                {
                  "fullTitle": "CamundaModule should be defined",
                  "title": "should be defined",
                  "timedOut": false,
                  "duration": 241,
                  "state": "passed",
                  "speed": "medium",
                  "pass": true,
                  "fail": false,
                  "pending": false,
                  "context": null,
                  "code": "// ⎯⎯⎯⎯⎯⎯⎯⎯⎯\n// • Line: 56\n// • Column: 2\n// ⎯⎯⎯⎯⎯⎯⎯⎯⎯\n\nit('should be defined', () => {\n    expect(app).toBeDefined();\n  })",
                  "err": {},
                  "uuid": "7d6c6520-0ee2-4df8-9914-c8916366b239",
                  "parentUUID": "bf5aea1e-f1ce-44ab-b7fd-2f7763cf7cdb",
                  "isHook": false,
                  "skipped": false
                },
                {
                  "fullTitle": "CamundaModule should be Subscription decorator is defined with options",
                  "title": "should be Subscription decorator is defined with options",
                  "timedOut": false,
                  "duration": 10,
                  "state": "passed",
                  "speed": "fast",
                  "pass": true,
                  "fail": false,
                  "pending": false,
                  "context": null,
                  "code": "// ⎯⎯⎯⎯⎯⎯⎯⎯⎯\n// • Line: 60\n// • Column: 2\n// ⎯⎯⎯⎯⎯⎯⎯⎯⎯\n\nit('should be Subscription decorator is defined with options', async () => {\n    const decorator = Subscription('test-topic', { lockDuration: 500 });\n    console.log(decorator);\n    expect(decorator).toBeDefined();\n  })",
                  "err": {},
                  "uuid": "0e7a1346-9d39-489c-8daf-1d7353423f17",
                  "parentUUID": "bf5aea1e-f1ce-44ab-b7fd-2f7763cf7cdb",
                  "isHook": false,
                  "skipped": false
                }
              ],
              "suites": [],
              "passes": [
                "7d6c6520-0ee2-4df8-9914-c8916366b239",
                "0e7a1346-9d39-489c-8daf-1d7353423f17"
              ],
              "failures": [],
              "pending": [],
              "skipped": [],
              "duration": 251,
              "root": false,
              "rootEmpty": false,
              "_timeout": 5000
            }
          ],
          "passes": [],
          "failures": [],
          "pending": [],
          "skipped": [],
          "duration": 0,
          "root": false,
          "rootEmpty": false,
          "_timeout": 5000
        }
      ],
      "passes": [],
      "failures": [],
      "pending": [],
      "skipped": [],
      "duration": 0,
      "root": true,
      "rootEmpty": true,
      "_timeout": 5000
    },
    {
      "uuid": "f3d8245f-2a27-45b5-b11b-4d18e3f3743b",
      "title": "",
      "fullFile": "",
      "file": "",
      "beforeHooks": [],
      "afterHooks": [],
      "tests": [],
      "suites": [
        {
          "uuid": "1204e585-b19b-4944-b48b-9c155c4619b4",
          "title": "@tresdoce-nestjs-toolkit/commons",
          "fullFile": "",
          "file": "",
          "beforeHooks": [],
          "afterHooks": [],
          "tests": [],
          "suites": [
            {
              "uuid": "fce73479-ad1d-49ce-9cfe-e538d8726fb8",
              "title": "build-config",
              "fullFile": "/home/runner/work/tresdoce-nestjs-toolkit/tresdoce-nestjs-toolkit/packages/commons/src/__test__/build-config.spec.ts",
              "file": "build-config.spec.ts",
              "beforeHooks": [],
              "afterHooks": [],
              "tests": [
                {
                  "fullTitle": "build-config should return the development configuration when NODE_ENV is not \"build\"",
                  "title": "should return the development configuration when NODE_ENV is not \"build\"",
                  "timedOut": false,
                  "duration": 6,
                  "state": "passed",
                  "speed": "fast",
                  "pass": true,
                  "fail": false,
                  "pending": false,
                  "context": null,
                  "code": "// ⎯⎯⎯⎯⎯⎯⎯⎯⎯\n// • Line: 16\n// • Column: 2\n// ⎯⎯⎯⎯⎯⎯⎯⎯⎯\n\nit('should return the development configuration when NODE_ENV is not \"build\"', () => {\n    process.env.NODE_ENV = 'dev';\n    const config = buildConfig() as unknown as Configuration;\n    expect(config).not.toBe(null);\n    expect(typeof config).toBe('object');\n    expect(config).toBeDefined();\n    expect(config.mode).toEqual('development');\n    expect(config.optimization.nodeEnv).toBeFalsy();\n  })",
                  "err": {},
                  "uuid": "a0b86d6a-c53a-4761-8276-65298e7543da",
                  "parentUUID": "fce73479-ad1d-49ce-9cfe-e538d8726fb8",
                  "isHook": false,
                  "skipped": false
                },
                {
                  "fullTitle": "build-config should return the production configuration when NODE_ENV is \"build\"",
                  "title": "should return the production configuration when NODE_ENV is \"build\"",
                  "timedOut": false,
                  "duration": 1,
                  "state": "passed",
                  "speed": "fast",
                  "pass": true,
                  "fail": false,
                  "pending": false,
                  "context": null,
                  "code": "// ⎯⎯⎯⎯⎯⎯⎯⎯⎯\n// • Line: 26\n// • Column: 2\n// ⎯⎯⎯⎯⎯⎯⎯⎯⎯\n\nit('should return the production configuration when NODE_ENV is \"build\"', () => {\n    process.env.NODE_ENV = 'build';\n    const config = buildConfig() as unknown as Configuration;\n    expect(config).not.toBe(null);\n    expect(typeof config).toBe('object');\n    expect(config).toBeDefined();\n    expect(config.mode).toEqual('production');\n    expect(config.optimization.nodeEnv).toEqual('production');\n  })",
                  "err": {},
                  "uuid": "cf6b866b-1383-4ca7-b1cf-296f7f083154",
                  "parentUUID": "fce73479-ad1d-49ce-9cfe-e538d8726fb8",
                  "isHook": false,
                  "skipped": false
                },
                {
                  "fullTitle": "build-config should merge with the additional config",
                  "title": "should merge with the additional config",
                  "timedOut": false,
                  "duration": 2,
                  "state": "passed",
                  "speed": "fast",
                  "pass": true,
                  "fail": false,
                  "pending": false,
                  "context": null,
                  "code": "// ⎯⎯⎯⎯⎯⎯⎯⎯⎯\n// • Line: 36\n// • Column: 2\n// ⎯⎯⎯⎯⎯⎯⎯⎯⎯\n\nit('should merge with the additional config', () => {\n    const additionalConfig = { devtool: 'eval' };\n    const config = buildConfig(additionalConfig) as unknown as Configuration;\n    expect(config).not.toBe(null);\n    expect(typeof config).toBe('object');\n    expect(config).toBeDefined();\n    expect(config.mode).toEqual('development');\n    expect(config.devtool).toEqual('eval');\n    expect(config.optimization.nodeEnv).toBeFalsy();\n  })",
                  "err": {},
                  "uuid": "ccb3e75e-db2f-4dc7-bf48-f6193efd23b4",
                  "parentUUID": "fce73479-ad1d-49ce-9cfe-e538d8726fb8",
                  "isHook": false,
                  "skipped": false
                }
              ],
              "suites": [],
              "passes": [
                "a0b86d6a-c53a-4761-8276-65298e7543da",
                "cf6b866b-1383-4ca7-b1cf-296f7f083154",
                "ccb3e75e-db2f-4dc7-bf48-f6193efd23b4"
              ],
              "failures": [],
              "pending": [],
              "skipped": [],
              "duration": 9,
              "root": false,
              "rootEmpty": false,
              "_timeout": 5000
            },
            {
              "uuid": "92856089-4dff-4081-83b2-32648e551c7c",
              "title": "webpack.config",
              "fullFile": "/home/runner/work/tresdoce-nestjs-toolkit/tresdoce-nestjs-toolkit/packages/commons/src/__test__/webpack.config.spec.ts",
              "file": "webpack.config.spec.ts",
              "beforeHooks": [],
              "afterHooks": [],
              "tests": [
                {
                  "fullTitle": "webpack.config should return the development configuration when NODE_ENV is not \"build\"",
                  "title": "should return the development configuration when NODE_ENV is not \"build\"",
                  "timedOut": false,
                  "duration": 5,
                  "state": "passed",
                  "speed": "fast",
                  "pass": true,
                  "fail": false,
                  "pending": false,
                  "context": null,
                  "code": "// ⎯⎯⎯⎯⎯⎯⎯⎯⎯\n// • Line: 15\n// • Column: 2\n// ⎯⎯⎯⎯⎯⎯⎯⎯⎯\n\nit('should return the development configuration when NODE_ENV is not \"build\"', () => {\n    process.env.NODE_ENV = 'dev';\n    const config = webpackConfig();\n    expect(config).not.toBe(null);\n    expect(typeof config).toBe('object');\n    expect(config).toBeDefined();\n    expect(config.mode).toEqual('development');\n    expect(config.optimization.nodeEnv).toBeFalsy();\n  })",
                  "err": {},
                  "uuid": "9fdfeb45-3edf-4bc2-8203-1ec9fe96a379",
                  "parentUUID": "92856089-4dff-4081-83b2-32648e551c7c",
                  "isHook": false,
                  "skipped": false
                },
                {
                  "fullTitle": "webpack.config should return the production configuration when NODE_ENV is \"build\"",
                  "title": "should return the production configuration when NODE_ENV is \"build\"",
                  "timedOut": false,
                  "duration": 68,
                  "state": "passed",
                  "speed": "fast",
                  "pass": true,
                  "fail": false,
                  "pending": false,
                  "context": null,
                  "code": "// ⎯⎯⎯⎯⎯⎯⎯⎯⎯\n// • Line: 25\n// • Column: 2\n// ⎯⎯⎯⎯⎯⎯⎯⎯⎯\n\nit('should return the production configuration when NODE_ENV is \"build\"', () => {\n    process.env.NODE_ENV = 'build';\n    const config = webpackConfig();\n    expect(config).not.toBe(null);\n    expect(typeof config).toBe('object');\n    expect(config).toBeDefined();\n    expect(config.mode).toEqual('production');\n    expect(config.optimization.nodeEnv).toEqual('production');\n  })",
                  "err": {},
                  "uuid": "958561ce-1717-4b36-a85b-2e67c0561c05",
                  "parentUUID": "92856089-4dff-4081-83b2-32648e551c7c",
                  "isHook": false,
                  "skipped": false
                }
              ],
              "suites": [],
              "passes": [
                "9fdfeb45-3edf-4bc2-8203-1ec9fe96a379",
                "958561ce-1717-4b36-a85b-2e67c0561c05"
              ],
              "failures": [],
              "pending": [],
              "skipped": [],
              "duration": 73,
              "root": false,
              "rootEmpty": false,
              "_timeout": 5000
            },
            {
              "uuid": "0a5078b4-0fdd-40de-a2cb-c232798ce8a0",
              "title": "eslint-config",
              "fullFile": "/home/runner/work/tresdoce-nestjs-toolkit/tresdoce-nestjs-toolkit/packages/commons/src/__test__/eslint-config.spec.ts",
              "file": "eslint-config.spec.ts",
              "beforeHooks": [],
              "afterHooks": [],
              "tests": [
                {
                  "fullTitle": "eslint-config should be return jest config",
                  "title": "should be return jest config",
                  "timedOut": false,
                  "duration": 9,
                  "state": "passed",
                  "speed": "fast",
                  "pass": true,
                  "fail": false,
                  "pending": false,
                  "context": null,
                  "code": "// ⎯⎯⎯⎯⎯⎯⎯⎯⎯\n// • Line: 3\n// • Column: 2\n// ⎯⎯⎯⎯⎯⎯⎯⎯⎯\n\nit('should be return jest config', () => {\n    const config = eslintConfig();\n    expect(config).not.toBe(null);\n    expect(typeof config).toBe('object');\n    expect(config).toBeDefined();\n  })",
                  "err": {},
                  "uuid": "f5faf7b7-4b8f-4ae8-b1df-deba0ae2c5fe",
                  "parentUUID": "0a5078b4-0fdd-40de-a2cb-c232798ce8a0",
                  "isHook": false,
                  "skipped": false
                }
              ],
              "suites": [],
              "passes": [
                "f5faf7b7-4b8f-4ae8-b1df-deba0ae2c5fe"
              ],
              "failures": [],
              "pending": [],
              "skipped": [],
              "duration": 9,
              "root": false,
              "rootEmpty": false,
              "_timeout": 5000
            },
            {
              "uuid": "953cf39d-e972-4f54-8740-6eeb57981abe",
              "title": "testing-library",
              "fullFile": "/home/runner/work/tresdoce-nestjs-toolkit/tresdoce-nestjs-toolkit/packages/commons/src/__test__/testing-library.spec.ts",
              "file": "testing-library.spec.ts",
              "beforeHooks": [],
              "afterHooks": [],
              "tests": [
                {
                  "fullTitle": "testing-library should be return jest config",
                  "title": "should be return jest config",
                  "timedOut": false,
                  "duration": 2,
                  "state": "passed",
                  "speed": "fast",
                  "pass": true,
                  "fail": false,
                  "pending": false,
                  "context": null,
                  "code": "// ⎯⎯⎯⎯⎯⎯⎯⎯⎯\n// • Line: 4\n// • Column: 2\n// ⎯⎯⎯⎯⎯⎯⎯⎯⎯\n\nit('should be return jest config', () => {\n    const config = jestConfig();\n    expect(config).not.toBe(null);\n    expect(typeof config).toBe('object');\n    expect(config).toBeDefined();\n  })",
                  "err": {},
                  "uuid": "139a5541-5932-440e-b088-10639dc5ce8b",
                  "parentUUID": "953cf39d-e972-4f54-8740-6eeb57981abe",
                  "isHook": false,
                  "skipped": false
                }
              ],
              "suites": [],
              "passes": [
                "139a5541-5932-440e-b088-10639dc5ce8b"
              ],
              "failures": [],
              "pending": [],
              "skipped": [],
              "duration": 2,
              "root": false,
              "rootEmpty": false,
              "_timeout": 5000
            }
          ],
          "passes": [],
          "failures": [],
          "pending": [],
          "skipped": [],
          "duration": 0,
          "root": false,
          "rootEmpty": false,
          "_timeout": 5000
        }
      ],
      "passes": [],
      "failures": [],
      "pending": [],
      "skipped": [],
      "duration": 0,
      "root": true,
      "rootEmpty": true,
      "_timeout": 5000
    },
    {
      "uuid": "326a55e2-e6d3-4f4e-a994-57759ff218b5",
      "title": "",
      "fullFile": "",
      "file": "",
      "beforeHooks": [],
      "afterHooks": [],
      "tests": [],
      "suites": [
        {
          "uuid": "26c3504b-3b7a-4f20-9d01-c6c8a10a0acc",
          "title": "@tresdoce-nestjs-toolkit/core",
          "fullFile": "",
          "file": "",
          "beforeHooks": [],
          "afterHooks": [],
          "tests": [],
          "suites": [
            {
              "uuid": "adde8233-ce01-4436-8b97-62dc2e166f2b",
              "title": "commons",
              "fullFile": "/home/runner/work/tresdoce-nestjs-toolkit/tresdoce-nestjs-toolkit/packages/core/src/__test__/commons.spec.ts",
              "file": "commons.spec.ts",
              "beforeHooks": [],
              "afterHooks": [],
              "tests": [],
              "suites": [
                {
                  "uuid": "0007b495-3a65-4c4b-82ac-372718c25319",
                  "title": "with env context",
                  "fullFile": "/home/runner/work/tresdoce-nestjs-toolkit/tresdoce-nestjs-toolkit/packages/core/src/__test__/commons.spec.ts",
                  "file": "",
                  "beforeHooks": [],
                  "afterHooks": [],
                  "tests": [
                    {
                      "fullTitle": "commons with env context should be return commons exclude paths with context",
                      "title": "should be return commons exclude paths with context",
                      "timedOut": false,
                      "duration": 4,
                      "state": "passed",
                      "speed": "fast",
                      "pass": true,
                      "fail": false,
                      "pending": false,
                      "context": null,
                      "code": "// ⎯⎯⎯⎯⎯⎯⎯⎯⎯\n// • Line: 10\n// • Column: 4\n// ⎯⎯⎯⎯⎯⎯⎯⎯⎯\n\nit('should be return commons exclude paths with context', () => {\n      expect(corePathsExcludes()).not.toBe(null);\n      expect(corePathsExcludes()).toBeDefined();\n      expect(corePathsExcludes()).toBeInstanceOf(Array);\n\n      expect(corePathsExcludes()).toContainObject({\n        path: `/v1/api-test/health/liveness`,\n        method: RequestMethod.GET,\n      });\n\n      expect(corePathsExcludes()).toContainObject({\n        path: `/v1/api-test/health/readiness`,\n        method: RequestMethod.GET,\n      });\n\n      expect(corePathsExcludes()).toContainObject({\n        path: `/v1/api-test/info`,\n        method: RequestMethod.GET,\n      });\n    })",
                      "err": {},
                      "uuid": "b3b6b9db-ff20-4d40-8437-da54c03e402f",
                      "parentUUID": "0007b495-3a65-4c4b-82ac-372718c25319",
                      "isHook": false,
                      "skipped": false
                    },
                    {
                      "fullTitle": "commons with env context should be return array of exclude paths with context",
                      "title": "should be return array of exclude paths with context",
                      "timedOut": false,
                      "duration": 2,
                      "state": "passed",
                      "speed": "fast",
                      "pass": true,
                      "fail": false,
                      "pending": false,
                      "context": null,
                      "code": "// ⎯⎯⎯⎯⎯⎯⎯⎯⎯\n// • Line: 31\n// • Column: 4\n// ⎯⎯⎯⎯⎯⎯⎯⎯⎯\n\nit('should be return array of exclude paths with context', () => {\n      expect(excludePaths()).not.toBe(null);\n      expect(excludePaths()).toBeDefined();\n      expect(excludePaths()).toBeInstanceOf(Array);\n      expect(excludePaths()).toEqual([\n        `/v1/api-test/health/liveness`,\n        `/v1/api-test/health/readiness`,\n        `/v1/api-test/info`,\n      ]);\n    })",
                      "err": {},
                      "uuid": "c11a763c-d600-4f27-b5c8-94b30dbb7f9f",
                      "parentUUID": "0007b495-3a65-4c4b-82ac-372718c25319",
                      "isHook": false,
                      "skipped": false
                    }
                  ],
                  "suites": [],
                  "passes": [
                    "b3b6b9db-ff20-4d40-8437-da54c03e402f",
                    "c11a763c-d600-4f27-b5c8-94b30dbb7f9f"
                  ],
                  "failures": [],
                  "pending": [],
                  "skipped": [],
                  "duration": 6,
                  "root": false,
                  "rootEmpty": false,
                  "_timeout": 5000
                },
                {
                  "uuid": "6ee06e72-b461-4ddc-bdba-91e8cdb7bca5",
                  "title": "without env context",
                  "fullFile": "/home/runner/work/tresdoce-nestjs-toolkit/tresdoce-nestjs-toolkit/packages/core/src/__test__/commons.spec.ts",
                  "file": "",
                  "beforeHooks": [],
                  "afterHooks": [],
                  "tests": [
                    {
                      "fullTitle": "commons without env context should be return commons exclude paths without context",
                      "title": "should be return commons exclude paths without context",
                      "timedOut": false,
                      "duration": 2,
                      "state": "passed",
                      "speed": "fast",
                      "pass": true,
                      "fail": false,
                      "pending": false,
                      "context": null,
                      "code": "// ⎯⎯⎯⎯⎯⎯⎯⎯⎯\n// • Line: 48\n// • Column: 4\n// ⎯⎯⎯⎯⎯⎯⎯⎯⎯\n\nit('should be return commons exclude paths without context', () => {\n      expect(corePathsExcludes()).not.toBe(null);\n      expect(corePathsExcludes()).toBeDefined();\n      expect(corePathsExcludes()).toBeInstanceOf(Array);\n\n      expect(corePathsExcludes()).toContainObject({\n        path: '/health/liveness',\n        method: RequestMethod.GET,\n      });\n\n      expect(corePathsExcludes()).toContainObject({\n        path: '/health/readiness',\n        method: RequestMethod.GET,\n      });\n\n      expect(corePathsExcludes()).toContainObject({\n        path: '/info',\n        method: RequestMethod.GET,\n      });\n    })",
                      "err": {},
                      "uuid": "bb678475-030c-451e-ae4e-4b2050f09454",
                      "parentUUID": "6ee06e72-b461-4ddc-bdba-91e8cdb7bca5",
                      "isHook": false,
                      "skipped": false
                    },
                    {
                      "fullTitle": "commons without env context should be return array of exclude paths without context",
                      "title": "should be return array of exclude paths without context",
                      "timedOut": false,
                      "duration": 1,
                      "state": "passed",
                      "speed": "fast",
                      "pass": true,
                      "fail": false,
                      "pending": false,
                      "context": null,
                      "code": "// ⎯⎯⎯⎯⎯⎯⎯⎯⎯\n// • Line: 69\n// • Column: 4\n// ⎯⎯⎯⎯⎯⎯⎯⎯⎯\n\nit('should be return array of exclude paths without context', () => {\n      expect(excludePaths()).not.toBe(null);\n      expect(excludePaths()).toBeDefined();\n      expect(excludePaths()).toBeInstanceOf(Array);\n      expect(excludePaths()).toEqual(['/health/liveness', '/health/readiness', '/info']);\n    })",
                      "err": {},
                      "uuid": "105de816-a625-4d31-a3b2-31ca06e38697",
                      "parentUUID": "6ee06e72-b461-4ddc-bdba-91e8cdb7bca5",
                      "isHook": false,
                      "skipped": false
                    }
                  ],
                  "suites": [],
                  "passes": [
                    "bb678475-030c-451e-ae4e-4b2050f09454",
                    "105de816-a625-4d31-a3b2-31ca06e38697"
                  ],
                  "failures": [],
                  "pending": [],
                  "skipped": [],
                  "duration": 3,
                  "root": false,
                  "rootEmpty": false,
                  "_timeout": 5000
                }
              ],
              "passes": [],
              "failures": [],
              "pending": [],
              "skipped": [],
              "duration": 0,
              "root": false,
              "rootEmpty": false,
              "_timeout": 5000
            },
            {
              "uuid": "abd88f79-8d8b-4b04-b902-d9b8200aace3",
              "title": "https-certificate",
              "fullFile": "/home/runner/work/tresdoce-nestjs-toolkit/tresdoce-nestjs-toolkit/packages/core/src/__test__/https-certificate.spec.ts",
              "file": "https-certificate.spec.ts",
              "beforeHooks": [],
              "afterHooks": [],
              "tests": [
                {
                  "fullTitle": "https-certificate should be return https certificate config",
                  "title": "should be return https certificate config",
                  "timedOut": false,
                  "duration": 4,
                  "state": "passed",
                  "speed": "fast",
                  "pass": true,
                  "fail": false,
                  "pending": false,
                  "context": null,
                  "code": "// ⎯⎯⎯⎯⎯⎯⎯⎯⎯\n// • Line: 4\n// • Column: 2\n// ⎯⎯⎯⎯⎯⎯⎯⎯⎯\n\nit('should be return https certificate config', () => {\n    const crtPath = path.resolve(__dirname, './utils/localhost.crt');\n    const keyPath = path.resolve(__dirname, './utils/localhost.key');\n\n    const config = setHttpsOptions(crtPath, keyPath);\n    expect(typeof config).toBe('object');\n    expect(config).toBeDefined();\n    expect(config.cert).not.toEqual('');\n    expect(config.key).not.toEqual('');\n  })",
                  "err": {},
                  "uuid": "114264c8-f0b9-4084-b6ac-1976279e670e",
                  "parentUUID": "abd88f79-8d8b-4b04-b902-d9b8200aace3",
                  "isHook": false,
                  "skipped": false
                },
                {
                  "fullTitle": "https-certificate should be return https certificate config empty",
                  "title": "should be return https certificate config empty",
                  "timedOut": false,
                  "duration": 1,
                  "state": "passed",
                  "speed": "fast",
                  "pass": true,
                  "fail": false,
                  "pending": false,
                  "context": null,
                  "code": "// ⎯⎯⎯⎯⎯⎯⎯⎯⎯\n// • Line: 15\n// • Column: 2\n// ⎯⎯⎯⎯⎯⎯⎯⎯⎯\n\nit('should be return https certificate config empty', () => {\n    const crtPath = path.resolve(__dirname, './utils/my-localhost.crt');\n    const keyPath = path.resolve(__dirname, './utils/my-localhost.key');\n\n    const config = setHttpsOptions(crtPath, keyPath);\n    expect(typeof config).toBe('object');\n    expect(config).toBeDefined();\n    expect(config.cert).toEqual('');\n    expect(config.key).toEqual('');\n  })",
                  "err": {},
                  "uuid": "1ef8574e-81e4-47a5-8372-5f02bfb8f6a7",
                  "parentUUID": "abd88f79-8d8b-4b04-b902-d9b8200aace3",
                  "isHook": false,
                  "skipped": false
                }
              ],
              "suites": [],
              "passes": [
                "114264c8-f0b9-4084-b6ac-1976279e670e",
                "1ef8574e-81e4-47a5-8372-5f02bfb8f6a7"
              ],
              "failures": [],
              "pending": [],
              "skipped": [],
              "duration": 5,
              "root": false,
              "rootEmpty": false,
              "_timeout": 5000
            },
            {
              "uuid": "e96f5325-3357-4424-80a9-7bce91885082",
              "title": "Roles decorator",
              "fullFile": "/home/runner/work/tresdoce-nestjs-toolkit/tresdoce-nestjs-toolkit/packages/core/src/__test__/roles.decorator.spec.ts",
              "file": "roles.decorator.spec.ts",
              "beforeHooks": [],
              "afterHooks": [],
              "tests": [
                {
                  "fullTitle": "Roles decorator should be defined",
                  "title": "should be defined",
                  "timedOut": false,
                  "duration": 3,
                  "state": "passed",
                  "speed": "fast",
                  "pass": true,
                  "fail": false,
                  "pending": false,
                  "context": null,
                  "code": "// ⎯⎯⎯⎯⎯⎯⎯⎯⎯\n// • Line: 4\n// • Column: 2\n// ⎯⎯⎯⎯⎯⎯⎯⎯⎯\n\nit('should be defined', async () => {\n    expect(Roles('admin')).toBeDefined();\n    expect(Roles('admin', 'user')).toBeDefined();\n  })",
                  "err": {},
                  "uuid": "c71dddba-97a2-4894-889e-b798e159066c",
                  "parentUUID": "e96f5325-3357-4424-80a9-7bce91885082",
                  "isHook": false,
                  "skipped": false
                },
                {
                  "fullTitle": "Roles decorator should be return key",
                  "title": "should be return key",
                  "timedOut": false,
                  "duration": 1,
                  "state": "passed",
                  "speed": "fast",
                  "pass": true,
                  "fail": false,
                  "pending": false,
                  "context": null,
                  "code": "// ⎯⎯⎯⎯⎯⎯⎯⎯⎯\n// • Line: 9\n// • Column: 2\n// ⎯⎯⎯⎯⎯⎯⎯⎯⎯\n\nit('should be return key', async () => {\n    expect(ROLES_KEY).toBe('roles');\n  })",
                  "err": {},
                  "uuid": "2e398f88-7f39-474b-b2f1-38e64a876551",
                  "parentUUID": "e96f5325-3357-4424-80a9-7bce91885082",
                  "isHook": false,
                  "skipped": false
                }
              ],
              "suites": [],
              "passes": [
                "c71dddba-97a2-4894-889e-b798e159066c",
                "2e398f88-7f39-474b-b2f1-38e64a876551"
              ],
              "failures": [],
              "pending": [],
              "skipped": [],
              "duration": 4,
              "root": false,
              "rootEmpty": false,
              "_timeout": 5000
            },
            {
              "uuid": "f4bf4921-f1b0-4cce-8a2a-da2dd69282ff",
              "title": "Public decorator",
              "fullFile": "/home/runner/work/tresdoce-nestjs-toolkit/tresdoce-nestjs-toolkit/packages/core/src/__test__/public.decorator.spec.ts",
              "file": "public.decorator.spec.ts",
              "beforeHooks": [],
              "afterHooks": [],
              "tests": [
                {
                  "fullTitle": "Public decorator should be defined",
                  "title": "should be defined",
                  "timedOut": false,
                  "duration": 2,
                  "state": "passed",
                  "speed": "fast",
                  "pass": true,
                  "fail": false,
                  "pending": false,
                  "context": null,
                  "code": "// ⎯⎯⎯⎯⎯⎯⎯⎯⎯\n// • Line: 4\n// • Column: 2\n// ⎯⎯⎯⎯⎯⎯⎯⎯⎯\n\nit('should be defined', async () => {\n    expect(Public()).toBeDefined();\n  })",
                  "err": {},
                  "uuid": "49da93c7-e6f3-43b5-938c-5f444ff3cf61",
                  "parentUUID": "f4bf4921-f1b0-4cce-8a2a-da2dd69282ff",
                  "isHook": false,
                  "skipped": false
                },
                {
                  "fullTitle": "Public decorator should be return key",
                  "title": "should be return key",
                  "timedOut": false,
                  "duration": 1,
                  "state": "passed",
                  "speed": "fast",
                  "pass": true,
                  "fail": false,
                  "pending": false,
                  "context": null,
                  "code": "// ⎯⎯⎯⎯⎯⎯⎯⎯⎯\n// • Line: 8\n// • Column: 2\n// ⎯⎯⎯⎯⎯⎯⎯⎯⎯\n\nit('should be return key', async () => {\n    expect(IS_PUBLIC_KEY).toBe('isPublic');\n  })",
                  "err": {},
                  "uuid": "c8133630-1dcc-421e-b1ef-ff2dc02224dc",
                  "parentUUID": "f4bf4921-f1b0-4cce-8a2a-da2dd69282ff",
                  "isHook": false,
                  "skipped": false
                }
              ],
              "suites": [],
              "passes": [
                "49da93c7-e6f3-43b5-938c-5f444ff3cf61",
                "c8133630-1dcc-421e-b1ef-ff2dc02224dc"
              ],
              "failures": [],
              "pending": [],
              "skipped": [],
              "duration": 3,
              "root": false,
              "rootEmpty": false,
              "_timeout": 5000
            }
          ],
          "passes": [],
          "failures": [],
          "pending": [],
          "skipped": [],
          "duration": 0,
          "root": false,
          "rootEmpty": false,
          "_timeout": 5000
        }
      ],
      "passes": [],
      "failures": [],
      "pending": [],
      "skipped": [],
      "duration": 0,
      "root": true,
      "rootEmpty": true,
      "_timeout": 5000
    },
    {
      "uuid": "d27af050-cd98-40f2-a58b-a6b1131f9d97",
      "title": "",
      "fullFile": "",
      "file": "",
      "beforeHooks": [],
      "afterHooks": [],
      "tests": [],
      "suites": [
        {
          "uuid": "8605f8c7-7b15-45ac-b181-32b884bb5923",
          "title": "@tresdoce-nestjs-toolkit/dynamoose",
          "fullFile": "",
          "file": "",
          "beforeHooks": [],
          "afterHooks": [],
          "tests": [],
          "suites": [
            {
              "uuid": "29518a87-5b84-414c-ad36-e265d9814e0a",
              "title": "DynamooseModule",
              "fullFile": "/home/runner/work/tresdoce-nestjs-toolkit/tresdoce-nestjs-toolkit/packages/dynamoose/src/__test__/dynamoose.module.spec.ts",
              "file": "dynamoose.module.spec.ts",
              "beforeHooks": [],
              "afterHooks": [],
              "tests": [],
              "suites": [
                {
                  "uuid": "d0610207-451e-497d-bdcf-4caeb0b9584c",
                  "title": "Basic configuration",
                  "fullFile": "/home/runner/work/tresdoce-nestjs-toolkit/tresdoce-nestjs-toolkit/packages/dynamoose/src/__test__/dynamoose.module.spec.ts",
                  "file": "",
                  "beforeHooks": [],
                  "afterHooks": [],
                  "tests": [],
                  "suites": [
                    {
                      "uuid": "232569ba-be97-4166-b8e7-e05e2bf0293b",
                      "title": "forRoot",
                      "fullFile": "/home/runner/work/tresdoce-nestjs-toolkit/tresdoce-nestjs-toolkit/packages/dynamoose/src/__test__/dynamoose.module.spec.ts",
                      "file": "",
                      "beforeHooks": [],
                      "afterHooks": [],
                      "tests": [
                        {
                          "fullTitle": "DynamooseModule Basic configuration forRoot should return a dynamic module",
                          "title": "should return a dynamic module",
                          "timedOut": false,
                          "duration": 180,
                          "state": "passed",
                          "speed": "medium",
                          "pass": true,
                          "fail": false,
                          "pending": false,
                          "context": null,
                          "code": "// ⎯⎯⎯⎯⎯⎯⎯⎯⎯\n// • Line: 63\n// • Column: 6\n// ⎯⎯⎯⎯⎯⎯⎯⎯⎯\n\nit('should return a dynamic module', () => {\n        const dynamicModule = DynamooseModule.forRoot();\n        expect(dynamicModule).toBeDefined();\n      })",
                          "err": {},
                          "uuid": "13d54d72-cc34-4f8f-9689-97d380c40bda",
                          "parentUUID": "232569ba-be97-4166-b8e7-e05e2bf0293b",
                          "isHook": false,
                          "skipped": false
                        },
                        {
                          "fullTitle": "DynamooseModule Basic configuration forRoot should create a module with forRoot method",
                          "title": "should create a module with forRoot method",
                          "timedOut": false,
                          "duration": 10,
                          "state": "passed",
                          "speed": "fast",
                          "pass": true,
                          "fail": false,
                          "pending": false,
                          "context": null,
                          "code": "// ⎯⎯⎯⎯⎯⎯⎯⎯⎯\n// • Line: 68\n// • Column: 6\n// ⎯⎯⎯⎯⎯⎯⎯⎯⎯\n\nit('should create a module with forRoot method', async () => {\n        const rootModule = DynamooseModule.forRoot(dynamooseOptions);\n        expect(rootModule).toBeDefined();\n      })",
                          "err": {},
                          "uuid": "28bbbf4e-9806-468f-aa0f-05f940aba105",
                          "parentUUID": "232569ba-be97-4166-b8e7-e05e2bf0293b",
                          "isHook": false,
                          "skipped": false
                        }
                      ],
                      "suites": [],
                      "passes": [
                        "13d54d72-cc34-4f8f-9689-97d380c40bda",
                        "28bbbf4e-9806-468f-aa0f-05f940aba105"
                      ],
                      "failures": [],
                      "pending": [],
                      "skipped": [],
                      "duration": 190,
                      "root": false,
                      "rootEmpty": false,
                      "_timeout": 5000
                    },
                    {
                      "uuid": "3b6c55d4-df05-4fb1-ab9e-cfdd97be58d7",
                      "title": "forRootAsync",
                      "fullFile": "/home/runner/work/tresdoce-nestjs-toolkit/tresdoce-nestjs-toolkit/packages/dynamoose/src/__test__/dynamoose.module.spec.ts",
                      "file": "",
                      "beforeHooks": [],
                      "afterHooks": [],
                      "tests": [
                        {
                          "fullTitle": "DynamooseModule Basic configuration forRootAsync should return a dynamic module",
                          "title": "should return a dynamic module",
                          "timedOut": false,
                          "duration": 9,
                          "state": "passed",
                          "speed": "fast",
                          "pass": true,
                          "fail": false,
                          "pending": false,
                          "context": null,
                          "code": "// ⎯⎯⎯⎯⎯⎯⎯⎯⎯\n// • Line: 75\n// • Column: 6\n// ⎯⎯⎯⎯⎯⎯⎯⎯⎯\n\nit('should return a dynamic module', () => {\n        const asyncModule = DynamooseModule.forRootAsync({ useFactory: async () => ({}) });\n        expect(asyncModule).toBeDefined();\n      })",
                          "err": {},
                          "uuid": "c308c108-7668-4a03-b52d-b1962183458a",
                          "parentUUID": "3b6c55d4-df05-4fb1-ab9e-cfdd97be58d7",
                          "isHook": false,
                          "skipped": false
                        },
                        {
                          "fullTitle": "DynamooseModule Basic configuration forRootAsync should create a module with forRootAsync method",
                          "title": "should create a module with forRootAsync method",
                          "timedOut": false,
                          "duration": 8,
                          "state": "passed",
                          "speed": "fast",
                          "pass": true,
                          "fail": false,
                          "pending": false,
                          "context": null,
                          "code": "// ⎯⎯⎯⎯⎯⎯⎯⎯⎯\n// • Line: 80\n// • Column: 6\n// ⎯⎯⎯⎯⎯⎯⎯⎯⎯\n\nit('should create a module with forRootAsync method', async () => {\n        const asyncOptions = {\n          useFactory: async (configService: ConfigService): Promise<DynamooseModuleOptions> =>\n            configService.get<DynamooseModuleOptions>('config.dynamodb'),\n          inject: [ConfigService],\n        };\n        const asyncRootModule = DynamooseModule.forRootAsync(asyncOptions);\n        expect(asyncRootModule).toBeDefined();\n      })",
                          "err": {},
                          "uuid": "b1a5b379-3299-46e5-a822-d4af8756ca84",
                          "parentUUID": "3b6c55d4-df05-4fb1-ab9e-cfdd97be58d7",
                          "isHook": false,
                          "skipped": false
                        }
                      ],
                      "suites": [],
                      "passes": [
                        "c308c108-7668-4a03-b52d-b1962183458a",
                        "b1a5b379-3299-46e5-a822-d4af8756ca84"
                      ],
                      "failures": [],
                      "pending": [],
                      "skipped": [],
                      "duration": 17,
                      "root": false,
                      "rootEmpty": false,
                      "_timeout": 5000
                    },
                    {
                      "uuid": "652fd2e3-87dd-493a-bc1f-a3605b8ae396",
                      "title": "forFeature",
                      "fullFile": "/home/runner/work/tresdoce-nestjs-toolkit/tresdoce-nestjs-toolkit/packages/dynamoose/src/__test__/dynamoose.module.spec.ts",
                      "file": "",
                      "beforeHooks": [],
                      "afterHooks": [],
                      "tests": [
                        {
                          "fullTitle": "DynamooseModule Basic configuration forFeature should return a dynamic module empty",
                          "title": "should return a dynamic module empty",
                          "timedOut": false,
                          "duration": 8,
                          "state": "passed",
                          "speed": "fast",
                          "pass": true,
                          "fail": false,
                          "pending": false,
                          "context": null,
                          "code": "// ⎯⎯⎯⎯⎯⎯⎯⎯⎯\n// • Line: 92\n// • Column: 6\n// ⎯⎯⎯⎯⎯⎯⎯⎯⎯\n\nit('should return a dynamic module empty', () => {\n        const featureModule = DynamooseModule.forFeature();\n        expect(featureModule).toBeDefined();\n      })",
                          "err": {},
                          "uuid": "4f095ec8-9c0f-4e5e-9526-8f6c7b85ab96",
                          "parentUUID": "652fd2e3-87dd-493a-bc1f-a3605b8ae396",
                          "isHook": false,
                          "skipped": false
                        },
                        {
                          "fullTitle": "DynamooseModule Basic configuration forFeature should return a dynamic module",
                          "title": "should return a dynamic module",
                          "timedOut": false,
                          "duration": 14,
                          "state": "passed",
                          "speed": "fast",
                          "pass": true,
                          "fail": false,
                          "pending": false,
                          "context": null,
                          "code": "// ⎯⎯⎯⎯⎯⎯⎯⎯⎯\n// • Line: 97\n// • Column: 6\n// ⎯⎯⎯⎯⎯⎯⎯⎯⎯\n\nit('should return a dynamic module', () => {\n        const featureModule = DynamooseModule.forFeature([]);\n        expect(featureModule).toBeDefined();\n      })",
                          "err": {},
                          "uuid": "d17c640a-31b4-43e1-9979-e8dccb1ddecf",
                          "parentUUID": "652fd2e3-87dd-493a-bc1f-a3605b8ae396",
                          "isHook": false,
                          "skipped": false
                        },
                        {
                          "fullTitle": "DynamooseModule Basic configuration forFeature should provide and export dynamoose providers",
                          "title": "should provide and export dynamoose providers",
                          "timedOut": false,
                          "duration": 7,
                          "state": "passed",
                          "speed": "fast",
                          "pass": true,
                          "fail": false,
                          "pending": false,
                          "context": null,
                          "code": "// ⎯⎯⎯⎯⎯⎯⎯⎯⎯\n// • Line: 102\n// • Column: 6\n// ⎯⎯⎯⎯⎯⎯⎯⎯⎯\n\nit('should provide and export dynamoose providers', () => {\n        const featureModule = DynamooseModule.forFeature([]);\n        const providers = createDynamooseProviders([]);\n        expect(featureModule.providers).toEqual(providers);\n        expect(featureModule.exports).toEqual(providers);\n      })",
                          "err": {},
                          "uuid": "bbe6bc6b-f9ad-443a-9117-cac48e9ad1be",
                          "parentUUID": "652fd2e3-87dd-493a-bc1f-a3605b8ae396",
                          "isHook": false,
                          "skipped": false
                        },
                        {
                          "fullTitle": "DynamooseModule Basic configuration forFeature should create a module with forFeature method",
                          "title": "should create a module with forFeature method",
                          "timedOut": false,
                          "duration": 7,
                          "state": "passed",
                          "speed": "fast",
                          "pass": true,
                          "fail": false,
                          "pending": false,
                          "context": null,
                          "code": "// ⎯⎯⎯⎯⎯⎯⎯⎯⎯\n// • Line: 109\n// • Column: 6\n// ⎯⎯⎯⎯⎯⎯⎯⎯⎯\n\nit('should create a module with forFeature method', async () => {\n        const models: ModelDefinition[] = [\n          {\n            name: 'User',\n            schema: UserSchema,\n            options: {\n              tableName: 'user',\n            },\n            serializers: {\n              frontend: { exclude: ['status'] },\n              backend: { exclude: ['status'] },\n            },\n          },\n        ];\n        const featureModule = DynamooseModule.forFeature(models);\n        expect(featureModule).toBeDefined();\n      })",
                          "err": {},
                          "uuid": "dcf2fbe9-6360-49b2-8ff3-3bbe650b5531",
                          "parentUUID": "652fd2e3-87dd-493a-bc1f-a3605b8ae396",
                          "isHook": false,
                          "skipped": false
                        }
                      ],
                      "suites": [],
                      "passes": [
                        "4f095ec8-9c0f-4e5e-9526-8f6c7b85ab96",
                        "d17c640a-31b4-43e1-9979-e8dccb1ddecf",
                        "bbe6bc6b-f9ad-443a-9117-cac48e9ad1be",
                        "dcf2fbe9-6360-49b2-8ff3-3bbe650b5531"
                      ],
                      "failures": [],
                      "pending": [],
                      "skipped": [],
                      "duration": 36,
                      "root": false,
                      "rootEmpty": false,
                      "_timeout": 5000
                    },
                    {
                      "uuid": "dd298ca6-be5b-475e-a9f7-c141f72a70ab",
                      "title": "forFeatureAsync",
                      "fullFile": "/home/runner/work/tresdoce-nestjs-toolkit/tresdoce-nestjs-toolkit/packages/dynamoose/src/__test__/dynamoose.module.spec.ts",
                      "file": "",
                      "beforeHooks": [],
                      "afterHooks": [],
                      "tests": [
                        {
                          "fullTitle": "DynamooseModule Basic configuration forFeatureAsync should return a dynamic module empty",
                          "title": "should return a dynamic module empty",
                          "timedOut": false,
                          "duration": 9,
                          "state": "passed",
                          "speed": "fast",
                          "pass": true,
                          "fail": false,
                          "pending": false,
                          "context": null,
                          "code": "// ⎯⎯⎯⎯⎯⎯⎯⎯⎯\n// • Line: 129\n// • Column: 6\n// ⎯⎯⎯⎯⎯⎯⎯⎯⎯\n\nit('should return a dynamic module empty', () => {\n        const asyncFeatureModule = DynamooseModule.forFeatureAsync();\n        expect(asyncFeatureModule).toBeDefined();\n      })",
                          "err": {},
                          "uuid": "b4c30b6c-dcd3-4233-a1c3-09cc39fb913a",
                          "parentUUID": "dd298ca6-be5b-475e-a9f7-c141f72a70ab",
                          "isHook": false,
                          "skipped": false
                        },
                        {
                          "fullTitle": "DynamooseModule Basic configuration forFeatureAsync should return a dynamic module",
                          "title": "should return a dynamic module",
                          "timedOut": false,
                          "duration": 7,
                          "state": "passed",
                          "speed": "fast",
                          "pass": true,
                          "fail": false,
                          "pending": false,
                          "context": null,
                          "code": "// ⎯⎯⎯⎯⎯⎯⎯⎯⎯\n// • Line: 134\n// • Column: 6\n// ⎯⎯⎯⎯⎯⎯⎯⎯⎯\n\nit('should return a dynamic module', () => {\n        const asyncFeatureModule = DynamooseModule.forFeatureAsync([]);\n        expect(asyncFeatureModule).toBeDefined();\n      })",
                          "err": {},
                          "uuid": "22718713-606b-448a-b8e8-8bf5bc7cc5e8",
                          "parentUUID": "dd298ca6-be5b-475e-a9f7-c141f72a70ab",
                          "isHook": false,
                          "skipped": false
                        },
                        {
                          "fullTitle": "DynamooseModule Basic configuration forFeatureAsync should provide and export dynamoose async providers",
                          "title": "should provide and export dynamoose async providers",
                          "timedOut": false,
                          "duration": 8,
                          "state": "passed",
                          "speed": "fast",
                          "pass": true,
                          "fail": false,
                          "pending": false,
                          "context": null,
                          "code": "// ⎯⎯⎯⎯⎯⎯⎯⎯⎯\n// • Line: 139\n// • Column: 6\n// ⎯⎯⎯⎯⎯⎯⎯⎯⎯\n\nit('should provide and export dynamoose async providers', () => {\n        const asyncFeatureModule = DynamooseModule.forFeatureAsync([]);\n        const providers = createDynamooseAsyncProviders([]);\n        expect(asyncFeatureModule.providers).toEqual(providers);\n        expect(asyncFeatureModule.exports).toEqual(providers);\n      })",
                          "err": {},
                          "uuid": "2d26f0cb-6013-40f2-b32e-c7e7f1b93b9e",
                          "parentUUID": "dd298ca6-be5b-475e-a9f7-c141f72a70ab",
                          "isHook": false,
                          "skipped": false
                        },
                        {
                          "fullTitle": "DynamooseModule Basic configuration forFeatureAsync should create a module with forFeatureAsync method",
                          "title": "should create a module with forFeatureAsync method",
                          "timedOut": false,
                          "duration": 7,
                          "state": "passed",
                          "speed": "fast",
                          "pass": true,
                          "fail": false,
                          "pending": false,
                          "context": null,
                          "code": "// ⎯⎯⎯⎯⎯⎯⎯⎯⎯\n// • Line: 146\n// • Column: 6\n// ⎯⎯⎯⎯⎯⎯⎯⎯⎯\n\nit('should create a module with forFeatureAsync method', async () => {\n        const factories = [\n          {\n            name: 'User',\n            useFactory: async () => ({\n              schema: UserSchema,\n              options: {\n                tableName: 'user',\n              },\n              serializers: {\n                frontend: { exclude: ['status'] },\n              },\n            }),\n            inject: [],\n          },\n        ];\n        const featureAsyncModule = DynamooseModule.forFeatureAsync(factories);\n        expect(featureAsyncModule).toBeDefined();\n      })",
                          "err": {},
                          "uuid": "a4b16753-c22a-43bd-ac21-6c6eaa2b4b6a",
                          "parentUUID": "dd298ca6-be5b-475e-a9f7-c141f72a70ab",
                          "isHook": false,
                          "skipped": false
                        }
                      ],
                      "suites": [],
                      "passes": [
                        "b4c30b6c-dcd3-4233-a1c3-09cc39fb913a",
                        "22718713-606b-448a-b8e8-8bf5bc7cc5e8",
                        "2d26f0cb-6013-40f2-b32e-c7e7f1b93b9e",
                        "a4b16753-c22a-43bd-ac21-6c6eaa2b4b6a"
                      ],
                      "failures": [],
                      "pending": [],
                      "skipped": [],
                      "duration": 31,
                      "root": false,
                      "rootEmpty": false,
                      "_timeout": 5000
                    },
                    {
                      "uuid": "f45821c6-a470-48e3-9662-dfe0c27a34ab",
                      "title": "providers",
                      "fullFile": "/home/runner/work/tresdoce-nestjs-toolkit/tresdoce-nestjs-toolkit/packages/dynamoose/src/__test__/dynamoose.module.spec.ts",
                      "file": "",
                      "beforeHooks": [],
                      "afterHooks": [],
                      "tests": [
                        {
                          "fullTitle": "DynamooseModule Basic configuration providers should create dynamoose providers",
                          "title": "should create dynamoose providers",
                          "timedOut": false,
                          "duration": 6,
                          "state": "passed",
                          "speed": "fast",
                          "pass": true,
                          "fail": false,
                          "pending": false,
                          "context": null,
                          "code": "// ⎯⎯⎯⎯⎯⎯⎯⎯⎯\n// • Line: 168\n// • Column: 6\n// ⎯⎯⎯⎯⎯⎯⎯⎯⎯\n\nit('should create dynamoose providers', async () => {\n        const models: ModelDefinition[] = [\n          {\n            name: 'User',\n            schema: UserSchema,\n            options: {\n              tableName: 'user',\n            },\n          },\n          {\n            name: 'TestModel',\n            schema: {\n              id: String,\n            },\n            options: {\n              tableName: 'test',\n            },\n          },\n        ];\n        const providers = createDynamooseProviders(models);\n        expect(providers).toBeDefined();\n      })",
                          "err": {},
                          "uuid": "00098641-65d1-40d1-bbad-51e3b94df442",
                          "parentUUID": "f45821c6-a470-48e3-9662-dfe0c27a34ab",
                          "isHook": false,
                          "skipped": false
                        },
                        {
                          "fullTitle": "DynamooseModule Basic configuration providers should create async dynamoose providers",
                          "title": "should create async dynamoose providers",
                          "timedOut": false,
                          "duration": 14,
                          "state": "passed",
                          "speed": "fast",
                          "pass": true,
                          "fail": false,
                          "pending": false,
                          "context": null,
                          "code": "// ⎯⎯⎯⎯⎯⎯⎯⎯⎯\n// • Line: 191\n// • Column: 6\n// ⎯⎯⎯⎯⎯⎯⎯⎯⎯\n\nit('should create async dynamoose providers', async () => {\n        const factories: any[] = [\n          {\n            name: 'User',\n            useFactory: async () => ({\n              schema: UserSchema,\n              options: {\n                tableName: 'user',\n              },\n              serializers: {},\n            }),\n            inject: [],\n          },\n          {\n            name: 'TestModel',\n            useFactory: async () => ({\n              schema: {\n                id: String,\n              },\n              options: { timestamps: true },\n              serializers: {\n                serializerName: {\n                  input: jest.fn(),\n                  output: jest.fn(),\n                },\n              },\n            }),\n            inject: [],\n          },\n        ];\n        const providers = createDynamooseAsyncProviders(factories);\n        expect(providers).toBeDefined();\n      })",
                          "err": {},
                          "uuid": "f4fae7e5-2fc3-4599-ba1d-623f18cb71f5",
                          "parentUUID": "f45821c6-a470-48e3-9662-dfe0c27a34ab",
                          "isHook": false,
                          "skipped": false
                        }
                      ],
                      "suites": [],
                      "passes": [
                        "00098641-65d1-40d1-bbad-51e3b94df442",
                        "f4fae7e5-2fc3-4599-ba1d-623f18cb71f5"
                      ],
                      "failures": [],
                      "pending": [],
                      "skipped": [],
                      "duration": 20,
                      "root": false,
                      "rootEmpty": false,
                      "_timeout": 5000
                    }
                  ],
                  "passes": [],
                  "failures": [],
                  "pending": [],
                  "skipped": [],
                  "duration": 0,
                  "root": false,
                  "rootEmpty": false,
                  "_timeout": 5000
                },
                {
                  "uuid": "69700781-df85-4263-bb65-7f2bda917625",
                  "title": "Advance configuration",
                  "fullFile": "/home/runner/work/tresdoce-nestjs-toolkit/tresdoce-nestjs-toolkit/packages/dynamoose/src/__test__/dynamoose.module.spec.ts",
                  "file": "",
                  "beforeHooks": [],
                  "afterHooks": [],
                  "tests": [
                    {
                      "fullTitle": "DynamooseModule Advance configuration should be defined",
                      "title": "should be defined",
                      "timedOut": false,
                      "duration": 11,
                      "state": "passed",
                      "speed": "fast",
                      "pass": true,
                      "fail": false,
                      "pending": false,
                      "context": null,
                      "code": "// ⎯⎯⎯⎯⎯⎯⎯⎯⎯\n// • Line: 256\n// • Column: 4\n// ⎯⎯⎯⎯⎯⎯⎯⎯⎯\n\nit('should be defined', async () => {\n      expect(app).toBeDefined();\n    })",
                      "err": {},
                      "uuid": "4918153c-d05c-4027-9237-46f8db4de401",
                      "parentUUID": "69700781-df85-4263-bb65-7f2bda917625",
                      "isHook": false,
                      "skipped": false
                    }
                  ],
                  "suites": [],
                  "passes": [
                    "4918153c-d05c-4027-9237-46f8db4de401"
                  ],
                  "failures": [],
                  "pending": [],
                  "skipped": [],
                  "duration": 11,
                  "root": false,
                  "rootEmpty": false,
                  "_timeout": 5000
                }
              ],
              "passes": [],
              "failures": [],
              "pending": [],
              "skipped": [],
              "duration": 0,
              "root": false,
              "rootEmpty": false,
              "_timeout": 5000
            },
            {
              "uuid": "1541dae2-631d-40b9-8fb7-d7b0b1c8c065",
              "title": "Providers",
              "fullFile": "/home/runner/work/tresdoce-nestjs-toolkit/tresdoce-nestjs-toolkit/packages/dynamoose/src/__test__/dynamoose.provider.spec.ts",
              "file": "dynamoose.provider.spec.ts",
              "beforeHooks": [],
              "afterHooks": [],
              "tests": [],
              "suites": [
                {
                  "uuid": "7ed6fe59-74c8-433d-b098-8eb5f2be539a",
                  "title": "createDynamooseProviders",
                  "fullFile": "/home/runner/work/tresdoce-nestjs-toolkit/tresdoce-nestjs-toolkit/packages/dynamoose/src/__test__/dynamoose.provider.spec.ts",
                  "file": "",
                  "beforeHooks": [],
                  "afterHooks": [],
                  "tests": [
                    {
                      "fullTitle": "Providers createDynamooseProviders should create providers with no models",
                      "title": "should create providers with no models",
                      "timedOut": false,
                      "duration": 3,
                      "state": "passed",
                      "speed": "fast",
                      "pass": true,
                      "fail": false,
                      "pending": false,
                      "context": null,
                      "code": "// ⎯⎯⎯⎯⎯⎯⎯⎯⎯\n// • Line: 20\n// • Column: 4\n// ⎯⎯⎯⎯⎯⎯⎯⎯⎯\n\nit('should create providers with no models', () => {\n      const providers = createDynamooseProviders();\n      expect(providers).toEqual([]);\n    })",
                      "err": {},
                      "uuid": "28f236f2-cca7-4b42-b9c9-f97b869ffb20",
                      "parentUUID": "7ed6fe59-74c8-433d-b098-8eb5f2be539a",
                      "isHook": false,
                      "skipped": false
                    },
                    {
                      "fullTitle": "Providers createDynamooseProviders should create providers with no models array",
                      "title": "should create providers with no models array",
                      "timedOut": false,
                      "duration": 1,
                      "state": "passed",
                      "speed": "fast",
                      "pass": true,
                      "fail": false,
                      "pending": false,
                      "context": null,
                      "code": "// ⎯⎯⎯⎯⎯⎯⎯⎯⎯\n// • Line: 25\n// • Column: 4\n// ⎯⎯⎯⎯⎯⎯⎯⎯⎯\n\nit('should create providers with no models array', () => {\n      const providers = createDynamooseProviders([]);\n      expect(providers).toEqual([]);\n    })",
                      "err": {},
                      "uuid": "fca7005d-3b07-4b2a-aeff-6411467db860",
                      "parentUUID": "7ed6fe59-74c8-433d-b098-8eb5f2be539a",
                      "isHook": false,
                      "skipped": false
                    },
                    {
                      "fullTitle": "Providers createDynamooseProviders should create providers with models and no serializers",
                      "title": "should create providers with models and no serializers",
                      "timedOut": false,
                      "duration": 3,
                      "state": "passed",
                      "speed": "fast",
                      "pass": true,
                      "fail": false,
                      "pending": false,
                      "context": null,
[...]
                      "title": "should calculate diff between two timestamps in seconds",
                      "timedOut": false,
                      "duration": 2,
                      "state": "passed",
                      "speed": "fast",
                      "pass": true,
                      "fail": false,
                      "pending": false,
                      "context": null,
                      "code": "// ⎯⎯⎯⎯⎯⎯⎯⎯⎯\n// • Line: 162\n// • Column: 4\n// ⎯⎯⎯⎯⎯⎯⎯⎯⎯\n\nit('should calculate diff between two timestamps in seconds', () => {\n      expect(\n        service.calculateTimestampDiff({\n          startTime: 1689208308510,\n          endTime: 1689208308525,\n          options: { unit: 'seconds' },\n        }),\n      ).toBe(0.015);\n    })",
                      "err": {},
                      "uuid": "3ebdce45-965c-4fea-9919-be1700e2eea5",
                      "parentUUID": "b2a88cc2-0baa-434b-8684-4ca61611f8e4",
                      "isHook": false,
                      "skipped": false
                    },
                    {
                      "fullTitle": "FormatService formatDate should calculate diff between two timestamps in seconds with suffix",
                      "title": "should calculate diff between two timestamps in seconds with suffix",
                      "timedOut": false,
                      "duration": 2,
                      "state": "passed",
                      "speed": "fast",
                      "pass": true,
                      "fail": false,
                      "pending": false,
                      "context": null,
                      "code": "// ⎯⎯⎯⎯⎯⎯⎯⎯⎯\n// • Line: 172\n// • Column: 4\n// ⎯⎯⎯⎯⎯⎯⎯⎯⎯\n\nit('should calculate diff between two timestamps in seconds with suffix', () => {\n      expect(\n        service.calculateTimestampDiff({\n          startTime: 1689208308510,\n          endTime: 1689208308525,\n          options: { unit: 'seconds', addSuffix: true },\n        }),\n      ).toBe('0.015s');\n    })",
                      "err": {},
                      "uuid": "2106ad3a-260e-4420-bbff-b73450c7fba9",
                      "parentUUID": "b2a88cc2-0baa-434b-8684-4ca61611f8e4",
                      "isHook": false,
                      "skipped": false
                    }
                  ],
                  "suites": [],
                  "passes": [
                    "be1c415e-b69c-405a-ab80-be5e0806982a",
                    "12271d9e-b44a-4af0-a6bc-c98c62bc10e4",
                    "0328d552-a5c5-47ed-8129-469f41a74822",
                    "f1393f9b-514f-4f47-9c48-0703f0b7301a",
                    "6b461df3-15f1-409c-a811-532adfca07db",
                    "be79b20e-a00e-49c8-853d-bf85eee9f74a",
                    "1b5ada8a-05f6-4748-9a76-c3df9a740eca",
                    "774b96f4-2253-414e-889e-bb073b3f8a5f",
                    "7bbb738c-228b-4466-98a3-f230279efa26",
                    "698d81bd-142a-4350-98b3-7ea0649c920f",
                    "512d681d-47b1-46b7-b273-4f8cf0c769e9",
                    "3ebdce45-965c-4fea-9919-be1700e2eea5",
                    "2106ad3a-260e-4420-bbff-b73450c7fba9"
                  ],
                  "failures": [],
                  "pending": [],
                  "skipped": [],
                  "duration": 39,
                  "root": false,
                  "rootEmpty": false,
                  "_timeout": 5000
                }
              ],
              "passes": [],
              "failures": [],
              "pending": [],
              "skipped": [],
              "duration": 0,
              "root": false,
              "rootEmpty": false,
              "_timeout": 5000
            },
            {
              "uuid": "f404c0a4-87d0-46ee-bee8-cd8dbd3dfdf1",
              "title": "RedactModule",
              "fullFile": "/home/runner/work/tresdoce-nestjs-toolkit/tresdoce-nestjs-toolkit/packages/utils/src/__test__/redact.module.spec.ts",
              "file": "redact.module.spec.ts",
              "beforeHooks": [],
              "afterHooks": [],
              "tests": [],
              "suites": [
                {
                  "uuid": "a9b369c4-904f-42a2-9d90-d1db7e541f4f",
                  "title": "default",
                  "fullFile": "/home/runner/work/tresdoce-nestjs-toolkit/tresdoce-nestjs-toolkit/packages/utils/src/__test__/redact.module.spec.ts",
                  "file": "",
                  "beforeHooks": [],
                  "afterHooks": [],
                  "tests": [
                    {
                      "fullTitle": "RedactModule default should define the REDACT_PROVIDER",
                      "title": "should define the REDACT_PROVIDER",
                      "timedOut": false,
                      "duration": 17,
                      "state": "passed",
                      "speed": "fast",
                      "pass": true,
                      "fail": false,
                      "pending": false,
                      "context": null,
                      "code": "// ⎯⎯⎯⎯⎯⎯⎯⎯⎯\n// • Line: 14\n// • Column: 4\n// ⎯⎯⎯⎯⎯⎯⎯⎯⎯\n\nit('should define the REDACT_PROVIDER', async () => {\n      const module: TestingModule = await Test.createTestingModule({\n        imports: [RedactModule],\n      }).compile();\n\n      const provider = module.get(REDACT_PROVIDER);\n      expect(provider).toBeDefined();\n      expect(provider({ apiKey: '123456789' })).toEqual({ apiKey: '123456789' });\n    })",
                      "err": {},
                      "uuid": "477764d1-72f6-4432-ad58-b247bdf277c1",
                      "parentUUID": "a9b369c4-904f-42a2-9d90-d1db7e541f4f",
                      "isHook": false,
                      "skipped": false
                    },
                    {
                      "fullTitle": "RedactModule default should define the REDACT_PROVIDER with configModule",
                      "title": "should define the REDACT_PROVIDER with configModule",
                      "timedOut": false,
                      "duration": 12,
                      "state": "passed",
                      "speed": "fast",
                      "pass": true,
                      "fail": false,
                      "pending": false,
                      "context": null,
                      "code": "// ⎯⎯⎯⎯⎯⎯⎯⎯⎯\n// • Line: 24\n// • Column: 4\n// ⎯⎯⎯⎯⎯⎯⎯⎯⎯\n\nit('should define the REDACT_PROVIDER with configModule', async () => {\n      const module: TestingModule = await Test.createTestingModule({\n        imports: [\n          ConfigModule.forRoot({\n            isGlobal: true,\n            load: [\n              dynamicConfig({\n                redact: {\n                  paths: ['apiKey'],\n                },\n              }),\n            ],\n          }),\n          RedactModule,\n        ],\n      }).compile();\n\n      const provider = module.get(REDACT_PROVIDER);\n      expect(provider).toBeDefined();\n      expect(provider({ apiKey: '123456789' })).toEqual({ apiKey: '12345****' });\n    })",
                      "err": {},
                      "uuid": "63cb29c9-1fba-445c-bf27-029975375923",
                      "parentUUID": "a9b369c4-904f-42a2-9d90-d1db7e541f4f",
                      "isHook": false,
                      "skipped": false
                    }
                  ],
                  "suites": [],
                  "passes": [
                    "477764d1-72f6-4432-ad58-b247bdf277c1",
                    "63cb29c9-1fba-445c-bf27-029975375923"
                  ],
                  "failures": [],
                  "pending": [],
                  "skipped": [],
                  "duration": 29,
                  "root": false,
                  "rootEmpty": false,
                  "_timeout": 5000
                },
                {
                  "uuid": "b1474d32-a57d-4a1e-ab70-b1b14f6ec85c",
                  "title": "register",
                  "fullFile": "/home/runner/work/tresdoce-nestjs-toolkit/tresdoce-nestjs-toolkit/packages/utils/src/__test__/redact.module.spec.ts",
                  "file": "",
                  "beforeHooks": [],
                  "afterHooks": [],
                  "tests": [
                    {
                      "fullTitle": "RedactModule register should provide the REDACT_PROVIDER",
                      "title": "should provide the REDACT_PROVIDER",
                      "timedOut": false,
                      "duration": 5,
                      "state": "passed",
                      "speed": "fast",
                      "pass": true,
                      "fail": false,
                      "pending": false,
                      "context": null,
                      "code": "// ⎯⎯⎯⎯⎯⎯⎯⎯⎯\n// • Line: 48\n// • Column: 4\n// ⎯⎯⎯⎯⎯⎯⎯⎯⎯\n\nit('should provide the REDACT_PROVIDER', async () => {\n      const module: TestingModule = await Test.createTestingModule({\n        imports: [\n          RedactModule.register({\n            paths: ['apiKey'],\n            obfuscateFrom: 'left',\n          }),\n        ],\n      }).compile();\n\n      const provider = module.get(REDACT_PROVIDER);\n      expect(provider).toBeDefined();\n      expect(provider({ apiKey: '123456789' })).toEqual({ apiKey: '****56789' });\n    })",
                      "err": {},
                      "uuid": "95073b40-a26d-4e4d-96a3-e77693eeae06",
                      "parentUUID": "b1474d32-a57d-4a1e-ab70-b1b14f6ec85c",
                      "isHook": false,
                      "skipped": false
                    },
                    {
                      "fullTitle": "RedactModule register should provide the REDACT_PROVIDER values empty",
                      "title": "should provide the REDACT_PROVIDER values empty",
                      "timedOut": false,
                      "duration": 3,
                      "state": "passed",
                      "speed": "fast",
                      "pass": true,
                      "fail": false,
                      "pending": false,
                      "context": null,
                      "code": "// ⎯⎯⎯⎯⎯⎯⎯⎯⎯\n// • Line: 63\n// • Column: 4\n// ⎯⎯⎯⎯⎯⎯⎯⎯⎯\n\nit('should provide the REDACT_PROVIDER values empty', async () => {\n      const module: TestingModule = await Test.createTestingModule({\n        imports: [RedactModule.register({})],\n      }).compile();\n\n      const provider = module.get(REDACT_PROVIDER);\n      expect(provider).toBeDefined();\n      expect(provider({ apiKey: '123456789' })).toEqual({ apiKey: '123456789' });\n    })",
                      "err": {},
                      "uuid": "79768af6-74b1-4b1d-b539-3642d54fdfb1",
                      "parentUUID": "b1474d32-a57d-4a1e-ab70-b1b14f6ec85c",
                      "isHook": false,
                      "skipped": false
                    }
                  ],
                  "suites": [],
                  "passes": [
                    "95073b40-a26d-4e4d-96a3-e77693eeae06",
                    "79768af6-74b1-4b1d-b539-3642d54fdfb1"
                  ],
                  "failures": [],
                  "pending": [],
                  "skipped": [],
                  "duration": 8,
                  "root": false,
                  "rootEmpty": false,
                  "_timeout": 5000
                },
                {
                  "uuid": "7777da87-aaad-4969-98d3-e7d7be62529e",
                  "title": "registerAsync",
                  "fullFile": "/home/runner/work/tresdoce-nestjs-toolkit/tresdoce-nestjs-toolkit/packages/utils/src/__test__/redact.module.spec.ts",
                  "file": "",
                  "beforeHooks": [],
                  "afterHooks": [],
                  "tests": [
                    {
                      "fullTitle": "RedactModule registerAsync should provide the REDACT_PROVIDER using useFactory",
                      "title": "should provide the REDACT_PROVIDER using useFactory",
                      "timedOut": false,
                      "duration": 4,
                      "state": "passed",
                      "speed": "fast",
                      "pass": true,
                      "fail": false,
                      "pending": false,
                      "context": null,
                      "code": "// ⎯⎯⎯⎯⎯⎯⎯⎯⎯\n// • Line: 75\n// • Column: 4\n// ⎯⎯⎯⎯⎯⎯⎯⎯⎯\n\nit('should provide the REDACT_PROVIDER using useFactory', async () => {\n      const newCensor = 'XXXX';\n      const module: TestingModule = await Test.createTestingModule({\n        imports: [\n          RedactModule.registerAsync({\n            useFactory: () => ({\n              paths: ['apiKey'],\n              censor: (value): string =>\n                `[${newCensor}${value.toString().substring(newCensor.length)}]`,\n            }),\n          }),\n        ],\n      }).compile();\n\n      const provider = module.get(REDACT_PROVIDER);\n      expect(provider).toBeDefined();\n      expect(provider({ apiKey: '123456789' })).toEqual({ apiKey: '[XXXX56789]' });\n    })",
                      "err": {},
                      "uuid": "4aa6eab7-f7cc-4b1a-aa48-072629ce811e",
                      "parentUUID": "7777da87-aaad-4969-98d3-e7d7be62529e",
                      "isHook": false,
                      "skipped": false
                    },
                    {
                      "fullTitle": "RedactModule registerAsync should provide the REDACT_PROVIDER using useClass",
                      "title": "should provide the REDACT_PROVIDER using useClass",
                      "timedOut": false,
                      "duration": 3,
                      "state": "passed",
                      "speed": "fast",
                      "pass": true,
                      "fail": false,
                      "pending": false,
                      "context": null,
                      "code": "// ⎯⎯⎯⎯⎯⎯⎯⎯⎯\n// • Line: 94\n// • Column: 4\n// ⎯⎯⎯⎯⎯⎯⎯⎯⎯\n\nit('should provide the REDACT_PROVIDER using useClass', async () => {\n      class TestClass implements RedactModuleOptionsFactory {\n        async createRedactOptions(): Promise<RedactModuleOptions> {\n          return {\n            paths: ['apiKey'],\n          };\n        }\n      }\n\n      const options: RedactModuleAsyncOptions = {\n        useClass: TestClass,\n      };\n\n      const module: TestingModule = await Test.createTestingModule({\n        imports: [RedactModule.registerAsync(options)],\n      }).compile();\n\n      const provider = module.get(REDACT_PROVIDER);\n      expect(provider).toBeDefined();\n      expect(provider({ apiKey: '123456789' })).toEqual({ apiKey: '12345****' });\n    })",
                      "err": {},
                      "uuid": "2d7be0fe-94a6-49d8-b3fa-cc066ec9a3ca",
                      "parentUUID": "7777da87-aaad-4969-98d3-e7d7be62529e",
                      "isHook": false,
                      "skipped": false
                    }
                  ],
                  "suites": [],
                  "passes": [
                    "4aa6eab7-f7cc-4b1a-aa48-072629ce811e",
                    "2d7be0fe-94a6-49d8-b3fa-cc066ec9a3ca"
                  ],
                  "failures": [],
                  "pending": [],
                  "skipped": [],
                  "duration": 7,
                  "root": false,
                  "rootEmpty": false,
                  "_timeout": 5000
                }
              ],
              "passes": [],
              "failures": [],
              "pending": [],
              "skipped": [],
              "duration": 0,
              "root": false,
              "rootEmpty": false,
              "_timeout": 5000
            },
            {
              "uuid": "f6ee94d4-378e-4ecc-8dbb-f44060cc82ac",
              "title": "RedactService",
              "fullFile": "/home/runner/work/tresdoce-nestjs-toolkit/tresdoce-nestjs-toolkit/packages/utils/src/__test__/redact.service.spec.ts",
              "file": "redact.service.spec.ts",
              "beforeHooks": [],
              "afterHooks": [],
              "tests": [
                {
                  "fullTitle": "RedactService should be defined",
                  "title": "should be defined",
                  "timedOut": false,
                  "duration": 172,
                  "state": "passed",
                  "speed": "medium",
                  "pass": true,
                  "fail": false,
                  "pending": false,
                  "context": null,
                  "code": "// ⎯⎯⎯⎯⎯⎯⎯⎯⎯\n// • Line: 39\n// • Column: 2\n// ⎯⎯⎯⎯⎯⎯⎯⎯⎯\n\nit('should be defined', async () => {\n    expect(service).toBeDefined();\n    expect(service).toBeInstanceOf(RedactService);\n    expect(service.redactRef).not.toBeNull();\n  })",
                  "err": {},
                  "uuid": "85b4a872-390e-4ee6-85c9-c96e9bfd7ee1",
                  "parentUUID": "f6ee94d4-378e-4ecc-8dbb-f44060cc82ac",
                  "isHook": false,
                  "skipped": false
                },
                {
                  "fullTitle": "RedactService should be obfuscate sensitive data",
                  "title": "should be obfuscate sensitive data",
                  "timedOut": false,
                  "duration": 9,
                  "state": "passed",
                  "speed": "fast",
                  "pass": true,
                  "fail": false,
                  "pending": false,
                  "context": null,
                  "code": "// ⎯⎯⎯⎯⎯⎯⎯⎯⎯\n// • Line: 45\n// • Column: 2\n// ⎯⎯⎯⎯⎯⎯⎯⎯⎯\n\nit('should be obfuscate sensitive data', async () => {\n    const redacted = service.obfuscate({ apiKey: '123456789' });\n    expect(redacted).toEqual({ apiKey: '12345****' });\n  })",
                  "err": {},
                  "uuid": "56943488-b165-44d2-8d1d-cd2675a01a26",
                  "parentUUID": "f6ee94d4-378e-4ecc-8dbb-f44060cc82ac",
                  "isHook": false,
                  "skipped": false
                },
                {
                  "fullTitle": "RedactService should be obfuscate sensitive data with serialize",
                  "title": "should be obfuscate sensitive data with serialize",
                  "timedOut": false,
                  "duration": 6,
                  "state": "passed",
                  "speed": "fast",
                  "pass": true,
                  "fail": false,
                  "pending": false,
                  "context": null,
                  "code": "// ⎯⎯⎯⎯⎯⎯⎯⎯⎯\n// • Line: 50\n// • Column: 2\n// ⎯⎯⎯⎯⎯⎯⎯⎯⎯\n\nit('should be obfuscate sensitive data with serialize', async () => {\n    const redacted = service.obfuscate({ apiKey: '123456789' }, false);\n    expect(redacted).toEqual(JSON.stringify({ apiKey: '12345****' }));\n  })",
                  "err": {},
                  "uuid": "4df312ae-5676-4a31-8920-7d91298a55d4",
                  "parentUUID": "f6ee94d4-378e-4ecc-8dbb-f44060cc82ac",
                  "isHook": false,
                  "skipped": false
                }
              ],
              "suites": [],
              "passes": [
                "85b4a872-390e-4ee6-85c9-c96e9bfd7ee1",
                "56943488-b165-44d2-8d1d-cd2675a01a26",
                "4df312ae-5676-4a31-8920-7d91298a55d4"
              ],
              "failures": [],
              "pending": [],
              "skipped": [],
              "duration": 187,
              "root": false,
              "rootEmpty": false,
              "_timeout": 5000
            }
          ],
          "passes": [],
          "failures": [],
          "pending": [],
          "skipped": [],
          "duration": 0,
          "root": false,
          "rootEmpty": false,
          "_timeout": 5000
        }
      ],
      "passes": [],
      "failures": [],
      "pending": [],
      "skipped": [],
      "duration": 0,
      "root": true,
      "rootEmpty": true,
      "_timeout": 5000
    }
  ]
}