{
  "stats": {
    "suites": 15,
    "tests": 188,
    "passes": 188,
    "pending": 0,
    "failures": 0,
    "testsRegistered": 188,
    "passPercent": 100,
    "pendingPercent": 0,
    "other": 0,
    "hasOther": false,
    "skipped": 0,
    "hasSkipped": false,
    "start": "2023-07-06T08:25:34.584Z",
    "end": "2023-07-06T08:31:38.116Z",
    "duration": 363532
  },
  "results": [
    {
      "uuid": "778df6dd-e245-4424-bc93-b463b7e76abf",
      "title": "",
      "fullFile": "",
      "file": "",
      "beforeHooks": [],
      "afterHooks": [],
      "tests": [],
      "suites": [
        {
          "uuid": "5714d4bf-4e51-40a4-b53a-d80b299773c0",
          "title": "@tresdoce-nestjs-toolkit/archetype",
          "fullFile": "",
          "file": "",
          "beforeHooks": [],
          "afterHooks": [],
          "tests": [],
          "suites": [
            {
              "uuid": "d729da49-61da-4e71-8b75-88556ee4aa5d",
              "title": "ArchetypeService",
              "fullFile": "/home/runner/work/tresdoce-nestjs-toolkit/tresdoce-nestjs-toolkit/packages/archetype/src/__test__/archetype.service.spec.ts",
              "file": "archetype.service.spec.ts",
              "beforeHooks": [],
              "afterHooks": [],
              "tests": [
                {
                  "fullTitle": "ArchetypeService should be defined",
                  "title": "should be defined",
                  "timedOut": false,
                  "duration": 26,
                  "state": "passed",
                  "speed": "fast",
                  "pass": true,
                  "fail": false,
                  "pending": false,
                  "context": null,
                  "code": "// ⎯⎯⎯⎯⎯⎯⎯⎯⎯\n// • Line: 26\n// • Column: 2\n// ⎯⎯⎯⎯⎯⎯⎯⎯⎯\n\nit('should be defined', () => {\n    expect(service).toBeDefined();\n  })",
                  "err": {},
                  "uuid": "d9b7c4a0-70d3-4541-9710-819cc33b2b4d",
                  "parentUUID": "d729da49-61da-4e71-8b75-88556ee4aa5d",
                  "isHook": false,
                  "skipped": false
                },
                {
                  "fullTitle": "ArchetypeService should be read package file",
                  "title": "should be read package file",
                  "timedOut": false,
                  "duration": 11,
                  "state": "passed",
                  "speed": "fast",
                  "pass": true,
                  "fail": false,
                  "pending": false,
                  "context": null,
                  "code": "// ⎯⎯⎯⎯⎯⎯⎯⎯⎯\n// • Line: 30\n// • Column: 2\n// ⎯⎯⎯⎯⎯⎯⎯⎯⎯\n\nit('should be read package file', async () => {\n    const packageFile = await service.readFile(__dirname, '../../package.json');\n    expect(packageFile).toBeDefined();\n    expect(packageFile).toEqual(expect.any(Object));\n  })",
                  "err": {},
                  "uuid": "f7f91ac7-9644-43bd-b4bc-8a7e86006db0",
                  "parentUUID": "d729da49-61da-4e71-8b75-88556ee4aa5d",
                  "isHook": false,
                  "skipped": false
                },
                {
                  "fullTitle": "ArchetypeService should be return archetype version",
                  "title": "should be return archetype version",
                  "timedOut": false,
                  "duration": 12,
                  "state": "passed",
                  "speed": "fast",
                  "pass": true,
                  "fail": false,
                  "pending": false,
                  "context": null,
                  "code": "// ⎯⎯⎯⎯⎯⎯⎯⎯⎯\n// • Line: 36\n// • Column: 2\n// ⎯⎯⎯⎯⎯⎯⎯⎯⎯\n\nit('should be return archetype version', async () => {\n    service.readFile = jest.fn().mockImplementation(() => ({ version: manifest.archetypeVersion }));\n\n    expect(await service.getArchetypeVersion()).toEqual({\n      archetypeVersion: manifest.archetypeVersion,\n    });\n  })",
                  "err": {},
                  "uuid": "1a46a4fd-dd99-44ec-a09c-2df56af0c45f",
                  "parentUUID": "d729da49-61da-4e71-8b75-88556ee4aa5d",
                  "isHook": false,
                  "skipped": false
                },
                {
                  "fullTitle": "ArchetypeService should be return application info",
                  "title": "should be return application info",
                  "timedOut": false,
                  "duration": 9,
                  "state": "passed",
                  "speed": "fast",
                  "pass": true,
                  "fail": false,
                  "pending": false,
                  "context": null,
                  "code": "// ⎯⎯⎯⎯⎯⎯⎯⎯⎯\n// • Line: 44\n// • Column: 2\n// ⎯⎯⎯⎯⎯⎯⎯⎯⎯\n\nit('should be return application info', async () => {\n    service.readFile = jest.fn().mockImplementation(() => ({\n      appStage: manifest.appStage,\n      apiPrefix: manifest.apiPrefix,\n      name: manifest.name,\n      version: manifest.version,\n      description: manifest.description,\n      author: manifest.author,\n      repository: manifest.repository,\n      homepage: manifest.homepage,\n      dependencies: manifest.dependencies,\n      devDependencies: manifest.devDependencies,\n    }));\n\n    expect(await service.getApplicationInfo()).toEqual({\n      appStage: manifest.appStage,\n      apiPrefix: manifest.apiPrefix,\n      name: manifest.name,\n      version: manifest.version,\n      description: manifest.description,\n      author: manifest.author,\n      repository: manifest.repository,\n      homepage: manifest.homepage,\n      dependencies: {\n        '@tresdoce-nestjs-toolkit/archetype': '0.0.1',\n        '@tresdoce-nestjs-toolkit/health': '0.0.1',\n        '@tresdoce-nestjs-toolkit/http-client': '0.0.1',\n        '@nestjs/class-transformer': '^0.4.0',\n        '@nestjs/class-validator': '^0.13.3',\n        '@nestjs/common': '^9.2.1',\n        '@nestjs/config': '^2.2.0',\n        '@nestjs/core': '^8.2.5',\n        '@nestjs/platform-express': '^8.2.5',\n        '@nestjs/swagger': '^5.1.5',\n      },\n      devDependencies: {\n        '@tresdoce-nestjs-toolkit/commons': '0.0.1',\n        '@nestjs/cli': '^9.1.8',\n        '@nestjs/schematics': '^9.1.0',\n        '@nestjs/testing': '^9.4.0',\n      },\n    });\n  })",
                  "err": {},
                  "uuid": "5bfd8c6c-a1d5-4ca4-acba-2736cd4dc260",
                  "parentUUID": "d729da49-61da-4e71-8b75-88556ee4aa5d",
                  "isHook": false,
                  "skipped": false
                },
                {
                  "fullTitle": "ArchetypeService should be return manifest",
                  "title": "should be return manifest",
                  "timedOut": false,
                  "duration": 11,
                  "state": "passed",
                  "speed": "fast",
                  "pass": true,
                  "fail": false,
                  "pending": false,
                  "context": null,
                  "code": "// ⎯⎯⎯⎯⎯⎯⎯⎯⎯\n// • Line: 88\n// • Column: 2\n// ⎯⎯⎯⎯⎯⎯⎯⎯⎯\n\nit('should be return manifest', async () => {\n    service.getArchetypeVersion = jest.fn().mockImplementation(() => ({\n      archetypeVersion: manifest.archetypeVersion,\n    }));\n\n    service.getApplicationInfo = jest.fn().mockImplementation(() => ({\n      appStage: manifest.appStage,\n      apiPrefix: manifest.apiPrefix,\n      name: manifest.name,\n      version: manifest.version,\n      description: manifest.description,\n      author: manifest.author,\n      repository: manifest.repository,\n      homepage: manifest.homepage,\n      dependencies: manifest.dependencies,\n      devDependencies: manifest.devDependencies,\n    }));\n\n    expect(await service.generateManifest()).toEqual({ ...manifest });\n  })",
                  "err": {},
                  "uuid": "9b8d2a57-88a1-4188-bb52-32740d130d6f",
                  "parentUUID": "d729da49-61da-4e71-8b75-88556ee4aa5d",
                  "isHook": false,
                  "skipped": false
                }
              ],
              "suites": [],
              "passes": [
                "d9b7c4a0-70d3-4541-9710-819cc33b2b4d",
                "f7f91ac7-9644-43bd-b4bc-8a7e86006db0",
                "1a46a4fd-dd99-44ec-a09c-2df56af0c45f",
                "5bfd8c6c-a1d5-4ca4-acba-2736cd4dc260",
                "9b8d2a57-88a1-4188-bb52-32740d130d6f"
              ],
              "failures": [],
              "pending": [],
              "skipped": [],
              "duration": 69,
              "root": false,
              "rootEmpty": false,
              "_timeout": 5000
            },
            {
              "uuid": "37501fc9-0a14-43e4-8e4d-45a5d451011b",
              "title": "ArchetypeController",
              "fullFile": "/home/runner/work/tresdoce-nestjs-toolkit/tresdoce-nestjs-toolkit/packages/archetype/src/__test__/archetype.controller.spec.ts",
              "file": "archetype.controller.spec.ts",
              "beforeHooks": [],
              "afterHooks": [],
              "tests": [
                {
                  "fullTitle": "ArchetypeController should be defined",
                  "title": "should be defined",
                  "timedOut": false,
                  "duration": 24,
                  "state": "passed",
                  "speed": "fast",
                  "pass": true,
                  "fail": false,
                  "pending": false,
                  "context": null,
                  "code": "// ⎯⎯⎯⎯⎯⎯⎯⎯⎯\n// • Line: 35\n// • Column: 2\n// ⎯⎯⎯⎯⎯⎯⎯⎯⎯\n\nit('should be defined', () => {\n    expect(controller).toBeDefined();\n  })",
                  "err": {},
                  "uuid": "9716dfbb-3bff-4b87-9bcc-aad8bf0288df",
                  "parentUUID": "37501fc9-0a14-43e4-8e4d-45a5d451011b",
                  "isHook": false,
                  "skipped": false
                },
                {
                  "fullTitle": "ArchetypeController should be return manifest json",
                  "title": "should be return manifest json",
                  "timedOut": false,
                  "duration": 10,
                  "state": "passed",
                  "speed": "fast",
                  "pass": true,
                  "fail": false,
                  "pending": false,
                  "context": null,
                  "code": "// ⎯⎯⎯⎯⎯⎯⎯⎯⎯\n// • Line: 39\n// • Column: 2\n// ⎯⎯⎯⎯⎯⎯⎯⎯⎯\n\nit('should be return manifest json', async () => {\n    expect(await controller.getArchetypeInfo()).toBeDefined();\n    expect(await controller.getArchetypeInfo()).toEqual(manifest);\n  })",
                  "err": {},
                  "uuid": "d625483f-8490-44c2-b411-d0254a60fdd6",
                  "parentUUID": "37501fc9-0a14-43e4-8e4d-45a5d451011b",
                  "isHook": false,
                  "skipped": false
                }
              ],
              "suites": [],
              "passes": [
                "9716dfbb-3bff-4b87-9bcc-aad8bf0288df",
                "d625483f-8490-44c2-b411-d0254a60fdd6"
              ],
              "failures": [],
              "pending": [],
              "skipped": [],
              "duration": 34,
              "root": false,
              "rootEmpty": false,
              "_timeout": 5000
            },
            {
              "uuid": "318c6c37-73bf-4f77-8bd3-b3166b9fff17",
              "title": "ArchetypeModule",
              "fullFile": "/home/runner/work/tresdoce-nestjs-toolkit/tresdoce-nestjs-toolkit/packages/archetype/src/__test__/archetype.module.spec.ts",
              "file": "archetype.module.spec.ts",
              "beforeHooks": [],
              "afterHooks": [],
              "tests": [
                {
                  "fullTitle": "ArchetypeModule should be define",
                  "title": "should be define",
                  "timedOut": false,
                  "duration": 569,
                  "state": "passed",
                  "speed": "medium",
                  "pass": true,
                  "fail": false,
                  "pending": false,
                  "context": null,
                  "code": "// ⎯⎯⎯⎯⎯⎯⎯⎯⎯\n// • Line: 26\n// • Column: 2\n// ⎯⎯⎯⎯⎯⎯⎯⎯⎯\n\nit('should be define', async () => {\n    expect(app).toBeDefined();\n  })",
                  "err": {},
                  "uuid": "aa894800-d797-40f6-a25f-5c0ed6d797bf",
                  "parentUUID": "318c6c37-73bf-4f77-8bd3-b3166b9fff17",
                  "isHook": false,
                  "skipped": false
                }
              ],
              "suites": [],
              "passes": [
                "aa894800-d797-40f6-a25f-5c0ed6d797bf"
              ],
              "failures": [],
              "pending": [],
              "skipped": [],
              "duration": 569,
              "root": false,
              "rootEmpty": false,
              "_timeout": 5000
            },
            {
              "uuid": "8d583676-5247-435e-8189-3cc8fda40a95",
              "title": "Constants",
              "fullFile": "/home/runner/work/tresdoce-nestjs-toolkit/tresdoce-nestjs-toolkit/packages/archetype/src/__test__/constants.spec.ts",
              "file": "constants.spec.ts",
              "beforeHooks": [],
              "afterHooks": [],
              "tests": [
                {
                  "fullTitle": "Constants should be return exclude to prefix global",
                  "title": "should be return exclude to prefix global",
                  "timedOut": false,
                  "duration": 6,
                  "state": "passed",
                  "speed": "fast",
                  "pass": true,
                  "fail": false,
                  "pending": false,
                  "context": null,
                  "code": "// ⎯⎯⎯⎯⎯⎯⎯⎯⎯\n// • Line: 5\n// • Column: 2\n// ⎯⎯⎯⎯⎯⎯⎯⎯⎯\n\nit('should be return exclude to prefix global', async () => {\n    expect(manifestControllerExcludes).toEqual(expect.any(Array));\n    expect(manifestControllerExcludes).toMatchObject([\n      {\n        path: '/info',\n        method: RequestMethod.GET,\n      },\n    ]);\n  })",
                  "err": {},
                  "uuid": "100ef0e7-5cb5-4e11-aeb1-af1826456700",
                  "parentUUID": "8d583676-5247-435e-8189-3cc8fda40a95",
                  "isHook": false,
                  "skipped": false
                }
              ],
              "suites": [],
              "passes": [
                "100ef0e7-5cb5-4e11-aeb1-af1826456700"
              ],
              "failures": [],
              "pending": [],
              "skipped": [],
              "duration": 6,
              "root": false,
              "rootEmpty": false,
              "_timeout": 5000
            }
          ],
          "passes": [],
          "failures": [],
          "pending": [],
          "skipped": [],
          "duration": 0,
          "root": false,
          "rootEmpty": false,
          "_timeout": 5000
        }
      ],
      "passes": [],
      "failures": [],
      "pending": [],
      "skipped": [],
      "duration": 0,
      "root": true,
      "rootEmpty": true,
      "_timeout": 5000
    },
    {
      "uuid": "80b02834-141c-45e3-b6a8-a5954ed983e8",
      "title": "",
      "fullFile": "",
      "file": "",
      "beforeHooks": [],
      "afterHooks": [],
      "tests": [],
      "suites": [
        {
          "uuid": "5bacee46-54b1-405f-b37f-00e6c531283a",
          "title": "@tresdoce-nestjs-toolkit/camunda",
          "fullFile": "",
          "file": "",
          "beforeHooks": [],
          "afterHooks": [],
          "tests": [],
          "suites": [
            {
              "uuid": "2db6c3c1-2d26-425f-9bf1-7f12e546db0c",
              "title": "CamundaModule",
              "fullFile": "/home/runner/work/tresdoce-nestjs-toolkit/tresdoce-nestjs-toolkit/packages/camunda/src/__test__/camunda.module.spec.ts",
              "file": "camunda.module.spec.ts",
              "beforeHooks": [],
              "afterHooks": [],
              "tests": [
                {
                  "fullTitle": "CamundaModule should be defined",
                  "title": "should be defined",
                  "timedOut": false,
                  "duration": 220,
                  "state": "passed",
                  "speed": "medium",
                  "pass": true,
                  "fail": false,
                  "pending": false,
                  "context": null,
                  "code": "// ⎯⎯⎯⎯⎯⎯⎯⎯⎯\n// • Line: 56\n// • Column: 2\n// ⎯⎯⎯⎯⎯⎯⎯⎯⎯\n\nit('should be defined', () => {\n    expect(app).toBeDefined();\n  })",
                  "err": {},
                  "uuid": "480abc43-9f83-43cd-87d8-b570e0c6df2b",
                  "parentUUID": "2db6c3c1-2d26-425f-9bf1-7f12e546db0c",
                  "isHook": false,
                  "skipped": false
                },
                {
                  "fullTitle": "CamundaModule should be Subscription decorator is defined with options",
                  "title": "should be Subscription decorator is defined with options",
                  "timedOut": false,
                  "duration": 14,
                  "state": "passed",
                  "speed": "fast",
                  "pass": true,
                  "fail": false,
                  "pending": false,
                  "context": null,
                  "code": "// ⎯⎯⎯⎯⎯⎯⎯⎯⎯\n// • Line: 60\n// • Column: 2\n// ⎯⎯⎯⎯⎯⎯⎯⎯⎯\n\nit('should be Subscription decorator is defined with options', async () => {\n    const decorator = Subscription('test-topic', { lockDuration: 500 });\n    console.log(decorator);\n    expect(decorator).toBeDefined();\n  })",
                  "err": {},
                  "uuid": "e6043af3-0384-4447-b6d4-0dc0f35094da",
                  "parentUUID": "2db6c3c1-2d26-425f-9bf1-7f12e546db0c",
                  "isHook": false,
                  "skipped": false
                }
              ],
              "suites": [],
              "passes": [
                "480abc43-9f83-43cd-87d8-b570e0c6df2b",
                "e6043af3-0384-4447-b6d4-0dc0f35094da"
              ],
              "failures": [],
              "pending": [],
              "skipped": [],
              "duration": 234,
              "root": false,
              "rootEmpty": false,
              "_timeout": 5000
            }
          ],
          "passes": [],
          "failures": [],
          "pending": [],
          "skipped": [],
          "duration": 0,
          "root": false,
          "rootEmpty": false,
          "_timeout": 5000
        }
      ],
      "passes": [],
      "failures": [],
      "pending": [],
      "skipped": [],
      "duration": 0,
      "root": true,
      "rootEmpty": true,
      "_timeout": 5000
    },
    {
      "uuid": "920ff4d2-7af1-4f94-bd88-abefe1665010",
      "title": "",
      "fullFile": "",
      "file": "",
      "beforeHooks": [],
      "afterHooks": [],
      "tests": [],
      "suites": [
        {
          "uuid": "82583020-9a5c-4dc7-8b0e-1909f54ade1c",
          "title": "@tresdoce-nestjs-toolkit/commons",
          "fullFile": "",
          "file": "",
          "beforeHooks": [],
          "afterHooks": [],
          "tests": [],
          "suites": [
            {
              "uuid": "8593a5c6-b035-4465-9cf1-fc32ebdf9017",
              "title": "build-config",
              "fullFile": "/home/runner/work/tresdoce-nestjs-toolkit/tresdoce-nestjs-toolkit/packages/commons/src/__test__/build-config.spec.ts",
              "file": "build-config.spec.ts",
              "beforeHooks": [],
              "afterHooks": [],
              "tests": [
                {
                  "fullTitle": "build-config should be return jest config is build",
                  "title": "should be return jest config is build",
                  "timedOut": false,
                  "duration": 8,
                  "state": "passed",
                  "speed": "fast",
                  "pass": true,
                  "fail": false,
                  "pending": false,
                  "context": null,
                  "code": "// ⎯⎯⎯⎯⎯⎯⎯⎯⎯\n// • Line: 14\n// • Column: 2\n// ⎯⎯⎯⎯⎯⎯⎯⎯⎯\n\nit('should be return jest config is build', () => {\n    process.env.NODE_ENV = 'build';\n    const config = buildConfig({ output: {}, optimization: {} });\n    expect(config).not.toBe(null);\n    expect(typeof config).toBe('object');\n    expect(config).toBeDefined();\n    expect(config.mode).toEqual('production');\n  })",
                  "err": {},
                  "uuid": "8e4a7020-7a13-4b18-9cb8-506fd4ef50f3",
                  "parentUUID": "8593a5c6-b035-4465-9cf1-fc32ebdf9017",
                  "isHook": false,
                  "skipped": false
                },
                {
                  "fullTitle": "build-config should be return jest config not is build",
                  "title": "should be return jest config not is build",
                  "timedOut": false,
                  "duration": 5,
                  "state": "passed",
                  "speed": "fast",
                  "pass": true,
                  "fail": false,
                  "pending": false,
                  "context": null,
                  "code": "// ⎯⎯⎯⎯⎯⎯⎯⎯⎯\n// • Line: 23\n// • Column: 2\n// ⎯⎯⎯⎯⎯⎯⎯⎯⎯\n\nit('should be return jest config not is build', () => {\n    process.env.NODE_ENV = 'dev';\n    const config = buildConfig({ output: {}, optimization: {} });\n    expect(config).not.toBe(null);\n    expect(typeof config).toBe('object');\n    expect(config).toBeDefined();\n    expect(config.mode).toEqual('none');\n  })",
                  "err": {},
                  "uuid": "35aa8cb8-3880-4934-ac61-c031d986bfdc",
                  "parentUUID": "8593a5c6-b035-4465-9cf1-fc32ebdf9017",
                  "isHook": false,
                  "skipped": false
                }
              ],
              "suites": [],
              "passes": [
                "8e4a7020-7a13-4b18-9cb8-506fd4ef50f3",
                "35aa8cb8-3880-4934-ac61-c031d986bfdc"
              ],
              "failures": [],
              "pending": [],
              "skipped": [],
              "duration": 13,
              "root": false,
              "rootEmpty": false,
              "_timeout": 5000
            },
            {
              "uuid": "815af3c7-246f-47c0-9688-321533786b02",
              "title": "eslint-config",
              "fullFile": "/home/runner/work/tresdoce-nestjs-toolkit/tresdoce-nestjs-toolkit/packages/commons/src/__test__/eslint-config.spec.ts",
              "file": "eslint-config.spec.ts",
              "beforeHooks": [],
              "afterHooks": [],
              "tests": [
                {
                  "fullTitle": "eslint-config should be return jest config",
                  "title": "should be return jest config",
                  "timedOut": false,
                  "duration": 4,
                  "state": "passed",
                  "speed": "fast",
                  "pass": true,
                  "fail": false,
                  "pending": false,
                  "context": null,
                  "code": "// ⎯⎯⎯⎯⎯⎯⎯⎯⎯\n// • Line: 3\n// • Column: 2\n// ⎯⎯⎯⎯⎯⎯⎯⎯⎯\n\nit('should be return jest config', () => {\n    const config = eslintConfig();\n    expect(config).not.toBe(null);\n    expect(typeof config).toBe('object');\n    expect(config).toBeDefined();\n  })",
                  "err": {},
                  "uuid": "c6fb9187-adc6-4a03-a2f0-7785020846c6",
                  "parentUUID": "815af3c7-246f-47c0-9688-321533786b02",
                  "isHook": false,
                  "skipped": false
                }
              ],
              "suites": [],
              "passes": [
                "c6fb9187-adc6-4a03-a2f0-7785020846c6"
              ],
              "failures": [],
              "pending": [],
              "skipped": [],
              "duration": 4,
              "root": false,
              "rootEmpty": false,
              "_timeout": 5000
            },
            {
              "uuid": "b2490cee-5561-494f-942d-36ea70afd342",
              "title": "testing-library",
              "fullFile": "/home/runner/work/tresdoce-nestjs-toolkit/tresdoce-nestjs-toolkit/packages/commons/src/__test__/testing-library.spec.ts",
              "file": "testing-library.spec.ts",
              "beforeHooks": [],
              "afterHooks": [],
              "tests": [
                {
                  "fullTitle": "testing-library should be return jest config",
                  "title": "should be return jest config",
                  "timedOut": false,
                  "duration": 4,
                  "state": "passed",
                  "speed": "fast",
                  "pass": true,
                  "fail": false,
                  "pending": false,
                  "context": null,
                  "code": "// ⎯⎯⎯⎯⎯⎯⎯⎯⎯\n// • Line: 4\n// • Column: 2\n// ⎯⎯⎯⎯⎯⎯⎯⎯⎯\n\nit('should be return jest config', () => {\n    const config = jestConfig();\n    expect(config).not.toBe(null);\n    expect(typeof config).toBe('object');\n    expect(config).toBeDefined();\n  })",
                  "err": {},
                  "uuid": "45e01478-1ac4-421b-b60a-59235569a987",
                  "parentUUID": "b2490cee-5561-494f-942d-36ea70afd342",
                  "isHook": false,
                  "skipped": false
                }
              ],
              "suites": [],
              "passes": [
                "45e01478-1ac4-421b-b60a-59235569a987"
              ],
              "failures": [],
              "pending": [],
              "skipped": [],
              "duration": 4,
              "root": false,
              "rootEmpty": false,
              "_timeout": 5000
            }
          ],
          "passes": [],
          "failures": [],
          "pending": [],
          "skipped": [],
          "duration": 0,
          "root": false,
          "rootEmpty": false,
          "_timeout": 5000
        }
      ],
      "passes": [],
      "failures": [],
      "pending": [],
      "skipped": [],
      "duration": 0,
      "root": true,
      "rootEmpty": true,
      "_timeout": 5000
    },
    {
      "uuid": "a04fa572-2080-4018-b724-9d1129a4ad94",
      "title": "",
      "fullFile": "",
      "file": "",
      "beforeHooks": [],
      "afterHooks": [],
      "tests": [],
      "suites": [
        {
          "uuid": "65b2e2d5-f113-42b5-8027-90fb6d732a5b",
          "title": "@tresdoce-nestjs-toolkit/core",
          "fullFile": "",
          "file": "",
          "beforeHooks": [],
          "afterHooks": [],
          "tests": [],
          "suites": [
            {
              "uuid": "bbc4069d-eb88-4bd3-ab87-328ebb99439f",
              "title": "commons",
              "fullFile": "/home/runner/work/tresdoce-nestjs-toolkit/tresdoce-nestjs-toolkit/packages/core/src/__test__/commons.spec.ts",
              "file": "commons.spec.ts",
              "beforeHooks": [],
              "afterHooks": [],
              "tests": [],
              "suites": [
                {
                  "uuid": "4233d198-dee9-4635-bea9-98bca1dca11e",
                  "title": "with env context",
                  "fullFile": "/home/runner/work/tresdoce-nestjs-toolkit/tresdoce-nestjs-toolkit/packages/core/src/__test__/commons.spec.ts",
                  "file": "",
                  "beforeHooks": [],
                  "afterHooks": [],
                  "tests": [
                    {
                      "fullTitle": "commons with env context should be return commons exclude paths with context",
                      "title": "should be return commons exclude paths with context",
                      "timedOut": false,
                      "duration": 10,
                      "state": "passed",
                      "speed": "fast",
                      "pass": true,
                      "fail": false,
                      "pending": false,
                      "context": null,
                      "code": "// ⎯⎯⎯⎯⎯⎯⎯⎯⎯\n// • Line: 10\n// • Column: 4\n// ⎯⎯⎯⎯⎯⎯⎯⎯⎯\n\nit('should be return commons exclude paths with context', () => {\n      expect(corePathsExcludes()).not.toBe(null);\n      expect(corePathsExcludes()).toBeDefined();\n      expect(corePathsExcludes()).toBeInstanceOf(Array);\n\n      expect(corePathsExcludes()).toContainObject({\n        path: `/v1/api-test/health/liveness`,\n        method: RequestMethod.GET,\n      });\n\n      expect(corePathsExcludes()).toContainObject({\n        path: `/v1/api-test/health/readiness`,\n        method: RequestMethod.GET,\n      });\n\n      expect(corePathsExcludes()).toContainObject({\n        path: `/v1/api-test/info`,\n        method: RequestMethod.GET,\n      });\n    })",
                      "err": {},
                      "uuid": "a5f06379-9e8c-4bc9-890a-8aa2ae69f9d5",
                      "parentUUID": "4233d198-dee9-4635-bea9-98bca1dca11e",
                      "isHook": false,
                      "skipped": false
                    },
                    {
                      "fullTitle": "commons with env context should be return array of exclude paths with context",
                      "title": "should be return array of exclude paths with context",
                      "timedOut": false,
                      "duration": 5,
                      "state": "passed",
                      "speed": "fast",
                      "pass": true,
                      "fail": false,
                      "pending": false,
                      "context": null,
                      "code": "// ⎯⎯⎯⎯⎯⎯⎯⎯⎯\n// • Line: 31\n// • Column: 4\n// ⎯⎯⎯⎯⎯⎯⎯⎯⎯\n\nit('should be return array of exclude paths with context', () => {\n      expect(excludePaths()).not.toBe(null);\n      expect(excludePaths()).toBeDefined();\n      expect(excludePaths()).toBeInstanceOf(Array);\n      expect(excludePaths()).toEqual([\n        `/v1/api-test/health/liveness`,\n        `/v1/api-test/health/readiness`,\n        `/v1/api-test/info`,\n      ]);\n    })",
                      "err": {},
                      "uuid": "3849641e-00e6-41fa-b967-0fb47c4b1ad8",
                      "parentUUID": "4233d198-dee9-4635-bea9-98bca1dca11e",
                      "isHook": false,
                      "skipped": false
                    }
                  ],
                  "suites": [],
                  "passes": [
                    "a5f06379-9e8c-4bc9-890a-8aa2ae69f9d5",
                    "3849641e-00e6-41fa-b967-0fb47c4b1ad8"
                  ],
                  "failures": [],
                  "pending": [],
                  "skipped": [],
                  "duration": 15,
                  "root": false,
                  "rootEmpty": false,
                  "_timeout": 5000
                },
                {
                  "uuid": "85d54e16-18ac-4f73-beaa-19f5125cf548",
                  "title": "without env context",
                  "fullFile": "/home/runner/work/tresdoce-nestjs-toolkit/tresdoce-nestjs-toolkit/packages/core/src/__test__/commons.spec.ts",
                  "file": "",
                  "beforeHooks": [],
                  "afterHooks": [],
                  "tests": [
                    {
                      "fullTitle": "commons without env context should be return commons exclude paths without context",
                      "title": "should be return commons exclude paths without context",
                      "timedOut": false,
                      "duration": 8,
                      "state": "passed",
                      "speed": "fast",
                      "pass": true,
                      "fail": false,
                      "pending": false,
                      "context": null,
                      "code": "// ⎯⎯⎯⎯⎯⎯⎯⎯⎯\n// • Line: 48\n// • Column: 4\n// ⎯⎯⎯⎯⎯⎯⎯⎯⎯\n\nit('should be return commons exclude paths without context', () => {\n      expect(corePathsExcludes()).not.toBe(null);\n      expect(corePathsExcludes()).toBeDefined();\n      expect(corePathsExcludes()).toBeInstanceOf(Array);\n\n      expect(corePathsExcludes()).toContainObject({\n        path: '/health/liveness',\n        method: RequestMethod.GET,\n      });\n\n      expect(corePathsExcludes()).toContainObject({\n        path: '/health/readiness',\n        method: RequestMethod.GET,\n      });\n\n      expect(corePathsExcludes()).toContainObject({\n        path: '/info',\n        method: RequestMethod.GET,\n      });\n    })",
                      "err": {},
                      "uuid": "aed18987-4fea-4b55-9cf7-3dc32ef8fab4",
                      "parentUUID": "85d54e16-18ac-4f73-beaa-19f5125cf548",
                      "isHook": false,
                      "skipped": false
                    },
                    {
                      "fullTitle": "commons without env context should be return array of exclude paths without context",
                      "title": "should be return array of exclude paths without context",
                      "timedOut": false,
                      "duration": 11,
                      "state": "passed",
                      "speed": "fast",
                      "pass": true,
                      "fail": false,
                      "pending": false,
                      "context": null,
                      "code": "// ⎯⎯⎯⎯⎯⎯⎯⎯⎯\n// • Line: 69\n// • Column: 4\n// ⎯⎯⎯⎯⎯⎯⎯⎯⎯\n\nit('should be return array of exclude paths without context', () => {\n      expect(excludePaths()).not.toBe(null);\n      expect(excludePaths()).toBeDefined();\n      expect(excludePaths()).toBeInstanceOf(Array);\n      expect(excludePaths()).toEqual(['/health/liveness', '/health/readiness', '/info']);\n    })",
                      "err": {},
                      "uuid": "84a19228-a616-4115-afef-7acd248066ec",
                      "parentUUID": "85d54e16-18ac-4f73-beaa-19f5125cf548",
                      "isHook": false,
                      "skipped": false
                    }
                  ],
                  "suites": [],
                  "passes": [
                    "aed18987-4fea-4b55-9cf7-3dc32ef8fab4",
                    "84a19228-a616-4115-afef-7acd248066ec"
                  ],
                  "failures": [],
                  "pending": [],
                  "skipped": [],
                  "duration": 19,
                  "root": false,
                  "rootEmpty": false,
                  "_timeout": 5000
                }
              ],
              "passes": [],
              "failures": [],
              "pending": [],
              "skipped": [],
              "duration": 0,
              "root": false,
              "rootEmpty": false,
              "_timeout": 5000
            },
            {
              "uuid": "fd34151c-b89a-412f-815e-c2d6e9cfec17",
              "title": "https-certificate",
              "fullFile": "/home/runner/work/tresdoce-nestjs-toolkit/tresdoce-nestjs-toolkit/packages/core/src/__test__/https-certificate.spec.ts",
              "file": "https-certificate.spec.ts",
              "beforeHooks": [],
              "afterHooks": [],
              "tests": [
                {
                  "fullTitle": "https-certificate should be return https certificate config",
                  "title": "should be return https certificate config",
                  "timedOut": false,
                  "duration": 6,
                  "state": "passed",
                  "speed": "fast",
                  "pass": true,
                  "fail": false,
                  "pending": false,
                  "context": null,
                  "code": "// ⎯⎯⎯⎯⎯⎯⎯⎯⎯\n// • Line: 4\n// • Column: 2\n// ⎯⎯⎯⎯⎯⎯⎯⎯⎯\n\nit('should be return https certificate config', () => {\n    const crtPath = path.resolve(__dirname, './utils/localhost.crt');\n    const keyPath = path.resolve(__dirname, './utils/localhost.key');\n\n    const config = setHttpsOptions(crtPath, keyPath);\n    expect(typeof config).toBe('object');\n    expect(config).toBeDefined();\n    expect(config.cert).not.toEqual('');\n    expect(config.key).not.toEqual('');\n  })",
                  "err": {},
                  "uuid": "349e746b-f922-4a0f-8fa3-2fa7bb684aca",
                  "parentUUID": "fd34151c-b89a-412f-815e-c2d6e9cfec17",
                  "isHook": false,
                  "skipped": false
                },
                {
                  "fullTitle": "https-certificate should be return https certificate config empty",
                  "title": "should be return https certificate config empty",
                  "timedOut": false,
                  "duration": 4,
                  "state": "passed",
                  "speed": "fast",
                  "pass": true,
                  "fail": false,
                  "pending": false,
                  "context": null,
                  "code": "// ⎯⎯⎯⎯⎯⎯⎯⎯⎯\n// • Line: 15\n// • Column: 2\n// ⎯⎯⎯⎯⎯⎯⎯⎯⎯\n\nit('should be return https certificate config empty', () => {\n    const crtPath = path.resolve(__dirname, './utils/my-localhost.crt');\n    const keyPath = path.resolve(__dirname, './utils/my-localhost.key');\n\n    const config = setHttpsOptions(crtPath, keyPath);\n    expect(typeof config).toBe('object');\n    expect(config).toBeDefined();\n    expect(config.cert).toEqual('');\n    expect(config.key).toEqual('');\n  })",
                  "err": {},
                  "uuid": "f77106b7-9a59-4260-b516-53d3973d9ad0",
                  "parentUUID": "fd34151c-b89a-412f-815e-c2d6e9cfec17",
                  "isHook": false,
                  "skipped": false
                }
              ],
              "suites": [],
              "passes": [
                "349e746b-f922-4a0f-8fa3-2fa7bb684aca",
                "f77106b7-9a59-4260-b516-53d3973d9ad0"
              ],
              "failures": [],
              "pending": [],
              "skipped": [],
              "duration": 10,
              "root": false,
              "rootEmpty": false,
              "_timeout": 5000
            },
            {
              "uuid": "b4b0a43b-0649-465b-b8af-4e812b4991e7",
              "title": "Roles decorator",
              "fullFile": "/home/runner/work/tresdoce-nestjs-toolkit/tresdoce-nestjs-toolkit/packages/core/src/__test__/roles.decorator.spec.ts",
              "file": "roles.decorator.spec.ts",
              "beforeHooks": [],
              "afterHooks": [],
              "tests": [
                {
                  "fullTitle": "Roles decorator should be defined",
                  "title": "should be defined",
                  "timedOut": false,
                  "duration": 4,
                  "state": "passed",
                  "speed": "fast",
                  "pass": true,
                  "fail": false,
                  "pending": false,
                  "context": null,
                  "code": "// ⎯⎯⎯⎯⎯⎯⎯⎯⎯\n// • Line: 4\n// • Column: 2\n// ⎯⎯⎯⎯⎯⎯⎯⎯⎯\n\nit('should be defined', async () => {\n    expect(Roles('admin')).toBeDefined();\n    expect(Roles('admin', 'user')).toBeDefined();\n  })",
                  "err": {},
                  "uuid": "30f93ba8-0e07-4058-bbc3-459e0e702a77",
                  "parentUUID": "b4b0a43b-0649-465b-b8af-4e812b4991e7",
                  "isHook": false,
                  "skipped": false
                },
                {
                  "fullTitle": "Roles decorator should be return key",
                  "title": "should be return key",
                  "timedOut": false,
                  "duration": 3,
                  "state": "passed",
                  "speed": "fast",
                  "pass": true,
                  "fail": false,
                  "pending": false,
                  "context": null,
                  "code": "// ⎯⎯⎯⎯⎯⎯⎯⎯⎯\n// • Line: 9\n// • Column: 2\n// ⎯⎯⎯⎯⎯⎯⎯⎯⎯\n\nit('should be return key', async () => {\n    expect(ROLES_KEY).toBe('roles');\n  })",
                  "err": {},
                  "uuid": "2ffb176e-8158-4269-961e-2ddae4ca13cb",
                  "parentUUID": "b4b0a43b-0649-465b-b8af-4e812b4991e7",
                  "isHook": false,
                  "skipped": false
                }
              ],
              "suites": [],
              "passes": [
                "30f93ba8-0e07-4058-bbc3-459e0e702a77",
                "2ffb176e-8158-4269-961e-2ddae4ca13cb"
              ],
              "failures": [],
              "pending": [],
              "skipped": [],
              "duration": 7,
              "root": false,
              "rootEmpty": false,
              "_timeout": 5000
            },
            {
              "uuid": "88ba220b-0df8-4852-9ea4-aeb3efa63b31",
              "title": "Public decorator",
              "fullFile": "/home/runner/work/tresdoce-nestjs-toolkit/tresdoce-nestjs-toolkit/packages/core/src/__test__/public.decorator.spec.ts",
              "file": "public.decorator.spec.ts",
              "beforeHooks": [],
              "afterHooks": [],
              "tests": [
                {
                  "fullTitle": "Public decorator should be defined",
                  "title": "should be defined",
                  "timedOut": false,
                  "duration": 4,
                  "state": "passed",
                  "speed": "fast",
                  "pass": true,
                  "fail": false,
                  "pending": false,
                  "context": null,
                  "code": "// ⎯⎯⎯⎯⎯⎯⎯⎯⎯\n// • Line: 4\n// • Column: 2\n// ⎯⎯⎯⎯⎯⎯⎯⎯⎯\n\nit('should be defined', async () => {\n    expect(Public()).toBeDefined();\n  })",
                  "err": {},
                  "uuid": "67f60208-edd5-4ec3-b4fb-9831a53fdfeb",
                  "parentUUID": "88ba220b-0df8-4852-9ea4-aeb3efa63b31",
                  "isHook": false,
                  "skipped": false
                },
                {
                  "fullTitle": "Public decorator should be return key",
                  "title": "should be return key",
                  "timedOut": false,
                  "duration": 3,
                  "state": "passed",
                  "speed": "fast",
                  "pass": true,
                  "fail": false,
                  "pending": false,
                  "context": null,
                  "code": "// ⎯⎯⎯⎯⎯⎯⎯⎯⎯\n// • Line: 8\n// • Column: 2\n// ⎯⎯⎯⎯⎯⎯⎯⎯⎯\n\nit('should be return key', async () => {\n    expect(IS_PUBLIC_KEY).toBe('isPublic');\n  })",
                  "err": {},
                  "uuid": "a853487d-5d25-4963-b9e0-3734fa4bb05a",
                  "parentUUID": "88ba220b-0df8-4852-9ea4-aeb3efa63b31",
                  "isHook": false,
                  "skipped": false
                }
              ],
              "suites": [],
              "passes": [
                "67f60208-edd5-4ec3-b4fb-9831a53fdfeb",
                "a853487d-5d25-4963-b9e0-3734fa4bb05a"
              ],
              "failures": [],
              "pending": [],
              "skipped": [],
              "duration": 7,
              "root": false,
              "rootEmpty": false,
              "_timeout": 5000
            }
          ],
          "passes": [],
          "failures": [],
          "pending": [],
          "skipped": [],
          "duration": 0,
          "root": false,
          "rootEmpty": false,
          "_timeout": 5000
        }
      ],
      "passes": [],
      "failures": [],
      "pending": [],
      "skipped": [],
      "duration": 0,
      "root": true,
      "rootEmpty": true,
      "_timeout": 5000
    },
    {
      "uuid": "785ed39b-43bf-4af2-88de-cfac069d8c97",
      "title": "",
      "fullFile": "",
      "file": "",
      "beforeHooks": [],
      "afterHooks": [],
      "tests": [],
      "suites": [
        {
          "uuid": "468dd454-545a-4026-a64c-328238414e81",
          "title": "@tresdoce-nestjs-toolkit/dynamoose",
          "fullFile": "",
          "file": "",
          "beforeHooks": [],
          "afterHooks": [],
          "tests": [],
          "suites": [
            {
              "uuid": "4b043b7e-2ba4-43f5-8473-93e65ace0518",
              "title": "DynamooseModule",
              "fullFile": "/home/runner/work/tresdoce-nestjs-toolkit/tresdoce-nestjs-toolkit/packages/dynamoose/src/__test__/dynamoose.module.spec.ts",
              "file": "dynamoose.module.spec.ts",
              "beforeHooks": [],
              "afterHooks": [],
              "tests": [],
              "suites": [
                {
                  "uuid": "3f4bc43a-3e39-47a1-8c0d-40b2e8957482",
                  "title": "Basic configuration",
                  "fullFile": "/home/runner/work/tresdoce-nestjs-toolkit/tresdoce-nestjs-toolkit/packages/dynamoose/src/__test__/dynamoose.module.spec.ts",
                  "file": "",
                  "beforeHooks": [],
                  "afterHooks": [],
                  "tests": [],
                  "suites": [
                    {
                      "uuid": "dc70c093-ce87-46c9-85ce-67660559961e",
                      "title": "forRoot",
                      "fullFile": "/home/runner/work/tresdoce-nestjs-toolkit/tresdoce-nestjs-toolkit/packages/dynamoose/src/__test__/dynamoose.module.spec.ts",
                      "file": "",
                      "beforeHooks": [],
                      "afterHooks": [],
                      "tests": [
                        {
                          "fullTitle": "DynamooseModule Basic configuration forRoot should return a dynamic module",
                          "title": "should return a dynamic module",
                          "timedOut": false,
                          "duration": 197,
                          "state": "passed",
                          "speed": "medium",
                          "pass": true,
                          "fail": false,
                          "pending": false,
                          "context": null,
                          "code": "// ⎯⎯⎯⎯⎯⎯⎯⎯⎯\n// • Line: 63\n// • Column: 6\n// ⎯⎯⎯⎯⎯⎯⎯⎯⎯\n\nit('should return a dynamic module', () => {\n        const dynamicModule = DynamooseModule.forRoot();\n        expect(dynamicModule).toBeDefined();\n      })",
                          "err": {},
                          "uuid": "f059590a-d69b-47f6-ab8e-3b0d2b7ad879",
                          "parentUUID": "dc70c093-ce87-46c9-85ce-67660559961e",
                          "isHook": false,
                          "skipped": false
                        },
                        {
                          "fullTitle": "DynamooseModule Basic configuration forRoot should create a module with forRoot method",
                          "title": "should create a module with forRoot method",
                          "timedOut": false,
                          "duration": 17,
                          "state": "passed",
                          "speed": "fast",
                          "pass": true,
                          "fail": false,
                          "pending": false,
                          "context": null,
                          "code": "// ⎯⎯⎯⎯⎯⎯⎯⎯⎯\n// • Line: 68\n// • Column: 6\n// ⎯⎯⎯⎯⎯⎯⎯⎯⎯\n\nit('should create a module with forRoot method', async () => {\n        const rootModule = DynamooseModule.forRoot(dynamooseOptions);\n        expect(rootModule).toBeDefined();\n      })",
                          "err": {},
                          "uuid": "1f8c93de-cb08-4091-a01d-f02d03fb23ea",
                          "parentUUID": "dc70c093-ce87-46c9-85ce-67660559961e",
                          "isHook": false,
                          "skipped": false
                        }
                      ],
                      "suites": [],
                      "passes": [
                        "f059590a-d69b-47f6-ab8e-3b0d2b7ad879",
                        "1f8c93de-cb08-4091-a01d-f02d03fb23ea"
                      ],
                      "failures": [],
                      "pending": [],
                      "skipped": [],
                      "duration": 214,
                      "root": false,
                      "rootEmpty": false,
                      "_timeout": 5000
                    },
                    {
                      "uuid": "c6b5bfd8-0657-4454-9a1d-23eb3619e758",
                      "title": "forRootAsync",
                      "fullFile": "/home/runner/work/tresdoce-nestjs-toolkit/tresdoce-nestjs-toolkit/packages/dynamoose/src/__test__/dynamoose.module.spec.ts",
                      "file": "",
                      "beforeHooks": [],
                      "afterHooks": [],
                      "tests": [
                        {
                          "fullTitle": "DynamooseModule Basic configuration forRootAsync should return a dynamic module",
                          "title": "should return a dynamic module",
                          "timedOut": false,
                          "duration": 13,
                          "state": "passed",
                          "speed": "fast",
                          "pass": true,
                          "fail": false,
                          "pending": false,
                          "context": null,
                          "code": "// ⎯⎯⎯⎯⎯⎯⎯⎯⎯\n// • Line: 75\n// • Column: 6\n// ⎯⎯⎯⎯⎯⎯⎯⎯⎯\n\nit('should return a dynamic module', () => {\n        const asyncModule = DynamooseModule.forRootAsync({ useFactory: async () => ({}) });\n        expect(asyncModule).toBeDefined();\n      })",
                          "err": {},
                          "uuid": "633820c1-cf0b-4ee4-ac10-c9ec6296371b",
                          "parentUUID": "c6b5bfd8-0657-4454-9a1d-23eb3619e758",
                          "isHook": false,
                          "skipped": false
                        },
                        {
                          "fullTitle": "DynamooseModule Basic configuration forRootAsync should create a module with forRootAsync method",
                          "title": "should create a module with forRootAsync method",
                          "timedOut": false,
                          "duration": 13,
                          "state": "passed",
                          "speed": "fast",
                          "pass": true,
                          "fail": false,
                          "pending": false,
                          "context": null,
                          "code": "// ⎯⎯⎯⎯⎯⎯⎯⎯⎯\n// • Line: 80\n// • Column: 6\n// ⎯⎯⎯⎯⎯⎯⎯⎯⎯\n\nit('should create a module with forRootAsync method', async () => {\n        const asyncOptions = {\n          useFactory: async (configService: ConfigService): Promise<DynamooseModuleOptions> =>\n            configService.get<DynamooseModuleOptions>('config.dynamodb'),\n          inject: [ConfigService],\n        };\n        const asyncRootModule = DynamooseModule.forRootAsync(asyncOptions);\n        expect(asyncRootModule).toBeDefined();\n      })",
                          "err": {},
                          "uuid": "4e89309b-9d78-4e20-8e2c-6cca79bde2ac",
                          "parentUUID": "c6b5bfd8-0657-4454-9a1d-23eb3619e758",
                          "isHook": false,
                          "skipped": false
                        }
                      ],
                      "suites": [],
                      "passes": [
                        "633820c1-cf0b-4ee4-ac10-c9ec6296371b",
                        "4e89309b-9d78-4e20-8e2c-6cca79bde2ac"
                      ],
                      "failures": [],
                      "pending": [],
                      "skipped": [],
                      "duration": 26,
                      "root": false,
                      "rootEmpty": false,
                      "_timeout": 5000
                    },
                    {
                      "uuid": "0a8ad16d-7270-40d2-a4ef-74b981005aac",
                      "title": "forFeature",
                      "fullFile": "/home/runner/work/tresdoce-nestjs-toolkit/tresdoce-nestjs-toolkit/packages/dynamoose/src/__test__/dynamoose.module.spec.ts",
                      "file": "",
                      "beforeHooks": [],
                      "afterHooks": [],
                      "tests": [
                        {
                          "fullTitle": "DynamooseModule Basic configuration forFeature should return a dynamic module empty",
                          "title": "should return a dynamic module empty",
                          "timedOut": false,
                          "duration": 13,
                          "state": "passed",
                          "speed": "fast",
                          "pass": true,
                          "fail": false,
                          "pending": false,
                          "context": null,
                          "code": "// ⎯⎯⎯⎯⎯⎯⎯⎯⎯\n// • Line: 92\n// • Column: 6\n// ⎯⎯⎯⎯⎯⎯⎯⎯⎯\n\nit('should return a dynamic module empty', () => {\n        const featureModule = DynamooseModule.forFeature();\n        expect(featureModule).toBeDefined();\n      })",
                          "err": {},
                          "uuid": "0b2cf65f-5f23-4d51-8ecf-6224a301dfb3",
                          "parentUUID": "0a8ad16d-7270-40d2-a4ef-74b981005aac",
                          "isHook": false,
                          "skipped": false
                        },
                        {
                          "fullTitle": "DynamooseModule Basic configuration forFeature should return a dynamic module",
                          "title": "should return a dynamic module",
                          "timedOut": false,
                          "duration": 11,
                          "state": "passed",
                          "speed": "fast",
                          "pass": true,
                          "fail": false,
                          "pending": false,
                          "context": null,
                          "code": "// ⎯⎯⎯⎯⎯⎯⎯⎯⎯\n// • Line: 97\n// • Column: 6\n// ⎯⎯⎯⎯⎯⎯⎯⎯⎯\n\nit('should return a dynamic module', () => {\n        const featureModule = DynamooseModule.forFeature([]);\n        expect(featureModule).toBeDefined();\n      })",
                          "err": {},
                          "uuid": "be848306-7ef6-4c55-abc5-1411ee8ae12e",
                          "parentUUID": "0a8ad16d-7270-40d2-a4ef-74b981005aac",
                          "isHook": false,
                          "skipped": false
                        },
                        {
                          "fullTitle": "DynamooseModule Basic configuration forFeature should provide and export dynamoose providers",
                          "title": "should provide and export dynamoose providers",
                          "timedOut": false,
                          "duration": 17,
                          "state": "passed",
                          "speed": "fast",
                          "pass": true,
                          "fail": false,
                          "pending": false,
                          "context": null,
                          "code": "// ⎯⎯⎯⎯⎯⎯⎯⎯⎯\n// • Line: 102\n// • Column: 6\n// ⎯⎯⎯⎯⎯⎯⎯⎯⎯\n\nit('should provide and export dynamoose providers', () => {\n        const featureModule = DynamooseModule.forFeature([]);\n        const providers = createDynamooseProviders([]);\n        expect(featureModule.providers).toEqual(providers);\n        expect(featureModule.exports).toEqual(providers);\n      })",
                          "err": {},
                          "uuid": "970a5060-e379-4328-ad84-43baa5dc3dfc",
                          "parentUUID": "0a8ad16d-7270-40d2-a4ef-74b981005aac",
                          "isHook": false,
                          "skipped": false
                        },
                        {
                          "fullTitle": "DynamooseModule Basic configuration forFeature should create a module with forFeature method",
                          "title": "should create a module with forFeature method",
                          "timedOut": false,
                          "duration": 12,
                          "state": "passed",
                          "speed": "fast",
                          "pass": true,
                          "fail": false,
                          "pending": false,
                          "context": null,
                          "code": "// ⎯⎯⎯⎯⎯⎯⎯⎯⎯\n// • Line: 109\n// • Column: 6\n// ⎯⎯⎯⎯⎯⎯⎯⎯⎯\n\nit('should create a module with forFeature method', async () => {\n        const models: ModelDefinition[] = [\n          {\n            name: 'User',\n            schema: UserSchema,\n            options: {\n              tableName: 'user',\n            },\n            serializers: {\n              frontend: { exclude: ['status'] },\n              backend: { exclude: ['status'] },\n            },\n          },\n        ];\n        const featureModule = DynamooseModule.forFeature(models);\n        expect(featureModule).toBeDefined();\n      })",
                          "err": {},
                          "uuid": "9f9efbbd-ca7d-424b-bedb-87d0223fa711",
                          "parentUUID": "0a8ad16d-7270-40d2-a4ef-74b981005aac",
                          "isHook": false,
                          "skipped": false
                        }
                      ],
                      "suites": [],
                      "passes": [
                        "0b2cf65f-5f23-4d51-8ecf-6224a301dfb3",
                        "be848306-7ef6-4c55-abc5-1411ee8ae12e",
                        "970a5060-e379-4328-ad84-43baa5dc3dfc",
                        "9f9efbbd-ca7d-424b-bedb-87d0223fa711"
                      ],
                      "failures": [],
                      "pending": [],
                      "skipped": [],
                      "duration": 53,
                      "root": false,
                      "rootEmpty": false,
                      "_timeout": 5000
                    },
                    {
                      "uuid": "ea3bd41a-1c39-446c-976c-51d817ee6b9a",
                      "title": "forFeatureAsync",
                      "fullFile": "/home/runner/work/tresdoce-nestjs-toolkit/tresdoce-nestjs-toolkit/packages/dynamoose/src/__test__/dynamoose.module.spec.ts",
                      "file": "",
                      "beforeHooks": [],
                      "afterHooks": [],
                      "tests": [
                        {
                          "fullTitle": "DynamooseModule Basic configuration forFeatureAsync should return a dynamic module empty",
                          "title": "should return a dynamic module empty",
                          "timedOut": false,
                          "duration": 14,
                          "state": "passed",
                          "speed": "fast",
                          "pass": true,
                          "fail": false,
                          "pending": false,
                          "context": null,
                          "code": "// ⎯⎯⎯⎯⎯⎯⎯⎯⎯\n// • Line: 129\n// • Column: 6\n// ⎯⎯⎯⎯⎯⎯⎯⎯⎯\n\nit('should return a dynamic module empty', () => {\n        const asyncFeatureModule = DynamooseModule.forFeatureAsync();\n        expect(asyncFeatureModule).toBeDefined();\n      })",
                          "err": {},
                          "uuid": "e9f158d6-5849-4b3f-9261-583f8ff099f8",
                          "parentUUID": "ea3bd41a-1c39-446c-976c-51d817ee6b9a",
                          "isHook": false,
                          "skipped": false
                        },
                        {
                          "fullTitle": "DynamooseModule Basic configuration forFeatureAsync should return a dynamic module",
                          "title": "should return a dynamic module",
                          "timedOut": false,
                          "duration": 13,
                          "state": "passed",
                          "speed": "fast",
                          "pass": true,
                          "fail": false,
                          "pending": false,
                          "context": null,
                          "code": "// ⎯⎯⎯⎯⎯⎯⎯⎯⎯\n// • Line: 134\n// • Column: 6\n// ⎯⎯⎯⎯⎯⎯⎯⎯⎯\n\nit('should return a dynamic module', () => {\n        const asyncFeatureModule = DynamooseModule.forFeatureAsync([]);\n        expect(asyncFeatureModule).toBeDefined();\n      })",
                          "err": {},
                          "uuid": "4bdc4367-2a71-4090-b6f0-9f186a8f6dd1",
                          "parentUUID": "ea3bd41a-1c39-446c-976c-51d817ee6b9a",
                          "isHook": false,
                          "skipped": false
                        },
                        {
                          "fullTitle": "DynamooseModule Basic configuration forFeatureAsync should provide and export dynamoose async providers",
                          "title": "should provide and export dynamoose async providers",
                          "timedOut": false,
                          "duration": 13,
                          "state": "passed",
                          "speed": "fast",
                          "pass": true,
                          "fail": false,
                          "pending": false,
                          "context": null,
                          "code": "// ⎯⎯⎯⎯⎯⎯⎯⎯⎯\n// • Line: 139\n// • Column: 6\n// ⎯⎯⎯⎯⎯⎯⎯⎯⎯\n\nit('should provide and export dynamoose async providers', () => {\n        const asyncFeatureModule = DynamooseModule.forFeatureAsync([]);\n        const providers = createDynamooseAsyncProviders([]);\n        expect(asyncFeatureModule.providers).toEqual(providers);\n        expect(asyncFeatureModule.exports).toEqual(providers);\n      })",
                          "err": {},
                          "uuid": "262c001b-ad07-405b-8b79-9498fa12a8a7",
                          "parentUUID": "ea3bd41a-1c39-446c-976c-51d817ee6b9a",
                          "isHook": false,
                          "skipped": false
                        },
                        {
                          "fullTitle": "DynamooseModule Basic configuration forFeatureAsync should create a module with forFeatureAsync method",
                          "title": "should create a module with forFeatureAsync method",
                          "timedOut": false,
                          "duration": 11,
                          "state": "passed",
                          "speed": "fast",
                          "pass": true,
                          "fail": false,
                          "pending": false,
                          "context": null,
                          "code": "// ⎯⎯⎯⎯⎯⎯⎯⎯⎯\n// • Line: 146\n// • Column: 6\n// ⎯⎯⎯⎯⎯⎯⎯⎯⎯\n\nit('should create a module with forFeatureAsync method', async () => {\n        const factories = [\n          {\n            name: 'User',\n            useFactory: async () => ({\n              schema: UserSchema,\n              options: {\n                tableName: 'user',\n              },\n              serializers: {\n                frontend: { exclude: ['status'] },\n              },\n            }),\n            inject: [],\n          },\n        ];\n        const featureAsyncModule = DynamooseModule.forFeatureAsync(factories);\n        expect(featureAsyncModule).toBeDefined();\n      })",
                          "err": {},
                          "uuid": "226daafd-45b8-4e73-a4a7-2682f032480b",
                          "parentUUID": "ea3bd41a-1c39-446c-976c-51d817ee6b9a",
                          "isHook": false,
                          "skipped": false
                        }
                      ],
                      "suites": [],
                      "passes": [
                        "e9f158d6-5849-4b3f-9261-583f8ff099f8",
                        "4bdc4367-2a71-4090-b6f0-9f186a8f6dd1",
                        "262c001b-ad07-405b-8b79-9498fa12a8a7",
                        "226daafd-45b8-4e73-a4a7-2682f032480b"
                      ],
                      "failures": [],
                      "pending": [],
                      "skipped": [],
                      "duration": 51,
                      "root": false,
                      "rootEmpty": false,
                      "_timeout": 5000
                    },
                    {
                      "uuid": "ac3bf961-17be-4adb-9f06-cad066532558",
                      "title": "providers",
                      "fullFile": "/home/runner/work/tresdoce-nestjs-toolkit/tresdoce-nestjs-toolkit/packages/dynamoose/src/__test__/dynamoose.module.spec.ts",
                      "file": "",
                      "beforeHooks": [],
                      "afterHooks": [],
                      "tests": [
                        {
                          "fullTitle": "DynamooseModule Basic configuration providers should create dynamoose providers",
                          "title": "should create dynamoose providers",
                          "timedOut": false,
                          "duration": 13,
                          "state": "passed",
                          "speed": "fast",
                          "pass": true,
                          "fail": false,
                          "pending": false,
                          "context": null,
                          "code": "// ⎯⎯⎯⎯⎯⎯⎯⎯⎯\n// • Line: 168\n// • Column: 6\n// ⎯⎯⎯⎯⎯⎯⎯⎯⎯\n\nit('should create dynamoose providers', async () => {\n        const models: ModelDefinition[] = [\n          {\n            name: 'User',\n            schema: UserSchema,\n            options: {\n              tableName: 'user',\n            },\n          },\n          {\n            name: 'TestModel',\n            schema: {\n              id: String,\n            },\n            options: {\n              tableName: 'test',\n            },\n          },\n        ];\n        const providers = createDynamooseProviders(models);\n        expect(providers).toBeDefined();\n      })",
                          "err": {},
                          "uuid": "d93ee228-776a-47ff-9afc-9d7fe8d73194",
                          "parentUUID": "ac3bf961-17be-4adb-9f06-cad066532558",
                          "isHook": false,
                          "skipped": false
                        },
                        {
                          "fullTitle": "DynamooseModule Basic configuration providers should create async dynamoose providers",
                          "title": "should create async dynamoose providers",
                          "timedOut": false,
                          "duration": 11,
                          "state": "passed",
                          "speed": "fast",
                          "pass": true,
                          "fail": false,
                          "pending": false,
                          "context": null,
                          "code": "// ⎯⎯⎯⎯⎯⎯⎯⎯⎯\n// • Line: 191\n// • Column: 6\n// ⎯⎯⎯⎯⎯⎯⎯⎯⎯\n\nit('should create async dynamoose providers', async () => {\n        const factories: any[] = [\n          {\n            name: 'User',\n            useFactory: async () => ({\n              schema: UserSchema,\n              options: {\n                tableName: 'user',\n              },\n              serializers: {},\n            }),\n            inject: [],\n          },\n          {\n            name: 'TestModel',\n            useFactory: async () => ({\n              schema: {\n                id: String,\n              },\n              options: { timestamps: true },\n              serializers: {\n                serializerName: {\n                  input: jest.fn(),\n                  output: jest.fn(),\n                },\n              },\n            }),\n            inject: [],\n          },\n        ];\n        const providers = createDynamooseAsyncProviders(factories);\n        expect(providers).toBeDefined();\n      })",
                          "err": {},
                          "uuid": "25978a0c-ffa2-4ec0-874a-4d70af9a33cd",
                          "parentUUID": "ac3bf961-17be-4adb-9f06-cad066532558",
                          "isHook": false,
                          "skipped": false
                        }
                      ],
                      "suites": [],
                      "passes": [
                        "d93ee228-776a-47ff-9afc-9d7fe8d73194",
                        "25978a0c-ffa2-4ec0-874a-4d70af9a33cd"
                      ],
                      "failures": [],
                      "pending": [],
                      "skipped": [],
                      "duration": 24,
                      "root": false,
                      "rootEmpty": false,
                      "_timeout": 5000
                    }
                  ],
                  "passes": [],
                  "failures": [],
                  "pending": [],
                  "skipped": [],
                  "duration": 0,
                  "root": false,
                  "rootEmpty": false,
                  "_timeout": 5000
                },
                {
                  "uuid": "5b7b7d78-3e4b-4a40-a618-eed41e9e9d32",
                  "title": "Advance configuration",
                  "fullFile": "/home/runner/work/tresdoce-nestjs-toolkit/tresdoce-nestjs-toolkit/packages/dynamoose/src/__test__/dynamoose.module.spec.ts",
                  "file": "",
                  "beforeHooks": [],
                  "afterHooks": [],
                  "tests": [
                    {
                      "fullTitle": "DynamooseModule Advance configuration should be defined",
                      "title": "should be defined",
                      "timedOut": false,
                      "duration": 16,
                      "state": "passed",
                      "speed": "fast",
                      "pass": true,
                      "fail": false,
                      "pending": false,
                      "context": null,
                      "code": "// ⎯⎯⎯⎯⎯⎯⎯⎯⎯\n// • Line: 256\n// • Column: 4\n// ⎯⎯⎯⎯⎯⎯⎯⎯⎯\n\nit('should be defined', async () => {\n      expect(app).toBeDefined();\n    })",
                      "err": {},
                      "uuid": "ef5fec19-e31c-40ba-8e8b-61dcc5b3597a",
                      "parentUUID": "5b7b7d78-3e4b-4a40-a618-eed41e9e9d32",
                      "isHook": false,
                      "skipped": false
                    }
                  ],
                  "suites": [],
                  "passes": [
                    "ef5fec19-e31c-40ba-8e8b-61dcc5b3597a"
                  ],
                  "failures": [],
                  "pending": [],
                  "skipped": [],
                  "duration": 16,
                  "root": false,
                  "rootEmpty": false,
                  "_timeout": 5000
                }
              ],
              "passes": [],
              "failures": [],
              "pending": [],
              "skipped": [],
              "duration": 0,
              "root": false,
              "rootEmpty": false,
              "_timeout": 5000
            },
            {
              "uuid": "2ebbb428-6566-4620-953e-8a757c7f6ca9",
              "title": "Providers",
              "fullFile": "/home/runner/work/tresdoce-nestjs-toolkit/tresdoce-nestjs-toolkit/packages/dynamoose/src/__test__/dynamoose.provider.spec.ts",
              "file": "dynamoose.provider.spec.ts",
              "beforeHooks": [],
              "afterHooks": [],
              "tests": [],
              "suites": [
                {
                  "uuid": "7a27f553-ac01-4079-aa77-59b92a19d0dd",
                  "title": "createDynamooseProviders",
                  "fullFile": "/home/runner/work/tresdoce-nestjs-toolkit/tresdoce-nestjs-toolkit/packages/dynamoose/src/__test__/dynamoose.provider.spec.ts",
                  "file": "",
                  "beforeHooks": [],
                  "afterHooks": [],
                  "tests": [
                    {
                      "fullTitle": "Providers createDynamooseProviders should create providers with no models",
                      "title": "should create providers with no models",
                      "timedOut": false,
                      "duration": 5,
                      "state": "passed",
                      "speed": "fast",
                      "pass": true,
                      "fail": false,
                      "pending": false,
                      "context": null,
                      "code": "// ⎯⎯⎯⎯⎯⎯⎯⎯⎯\n// • Line: 20\n// • Column: 4\n// ⎯⎯⎯⎯⎯⎯⎯⎯⎯\n\nit('should create providers with no models', () => {\n      const providers = createDynamooseProviders();\n      expect(providers).toEqual([]);\n    })",
                      "err": {},
                      "uuid": "2240b340-68a8-47e2-bd49-5bddb3dc51fb",
                      "parentUUID": "7a27f553-ac01-4079-aa77-59b92a19d0dd",
                      "isHook": false,
                      "skipped": false
                    },
                    {
                      "fullTitle": "Providers createDynamooseProviders should create providers with no models array",
                      "title": "should create providers with no models array",
                      "timedOut": false,
                      "duration": 2,
                      "state": "passed",
                      "speed": "fast",
                      "pass": true,
                      "fail": false,
                      "pending": false,
                      "context": null,
                      "code": "// ⎯⎯⎯⎯⎯⎯⎯⎯⎯\n// • Line: 25\n// • Column: 4\n// ⎯⎯⎯⎯⎯⎯⎯⎯⎯\n\nit('should create providers with no models array', () => {\n      const providers = createDynamooseProviders([]);\n      expect(providers).toEqual([]);\n    })",
                      "err": {},
                      "uuid": "c4f619e2-effc-4aab-aa92-9cbb3a398bbf",
                      "parentUUID": "7a27f553-ac01-4079-aa77-59b92a19d0dd",
                      "isHook": false,
                      "skipped": false
                    },
                    {
                      "fullTitle": "Providers createDynamooseProviders should create providers with models and no serializers",
                      "title": "should create providers with models and no serializers",
                      "timedOut": false,
                      "duration": 5,
                      "state": "passed",
                      "speed": "fast",
                      "pass": true,
                      "fail": false,
                      "pending": false,
                      "context": null,
                      "code": "// ⎯⎯⎯⎯⎯⎯⎯⎯⎯\n// • Line: 30\n// • Column: 4\n// ⎯⎯⎯⎯⎯⎯⎯⎯⎯\n\nit('should create providers with models and no serializers', () => {\n      const models: ModelDefinition[] = [\n        {\n          name: 'TestModel',\n          schema: {\n            id: String,\n          },\n          options: {},\n        },\n      ];\n\n      const providers = createDynamooseProviders(models);\n      const expectedProviders = [\n        {\n          provide: getModelToken(models[0].name),\n          useFactory: expect.any(Function),\n          inject: [DYNAMOOSE_INITIALIZATION],\n        },\n      ];\n\n      expect(providers).toHaveLength(1);\n      expect(providers).toEqual(expectedProviders);\n      const modelInstance = providers[0].useFactory();\n\n      expect(dynamoose.model).toHaveBeenCalledWith(\n        models[0].name,\n        models[0].schema,\n        models[0].options,\n      );\n      expect(modelInstance.serializer.add).not.toHaveBeenCalled();\n      expect(dynamoose.model).toHaveBeenCalledTimes(1);\n    })",
                      "err": {},
                      "uuid": "04d6537a-9ba4-47eb-b684-ec09a73c3c5a",
                      "parentUUID": "7a27f553-ac01-4079-aa77-59b92a19d0dd",
                      "isHook": false,
                      "skipped": false
                    },
                    {
                      "fullTitle": "Providers createDynamooseProviders should create providers with models and serializers",
                      "title": "should create providers with models and serializers",
                      "timedOut": false,
                      "duration": 11,
                      "state": "passed",
                      "speed": "fast",
                      "pass": true,
                      "fail": false,
                      "pending": false,
                      "context": null,
                      "code": "// ⎯⎯⎯⎯⎯⎯⎯⎯⎯\n// • Line: 63\n// • Column: 4\n// ⎯⎯⎯⎯⎯⎯⎯⎯⎯\n\nit('should create providers with models and serializers', () => {\n      const models: ModelDefinition[] = [\n        {\n          name: 'TestModel',\n          schema: {\n            id: String,\n          },\n          options: {},\n          serializers: {\n            test: {},\n          },\n        },\n      ];\n\n      const providers = createDynamooseProviders(models);\n      const expectedProviders = [\n        {\n          provide: getModelToken(models[0].name),\n          useFactory: expect.any(Function),\n          inject: [DYNAMOOSE_INITIALIZATION],\n        },\n      ];\n\n      expect(providers).toHaveLength(1);\n      expect(providers).toEqual(expectedProviders);\n\n      const modelInstance = providers[0].useFactory();\n      expect(dynamoose.model).toHaveBeenCalledWith(\n        models[0].name,\n        models[0].schema,\n        models[0].options,\n      );\n      expect(modelInstance.serializer.add).toHaveBeenCalledWith('test', models[0].serializers.test);\n    })",
                      "err": {},
                      "uuid": "12b651ff-f60c-4836-9321-8f2e36d160d9",
                      "parentUUID": "7a27f553-ac01-4079-aa77-59b92a19d0dd",
                      "isHook": false,
                      "skipped": false
                    }
                  ],
                  "suites": [],
                  "passes": [
                    "2240b340-68a8-47e2-bd49-5bddb3dc51fb",
                    "c4f619e2-effc-4aab-aa92-9cbb3a398bbf",
                    "04d6537a-9ba4-47eb-b684-ec09a73c3c5a",
                    "12b651ff-f60c-4836-9321-8f2e36d160d9"
                  ],
                  "failures": [],
                  "pending": [],
                  "skipped": [],
                  "duration": 23,
                  "root": false,
                  "rootEmpty": false,
                  "_timeout": 5000
                },
                {
                  "uuid": "22c04ca9-2e31-4cf7-8988-320242afa3a0",
                  "title": "createDynamooseAsyncProviders",
                  "fullFile": "/home/runner/work/tresdoce-nestjs-toolkit/tresdoce-nestjs-toolkit/packages/dynamoose/src/__test__/dynamoose.provider.spec.ts",
                  "file": "",
                  "beforeHooks": [],
                  "afterHooks": [],
                  "tests": [
                    {
                      "fullTitle": "Providers createDynamooseAsyncProviders should create async providers with no factories",
                      "title": "should create async providers with no factories",
                      "timedOut": false,
                      "duration": 4,
                      "state": "passed",
                      "speed": "fast",
                      "pass": true,
                      "fail": false,
                      "pending": false,
                      "context": null,
                      "code": "// ⎯⎯⎯⎯⎯⎯⎯⎯⎯\n// • Line: 100\n// • Column: 4\n// ⎯⎯⎯⎯⎯⎯⎯⎯⎯\n\nit('should create async providers with no factories', () => {\n      const providers = createDynamooseAsyncProviders();\n      expect(providers).toEqual([]);\n    })",
                      "err": {},
[...]
                  "err": {},
                  "uuid": "9d158755-cde7-4e2b-84e4-5ac5ab03872a",
                  "parentUUID": "7fa77fd1-9385-41da-adf3-86bec332ec03",
                  "isHook": false,
                  "skipped": false
                },
                {
                  "fullTitle": "utilities should be return delay custom time",
                  "title": "should be return delay custom time",
                  "timedOut": false,
                  "duration": 63,
                  "state": "passed",
                  "speed": "fast",
                  "pass": true,
                  "fail": false,
                  "pending": false,
                  "context": null,
                  "code": "// ⎯⎯⎯⎯⎯⎯⎯⎯⎯\n// • Line: 12\n// • Column: 2\n// ⎯⎯⎯⎯⎯⎯⎯⎯⎯\n\nit('should be return delay custom time', async () => {\n    jest.spyOn(global, 'setTimeout');\n    await delay(60);\n    expect(setTimeout).toHaveBeenCalledTimes(2);\n    expect(setTimeout).toHaveBeenLastCalledWith(expect.any(Function), 60);\n  })",
                  "err": {},
                  "uuid": "c72713bd-c410-4ce6-b31f-54e64e0115da",
                  "parentUUID": "7fa77fd1-9385-41da-adf3-86bec332ec03",
                  "isHook": false,
                  "skipped": false
                },
                {
                  "fullTitle": "utilities should be return a join of paths",
                  "title": "should be return a join of paths",
                  "timedOut": false,
                  "duration": 3,
                  "state": "passed",
                  "speed": "fast",
                  "pass": true,
                  "fail": false,
                  "pending": false,
                  "context": null,
                  "code": "// ⎯⎯⎯⎯⎯⎯⎯⎯⎯\n// • Line: 19\n// • Column: 2\n// ⎯⎯⎯⎯⎯⎯⎯⎯⎯\n\nit('should be return a join of paths', async () => {\n    const filePath = pathJoin(__dirname, 'join');\n    expect(filePath).toBe(path.join(__dirname, 'join'));\n  })",
                  "err": {},
                  "uuid": "501b88c7-1419-46c7-8b9b-203e4ff4e06b",
                  "parentUUID": "7fa77fd1-9385-41da-adf3-86bec332ec03",
                  "isHook": false,
                  "skipped": false
                }
              ],
              "suites": [],
              "passes": [
                "9d158755-cde7-4e2b-84e4-5ac5ab03872a",
                "c72713bd-c410-4ce6-b31f-54e64e0115da",
                "501b88c7-1419-46c7-8b9b-203e4ff4e06b"
              ],
              "failures": [],
              "pending": [],
              "skipped": [],
              "duration": 10081,
              "root": false,
              "rootEmpty": false,
              "_timeout": 5000
            }
          ],
          "passes": [],
          "failures": [],
          "pending": [],
          "skipped": [],
          "duration": 0,
          "root": false,
          "rootEmpty": false,
          "_timeout": 5000
        }
      ],
      "passes": [],
      "failures": [],
      "pending": [],
      "skipped": [],
      "duration": 0,
      "root": true,
      "rootEmpty": true,
      "_timeout": 5000
    },
    {
      "uuid": "920955a5-f206-4aea-944d-3a4e41a2a5a9",
      "title": "",
      "fullFile": "",
      "file": "",
      "beforeHooks": [],
      "afterHooks": [],
      "tests": [],
      "suites": [
        {
          "uuid": "519cdfcc-8778-4e4d-ac3a-31a36c7ecd5e",
          "title": "@tresdoce-nestjs-toolkit/tracing",
          "fullFile": "",
          "file": "",
          "beforeHooks": [],
          "afterHooks": [],
          "tests": [],
          "suites": [
            {
              "uuid": "b41ed3a6-9357-4962-b064-50ca7b96b5fd",
              "title": "Tracing",
              "fullFile": "/home/runner/work/tresdoce-nestjs-toolkit/tresdoce-nestjs-toolkit/packages/tracing/src/__test__/app-tracing.spec.ts",
              "file": "app-tracing.spec.ts",
              "beforeHooks": [],
              "afterHooks": [],
              "tests": [
                {
                  "fullTitle": "Tracing should be defined",
                  "title": "should be defined",
                  "timedOut": false,
                  "duration": 7,
                  "state": "passed",
                  "speed": "fast",
                  "pass": true,
                  "fail": false,
                  "pending": false,
                  "context": null,
                  "code": "// ⎯⎯⎯⎯⎯⎯⎯⎯⎯\n// • Line: 74\n// • Column: 2\n// ⎯⎯⎯⎯⎯⎯⎯⎯⎯\n\nit('should be defined', () => {\n    expect(app).toBeDefined();\n    expect(tracingService).toBeDefined();\n    expect(new TracingInterceptor(tracingService, configService)).toBeDefined();\n  })",
                  "err": {},
                  "uuid": "133094f8-2bf0-44bb-a9eb-db7ef3bed010",
                  "parentUUID": "b41ed3a6-9357-4962-b064-50ca7b96b5fd",
                  "isHook": false,
                  "skipped": false
                },
                {
                  "fullTitle": "Tracing should be intercept and pass headers",
                  "title": "should be intercept and pass headers",
                  "timedOut": false,
                  "duration": 12,
                  "state": "passed",
                  "speed": "fast",
                  "pass": true,
                  "fail": false,
                  "pending": false,
                  "context": null,
                  "code": "// ⎯⎯⎯⎯⎯⎯⎯⎯⎯\n// • Line: 80\n// • Column: 2\n// ⎯⎯⎯⎯⎯⎯⎯⎯⎯\n\nit('should be intercept and pass headers', async () => {\n    await interceptor.intercept(executionContext, callHandler);\n    expect(callHandler.handle).toBeCalledTimes(1);\n  })",
                  "err": {},
                  "uuid": "398373c0-987a-4f80-a953-9a31c3528a15",
                  "parentUUID": "b41ed3a6-9357-4962-b064-50ca7b96b5fd",
                  "isHook": false,
                  "skipped": false
                },
                {
                  "fullTitle": "Tracing GET /cats",
                  "title": "GET /cats",
                  "timedOut": false,
                  "duration": 35,
                  "state": "passed",
                  "speed": "fast",
                  "pass": true,
                  "fail": false,
                  "pending": false,
                  "context": null,
                  "code": "",
                  "err": {},
                  "uuid": "46881866-e185-4b0e-919a-f8f6af961635",
                  "parentUUID": "b41ed3a6-9357-4962-b064-50ca7b96b5fd",
                  "isHook": false,
                  "skipped": false
                },
                {
                  "fullTitle": "Tracing GET /cats/1",
                  "title": "GET /cats/1",
                  "timedOut": false,
                  "duration": 8,
                  "state": "passed",
                  "speed": "fast",
                  "pass": true,
                  "fail": false,
                  "pending": false,
                  "context": null,
                  "code": "",
                  "err": {},
                  "uuid": "91cd001d-f0de-444c-b64a-364d3a1e4d9a",
                  "parentUUID": "b41ed3a6-9357-4962-b064-50ca7b96b5fd",
                  "isHook": false,
                  "skipped": false
                },
                {
                  "fullTitle": "Tracing GET /cats/100",
                  "title": "GET /cats/100",
                  "timedOut": false,
                  "duration": 8,
                  "state": "passed",
                  "speed": "fast",
                  "pass": true,
                  "fail": false,
                  "pending": false,
                  "context": null,
                  "code": "",
                  "err": {},
                  "uuid": "0109b315-8cb4-4ee7-b723-bed342af65da",
                  "parentUUID": "b41ed3a6-9357-4962-b064-50ca7b96b5fd",
                  "isHook": false,
                  "skipped": false
                },
                {
                  "fullTitle": "Tracing GET /all-cats",
                  "title": "GET /all-cats",
                  "timedOut": false,
                  "duration": 5,
                  "state": "passed",
                  "speed": "fast",
                  "pass": true,
                  "fail": false,
                  "pending": false,
                  "context": null,
                  "code": "",
                  "err": {},
                  "uuid": "1e1394bc-db4e-4e26-8c81-2b458d6e62f2",
                  "parentUUID": "b41ed3a6-9357-4962-b064-50ca7b96b5fd",
                  "isHook": false,
                  "skipped": false
                }
              ],
              "suites": [],
              "passes": [
                "133094f8-2bf0-44bb-a9eb-db7ef3bed010",
                "398373c0-987a-4f80-a953-9a31c3528a15",
                "46881866-e185-4b0e-919a-f8f6af961635",
                "91cd001d-f0de-444c-b64a-364d3a1e4d9a",
                "0109b315-8cb4-4ee7-b723-bed342af65da",
                "1e1394bc-db4e-4e26-8c81-2b458d6e62f2"
              ],
              "failures": [],
              "pending": [],
              "skipped": [],
              "duration": 75,
              "root": false,
              "rootEmpty": false,
              "_timeout": 5000
            }
          ],
          "passes": [],
          "failures": [],
          "pending": [],
          "skipped": [],
          "duration": 0,
          "root": false,
          "rootEmpty": false,
          "_timeout": 5000
        }
      ],
      "passes": [],
      "failures": [],
      "pending": [],
      "skipped": [],
      "duration": 0,
      "root": true,
      "rootEmpty": true,
      "_timeout": 5000
    },
    {
      "uuid": "b9b168d4-070f-46f1-878c-00d2ea88508f",
      "title": "",
      "fullFile": "",
      "file": "",
      "beforeHooks": [],
      "afterHooks": [],
      "tests": [],
      "suites": [
        {
          "uuid": "cf353727-caf4-44e3-a026-67454682f1d9",
          "title": "@tresdoce-nestjs-toolkit/typeorm",
          "fullFile": "",
          "file": "",
          "beforeHooks": [],
          "afterHooks": [],
          "tests": [],
          "suites": [
            {
              "uuid": "3fd84703-0d4d-411e-a813-3598931e027f",
              "title": "TypeOrm",
              "fullFile": "/home/runner/work/tresdoce-nestjs-toolkit/tresdoce-nestjs-toolkit/packages/typeorm/src/__test__/typeorm.module.spec.ts",
              "file": "typeorm.module.spec.ts",
              "beforeHooks": [],
              "afterHooks": [],
              "tests": [],
              "suites": [
                {
                  "uuid": "5bdbbfa6-d1f1-4d6d-be15-a4e15b586fda",
                  "title": "Postgres",
                  "fullFile": "/home/runner/work/tresdoce-nestjs-toolkit/tresdoce-nestjs-toolkit/packages/typeorm/src/__test__/typeorm.module.spec.ts",
                  "file": "",
                  "beforeHooks": [],
                  "afterHooks": [],
                  "tests": [
                    {
                      "fullTitle": "TypeOrm Postgres should be defined",
                      "title": "should be defined",
                      "timedOut": false,
                      "duration": 272,
                      "state": "passed",
                      "speed": "medium",
                      "pass": true,
                      "fail": false,
                      "pending": false,
                      "context": null,
                      "code": "// ⎯⎯⎯⎯⎯⎯⎯⎯⎯\n// • Line: 60\n// • Column: 4\n// ⎯⎯⎯⎯⎯⎯⎯⎯⎯\n\nit('should be defined', async () => {\n      await expect(app).toBeDefined();\n    }, 50000)",
                      "err": {},
                      "uuid": "7ec2a028-4bcc-4f8f-9e0e-f669dae3a5f1",
                      "parentUUID": "5bdbbfa6-d1f1-4d6d-be15-a4e15b586fda",
                      "isHook": false,
                      "skipped": false
                    },
                    {
                      "fullTitle": "TypeOrm Postgres should be return an array of post",
                      "title": "should be return an array of post",
                      "timedOut": false,
                      "duration": 64,
                      "state": "passed",
                      "speed": "fast",
                      "pass": true,
                      "fail": false,
                      "pending": false,
                      "context": null,
                      "code": "// ⎯⎯⎯⎯⎯⎯⎯⎯⎯\n// • Line: 64\n// • Column: 4\n// ⎯⎯⎯⎯⎯⎯⎯⎯⎯\n\nit('should be return an array of post', async () => {\n      await repository.save([fixturePostResponse]);\n\n      const query = await repository.find();\n      expect(query).toEqual([fixturePostResponse]);\n    })",
                      "err": {},
                      "uuid": "acac5e04-0db5-491d-945a-cf6b5953ced8",
                      "parentUUID": "5bdbbfa6-d1f1-4d6d-be15-a4e15b586fda",
                      "isHook": false,
                      "skipped": false
                    }
                  ],
                  "suites": [],
                  "passes": [
                    "7ec2a028-4bcc-4f8f-9e0e-f669dae3a5f1",
                    "acac5e04-0db5-491d-945a-cf6b5953ced8"
                  ],
                  "failures": [],
                  "pending": [],
                  "skipped": [],
                  "duration": 336,
                  "root": false,
                  "rootEmpty": false,
                  "_timeout": 5000
                },
                {
                  "uuid": "13fd6f8c-bc22-47b1-9f01-e0cbb655e5f8",
                  "title": "MySql",
                  "fullFile": "/home/runner/work/tresdoce-nestjs-toolkit/tresdoce-nestjs-toolkit/packages/typeorm/src/__test__/typeorm.module.spec.ts",
                  "file": "",
                  "beforeHooks": [],
                  "afterHooks": [],
                  "tests": [
                    {
                      "fullTitle": "TypeOrm MySql should be defined",
                      "title": "should be defined",
                      "timedOut": false,
                      "duration": 94,
                      "state": "passed",
                      "speed": "fast",
                      "pass": true,
                      "fail": false,
                      "pending": false,
                      "context": null,
                      "code": "// ⎯⎯⎯⎯⎯⎯⎯⎯⎯\n// • Line: 109\n// • Column: 4\n// ⎯⎯⎯⎯⎯⎯⎯⎯⎯\n\nit('should be defined', async () => {\n      await expect(app).toBeDefined();\n    }, 50000)",
                      "err": {},
                      "uuid": "7e5d538b-4864-481a-b438-15bdf2523cfc",
                      "parentUUID": "13fd6f8c-bc22-47b1-9f01-e0cbb655e5f8",
                      "isHook": false,
                      "skipped": false
                    },
                    {
                      "fullTitle": "TypeOrm MySql should be return an array of post",
                      "title": "should be return an array of post",
                      "timedOut": false,
                      "duration": 54,
                      "state": "passed",
                      "speed": "fast",
                      "pass": true,
                      "fail": false,
                      "pending": false,
                      "context": null,
                      "code": "// ⎯⎯⎯⎯⎯⎯⎯⎯⎯\n// • Line: 113\n// • Column: 4\n// ⎯⎯⎯⎯⎯⎯⎯⎯⎯\n\nit('should be return an array of post', async () => {\n      await repository.save([fixturePostResponse]);\n\n      const query = await repository.find();\n      expect(query).toEqual([fixturePostResponse]);\n    })",
                      "err": {},
                      "uuid": "4e16e30b-cc7f-4794-b131-87549c5fb2b2",
                      "parentUUID": "13fd6f8c-bc22-47b1-9f01-e0cbb655e5f8",
                      "isHook": false,
                      "skipped": false
                    }
                  ],
                  "suites": [],
                  "passes": [
                    "7e5d538b-4864-481a-b438-15bdf2523cfc",
                    "4e16e30b-cc7f-4794-b131-87549c5fb2b2"
                  ],
                  "failures": [],
                  "pending": [],
                  "skipped": [],
                  "duration": 148,
                  "root": false,
                  "rootEmpty": false,
                  "_timeout": 5000
                },
                {
                  "uuid": "d4a37ef9-eb78-4ab8-bf70-5aef96136cc9",
                  "title": "Mongo",
                  "fullFile": "/home/runner/work/tresdoce-nestjs-toolkit/tresdoce-nestjs-toolkit/packages/typeorm/src/__test__/typeorm.module.spec.ts",
                  "file": "",
                  "beforeHooks": [],
                  "afterHooks": [],
                  "tests": [
                    {
                      "fullTitle": "TypeOrm Mongo should be defined",
                      "title": "should be defined",
                      "timedOut": false,
                      "duration": 2255,
                      "state": "passed",
                      "speed": "slow",
                      "pass": true,
                      "fail": false,
                      "pending": false,
                      "context": null,
                      "code": "// ⎯⎯⎯⎯⎯⎯⎯⎯⎯\n// • Line: 158\n// • Column: 4\n// ⎯⎯⎯⎯⎯⎯⎯⎯⎯\n\nit('should be defined', async () => {\n      await expect(app).toBeDefined();\n    }, 50000)",
                      "err": {},
                      "uuid": "42a865e6-9aae-45c6-b9ea-29144bc56d24",
                      "parentUUID": "d4a37ef9-eb78-4ab8-bf70-5aef96136cc9",
                      "isHook": false,
                      "skipped": false
                    },
                    {
                      "fullTitle": "TypeOrm Mongo should be return an array of user",
                      "title": "should be return an array of user",
                      "timedOut": false,
                      "duration": 48,
                      "state": "passed",
                      "speed": "fast",
                      "pass": true,
                      "fail": false,
                      "pending": false,
                      "context": null,
                      "code": "// ⎯⎯⎯⎯⎯⎯⎯⎯⎯\n// • Line: 162\n// • Column: 4\n// ⎯⎯⎯⎯⎯⎯⎯⎯⎯\n\nit('should be return an array of user', async () => {\n      await repository.save(fixtureUserArrayResponse);\n\n      const query: User[] = await repository.find();\n      expect(query).toEqual(expect.any(Array));\n    })",
                      "err": {},
                      "uuid": "0e0ad46f-530b-482f-8140-c4b1aee1bda2",
                      "parentUUID": "d4a37ef9-eb78-4ab8-bf70-5aef96136cc9",
                      "isHook": false,
                      "skipped": false
                    }
                  ],
                  "suites": [],
                  "passes": [
                    "42a865e6-9aae-45c6-b9ea-29144bc56d24",
                    "0e0ad46f-530b-482f-8140-c4b1aee1bda2"
                  ],
                  "failures": [],
                  "pending": [],
                  "skipped": [],
                  "duration": 2303,
                  "root": false,
                  "rootEmpty": false,
                  "_timeout": 5000
                }
              ],
              "passes": [],
              "failures": [],
              "pending": [],
              "skipped": [],
              "duration": 0,
              "root": false,
              "rootEmpty": false,
              "_timeout": 5000
            }
          ],
          "passes": [],
          "failures": [],
          "pending": [],
          "skipped": [],
          "duration": 0,
          "root": false,
          "rootEmpty": false,
          "_timeout": 5000
        }
      ],
      "passes": [],
      "failures": [],
      "pending": [],
      "skipped": [],
      "duration": 0,
      "root": true,
      "rootEmpty": true,
      "_timeout": 5000
    }
  ]
}