{
  "stats": {
    "suites": 16,
    "tests": 235,
    "passes": 235,
    "pending": 0,
    "failures": 0,
    "testsRegistered": 235,
    "passPercent": 100,
    "pendingPercent": 0,
    "other": 0,
    "hasOther": false,
    "skipped": 0,
    "hasSkipped": false,
    "start": "2023-07-21T14:03:50.256Z",
    "end": "2023-07-21T14:11:51.342Z",
    "duration": 481086
  },
  "results": [
    {
      "uuid": "bbc67ba7-ad26-4f54-8b19-1858d6638054",
      "title": "",
      "fullFile": "",
      "file": "",
      "beforeHooks": [],
      "afterHooks": [],
      "tests": [],
      "suites": [
        {
          "uuid": "6f97e70f-78b2-4f77-b0cb-1a9ce88bef8b",
          "title": "@tresdoce-nestjs-toolkit/archetype",
          "fullFile": "",
          "file": "",
          "beforeHooks": [],
          "afterHooks": [],
          "tests": [],
          "suites": [
            {
              "uuid": "7edae14a-2d0b-4d12-8003-117c81c7eb1c",
              "title": "ArchetypeService",
              "fullFile": "/home/runner/work/tresdoce-nestjs-toolkit/tresdoce-nestjs-toolkit/packages/archetype/src/__test__/archetype.service.spec.ts",
              "file": "archetype.service.spec.ts",
              "beforeHooks": [],
              "afterHooks": [],
              "tests": [
                {
                  "fullTitle": "ArchetypeService should be defined",
                  "title": "should be defined",
                  "timedOut": false,
                  "duration": 27,
                  "state": "passed",
                  "speed": "fast",
                  "pass": true,
                  "fail": false,
                  "pending": false,
                  "context": null,
                  "code": "// ⎯⎯⎯⎯⎯⎯⎯⎯⎯\n// • Line: 26\n// • Column: 2\n// ⎯⎯⎯⎯⎯⎯⎯⎯⎯\n\nit('should be defined', () => {\n    expect(service).toBeDefined();\n  })",
                  "err": {},
                  "uuid": "c6d57574-6d80-41cf-8913-20079a9e25df",
                  "parentUUID": "7edae14a-2d0b-4d12-8003-117c81c7eb1c",
                  "isHook": false,
                  "skipped": false
                },
                {
                  "fullTitle": "ArchetypeService should be read package file",
                  "title": "should be read package file",
                  "timedOut": false,
                  "duration": 9,
                  "state": "passed",
                  "speed": "fast",
                  "pass": true,
                  "fail": false,
                  "pending": false,
                  "context": null,
                  "code": "// ⎯⎯⎯⎯⎯⎯⎯⎯⎯\n// • Line: 30\n// • Column: 2\n// ⎯⎯⎯⎯⎯⎯⎯⎯⎯\n\nit('should be read package file', async () => {\n    const packageFile = await service.readFile(__dirname, '../../package.json');\n    expect(packageFile).toBeDefined();\n    expect(packageFile).toEqual(expect.any(Object));\n  })",
                  "err": {},
                  "uuid": "d3ad1e66-a7cd-432e-a082-c0eab2c6d582",
                  "parentUUID": "7edae14a-2d0b-4d12-8003-117c81c7eb1c",
                  "isHook": false,
                  "skipped": false
                },
                {
                  "fullTitle": "ArchetypeService should be return archetype version",
                  "title": "should be return archetype version",
                  "timedOut": false,
                  "duration": 8,
                  "state": "passed",
                  "speed": "fast",
                  "pass": true,
                  "fail": false,
                  "pending": false,
                  "context": null,
                  "code": "// ⎯⎯⎯⎯⎯⎯⎯⎯⎯\n// • Line: 36\n// • Column: 2\n// ⎯⎯⎯⎯⎯⎯⎯⎯⎯\n\nit('should be return archetype version', async () => {\n    service.readFile = jest.fn().mockImplementation(() => ({ version: manifest.archetypeVersion }));\n\n    expect(await service.getArchetypeVersion()).toEqual({\n      archetypeVersion: manifest.archetypeVersion,\n    });\n  })",
                  "err": {},
                  "uuid": "42c5b13e-f414-471e-ac36-1c374bc2e404",
                  "parentUUID": "7edae14a-2d0b-4d12-8003-117c81c7eb1c",
                  "isHook": false,
                  "skipped": false
                },
                {
                  "fullTitle": "ArchetypeService should be return application info",
                  "title": "should be return application info",
                  "timedOut": false,
                  "duration": 6,
                  "state": "passed",
                  "speed": "fast",
                  "pass": true,
                  "fail": false,
                  "pending": false,
                  "context": null,
                  "code": "// ⎯⎯⎯⎯⎯⎯⎯⎯⎯\n// • Line: 44\n// • Column: 2\n// ⎯⎯⎯⎯⎯⎯⎯⎯⎯\n\nit('should be return application info', async () => {\n    service.readFile = jest.fn().mockImplementation(() => ({\n      appStage: manifest.appStage,\n      apiPrefix: manifest.apiPrefix,\n      name: manifest.name,\n      version: manifest.version,\n      description: manifest.description,\n      author: manifest.author,\n      repository: manifest.repository,\n      homepage: manifest.homepage,\n      dependencies: manifest.dependencies,\n      devDependencies: manifest.devDependencies,\n    }));\n\n    expect(await service.getApplicationInfo()).toEqual({\n      appStage: manifest.appStage,\n      apiPrefix: manifest.apiPrefix,\n      name: manifest.name,\n      version: manifest.version,\n      description: manifest.description,\n      author: manifest.author,\n      repository: manifest.repository,\n      homepage: manifest.homepage,\n      dependencies: {\n        '@tresdoce-nestjs-toolkit/archetype': '0.0.1',\n        '@tresdoce-nestjs-toolkit/health': '0.0.1',\n        '@tresdoce-nestjs-toolkit/http-client': '0.0.1',\n        '@nestjs/class-transformer': '^0.4.0',\n        '@nestjs/class-validator': '^0.13.3',\n        '@nestjs/common': '^9.2.1',\n        '@nestjs/config': '^2.2.0',\n        '@nestjs/core': '^8.2.5',\n        '@nestjs/platform-express': '^8.2.5',\n        '@nestjs/swagger': '^5.1.5',\n      },\n      devDependencies: {\n        '@tresdoce-nestjs-toolkit/commons': '0.0.1',\n        '@nestjs/cli': '^9.1.8',\n        '@nestjs/schematics': '^9.1.0',\n        '@nestjs/testing': '^9.4.0',\n      },\n    });\n  })",
                  "err": {},
                  "uuid": "3f339f75-3419-4ae3-9b50-64e164cf5a86",
                  "parentUUID": "7edae14a-2d0b-4d12-8003-117c81c7eb1c",
                  "isHook": false,
                  "skipped": false
                },
                {
                  "fullTitle": "ArchetypeService should be return manifest",
                  "title": "should be return manifest",
                  "timedOut": false,
                  "duration": 6,
                  "state": "passed",
                  "speed": "fast",
                  "pass": true,
                  "fail": false,
                  "pending": false,
                  "context": null,
                  "code": "// ⎯⎯⎯⎯⎯⎯⎯⎯⎯\n// • Line: 88\n// • Column: 2\n// ⎯⎯⎯⎯⎯⎯⎯⎯⎯\n\nit('should be return manifest', async () => {\n    service.getArchetypeVersion = jest.fn().mockImplementation(() => ({\n      archetypeVersion: manifest.archetypeVersion,\n    }));\n\n    service.getApplicationInfo = jest.fn().mockImplementation(() => ({\n      appStage: manifest.appStage,\n      apiPrefix: manifest.apiPrefix,\n      name: manifest.name,\n      version: manifest.version,\n      description: manifest.description,\n      author: manifest.author,\n      repository: manifest.repository,\n      homepage: manifest.homepage,\n      dependencies: manifest.dependencies,\n      devDependencies: manifest.devDependencies,\n    }));\n\n    expect(await service.generateManifest()).toEqual({ ...manifest });\n  })",
                  "err": {},
                  "uuid": "2f735ebd-6d9a-431d-9d39-f2e8561303f1",
                  "parentUUID": "7edae14a-2d0b-4d12-8003-117c81c7eb1c",
                  "isHook": false,
                  "skipped": false
                }
              ],
              "suites": [],
              "passes": [
                "c6d57574-6d80-41cf-8913-20079a9e25df",
                "d3ad1e66-a7cd-432e-a082-c0eab2c6d582",
                "42c5b13e-f414-471e-ac36-1c374bc2e404",
                "3f339f75-3419-4ae3-9b50-64e164cf5a86",
                "2f735ebd-6d9a-431d-9d39-f2e8561303f1"
              ],
              "failures": [],
              "pending": [],
              "skipped": [],
              "duration": 56,
              "root": false,
              "rootEmpty": false,
              "_timeout": 5000
            },
            {
              "uuid": "a7f87cfe-8f8e-4904-8ce5-79ed6594884d",
              "title": "ArchetypeController",
              "fullFile": "/home/runner/work/tresdoce-nestjs-toolkit/tresdoce-nestjs-toolkit/packages/archetype/src/__test__/archetype.controller.spec.ts",
              "file": "archetype.controller.spec.ts",
              "beforeHooks": [],
              "afterHooks": [],
              "tests": [
                {
                  "fullTitle": "ArchetypeController should be defined",
                  "title": "should be defined",
                  "timedOut": false,
                  "duration": 42,
                  "state": "passed",
                  "speed": "fast",
                  "pass": true,
                  "fail": false,
                  "pending": false,
                  "context": null,
                  "code": "// ⎯⎯⎯⎯⎯⎯⎯⎯⎯\n// • Line: 35\n// • Column: 2\n// ⎯⎯⎯⎯⎯⎯⎯⎯⎯\n\nit('should be defined', () => {\n    expect(controller).toBeDefined();\n  })",
                  "err": {},
                  "uuid": "bb02a7e3-94cd-4917-88e2-013df108b2b3",
                  "parentUUID": "a7f87cfe-8f8e-4904-8ce5-79ed6594884d",
                  "isHook": false,
                  "skipped": false
                },
                {
                  "fullTitle": "ArchetypeController should be return manifest json",
                  "title": "should be return manifest json",
                  "timedOut": false,
                  "duration": 9,
                  "state": "passed",
                  "speed": "fast",
                  "pass": true,
                  "fail": false,
                  "pending": false,
                  "context": null,
                  "code": "// ⎯⎯⎯⎯⎯⎯⎯⎯⎯\n// • Line: 39\n// • Column: 2\n// ⎯⎯⎯⎯⎯⎯⎯⎯⎯\n\nit('should be return manifest json', async () => {\n    expect(await controller.getArchetypeInfo()).toBeDefined();\n    expect(await controller.getArchetypeInfo()).toEqual(manifest);\n  })",
                  "err": {},
                  "uuid": "dc5a6b58-e059-4503-acd9-2f764e04ef1f",
                  "parentUUID": "a7f87cfe-8f8e-4904-8ce5-79ed6594884d",
                  "isHook": false,
                  "skipped": false
                }
              ],
              "suites": [],
              "passes": [
                "bb02a7e3-94cd-4917-88e2-013df108b2b3",
                "dc5a6b58-e059-4503-acd9-2f764e04ef1f"
              ],
              "failures": [],
              "pending": [],
              "skipped": [],
              "duration": 51,
              "root": false,
              "rootEmpty": false,
              "_timeout": 5000
            },
            {
              "uuid": "ce8f22b1-db46-43b7-ad63-8f4840c30ec9",
              "title": "ArchetypeModule",
              "fullFile": "/home/runner/work/tresdoce-nestjs-toolkit/tresdoce-nestjs-toolkit/packages/archetype/src/__test__/archetype.module.spec.ts",
              "file": "archetype.module.spec.ts",
              "beforeHooks": [],
              "afterHooks": [],
              "tests": [
                {
                  "fullTitle": "ArchetypeModule should be define",
                  "title": "should be define",
                  "timedOut": false,
                  "duration": 246,
                  "state": "passed",
                  "speed": "medium",
                  "pass": true,
                  "fail": false,
                  "pending": false,
                  "context": null,
                  "code": "// ⎯⎯⎯⎯⎯⎯⎯⎯⎯\n// • Line: 26\n// • Column: 2\n// ⎯⎯⎯⎯⎯⎯⎯⎯⎯\n\nit('should be define', async () => {\n    expect(app).toBeDefined();\n  })",
                  "err": {},
                  "uuid": "ca7b2829-8f89-4717-ab9a-3650762aeb5b",
                  "parentUUID": "ce8f22b1-db46-43b7-ad63-8f4840c30ec9",
                  "isHook": false,
                  "skipped": false
                }
              ],
              "suites": [],
              "passes": [
                "ca7b2829-8f89-4717-ab9a-3650762aeb5b"
              ],
              "failures": [],
              "pending": [],
              "skipped": [],
              "duration": 246,
              "root": false,
              "rootEmpty": false,
              "_timeout": 5000
            },
            {
              "uuid": "20b40e5d-3e17-4572-8efe-b6b26c9e8814",
              "title": "Constants",
              "fullFile": "/home/runner/work/tresdoce-nestjs-toolkit/tresdoce-nestjs-toolkit/packages/archetype/src/__test__/constants.spec.ts",
              "file": "constants.spec.ts",
              "beforeHooks": [],
              "afterHooks": [],
              "tests": [
                {
                  "fullTitle": "Constants should be return exclude to prefix global",
                  "title": "should be return exclude to prefix global",
                  "timedOut": false,
                  "duration": 4,
                  "state": "passed",
                  "speed": "fast",
                  "pass": true,
                  "fail": false,
                  "pending": false,
                  "context": null,
                  "code": "// ⎯⎯⎯⎯⎯⎯⎯⎯⎯\n// • Line: 5\n// • Column: 2\n// ⎯⎯⎯⎯⎯⎯⎯⎯⎯\n\nit('should be return exclude to prefix global', async () => {\n    expect(manifestControllerExcludes).toEqual(expect.any(Array));\n    expect(manifestControllerExcludes).toMatchObject([\n      {\n        path: '/info',\n        method: RequestMethod.GET,\n      },\n    ]);\n  })",
                  "err": {},
                  "uuid": "28478ac4-4d9c-43e3-b89b-06a2f07eb624",
                  "parentUUID": "20b40e5d-3e17-4572-8efe-b6b26c9e8814",
                  "isHook": false,
                  "skipped": false
                }
              ],
              "suites": [],
              "passes": [
                "28478ac4-4d9c-43e3-b89b-06a2f07eb624"
              ],
              "failures": [],
              "pending": [],
              "skipped": [],
              "duration": 4,
              "root": false,
              "rootEmpty": false,
              "_timeout": 5000
            }
          ],
          "passes": [],
          "failures": [],
          "pending": [],
          "skipped": [],
          "duration": 0,
          "root": false,
          "rootEmpty": false,
          "_timeout": 5000
        }
      ],
      "passes": [],
      "failures": [],
      "pending": [],
      "skipped": [],
      "duration": 0,
      "root": true,
      "rootEmpty": true,
      "_timeout": 5000
    },
    {
      "uuid": "49477f8e-75a5-475e-a4cc-7e45135bd8d8",
      "title": "",
      "fullFile": "",
      "file": "",
      "beforeHooks": [],
      "afterHooks": [],
      "tests": [],
      "suites": [
        {
          "uuid": "124da77d-cc13-43ee-b12a-eb546144c70f",
          "title": "@tresdoce-nestjs-toolkit/camunda",
          "fullFile": "",
          "file": "",
          "beforeHooks": [],
          "afterHooks": [],
          "tests": [],
          "suites": [
            {
              "uuid": "7c647a02-1410-4a91-93d1-f652d5f08911",
              "title": "CamundaModule",
              "fullFile": "/home/runner/work/tresdoce-nestjs-toolkit/tresdoce-nestjs-toolkit/packages/camunda/src/__test__/camunda.module.spec.ts",
              "file": "camunda.module.spec.ts",
              "beforeHooks": [],
              "afterHooks": [],
              "tests": [
                {
                  "fullTitle": "CamundaModule should be defined",
                  "title": "should be defined",
                  "timedOut": false,
                  "duration": 401,
                  "state": "passed",
                  "speed": "medium",
                  "pass": true,
                  "fail": false,
                  "pending": false,
                  "context": null,
                  "code": "// ⎯⎯⎯⎯⎯⎯⎯⎯⎯\n// • Line: 56\n// • Column: 2\n// ⎯⎯⎯⎯⎯⎯⎯⎯⎯\n\nit('should be defined', () => {\n    expect(app).toBeDefined();\n  })",
                  "err": {},
                  "uuid": "f7b0bebe-93a7-4a77-a3d1-0571af31de06",
                  "parentUUID": "7c647a02-1410-4a91-93d1-f652d5f08911",
                  "isHook": false,
                  "skipped": false
                },
                {
                  "fullTitle": "CamundaModule should be Subscription decorator is defined with options",
                  "title": "should be Subscription decorator is defined with options",
                  "timedOut": false,
                  "duration": 14,
                  "state": "passed",
                  "speed": "fast",
                  "pass": true,
                  "fail": false,
                  "pending": false,
                  "context": null,
                  "code": "// ⎯⎯⎯⎯⎯⎯⎯⎯⎯\n// • Line: 60\n// • Column: 2\n// ⎯⎯⎯⎯⎯⎯⎯⎯⎯\n\nit('should be Subscription decorator is defined with options', async () => {\n    const decorator = Subscription('test-topic', { lockDuration: 500 });\n    console.log(decorator);\n    expect(decorator).toBeDefined();\n  })",
                  "err": {},
                  "uuid": "f9ba4a5c-789b-40fe-b2f7-1af30a7e7d11",
                  "parentUUID": "7c647a02-1410-4a91-93d1-f652d5f08911",
                  "isHook": false,
                  "skipped": false
                }
              ],
              "suites": [],
              "passes": [
                "f7b0bebe-93a7-4a77-a3d1-0571af31de06",
                "f9ba4a5c-789b-40fe-b2f7-1af30a7e7d11"
              ],
              "failures": [],
              "pending": [],
              "skipped": [],
              "duration": 415,
              "root": false,
              "rootEmpty": false,
              "_timeout": 5000
            }
          ],
          "passes": [],
          "failures": [],
          "pending": [],
          "skipped": [],
          "duration": 0,
          "root": false,
          "rootEmpty": false,
          "_timeout": 5000
        }
      ],
      "passes": [],
      "failures": [],
      "pending": [],
      "skipped": [],
      "duration": 0,
      "root": true,
      "rootEmpty": true,
      "_timeout": 5000
    },
    {
      "uuid": "29ce45c3-0035-4e1e-a386-a3d43645ee88",
      "title": "",
      "fullFile": "",
      "file": "",
      "beforeHooks": [],
      "afterHooks": [],
      "tests": [],
      "suites": [
        {
          "uuid": "53a982af-8aa0-4b82-b99e-11d53ae70533",
          "title": "@tresdoce-nestjs-toolkit/commons",
          "fullFile": "",
          "file": "",
          "beforeHooks": [],
          "afterHooks": [],
          "tests": [],
          "suites": [
            {
              "uuid": "ab78189e-c97b-4600-bc81-35bb4c1451da",
              "title": "build-config",
              "fullFile": "/home/runner/work/tresdoce-nestjs-toolkit/tresdoce-nestjs-toolkit/packages/commons/src/__test__/build-config.spec.ts",
              "file": "build-config.spec.ts",
              "beforeHooks": [],
              "afterHooks": [],
              "tests": [
                {
                  "fullTitle": "build-config should return the development configuration when NODE_ENV is not \"build\"",
                  "title": "should return the development configuration when NODE_ENV is not \"build\"",
                  "timedOut": false,
                  "duration": 30,
                  "state": "passed",
                  "speed": "fast",
                  "pass": true,
                  "fail": false,
                  "pending": false,
                  "context": null,
                  "code": "// ⎯⎯⎯⎯⎯⎯⎯⎯⎯\n// • Line: 16\n// • Column: 2\n// ⎯⎯⎯⎯⎯⎯⎯⎯⎯\n\nit('should return the development configuration when NODE_ENV is not \"build\"', () => {\n    process.env.NODE_ENV = 'dev';\n    const config = buildConfig() as unknown as Configuration;\n    expect(config).not.toBe(null);\n    expect(typeof config).toBe('object');\n    expect(config).toBeDefined();\n    expect(config.mode).toEqual('development');\n    expect(config.optimization.nodeEnv).toBeFalsy();\n  })",
                  "err": {},
                  "uuid": "a80c4dea-9a25-4c59-bfff-ee7f590df9e0",
                  "parentUUID": "ab78189e-c97b-4600-bc81-35bb4c1451da",
                  "isHook": false,
                  "skipped": false
                },
                {
                  "fullTitle": "build-config should return the production configuration when NODE_ENV is \"build\"",
                  "title": "should return the production configuration when NODE_ENV is \"build\"",
                  "timedOut": false,
                  "duration": 2,
                  "state": "passed",
                  "speed": "fast",
                  "pass": true,
                  "fail": false,
                  "pending": false,
                  "context": null,
                  "code": "// ⎯⎯⎯⎯⎯⎯⎯⎯⎯\n// • Line: 26\n// • Column: 2\n// ⎯⎯⎯⎯⎯⎯⎯⎯⎯\n\nit('should return the production configuration when NODE_ENV is \"build\"', () => {\n    process.env.NODE_ENV = 'build';\n    const config = buildConfig() as unknown as Configuration;\n    expect(config).not.toBe(null);\n    expect(typeof config).toBe('object');\n    expect(config).toBeDefined();\n    expect(config.mode).toEqual('production');\n    expect(config.optimization.nodeEnv).toEqual('production');\n  })",
                  "err": {},
                  "uuid": "e654bbc9-b2d3-45a8-957b-b3ed02ccb7b7",
                  "parentUUID": "ab78189e-c97b-4600-bc81-35bb4c1451da",
                  "isHook": false,
                  "skipped": false
                },
                {
                  "fullTitle": "build-config should merge with the additional config",
                  "title": "should merge with the additional config",
                  "timedOut": false,
                  "duration": 3,
                  "state": "passed",
                  "speed": "fast",
                  "pass": true,
                  "fail": false,
                  "pending": false,
                  "context": null,
                  "code": "// ⎯⎯⎯⎯⎯⎯⎯⎯⎯\n// • Line: 36\n// • Column: 2\n// ⎯⎯⎯⎯⎯⎯⎯⎯⎯\n\nit('should merge with the additional config', () => {\n    const additionalConfig = { devtool: 'eval' };\n    const config = buildConfig(additionalConfig) as unknown as Configuration;\n    expect(config).not.toBe(null);\n    expect(typeof config).toBe('object');\n    expect(config).toBeDefined();\n    expect(config.mode).toEqual('development');\n    expect(config.devtool).toEqual('eval');\n    expect(config.optimization.nodeEnv).toBeFalsy();\n  })",
                  "err": {},
                  "uuid": "5f475d47-9367-47c9-b775-fdb2f9a86ca3",
                  "parentUUID": "ab78189e-c97b-4600-bc81-35bb4c1451da",
                  "isHook": false,
                  "skipped": false
                }
              ],
              "suites": [],
              "passes": [
                "a80c4dea-9a25-4c59-bfff-ee7f590df9e0",
                "e654bbc9-b2d3-45a8-957b-b3ed02ccb7b7",
                "5f475d47-9367-47c9-b775-fdb2f9a86ca3"
              ],
              "failures": [],
              "pending": [],
              "skipped": [],
              "duration": 35,
              "root": false,
              "rootEmpty": false,
              "_timeout": 5000
            },
            {
              "uuid": "b8f31d29-510f-4cf3-adf6-327b364c60cd",
              "title": "webpack.config",
              "fullFile": "/home/runner/work/tresdoce-nestjs-toolkit/tresdoce-nestjs-toolkit/packages/commons/src/__test__/webpack.config.spec.ts",
              "file": "webpack.config.spec.ts",
              "beforeHooks": [],
              "afterHooks": [],
              "tests": [
                {
                  "fullTitle": "webpack.config should return the development configuration when NODE_ENV is not \"build\"",
                  "title": "should return the development configuration when NODE_ENV is not \"build\"",
                  "timedOut": false,
                  "duration": 6,
                  "state": "passed",
                  "speed": "fast",
                  "pass": true,
                  "fail": false,
                  "pending": false,
                  "context": null,
                  "code": "// ⎯⎯⎯⎯⎯⎯⎯⎯⎯\n// • Line: 15\n// • Column: 2\n// ⎯⎯⎯⎯⎯⎯⎯⎯⎯\n\nit('should return the development configuration when NODE_ENV is not \"build\"', () => {\n    process.env.NODE_ENV = 'dev';\n    const config = webpackConfig();\n    expect(config).not.toBe(null);\n    expect(typeof config).toBe('object');\n    expect(config).toBeDefined();\n    expect(config.mode).toEqual('development');\n    expect(config.optimization.nodeEnv).toBeFalsy();\n  })",
                  "err": {},
                  "uuid": "2d42bc44-586f-4547-9608-f75babbb6b4d",
                  "parentUUID": "b8f31d29-510f-4cf3-adf6-327b364c60cd",
                  "isHook": false,
                  "skipped": false
                },
                {
                  "fullTitle": "webpack.config should return the production configuration when NODE_ENV is \"build\"",
                  "title": "should return the production configuration when NODE_ENV is \"build\"",
                  "timedOut": false,
                  "duration": 96,
                  "state": "passed",
                  "speed": "fast",
                  "pass": true,
                  "fail": false,
                  "pending": false,
                  "context": null,
                  "code": "// ⎯⎯⎯⎯⎯⎯⎯⎯⎯\n// • Line: 25\n// • Column: 2\n// ⎯⎯⎯⎯⎯⎯⎯⎯⎯\n\nit('should return the production configuration when NODE_ENV is \"build\"', () => {\n    process.env.NODE_ENV = 'build';\n    const config = webpackConfig();\n    expect(config).not.toBe(null);\n    expect(typeof config).toBe('object');\n    expect(config).toBeDefined();\n    expect(config.mode).toEqual('production');\n    expect(config.optimization.nodeEnv).toEqual('production');\n  })",
                  "err": {},
                  "uuid": "9f9b302d-d616-4199-b43a-6c55fc864887",
                  "parentUUID": "b8f31d29-510f-4cf3-adf6-327b364c60cd",
                  "isHook": false,
                  "skipped": false
                }
              ],
              "suites": [],
              "passes": [
                "2d42bc44-586f-4547-9608-f75babbb6b4d",
                "9f9b302d-d616-4199-b43a-6c55fc864887"
              ],
              "failures": [],
              "pending": [],
              "skipped": [],
              "duration": 102,
              "root": false,
              "rootEmpty": false,
              "_timeout": 5000
            },
            {
              "uuid": "468ba621-678a-44f0-8bd5-548fcc09e625",
              "title": "eslint-config",
              "fullFile": "/home/runner/work/tresdoce-nestjs-toolkit/tresdoce-nestjs-toolkit/packages/commons/src/__test__/eslint-config.spec.ts",
              "file": "eslint-config.spec.ts",
              "beforeHooks": [],
              "afterHooks": [],
              "tests": [
                {
                  "fullTitle": "eslint-config should be return jest config",
                  "title": "should be return jest config",
                  "timedOut": false,
                  "duration": 4,
                  "state": "passed",
                  "speed": "fast",
                  "pass": true,
                  "fail": false,
                  "pending": false,
                  "context": null,
                  "code": "// ⎯⎯⎯⎯⎯⎯⎯⎯⎯\n// • Line: 3\n// • Column: 2\n// ⎯⎯⎯⎯⎯⎯⎯⎯⎯\n\nit('should be return jest config', () => {\n    const config = eslintConfig();\n    expect(config).not.toBe(null);\n    expect(typeof config).toBe('object');\n    expect(config).toBeDefined();\n  })",
                  "err": {},
                  "uuid": "c56d07b4-f006-4d1a-8b05-2742946a44f6",
                  "parentUUID": "468ba621-678a-44f0-8bd5-548fcc09e625",
                  "isHook": false,
                  "skipped": false
                }
              ],
              "suites": [],
              "passes": [
                "c56d07b4-f006-4d1a-8b05-2742946a44f6"
              ],
              "failures": [],
              "pending": [],
              "skipped": [],
              "duration": 4,
              "root": false,
              "rootEmpty": false,
              "_timeout": 5000
            },
            {
              "uuid": "56d03481-e89a-4960-b500-5c594e88f900",
              "title": "testing-library",
              "fullFile": "/home/runner/work/tresdoce-nestjs-toolkit/tresdoce-nestjs-toolkit/packages/commons/src/__test__/testing-library.spec.ts",
              "file": "testing-library.spec.ts",
              "beforeHooks": [],
              "afterHooks": [],
              "tests": [
                {
                  "fullTitle": "testing-library should be return jest config",
                  "title": "should be return jest config",
                  "timedOut": false,
                  "duration": 3,
                  "state": "passed",
                  "speed": "fast",
                  "pass": true,
                  "fail": false,
                  "pending": false,
                  "context": null,
                  "code": "// ⎯⎯⎯⎯⎯⎯⎯⎯⎯\n// • Line: 4\n// • Column: 2\n// ⎯⎯⎯⎯⎯⎯⎯⎯⎯\n\nit('should be return jest config', () => {\n    const config = jestConfig();\n    expect(config).not.toBe(null);\n    expect(typeof config).toBe('object');\n    expect(config).toBeDefined();\n  })",
                  "err": {},
                  "uuid": "9a5feedf-0ae9-46cf-8944-ccd7d9e2df68",
                  "parentUUID": "56d03481-e89a-4960-b500-5c594e88f900",
                  "isHook": false,
                  "skipped": false
                }
              ],
              "suites": [],
              "passes": [
                "9a5feedf-0ae9-46cf-8944-ccd7d9e2df68"
              ],
              "failures": [],
              "pending": [],
              "skipped": [],
              "duration": 3,
              "root": false,
              "rootEmpty": false,
              "_timeout": 5000
            }
          ],
          "passes": [],
          "failures": [],
          "pending": [],
          "skipped": [],
          "duration": 0,
          "root": false,
          "rootEmpty": false,
          "_timeout": 5000
        }
      ],
      "passes": [],
      "failures": [],
      "pending": [],
      "skipped": [],
      "duration": 0,
      "root": true,
      "rootEmpty": true,
      "_timeout": 5000
    },
    {
      "uuid": "a50a20fc-1192-47ba-8ced-a66f7a168879",
      "title": "",
      "fullFile": "",
      "file": "",
      "beforeHooks": [],
      "afterHooks": [],
      "tests": [],
      "suites": [
        {
          "uuid": "96183cbe-c4d3-4689-86fd-af8f2ff956ca",
          "title": "@tresdoce-nestjs-toolkit/core",
          "fullFile": "",
          "file": "",
          "beforeHooks": [],
          "afterHooks": [],
          "tests": [],
          "suites": [
            {
              "uuid": "171e9170-2e45-4ffc-8a4b-f86e0a589713",
              "title": "commons",
              "fullFile": "/home/runner/work/tresdoce-nestjs-toolkit/tresdoce-nestjs-toolkit/packages/core/src/__test__/commons.spec.ts",
              "file": "commons.spec.ts",
              "beforeHooks": [],
              "afterHooks": [],
              "tests": [],
              "suites": [
                {
                  "uuid": "6d36e886-bcd9-42ce-8aa5-575cb655c43a",
                  "title": "with env context",
                  "fullFile": "/home/runner/work/tresdoce-nestjs-toolkit/tresdoce-nestjs-toolkit/packages/core/src/__test__/commons.spec.ts",
                  "file": "",
                  "beforeHooks": [],
                  "afterHooks": [],
                  "tests": [
                    {
                      "fullTitle": "commons with env context should be return commons exclude paths with context",
                      "title": "should be return commons exclude paths with context",
                      "timedOut": false,
                      "duration": 6,
                      "state": "passed",
                      "speed": "fast",
                      "pass": true,
                      "fail": false,
                      "pending": false,
                      "context": null,
                      "code": "// ⎯⎯⎯⎯⎯⎯⎯⎯⎯\n// • Line: 10\n// • Column: 4\n// ⎯⎯⎯⎯⎯⎯⎯⎯⎯\n\nit('should be return commons exclude paths with context', () => {\n      expect(corePathsExcludes()).not.toBe(null);\n      expect(corePathsExcludes()).toBeDefined();\n      expect(corePathsExcludes()).toBeInstanceOf(Array);\n\n      expect(corePathsExcludes()).toContainObject({\n        path: `/v1/api-test/health/liveness`,\n        method: RequestMethod.GET,\n      });\n\n      expect(corePathsExcludes()).toContainObject({\n        path: `/v1/api-test/health/readiness`,\n        method: RequestMethod.GET,\n      });\n\n      expect(corePathsExcludes()).toContainObject({\n        path: `/v1/api-test/info`,\n        method: RequestMethod.GET,\n      });\n    })",
                      "err": {},
                      "uuid": "ea959cb1-bfcf-469c-81f5-a6c7dcf1fc7e",
                      "parentUUID": "6d36e886-bcd9-42ce-8aa5-575cb655c43a",
                      "isHook": false,
                      "skipped": false
                    },
                    {
                      "fullTitle": "commons with env context should be return array of exclude paths with context",
                      "title": "should be return array of exclude paths with context",
                      "timedOut": false,
                      "duration": 2,
                      "state": "passed",
                      "speed": "fast",
                      "pass": true,
                      "fail": false,
                      "pending": false,
                      "context": null,
                      "code": "// ⎯⎯⎯⎯⎯⎯⎯⎯⎯\n// • Line: 31\n// • Column: 4\n// ⎯⎯⎯⎯⎯⎯⎯⎯⎯\n\nit('should be return array of exclude paths with context', () => {\n      expect(excludePaths()).not.toBe(null);\n      expect(excludePaths()).toBeDefined();\n      expect(excludePaths()).toBeInstanceOf(Array);\n      expect(excludePaths()).toEqual([\n        `/v1/api-test/health/liveness`,\n        `/v1/api-test/health/readiness`,\n        `/v1/api-test/info`,\n      ]);\n    })",
                      "err": {},
                      "uuid": "d71b0470-eb5b-4476-9c86-cb13c1100ea9",
                      "parentUUID": "6d36e886-bcd9-42ce-8aa5-575cb655c43a",
                      "isHook": false,
                      "skipped": false
                    }
                  ],
                  "suites": [],
                  "passes": [
                    "ea959cb1-bfcf-469c-81f5-a6c7dcf1fc7e",
                    "d71b0470-eb5b-4476-9c86-cb13c1100ea9"
                  ],
                  "failures": [],
                  "pending": [],
                  "skipped": [],
                  "duration": 8,
                  "root": false,
                  "rootEmpty": false,
                  "_timeout": 5000
                },
                {
                  "uuid": "a1c78236-337c-4312-937f-d23cbbdacec1",
                  "title": "without env context",
                  "fullFile": "/home/runner/work/tresdoce-nestjs-toolkit/tresdoce-nestjs-toolkit/packages/core/src/__test__/commons.spec.ts",
                  "file": "",
                  "beforeHooks": [],
                  "afterHooks": [],
                  "tests": [
                    {
                      "fullTitle": "commons without env context should be return commons exclude paths without context",
                      "title": "should be return commons exclude paths without context",
                      "timedOut": false,
                      "duration": 3,
                      "state": "passed",
                      "speed": "fast",
                      "pass": true,
                      "fail": false,
                      "pending": false,
                      "context": null,
                      "code": "// ⎯⎯⎯⎯⎯⎯⎯⎯⎯\n// • Line: 48\n// • Column: 4\n// ⎯⎯⎯⎯⎯⎯⎯⎯⎯\n\nit('should be return commons exclude paths without context', () => {\n      expect(corePathsExcludes()).not.toBe(null);\n      expect(corePathsExcludes()).toBeDefined();\n      expect(corePathsExcludes()).toBeInstanceOf(Array);\n\n      expect(corePathsExcludes()).toContainObject({\n        path: '/health/liveness',\n        method: RequestMethod.GET,\n      });\n\n      expect(corePathsExcludes()).toContainObject({\n        path: '/health/readiness',\n        method: RequestMethod.GET,\n      });\n\n      expect(corePathsExcludes()).toContainObject({\n        path: '/info',\n        method: RequestMethod.GET,\n      });\n    })",
                      "err": {},
                      "uuid": "0f348d81-0aa8-4abe-a2fa-87fa2e398bc2",
                      "parentUUID": "a1c78236-337c-4312-937f-d23cbbdacec1",
                      "isHook": false,
                      "skipped": false
                    },
                    {
                      "fullTitle": "commons without env context should be return array of exclude paths without context",
                      "title": "should be return array of exclude paths without context",
                      "timedOut": false,
                      "duration": 3,
                      "state": "passed",
                      "speed": "fast",
                      "pass": true,
                      "fail": false,
                      "pending": false,
                      "context": null,
                      "code": "// ⎯⎯⎯⎯⎯⎯⎯⎯⎯\n// • Line: 69\n// • Column: 4\n// ⎯⎯⎯⎯⎯⎯⎯⎯⎯\n\nit('should be return array of exclude paths without context', () => {\n      expect(excludePaths()).not.toBe(null);\n      expect(excludePaths()).toBeDefined();\n      expect(excludePaths()).toBeInstanceOf(Array);\n      expect(excludePaths()).toEqual(['/health/liveness', '/health/readiness', '/info']);\n    })",
                      "err": {},
                      "uuid": "f1d391b9-8c51-44a2-9906-4427f693d0e6",
                      "parentUUID": "a1c78236-337c-4312-937f-d23cbbdacec1",
                      "isHook": false,
                      "skipped": false
                    }
                  ],
                  "suites": [],
                  "passes": [
                    "0f348d81-0aa8-4abe-a2fa-87fa2e398bc2",
                    "f1d391b9-8c51-44a2-9906-4427f693d0e6"
                  ],
                  "failures": [],
                  "pending": [],
                  "skipped": [],
                  "duration": 6,
                  "root": false,
                  "rootEmpty": false,
                  "_timeout": 5000
                }
              ],
              "passes": [],
              "failures": [],
              "pending": [],
              "skipped": [],
              "duration": 0,
              "root": false,
              "rootEmpty": false,
              "_timeout": 5000
            },
            {
              "uuid": "2c2dabb5-4d47-497d-8972-1a36b072ae95",
              "title": "https-certificate",
              "fullFile": "/home/runner/work/tresdoce-nestjs-toolkit/tresdoce-nestjs-toolkit/packages/core/src/__test__/https-certificate.spec.ts",
              "file": "https-certificate.spec.ts",
              "beforeHooks": [],
              "afterHooks": [],
              "tests": [
                {
                  "fullTitle": "https-certificate should be return https certificate config",
                  "title": "should be return https certificate config",
                  "timedOut": false,
                  "duration": 4,
                  "state": "passed",
                  "speed": "fast",
                  "pass": true,
                  "fail": false,
                  "pending": false,
                  "context": null,
                  "code": "// ⎯⎯⎯⎯⎯⎯⎯⎯⎯\n// • Line: 4\n// • Column: 2\n// ⎯⎯⎯⎯⎯⎯⎯⎯⎯\n\nit('should be return https certificate config', () => {\n    const crtPath = path.resolve(__dirname, './utils/localhost.crt');\n    const keyPath = path.resolve(__dirname, './utils/localhost.key');\n\n    const config = setHttpsOptions(crtPath, keyPath);\n    expect(typeof config).toBe('object');\n    expect(config).toBeDefined();\n    expect(config.cert).not.toEqual('');\n    expect(config.key).not.toEqual('');\n  })",
                  "err": {},
                  "uuid": "af872198-57d1-4e17-ab17-6d1ff8caad10",
                  "parentUUID": "2c2dabb5-4d47-497d-8972-1a36b072ae95",
                  "isHook": false,
                  "skipped": false
                },
                {
                  "fullTitle": "https-certificate should be return https certificate config empty",
                  "title": "should be return https certificate config empty",
                  "timedOut": false,
                  "duration": 1,
                  "state": "passed",
                  "speed": "fast",
                  "pass": true,
                  "fail": false,
                  "pending": false,
                  "context": null,
                  "code": "// ⎯⎯⎯⎯⎯⎯⎯⎯⎯\n// • Line: 15\n// • Column: 2\n// ⎯⎯⎯⎯⎯⎯⎯⎯⎯\n\nit('should be return https certificate config empty', () => {\n    const crtPath = path.resolve(__dirname, './utils/my-localhost.crt');\n    const keyPath = path.resolve(__dirname, './utils/my-localhost.key');\n\n    const config = setHttpsOptions(crtPath, keyPath);\n    expect(typeof config).toBe('object');\n    expect(config).toBeDefined();\n    expect(config.cert).toEqual('');\n    expect(config.key).toEqual('');\n  })",
                  "err": {},
                  "uuid": "2f134c48-f6ac-4a9a-9bfd-e6f144303d07",
                  "parentUUID": "2c2dabb5-4d47-497d-8972-1a36b072ae95",
                  "isHook": false,
                  "skipped": false
                }
              ],
              "suites": [],
              "passes": [
                "af872198-57d1-4e17-ab17-6d1ff8caad10",
                "2f134c48-f6ac-4a9a-9bfd-e6f144303d07"
              ],
              "failures": [],
              "pending": [],
              "skipped": [],
              "duration": 5,
              "root": false,
              "rootEmpty": false,
              "_timeout": 5000
            },
            {
              "uuid": "47929f3d-a6e3-453d-afe2-7f84e4e24203",
              "title": "Roles decorator",
              "fullFile": "/home/runner/work/tresdoce-nestjs-toolkit/tresdoce-nestjs-toolkit/packages/core/src/__test__/roles.decorator.spec.ts",
              "file": "roles.decorator.spec.ts",
              "beforeHooks": [],
              "afterHooks": [],
              "tests": [
                {
                  "fullTitle": "Roles decorator should be defined",
                  "title": "should be defined",
                  "timedOut": false,
                  "duration": 3,
                  "state": "passed",
                  "speed": "fast",
                  "pass": true,
                  "fail": false,
                  "pending": false,
                  "context": null,
                  "code": "// ⎯⎯⎯⎯⎯⎯⎯⎯⎯\n// • Line: 4\n// • Column: 2\n// ⎯⎯⎯⎯⎯⎯⎯⎯⎯\n\nit('should be defined', async () => {\n    expect(Roles('admin')).toBeDefined();\n    expect(Roles('admin', 'user')).toBeDefined();\n  })",
                  "err": {},
                  "uuid": "45e67716-1f8c-4b97-bdc9-2d283f571001",
                  "parentUUID": "47929f3d-a6e3-453d-afe2-7f84e4e24203",
                  "isHook": false,
                  "skipped": false
                },
                {
                  "fullTitle": "Roles decorator should be return key",
                  "title": "should be return key",
                  "timedOut": false,
                  "duration": 1,
                  "state": "passed",
                  "speed": "fast",
                  "pass": true,
                  "fail": false,
                  "pending": false,
                  "context": null,
                  "code": "// ⎯⎯⎯⎯⎯⎯⎯⎯⎯\n// • Line: 9\n// • Column: 2\n// ⎯⎯⎯⎯⎯⎯⎯⎯⎯\n\nit('should be return key', async () => {\n    expect(ROLES_KEY).toBe('roles');\n  })",
                  "err": {},
                  "uuid": "fe9e9333-8eac-4cca-a174-ce6c2e85ad30",
                  "parentUUID": "47929f3d-a6e3-453d-afe2-7f84e4e24203",
                  "isHook": false,
                  "skipped": false
                }
              ],
              "suites": [],
              "passes": [
                "45e67716-1f8c-4b97-bdc9-2d283f571001",
                "fe9e9333-8eac-4cca-a174-ce6c2e85ad30"
              ],
              "failures": [],
              "pending": [],
              "skipped": [],
              "duration": 4,
              "root": false,
              "rootEmpty": false,
              "_timeout": 5000
            },
            {
              "uuid": "508b74de-c205-4b3c-b4bb-9efc34ba3171",
              "title": "Public decorator",
              "fullFile": "/home/runner/work/tresdoce-nestjs-toolkit/tresdoce-nestjs-toolkit/packages/core/src/__test__/public.decorator.spec.ts",
              "file": "public.decorator.spec.ts",
              "beforeHooks": [],
              "afterHooks": [],
              "tests": [
                {
                  "fullTitle": "Public decorator should be defined",
                  "title": "should be defined",
                  "timedOut": false,
                  "duration": 2,
                  "state": "passed",
                  "speed": "fast",
                  "pass": true,
                  "fail": false,
                  "pending": false,
                  "context": null,
                  "code": "// ⎯⎯⎯⎯⎯⎯⎯⎯⎯\n// • Line: 4\n// • Column: 2\n// ⎯⎯⎯⎯⎯⎯⎯⎯⎯\n\nit('should be defined', async () => {\n    expect(Public()).toBeDefined();\n  })",
                  "err": {},
                  "uuid": "1582d944-8eb5-41fc-90cb-3d784d8159a1",
                  "parentUUID": "508b74de-c205-4b3c-b4bb-9efc34ba3171",
                  "isHook": false,
                  "skipped": false
                },
                {
                  "fullTitle": "Public decorator should be return key",
                  "title": "should be return key",
                  "timedOut": false,
                  "duration": 1,
                  "state": "passed",
                  "speed": "fast",
                  "pass": true,
                  "fail": false,
                  "pending": false,
                  "context": null,
                  "code": "// ⎯⎯⎯⎯⎯⎯⎯⎯⎯\n// • Line: 8\n// • Column: 2\n// ⎯⎯⎯⎯⎯⎯⎯⎯⎯\n\nit('should be return key', async () => {\n    expect(IS_PUBLIC_KEY).toBe('isPublic');\n  })",
                  "err": {},
                  "uuid": "05be2edd-63b8-4ac1-9763-cfa74a6fe314",
                  "parentUUID": "508b74de-c205-4b3c-b4bb-9efc34ba3171",
                  "isHook": false,
                  "skipped": false
                }
              ],
              "suites": [],
              "passes": [
                "1582d944-8eb5-41fc-90cb-3d784d8159a1",
                "05be2edd-63b8-4ac1-9763-cfa74a6fe314"
              ],
              "failures": [],
              "pending": [],
              "skipped": [],
              "duration": 3,
              "root": false,
              "rootEmpty": false,
              "_timeout": 5000
            }
          ],
          "passes": [],
          "failures": [],
          "pending": [],
          "skipped": [],
          "duration": 0,
          "root": false,
          "rootEmpty": false,
          "_timeout": 5000
        }
      ],
      "passes": [],
      "failures": [],
      "pending": [],
      "skipped": [],
      "duration": 0,
      "root": true,
      "rootEmpty": true,
      "_timeout": 5000
    },
    {
      "uuid": "c4ef75b9-96e1-4c83-a1e8-1fbdeda868ca",
      "title": "",
      "fullFile": "",
      "file": "",
      "beforeHooks": [],
      "afterHooks": [],
      "tests": [],
      "suites": [
        {
          "uuid": "e19b1b2e-8452-498d-9e5b-1e238f165e83",
          "title": "@tresdoce-nestjs-toolkit/dynamoose",
          "fullFile": "",
          "file": "",
          "beforeHooks": [],
          "afterHooks": [],
          "tests": [],
          "suites": [
            {
              "uuid": "ebefafee-3b51-4b63-b603-6fbe971442da",
              "title": "DynamooseModule",
              "fullFile": "/home/runner/work/tresdoce-nestjs-toolkit/tresdoce-nestjs-toolkit/packages/dynamoose/src/__test__/dynamoose.module.spec.ts",
              "file": "dynamoose.module.spec.ts",
              "beforeHooks": [],
              "afterHooks": [],
              "tests": [],
              "suites": [
                {
                  "uuid": "a3030fc0-2fc1-4481-b586-df03529ea242",
                  "title": "Basic configuration",
                  "fullFile": "/home/runner/work/tresdoce-nestjs-toolkit/tresdoce-nestjs-toolkit/packages/dynamoose/src/__test__/dynamoose.module.spec.ts",
                  "file": "",
                  "beforeHooks": [],
                  "afterHooks": [],
                  "tests": [],
                  "suites": [
                    {
                      "uuid": "3feb9a80-c9aa-4b1b-b797-995fbb4342be",
                      "title": "forRoot",
                      "fullFile": "/home/runner/work/tresdoce-nestjs-toolkit/tresdoce-nestjs-toolkit/packages/dynamoose/src/__test__/dynamoose.module.spec.ts",
                      "file": "",
                      "beforeHooks": [],
                      "afterHooks": [],
                      "tests": [
                        {
                          "fullTitle": "DynamooseModule Basic configuration forRoot should return a dynamic module",
                          "title": "should return a dynamic module",
                          "timedOut": false,
                          "duration": 250,
                          "state": "passed",
                          "speed": "medium",
                          "pass": true,
                          "fail": false,
                          "pending": false,
                          "context": null,
                          "code": "// ⎯⎯⎯⎯⎯⎯⎯⎯⎯\n// • Line: 63\n// • Column: 6\n// ⎯⎯⎯⎯⎯⎯⎯⎯⎯\n\nit('should return a dynamic module', () => {\n        const dynamicModule = DynamooseModule.forRoot();\n        expect(dynamicModule).toBeDefined();\n      })",
                          "err": {},
                          "uuid": "b6efa2a6-921f-45fb-8b98-db69d0e27b1a",
                          "parentUUID": "3feb9a80-c9aa-4b1b-b797-995fbb4342be",
                          "isHook": false,
                          "skipped": false
                        },
                        {
                          "fullTitle": "DynamooseModule Basic configuration forRoot should create a module with forRoot method",
                          "title": "should create a module with forRoot method",
                          "timedOut": false,
                          "duration": 24,
                          "state": "passed",
                          "speed": "fast",
                          "pass": true,
                          "fail": false,
                          "pending": false,
                          "context": null,
                          "code": "// ⎯⎯⎯⎯⎯⎯⎯⎯⎯\n// • Line: 68\n// • Column: 6\n// ⎯⎯⎯⎯⎯⎯⎯⎯⎯\n\nit('should create a module with forRoot method', async () => {\n        const rootModule = DynamooseModule.forRoot(dynamooseOptions);\n        expect(rootModule).toBeDefined();\n      })",
                          "err": {},
                          "uuid": "b450bb84-f92c-498c-9cd8-59557ef9ef77",
                          "parentUUID": "3feb9a80-c9aa-4b1b-b797-995fbb4342be",
                          "isHook": false,
                          "skipped": false
                        }
                      ],
                      "suites": [],
                      "passes": [
                        "b6efa2a6-921f-45fb-8b98-db69d0e27b1a",
                        "b450bb84-f92c-498c-9cd8-59557ef9ef77"
                      ],
                      "failures": [],
                      "pending": [],
                      "skipped": [],
                      "duration": 274,
                      "root": false,
                      "rootEmpty": false,
                      "_timeout": 5000
                    },
                    {
                      "uuid": "83934067-2de2-4d6b-8eb5-28a166c2be71",
                      "title": "forRootAsync",
                      "fullFile": "/home/runner/work/tresdoce-nestjs-toolkit/tresdoce-nestjs-toolkit/packages/dynamoose/src/__test__/dynamoose.module.spec.ts",
                      "file": "",
                      "beforeHooks": [],
                      "afterHooks": [],
                      "tests": [
                        {
                          "fullTitle": "DynamooseModule Basic configuration forRootAsync should return a dynamic module",
                          "title": "should return a dynamic module",
                          "timedOut": false,
                          "duration": 12,
                          "state": "passed",
                          "speed": "fast",
                          "pass": true,
                          "fail": false,
                          "pending": false,
                          "context": null,
                          "code": "// ⎯⎯⎯⎯⎯⎯⎯⎯⎯\n// • Line: 75\n// • Column: 6\n// ⎯⎯⎯⎯⎯⎯⎯⎯⎯\n\nit('should return a dynamic module', () => {\n        const asyncModule = DynamooseModule.forRootAsync({ useFactory: async () => ({}) });\n        expect(asyncModule).toBeDefined();\n      })",
                          "err": {},
                          "uuid": "fb7fed16-8ddc-4706-9ea1-4bf7c3be6576",
                          "parentUUID": "83934067-2de2-4d6b-8eb5-28a166c2be71",
                          "isHook": false,
                          "skipped": false
                        },
                        {
                          "fullTitle": "DynamooseModule Basic configuration forRootAsync should create a module with forRootAsync method",
                          "title": "should create a module with forRootAsync method",
                          "timedOut": false,
                          "duration": 12,
                          "state": "passed",
                          "speed": "fast",
                          "pass": true,
                          "fail": false,
                          "pending": false,
                          "context": null,
                          "code": "// ⎯⎯⎯⎯⎯⎯⎯⎯⎯\n// • Line: 80\n// • Column: 6\n// ⎯⎯⎯⎯⎯⎯⎯⎯⎯\n\nit('should create a module with forRootAsync method', async () => {\n        const asyncOptions = {\n          useFactory: async (configService: ConfigService): Promise<DynamooseModuleOptions> =>\n            configService.get<DynamooseModuleOptions>('config.dynamodb'),\n          inject: [ConfigService],\n        };\n        const asyncRootModule = DynamooseModule.forRootAsync(asyncOptions);\n        expect(asyncRootModule).toBeDefined();\n      })",
                          "err": {},
                          "uuid": "5bf861f2-4af6-4e25-91f8-e4ba7367f757",
                          "parentUUID": "83934067-2de2-4d6b-8eb5-28a166c2be71",
                          "isHook": false,
                          "skipped": false
                        }
                      ],
                      "suites": [],
                      "passes": [
                        "fb7fed16-8ddc-4706-9ea1-4bf7c3be6576",
                        "5bf861f2-4af6-4e25-91f8-e4ba7367f757"
                      ],
                      "failures": [],
                      "pending": [],
                      "skipped": [],
                      "duration": 24,
                      "root": false,
                      "rootEmpty": false,
                      "_timeout": 5000
                    },
                    {
                      "uuid": "1f65b694-18aa-48dc-a7c3-c37e94019ded",
                      "title": "forFeature",
                      "fullFile": "/home/runner/work/tresdoce-nestjs-toolkit/tresdoce-nestjs-toolkit/packages/dynamoose/src/__test__/dynamoose.module.spec.ts",
                      "file": "",
                      "beforeHooks": [],
                      "afterHooks": [],
                      "tests": [
                        {
                          "fullTitle": "DynamooseModule Basic configuration forFeature should return a dynamic module empty",
                          "title": "should return a dynamic module empty",
                          "timedOut": false,
                          "duration": 11,
                          "state": "passed",
                          "speed": "fast",
                          "pass": true,
                          "fail": false,
                          "pending": false,
                          "context": null,
                          "code": "// ⎯⎯⎯⎯⎯⎯⎯⎯⎯\n// • Line: 92\n// • Column: 6\n// ⎯⎯⎯⎯⎯⎯⎯⎯⎯\n\nit('should return a dynamic module empty', () => {\n        const featureModule = DynamooseModule.forFeature();\n        expect(featureModule).toBeDefined();\n      })",
                          "err": {},
                          "uuid": "0f35a930-8d53-42ae-9e51-51e7f67e955b",
                          "parentUUID": "1f65b694-18aa-48dc-a7c3-c37e94019ded",
                          "isHook": false,
                          "skipped": false
                        },
                        {
                          "fullTitle": "DynamooseModule Basic configuration forFeature should return a dynamic module",
                          "title": "should return a dynamic module",
                          "timedOut": false,
                          "duration": 11,
                          "state": "passed",
                          "speed": "fast",
                          "pass": true,
                          "fail": false,
                          "pending": false,
                          "context": null,
                          "code": "// ⎯⎯⎯⎯⎯⎯⎯⎯⎯\n// • Line: 97\n// • Column: 6\n// ⎯⎯⎯⎯⎯⎯⎯⎯⎯\n\nit('should return a dynamic module', () => {\n        const featureModule = DynamooseModule.forFeature([]);\n        expect(featureModule).toBeDefined();\n      })",
                          "err": {},
                          "uuid": "5c5832b9-eaf3-4a39-a581-82fa108887b0",
                          "parentUUID": "1f65b694-18aa-48dc-a7c3-c37e94019ded",
                          "isHook": false,
                          "skipped": false
                        },
                        {
                          "fullTitle": "DynamooseModule Basic configuration forFeature should provide and export dynamoose providers",
                          "title": "should provide and export dynamoose providers",
                          "timedOut": false,
                          "duration": 10,
                          "state": "passed",
                          "speed": "fast",
                          "pass": true,
                          "fail": false,
                          "pending": false,
                          "context": null,
                          "code": "// ⎯⎯⎯⎯⎯⎯⎯⎯⎯\n// • Line: 102\n// • Column: 6\n// ⎯⎯⎯⎯⎯⎯⎯⎯⎯\n\nit('should provide and export dynamoose providers', () => {\n        const featureModule = DynamooseModule.forFeature([]);\n        const providers = createDynamooseProviders([]);\n        expect(featureModule.providers).toEqual(providers);\n        expect(featureModule.exports).toEqual(providers);\n      })",
                          "err": {},
                          "uuid": "8a3d06dc-abbe-4a35-b370-2c1d7b207816",
                          "parentUUID": "1f65b694-18aa-48dc-a7c3-c37e94019ded",
                          "isHook": false,
                          "skipped": false
                        },
                        {
                          "fullTitle": "DynamooseModule Basic configuration forFeature should create a module with forFeature method",
                          "title": "should create a module with forFeature method",
                          "timedOut": false,
                          "duration": 19,
                          "state": "passed",
                          "speed": "fast",
                          "pass": true,
                          "fail": false,
                          "pending": false,
                          "context": null,
                          "code": "// ⎯⎯⎯⎯⎯⎯⎯⎯⎯\n// • Line: 109\n// • Column: 6\n// ⎯⎯⎯⎯⎯⎯⎯⎯⎯\n\nit('should create a module with forFeature method', async () => {\n        const models: ModelDefinition[] = [\n          {\n            name: 'User',\n            schema: UserSchema,\n            options: {\n              tableName: 'user',\n            },\n            serializers: {\n              frontend: { exclude: ['status'] },\n              backend: { exclude: ['status'] },\n            },\n          },\n        ];\n        const featureModule = DynamooseModule.forFeature(models);\n        expect(featureModule).toBeDefined();\n      })",
                          "err": {},
                          "uuid": "e20e3085-1982-4472-b4a3-f2f4ef144d37",
                          "parentUUID": "1f65b694-18aa-48dc-a7c3-c37e94019ded",
                          "isHook": false,
                          "skipped": false
                        }
                      ],
                      "suites": [],
                      "passes": [
                        "0f35a930-8d53-42ae-9e51-51e7f67e955b",
                        "5c5832b9-eaf3-4a39-a581-82fa108887b0",
                        "8a3d06dc-abbe-4a35-b370-2c1d7b207816",
                        "e20e3085-1982-4472-b4a3-f2f4ef144d37"
                      ],
                      "failures": [],
                      "pending": [],
                      "skipped": [],
                      "duration": 51,
                      "root": false,
                      "rootEmpty": false,
                      "_timeout": 5000
                    },
                    {
                      "uuid": "d3e8215f-5143-4ef4-bfd3-a399a98669ab",
                      "title": "forFeatureAsync",
                      "fullFile": "/home/runner/work/tresdoce-nestjs-toolkit/tresdoce-nestjs-toolkit/packages/dynamoose/src/__test__/dynamoose.module.spec.ts",
                      "file": "",
                      "beforeHooks": [],
                      "afterHooks": [],
                      "tests": [
                        {
                          "fullTitle": "DynamooseModule Basic configuration forFeatureAsync should return a dynamic module empty",
                          "title": "should return a dynamic module empty",
                          "timedOut": false,
                          "duration": 13,
                          "state": "passed",
                          "speed": "fast",
                          "pass": true,
                          "fail": false,
                          "pending": false,
                          "context": null,
                          "code": "// ⎯⎯⎯⎯⎯⎯⎯⎯⎯\n// • Line: 129\n// • Column: 6\n// ⎯⎯⎯⎯⎯⎯⎯⎯⎯\n\nit('should return a dynamic module empty', () => {\n        const asyncFeatureModule = DynamooseModule.forFeatureAsync();\n        expect(asyncFeatureModule).toBeDefined();\n      })",
                          "err": {},
                          "uuid": "8ba0921e-7f61-435f-8500-1094cd5a4fb0",
                          "parentUUID": "d3e8215f-5143-4ef4-bfd3-a399a98669ab",
                          "isHook": false,
                          "skipped": false
                        },
                        {
                          "fullTitle": "DynamooseModule Basic configuration forFeatureAsync should return a dynamic module",
                          "title": "should return a dynamic module",
                          "timedOut": false,
                          "duration": 21,
                          "state": "passed",
                          "speed": "fast",
                          "pass": true,
                          "fail": false,
                          "pending": false,
                          "context": null,
                          "code": "// ⎯⎯⎯⎯⎯⎯⎯⎯⎯\n// • Line: 134\n// • Column: 6\n// ⎯⎯⎯⎯⎯⎯⎯⎯⎯\n\nit('should return a dynamic module', () => {\n        const asyncFeatureModule = DynamooseModule.forFeatureAsync([]);\n        expect(asyncFeatureModule).toBeDefined();\n      })",
                          "err": {},
                          "uuid": "921ac46c-49e5-48a0-b880-c5ebc971ef10",
                          "parentUUID": "d3e8215f-5143-4ef4-bfd3-a399a98669ab",
                          "isHook": false,
                          "skipped": false
                        },
                        {
                          "fullTitle": "DynamooseModule Basic configuration forFeatureAsync should provide and export dynamoose async providers",
                          "title": "should provide and export dynamoose async providers",
                          "timedOut": false,
                          "duration": 13,
                          "state": "passed",
                          "speed": "fast",
                          "pass": true,
                          "fail": false,
                          "pending": false,
                          "context": null,
                          "code": "// ⎯⎯⎯⎯⎯⎯⎯⎯⎯\n// • Line: 139\n// • Column: 6\n// ⎯⎯⎯⎯⎯⎯⎯⎯⎯\n\nit('should provide and export dynamoose async providers', () => {\n        const asyncFeatureModule = DynamooseModule.forFeatureAsync([]);\n        const providers = createDynamooseAsyncProviders([]);\n        expect(asyncFeatureModule.providers).toEqual(providers);\n        expect(asyncFeatureModule.exports).toEqual(providers);\n      })",
                          "err": {},
                          "uuid": "83fab9b6-8606-4050-8ddb-62a7e689d931",
                          "parentUUID": "d3e8215f-5143-4ef4-bfd3-a399a98669ab",
                          "isHook": false,
                          "skipped": false
                        },
                        {
                          "fullTitle": "DynamooseModule Basic configuration forFeatureAsync should create a module with forFeatureAsync method",
                          "title": "should create a module with forFeatureAsync method",
                          "timedOut": false,
                          "duration": 10,
                          "state": "passed",
                          "speed": "fast",
                          "pass": true,
                          "fail": false,
                          "pending": false,
                          "context": null,
                          "code": "// ⎯⎯⎯⎯⎯⎯⎯⎯⎯\n// • Line: 146\n// • Column: 6\n// ⎯⎯⎯⎯⎯⎯⎯⎯⎯\n\nit('should create a module with forFeatureAsync method', async () => {\n        const factories = [\n          {\n            name: 'User',\n            useFactory: async () => ({\n              schema: UserSchema,\n              options: {\n                tableName: 'user',\n              },\n              serializers: {\n                frontend: { exclude: ['status'] },\n              },\n            }),\n            inject: [],\n          },\n        ];\n        const featureAsyncModule = DynamooseModule.forFeatureAsync(factories);\n        expect(featureAsyncModule).toBeDefined();\n      })",
                          "err": {},
                          "uuid": "c9732514-e620-4ca2-84c2-e20b51151de1",
                          "parentUUID": "d3e8215f-5143-4ef4-bfd3-a399a98669ab",
                          "isHook": false,
                          "skipped": false
                        }
                      ],
                      "suites": [],
                      "passes": [
                        "8ba0921e-7f61-435f-8500-1094cd5a4fb0",
                        "921ac46c-49e5-48a0-b880-c5ebc971ef10",
                        "83fab9b6-8606-4050-8ddb-62a7e689d931",
                        "c9732514-e620-4ca2-84c2-e20b51151de1"
                      ],
                      "failures": [],
                      "pending": [],
                      "skipped": [],
                      "duration": 57,
                      "root": false,
                      "rootEmpty": false,
                      "_timeout": 5000
                    },
                    {
                      "uuid": "7b4f15de-324a-4ca6-803c-a2f2751cbaf7",
                      "title": "providers",
                      "fullFile": "/home/runner/work/tresdoce-nestjs-toolkit/tresdoce-nestjs-toolkit/packages/dynamoose/src/__test__/dynamoose.module.spec.ts",
                      "file": "",
                      "beforeHooks": [],
                      "afterHooks": [],
                      "tests": [
                        {
                          "fullTitle": "DynamooseModule Basic configuration providers should create dynamoose providers",
                          "title": "should create dynamoose providers",
                          "timedOut": false,
                          "duration": 16,
                          "state": "passed",
                          "speed": "fast",
                          "pass": true,
                          "fail": false,
                          "pending": false,
                          "context": null,
                          "code": "// ⎯⎯⎯⎯⎯⎯⎯⎯⎯\n// • Line: 168\n// • Column: 6\n// ⎯⎯⎯⎯⎯⎯⎯⎯⎯\n\nit('should create dynamoose providers', async () => {\n        const models: ModelDefinition[] = [\n          {\n            name: 'User',\n            schema: UserSchema,\n            options: {\n              tableName: 'user',\n            },\n          },\n          {\n            name: 'TestModel',\n            schema: {\n              id: String,\n            },\n            options: {\n              tableName: 'test',\n            },\n          },\n        ];\n        const providers = createDynamooseProviders(models);\n        expect(providers).toBeDefined();\n      })",
                          "err": {},
                          "uuid": "4c3575b9-d53b-4eb5-889b-7fc81445c60d",
                          "parentUUID": "7b4f15de-324a-4ca6-803c-a2f2751cbaf7",
                          "isHook": false,
                          "skipped": false
                        },
                        {
                          "fullTitle": "DynamooseModule Basic configuration providers should create async dynamoose providers",
                          "title": "should create async dynamoose providers",
                          "timedOut": false,
                          "duration": 9,
                          "state": "passed",
                          "speed": "fast",
                          "pass": true,
                          "fail": false,
                          "pending": false,
                          "context": null,
                          "code": "// ⎯⎯⎯⎯⎯⎯⎯⎯⎯\n// • Line: 191\n// • Column: 6\n// ⎯⎯⎯⎯⎯⎯⎯⎯⎯\n\nit('should create async dynamoose providers', async () => {\n        const factories: any[] = [\n          {\n            name: 'User',\n            useFactory: async () => ({\n              schema: UserSchema,\n              options: {\n                tableName: 'user',\n              },\n              serializers: {},\n            }),\n            inject: [],\n          },\n          {\n            name: 'TestModel',\n            useFactory: async () => ({\n              schema: {\n                id: String,\n              },\n              options: { timestamps: true },\n              serializers: {\n                serializerName: {\n                  input: jest.fn(),\n                  output: jest.fn(),\n                },\n              },\n            }),\n            inject: [],\n          },\n        ];\n        const providers = createDynamooseAsyncProviders(factories);\n        expect(providers).toBeDefined();\n      })",
                          "err": {},
                          "uuid": "459d1e06-e562-457d-a273-ad4f5a4dfabe",
                          "parentUUID": "7b4f15de-324a-4ca6-803c-a2f2751cbaf7",
                          "isHook": false,
                          "skipped": false
                        }
                      ],
                      "suites": [],
                      "passes": [
                        "4c3575b9-d53b-4eb5-889b-7fc81445c60d",
                        "459d1e06-e562-457d-a273-ad4f5a4dfabe"
                      ],
                      "failures": [],
                      "pending": [],
                      "skipped": [],
                      "duration": 25,
                      "root": false,
                      "rootEmpty": false,
                      "_timeout": 5000
                    }
                  ],
                  "passes": [],
                  "failures": [],
                  "pending": [],
                  "skipped": [],
                  "duration": 0,
                  "root": false,
                  "rootEmpty": false,
                  "_timeout": 5000
                },
                {
                  "uuid": "553d0a0d-8de3-4112-b884-ed32ae213b75",
                  "title": "Advance configuration",
                  "fullFile": "/home/runner/work/tresdoce-nestjs-toolkit/tresdoce-nestjs-toolkit/packages/dynamoose/src/__test__/dynamoose.module.spec.ts",
                  "file": "",
                  "beforeHooks": [],
                  "afterHooks": [],
                  "tests": [
                    {
                      "fullTitle": "DynamooseModule Advance configuration should be defined",
                      "title": "should be defined",
                      "timedOut": false,
                      "duration": 14,
                      "state": "passed",
                      "speed": "fast",
                      "pass": true,
                      "fail": false,
                      "pending": false,
                      "context": null,
                      "code": "// ⎯⎯⎯⎯⎯⎯⎯⎯⎯\n// • Line: 256\n// • Column: 4\n// ⎯⎯⎯⎯⎯⎯⎯⎯⎯\n\nit('should be defined', async () => {\n      expect(app).toBeDefined();\n    })",
                      "err": {},
                      "uuid": "e468069e-c8ac-4824-b84e-c58598ef8305",
                      "parentUUID": "553d0a0d-8de3-4112-b884-ed32ae213b75",
                      "isHook": false,
                      "skipped": false
                    }
                  ],
                  "suites": [],
                  "passes": [
                    "e468069e-c8ac-4824-b84e-c58598ef8305"
                  ],
                  "failures": [],
                  "pending": [],
                  "skipped": [],
                  "duration": 14,
                  "root": false,
                  "rootEmpty": false,
                  "_timeout": 5000
                }
              ],
              "passes": [],
              "failures": [],
              "pending": [],
              "skipped": [],
              "duration": 0,
              "root": false,
              "rootEmpty": false,
              "_timeout": 5000
            },
            {
              "uuid": "b1573c58-5386-4d1d-8bcd-3452cd36ae69",
              "title": "Providers",
              "fullFile": "/home/runner/work/tresdoce-nestjs-toolkit/tresdoce-nestjs-toolkit/packages/dynamoose/src/__test__/dynamoose.provider.spec.ts",
              "file": "dynamoose.provider.spec.ts",
              "beforeHooks": [],
              "afterHooks": [],
              "tests": [],
              "suites": [
                {
                  "uuid": "238462ea-63e6-44b2-a94d-3161a08c2809",
                  "title": "createDynamooseProviders",
                  "fullFile": "/home/runner/work/tresdoce-nestjs-toolkit/tresdoce-nestjs-toolkit/packages/dynamoose/src/__test__/dynamoose.provider.spec.ts",
                  "file": "",
                  "beforeHooks": [],
                  "afterHooks": [],
                  "tests": [
                    {
                      "fullTitle": "Providers createDynamooseProviders should create providers with no models",
                      "title": "should create providers with no models",
                      "timedOut": false,
                      "duration": 3,
                      "state": "passed",
                      "speed": "fast",
                      "pass": true,
                      "fail": false,
                      "pending": false,
                      "context": null,
                      "code": "// ⎯⎯⎯⎯⎯⎯⎯⎯⎯\n// • Line: 20\n// • Column: 4\n// ⎯⎯⎯⎯⎯⎯⎯⎯⎯\n\nit('should create providers with no models', () => {\n      const providers = createDynamooseProviders();\n      expect(providers).toEqual([]);\n    })",
                      "err": {},
                      "uuid": "85288b26-de51-4717-aa1a-8959977990dd",
                      "parentUUID": "238462ea-63e6-44b2-a94d-3161a08c2809",
                      "isHook": false,
                      "skipped": false
                    },
                    {
                      "fullTitle": "Providers createDynamooseProviders should create providers with no models array",
                      "title": "should create providers with no models array",
                      "timedOut": false,
                      "duration": 0,
                      "state": "passed",
                      "speed": "fast",
                      "pass": true,
                      "fail": false,
                      "pending": false,
                      "context": null,
                      "code": "// ⎯⎯⎯⎯⎯⎯⎯⎯⎯\n// • Line: 25\n// • Column: 4\n// ⎯⎯⎯⎯⎯⎯⎯⎯⎯\n\nit('should create providers with no models array', () => {\n      const providers = createDynamooseProviders([]);\n      expect(providers).toEqual([]);\n    })",
                      "err": {},
                      "uuid": "63f9b3b9-1a6a-40d8-9703-eb8e6480e6f9",
                      "parentUUID": "238462ea-63e6-44b2-a94d-3161a08c2809",
                      "isHook": false,
                      "skipped": false
                    },
                    {
                      "fullTitle": "Providers createDynamooseProviders should create providers with models and no serializers",
                      "title": "should create providers with models and no serializers",
                      "timedOut": false,
                      "duration": 3,
                      "state": "passed",
                      "speed": "fast",
                      "pass": true,
                      "fail": false,
                      "pending": false,
                      "context": null,
[...]
                      "title": "should calculate diff between two timestamps in seconds",
                      "timedOut": false,
                      "duration": 2,
                      "state": "passed",
                      "speed": "fast",
                      "pass": true,
                      "fail": false,
                      "pending": false,
                      "context": null,
                      "code": "// ⎯⎯⎯⎯⎯⎯⎯⎯⎯\n// • Line: 162\n// • Column: 4\n// ⎯⎯⎯⎯⎯⎯⎯⎯⎯\n\nit('should calculate diff between two timestamps in seconds', () => {\n      expect(\n        service.calculateTimestampDiff({\n          startTime: 1689208308510,\n          endTime: 1689208308525,\n          options: { unit: 'seconds' },\n        }),\n      ).toBe(0.015);\n    })",
                      "err": {},
                      "uuid": "5d911ed8-decc-44f8-9415-57344c8d125e",
                      "parentUUID": "6800e96e-6efd-463e-8e3c-bd7592d82220",
                      "isHook": false,
                      "skipped": false
                    },
                    {
                      "fullTitle": "FormatService formatDate should calculate diff between two timestamps in seconds with suffix",
                      "title": "should calculate diff between two timestamps in seconds with suffix",
                      "timedOut": false,
                      "duration": 3,
                      "state": "passed",
                      "speed": "fast",
                      "pass": true,
                      "fail": false,
                      "pending": false,
                      "context": null,
                      "code": "// ⎯⎯⎯⎯⎯⎯⎯⎯⎯\n// • Line: 172\n// • Column: 4\n// ⎯⎯⎯⎯⎯⎯⎯⎯⎯\n\nit('should calculate diff between two timestamps in seconds with suffix', () => {\n      expect(\n        service.calculateTimestampDiff({\n          startTime: 1689208308510,\n          endTime: 1689208308525,\n          options: { unit: 'seconds', addSuffix: true },\n        }),\n      ).toBe('0.015s');\n    })",
                      "err": {},
                      "uuid": "ae699842-ff30-4cf5-9fac-774c1d411f4d",
                      "parentUUID": "6800e96e-6efd-463e-8e3c-bd7592d82220",
                      "isHook": false,
                      "skipped": false
                    }
                  ],
                  "suites": [],
                  "passes": [
                    "8643f6d2-4de5-48c1-b4a2-485d3fa2b12b",
                    "1a9ebe4b-f908-4077-b6df-05d2c4198b18",
                    "da6393c6-a491-433b-8f72-45391115f41c",
                    "8892656a-a40a-4e72-a5cb-321955225150",
                    "18e2e273-b247-484c-9a29-0efa6d3b792a",
                    "3aeb4b63-655f-4499-828e-83e42a7a918d",
                    "278fd00e-e6a4-48bc-b1ec-21dfe3c06726",
                    "d6e33f82-a435-40af-962e-1725b1a3357d",
                    "926f3dbd-ce77-48ec-bf4f-2d20f373d6ed",
                    "30813a68-8ecd-475e-b80e-dedde250c3a8",
                    "2bdb7527-2d55-44d4-9f69-a8c32095be0d",
                    "5d911ed8-decc-44f8-9415-57344c8d125e",
                    "ae699842-ff30-4cf5-9fac-774c1d411f4d"
                  ],
                  "failures": [],
                  "pending": [],
                  "skipped": [],
                  "duration": 61,
                  "root": false,
                  "rootEmpty": false,
                  "_timeout": 5000
                }
              ],
              "passes": [],
              "failures": [],
              "pending": [],
              "skipped": [],
              "duration": 0,
              "root": false,
              "rootEmpty": false,
              "_timeout": 5000
            },
            {
              "uuid": "5e8c47f8-0e97-4618-92e0-d9d7705b4d31",
              "title": "RedactModule",
              "fullFile": "/home/runner/work/tresdoce-nestjs-toolkit/tresdoce-nestjs-toolkit/packages/utils/src/__test__/redact.module.spec.ts",
              "file": "redact.module.spec.ts",
              "beforeHooks": [],
              "afterHooks": [],
              "tests": [],
              "suites": [
                {
                  "uuid": "d9d1159e-11dd-493f-a49a-ed498392908d",
                  "title": "default",
                  "fullFile": "/home/runner/work/tresdoce-nestjs-toolkit/tresdoce-nestjs-toolkit/packages/utils/src/__test__/redact.module.spec.ts",
                  "file": "",
                  "beforeHooks": [],
                  "afterHooks": [],
                  "tests": [
                    {
                      "fullTitle": "RedactModule default should define the REDACT_PROVIDER",
                      "title": "should define the REDACT_PROVIDER",
                      "timedOut": false,
                      "duration": 24,
                      "state": "passed",
                      "speed": "fast",
                      "pass": true,
                      "fail": false,
                      "pending": false,
                      "context": null,
                      "code": "// ⎯⎯⎯⎯⎯⎯⎯⎯⎯\n// • Line: 14\n// • Column: 4\n// ⎯⎯⎯⎯⎯⎯⎯⎯⎯\n\nit('should define the REDACT_PROVIDER', async () => {\n      const module: TestingModule = await Test.createTestingModule({\n        imports: [RedactModule],\n      }).compile();\n\n      const provider = module.get(REDACT_PROVIDER);\n      expect(provider).toBeDefined();\n      expect(provider({ apiKey: '123456789' })).toEqual({ apiKey: '123456789' });\n    })",
                      "err": {},
                      "uuid": "8e9316c1-e5b4-4967-aabe-4570431b7154",
                      "parentUUID": "d9d1159e-11dd-493f-a49a-ed498392908d",
                      "isHook": false,
                      "skipped": false
                    },
                    {
                      "fullTitle": "RedactModule default should define the REDACT_PROVIDER with configModule",
                      "title": "should define the REDACT_PROVIDER with configModule",
                      "timedOut": false,
                      "duration": 11,
                      "state": "passed",
                      "speed": "fast",
                      "pass": true,
                      "fail": false,
                      "pending": false,
                      "context": null,
                      "code": "// ⎯⎯⎯⎯⎯⎯⎯⎯⎯\n// • Line: 24\n// • Column: 4\n// ⎯⎯⎯⎯⎯⎯⎯⎯⎯\n\nit('should define the REDACT_PROVIDER with configModule', async () => {\n      const module: TestingModule = await Test.createTestingModule({\n        imports: [\n          ConfigModule.forRoot({\n            isGlobal: true,\n            load: [\n              dynamicConfig({\n                redact: {\n                  paths: ['apiKey'],\n                },\n              }),\n            ],\n          }),\n          RedactModule,\n        ],\n      }).compile();\n\n      const provider = module.get(REDACT_PROVIDER);\n      expect(provider).toBeDefined();\n      expect(provider({ apiKey: '123456789' })).toEqual({ apiKey: '12345****' });\n    })",
                      "err": {},
                      "uuid": "beb14237-83ae-4a37-a6fb-c698a5dd8728",
                      "parentUUID": "d9d1159e-11dd-493f-a49a-ed498392908d",
                      "isHook": false,
                      "skipped": false
                    }
                  ],
                  "suites": [],
                  "passes": [
                    "8e9316c1-e5b4-4967-aabe-4570431b7154",
                    "beb14237-83ae-4a37-a6fb-c698a5dd8728"
                  ],
                  "failures": [],
                  "pending": [],
                  "skipped": [],
                  "duration": 35,
                  "root": false,
                  "rootEmpty": false,
                  "_timeout": 5000
                },
                {
                  "uuid": "68963c6f-5a2d-4850-ab84-c04903f2e66e",
                  "title": "register",
                  "fullFile": "/home/runner/work/tresdoce-nestjs-toolkit/tresdoce-nestjs-toolkit/packages/utils/src/__test__/redact.module.spec.ts",
                  "file": "",
                  "beforeHooks": [],
                  "afterHooks": [],
                  "tests": [
                    {
                      "fullTitle": "RedactModule register should provide the REDACT_PROVIDER",
                      "title": "should provide the REDACT_PROVIDER",
                      "timedOut": false,
                      "duration": 7,
                      "state": "passed",
                      "speed": "fast",
                      "pass": true,
                      "fail": false,
                      "pending": false,
                      "context": null,
                      "code": "// ⎯⎯⎯⎯⎯⎯⎯⎯⎯\n// • Line: 48\n// • Column: 4\n// ⎯⎯⎯⎯⎯⎯⎯⎯⎯\n\nit('should provide the REDACT_PROVIDER', async () => {\n      const module: TestingModule = await Test.createTestingModule({\n        imports: [\n          RedactModule.register({\n            paths: ['apiKey'],\n            obfuscateFrom: 'left',\n          }),\n        ],\n      }).compile();\n\n      const provider = module.get(REDACT_PROVIDER);\n      expect(provider).toBeDefined();\n      expect(provider({ apiKey: '123456789' })).toEqual({ apiKey: '****56789' });\n    })",
                      "err": {},
                      "uuid": "9cbf1277-b2ee-4059-9971-b77ba6718431",
                      "parentUUID": "68963c6f-5a2d-4850-ab84-c04903f2e66e",
                      "isHook": false,
                      "skipped": false
                    },
                    {
                      "fullTitle": "RedactModule register should provide the REDACT_PROVIDER values empty",
                      "title": "should provide the REDACT_PROVIDER values empty",
                      "timedOut": false,
                      "duration": 4,
                      "state": "passed",
                      "speed": "fast",
                      "pass": true,
                      "fail": false,
                      "pending": false,
                      "context": null,
                      "code": "// ⎯⎯⎯⎯⎯⎯⎯⎯⎯\n// • Line: 63\n// • Column: 4\n// ⎯⎯⎯⎯⎯⎯⎯⎯⎯\n\nit('should provide the REDACT_PROVIDER values empty', async () => {\n      const module: TestingModule = await Test.createTestingModule({\n        imports: [RedactModule.register({})],\n      }).compile();\n\n      const provider = module.get(REDACT_PROVIDER);\n      expect(provider).toBeDefined();\n      expect(provider({ apiKey: '123456789' })).toEqual({ apiKey: '123456789' });\n    })",
                      "err": {},
                      "uuid": "72d26367-1194-40a5-8421-7733fa4c7cc1",
                      "parentUUID": "68963c6f-5a2d-4850-ab84-c04903f2e66e",
                      "isHook": false,
                      "skipped": false
                    }
                  ],
                  "suites": [],
                  "passes": [
                    "9cbf1277-b2ee-4059-9971-b77ba6718431",
                    "72d26367-1194-40a5-8421-7733fa4c7cc1"
                  ],
                  "failures": [],
                  "pending": [],
                  "skipped": [],
                  "duration": 11,
                  "root": false,
                  "rootEmpty": false,
                  "_timeout": 5000
                },
                {
                  "uuid": "b3c91167-c07b-41e6-8a3e-6d3d32383bcd",
                  "title": "registerAsync",
                  "fullFile": "/home/runner/work/tresdoce-nestjs-toolkit/tresdoce-nestjs-toolkit/packages/utils/src/__test__/redact.module.spec.ts",
                  "file": "",
                  "beforeHooks": [],
                  "afterHooks": [],
                  "tests": [
                    {
                      "fullTitle": "RedactModule registerAsync should provide the REDACT_PROVIDER using useFactory",
                      "title": "should provide the REDACT_PROVIDER using useFactory",
                      "timedOut": false,
                      "duration": 5,
                      "state": "passed",
                      "speed": "fast",
                      "pass": true,
                      "fail": false,
                      "pending": false,
                      "context": null,
                      "code": "// ⎯⎯⎯⎯⎯⎯⎯⎯⎯\n// • Line: 75\n// • Column: 4\n// ⎯⎯⎯⎯⎯⎯⎯⎯⎯\n\nit('should provide the REDACT_PROVIDER using useFactory', async () => {\n      const newCensor = 'XXXX';\n      const module: TestingModule = await Test.createTestingModule({\n        imports: [\n          RedactModule.registerAsync({\n            useFactory: () => ({\n              paths: ['apiKey'],\n              censor: (value): string =>\n                `[${newCensor}${value.toString().substring(newCensor.length)}]`,\n            }),\n          }),\n        ],\n      }).compile();\n\n      const provider = module.get(REDACT_PROVIDER);\n      expect(provider).toBeDefined();\n      expect(provider({ apiKey: '123456789' })).toEqual({ apiKey: '[XXXX56789]' });\n    })",
                      "err": {},
                      "uuid": "3056dd1b-9048-4ec6-a009-77f7713de54b",
                      "parentUUID": "b3c91167-c07b-41e6-8a3e-6d3d32383bcd",
                      "isHook": false,
                      "skipped": false
                    },
                    {
                      "fullTitle": "RedactModule registerAsync should provide the REDACT_PROVIDER using useClass",
                      "title": "should provide the REDACT_PROVIDER using useClass",
                      "timedOut": false,
                      "duration": 5,
                      "state": "passed",
                      "speed": "fast",
                      "pass": true,
                      "fail": false,
                      "pending": false,
                      "context": null,
                      "code": "// ⎯⎯⎯⎯⎯⎯⎯⎯⎯\n// • Line: 94\n// • Column: 4\n// ⎯⎯⎯⎯⎯⎯⎯⎯⎯\n\nit('should provide the REDACT_PROVIDER using useClass', async () => {\n      class TestClass implements RedactModuleOptionsFactory {\n        async createRedactOptions(): Promise<RedactModuleOptions> {\n          return {\n            paths: ['apiKey'],\n          };\n        }\n      }\n\n      const options: RedactModuleAsyncOptions = {\n        useClass: TestClass,\n      };\n\n      const module: TestingModule = await Test.createTestingModule({\n        imports: [RedactModule.registerAsync(options)],\n      }).compile();\n\n      const provider = module.get(REDACT_PROVIDER);\n      expect(provider).toBeDefined();\n      expect(provider({ apiKey: '123456789' })).toEqual({ apiKey: '12345****' });\n    })",
                      "err": {},
                      "uuid": "9a7e0502-161d-48d0-82f4-4b9557303c7d",
                      "parentUUID": "b3c91167-c07b-41e6-8a3e-6d3d32383bcd",
                      "isHook": false,
                      "skipped": false
                    }
                  ],
                  "suites": [],
                  "passes": [
                    "3056dd1b-9048-4ec6-a009-77f7713de54b",
                    "9a7e0502-161d-48d0-82f4-4b9557303c7d"
                  ],
                  "failures": [],
                  "pending": [],
                  "skipped": [],
                  "duration": 10,
                  "root": false,
                  "rootEmpty": false,
                  "_timeout": 5000
                }
              ],
              "passes": [],
              "failures": [],
              "pending": [],
              "skipped": [],
              "duration": 0,
              "root": false,
              "rootEmpty": false,
              "_timeout": 5000
            },
            {
              "uuid": "c2bdb2f2-0472-41b5-99b2-3d6c37bd4c42",
              "title": "RedactService",
              "fullFile": "/home/runner/work/tresdoce-nestjs-toolkit/tresdoce-nestjs-toolkit/packages/utils/src/__test__/redact.service.spec.ts",
              "file": "redact.service.spec.ts",
              "beforeHooks": [],
              "afterHooks": [],
              "tests": [
                {
                  "fullTitle": "RedactService should be defined",
                  "title": "should be defined",
                  "timedOut": false,
                  "duration": 241,
                  "state": "passed",
                  "speed": "medium",
                  "pass": true,
                  "fail": false,
                  "pending": false,
                  "context": null,
                  "code": "// ⎯⎯⎯⎯⎯⎯⎯⎯⎯\n// • Line: 39\n// • Column: 2\n// ⎯⎯⎯⎯⎯⎯⎯⎯⎯\n\nit('should be defined', async () => {\n    expect(service).toBeDefined();\n    expect(service).toBeInstanceOf(RedactService);\n    expect(service.redactRef).not.toBeNull();\n  })",
                  "err": {},
                  "uuid": "3dca4022-f6a9-4e37-9815-915c0ccad930",
                  "parentUUID": "c2bdb2f2-0472-41b5-99b2-3d6c37bd4c42",
                  "isHook": false,
                  "skipped": false
                },
                {
                  "fullTitle": "RedactService should be obfuscate sensitive data",
                  "title": "should be obfuscate sensitive data",
                  "timedOut": false,
                  "duration": 12,
                  "state": "passed",
                  "speed": "fast",
                  "pass": true,
                  "fail": false,
                  "pending": false,
                  "context": null,
                  "code": "// ⎯⎯⎯⎯⎯⎯⎯⎯⎯\n// • Line: 45\n// • Column: 2\n// ⎯⎯⎯⎯⎯⎯⎯⎯⎯\n\nit('should be obfuscate sensitive data', async () => {\n    const redacted = service.obfuscate({ apiKey: '123456789' });\n    expect(redacted).toEqual({ apiKey: '12345****' });\n  })",
                  "err": {},
                  "uuid": "085a61bb-e5c9-43e3-aedb-4bee5756eda6",
                  "parentUUID": "c2bdb2f2-0472-41b5-99b2-3d6c37bd4c42",
                  "isHook": false,
                  "skipped": false
                },
                {
                  "fullTitle": "RedactService should be obfuscate sensitive data with serialize",
                  "title": "should be obfuscate sensitive data with serialize",
                  "timedOut": false,
                  "duration": 8,
                  "state": "passed",
                  "speed": "fast",
                  "pass": true,
                  "fail": false,
                  "pending": false,
                  "context": null,
                  "code": "// ⎯⎯⎯⎯⎯⎯⎯⎯⎯\n// • Line: 50\n// • Column: 2\n// ⎯⎯⎯⎯⎯⎯⎯⎯⎯\n\nit('should be obfuscate sensitive data with serialize', async () => {\n    const redacted = service.obfuscate({ apiKey: '123456789' }, false);\n    expect(redacted).toEqual(JSON.stringify({ apiKey: '12345****' }));\n  })",
                  "err": {},
                  "uuid": "27a29960-ea8b-4dd5-bf5a-7b967dd967ca",
                  "parentUUID": "c2bdb2f2-0472-41b5-99b2-3d6c37bd4c42",
                  "isHook": false,
                  "skipped": false
                }
              ],
              "suites": [],
              "passes": [
                "3dca4022-f6a9-4e37-9815-915c0ccad930",
                "085a61bb-e5c9-43e3-aedb-4bee5756eda6",
                "27a29960-ea8b-4dd5-bf5a-7b967dd967ca"
              ],
              "failures": [],
              "pending": [],
              "skipped": [],
              "duration": 261,
              "root": false,
              "rootEmpty": false,
              "_timeout": 5000
            }
          ],
          "passes": [],
          "failures": [],
          "pending": [],
          "skipped": [],
          "duration": 0,
          "root": false,
          "rootEmpty": false,
          "_timeout": 5000
        }
      ],
      "passes": [],
      "failures": [],
      "pending": [],
      "skipped": [],
      "duration": 0,
      "root": true,
      "rootEmpty": true,
      "_timeout": 5000
    }
  ]
}