{
  "stats": {
    "suites": 16,
    "tests": 235,
    "passes": 235,
    "pending": 0,
    "failures": 0,
    "testsRegistered": 235,
    "passPercent": 100,
    "pendingPercent": 0,
    "other": 0,
    "hasOther": false,
    "skipped": 0,
    "hasSkipped": false,
    "start": "2023-08-15T08:20:58.399Z",
    "end": "2023-08-15T08:28:44.068Z",
    "duration": 465669
  },
  "results": [
    {
      "uuid": "79e409f7-5d60-43e8-8898-9c4c988b0c0e",
      "title": "",
      "fullFile": "",
      "file": "",
      "beforeHooks": [],
      "afterHooks": [],
      "tests": [],
      "suites": [
        {
          "uuid": "afb419e0-13e1-4bb9-ada2-baf159e401f4",
          "title": "@tresdoce-nestjs-toolkit/archetype",
          "fullFile": "",
          "file": "",
          "beforeHooks": [],
          "afterHooks": [],
          "tests": [],
          "suites": [
            {
              "uuid": "b4192c86-1757-4808-b450-13069dca0ce8",
              "title": "ArchetypeService",
              "fullFile": "/home/runner/work/tresdoce-nestjs-toolkit/tresdoce-nestjs-toolkit/packages/archetype/src/__test__/archetype.service.spec.ts",
              "file": "archetype.service.spec.ts",
              "beforeHooks": [],
              "afterHooks": [],
              "tests": [
                {
                  "fullTitle": "ArchetypeService should be defined",
                  "title": "should be defined",
                  "timedOut": false,
                  "duration": 22,
                  "state": "passed",
                  "speed": "fast",
                  "pass": true,
                  "fail": false,
                  "pending": false,
                  "context": null,
                  "code": "// ⎯⎯⎯⎯⎯⎯⎯⎯⎯\n// • Line: 26\n// • Column: 2\n// ⎯⎯⎯⎯⎯⎯⎯⎯⎯\n\nit('should be defined', () => {\n    expect(service).toBeDefined();\n  })",
                  "err": {},
                  "uuid": "814420bd-d144-4d3a-b90e-c6c8ded368b3",
                  "parentUUID": "b4192c86-1757-4808-b450-13069dca0ce8",
                  "isHook": false,
                  "skipped": false
                },
                {
                  "fullTitle": "ArchetypeService should be read package file",
                  "title": "should be read package file",
                  "timedOut": false,
                  "duration": 8,
                  "state": "passed",
                  "speed": "fast",
                  "pass": true,
                  "fail": false,
                  "pending": false,
                  "context": null,
                  "code": "// ⎯⎯⎯⎯⎯⎯⎯⎯⎯\n// • Line: 30\n// • Column: 2\n// ⎯⎯⎯⎯⎯⎯⎯⎯⎯\n\nit('should be read package file', async () => {\n    const packageFile = await service.readFile(__dirname, '../../package.json');\n    expect(packageFile).toBeDefined();\n    expect(packageFile).toEqual(expect.any(Object));\n  })",
                  "err": {},
                  "uuid": "55cc8e44-c32e-43e6-a631-c51cf610edd1",
                  "parentUUID": "b4192c86-1757-4808-b450-13069dca0ce8",
                  "isHook": false,
                  "skipped": false
                },
                {
                  "fullTitle": "ArchetypeService should be return archetype version",
                  "title": "should be return archetype version",
                  "timedOut": false,
                  "duration": 7,
                  "state": "passed",
                  "speed": "fast",
                  "pass": true,
                  "fail": false,
                  "pending": false,
                  "context": null,
                  "code": "// ⎯⎯⎯⎯⎯⎯⎯⎯⎯\n// • Line: 36\n// • Column: 2\n// ⎯⎯⎯⎯⎯⎯⎯⎯⎯\n\nit('should be return archetype version', async () => {\n    service.readFile = jest.fn().mockImplementation(() => ({ version: manifest.archetypeVersion }));\n\n    expect(await service.getArchetypeVersion()).toEqual({\n      archetypeVersion: manifest.archetypeVersion,\n    });\n  })",
                  "err": {},
                  "uuid": "42a9aaeb-9019-4710-a6af-677698ebef0b",
                  "parentUUID": "b4192c86-1757-4808-b450-13069dca0ce8",
                  "isHook": false,
                  "skipped": false
                },
                {
                  "fullTitle": "ArchetypeService should be return application info",
                  "title": "should be return application info",
                  "timedOut": false,
                  "duration": 6,
                  "state": "passed",
                  "speed": "fast",
                  "pass": true,
                  "fail": false,
                  "pending": false,
                  "context": null,
                  "code": "// ⎯⎯⎯⎯⎯⎯⎯⎯⎯\n// • Line: 44\n// • Column: 2\n// ⎯⎯⎯⎯⎯⎯⎯⎯⎯\n\nit('should be return application info', async () => {\n    service.readFile = jest.fn().mockImplementation(() => ({\n      appStage: manifest.appStage,\n      apiPrefix: manifest.apiPrefix,\n      name: manifest.name,\n      version: manifest.version,\n      description: manifest.description,\n      author: manifest.author,\n      repository: manifest.repository,\n      homepage: manifest.homepage,\n      dependencies: manifest.dependencies,\n      devDependencies: manifest.devDependencies,\n    }));\n\n    expect(await service.getApplicationInfo()).toEqual({\n      appStage: manifest.appStage,\n      apiPrefix: manifest.apiPrefix,\n      name: manifest.name,\n      version: manifest.version,\n      description: manifest.description,\n      author: manifest.author,\n      repository: manifest.repository,\n      homepage: manifest.homepage,\n      dependencies: {\n        '@tresdoce-nestjs-toolkit/archetype': '0.0.1',\n        '@tresdoce-nestjs-toolkit/health': '0.0.1',\n        '@tresdoce-nestjs-toolkit/http-client': '0.0.1',\n        '@nestjs/class-transformer': '^0.4.0',\n        '@nestjs/class-validator': '^0.13.3',\n        '@nestjs/common': '^9.2.1',\n        '@nestjs/config': '^2.2.0',\n        '@nestjs/core': '^8.2.5',\n        '@nestjs/platform-express': '^8.2.5',\n        '@nestjs/swagger': '^5.1.5',\n      },\n      devDependencies: {\n        '@tresdoce-nestjs-toolkit/commons': '0.0.1',\n        '@nestjs/cli': '^9.1.8',\n        '@nestjs/schematics': '^9.1.0',\n        '@nestjs/testing': '^9.4.0',\n      },\n    });\n  })",
                  "err": {},
                  "uuid": "d2733f26-8cc5-42d5-94a6-bdb93886645b",
                  "parentUUID": "b4192c86-1757-4808-b450-13069dca0ce8",
                  "isHook": false,
                  "skipped": false
                },
                {
                  "fullTitle": "ArchetypeService should be return manifest",
                  "title": "should be return manifest",
                  "timedOut": false,
                  "duration": 5,
                  "state": "passed",
                  "speed": "fast",
                  "pass": true,
                  "fail": false,
                  "pending": false,
                  "context": null,
                  "code": "// ⎯⎯⎯⎯⎯⎯⎯⎯⎯\n// • Line: 88\n// • Column: 2\n// ⎯⎯⎯⎯⎯⎯⎯⎯⎯\n\nit('should be return manifest', async () => {\n    service.getArchetypeVersion = jest.fn().mockImplementation(() => ({\n      archetypeVersion: manifest.archetypeVersion,\n    }));\n\n    service.getApplicationInfo = jest.fn().mockImplementation(() => ({\n      appStage: manifest.appStage,\n      apiPrefix: manifest.apiPrefix,\n      name: manifest.name,\n      version: manifest.version,\n      description: manifest.description,\n      author: manifest.author,\n      repository: manifest.repository,\n      homepage: manifest.homepage,\n      dependencies: manifest.dependencies,\n      devDependencies: manifest.devDependencies,\n    }));\n\n    expect(await service.generateManifest()).toEqual({ ...manifest });\n  })",
                  "err": {},
                  "uuid": "9de1fe56-b48c-4626-8aeb-cbd955768103",
                  "parentUUID": "b4192c86-1757-4808-b450-13069dca0ce8",
                  "isHook": false,
                  "skipped": false
                }
              ],
              "suites": [],
              "passes": [
                "814420bd-d144-4d3a-b90e-c6c8ded368b3",
                "55cc8e44-c32e-43e6-a631-c51cf610edd1",
                "42a9aaeb-9019-4710-a6af-677698ebef0b",
                "d2733f26-8cc5-42d5-94a6-bdb93886645b",
                "9de1fe56-b48c-4626-8aeb-cbd955768103"
              ],
              "failures": [],
              "pending": [],
              "skipped": [],
              "duration": 48,
              "root": false,
              "rootEmpty": false,
              "_timeout": 5000
            },
            {
              "uuid": "c5f8be7c-e862-4401-97ab-2a29b55c8956",
              "title": "ArchetypeController",
              "fullFile": "/home/runner/work/tresdoce-nestjs-toolkit/tresdoce-nestjs-toolkit/packages/archetype/src/__test__/archetype.controller.spec.ts",
              "file": "archetype.controller.spec.ts",
              "beforeHooks": [],
              "afterHooks": [],
              "tests": [
                {
                  "fullTitle": "ArchetypeController should be defined",
                  "title": "should be defined",
                  "timedOut": false,
                  "duration": 22,
                  "state": "passed",
                  "speed": "fast",
                  "pass": true,
                  "fail": false,
                  "pending": false,
                  "context": null,
                  "code": "// ⎯⎯⎯⎯⎯⎯⎯⎯⎯\n// • Line: 35\n// • Column: 2\n// ⎯⎯⎯⎯⎯⎯⎯⎯⎯\n\nit('should be defined', () => {\n    expect(controller).toBeDefined();\n  })",
                  "err": {},
                  "uuid": "f9140d58-0738-408a-a38c-b7ab2f5572e2",
                  "parentUUID": "c5f8be7c-e862-4401-97ab-2a29b55c8956",
                  "isHook": false,
                  "skipped": false
                },
                {
                  "fullTitle": "ArchetypeController should be return manifest json",
                  "title": "should be return manifest json",
                  "timedOut": false,
                  "duration": 23,
                  "state": "passed",
                  "speed": "fast",
                  "pass": true,
                  "fail": false,
                  "pending": false,
                  "context": null,
                  "code": "// ⎯⎯⎯⎯⎯⎯⎯⎯⎯\n// • Line: 39\n// • Column: 2\n// ⎯⎯⎯⎯⎯⎯⎯⎯⎯\n\nit('should be return manifest json', async () => {\n    expect(await controller.getArchetypeInfo()).toBeDefined();\n    expect(await controller.getArchetypeInfo()).toEqual(manifest);\n  })",
                  "err": {},
                  "uuid": "97297d77-7f17-42b1-9852-88d19ec9eff5",
                  "parentUUID": "c5f8be7c-e862-4401-97ab-2a29b55c8956",
                  "isHook": false,
                  "skipped": false
                }
              ],
              "suites": [],
              "passes": [
                "f9140d58-0738-408a-a38c-b7ab2f5572e2",
                "97297d77-7f17-42b1-9852-88d19ec9eff5"
              ],
              "failures": [],
              "pending": [],
              "skipped": [],
              "duration": 45,
              "root": false,
              "rootEmpty": false,
              "_timeout": 5000
            },
            {
              "uuid": "1e8391d9-660d-4b63-8165-da9892a890f7",
              "title": "ArchetypeModule",
              "fullFile": "/home/runner/work/tresdoce-nestjs-toolkit/tresdoce-nestjs-toolkit/packages/archetype/src/__test__/archetype.module.spec.ts",
              "file": "archetype.module.spec.ts",
              "beforeHooks": [],
              "afterHooks": [],
              "tests": [
                {
                  "fullTitle": "ArchetypeModule should be define",
                  "title": "should be define",
                  "timedOut": false,
                  "duration": 248,
                  "state": "passed",
                  "speed": "medium",
                  "pass": true,
                  "fail": false,
                  "pending": false,
                  "context": null,
                  "code": "// ⎯⎯⎯⎯⎯⎯⎯⎯⎯\n// • Line: 26\n// • Column: 2\n// ⎯⎯⎯⎯⎯⎯⎯⎯⎯\n\nit('should be define', async () => {\n    expect(app).toBeDefined();\n  })",
                  "err": {},
                  "uuid": "625fa281-4f5d-45c7-8ef9-34cb88fda161",
                  "parentUUID": "1e8391d9-660d-4b63-8165-da9892a890f7",
                  "isHook": false,
                  "skipped": false
                }
              ],
              "suites": [],
              "passes": [
                "625fa281-4f5d-45c7-8ef9-34cb88fda161"
              ],
              "failures": [],
              "pending": [],
              "skipped": [],
              "duration": 248,
              "root": false,
              "rootEmpty": false,
              "_timeout": 5000
            },
            {
              "uuid": "2877b752-96b7-4b50-87b6-17dc01ca11b2",
              "title": "Constants",
              "fullFile": "/home/runner/work/tresdoce-nestjs-toolkit/tresdoce-nestjs-toolkit/packages/archetype/src/__test__/constants.spec.ts",
              "file": "constants.spec.ts",
              "beforeHooks": [],
              "afterHooks": [],
              "tests": [
                {
                  "fullTitle": "Constants should be return exclude to prefix global",
                  "title": "should be return exclude to prefix global",
                  "timedOut": false,
                  "duration": 4,
                  "state": "passed",
                  "speed": "fast",
                  "pass": true,
                  "fail": false,
                  "pending": false,
                  "context": null,
                  "code": "// ⎯⎯⎯⎯⎯⎯⎯⎯⎯\n// • Line: 5\n// • Column: 2\n// ⎯⎯⎯⎯⎯⎯⎯⎯⎯\n\nit('should be return exclude to prefix global', async () => {\n    expect(manifestControllerExcludes).toEqual(expect.any(Array));\n    expect(manifestControllerExcludes).toMatchObject([\n      {\n        path: '/info',\n        method: RequestMethod.GET,\n      },\n    ]);\n  })",
                  "err": {},
                  "uuid": "abd4d8d8-1424-4b35-bd6f-809df26803f8",
                  "parentUUID": "2877b752-96b7-4b50-87b6-17dc01ca11b2",
                  "isHook": false,
                  "skipped": false
                }
              ],
              "suites": [],
              "passes": [
                "abd4d8d8-1424-4b35-bd6f-809df26803f8"
              ],
              "failures": [],
              "pending": [],
              "skipped": [],
              "duration": 4,
              "root": false,
              "rootEmpty": false,
              "_timeout": 5000
            }
          ],
          "passes": [],
          "failures": [],
          "pending": [],
          "skipped": [],
          "duration": 0,
          "root": false,
          "rootEmpty": false,
          "_timeout": 5000
        }
      ],
      "passes": [],
      "failures": [],
      "pending": [],
      "skipped": [],
      "duration": 0,
      "root": true,
      "rootEmpty": true,
      "_timeout": 5000
    },
    {
      "uuid": "be2a64d2-9126-4f0b-9864-7a9c84156ee2",
      "title": "",
      "fullFile": "",
      "file": "",
      "beforeHooks": [],
      "afterHooks": [],
      "tests": [],
      "suites": [
        {
          "uuid": "c029540f-5da8-431a-9cd0-8c5b15e42eaa",
          "title": "@tresdoce-nestjs-toolkit/camunda",
          "fullFile": "",
          "file": "",
          "beforeHooks": [],
          "afterHooks": [],
          "tests": [],
          "suites": [
            {
              "uuid": "9f533ba8-1f99-4391-a1cc-0240c7cd8a8a",
              "title": "CamundaModule",
              "fullFile": "/home/runner/work/tresdoce-nestjs-toolkit/tresdoce-nestjs-toolkit/packages/camunda/src/__test__/camunda.module.spec.ts",
              "file": "camunda.module.spec.ts",
              "beforeHooks": [],
              "afterHooks": [],
              "tests": [
                {
                  "fullTitle": "CamundaModule should be defined",
                  "title": "should be defined",
                  "timedOut": false,
                  "duration": 282,
                  "state": "passed",
                  "speed": "medium",
                  "pass": true,
                  "fail": false,
                  "pending": false,
                  "context": null,
                  "code": "// ⎯⎯⎯⎯⎯⎯⎯⎯⎯\n// • Line: 56\n// • Column: 2\n// ⎯⎯⎯⎯⎯⎯⎯⎯⎯\n\nit('should be defined', () => {\n    expect(app).toBeDefined();\n  })",
                  "err": {},
                  "uuid": "7835d5d2-c2f1-42b4-a45e-a89f9f6286d5",
                  "parentUUID": "9f533ba8-1f99-4391-a1cc-0240c7cd8a8a",
                  "isHook": false,
                  "skipped": false
                },
                {
                  "fullTitle": "CamundaModule should be Subscription decorator is defined with options",
                  "title": "should be Subscription decorator is defined with options",
                  "timedOut": false,
                  "duration": 13,
                  "state": "passed",
                  "speed": "fast",
                  "pass": true,
                  "fail": false,
                  "pending": false,
                  "context": null,
                  "code": "// ⎯⎯⎯⎯⎯⎯⎯⎯⎯\n// • Line: 60\n// • Column: 2\n// ⎯⎯⎯⎯⎯⎯⎯⎯⎯\n\nit('should be Subscription decorator is defined with options', async () => {\n    const decorator = Subscription('test-topic', { lockDuration: 500 });\n    console.log(decorator);\n    expect(decorator).toBeDefined();\n  })",
                  "err": {},
                  "uuid": "04c1626e-d16e-48ce-a104-ad05c4431c78",
                  "parentUUID": "9f533ba8-1f99-4391-a1cc-0240c7cd8a8a",
                  "isHook": false,
                  "skipped": false
                }
              ],
              "suites": [],
              "passes": [
                "7835d5d2-c2f1-42b4-a45e-a89f9f6286d5",
                "04c1626e-d16e-48ce-a104-ad05c4431c78"
              ],
              "failures": [],
              "pending": [],
              "skipped": [],
              "duration": 295,
              "root": false,
              "rootEmpty": false,
              "_timeout": 5000
            }
          ],
          "passes": [],
          "failures": [],
          "pending": [],
          "skipped": [],
          "duration": 0,
          "root": false,
          "rootEmpty": false,
          "_timeout": 5000
        }
      ],
      "passes": [],
      "failures": [],
      "pending": [],
      "skipped": [],
      "duration": 0,
      "root": true,
      "rootEmpty": true,
      "_timeout": 5000
    },
    {
      "uuid": "c924612f-b7f8-4c02-806e-7d3971a4dc5d",
      "title": "",
      "fullFile": "",
      "file": "",
      "beforeHooks": [],
      "afterHooks": [],
      "tests": [],
      "suites": [
        {
          "uuid": "b89442a2-b12d-417e-ad0a-d49fecad7325",
          "title": "@tresdoce-nestjs-toolkit/commons",
          "fullFile": "",
          "file": "",
          "beforeHooks": [],
          "afterHooks": [],
          "tests": [],
          "suites": [
            {
              "uuid": "d3d81be2-3ce8-4e3b-b0b0-a555ac3bb43b",
              "title": "build-config",
              "fullFile": "/home/runner/work/tresdoce-nestjs-toolkit/tresdoce-nestjs-toolkit/packages/commons/src/__test__/build-config.spec.ts",
              "file": "build-config.spec.ts",
              "beforeHooks": [],
              "afterHooks": [],
              "tests": [
                {
                  "fullTitle": "build-config should return the development configuration when NODE_ENV is not \"build\"",
                  "title": "should return the development configuration when NODE_ENV is not \"build\"",
                  "timedOut": false,
                  "duration": 7,
                  "state": "passed",
                  "speed": "fast",
                  "pass": true,
                  "fail": false,
                  "pending": false,
                  "context": null,
                  "code": "// ⎯⎯⎯⎯⎯⎯⎯⎯⎯\n// • Line: 16\n// • Column: 2\n// ⎯⎯⎯⎯⎯⎯⎯⎯⎯\n\nit('should return the development configuration when NODE_ENV is not \"build\"', () => {\n    process.env.NODE_ENV = 'dev';\n    const config = buildConfig() as unknown as Configuration;\n    expect(config).not.toBe(null);\n    expect(typeof config).toBe('object');\n    expect(config).toBeDefined();\n    expect(config.mode).toEqual('development');\n    expect(config.optimization.nodeEnv).toBeFalsy();\n  })",
                  "err": {},
                  "uuid": "3e1547df-9fa3-434a-9c81-f15a829d02cd",
                  "parentUUID": "d3d81be2-3ce8-4e3b-b0b0-a555ac3bb43b",
                  "isHook": false,
                  "skipped": false
                },
                {
                  "fullTitle": "build-config should return the production configuration when NODE_ENV is \"build\"",
                  "title": "should return the production configuration when NODE_ENV is \"build\"",
                  "timedOut": false,
                  "duration": 2,
                  "state": "passed",
                  "speed": "fast",
                  "pass": true,
                  "fail": false,
                  "pending": false,
                  "context": null,
                  "code": "// ⎯⎯⎯⎯⎯⎯⎯⎯⎯\n// • Line: 26\n// • Column: 2\n// ⎯⎯⎯⎯⎯⎯⎯⎯⎯\n\nit('should return the production configuration when NODE_ENV is \"build\"', () => {\n    process.env.NODE_ENV = 'build';\n    const config = buildConfig() as unknown as Configuration;\n    expect(config).not.toBe(null);\n    expect(typeof config).toBe('object');\n    expect(config).toBeDefined();\n    expect(config.mode).toEqual('production');\n    expect(config.optimization.nodeEnv).toEqual('production');\n  })",
                  "err": {},
                  "uuid": "d81dbbb0-da65-4763-8a13-1e054430b7ac",
                  "parentUUID": "d3d81be2-3ce8-4e3b-b0b0-a555ac3bb43b",
                  "isHook": false,
                  "skipped": false
                },
                {
                  "fullTitle": "build-config should merge with the additional config",
                  "title": "should merge with the additional config",
                  "timedOut": false,
                  "duration": 3,
                  "state": "passed",
                  "speed": "fast",
                  "pass": true,
                  "fail": false,
                  "pending": false,
                  "context": null,
                  "code": "// ⎯⎯⎯⎯⎯⎯⎯⎯⎯\n// • Line: 36\n// • Column: 2\n// ⎯⎯⎯⎯⎯⎯⎯⎯⎯\n\nit('should merge with the additional config', () => {\n    const additionalConfig = { devtool: 'eval' };\n    const config = buildConfig(additionalConfig) as unknown as Configuration;\n    expect(config).not.toBe(null);\n    expect(typeof config).toBe('object');\n    expect(config).toBeDefined();\n    expect(config.mode).toEqual('development');\n    expect(config.devtool).toEqual('eval');\n    expect(config.optimization.nodeEnv).toBeFalsy();\n  })",
                  "err": {},
                  "uuid": "20b16391-cfad-4844-a320-e1bc9feb3ea4",
                  "parentUUID": "d3d81be2-3ce8-4e3b-b0b0-a555ac3bb43b",
                  "isHook": false,
                  "skipped": false
                }
              ],
              "suites": [],
              "passes": [
                "3e1547df-9fa3-434a-9c81-f15a829d02cd",
                "d81dbbb0-da65-4763-8a13-1e054430b7ac",
                "20b16391-cfad-4844-a320-e1bc9feb3ea4"
              ],
              "failures": [],
              "pending": [],
              "skipped": [],
              "duration": 12,
              "root": false,
              "rootEmpty": false,
              "_timeout": 5000
            },
            {
              "uuid": "65cd40b3-c581-4963-ac5d-0346fda3a01c",
              "title": "webpack.config",
              "fullFile": "/home/runner/work/tresdoce-nestjs-toolkit/tresdoce-nestjs-toolkit/packages/commons/src/__test__/webpack.config.spec.ts",
              "file": "webpack.config.spec.ts",
              "beforeHooks": [],
              "afterHooks": [],
              "tests": [
                {
                  "fullTitle": "webpack.config should return the development configuration when NODE_ENV is not \"build\"",
                  "title": "should return the development configuration when NODE_ENV is not \"build\"",
                  "timedOut": false,
                  "duration": 6,
                  "state": "passed",
                  "speed": "fast",
                  "pass": true,
                  "fail": false,
                  "pending": false,
                  "context": null,
                  "code": "// ⎯⎯⎯⎯⎯⎯⎯⎯⎯\n// • Line: 15\n// • Column: 2\n// ⎯⎯⎯⎯⎯⎯⎯⎯⎯\n\nit('should return the development configuration when NODE_ENV is not \"build\"', () => {\n    process.env.NODE_ENV = 'dev';\n    const config = webpackConfig();\n    expect(config).not.toBe(null);\n    expect(typeof config).toBe('object');\n    expect(config).toBeDefined();\n    expect(config.mode).toEqual('development');\n    expect(config.optimization.nodeEnv).toBeFalsy();\n  })",
                  "err": {},
                  "uuid": "5f09c8e7-46b2-45fd-9e6c-fc955ebb87a1",
                  "parentUUID": "65cd40b3-c581-4963-ac5d-0346fda3a01c",
                  "isHook": false,
                  "skipped": false
                },
                {
                  "fullTitle": "webpack.config should return the production configuration when NODE_ENV is \"build\"",
                  "title": "should return the production configuration when NODE_ENV is \"build\"",
                  "timedOut": false,
                  "duration": 86,
                  "state": "passed",
                  "speed": "fast",
                  "pass": true,
                  "fail": false,
                  "pending": false,
                  "context": null,
                  "code": "// ⎯⎯⎯⎯⎯⎯⎯⎯⎯\n// • Line: 25\n// • Column: 2\n// ⎯⎯⎯⎯⎯⎯⎯⎯⎯\n\nit('should return the production configuration when NODE_ENV is \"build\"', () => {\n    process.env.NODE_ENV = 'build';\n    const config = webpackConfig();\n    expect(config).not.toBe(null);\n    expect(typeof config).toBe('object');\n    expect(config).toBeDefined();\n    expect(config.mode).toEqual('production');\n    expect(config.optimization.nodeEnv).toEqual('production');\n  })",
                  "err": {},
                  "uuid": "3b8eef20-4915-4e16-8bba-872adfbdd3ae",
                  "parentUUID": "65cd40b3-c581-4963-ac5d-0346fda3a01c",
                  "isHook": false,
                  "skipped": false
                }
              ],
              "suites": [],
              "passes": [
                "5f09c8e7-46b2-45fd-9e6c-fc955ebb87a1",
                "3b8eef20-4915-4e16-8bba-872adfbdd3ae"
              ],
              "failures": [],
              "pending": [],
              "skipped": [],
              "duration": 92,
              "root": false,
              "rootEmpty": false,
              "_timeout": 5000
            },
            {
              "uuid": "727279dc-3e32-42ff-a84d-6d80411203a4",
              "title": "eslint-config",
              "fullFile": "/home/runner/work/tresdoce-nestjs-toolkit/tresdoce-nestjs-toolkit/packages/commons/src/__test__/eslint-config.spec.ts",
              "file": "eslint-config.spec.ts",
              "beforeHooks": [],
              "afterHooks": [],
              "tests": [
                {
                  "fullTitle": "eslint-config should be return jest config",
                  "title": "should be return jest config",
                  "timedOut": false,
                  "duration": 3,
                  "state": "passed",
                  "speed": "fast",
                  "pass": true,
                  "fail": false,
                  "pending": false,
                  "context": null,
                  "code": "// ⎯⎯⎯⎯⎯⎯⎯⎯⎯\n// • Line: 3\n// • Column: 2\n// ⎯⎯⎯⎯⎯⎯⎯⎯⎯\n\nit('should be return jest config', () => {\n    const config = eslintConfig();\n    expect(config).not.toBe(null);\n    expect(typeof config).toBe('object');\n    expect(config).toBeDefined();\n  })",
                  "err": {},
                  "uuid": "adb21d33-08d4-4c2a-9dc0-1c4efac2aebf",
                  "parentUUID": "727279dc-3e32-42ff-a84d-6d80411203a4",
                  "isHook": false,
                  "skipped": false
                }
              ],
              "suites": [],
              "passes": [
                "adb21d33-08d4-4c2a-9dc0-1c4efac2aebf"
              ],
              "failures": [],
              "pending": [],
              "skipped": [],
              "duration": 3,
              "root": false,
              "rootEmpty": false,
              "_timeout": 5000
            },
            {
              "uuid": "e48871c9-b1fd-4582-a09f-1baaab57dd67",
              "title": "testing-library",
              "fullFile": "/home/runner/work/tresdoce-nestjs-toolkit/tresdoce-nestjs-toolkit/packages/commons/src/__test__/testing-library.spec.ts",
              "file": "testing-library.spec.ts",
              "beforeHooks": [],
              "afterHooks": [],
              "tests": [
                {
                  "fullTitle": "testing-library should be return jest config",
                  "title": "should be return jest config",
                  "timedOut": false,
                  "duration": 3,
                  "state": "passed",
                  "speed": "fast",
                  "pass": true,
                  "fail": false,
                  "pending": false,
                  "context": null,
                  "code": "// ⎯⎯⎯⎯⎯⎯⎯⎯⎯\n// • Line: 4\n// • Column: 2\n// ⎯⎯⎯⎯⎯⎯⎯⎯⎯\n\nit('should be return jest config', () => {\n    const config = jestConfig();\n    expect(config).not.toBe(null);\n    expect(typeof config).toBe('object');\n    expect(config).toBeDefined();\n  })",
                  "err": {},
                  "uuid": "41b06291-83bb-4b02-b775-6c1c6c18f8bd",
                  "parentUUID": "e48871c9-b1fd-4582-a09f-1baaab57dd67",
                  "isHook": false,
                  "skipped": false
                }
              ],
              "suites": [],
              "passes": [
                "41b06291-83bb-4b02-b775-6c1c6c18f8bd"
              ],
              "failures": [],
              "pending": [],
              "skipped": [],
              "duration": 3,
              "root": false,
              "rootEmpty": false,
              "_timeout": 5000
            }
          ],
          "passes": [],
          "failures": [],
          "pending": [],
          "skipped": [],
          "duration": 0,
          "root": false,
          "rootEmpty": false,
          "_timeout": 5000
        }
      ],
      "passes": [],
      "failures": [],
      "pending": [],
      "skipped": [],
      "duration": 0,
      "root": true,
      "rootEmpty": true,
      "_timeout": 5000
    },
    {
      "uuid": "4a494b2b-ecd8-47e6-9417-3550a3c8e483",
      "title": "",
      "fullFile": "",
      "file": "",
      "beforeHooks": [],
      "afterHooks": [],
      "tests": [],
      "suites": [
        {
          "uuid": "ff18cd1b-a6d4-488f-a200-dd017964abcb",
          "title": "@tresdoce-nestjs-toolkit/core",
          "fullFile": "",
          "file": "",
          "beforeHooks": [],
          "afterHooks": [],
          "tests": [],
          "suites": [
            {
              "uuid": "283d158f-56f0-4b43-aa66-f3300bbab629",
              "title": "commons",
              "fullFile": "/home/runner/work/tresdoce-nestjs-toolkit/tresdoce-nestjs-toolkit/packages/core/src/__test__/commons.spec.ts",
              "file": "commons.spec.ts",
              "beforeHooks": [],
              "afterHooks": [],
              "tests": [],
              "suites": [
                {
                  "uuid": "67df0c5e-c521-45a0-aafe-60f010852d39",
                  "title": "with env context",
                  "fullFile": "/home/runner/work/tresdoce-nestjs-toolkit/tresdoce-nestjs-toolkit/packages/core/src/__test__/commons.spec.ts",
                  "file": "",
                  "beforeHooks": [],
                  "afterHooks": [],
                  "tests": [
                    {
                      "fullTitle": "commons with env context should be return commons exclude paths with context",
                      "title": "should be return commons exclude paths with context",
                      "timedOut": false,
                      "duration": 9,
                      "state": "passed",
                      "speed": "fast",
                      "pass": true,
                      "fail": false,
                      "pending": false,
                      "context": null,
                      "code": "// ⎯⎯⎯⎯⎯⎯⎯⎯⎯\n// • Line: 10\n// • Column: 4\n// ⎯⎯⎯⎯⎯⎯⎯⎯⎯\n\nit('should be return commons exclude paths with context', () => {\n      expect(corePathsExcludes()).not.toBe(null);\n      expect(corePathsExcludes()).toBeDefined();\n      expect(corePathsExcludes()).toBeInstanceOf(Array);\n\n      expect(corePathsExcludes()).toContainObject({\n        path: `/v1/api-test/health/liveness`,\n        method: RequestMethod.GET,\n      });\n\n      expect(corePathsExcludes()).toContainObject({\n        path: `/v1/api-test/health/readiness`,\n        method: RequestMethod.GET,\n      });\n\n      expect(corePathsExcludes()).toContainObject({\n        path: `/v1/api-test/info`,\n        method: RequestMethod.GET,\n      });\n    })",
                      "err": {},
                      "uuid": "dfb114a1-d0ee-472a-932c-4ae92284caf7",
                      "parentUUID": "67df0c5e-c521-45a0-aafe-60f010852d39",
                      "isHook": false,
                      "skipped": false
                    },
                    {
                      "fullTitle": "commons with env context should be return array of exclude paths with context",
                      "title": "should be return array of exclude paths with context",
                      "timedOut": false,
                      "duration": 2,
                      "state": "passed",
                      "speed": "fast",
                      "pass": true,
                      "fail": false,
                      "pending": false,
                      "context": null,
                      "code": "// ⎯⎯⎯⎯⎯⎯⎯⎯⎯\n// • Line: 31\n// • Column: 4\n// ⎯⎯⎯⎯⎯⎯⎯⎯⎯\n\nit('should be return array of exclude paths with context', () => {\n      expect(excludePaths()).not.toBe(null);\n      expect(excludePaths()).toBeDefined();\n      expect(excludePaths()).toBeInstanceOf(Array);\n      expect(excludePaths()).toEqual([\n        `/v1/api-test/health/liveness`,\n        `/v1/api-test/health/readiness`,\n        `/v1/api-test/info`,\n      ]);\n    })",
                      "err": {},
                      "uuid": "e017822e-a55c-484f-a9fc-16dfd2a90d2f",
                      "parentUUID": "67df0c5e-c521-45a0-aafe-60f010852d39",
                      "isHook": false,
                      "skipped": false
                    }
                  ],
                  "suites": [],
                  "passes": [
                    "dfb114a1-d0ee-472a-932c-4ae92284caf7",
                    "e017822e-a55c-484f-a9fc-16dfd2a90d2f"
                  ],
                  "failures": [],
                  "pending": [],
                  "skipped": [],
                  "duration": 11,
                  "root": false,
                  "rootEmpty": false,
                  "_timeout": 5000
                },
                {
                  "uuid": "295925da-7ed8-4452-b630-5b4da91300f8",
                  "title": "without env context",
                  "fullFile": "/home/runner/work/tresdoce-nestjs-toolkit/tresdoce-nestjs-toolkit/packages/core/src/__test__/commons.spec.ts",
                  "file": "",
                  "beforeHooks": [],
                  "afterHooks": [],
                  "tests": [
                    {
                      "fullTitle": "commons without env context should be return commons exclude paths without context",
                      "title": "should be return commons exclude paths without context",
                      "timedOut": false,
                      "duration": 14,
                      "state": "passed",
                      "speed": "fast",
                      "pass": true,
                      "fail": false,
                      "pending": false,
                      "context": null,
                      "code": "// ⎯⎯⎯⎯⎯⎯⎯⎯⎯\n// • Line: 48\n// • Column: 4\n// ⎯⎯⎯⎯⎯⎯⎯⎯⎯\n\nit('should be return commons exclude paths without context', () => {\n      expect(corePathsExcludes()).not.toBe(null);\n      expect(corePathsExcludes()).toBeDefined();\n      expect(corePathsExcludes()).toBeInstanceOf(Array);\n\n      expect(corePathsExcludes()).toContainObject({\n        path: '/health/liveness',\n        method: RequestMethod.GET,\n      });\n\n      expect(corePathsExcludes()).toContainObject({\n        path: '/health/readiness',\n        method: RequestMethod.GET,\n      });\n\n      expect(corePathsExcludes()).toContainObject({\n        path: '/info',\n        method: RequestMethod.GET,\n      });\n    })",
                      "err": {},
                      "uuid": "80fecda0-e9b1-4949-9cbd-048c675594f2",
                      "parentUUID": "295925da-7ed8-4452-b630-5b4da91300f8",
                      "isHook": false,
                      "skipped": false
                    },
                    {
                      "fullTitle": "commons without env context should be return array of exclude paths without context",
                      "title": "should be return array of exclude paths without context",
                      "timedOut": false,
                      "duration": 3,
                      "state": "passed",
                      "speed": "fast",
                      "pass": true,
                      "fail": false,
                      "pending": false,
                      "context": null,
                      "code": "// ⎯⎯⎯⎯⎯⎯⎯⎯⎯\n// • Line: 69\n// • Column: 4\n// ⎯⎯⎯⎯⎯⎯⎯⎯⎯\n\nit('should be return array of exclude paths without context', () => {\n      expect(excludePaths()).not.toBe(null);\n      expect(excludePaths()).toBeDefined();\n      expect(excludePaths()).toBeInstanceOf(Array);\n      expect(excludePaths()).toEqual(['/health/liveness', '/health/readiness', '/info']);\n    })",
                      "err": {},
                      "uuid": "bc1326ea-f852-4cbc-95a5-e33b3435c948",
                      "parentUUID": "295925da-7ed8-4452-b630-5b4da91300f8",
                      "isHook": false,
                      "skipped": false
                    }
                  ],
                  "suites": [],
                  "passes": [
                    "80fecda0-e9b1-4949-9cbd-048c675594f2",
                    "bc1326ea-f852-4cbc-95a5-e33b3435c948"
                  ],
                  "failures": [],
                  "pending": [],
                  "skipped": [],
                  "duration": 17,
                  "root": false,
                  "rootEmpty": false,
                  "_timeout": 5000
                }
              ],
              "passes": [],
              "failures": [],
              "pending": [],
              "skipped": [],
              "duration": 0,
              "root": false,
              "rootEmpty": false,
              "_timeout": 5000
            },
            {
              "uuid": "4a30f415-2d3d-4930-b420-0b4b6d7eaf76",
              "title": "https-certificate",
              "fullFile": "/home/runner/work/tresdoce-nestjs-toolkit/tresdoce-nestjs-toolkit/packages/core/src/__test__/https-certificate.spec.ts",
              "file": "https-certificate.spec.ts",
              "beforeHooks": [],
              "afterHooks": [],
              "tests": [
                {
                  "fullTitle": "https-certificate should be return https certificate config",
                  "title": "should be return https certificate config",
                  "timedOut": false,
                  "duration": 5,
                  "state": "passed",
                  "speed": "fast",
                  "pass": true,
                  "fail": false,
                  "pending": false,
                  "context": null,
                  "code": "// ⎯⎯⎯⎯⎯⎯⎯⎯⎯\n// • Line: 4\n// • Column: 2\n// ⎯⎯⎯⎯⎯⎯⎯⎯⎯\n\nit('should be return https certificate config', () => {\n    const crtPath = path.resolve(__dirname, './utils/localhost.crt');\n    const keyPath = path.resolve(__dirname, './utils/localhost.key');\n\n    const config = setHttpsOptions(crtPath, keyPath);\n    expect(typeof config).toBe('object');\n    expect(config).toBeDefined();\n    expect(config.cert).not.toEqual('');\n    expect(config.key).not.toEqual('');\n  })",
                  "err": {},
                  "uuid": "9de67db1-e8a4-47fa-85d6-28b9d833aa8f",
                  "parentUUID": "4a30f415-2d3d-4930-b420-0b4b6d7eaf76",
                  "isHook": false,
                  "skipped": false
                },
                {
                  "fullTitle": "https-certificate should be return https certificate config empty",
                  "title": "should be return https certificate config empty",
                  "timedOut": false,
                  "duration": 9,
                  "state": "passed",
                  "speed": "fast",
                  "pass": true,
                  "fail": false,
                  "pending": false,
                  "context": null,
                  "code": "// ⎯⎯⎯⎯⎯⎯⎯⎯⎯\n// • Line: 15\n// • Column: 2\n// ⎯⎯⎯⎯⎯⎯⎯⎯⎯\n\nit('should be return https certificate config empty', () => {\n    const crtPath = path.resolve(__dirname, './utils/my-localhost.crt');\n    const keyPath = path.resolve(__dirname, './utils/my-localhost.key');\n\n    const config = setHttpsOptions(crtPath, keyPath);\n    expect(typeof config).toBe('object');\n    expect(config).toBeDefined();\n    expect(config.cert).toEqual('');\n    expect(config.key).toEqual('');\n  })",
                  "err": {},
                  "uuid": "96c13946-ebcf-4693-9ea5-654711431b3e",
                  "parentUUID": "4a30f415-2d3d-4930-b420-0b4b6d7eaf76",
                  "isHook": false,
                  "skipped": false
                }
              ],
              "suites": [],
              "passes": [
                "9de67db1-e8a4-47fa-85d6-28b9d833aa8f",
                "96c13946-ebcf-4693-9ea5-654711431b3e"
              ],
              "failures": [],
              "pending": [],
              "skipped": [],
              "duration": 14,
              "root": false,
              "rootEmpty": false,
              "_timeout": 5000
            },
            {
              "uuid": "952cdc2b-dccb-4115-86c8-e35e2fcab51f",
              "title": "Roles decorator",
              "fullFile": "/home/runner/work/tresdoce-nestjs-toolkit/tresdoce-nestjs-toolkit/packages/core/src/__test__/roles.decorator.spec.ts",
              "file": "roles.decorator.spec.ts",
              "beforeHooks": [],
              "afterHooks": [],
              "tests": [
                {
                  "fullTitle": "Roles decorator should be defined",
                  "title": "should be defined",
                  "timedOut": false,
                  "duration": 3,
                  "state": "passed",
                  "speed": "fast",
                  "pass": true,
                  "fail": false,
                  "pending": false,
                  "context": null,
                  "code": "// ⎯⎯⎯⎯⎯⎯⎯⎯⎯\n// • Line: 4\n// • Column: 2\n// ⎯⎯⎯⎯⎯⎯⎯⎯⎯\n\nit('should be defined', async () => {\n    expect(Roles('admin')).toBeDefined();\n    expect(Roles('admin', 'user')).toBeDefined();\n  })",
                  "err": {},
                  "uuid": "3d4c08cf-1640-4dfb-9e17-008107fb06d2",
                  "parentUUID": "952cdc2b-dccb-4115-86c8-e35e2fcab51f",
                  "isHook": false,
                  "skipped": false
                },
                {
                  "fullTitle": "Roles decorator should be return key",
                  "title": "should be return key",
                  "timedOut": false,
                  "duration": 1,
                  "state": "passed",
                  "speed": "fast",
                  "pass": true,
                  "fail": false,
                  "pending": false,
                  "context": null,
                  "code": "// ⎯⎯⎯⎯⎯⎯⎯⎯⎯\n// • Line: 9\n// • Column: 2\n// ⎯⎯⎯⎯⎯⎯⎯⎯⎯\n\nit('should be return key', async () => {\n    expect(ROLES_KEY).toBe('roles');\n  })",
                  "err": {},
                  "uuid": "94f91661-96ff-44d4-ba83-c797399d4408",
                  "parentUUID": "952cdc2b-dccb-4115-86c8-e35e2fcab51f",
                  "isHook": false,
                  "skipped": false
                }
              ],
              "suites": [],
              "passes": [
                "3d4c08cf-1640-4dfb-9e17-008107fb06d2",
                "94f91661-96ff-44d4-ba83-c797399d4408"
              ],
              "failures": [],
              "pending": [],
              "skipped": [],
              "duration": 4,
              "root": false,
              "rootEmpty": false,
              "_timeout": 5000
            },
            {
              "uuid": "0bff4687-eff3-4209-9210-84fa6c7c4698",
              "title": "Public decorator",
              "fullFile": "/home/runner/work/tresdoce-nestjs-toolkit/tresdoce-nestjs-toolkit/packages/core/src/__test__/public.decorator.spec.ts",
              "file": "public.decorator.spec.ts",
              "beforeHooks": [],
              "afterHooks": [],
              "tests": [
                {
                  "fullTitle": "Public decorator should be defined",
                  "title": "should be defined",
                  "timedOut": false,
                  "duration": 2,
                  "state": "passed",
                  "speed": "fast",
                  "pass": true,
                  "fail": false,
                  "pending": false,
                  "context": null,
                  "code": "// ⎯⎯⎯⎯⎯⎯⎯⎯⎯\n// • Line: 4\n// • Column: 2\n// ⎯⎯⎯⎯⎯⎯⎯⎯⎯\n\nit('should be defined', async () => {\n    expect(Public()).toBeDefined();\n  })",
                  "err": {},
                  "uuid": "282f25c1-fb03-445e-99c7-6834604d649b",
                  "parentUUID": "0bff4687-eff3-4209-9210-84fa6c7c4698",
                  "isHook": false,
                  "skipped": false
                },
                {
                  "fullTitle": "Public decorator should be return key",
                  "title": "should be return key",
                  "timedOut": false,
                  "duration": 0,
                  "state": "passed",
                  "speed": "fast",
                  "pass": true,
                  "fail": false,
                  "pending": false,
                  "context": null,
                  "code": "// ⎯⎯⎯⎯⎯⎯⎯⎯⎯\n// • Line: 8\n// • Column: 2\n// ⎯⎯⎯⎯⎯⎯⎯⎯⎯\n\nit('should be return key', async () => {\n    expect(IS_PUBLIC_KEY).toBe('isPublic');\n  })",
                  "err": {},
                  "uuid": "231ca01a-5481-45fb-a207-56a0eff1105e",
                  "parentUUID": "0bff4687-eff3-4209-9210-84fa6c7c4698",
                  "isHook": false,
                  "skipped": false
                }
              ],
              "suites": [],
              "passes": [
                "282f25c1-fb03-445e-99c7-6834604d649b",
                "231ca01a-5481-45fb-a207-56a0eff1105e"
              ],
              "failures": [],
              "pending": [],
              "skipped": [],
              "duration": 2,
              "root": false,
              "rootEmpty": false,
              "_timeout": 5000
            }
          ],
          "passes": [],
          "failures": [],
          "pending": [],
          "skipped": [],
          "duration": 0,
          "root": false,
          "rootEmpty": false,
          "_timeout": 5000
        }
      ],
      "passes": [],
      "failures": [],
      "pending": [],
      "skipped": [],
      "duration": 0,
      "root": true,
      "rootEmpty": true,
      "_timeout": 5000
    },
    {
      "uuid": "26d8d2be-a959-4783-95f3-af081414d943",
      "title": "",
      "fullFile": "",
      "file": "",
      "beforeHooks": [],
      "afterHooks": [],
      "tests": [],
      "suites": [
        {
          "uuid": "808825a7-1148-4811-bbc1-36b4f112fa9b",
          "title": "@tresdoce-nestjs-toolkit/dynamoose",
          "fullFile": "",
          "file": "",
          "beforeHooks": [],
          "afterHooks": [],
          "tests": [],
          "suites": [
            {
              "uuid": "2d86a5c8-42c2-4222-b041-4623228aa3b7",
              "title": "DynamooseModule",
              "fullFile": "/home/runner/work/tresdoce-nestjs-toolkit/tresdoce-nestjs-toolkit/packages/dynamoose/src/__test__/dynamoose.module.spec.ts",
              "file": "dynamoose.module.spec.ts",
              "beforeHooks": [],
              "afterHooks": [],
              "tests": [],
              "suites": [
                {
                  "uuid": "23c0404f-eec3-45ed-85ea-a982f9906db2",
                  "title": "Basic configuration",
                  "fullFile": "/home/runner/work/tresdoce-nestjs-toolkit/tresdoce-nestjs-toolkit/packages/dynamoose/src/__test__/dynamoose.module.spec.ts",
                  "file": "",
                  "beforeHooks": [],
                  "afterHooks": [],
                  "tests": [],
                  "suites": [
                    {
                      "uuid": "1ba5e1c2-f60d-4069-923b-27df62ee383a",
                      "title": "forRoot",
                      "fullFile": "/home/runner/work/tresdoce-nestjs-toolkit/tresdoce-nestjs-toolkit/packages/dynamoose/src/__test__/dynamoose.module.spec.ts",
                      "file": "",
                      "beforeHooks": [],
                      "afterHooks": [],
                      "tests": [
                        {
                          "fullTitle": "DynamooseModule Basic configuration forRoot should return a dynamic module",
                          "title": "should return a dynamic module",
                          "timedOut": false,
                          "duration": 239,
                          "state": "passed",
                          "speed": "medium",
                          "pass": true,
                          "fail": false,
                          "pending": false,
                          "context": null,
                          "code": "// ⎯⎯⎯⎯⎯⎯⎯⎯⎯\n// • Line: 63\n// • Column: 6\n// ⎯⎯⎯⎯⎯⎯⎯⎯⎯\n\nit('should return a dynamic module', () => {\n        const dynamicModule = DynamooseModule.forRoot();\n        expect(dynamicModule).toBeDefined();\n      })",
                          "err": {},
                          "uuid": "cd0a0043-551b-42e1-859e-14e1a2a510a6",
                          "parentUUID": "1ba5e1c2-f60d-4069-923b-27df62ee383a",
                          "isHook": false,
                          "skipped": false
                        },
                        {
                          "fullTitle": "DynamooseModule Basic configuration forRoot should create a module with forRoot method",
                          "title": "should create a module with forRoot method",
                          "timedOut": false,
                          "duration": 25,
                          "state": "passed",
                          "speed": "fast",
                          "pass": true,
                          "fail": false,
                          "pending": false,
                          "context": null,
                          "code": "// ⎯⎯⎯⎯⎯⎯⎯⎯⎯\n// • Line: 68\n// • Column: 6\n// ⎯⎯⎯⎯⎯⎯⎯⎯⎯\n\nit('should create a module with forRoot method', async () => {\n        const rootModule = DynamooseModule.forRoot(dynamooseOptions);\n        expect(rootModule).toBeDefined();\n      })",
                          "err": {},
                          "uuid": "98b72827-fbd8-4e0a-82d8-5153b54f2a3f",
                          "parentUUID": "1ba5e1c2-f60d-4069-923b-27df62ee383a",
                          "isHook": false,
                          "skipped": false
                        }
                      ],
                      "suites": [],
                      "passes": [
                        "cd0a0043-551b-42e1-859e-14e1a2a510a6",
                        "98b72827-fbd8-4e0a-82d8-5153b54f2a3f"
                      ],
                      "failures": [],
                      "pending": [],
                      "skipped": [],
                      "duration": 264,
                      "root": false,
                      "rootEmpty": false,
                      "_timeout": 5000
                    },
                    {
                      "uuid": "10c5d3e3-1535-4b7b-8e16-e3aa16093d6e",
                      "title": "forRootAsync",
                      "fullFile": "/home/runner/work/tresdoce-nestjs-toolkit/tresdoce-nestjs-toolkit/packages/dynamoose/src/__test__/dynamoose.module.spec.ts",
                      "file": "",
                      "beforeHooks": [],
                      "afterHooks": [],
                      "tests": [
                        {
                          "fullTitle": "DynamooseModule Basic configuration forRootAsync should return a dynamic module",
                          "title": "should return a dynamic module",
                          "timedOut": false,
                          "duration": 11,
                          "state": "passed",
                          "speed": "fast",
                          "pass": true,
                          "fail": false,
                          "pending": false,
                          "context": null,
                          "code": "// ⎯⎯⎯⎯⎯⎯⎯⎯⎯\n// • Line: 75\n// • Column: 6\n// ⎯⎯⎯⎯⎯⎯⎯⎯⎯\n\nit('should return a dynamic module', () => {\n        const asyncModule = DynamooseModule.forRootAsync({ useFactory: async () => ({}) });\n        expect(asyncModule).toBeDefined();\n      })",
                          "err": {},
                          "uuid": "251c6e4c-f937-4696-9018-ab2e2e14f1de",
                          "parentUUID": "10c5d3e3-1535-4b7b-8e16-e3aa16093d6e",
                          "isHook": false,
                          "skipped": false
                        },
                        {
                          "fullTitle": "DynamooseModule Basic configuration forRootAsync should create a module with forRootAsync method",
                          "title": "should create a module with forRootAsync method",
                          "timedOut": false,
                          "duration": 11,
                          "state": "passed",
                          "speed": "fast",
                          "pass": true,
                          "fail": false,
                          "pending": false,
                          "context": null,
                          "code": "// ⎯⎯⎯⎯⎯⎯⎯⎯⎯\n// • Line: 80\n// • Column: 6\n// ⎯⎯⎯⎯⎯⎯⎯⎯⎯\n\nit('should create a module with forRootAsync method', async () => {\n        const asyncOptions = {\n          useFactory: async (configService: ConfigService): Promise<DynamooseModuleOptions> =>\n            configService.get<DynamooseModuleOptions>('config.dynamodb'),\n          inject: [ConfigService],\n        };\n        const asyncRootModule = DynamooseModule.forRootAsync(asyncOptions);\n        expect(asyncRootModule).toBeDefined();\n      })",
                          "err": {},
                          "uuid": "8883bca5-7f34-4404-a955-a1dcf73fe994",
                          "parentUUID": "10c5d3e3-1535-4b7b-8e16-e3aa16093d6e",
                          "isHook": false,
                          "skipped": false
                        }
                      ],
                      "suites": [],
                      "passes": [
                        "251c6e4c-f937-4696-9018-ab2e2e14f1de",
                        "8883bca5-7f34-4404-a955-a1dcf73fe994"
                      ],
                      "failures": [],
                      "pending": [],
                      "skipped": [],
                      "duration": 22,
                      "root": false,
                      "rootEmpty": false,
                      "_timeout": 5000
                    },
                    {
                      "uuid": "1e07eb01-5d3d-4f8f-a530-6dc3b60c81f9",
                      "title": "forFeature",
                      "fullFile": "/home/runner/work/tresdoce-nestjs-toolkit/tresdoce-nestjs-toolkit/packages/dynamoose/src/__test__/dynamoose.module.spec.ts",
                      "file": "",
                      "beforeHooks": [],
                      "afterHooks": [],
                      "tests": [
                        {
                          "fullTitle": "DynamooseModule Basic configuration forFeature should return a dynamic module empty",
                          "title": "should return a dynamic module empty",
                          "timedOut": false,
                          "duration": 10,
                          "state": "passed",
                          "speed": "fast",
                          "pass": true,
                          "fail": false,
                          "pending": false,
                          "context": null,
                          "code": "// ⎯⎯⎯⎯⎯⎯⎯⎯⎯\n// • Line: 92\n// • Column: 6\n// ⎯⎯⎯⎯⎯⎯⎯⎯⎯\n\nit('should return a dynamic module empty', () => {\n        const featureModule = DynamooseModule.forFeature();\n        expect(featureModule).toBeDefined();\n      })",
                          "err": {},
                          "uuid": "cefbbd72-d430-4ff9-8761-829554fe846e",
                          "parentUUID": "1e07eb01-5d3d-4f8f-a530-6dc3b60c81f9",
                          "isHook": false,
                          "skipped": false
                        },
                        {
                          "fullTitle": "DynamooseModule Basic configuration forFeature should return a dynamic module",
                          "title": "should return a dynamic module",
                          "timedOut": false,
                          "duration": 9,
                          "state": "passed",
                          "speed": "fast",
                          "pass": true,
                          "fail": false,
                          "pending": false,
                          "context": null,
                          "code": "// ⎯⎯⎯⎯⎯⎯⎯⎯⎯\n// • Line: 97\n// • Column: 6\n// ⎯⎯⎯⎯⎯⎯⎯⎯⎯\n\nit('should return a dynamic module', () => {\n        const featureModule = DynamooseModule.forFeature([]);\n        expect(featureModule).toBeDefined();\n      })",
                          "err": {},
                          "uuid": "b50c0d4d-ee2b-4ad2-9ccb-f4c05a945128",
                          "parentUUID": "1e07eb01-5d3d-4f8f-a530-6dc3b60c81f9",
                          "isHook": false,
                          "skipped": false
                        },
                        {
                          "fullTitle": "DynamooseModule Basic configuration forFeature should provide and export dynamoose providers",
                          "title": "should provide and export dynamoose providers",
                          "timedOut": false,
                          "duration": 10,
                          "state": "passed",
                          "speed": "fast",
                          "pass": true,
                          "fail": false,
                          "pending": false,
                          "context": null,
                          "code": "// ⎯⎯⎯⎯⎯⎯⎯⎯⎯\n// • Line: 102\n// • Column: 6\n// ⎯⎯⎯⎯⎯⎯⎯⎯⎯\n\nit('should provide and export dynamoose providers', () => {\n        const featureModule = DynamooseModule.forFeature([]);\n        const providers = createDynamooseProviders([]);\n        expect(featureModule.providers).toEqual(providers);\n        expect(featureModule.exports).toEqual(providers);\n      })",
                          "err": {},
                          "uuid": "7f3eb6e1-a8a3-4668-abbd-f83d89733e97",
                          "parentUUID": "1e07eb01-5d3d-4f8f-a530-6dc3b60c81f9",
                          "isHook": false,
                          "skipped": false
                        },
                        {
                          "fullTitle": "DynamooseModule Basic configuration forFeature should create a module with forFeature method",
                          "title": "should create a module with forFeature method",
                          "timedOut": false,
                          "duration": 9,
                          "state": "passed",
                          "speed": "fast",
                          "pass": true,
                          "fail": false,
                          "pending": false,
                          "context": null,
                          "code": "// ⎯⎯⎯⎯⎯⎯⎯⎯⎯\n// • Line: 109\n// • Column: 6\n// ⎯⎯⎯⎯⎯⎯⎯⎯⎯\n\nit('should create a module with forFeature method', async () => {\n        const models: ModelDefinition[] = [\n          {\n            name: 'User',\n            schema: UserSchema,\n            options: {\n              tableName: 'user',\n            },\n            serializers: {\n              frontend: { exclude: ['status'] },\n              backend: { exclude: ['status'] },\n            },\n          },\n        ];\n        const featureModule = DynamooseModule.forFeature(models);\n        expect(featureModule).toBeDefined();\n      })",
                          "err": {},
                          "uuid": "cff13d9d-08de-4148-8d55-e108de3ce2c6",
                          "parentUUID": "1e07eb01-5d3d-4f8f-a530-6dc3b60c81f9",
                          "isHook": false,
                          "skipped": false
                        }
                      ],
                      "suites": [],
                      "passes": [
                        "cefbbd72-d430-4ff9-8761-829554fe846e",
                        "b50c0d4d-ee2b-4ad2-9ccb-f4c05a945128",
                        "7f3eb6e1-a8a3-4668-abbd-f83d89733e97",
                        "cff13d9d-08de-4148-8d55-e108de3ce2c6"
                      ],
                      "failures": [],
                      "pending": [],
                      "skipped": [],
                      "duration": 38,
                      "root": false,
                      "rootEmpty": false,
                      "_timeout": 5000
                    },
                    {
                      "uuid": "048f7c4c-95a4-4d30-b1e2-5fa72abc2b45",
                      "title": "forFeatureAsync",
                      "fullFile": "/home/runner/work/tresdoce-nestjs-toolkit/tresdoce-nestjs-toolkit/packages/dynamoose/src/__test__/dynamoose.module.spec.ts",
                      "file": "",
                      "beforeHooks": [],
                      "afterHooks": [],
                      "tests": [
                        {
                          "fullTitle": "DynamooseModule Basic configuration forFeatureAsync should return a dynamic module empty",
                          "title": "should return a dynamic module empty",
                          "timedOut": false,
                          "duration": 11,
                          "state": "passed",
                          "speed": "fast",
                          "pass": true,
                          "fail": false,
                          "pending": false,
                          "context": null,
                          "code": "// ⎯⎯⎯⎯⎯⎯⎯⎯⎯\n// • Line: 129\n// • Column: 6\n// ⎯⎯⎯⎯⎯⎯⎯⎯⎯\n\nit('should return a dynamic module empty', () => {\n        const asyncFeatureModule = DynamooseModule.forFeatureAsync();\n        expect(asyncFeatureModule).toBeDefined();\n      })",
                          "err": {},
                          "uuid": "a04858fc-807e-4828-9f16-d09ec3dcaa15",
                          "parentUUID": "048f7c4c-95a4-4d30-b1e2-5fa72abc2b45",
                          "isHook": false,
                          "skipped": false
                        },
                        {
                          "fullTitle": "DynamooseModule Basic configuration forFeatureAsync should return a dynamic module",
                          "title": "should return a dynamic module",
                          "timedOut": false,
                          "duration": 17,
                          "state": "passed",
                          "speed": "fast",
                          "pass": true,
                          "fail": false,
                          "pending": false,
                          "context": null,
                          "code": "// ⎯⎯⎯⎯⎯⎯⎯⎯⎯\n// • Line: 134\n// • Column: 6\n// ⎯⎯⎯⎯⎯⎯⎯⎯⎯\n\nit('should return a dynamic module', () => {\n        const asyncFeatureModule = DynamooseModule.forFeatureAsync([]);\n        expect(asyncFeatureModule).toBeDefined();\n      })",
                          "err": {},
                          "uuid": "5f541adc-f09b-43f8-b5f8-307cb76b5b2e",
                          "parentUUID": "048f7c4c-95a4-4d30-b1e2-5fa72abc2b45",
                          "isHook": false,
                          "skipped": false
                        },
                        {
                          "fullTitle": "DynamooseModule Basic configuration forFeatureAsync should provide and export dynamoose async providers",
                          "title": "should provide and export dynamoose async providers",
                          "timedOut": false,
                          "duration": 10,
                          "state": "passed",
                          "speed": "fast",
                          "pass": true,
                          "fail": false,
                          "pending": false,
                          "context": null,
                          "code": "// ⎯⎯⎯⎯⎯⎯⎯⎯⎯\n// • Line: 139\n// • Column: 6\n// ⎯⎯⎯⎯⎯⎯⎯⎯⎯\n\nit('should provide and export dynamoose async providers', () => {\n        const asyncFeatureModule = DynamooseModule.forFeatureAsync([]);\n        const providers = createDynamooseAsyncProviders([]);\n        expect(asyncFeatureModule.providers).toEqual(providers);\n        expect(asyncFeatureModule.exports).toEqual(providers);\n      })",
                          "err": {},
                          "uuid": "f44feb2f-9c0f-4514-9e82-abd03a13acf9",
                          "parentUUID": "048f7c4c-95a4-4d30-b1e2-5fa72abc2b45",
                          "isHook": false,
                          "skipped": false
                        },
                        {
                          "fullTitle": "DynamooseModule Basic configuration forFeatureAsync should create a module with forFeatureAsync method",
                          "title": "should create a module with forFeatureAsync method",
                          "timedOut": false,
                          "duration": 9,
                          "state": "passed",
                          "speed": "fast",
                          "pass": true,
                          "fail": false,
                          "pending": false,
                          "context": null,
                          "code": "// ⎯⎯⎯⎯⎯⎯⎯⎯⎯\n// • Line: 146\n// • Column: 6\n// ⎯⎯⎯⎯⎯⎯⎯⎯⎯\n\nit('should create a module with forFeatureAsync method', async () => {\n        const factories = [\n          {\n            name: 'User',\n            useFactory: async () => ({\n              schema: UserSchema,\n              options: {\n                tableName: 'user',\n              },\n              serializers: {\n                frontend: { exclude: ['status'] },\n              },\n            }),\n            inject: [],\n          },\n        ];\n        const featureAsyncModule = DynamooseModule.forFeatureAsync(factories);\n        expect(featureAsyncModule).toBeDefined();\n      })",
                          "err": {},
                          "uuid": "e1a9e1bf-bf94-4ced-a79e-b1c04b6f4236",
                          "parentUUID": "048f7c4c-95a4-4d30-b1e2-5fa72abc2b45",
                          "isHook": false,
                          "skipped": false
                        }
                      ],
                      "suites": [],
                      "passes": [
                        "a04858fc-807e-4828-9f16-d09ec3dcaa15",
                        "5f541adc-f09b-43f8-b5f8-307cb76b5b2e",
                        "f44feb2f-9c0f-4514-9e82-abd03a13acf9",
                        "e1a9e1bf-bf94-4ced-a79e-b1c04b6f4236"
                      ],
                      "failures": [],
                      "pending": [],
                      "skipped": [],
                      "duration": 47,
                      "root": false,
                      "rootEmpty": false,
                      "_timeout": 5000
                    },
                    {
                      "uuid": "6f14389e-b34b-416c-816d-1c629e1b0c21",
                      "title": "providers",
                      "fullFile": "/home/runner/work/tresdoce-nestjs-toolkit/tresdoce-nestjs-toolkit/packages/dynamoose/src/__test__/dynamoose.module.spec.ts",
                      "file": "",
                      "beforeHooks": [],
                      "afterHooks": [],
                      "tests": [
                        {
                          "fullTitle": "DynamooseModule Basic configuration providers should create dynamoose providers",
                          "title": "should create dynamoose providers",
                          "timedOut": false,
                          "duration": 17,
                          "state": "passed",
                          "speed": "fast",
                          "pass": true,
                          "fail": false,
                          "pending": false,
                          "context": null,
                          "code": "// ⎯⎯⎯⎯⎯⎯⎯⎯⎯\n// • Line: 168\n// • Column: 6\n// ⎯⎯⎯⎯⎯⎯⎯⎯⎯\n\nit('should create dynamoose providers', async () => {\n        const models: ModelDefinition[] = [\n          {\n            name: 'User',\n            schema: UserSchema,\n            options: {\n              tableName: 'user',\n            },\n          },\n          {\n            name: 'TestModel',\n            schema: {\n              id: String,\n            },\n            options: {\n              tableName: 'test',\n            },\n          },\n        ];\n        const providers = createDynamooseProviders(models);\n        expect(providers).toBeDefined();\n      })",
                          "err": {},
                          "uuid": "e6d2a1bb-4e9c-4125-a3d8-ac9e9fc83d18",
                          "parentUUID": "6f14389e-b34b-416c-816d-1c629e1b0c21",
                          "isHook": false,
                          "skipped": false
                        },
                        {
                          "fullTitle": "DynamooseModule Basic configuration providers should create async dynamoose providers",
                          "title": "should create async dynamoose providers",
                          "timedOut": false,
                          "duration": 8,
                          "state": "passed",
                          "speed": "fast",
                          "pass": true,
                          "fail": false,
                          "pending": false,
                          "context": null,
                          "code": "// ⎯⎯⎯⎯⎯⎯⎯⎯⎯\n// • Line: 191\n// • Column: 6\n// ⎯⎯⎯⎯⎯⎯⎯⎯⎯\n\nit('should create async dynamoose providers', async () => {\n        const factories: any[] = [\n          {\n            name: 'User',\n            useFactory: async () => ({\n              schema: UserSchema,\n              options: {\n                tableName: 'user',\n              },\n              serializers: {},\n            }),\n            inject: [],\n          },\n          {\n            name: 'TestModel',\n            useFactory: async () => ({\n              schema: {\n                id: String,\n              },\n              options: { timestamps: true },\n              serializers: {\n                serializerName: {\n                  input: jest.fn(),\n                  output: jest.fn(),\n                },\n              },\n            }),\n            inject: [],\n          },\n        ];\n        const providers = createDynamooseAsyncProviders(factories);\n        expect(providers).toBeDefined();\n      })",
                          "err": {},
                          "uuid": "5b7c20f0-b5a7-421e-8e58-76b4c757ba59",
                          "parentUUID": "6f14389e-b34b-416c-816d-1c629e1b0c21",
                          "isHook": false,
                          "skipped": false
                        }
                      ],
                      "suites": [],
                      "passes": [
                        "e6d2a1bb-4e9c-4125-a3d8-ac9e9fc83d18",
                        "5b7c20f0-b5a7-421e-8e58-76b4c757ba59"
                      ],
                      "failures": [],
                      "pending": [],
                      "skipped": [],
                      "duration": 25,
                      "root": false,
                      "rootEmpty": false,
                      "_timeout": 5000
                    }
                  ],
                  "passes": [],
                  "failures": [],
                  "pending": [],
                  "skipped": [],
                  "duration": 0,
                  "root": false,
                  "rootEmpty": false,
                  "_timeout": 5000
                },
                {
                  "uuid": "bff10666-5233-47d8-8f39-1e8ad08f27cd",
                  "title": "Advance configuration",
                  "fullFile": "/home/runner/work/tresdoce-nestjs-toolkit/tresdoce-nestjs-toolkit/packages/dynamoose/src/__test__/dynamoose.module.spec.ts",
                  "file": "",
                  "beforeHooks": [],
                  "afterHooks": [],
                  "tests": [
                    {
                      "fullTitle": "DynamooseModule Advance configuration should be defined",
                      "title": "should be defined",
                      "timedOut": false,
                      "duration": 12,
                      "state": "passed",
                      "speed": "fast",
                      "pass": true,
                      "fail": false,
                      "pending": false,
                      "context": null,
                      "code": "// ⎯⎯⎯⎯⎯⎯⎯⎯⎯\n// • Line: 256\n// • Column: 4\n// ⎯⎯⎯⎯⎯⎯⎯⎯⎯\n\nit('should be defined', async () => {\n      expect(app).toBeDefined();\n    })",
                      "err": {},
                      "uuid": "3907f0fa-6d42-4108-83c4-8b009e87f9fc",
                      "parentUUID": "bff10666-5233-47d8-8f39-1e8ad08f27cd",
                      "isHook": false,
                      "skipped": false
                    }
                  ],
                  "suites": [],
                  "passes": [
                    "3907f0fa-6d42-4108-83c4-8b009e87f9fc"
                  ],
                  "failures": [],
                  "pending": [],
                  "skipped": [],
                  "duration": 12,
                  "root": false,
                  "rootEmpty": false,
                  "_timeout": 5000
                }
              ],
              "passes": [],
              "failures": [],
              "pending": [],
              "skipped": [],
              "duration": 0,
              "root": false,
              "rootEmpty": false,
              "_timeout": 5000
            },
            {
              "uuid": "8b7ab8f0-6a3c-4321-9acd-22a716a1accd",
              "title": "Providers",
              "fullFile": "/home/runner/work/tresdoce-nestjs-toolkit/tresdoce-nestjs-toolkit/packages/dynamoose/src/__test__/dynamoose.provider.spec.ts",
              "file": "dynamoose.provider.spec.ts",
              "beforeHooks": [],
              "afterHooks": [],
              "tests": [],
              "suites": [
                {
                  "uuid": "cd6d08be-d1c7-4c8b-a4cb-43985c639f5d",
                  "title": "createDynamooseProviders",
                  "fullFile": "/home/runner/work/tresdoce-nestjs-toolkit/tresdoce-nestjs-toolkit/packages/dynamoose/src/__test__/dynamoose.provider.spec.ts",
                  "file": "",
                  "beforeHooks": [],
                  "afterHooks": [],
                  "tests": [
                    {
                      "fullTitle": "Providers createDynamooseProviders should create providers with no models",
                      "title": "should create providers with no models",
                      "timedOut": false,
                      "duration": 3,
                      "state": "passed",
                      "speed": "fast",
                      "pass": true,
                      "fail": false,
                      "pending": false,
                      "context": null,
                      "code": "// ⎯⎯⎯⎯⎯⎯⎯⎯⎯\n// • Line: 20\n// • Column: 4\n// ⎯⎯⎯⎯⎯⎯⎯⎯⎯\n\nit('should create providers with no models', () => {\n      const providers = createDynamooseProviders();\n      expect(providers).toEqual([]);\n    })",
                      "err": {},
                      "uuid": "82327d29-1eaa-4488-9bc9-756d8806ed96",
                      "parentUUID": "cd6d08be-d1c7-4c8b-a4cb-43985c639f5d",
                      "isHook": false,
                      "skipped": false
                    },
                    {
                      "fullTitle": "Providers createDynamooseProviders should create providers with no models array",
                      "title": "should create providers with no models array",
                      "timedOut": false,
                      "duration": 1,
                      "state": "passed",
                      "speed": "fast",
                      "pass": true,
                      "fail": false,
                      "pending": false,
                      "context": null,
                      "code": "// ⎯⎯⎯⎯⎯⎯⎯⎯⎯\n// • Line: 25\n// • Column: 4\n// ⎯⎯⎯⎯⎯⎯⎯⎯⎯\n\nit('should create providers with no models array', () => {\n      const providers = createDynamooseProviders([]);\n      expect(providers).toEqual([]);\n    })",
                      "err": {},
                      "uuid": "0628ed36-08d8-40c6-bd65-ef73add270d6",
                      "parentUUID": "cd6d08be-d1c7-4c8b-a4cb-43985c639f5d",
                      "isHook": false,
                      "skipped": false
                    },
                    {
                      "fullTitle": "Providers createDynamooseProviders should create providers with models and no serializers",
                      "title": "should create providers with models and no serializers",
                      "timedOut": false,
                      "duration": 3,
                      "state": "passed",
                      "speed": "fast",
                      "pass": true,
                      "fail": false,
                      "pending": false,
                      "context": null,
[...]
                      "title": "should calculate diff between two timestamps in seconds",
                      "timedOut": false,
                      "duration": 2,
                      "state": "passed",
                      "speed": "fast",
                      "pass": true,
                      "fail": false,
                      "pending": false,
                      "context": null,
                      "code": "// ⎯⎯⎯⎯⎯⎯⎯⎯⎯\n// • Line: 162\n// • Column: 4\n// ⎯⎯⎯⎯⎯⎯⎯⎯⎯\n\nit('should calculate diff between two timestamps in seconds', () => {\n      expect(\n        service.calculateTimestampDiff({\n          startTime: 1689208308510,\n          endTime: 1689208308525,\n          options: { unit: 'seconds' },\n        }),\n      ).toBe(0.015);\n    })",
                      "err": {},
                      "uuid": "93463350-d0f8-4703-a535-64f50879f685",
                      "parentUUID": "77c2863f-193d-4fc1-949a-5fad559c5bcb",
                      "isHook": false,
                      "skipped": false
                    },
                    {
                      "fullTitle": "FormatService formatDate should calculate diff between two timestamps in seconds with suffix",
                      "title": "should calculate diff between two timestamps in seconds with suffix",
                      "timedOut": false,
                      "duration": 2,
                      "state": "passed",
                      "speed": "fast",
                      "pass": true,
                      "fail": false,
                      "pending": false,
                      "context": null,
                      "code": "// ⎯⎯⎯⎯⎯⎯⎯⎯⎯\n// • Line: 172\n// • Column: 4\n// ⎯⎯⎯⎯⎯⎯⎯⎯⎯\n\nit('should calculate diff between two timestamps in seconds with suffix', () => {\n      expect(\n        service.calculateTimestampDiff({\n          startTime: 1689208308510,\n          endTime: 1689208308525,\n          options: { unit: 'seconds', addSuffix: true },\n        }),\n      ).toBe('0.015s');\n    })",
                      "err": {},
                      "uuid": "ead97685-6ca5-4563-8c40-1ce38e339c3b",
                      "parentUUID": "77c2863f-193d-4fc1-949a-5fad559c5bcb",
                      "isHook": false,
                      "skipped": false
                    }
                  ],
                  "suites": [],
                  "passes": [
                    "1c7261e2-c3eb-43fe-9041-3654b39a800f",
                    "c3ea342f-c654-49ee-b193-b1ae706841fd",
                    "07c442d3-48ff-405b-82f7-74163dc07d53",
                    "772df558-218b-4653-afa5-cd5d65b12eaa",
                    "f77ab269-2675-4beb-be4b-ffcba06d9593",
                    "a5999169-b510-4308-9183-4b991537796a",
                    "4a8969dc-19c3-456f-b8e2-418cc0f63b57",
                    "8640fad9-c1d5-439d-858e-c251688d755a",
                    "10d7613e-f24b-4b96-aabf-f2bfeef76812",
                    "9ecd4c2d-56b3-4d92-b8b9-7c2a64e66a80",
                    "bf14a046-0879-4c90-a46a-018591aa3398",
                    "93463350-d0f8-4703-a535-64f50879f685",
                    "ead97685-6ca5-4563-8c40-1ce38e339c3b"
                  ],
                  "failures": [],
                  "pending": [],
                  "skipped": [],
                  "duration": 51,
                  "root": false,
                  "rootEmpty": false,
                  "_timeout": 5000
                }
              ],
              "passes": [],
              "failures": [],
              "pending": [],
              "skipped": [],
              "duration": 0,
              "root": false,
              "rootEmpty": false,
              "_timeout": 5000
            },
            {
              "uuid": "f4e5e9c6-d2ae-49f1-9364-fc8257a9034a",
              "title": "RedactModule",
              "fullFile": "/home/runner/work/tresdoce-nestjs-toolkit/tresdoce-nestjs-toolkit/packages/utils/src/__test__/redact.module.spec.ts",
              "file": "redact.module.spec.ts",
              "beforeHooks": [],
              "afterHooks": [],
              "tests": [],
              "suites": [
                {
                  "uuid": "957b2403-8ff0-42af-b522-04209865caee",
                  "title": "default",
                  "fullFile": "/home/runner/work/tresdoce-nestjs-toolkit/tresdoce-nestjs-toolkit/packages/utils/src/__test__/redact.module.spec.ts",
                  "file": "",
                  "beforeHooks": [],
                  "afterHooks": [],
                  "tests": [
                    {
                      "fullTitle": "RedactModule default should define the REDACT_PROVIDER",
                      "title": "should define the REDACT_PROVIDER",
                      "timedOut": false,
                      "duration": 21,
                      "state": "passed",
                      "speed": "fast",
                      "pass": true,
                      "fail": false,
                      "pending": false,
                      "context": null,
                      "code": "// ⎯⎯⎯⎯⎯⎯⎯⎯⎯\n// • Line: 14\n// • Column: 4\n// ⎯⎯⎯⎯⎯⎯⎯⎯⎯\n\nit('should define the REDACT_PROVIDER', async () => {\n      const module: TestingModule = await Test.createTestingModule({\n        imports: [RedactModule],\n      }).compile();\n\n      const provider = module.get(REDACT_PROVIDER);\n      expect(provider).toBeDefined();\n      expect(provider({ apiKey: '123456789' })).toEqual({ apiKey: '123456789' });\n    })",
                      "err": {},
                      "uuid": "9196ea42-c59f-49d3-94f1-31df9cbbfc22",
                      "parentUUID": "957b2403-8ff0-42af-b522-04209865caee",
                      "isHook": false,
                      "skipped": false
                    },
                    {
                      "fullTitle": "RedactModule default should define the REDACT_PROVIDER with configModule",
                      "title": "should define the REDACT_PROVIDER with configModule",
                      "timedOut": false,
                      "duration": 10,
                      "state": "passed",
                      "speed": "fast",
                      "pass": true,
                      "fail": false,
                      "pending": false,
                      "context": null,
                      "code": "// ⎯⎯⎯⎯⎯⎯⎯⎯⎯\n// • Line: 24\n// • Column: 4\n// ⎯⎯⎯⎯⎯⎯⎯⎯⎯\n\nit('should define the REDACT_PROVIDER with configModule', async () => {\n      const module: TestingModule = await Test.createTestingModule({\n        imports: [\n          ConfigModule.forRoot({\n            isGlobal: true,\n            load: [\n              dynamicConfig({\n                redact: {\n                  paths: ['apiKey'],\n                },\n              }),\n            ],\n          }),\n          RedactModule,\n        ],\n      }).compile();\n\n      const provider = module.get(REDACT_PROVIDER);\n      expect(provider).toBeDefined();\n      expect(provider({ apiKey: '123456789' })).toEqual({ apiKey: '12345****' });\n    })",
                      "err": {},
                      "uuid": "4a18cf6f-663a-4ed7-a460-a2e9d5c5f901",
                      "parentUUID": "957b2403-8ff0-42af-b522-04209865caee",
                      "isHook": false,
                      "skipped": false
                    }
                  ],
                  "suites": [],
                  "passes": [
                    "9196ea42-c59f-49d3-94f1-31df9cbbfc22",
                    "4a18cf6f-663a-4ed7-a460-a2e9d5c5f901"
                  ],
                  "failures": [],
                  "pending": [],
                  "skipped": [],
                  "duration": 31,
                  "root": false,
                  "rootEmpty": false,
                  "_timeout": 5000
                },
                {
                  "uuid": "47c49254-f138-41dd-b4e0-8d26b9636f30",
                  "title": "register",
                  "fullFile": "/home/runner/work/tresdoce-nestjs-toolkit/tresdoce-nestjs-toolkit/packages/utils/src/__test__/redact.module.spec.ts",
                  "file": "",
                  "beforeHooks": [],
                  "afterHooks": [],
                  "tests": [
                    {
                      "fullTitle": "RedactModule register should provide the REDACT_PROVIDER",
                      "title": "should provide the REDACT_PROVIDER",
                      "timedOut": false,
                      "duration": 6,
                      "state": "passed",
                      "speed": "fast",
                      "pass": true,
                      "fail": false,
                      "pending": false,
                      "context": null,
                      "code": "// ⎯⎯⎯⎯⎯⎯⎯⎯⎯\n// • Line: 48\n// • Column: 4\n// ⎯⎯⎯⎯⎯⎯⎯⎯⎯\n\nit('should provide the REDACT_PROVIDER', async () => {\n      const module: TestingModule = await Test.createTestingModule({\n        imports: [\n          RedactModule.register({\n            paths: ['apiKey'],\n            obfuscateFrom: 'left',\n          }),\n        ],\n      }).compile();\n\n      const provider = module.get(REDACT_PROVIDER);\n      expect(provider).toBeDefined();\n      expect(provider({ apiKey: '123456789' })).toEqual({ apiKey: '****56789' });\n    })",
                      "err": {},
                      "uuid": "92a229e8-0e0b-4c7a-9f73-91dd60b614bb",
                      "parentUUID": "47c49254-f138-41dd-b4e0-8d26b9636f30",
                      "isHook": false,
                      "skipped": false
                    },
                    {
                      "fullTitle": "RedactModule register should provide the REDACT_PROVIDER values empty",
                      "title": "should provide the REDACT_PROVIDER values empty",
                      "timedOut": false,
                      "duration": 4,
                      "state": "passed",
                      "speed": "fast",
                      "pass": true,
                      "fail": false,
                      "pending": false,
                      "context": null,
                      "code": "// ⎯⎯⎯⎯⎯⎯⎯⎯⎯\n// • Line: 63\n// • Column: 4\n// ⎯⎯⎯⎯⎯⎯⎯⎯⎯\n\nit('should provide the REDACT_PROVIDER values empty', async () => {\n      const module: TestingModule = await Test.createTestingModule({\n        imports: [RedactModule.register({})],\n      }).compile();\n\n      const provider = module.get(REDACT_PROVIDER);\n      expect(provider).toBeDefined();\n      expect(provider({ apiKey: '123456789' })).toEqual({ apiKey: '123456789' });\n    })",
                      "err": {},
                      "uuid": "08ad9866-8cc9-4e50-875c-370ea5b21ead",
                      "parentUUID": "47c49254-f138-41dd-b4e0-8d26b9636f30",
                      "isHook": false,
                      "skipped": false
                    }
                  ],
                  "suites": [],
                  "passes": [
                    "92a229e8-0e0b-4c7a-9f73-91dd60b614bb",
                    "08ad9866-8cc9-4e50-875c-370ea5b21ead"
                  ],
                  "failures": [],
                  "pending": [],
                  "skipped": [],
                  "duration": 10,
                  "root": false,
                  "rootEmpty": false,
                  "_timeout": 5000
                },
                {
                  "uuid": "9f06cd58-507a-49b0-a820-e2ce1d349ae2",
                  "title": "registerAsync",
                  "fullFile": "/home/runner/work/tresdoce-nestjs-toolkit/tresdoce-nestjs-toolkit/packages/utils/src/__test__/redact.module.spec.ts",
                  "file": "",
                  "beforeHooks": [],
                  "afterHooks": [],
                  "tests": [
                    {
                      "fullTitle": "RedactModule registerAsync should provide the REDACT_PROVIDER using useFactory",
                      "title": "should provide the REDACT_PROVIDER using useFactory",
                      "timedOut": false,
                      "duration": 4,
                      "state": "passed",
                      "speed": "fast",
                      "pass": true,
                      "fail": false,
                      "pending": false,
                      "context": null,
                      "code": "// ⎯⎯⎯⎯⎯⎯⎯⎯⎯\n// • Line: 75\n// • Column: 4\n// ⎯⎯⎯⎯⎯⎯⎯⎯⎯\n\nit('should provide the REDACT_PROVIDER using useFactory', async () => {\n      const newCensor = 'XXXX';\n      const module: TestingModule = await Test.createTestingModule({\n        imports: [\n          RedactModule.registerAsync({\n            useFactory: () => ({\n              paths: ['apiKey'],\n              censor: (value): string =>\n                `[${newCensor}${value.toString().substring(newCensor.length)}]`,\n            }),\n          }),\n        ],\n      }).compile();\n\n      const provider = module.get(REDACT_PROVIDER);\n      expect(provider).toBeDefined();\n      expect(provider({ apiKey: '123456789' })).toEqual({ apiKey: '[XXXX56789]' });\n    })",
                      "err": {},
                      "uuid": "c74a3ad5-1318-40f4-830a-f28f8bedf83f",
                      "parentUUID": "9f06cd58-507a-49b0-a820-e2ce1d349ae2",
                      "isHook": false,
                      "skipped": false
                    },
                    {
                      "fullTitle": "RedactModule registerAsync should provide the REDACT_PROVIDER using useClass",
                      "title": "should provide the REDACT_PROVIDER using useClass",
                      "timedOut": false,
                      "duration": 4,
                      "state": "passed",
                      "speed": "fast",
                      "pass": true,
                      "fail": false,
                      "pending": false,
                      "context": null,
                      "code": "// ⎯⎯⎯⎯⎯⎯⎯⎯⎯\n// • Line: 94\n// • Column: 4\n// ⎯⎯⎯⎯⎯⎯⎯⎯⎯\n\nit('should provide the REDACT_PROVIDER using useClass', async () => {\n      class TestClass implements RedactModuleOptionsFactory {\n        async createRedactOptions(): Promise<RedactModuleOptions> {\n          return {\n            paths: ['apiKey'],\n          };\n        }\n      }\n\n      const options: RedactModuleAsyncOptions = {\n        useClass: TestClass,\n      };\n\n      const module: TestingModule = await Test.createTestingModule({\n        imports: [RedactModule.registerAsync(options)],\n      }).compile();\n\n      const provider = module.get(REDACT_PROVIDER);\n      expect(provider).toBeDefined();\n      expect(provider({ apiKey: '123456789' })).toEqual({ apiKey: '12345****' });\n    })",
                      "err": {},
                      "uuid": "6f3fd132-55d4-4dc4-b68f-3c713b571bf6",
                      "parentUUID": "9f06cd58-507a-49b0-a820-e2ce1d349ae2",
                      "isHook": false,
                      "skipped": false
                    }
                  ],
                  "suites": [],
                  "passes": [
                    "c74a3ad5-1318-40f4-830a-f28f8bedf83f",
                    "6f3fd132-55d4-4dc4-b68f-3c713b571bf6"
                  ],
                  "failures": [],
                  "pending": [],
                  "skipped": [],
                  "duration": 8,
                  "root": false,
                  "rootEmpty": false,
                  "_timeout": 5000
                }
              ],
              "passes": [],
              "failures": [],
              "pending": [],
              "skipped": [],
              "duration": 0,
              "root": false,
              "rootEmpty": false,
              "_timeout": 5000
            },
            {
              "uuid": "a11e973b-0e63-4a9c-9ce4-775a372c32ff",
              "title": "RedactService",
              "fullFile": "/home/runner/work/tresdoce-nestjs-toolkit/tresdoce-nestjs-toolkit/packages/utils/src/__test__/redact.service.spec.ts",
              "file": "redact.service.spec.ts",
              "beforeHooks": [],
              "afterHooks": [],
              "tests": [
                {
                  "fullTitle": "RedactService should be defined",
                  "title": "should be defined",
                  "timedOut": false,
                  "duration": 215,
                  "state": "passed",
                  "speed": "medium",
                  "pass": true,
                  "fail": false,
                  "pending": false,
                  "context": null,
                  "code": "// ⎯⎯⎯⎯⎯⎯⎯⎯⎯\n// • Line: 39\n// • Column: 2\n// ⎯⎯⎯⎯⎯⎯⎯⎯⎯\n\nit('should be defined', async () => {\n    expect(service).toBeDefined();\n    expect(service).toBeInstanceOf(RedactService);\n    expect(service.redactRef).not.toBeNull();\n  })",
                  "err": {},
                  "uuid": "c85acd24-ebfd-4eaa-a55a-3477da2f5eb1",
                  "parentUUID": "a11e973b-0e63-4a9c-9ce4-775a372c32ff",
                  "isHook": false,
                  "skipped": false
                },
                {
                  "fullTitle": "RedactService should be obfuscate sensitive data",
                  "title": "should be obfuscate sensitive data",
                  "timedOut": false,
                  "duration": 11,
                  "state": "passed",
                  "speed": "fast",
                  "pass": true,
                  "fail": false,
                  "pending": false,
                  "context": null,
                  "code": "// ⎯⎯⎯⎯⎯⎯⎯⎯⎯\n// • Line: 45\n// • Column: 2\n// ⎯⎯⎯⎯⎯⎯⎯⎯⎯\n\nit('should be obfuscate sensitive data', async () => {\n    const redacted = service.obfuscate({ apiKey: '123456789' });\n    expect(redacted).toEqual({ apiKey: '12345****' });\n  })",
                  "err": {},
                  "uuid": "b429b954-03eb-441b-a941-4f4a4e5f8031",
                  "parentUUID": "a11e973b-0e63-4a9c-9ce4-775a372c32ff",
                  "isHook": false,
                  "skipped": false
                },
                {
                  "fullTitle": "RedactService should be obfuscate sensitive data with serialize",
                  "title": "should be obfuscate sensitive data with serialize",
                  "timedOut": false,
                  "duration": 7,
                  "state": "passed",
                  "speed": "fast",
                  "pass": true,
                  "fail": false,
                  "pending": false,
                  "context": null,
                  "code": "// ⎯⎯⎯⎯⎯⎯⎯⎯⎯\n// • Line: 50\n// • Column: 2\n// ⎯⎯⎯⎯⎯⎯⎯⎯⎯\n\nit('should be obfuscate sensitive data with serialize', async () => {\n    const redacted = service.obfuscate({ apiKey: '123456789' }, false);\n    expect(redacted).toEqual(JSON.stringify({ apiKey: '12345****' }));\n  })",
                  "err": {},
                  "uuid": "fd341d74-f876-4ef1-84a0-e57224807fc1",
                  "parentUUID": "a11e973b-0e63-4a9c-9ce4-775a372c32ff",
                  "isHook": false,
                  "skipped": false
                }
              ],
              "suites": [],
              "passes": [
                "c85acd24-ebfd-4eaa-a55a-3477da2f5eb1",
                "b429b954-03eb-441b-a941-4f4a4e5f8031",
                "fd341d74-f876-4ef1-84a0-e57224807fc1"
              ],
              "failures": [],
              "pending": [],
              "skipped": [],
              "duration": 233,
              "root": false,
              "rootEmpty": false,
              "_timeout": 5000
            }
          ],
          "passes": [],
          "failures": [],
          "pending": [],
          "skipped": [],
          "duration": 0,
          "root": false,
          "rootEmpty": false,
          "_timeout": 5000
        }
      ],
      "passes": [],
      "failures": [],
      "pending": [],
      "skipped": [],
      "duration": 0,
      "root": true,
      "rootEmpty": true,
      "_timeout": 5000
    }
  ]
}