{
  "stats": {
    "suites": 17,
    "tests": 295,
    "passes": 295,
    "pending": 0,
    "failures": 0,
    "testsRegistered": 295,
    "passPercent": 100,
    "pendingPercent": 0,
    "other": 0,
    "hasOther": false,
    "skipped": 0,
    "hasSkipped": false,
    "start": "2024-01-16T19:58:58.724Z",
    "end": "2024-01-16T20:04:19.545Z",
    "duration": 320821
  },
  "results": [
    {
      "uuid": "8d4e61ef-4996-4c88-8c3a-bc9668f8adc9",
      "title": "",
      "fullFile": "",
      "file": "",
      "beforeHooks": [],
      "afterHooks": [],
      "tests": [],
      "suites": [
        {
          "uuid": "bb868973-a873-4f14-b122-a2ef1f0046ea",
          "title": "@tresdoce-nestjs-toolkit/archetype",
          "fullFile": "",
          "file": "",
          "beforeHooks": [],
          "afterHooks": [],
          "tests": [],
          "suites": [
            {
              "uuid": "47865ed7-a073-43b5-b4bd-06d6b87d928e",
              "title": "ArchetypeService",
              "fullFile": "/home/runner/work/tresdoce-nestjs-toolkit/tresdoce-nestjs-toolkit/packages/archetype/src/__test__/archetype.service.spec.ts",
              "file": "archetype.service.spec.ts",
              "beforeHooks": [],
              "afterHooks": [],
              "tests": [
                {
                  "fullTitle": "ArchetypeService should be defined",
                  "title": "should be defined",
                  "timedOut": false,
                  "duration": 16,
                  "state": "passed",
                  "speed": "fast",
                  "pass": true,
                  "fail": false,
                  "pending": false,
                  "context": null,
                  "code": "// ⎯⎯⎯⎯⎯⎯⎯⎯⎯\n// • Line: 26\n// • Column: 2\n// ⎯⎯⎯⎯⎯⎯⎯⎯⎯\n\nit('should be defined', () => {\n    expect(service).toBeDefined();\n  })",
                  "err": {},
                  "uuid": "6830e092-cfa1-459a-88f7-5fc6672a709e",
                  "parentUUID": "47865ed7-a073-43b5-b4bd-06d6b87d928e",
                  "isHook": false,
                  "skipped": false
                },
                {
                  "fullTitle": "ArchetypeService should be read package file",
                  "title": "should be read package file",
                  "timedOut": false,
                  "duration": 5,
                  "state": "passed",
                  "speed": "fast",
                  "pass": true,
                  "fail": false,
                  "pending": false,
                  "context": null,
                  "code": "// ⎯⎯⎯⎯⎯⎯⎯⎯⎯\n// • Line: 30\n// • Column: 2\n// ⎯⎯⎯⎯⎯⎯⎯⎯⎯\n\nit('should be read package file', async () => {\n    const packageFile = await service.readFile(__dirname, '../../package.json');\n    expect(packageFile).toBeDefined();\n    expect(packageFile).toEqual(expect.any(Object));\n  })",
                  "err": {},
                  "uuid": "ad36046c-5d18-4a7b-85bd-5bd182a19d08",
                  "parentUUID": "47865ed7-a073-43b5-b4bd-06d6b87d928e",
                  "isHook": false,
                  "skipped": false
                },
                {
                  "fullTitle": "ArchetypeService should be return archetype version",
                  "title": "should be return archetype version",
                  "timedOut": false,
                  "duration": 5,
                  "state": "passed",
                  "speed": "fast",
                  "pass": true,
                  "fail": false,
                  "pending": false,
                  "context": null,
                  "code": "// ⎯⎯⎯⎯⎯⎯⎯⎯⎯\n// • Line: 36\n// • Column: 2\n// ⎯⎯⎯⎯⎯⎯⎯⎯⎯\n\nit('should be return archetype version', async () => {\n    service.readFile = jest.fn().mockImplementation(() => ({ version: manifest.archetypeVersion }));\n\n    expect(await service.getArchetypeVersion()).toEqual({\n      archetypeVersion: manifest.archetypeVersion,\n    });\n  })",
                  "err": {},
                  "uuid": "41848b82-9c05-4607-988e-f66e6846286c",
                  "parentUUID": "47865ed7-a073-43b5-b4bd-06d6b87d928e",
                  "isHook": false,
                  "skipped": false
                },
                {
                  "fullTitle": "ArchetypeService should be return application info",
                  "title": "should be return application info",
                  "timedOut": false,
                  "duration": 4,
                  "state": "passed",
                  "speed": "fast",
                  "pass": true,
                  "fail": false,
                  "pending": false,
                  "context": null,
                  "code": "// ⎯⎯⎯⎯⎯⎯⎯⎯⎯\n// • Line: 44\n// • Column: 2\n// ⎯⎯⎯⎯⎯⎯⎯⎯⎯\n\nit('should be return application info', async () => {\n    service.readFile = jest.fn().mockImplementation(() => ({\n      appStage: manifest.appStage,\n      apiPrefix: manifest.apiPrefix,\n      name: manifest.name,\n      version: manifest.version,\n      description: manifest.description,\n      author: manifest.author,\n      repository: manifest.repository,\n      homepage: manifest.homepage,\n      dependencies: manifest.dependencies,\n      devDependencies: manifest.devDependencies,\n    }));\n\n    expect(await service.getApplicationInfo()).toEqual({\n      appStage: manifest.appStage,\n      apiPrefix: manifest.apiPrefix,\n      name: manifest.name,\n      version: manifest.version,\n      description: manifest.description,\n      author: manifest.author,\n      repository: manifest.repository,\n      homepage: manifest.homepage,\n      dependencies: {\n        '@tresdoce-nestjs-toolkit/archetype': '0.0.1',\n        '@tresdoce-nestjs-toolkit/health': '0.0.1',\n        '@tresdoce-nestjs-toolkit/http-client': '0.0.1',\n        '@nestjs/class-transformer': '^0.4.0',\n        '@nestjs/class-validator': '^0.13.3',\n        '@nestjs/common': '^9.2.1',\n        '@nestjs/config': '^2.2.0',\n        '@nestjs/core': '^8.2.5',\n        '@nestjs/platform-express': '^8.2.5',\n        '@nestjs/swagger': '^5.1.5',\n      },\n      devDependencies: {\n        '@tresdoce-nestjs-toolkit/commons': '0.0.1',\n        '@nestjs/cli': '^9.1.8',\n        '@nestjs/schematics': '^9.1.0',\n        '@nestjs/testing': '^9.4.0',\n      },\n    });\n  })",
                  "err": {},
                  "uuid": "fbdc2913-264e-46d9-8134-e55c6ad14e0b",
                  "parentUUID": "47865ed7-a073-43b5-b4bd-06d6b87d928e",
                  "isHook": false,
                  "skipped": false
                },
                {
                  "fullTitle": "ArchetypeService should be return manifest",
                  "title": "should be return manifest",
                  "timedOut": false,
                  "duration": 3,
                  "state": "passed",
                  "speed": "fast",
                  "pass": true,
                  "fail": false,
                  "pending": false,
                  "context": null,
                  "code": "// ⎯⎯⎯⎯⎯⎯⎯⎯⎯\n// • Line: 88\n// • Column: 2\n// ⎯⎯⎯⎯⎯⎯⎯⎯⎯\n\nit('should be return manifest', async () => {\n    service.getArchetypeVersion = jest.fn().mockImplementation(() => ({\n      archetypeVersion: manifest.archetypeVersion,\n    }));\n\n    service.getApplicationInfo = jest.fn().mockImplementation(() => ({\n      appStage: manifest.appStage,\n      apiPrefix: manifest.apiPrefix,\n      name: manifest.name,\n      version: manifest.version,\n      description: manifest.description,\n      author: manifest.author,\n      repository: manifest.repository,\n      homepage: manifest.homepage,\n      dependencies: manifest.dependencies,\n      devDependencies: manifest.devDependencies,\n    }));\n\n    expect(await service.generateManifest()).toEqual({ ...manifest });\n  })",
                  "err": {},
                  "uuid": "42329609-ded9-4233-b460-03ff83630902",
                  "parentUUID": "47865ed7-a073-43b5-b4bd-06d6b87d928e",
                  "isHook": false,
                  "skipped": false
                }
              ],
              "suites": [],
              "passes": [
                "6830e092-cfa1-459a-88f7-5fc6672a709e",
                "ad36046c-5d18-4a7b-85bd-5bd182a19d08",
                "41848b82-9c05-4607-988e-f66e6846286c",
                "fbdc2913-264e-46d9-8134-e55c6ad14e0b",
                "42329609-ded9-4233-b460-03ff83630902"
              ],
              "failures": [],
              "pending": [],
              "skipped": [],
              "duration": 33,
              "root": false,
              "rootEmpty": false,
              "_timeout": 5000
            },
            {
              "uuid": "50e13699-a74f-4d68-820f-9f401e42da63",
              "title": "ArchetypeController",
              "fullFile": "/home/runner/work/tresdoce-nestjs-toolkit/tresdoce-nestjs-toolkit/packages/archetype/src/__test__/archetype.controller.spec.ts",
              "file": "archetype.controller.spec.ts",
              "beforeHooks": [],
              "afterHooks": [],
              "tests": [
                {
                  "fullTitle": "ArchetypeController should be defined",
                  "title": "should be defined",
                  "timedOut": false,
                  "duration": 15,
                  "state": "passed",
                  "speed": "fast",
                  "pass": true,
                  "fail": false,
                  "pending": false,
                  "context": null,
                  "code": "// ⎯⎯⎯⎯⎯⎯⎯⎯⎯\n// • Line: 35\n// • Column: 2\n// ⎯⎯⎯⎯⎯⎯⎯⎯⎯\n\nit('should be defined', () => {\n    expect(controller).toBeDefined();\n  })",
                  "err": {},
                  "uuid": "d6c711f3-fa0d-400e-ae06-23d1272fd69e",
                  "parentUUID": "50e13699-a74f-4d68-820f-9f401e42da63",
                  "isHook": false,
                  "skipped": false
                },
                {
                  "fullTitle": "ArchetypeController should be return manifest json",
                  "title": "should be return manifest json",
                  "timedOut": false,
                  "duration": 5,
                  "state": "passed",
                  "speed": "fast",
                  "pass": true,
                  "fail": false,
                  "pending": false,
                  "context": null,
                  "code": "// ⎯⎯⎯⎯⎯⎯⎯⎯⎯\n// • Line: 39\n// • Column: 2\n// ⎯⎯⎯⎯⎯⎯⎯⎯⎯\n\nit('should be return manifest json', async () => {\n    expect(await controller.getArchetypeInfo()).toBeDefined();\n    expect(await controller.getArchetypeInfo()).toEqual(manifest);\n  })",
                  "err": {},
                  "uuid": "fa308ee0-f690-40c7-b9e5-09e0b0720dbb",
                  "parentUUID": "50e13699-a74f-4d68-820f-9f401e42da63",
                  "isHook": false,
                  "skipped": false
                }
              ],
              "suites": [],
              "passes": [
                "d6c711f3-fa0d-400e-ae06-23d1272fd69e",
                "fa308ee0-f690-40c7-b9e5-09e0b0720dbb"
              ],
              "failures": [],
              "pending": [],
              "skipped": [],
              "duration": 20,
              "root": false,
              "rootEmpty": false,
              "_timeout": 5000
            },
            {
              "uuid": "8d2f7ad5-85ff-4eec-a98d-57ff5371b4d0",
              "title": "ArchetypeModule",
              "fullFile": "/home/runner/work/tresdoce-nestjs-toolkit/tresdoce-nestjs-toolkit/packages/archetype/src/__test__/archetype.module.spec.ts",
              "file": "archetype.module.spec.ts",
              "beforeHooks": [],
              "afterHooks": [],
              "tests": [
                {
                  "fullTitle": "ArchetypeModule should be define",
                  "title": "should be define",
                  "timedOut": false,
                  "duration": 148,
                  "state": "passed",
                  "speed": "medium",
                  "pass": true,
                  "fail": false,
                  "pending": false,
                  "context": null,
                  "code": "// ⎯⎯⎯⎯⎯⎯⎯⎯⎯\n// • Line: 26\n// • Column: 2\n// ⎯⎯⎯⎯⎯⎯⎯⎯⎯\n\nit('should be define', async () => {\n    expect(app).toBeDefined();\n  })",
                  "err": {},
                  "uuid": "f43a767f-3996-41b3-b7fe-7d9e4fe647e8",
                  "parentUUID": "8d2f7ad5-85ff-4eec-a98d-57ff5371b4d0",
                  "isHook": false,
                  "skipped": false
                }
              ],
              "suites": [],
              "passes": [
                "f43a767f-3996-41b3-b7fe-7d9e4fe647e8"
              ],
              "failures": [],
              "pending": [],
              "skipped": [],
              "duration": 148,
              "root": false,
              "rootEmpty": false,
              "_timeout": 5000
            },
            {
              "uuid": "602d4c5c-f832-499b-a5e4-e13efb5b2c58",
              "title": "Constants",
              "fullFile": "/home/runner/work/tresdoce-nestjs-toolkit/tresdoce-nestjs-toolkit/packages/archetype/src/__test__/constants.spec.ts",
              "file": "constants.spec.ts",
              "beforeHooks": [],
              "afterHooks": [],
              "tests": [
                {
                  "fullTitle": "Constants should be return exclude to prefix global",
                  "title": "should be return exclude to prefix global",
                  "timedOut": false,
                  "duration": 2,
                  "state": "passed",
                  "speed": "fast",
                  "pass": true,
                  "fail": false,
                  "pending": false,
                  "context": null,
                  "code": "// ⎯⎯⎯⎯⎯⎯⎯⎯⎯\n// • Line: 5\n// • Column: 2\n// ⎯⎯⎯⎯⎯⎯⎯⎯⎯\n\nit('should be return exclude to prefix global', async () => {\n    expect(manifestControllerExcludes).toEqual(expect.any(Array));\n    expect(manifestControllerExcludes).toMatchObject([\n      {\n        path: '/info',\n        method: RequestMethod.GET,\n      },\n    ]);\n  })",
                  "err": {},
                  "uuid": "e977ef8e-efad-496a-b989-a8377e739e17",
                  "parentUUID": "602d4c5c-f832-499b-a5e4-e13efb5b2c58",
                  "isHook": false,
                  "skipped": false
                }
              ],
              "suites": [],
              "passes": [
                "e977ef8e-efad-496a-b989-a8377e739e17"
              ],
              "failures": [],
              "pending": [],
              "skipped": [],
              "duration": 2,
              "root": false,
              "rootEmpty": false,
              "_timeout": 5000
            }
          ],
          "passes": [],
          "failures": [],
          "pending": [],
          "skipped": [],
          "duration": 0,
          "root": false,
          "rootEmpty": false,
          "_timeout": 5000
        }
      ],
      "passes": [],
      "failures": [],
      "pending": [],
      "skipped": [],
      "duration": 0,
      "root": true,
      "rootEmpty": true,
      "_timeout": 5000
    },
    {
      "uuid": "f56388c8-00b7-4636-b380-7336f4a4c7cb",
      "title": "",
      "fullFile": "",
      "file": "",
      "beforeHooks": [],
      "afterHooks": [],
      "tests": [],
      "suites": [
        {
          "uuid": "cabd279d-38fa-400b-a8e0-e6dc01cd1e23",
          "title": "@tresdoce-nestjs-toolkit/camunda",
          "fullFile": "",
          "file": "",
          "beforeHooks": [],
          "afterHooks": [],
          "tests": [],
          "suites": [
            {
              "uuid": "6ba6ecc7-f4bc-49b0-989b-15f37124aa5a",
              "title": "CamundaModule",
              "fullFile": "/home/runner/work/tresdoce-nestjs-toolkit/tresdoce-nestjs-toolkit/packages/camunda/src/__test__/camunda.module.spec.ts",
              "file": "camunda.module.spec.ts",
              "beforeHooks": [],
              "afterHooks": [],
              "tests": [
                {
                  "fullTitle": "CamundaModule should be defined",
                  "title": "should be defined",
                  "timedOut": false,
                  "duration": 223,
                  "state": "passed",
                  "speed": "medium",
                  "pass": true,
                  "fail": false,
                  "pending": false,
                  "context": null,
                  "code": "// ⎯⎯⎯⎯⎯⎯⎯⎯⎯\n// • Line: 56\n// • Column: 2\n// ⎯⎯⎯⎯⎯⎯⎯⎯⎯\n\nit('should be defined', () => {\n    expect(app).toBeDefined();\n  })",
                  "err": {},
                  "uuid": "b48429e1-c63a-4e8b-95a9-afab2d823c12",
                  "parentUUID": "6ba6ecc7-f4bc-49b0-989b-15f37124aa5a",
                  "isHook": false,
                  "skipped": false
                },
                {
                  "fullTitle": "CamundaModule should be Subscription decorator is defined with options",
                  "title": "should be Subscription decorator is defined with options",
                  "timedOut": false,
                  "duration": 12,
                  "state": "passed",
                  "speed": "fast",
                  "pass": true,
                  "fail": false,
                  "pending": false,
                  "context": null,
                  "code": "// ⎯⎯⎯⎯⎯⎯⎯⎯⎯\n// • Line: 60\n// • Column: 2\n// ⎯⎯⎯⎯⎯⎯⎯⎯⎯\n\nit('should be Subscription decorator is defined with options', async () => {\n    const decorator = Subscription('test-topic', { lockDuration: 500 });\n    console.log(decorator);\n    expect(decorator).toBeDefined();\n  })",
                  "err": {},
                  "uuid": "4e6bfc73-9a52-4b18-9dd3-e407d034fd8e",
                  "parentUUID": "6ba6ecc7-f4bc-49b0-989b-15f37124aa5a",
                  "isHook": false,
                  "skipped": false
                }
              ],
              "suites": [],
              "passes": [
                "b48429e1-c63a-4e8b-95a9-afab2d823c12",
                "4e6bfc73-9a52-4b18-9dd3-e407d034fd8e"
              ],
              "failures": [],
              "pending": [],
              "skipped": [],
              "duration": 235,
              "root": false,
              "rootEmpty": false,
              "_timeout": 5000
            }
          ],
          "passes": [],
          "failures": [],
          "pending": [],
          "skipped": [],
          "duration": 0,
          "root": false,
          "rootEmpty": false,
          "_timeout": 5000
        }
      ],
      "passes": [],
      "failures": [],
      "pending": [],
      "skipped": [],
      "duration": 0,
      "root": true,
      "rootEmpty": true,
      "_timeout": 5000
    },
    {
      "uuid": "f1fee895-57b7-439e-b753-724647ea5bd8",
      "title": "",
      "fullFile": "",
      "file": "",
      "beforeHooks": [],
      "afterHooks": [],
      "tests": [],
      "suites": [
        {
          "uuid": "1d98dec1-e16a-42ae-be8f-d4ab269e34b2",
          "title": "@tresdoce-nestjs-toolkit/commons",
          "fullFile": "",
          "file": "",
          "beforeHooks": [],
          "afterHooks": [],
          "tests": [],
          "suites": [
            {
              "uuid": "4793f81b-11fd-4121-bc83-70855c8c7315",
              "title": "build-config",
              "fullFile": "/home/runner/work/tresdoce-nestjs-toolkit/tresdoce-nestjs-toolkit/packages/commons/src/__test__/build-config.spec.ts",
              "file": "build-config.spec.ts",
              "beforeHooks": [],
              "afterHooks": [],
              "tests": [
                {
                  "fullTitle": "build-config should return the development configuration when NODE_ENV is not \"build\"",
                  "title": "should return the development configuration when NODE_ENV is not \"build\"",
                  "timedOut": false,
                  "duration": 8,
                  "state": "passed",
                  "speed": "fast",
                  "pass": true,
                  "fail": false,
                  "pending": false,
                  "context": null,
                  "code": "// ⎯⎯⎯⎯⎯⎯⎯⎯⎯\n// • Line: 16\n// • Column: 2\n// ⎯⎯⎯⎯⎯⎯⎯⎯⎯\n\nit('should return the development configuration when NODE_ENV is not \"build\"', () => {\n    process.env.NODE_ENV = 'dev';\n    const config = buildConfig() as unknown as Configuration;\n    expect(config).not.toBe(null);\n    expect(typeof config).toBe('object');\n    expect(config).toBeDefined();\n    expect(config.mode).toEqual('development');\n    expect(config.optimization.nodeEnv).toBeFalsy();\n  })",
                  "err": {},
                  "uuid": "7f6c3bc6-db60-4206-ace7-2d015f6bf583",
                  "parentUUID": "4793f81b-11fd-4121-bc83-70855c8c7315",
                  "isHook": false,
                  "skipped": false
                },
                {
                  "fullTitle": "build-config should return the production configuration when NODE_ENV is \"build\"",
                  "title": "should return the production configuration when NODE_ENV is \"build\"",
                  "timedOut": false,
                  "duration": 1,
                  "state": "passed",
                  "speed": "fast",
                  "pass": true,
                  "fail": false,
                  "pending": false,
                  "context": null,
                  "code": "// ⎯⎯⎯⎯⎯⎯⎯⎯⎯\n// • Line: 26\n// • Column: 2\n// ⎯⎯⎯⎯⎯⎯⎯⎯⎯\n\nit('should return the production configuration when NODE_ENV is \"build\"', () => {\n    process.env.NODE_ENV = 'build';\n    const config = buildConfig() as unknown as Configuration;\n    expect(config).not.toBe(null);\n    expect(typeof config).toBe('object');\n    expect(config).toBeDefined();\n    expect(config.mode).toEqual('production');\n    expect(config.optimization.nodeEnv).toEqual('production');\n  })",
                  "err": {},
                  "uuid": "1f85f9e2-c8e8-4a66-bdc9-00a3a5072a5e",
                  "parentUUID": "4793f81b-11fd-4121-bc83-70855c8c7315",
                  "isHook": false,
                  "skipped": false
                },
                {
                  "fullTitle": "build-config should merge with the additional config",
                  "title": "should merge with the additional config",
                  "timedOut": false,
                  "duration": 2,
                  "state": "passed",
                  "speed": "fast",
                  "pass": true,
                  "fail": false,
                  "pending": false,
                  "context": null,
                  "code": "// ⎯⎯⎯⎯⎯⎯⎯⎯⎯\n// • Line: 36\n// • Column: 2\n// ⎯⎯⎯⎯⎯⎯⎯⎯⎯\n\nit('should merge with the additional config', () => {\n    const additionalConfig = { devtool: 'eval' };\n    const config = buildConfig(additionalConfig) as unknown as Configuration;\n    expect(config).not.toBe(null);\n    expect(typeof config).toBe('object');\n    expect(config).toBeDefined();\n    expect(config.mode).toEqual('development');\n    expect(config.devtool).toEqual('eval');\n    expect(config.optimization.nodeEnv).toBeFalsy();\n  })",
                  "err": {},
                  "uuid": "32899419-ccf1-46d7-b1d3-757e661dbaf9",
                  "parentUUID": "4793f81b-11fd-4121-bc83-70855c8c7315",
                  "isHook": false,
                  "skipped": false
                }
              ],
              "suites": [],
              "passes": [
                "7f6c3bc6-db60-4206-ace7-2d015f6bf583",
                "1f85f9e2-c8e8-4a66-bdc9-00a3a5072a5e",
                "32899419-ccf1-46d7-b1d3-757e661dbaf9"
              ],
              "failures": [],
              "pending": [],
              "skipped": [],
              "duration": 11,
              "root": false,
              "rootEmpty": false,
              "_timeout": 5000
            },
            {
              "uuid": "73c00cb1-d407-4e59-8594-149890220c18",
              "title": "webpack.config",
              "fullFile": "/home/runner/work/tresdoce-nestjs-toolkit/tresdoce-nestjs-toolkit/packages/commons/src/__test__/webpack.config.spec.ts",
              "file": "webpack.config.spec.ts",
              "beforeHooks": [],
              "afterHooks": [],
              "tests": [
                {
                  "fullTitle": "webpack.config should return the development configuration when NODE_ENV is not \"build\"",
                  "title": "should return the development configuration when NODE_ENV is not \"build\"",
                  "timedOut": false,
                  "duration": 4,
                  "state": "passed",
                  "speed": "fast",
                  "pass": true,
                  "fail": false,
                  "pending": false,
                  "context": null,
                  "code": "// ⎯⎯⎯⎯⎯⎯⎯⎯⎯\n// • Line: 15\n// • Column: 2\n// ⎯⎯⎯⎯⎯⎯⎯⎯⎯\n\nit('should return the development configuration when NODE_ENV is not \"build\"', () => {\n    process.env.NODE_ENV = 'dev';\n    const config = webpackConfig();\n    expect(config).not.toBe(null);\n    expect(typeof config).toBe('object');\n    expect(config).toBeDefined();\n    expect(config.mode).toEqual('development');\n    expect(config.optimization.nodeEnv).toBeFalsy();\n  })",
                  "err": {},
                  "uuid": "a8350e7e-ea90-4eea-a121-0ecf523d296b",
                  "parentUUID": "73c00cb1-d407-4e59-8594-149890220c18",
                  "isHook": false,
                  "skipped": false
                },
                {
                  "fullTitle": "webpack.config should return the production configuration when NODE_ENV is \"build\"",
                  "title": "should return the production configuration when NODE_ENV is \"build\"",
                  "timedOut": false,
                  "duration": 58,
                  "state": "passed",
                  "speed": "fast",
                  "pass": true,
                  "fail": false,
                  "pending": false,
                  "context": null,
                  "code": "// ⎯⎯⎯⎯⎯⎯⎯⎯⎯\n// • Line: 25\n// • Column: 2\n// ⎯⎯⎯⎯⎯⎯⎯⎯⎯\n\nit('should return the production configuration when NODE_ENV is \"build\"', () => {\n    process.env.NODE_ENV = 'build';\n    const config = webpackConfig();\n    expect(config).not.toBe(null);\n    expect(typeof config).toBe('object');\n    expect(config).toBeDefined();\n    expect(config.mode).toEqual('production');\n    expect(config.optimization.nodeEnv).toEqual('production');\n  })",
                  "err": {},
                  "uuid": "51f19d5e-3dd7-4965-8e84-a2fd37b1936c",
                  "parentUUID": "73c00cb1-d407-4e59-8594-149890220c18",
                  "isHook": false,
                  "skipped": false
                }
              ],
              "suites": [],
              "passes": [
                "a8350e7e-ea90-4eea-a121-0ecf523d296b",
                "51f19d5e-3dd7-4965-8e84-a2fd37b1936c"
              ],
              "failures": [],
              "pending": [],
              "skipped": [],
              "duration": 62,
              "root": false,
              "rootEmpty": false,
              "_timeout": 5000
            },
            {
              "uuid": "c2de2bfa-cf31-43a6-80bc-9815177460e4",
              "title": "eslint-config",
              "fullFile": "/home/runner/work/tresdoce-nestjs-toolkit/tresdoce-nestjs-toolkit/packages/commons/src/__test__/eslint-config.spec.ts",
              "file": "eslint-config.spec.ts",
              "beforeHooks": [],
              "afterHooks": [],
              "tests": [
                {
                  "fullTitle": "eslint-config should be return jest config",
                  "title": "should be return jest config",
                  "timedOut": false,
                  "duration": 2,
                  "state": "passed",
                  "speed": "fast",
                  "pass": true,
                  "fail": false,
                  "pending": false,
                  "context": null,
                  "code": "// ⎯⎯⎯⎯⎯⎯⎯⎯⎯\n// • Line: 3\n// • Column: 2\n// ⎯⎯⎯⎯⎯⎯⎯⎯⎯\n\nit('should be return jest config', () => {\n    const config = eslintConfig();\n    expect(config).not.toBe(null);\n    expect(typeof config).toBe('object');\n    expect(config).toBeDefined();\n  })",
                  "err": {},
                  "uuid": "654ddae3-ba5b-4bdf-b002-43d65ef1a855",
                  "parentUUID": "c2de2bfa-cf31-43a6-80bc-9815177460e4",
                  "isHook": false,
                  "skipped": false
                }
              ],
              "suites": [],
              "passes": [
                "654ddae3-ba5b-4bdf-b002-43d65ef1a855"
              ],
              "failures": [],
              "pending": [],
              "skipped": [],
              "duration": 2,
              "root": false,
              "rootEmpty": false,
              "_timeout": 5000
            },
            {
              "uuid": "cbe0e036-6fd0-44c1-aa92-d504c09d604c",
              "title": "testing-library",
              "fullFile": "/home/runner/work/tresdoce-nestjs-toolkit/tresdoce-nestjs-toolkit/packages/commons/src/__test__/testing-library.spec.ts",
              "file": "testing-library.spec.ts",
              "beforeHooks": [],
              "afterHooks": [],
              "tests": [
                {
                  "fullTitle": "testing-library should be return jest config",
                  "title": "should be return jest config",
                  "timedOut": false,
                  "duration": 2,
                  "state": "passed",
                  "speed": "fast",
                  "pass": true,
                  "fail": false,
                  "pending": false,
                  "context": null,
                  "code": "// ⎯⎯⎯⎯⎯⎯⎯⎯⎯\n// • Line: 4\n// • Column: 2\n// ⎯⎯⎯⎯⎯⎯⎯⎯⎯\n\nit('should be return jest config', () => {\n    const config = jestConfig();\n    expect(config).not.toBe(null);\n    expect(typeof config).toBe('object');\n    expect(config).toBeDefined();\n  })",
                  "err": {},
                  "uuid": "dad71636-9348-437c-835f-94c0fd0e5609",
                  "parentUUID": "cbe0e036-6fd0-44c1-aa92-d504c09d604c",
                  "isHook": false,
                  "skipped": false
                }
              ],
              "suites": [],
              "passes": [
                "dad71636-9348-437c-835f-94c0fd0e5609"
              ],
              "failures": [],
              "pending": [],
              "skipped": [],
              "duration": 2,
              "root": false,
              "rootEmpty": false,
              "_timeout": 5000
            }
          ],
          "passes": [],
          "failures": [],
          "pending": [],
          "skipped": [],
          "duration": 0,
          "root": false,
          "rootEmpty": false,
          "_timeout": 5000
        }
      ],
      "passes": [],
      "failures": [],
      "pending": [],
      "skipped": [],
      "duration": 0,
      "root": true,
      "rootEmpty": true,
      "_timeout": 5000
    },
    {
      "uuid": "f966af46-4f96-49c6-b8cf-fdb31f7c8a37",
      "title": "",
      "fullFile": "",
      "file": "",
      "beforeHooks": [],
      "afterHooks": [],
      "tests": [],
      "suites": [
        {
          "uuid": "6cbd4ff4-ffcf-48ab-a279-427e6d6aed16",
          "title": "@tresdoce-nestjs-toolkit/core",
          "fullFile": "",
          "file": "",
          "beforeHooks": [],
          "afterHooks": [],
          "tests": [],
          "suites": [
            {
              "uuid": "2c912c81-649e-441b-aa07-526fa889d1c5",
              "title": "appConfigValidationSchema",
              "fullFile": "/home/runner/work/tresdoce-nestjs-toolkit/tresdoce-nestjs-toolkit/packages/core/src/__test__/app.config.schema.spec.ts",
              "file": "app.config.schema.spec.ts",
              "beforeHooks": [],
              "afterHooks": [],
              "tests": [],
              "suites": [
                {
                  "uuid": "f8bc205b-ec54-4c90-b65d-2c1c66bef37e",
                  "title": "validateSchema for apps",
                  "fullFile": "/home/runner/work/tresdoce-nestjs-toolkit/tresdoce-nestjs-toolkit/packages/core/src/__test__/app.config.schema.spec.ts",
                  "file": "",
                  "beforeHooks": [],
                  "afterHooks": [],
                  "tests": [
                    {
                      "fullTitle": "appConfigValidationSchema validateSchema for apps should validate the base schema correctly",
                      "title": "should validate the base schema correctly",
                      "timedOut": false,
                      "duration": 7,
                      "state": "passed",
                      "speed": "fast",
                      "pass": true,
                      "fail": false,
                      "pending": false,
                      "context": null,
                      "code": "// ⎯⎯⎯⎯⎯⎯⎯⎯⎯\n// • Line: 28\n// • Column: 4\n// ⎯⎯⎯⎯⎯⎯⎯⎯⎯\n\nit('should validate the base schema correctly', () => {\n      const validationSchema = {\n        ...baseValidationSchemaApp,\n      };\n      const result = validateSchema(validationSchema, baseInput);\n      expect(result).toEqual(baseInput);\n    })",
                      "err": {},
                      "uuid": "410529d7-7e41-4f54-b492-619b00198074",
                      "parentUUID": "f8bc205b-ec54-4c90-b65d-2c1c66bef37e",
                      "isHook": false,
                      "skipped": false
                    },
                    {
                      "fullTitle": "appConfigValidationSchema validateSchema for apps should throw an error for invalid APP_STAGE value in base schema",
                      "title": "should throw an error for invalid APP_STAGE value in base schema",
                      "timedOut": false,
                      "duration": 10,
                      "state": "passed",
                      "speed": "fast",
                      "pass": true,
                      "fail": false,
                      "pending": false,
                      "context": null,
                      "code": "// ⎯⎯⎯⎯⎯⎯⎯⎯⎯\n// • Line: 36\n// • Column: 4\n// ⎯⎯⎯⎯⎯⎯⎯⎯⎯\n\nit('should throw an error for invalid APP_STAGE value in base schema', () => {\n      const validationSchema = {\n        ...baseValidationSchemaApp,\n      };\n      const input = {\n        ...baseInput,\n        APP_STAGE: 'sarasa',\n        field: 123,\n      };\n      expect(() => validateSchema(validationSchema, input)).toThrow(Error);\n    })",
                      "err": {},
                      "uuid": "79eccaa9-0538-46bf-9fbd-d5f8ccf29cc4",
                      "parentUUID": "f8bc205b-ec54-4c90-b65d-2c1c66bef37e",
                      "isHook": false,
                      "skipped": false
                    },
                    {
                      "fullTitle": "appConfigValidationSchema validateSchema for apps should throw an error for invalid SKIP_HEALTH_CHECKS value in base schema",
                      "title": "should throw an error for invalid SKIP_HEALTH_CHECKS value in base schema",
                      "timedOut": false,
                      "duration": 1,
                      "state": "passed",
                      "speed": "fast",
                      "pass": true,
                      "fail": false,
                      "pending": false,
                      "context": null,
                      "code": "// ⎯⎯⎯⎯⎯⎯⎯⎯⎯\n// • Line: 48\n// • Column: 4\n// ⎯⎯⎯⎯⎯⎯⎯⎯⎯\n\nit('should throw an error for invalid SKIP_HEALTH_CHECKS value in base schema', () => {\n      const validationSchema = {\n        ...baseValidationSchemaApp,\n      };\n      const input = {\n        ...baseInput,\n        SKIP_HEALTH_CHECKS: 'sarasa',\n        field: 123,\n      };\n      expect(() => validateSchema(validationSchema, input)).toThrow(Error);\n    })",
                      "err": {},
                      "uuid": "0c6dbdc7-da81-4c48-bdbb-b3d38bc8beef",
                      "parentUUID": "f8bc205b-ec54-4c90-b65d-2c1c66bef37e",
                      "isHook": false,
                      "skipped": false
                    },
                    {
                      "fullTitle": "appConfigValidationSchema validateSchema for apps should validate the base schema with a new input correctly",
                      "title": "should validate the base schema with a new input correctly",
                      "timedOut": false,
                      "duration": 2,
                      "state": "passed",
                      "speed": "fast",
                      "pass": true,
                      "fail": false,
                      "pending": false,
                      "context": null,
                      "code": "// ⎯⎯⎯⎯⎯⎯⎯⎯⎯\n// • Line: 60\n// • Column: 4\n// ⎯⎯⎯⎯⎯⎯⎯⎯⎯\n\nit('should validate the base schema with a new input correctly', () => {\n      const validationSchema = {\n        ...baseValidationSchemaApp,\n        field: Joi.string().required(),\n      };\n      const input = {\n        ...baseInput,\n        field: 'test',\n      };\n      const result = validateSchema(validationSchema, input);\n      expect(result).toEqual(input);\n    })",
                      "err": {},
                      "uuid": "70942b29-594c-46e1-8d99-d3749aea647f",
                      "parentUUID": "f8bc205b-ec54-4c90-b65d-2c1c66bef37e",
                      "isHook": false,
                      "skipped": false
                    },
                    {
                      "fullTitle": "appConfigValidationSchema validateSchema for apps should throw an error for invalid input in the base schema",
                      "title": "should throw an error for invalid input in the base schema",
                      "timedOut": false,
                      "duration": 2,
                      "state": "passed",
                      "speed": "fast",
                      "pass": true,
                      "fail": false,
                      "pending": false,
                      "context": null,
                      "code": "// ⎯⎯⎯⎯⎯⎯⎯⎯⎯\n// • Line: 73\n// • Column: 4\n// ⎯⎯⎯⎯⎯⎯⎯⎯⎯\n\nit('should throw an error for invalid input in the base schema', () => {\n      const validationSchema = {\n        ...baseValidationSchemaApp,\n        field: Joi.string().required(),\n      };\n      const input = {\n        ...baseInput,\n        field: 123,\n      };\n      expect(() => validateSchema(validationSchema, input)).toThrow(Error);\n    })",
                      "err": {},
                      "uuid": "1291b00c-4b45-4bc8-a5d0-cc3d2c3bdf42",
                      "parentUUID": "f8bc205b-ec54-4c90-b65d-2c1c66bef37e",
                      "isHook": false,
                      "skipped": false
                    }
                  ],
                  "suites": [],
                  "passes": [
                    "410529d7-7e41-4f54-b492-619b00198074",
                    "79eccaa9-0538-46bf-9fbd-d5f8ccf29cc4",
                    "0c6dbdc7-da81-4c48-bdbb-b3d38bc8beef",
                    "70942b29-594c-46e1-8d99-d3749aea647f",
                    "1291b00c-4b45-4bc8-a5d0-cc3d2c3bdf42"
                  ],
                  "failures": [],
                  "pending": [],
                  "skipped": [],
                  "duration": 22,
                  "root": false,
                  "rootEmpty": false,
                  "_timeout": 5000
                },
                {
                  "uuid": "e3c73327-e5c4-481c-bbaa-9d58da95e5b2",
                  "title": "validateSchemaForApp",
                  "fullFile": "/home/runner/work/tresdoce-nestjs-toolkit/tresdoce-nestjs-toolkit/packages/core/src/__test__/app.config.schema.spec.ts",
                  "file": "",
                  "beforeHooks": [],
                  "afterHooks": [],
                  "tests": [
                    {
                      "fullTitle": "appConfigValidationSchema validateSchemaForApp should validate the schema for app correctly",
                      "title": "should validate the schema for app correctly",
                      "timedOut": false,
                      "duration": 2,
                      "state": "passed",
                      "speed": "fast",
                      "pass": true,
                      "fail": false,
                      "pending": false,
                      "context": null,
                      "code": "// ⎯⎯⎯⎯⎯⎯⎯⎯⎯\n// • Line: 87\n// • Column: 4\n// ⎯⎯⎯⎯⎯⎯⎯⎯⎯\n\nit('should validate the schema for app correctly', () => {\n      const validationSchema = {\n        TEST_KEY: Joi.string().required(),\n        RICK_AND_MORTY_API_URL: Joi.string().required(),\n        RICK_AND_MORTY_API_URL_LIVENESS: Joi.string().required(),\n      };\n      const result = validateSchemaForApp(validationSchema);\n      expect(result).toBeDefined();\n      expect(result).toEqual(expect.any(Object));\n    })",
                      "err": {},
                      "uuid": "97fffdf8-f97a-41c6-ad26-26fe1e479608",
                      "parentUUID": "e3c73327-e5c4-481c-bbaa-9d58da95e5b2",
                      "isHook": false,
                      "skipped": false
                    }
                  ],
                  "suites": [],
                  "passes": [
                    "97fffdf8-f97a-41c6-ad26-26fe1e479608"
                  ],
                  "failures": [],
                  "pending": [],
                  "skipped": [],
                  "duration": 2,
                  "root": false,
                  "rootEmpty": false,
                  "_timeout": 5000
                }
              ],
              "passes": [],
              "failures": [],
              "pending": [],
              "skipped": [],
              "duration": 0,
              "root": false,
              "rootEmpty": false,
              "_timeout": 5000
            },
            {
              "uuid": "9df07e7e-8d3e-4315-bba4-5f1a9f3bcb44",
              "title": "commons",
              "fullFile": "/home/runner/work/tresdoce-nestjs-toolkit/tresdoce-nestjs-toolkit/packages/core/src/__test__/commons.spec.ts",
              "file": "commons.spec.ts",
              "beforeHooks": [],
              "afterHooks": [],
              "tests": [],
              "suites": [
                {
                  "uuid": "cac56ec0-4a60-4682-8519-194d3a9b5c97",
                  "title": "with env context",
                  "fullFile": "/home/runner/work/tresdoce-nestjs-toolkit/tresdoce-nestjs-toolkit/packages/core/src/__test__/commons.spec.ts",
                  "file": "",
                  "beforeHooks": [],
                  "afterHooks": [],
                  "tests": [
                    {
                      "fullTitle": "commons with env context should be return commons exclude paths with context",
                      "title": "should be return commons exclude paths with context",
                      "timedOut": false,
                      "duration": 4,
                      "state": "passed",
                      "speed": "fast",
                      "pass": true,
                      "fail": false,
                      "pending": false,
                      "context": null,
                      "code": "// ⎯⎯⎯⎯⎯⎯⎯⎯⎯\n// • Line: 10\n// • Column: 4\n// ⎯⎯⎯⎯⎯⎯⎯⎯⎯\n\nit('should be return commons exclude paths with context', () => {\n      expect(corePathsExcludes()).not.toBe(null);\n      expect(corePathsExcludes()).toBeDefined();\n      expect(corePathsExcludes()).toBeInstanceOf(Array);\n\n      expect(corePathsExcludes()).toContainObject({\n        path: `/v1/api-test/health/liveness`,\n        method: RequestMethod.GET,\n      });\n\n      expect(corePathsExcludes()).toContainObject({\n        path: `/v1/api-test/health/readiness`,\n        method: RequestMethod.GET,\n      });\n\n      expect(corePathsExcludes()).toContainObject({\n        path: `/v1/api-test/info`,\n        method: RequestMethod.GET,\n      });\n\n      expect(corePathsExcludes()).toContainObject({\n        path: `/v1/api-test/metrics`,\n        method: RequestMethod.GET,\n      });\n    })",
                      "err": {},
                      "uuid": "f9f41f4a-8069-4989-bdb1-050fe02eb3af",
                      "parentUUID": "cac56ec0-4a60-4682-8519-194d3a9b5c97",
                      "isHook": false,
                      "skipped": false
                    },
                    {
                      "fullTitle": "commons with env context should be return array of exclude paths with context",
                      "title": "should be return array of exclude paths with context",
                      "timedOut": false,
                      "duration": 2,
                      "state": "passed",
                      "speed": "fast",
                      "pass": true,
                      "fail": false,
                      "pending": false,
                      "context": null,
                      "code": "// ⎯⎯⎯⎯⎯⎯⎯⎯⎯\n// • Line: 36\n// • Column: 4\n// ⎯⎯⎯⎯⎯⎯⎯⎯⎯\n\nit('should be return array of exclude paths with context', () => {\n      expect(excludePaths()).not.toBe(null);\n      expect(excludePaths()).toBeDefined();\n      expect(excludePaths()).toBeInstanceOf(Array);\n      expect(excludePaths()).toEqual([\n        `/v1/api-test/health/liveness`,\n        `/v1/api-test/health/readiness`,\n        `/v1/api-test/info`,\n        `/v1/api-test/metrics`,\n      ]);\n    })",
                      "err": {},
                      "uuid": "e6216ed9-eab1-4456-b28f-cee7e97844fa",
                      "parentUUID": "cac56ec0-4a60-4682-8519-194d3a9b5c97",
                      "isHook": false,
                      "skipped": false
                    },
                    {
                      "fullTitle": "commons with env context should be return array of exclude paths with globs",
                      "title": "should be return array of exclude paths with globs",
                      "timedOut": false,
                      "duration": 1,
                      "state": "passed",
                      "speed": "fast",
                      "pass": true,
                      "fail": false,
                      "pending": false,
                      "context": null,
                      "code": "// ⎯⎯⎯⎯⎯⎯⎯⎯⎯\n// • Line: 48\n// • Column: 4\n// ⎯⎯⎯⎯⎯⎯⎯⎯⎯\n\nit('should be return array of exclude paths with globs', () => {\n      expect(corePathsExcludesGlobs).not.toBe(null);\n      expect(corePathsExcludesGlobs).toBeDefined();\n      expect(corePathsExcludesGlobs).toBeInstanceOf(Array);\n      expect(corePathsExcludesGlobs).toEqual([\n        '**/health/liveness',\n        '**/health/readiness',\n        '**/info',\n        '**/metrics',\n      ]);\n    })",
                      "err": {},
                      "uuid": "484e0c34-c8f2-4355-a568-01d55a267817",
                      "parentUUID": "cac56ec0-4a60-4682-8519-194d3a9b5c97",
                      "isHook": false,
                      "skipped": false
                    }
                  ],
                  "suites": [],
                  "passes": [
                    "f9f41f4a-8069-4989-bdb1-050fe02eb3af",
                    "e6216ed9-eab1-4456-b28f-cee7e97844fa",
                    "484e0c34-c8f2-4355-a568-01d55a267817"
                  ],
                  "failures": [],
                  "pending": [],
                  "skipped": [],
                  "duration": 7,
                  "root": false,
                  "rootEmpty": false,
                  "_timeout": 5000
                },
                {
                  "uuid": "1a0109ab-9fdf-4d82-a36b-5c5824ae17f9",
                  "title": "without env context",
                  "fullFile": "/home/runner/work/tresdoce-nestjs-toolkit/tresdoce-nestjs-toolkit/packages/core/src/__test__/commons.spec.ts",
                  "file": "",
                  "beforeHooks": [],
                  "afterHooks": [],
                  "tests": [
                    {
                      "fullTitle": "commons without env context should be return commons exclude paths without context",
                      "title": "should be return commons exclude paths without context",
                      "timedOut": false,
                      "duration": 1,
                      "state": "passed",
                      "speed": "fast",
                      "pass": true,
                      "fail": false,
                      "pending": false,
                      "context": null,
                      "code": "// ⎯⎯⎯⎯⎯⎯⎯⎯⎯\n// • Line: 66\n// • Column: 4\n// ⎯⎯⎯⎯⎯⎯⎯⎯⎯\n\nit('should be return commons exclude paths without context', () => {\n      expect(corePathsExcludes()).not.toBe(null);\n      expect(corePathsExcludes()).toBeDefined();\n      expect(corePathsExcludes()).toBeInstanceOf(Array);\n\n      expect(corePathsExcludes()).toContainObject({\n        path: '/health/liveness',\n        method: RequestMethod.GET,\n      });\n\n      expect(corePathsExcludes()).toContainObject({\n        path: '/health/readiness',\n        method: RequestMethod.GET,\n      });\n\n      expect(corePathsExcludes()).toContainObject({\n        path: '/info',\n        method: RequestMethod.GET,\n      });\n\n      expect(corePathsExcludes()).toContainObject({\n        path: '/metrics',\n        method: RequestMethod.GET,\n      });\n    })",
                      "err": {},
                      "uuid": "618fcbb7-2f3c-4c35-a42a-6b1fc18aace6",
                      "parentUUID": "1a0109ab-9fdf-4d82-a36b-5c5824ae17f9",
                      "isHook": false,
                      "skipped": false
                    },
                    {
                      "fullTitle": "commons without env context should be return array of exclude paths without context",
                      "title": "should be return array of exclude paths without context",
                      "timedOut": false,
                      "duration": 0,
                      "state": "passed",
                      "speed": "fast",
                      "pass": true,
                      "fail": false,
                      "pending": false,
                      "context": null,
                      "code": "// ⎯⎯⎯⎯⎯⎯⎯⎯⎯\n// • Line: 92\n// • Column: 4\n// ⎯⎯⎯⎯⎯⎯⎯⎯⎯\n\nit('should be return array of exclude paths without context', () => {\n      expect(excludePaths()).not.toBe(null);\n      expect(excludePaths()).toBeDefined();\n      expect(excludePaths()).toBeInstanceOf(Array);\n      expect(excludePaths()).toEqual([\n        '/health/liveness',\n        '/health/readiness',\n        '/info',\n        '/metrics',\n      ]);\n    })",
                      "err": {},
                      "uuid": "c9974f9f-5574-4362-8f83-b68e65ea3540",
                      "parentUUID": "1a0109ab-9fdf-4d82-a36b-5c5824ae17f9",
                      "isHook": false,
                      "skipped": false
                    }
                  ],
                  "suites": [],
                  "passes": [
                    "618fcbb7-2f3c-4c35-a42a-6b1fc18aace6",
                    "c9974f9f-5574-4362-8f83-b68e65ea3540"
                  ],
                  "failures": [],
                  "pending": [],
                  "skipped": [],
                  "duration": 1,
                  "root": false,
                  "rootEmpty": false,
                  "_timeout": 5000
                }
              ],
              "passes": [],
              "failures": [],
              "pending": [],
              "skipped": [],
              "duration": 0,
              "root": false,
              "rootEmpty": false,
              "_timeout": 5000
            },
            {
              "uuid": "0759d115-cbaf-4851-a573-ec609c8b05a0",
              "title": "Utils",
              "fullFile": "/home/runner/work/tresdoce-nestjs-toolkit/tresdoce-nestjs-toolkit/packages/core/src/__test__/utils.spec.ts",
              "file": "utils.spec.ts",
              "beforeHooks": [],
              "afterHooks": [],
              "tests": [],
              "suites": [
                {
                  "uuid": "166ee681-35ef-4db9-9595-e44240ddc526",
                  "title": "getSkipHealthChecks",
                  "fullFile": "/home/runner/work/tresdoce-nestjs-toolkit/tresdoce-nestjs-toolkit/packages/core/src/__test__/utils.spec.ts",
                  "file": "",
                  "beforeHooks": [],
                  "afterHooks": [],
                  "tests": [
                    {
                      "fullTitle": "Utils getSkipHealthChecks should return an array of values when _value is not empty",
                      "title": "should return an array of values when _value is not empty",
                      "timedOut": false,
                      "duration": 3,
                      "state": "passed",
                      "speed": "fast",
                      "pass": true,
                      "fail": false,
                      "pending": false,
                      "context": null,
                      "code": "// ⎯⎯⎯⎯⎯⎯⎯⎯⎯\n// • Line: 6\n// • Column: 4\n// ⎯⎯⎯⎯⎯⎯⎯⎯⎯\n\nit('should return an array of values when _value is not empty', () => {\n      const result: TSkipHealthChecks[] = getSkipHealthChecks(\n        'storage,memory,elasticsearch,camunda,redis,typeorm',\n      );\n      expect(result).toEqual(['storage', 'memory', 'elasticsearch', 'camunda', 'redis', 'typeorm']);\n    })",
                      "err": {},
                      "uuid": "613c84dd-7c84-4407-badd-eb9b74eaf329",
                      "parentUUID": "166ee681-35ef-4db9-9595-e44240ddc526",
                      "isHook": false,
                      "skipped": false
                    },
                    {
                      "fullTitle": "Utils getSkipHealthChecks should handle spaces and different cases",
                      "title": "should handle spaces and different cases",
                      "timedOut": false,
                      "duration": 0,
                      "state": "passed",
                      "speed": "fast",
                      "pass": true,
                      "fail": false,
                      "pending": false,
                      "context": null,
                      "code": "// ⎯⎯⎯⎯⎯⎯⎯⎯⎯\n// • Line: 13\n// • Column: 4\n// ⎯⎯⎯⎯⎯⎯⎯⎯⎯\n\nit('should handle spaces and different cases', () => {\n      const result: TSkipHealthChecks[] = getSkipHealthChecks(\n        ' Storage ,MEMORY , elasticsearch , camUnda , redis , typeORM',\n      );\n      expect(result).toEqual(['storage', 'memory', 'elasticsearch', 'camunda', 'redis', 'typeorm']);\n    })",
                      "err": {},
                      "uuid": "ffd415b6-1d10-4288-ae67-d409a21e32a5",
                      "parentUUID": "166ee681-35ef-4db9-9595-e44240ddc526",
                      "isHook": false,
                      "skipped": false
                    },
                    {
                      "fullTitle": "Utils getSkipHealthChecks should return an empty array when _value is empty",
                      "title": "should return an empty array when _value is empty",
                      "timedOut": false,
                      "duration": 0,
                      "state": "passed",
                      "speed": "fast",
                      "pass": true,
                      "fail": false,
                      "pending": false,
                      "context": null,
                      "code": "// ⎯⎯⎯⎯⎯⎯⎯⎯⎯\n// • Line: 20\n// • Column: 4\n// ⎯⎯⎯⎯⎯⎯⎯⎯⎯\n\nit('should return an empty array when _value is empty', () => {\n      const result: TSkipHealthChecks[] = getSkipHealthChecks('');\n      expect(result).toEqual([]);\n    })",
                      "err": {},
                      "uuid": "11599088-d29a-4937-b6d5-6980ea9e0d6d",
                      "parentUUID": "166ee681-35ef-4db9-9595-e44240ddc526",
                      "isHook": false,
                      "skipped": false
                    },
                    {
                      "fullTitle": "Utils getSkipHealthChecks should return an empty array when _value is undefined",
                      "title": "should return an empty array when _value is undefined",
                      "timedOut": false,
                      "duration": 0,
                      "state": "passed",
                      "speed": "fast",
                      "pass": true,
                      "fail": false,
                      "pending": false,
                      "context": null,
                      "code": "// ⎯⎯⎯⎯⎯⎯⎯⎯⎯\n// • Line: 25\n// • Column: 4\n// ⎯⎯⎯⎯⎯⎯⎯⎯⎯\n\nit('should return an empty array when _value is undefined', () => {\n      const result: TSkipHealthChecks[] = getSkipHealthChecks(undefined as any);\n      expect(result).toEqual([]);\n    })",
                      "err": {},
                      "uuid": "0ac9afb8-fdac-40dc-a0c1-516197cbe641",
                      "parentUUID": "166ee681-35ef-4db9-9595-e44240ddc526",
                      "isHook": false,
                      "skipped": false
                    }
                  ],
                  "suites": [],
                  "passes": [
                    "613c84dd-7c84-4407-badd-eb9b74eaf329",
                    "ffd415b6-1d10-4288-ae67-d409a21e32a5",
                    "11599088-d29a-4937-b6d5-6980ea9e0d6d",
                    "0ac9afb8-fdac-40dc-a0c1-516197cbe641"
                  ],
                  "failures": [],
                  "pending": [],
                  "skipped": [],
                  "duration": 3,
                  "root": false,
                  "rootEmpty": false,
                  "_timeout": 5000
                }
              ],
              "passes": [],
              "failures": [],
              "pending": [],
              "skipped": [],
              "duration": 0,
              "root": false,
              "rootEmpty": false,
              "_timeout": 5000
            },
            {
              "uuid": "f00d7228-72c4-4a26-91e1-b216865f073b",
              "title": "https-certificate",
              "fullFile": "/home/runner/work/tresdoce-nestjs-toolkit/tresdoce-nestjs-toolkit/packages/core/src/__test__/https-certificate.spec.ts",
              "file": "https-certificate.spec.ts",
              "beforeHooks": [],
              "afterHooks": [],
              "tests": [
                {
                  "fullTitle": "https-certificate should be return https certificate config",
                  "title": "should be return https certificate config",
                  "timedOut": false,
                  "duration": 3,
                  "state": "passed",
                  "speed": "fast",
                  "pass": true,
                  "fail": false,
                  "pending": false,
                  "context": null,
                  "code": "// ⎯⎯⎯⎯⎯⎯⎯⎯⎯\n// • Line: 4\n// • Column: 2\n// ⎯⎯⎯⎯⎯⎯⎯⎯⎯\n\nit('should be return https certificate config', () => {\n    const crtPath = path.resolve(__dirname, './utils/localhost.crt');\n    const keyPath = path.resolve(__dirname, './utils/localhost.key');\n\n    const config = setHttpsOptions(crtPath, keyPath);\n    expect(typeof config).toBe('object');\n    expect(config).toBeDefined();\n    expect(config.cert).not.toEqual('');\n    expect(config.key).not.toEqual('');\n  })",
                  "err": {},
                  "uuid": "20dc8eec-59de-4358-a849-e6e171776959",
                  "parentUUID": "f00d7228-72c4-4a26-91e1-b216865f073b",
                  "isHook": false,
                  "skipped": false
                },
                {
                  "fullTitle": "https-certificate should be return https certificate config empty",
                  "title": "should be return https certificate config empty",
                  "timedOut": false,
                  "duration": 1,
                  "state": "passed",
                  "speed": "fast",
                  "pass": true,
                  "fail": false,
                  "pending": false,
                  "context": null,
                  "code": "// ⎯⎯⎯⎯⎯⎯⎯⎯⎯\n// • Line: 15\n// • Column: 2\n// ⎯⎯⎯⎯⎯⎯⎯⎯⎯\n\nit('should be return https certificate config empty', () => {\n    const crtPath = path.resolve(__dirname, './utils/my-localhost.crt');\n    const keyPath = path.resolve(__dirname, './utils/my-localhost.key');\n\n    const config = setHttpsOptions(crtPath, keyPath);\n    expect(typeof config).toBe('object');\n    expect(config).toBeDefined();\n    expect(config.cert).toEqual('');\n    expect(config.key).toEqual('');\n  })",
                  "err": {},
                  "uuid": "e4a11d9a-d66e-4209-b6cd-5d55cc7fa3bf",
                  "parentUUID": "f00d7228-72c4-4a26-91e1-b216865f073b",
                  "isHook": false,
                  "skipped": false
                }
              ],
              "suites": [],
              "passes": [
                "20dc8eec-59de-4358-a849-e6e171776959",
                "e4a11d9a-d66e-4209-b6cd-5d55cc7fa3bf"
              ],
              "failures": [],
              "pending": [],
              "skipped": [],
              "duration": 4,
              "root": false,
              "rootEmpty": false,
              "_timeout": 5000
            },
            {
              "uuid": "dceb8c86-e439-4242-8344-093f33e54229",
              "title": "Roles decorator",
              "fullFile": "/home/runner/work/tresdoce-nestjs-toolkit/tresdoce-nestjs-toolkit/packages/core/src/__test__/roles.decorator.spec.ts",
              "file": "roles.decorator.spec.ts",
              "beforeHooks": [],
              "afterHooks": [],
              "tests": [
                {
                  "fullTitle": "Roles decorator should be defined",
                  "title": "should be defined",
                  "timedOut": false,
                  "duration": 2,
                  "state": "passed",
                  "speed": "fast",
                  "pass": true,
                  "fail": false,
                  "pending": false,
                  "context": null,
                  "code": "// ⎯⎯⎯⎯⎯⎯⎯⎯⎯\n// • Line: 4\n// • Column: 2\n// ⎯⎯⎯⎯⎯⎯⎯⎯⎯\n\nit('should be defined', async () => {\n    expect(Roles('admin')).toBeDefined();\n    expect(Roles('admin', 'user')).toBeDefined();\n  })",
                  "err": {},
                  "uuid": "a0c6d669-fea4-49be-afe3-0231d6aa6be4",
                  "parentUUID": "dceb8c86-e439-4242-8344-093f33e54229",
                  "isHook": false,
                  "skipped": false
                },
                {
                  "fullTitle": "Roles decorator should be return key",
                  "title": "should be return key",
                  "timedOut": false,
                  "duration": 1,
                  "state": "passed",
                  "speed": "fast",
                  "pass": true,
                  "fail": false,
                  "pending": false,
                  "context": null,
                  "code": "// ⎯⎯⎯⎯⎯⎯⎯⎯⎯\n// • Line: 9\n// • Column: 2\n// ⎯⎯⎯⎯⎯⎯⎯⎯⎯\n\nit('should be return key', async () => {\n    expect(ROLES_KEY).toBe('roles');\n  })",
                  "err": {},
                  "uuid": "2da3ee20-232a-44e3-aec7-c495f89bf206",
                  "parentUUID": "dceb8c86-e439-4242-8344-093f33e54229",
                  "isHook": false,
                  "skipped": false
                }
              ],
              "suites": [],
              "passes": [
                "a0c6d669-fea4-49be-afe3-0231d6aa6be4",
                "2da3ee20-232a-44e3-aec7-c495f89bf206"
              ],
              "failures": [],
              "pending": [],
              "skipped": [],
              "duration": 3,
              "root": false,
              "rootEmpty": false,
              "_timeout": 5000
            },
            {
              "uuid": "79b1ab71-65d9-4dd4-a8bd-c851589d9c43",
              "title": "ExcludeFilter decorator",
              "fullFile": "/home/runner/work/tresdoce-nestjs-toolkit/tresdoce-nestjs-toolkit/packages/core/src/__test__/exclude.filter.decorator.spec.ts",
              "file": "exclude.filter.decorator.spec.ts",
              "beforeHooks": [],
              "afterHooks": [],
              "tests": [
                {
                  "fullTitle": "ExcludeFilter decorator should be defined",
                  "title": "should be defined",
                  "timedOut": false,
                  "duration": 1,
                  "state": "passed",
                  "speed": "fast",
                  "pass": true,
                  "fail": false,
                  "pending": false,
                  "context": null,
                  "code": "// ⎯⎯⎯⎯⎯⎯⎯⎯⎯\n// • Line: 4\n// • Column: 2\n// ⎯⎯⎯⎯⎯⎯⎯⎯⎯\n\nit('should be defined', async () => {\n    expect(ExcludeFilter()).toBeDefined();\n  })",
                  "err": {},
                  "uuid": "b3f90815-8969-4b21-b27b-30da9d2359bf",
                  "parentUUID": "79b1ab71-65d9-4dd4-a8bd-c851589d9c43",
                  "isHook": false,
                  "skipped": false
                },
                {
                  "fullTitle": "ExcludeFilter decorator should be return key",
                  "title": "should be return key",
                  "timedOut": false,
                  "duration": 0,
                  "state": "passed",
                  "speed": "fast",
                  "pass": true,
                  "fail": false,
                  "pending": false,
                  "context": null,
                  "code": "// ⎯⎯⎯⎯⎯⎯⎯⎯⎯\n// • Line: 8\n// • Column: 2\n// ⎯⎯⎯⎯⎯⎯⎯⎯⎯\n\nit('should be return key', async () => {\n    expect(EXCLUDE_FILTER_KEY).toBe('excludeFilter');\n  })",
                  "err": {},
                  "uuid": "5160beee-c60e-4170-86d8-3616853a5f4c",
                  "parentUUID": "79b1ab71-65d9-4dd4-a8bd-c851589d9c43",
                  "isHook": false,
                  "skipped": false
                }
              ],
              "suites": [],
              "passes": [
                "b3f90815-8969-4b21-b27b-30da9d2359bf",
                "5160beee-c60e-4170-86d8-3616853a5f4c"
              ],
              "failures": [],
              "pending": [],
              "skipped": [],
              "duration": 1,
              "root": false,
              "rootEmpty": false,
              "_timeout": 5000
            },
            {
              "uuid": "a1858f4d-8785-4aa0-a595-766ce39bbd75",
              "title": "Public decorator",
              "fullFile": "/home/runner/work/tresdoce-nestjs-toolkit/tresdoce-nestjs-toolkit/packages/core/src/__test__/public.decorator.spec.ts",
              "file": "public.decorator.spec.ts",
              "beforeHooks": [],
              "afterHooks": [],
              "tests": [
                {
                  "fullTitle": "Public decorator should be defined",
                  "title": "should be defined",
                  "timedOut": false,
                  "duration": 2,
                  "state": "passed",
                  "speed": "fast",
                  "pass": true,
                  "fail": false,
                  "pending": false,
                  "context": null,
                  "code": "// ⎯⎯⎯⎯⎯⎯⎯⎯⎯\n// • Line: 4\n// • Column: 2\n// ⎯⎯⎯⎯⎯⎯⎯⎯⎯\n\nit('should be defined', async () => {\n    expect(Public()).toBeDefined();\n  })",
                  "err": {},
                  "uuid": "57d5452a-45d2-4623-b644-4d6a3a8cb305",
                  "parentUUID": "a1858f4d-8785-4aa0-a595-766ce39bbd75",
                  "isHook": false,
                  "skipped": false
                },
                {
                  "fullTitle": "Public decorator should be return key",
                  "title": "should be return key",
                  "timedOut": false,
                  "duration": 1,
                  "state": "passed",
                  "speed": "fast",
                  "pass": true,
                  "fail": false,
                  "pending": false,
                  "context": null,
                  "code": "// ⎯⎯⎯⎯⎯⎯⎯⎯⎯\n// • Line: 8\n// • Column: 2\n// ⎯⎯⎯⎯⎯⎯⎯⎯⎯\n\nit('should be return key', async () => {\n    expect(IS_PUBLIC_KEY).toBe('isPublic');\n  })",
                  "err": {},
                  "uuid": "bce59da8-e9fc-4cd2-8230-0405de352ff7",
                  "parentUUID": "a1858f4d-8785-4aa0-a595-766ce39bbd75",
                  "isHook": false,
                  "skipped": false
                }
              ],
              "suites": [],
              "passes": [
                "57d5452a-45d2-4623-b644-4d6a3a8cb305",
                "bce59da8-e9fc-4cd2-8230-0405de352ff7"
              ],
              "failures": [],
              "pending": [],
              "skipped": [],
              "duration": 3,
              "root": false,
              "rootEmpty": false,
              "_timeout": 5000
            }
          ],
          "passes": [],
          "failures": [],
          "pending": [],
          "skipped": [],
          "duration": 0,
          "root": false,
          "rootEmpty": false,
          "_timeout": 5000
        }
      ],
      "passes": [],
      "failures": [],
      "pending": [],
      "skipped": [],
      "duration": 0,
      "root": true,
      "rootEmpty": true,
      "_timeout": 5000
    },
    {
      "uuid": "4ddb549e-29d1-4bb2-9263-899ba68339ac",
      "title": "",
      "fullFile": "",
      "file": "",
      "beforeHooks": [],
      "afterHooks": [],
      "tests": [],
      "suites": [
        {
          "uuid": "c9b00a25-c24b-4398-a65e-b115bc92ac2a",
          "title": "@tresdoce-nestjs-toolkit/dynamoose",
          "fullFile": "",
          "file": "",
          "beforeHooks": [],
          "afterHooks": [],
          "tests": [],
          "suites": [
            {
              "uuid": "e1bc7134-6566-4d66-b822-382e34bff8b3",
              "title": "DynamooseModule",
              "fullFile": "/home/runner/work/tresdoce-nestjs-toolkit/tresdoce-nestjs-toolkit/packages/dynamoose/src/__test__/dynamoose.module.spec.ts",
              "file": "dynamoose.module.spec.ts",
              "beforeHooks": [],
              "afterHooks": [],
              "tests": [],
              "suites": [
                {
                  "uuid": "1baaea49-aa66-4e5b-93cc-5dbae859da30",
                  "title": "Basic configuration",
                  "fullFile": "/home/runner/work/tresdoce-nestjs-toolkit/tresdoce-nestjs-toolkit/packages/dynamoose/src/__test__/dynamoose.module.spec.ts",
                  "file": "",
                  "beforeHooks": [],
                  "afterHooks": [],
                  "tests": [],
                  "suites": [
                    {
                      "uuid": "a6539110-8241-44a0-a840-2a181109debe",
                      "title": "forRoot",
                      "fullFile": "/home/runner/work/tresdoce-nestjs-toolkit/tresdoce-nestjs-toolkit/packages/dynamoose/src/__test__/dynamoose.module.spec.ts",
                      "file": "",
                      "beforeHooks": [],
                      "afterHooks": [],
                      "tests": [
                        {
                          "fullTitle": "DynamooseModule Basic configuration forRoot should return a dynamic module",
                          "title": "should return a dynamic module",
                          "timedOut": false,
                          "duration": 154,
                          "state": "passed",
                          "speed": "medium",
                          "pass": true,
                          "fail": false,
                          "pending": false,
                          "context": null,
                          "code": "// ⎯⎯⎯⎯⎯⎯⎯⎯⎯\n// • Line: 63\n// • Column: 6\n// ⎯⎯⎯⎯⎯⎯⎯⎯⎯\n\nit('should return a dynamic module', () => {\n        const dynamicModule = DynamooseModule.forRoot();\n        expect(dynamicModule).toBeDefined();\n      })",
                          "err": {},
                          "uuid": "63ac1b0a-2f62-4317-9be0-139b30cc4148",
                          "parentUUID": "a6539110-8241-44a0-a840-2a181109debe",
                          "isHook": false,
                          "skipped": false
                        },
                        {
                          "fullTitle": "DynamooseModule Basic configuration forRoot should create a module with forRoot method",
                          "title": "should create a module with forRoot method",
                          "timedOut": false,
                          "duration": 9,
                          "state": "passed",
                          "speed": "fast",
                          "pass": true,
                          "fail": false,
                          "pending": false,
                          "context": null,
                          "code": "// ⎯⎯⎯⎯⎯⎯⎯⎯⎯\n// • Line: 68\n// • Column: 6\n// ⎯⎯⎯⎯⎯⎯⎯⎯⎯\n\nit('should create a module with forRoot method', async () => {\n        const rootModule = DynamooseModule.forRoot(dynamooseOptions);\n        expect(rootModule).toBeDefined();\n      })",
                          "err": {},
                          "uuid": "6538e20e-eea2-485b-9a71-9a1650f2cf9e",
                          "parentUUID": "a6539110-8241-44a0-a840-2a181109debe",
                          "isHook": false,
                          "skipped": false
                        }
                      ],
                      "suites": [],
                      "passes": [
                        "63ac1b0a-2f62-4317-9be0-139b30cc4148",
                        "6538e20e-eea2-485b-9a71-9a1650f2cf9e"
                      ],
                      "failures": [],
                      "pending": [],
                      "skipped": [],
                      "duration": 163,
                      "root": false,
                      "rootEmpty": false,
                      "_timeout": 5000
                    },
                    {
                      "uuid": "04b87390-15a7-4a02-8d1e-0263003ae4a2",
                      "title": "forRootAsync",
                      "fullFile": "/home/runner/work/tresdoce-nestjs-toolkit/tresdoce-nestjs-toolkit/packages/dynamoose/src/__test__/dynamoose.module.spec.ts",
                      "file": "",
                      "beforeHooks": [],
                      "afterHooks": [],
                      "tests": [
                        {
                          "fullTitle": "DynamooseModule Basic configuration forRootAsync should return a dynamic module",
                          "title": "should return a dynamic module",
                          "timedOut": false,
                          "duration": 6,
                          "state": "passed",
                          "speed": "fast",
                          "pass": true,
                          "fail": false,
                          "pending": false,
                          "context": null,
                          "code": "// ⎯⎯⎯⎯⎯⎯⎯⎯⎯\n// • Line: 75\n// • Column: 6\n// ⎯⎯⎯⎯⎯⎯⎯⎯⎯\n\nit('should return a dynamic module', () => {\n        const asyncModule = DynamooseModule.forRootAsync({ useFactory: async () => ({}) });\n        expect(asyncModule).toBeDefined();\n      })",
                          "err": {},
                          "uuid": "3053ba08-2f78-45da-bb9a-bd2452f1fbd9",
                          "parentUUID": "04b87390-15a7-4a02-8d1e-0263003ae4a2",
                          "isHook": false,
                          "skipped": false
                        },
                        {
                          "fullTitle": "DynamooseModule Basic configuration forRootAsync should create a module with forRootAsync method",
                          "title": "should create a module with forRootAsync method",
                          "timedOut": false,
                          "duration": 5,
                          "state": "passed",
                          "speed": "fast",
                          "pass": true,
                          "fail": false,
                          "pending": false,
                          "context": null,
                          "code": "// ⎯⎯⎯⎯⎯⎯⎯⎯⎯\n// • Line: 80\n// • Column: 6\n// ⎯⎯⎯⎯⎯⎯⎯⎯⎯\n\nit('should create a module with forRootAsync method', async () => {\n        const asyncOptions = {\n          useFactory: async (configService: ConfigService): Promise<DynamooseModuleOptions> =>\n            configService.get<DynamooseModuleOptions>('config.dynamodb'),\n          inject: [ConfigService],\n        };\n        const asyncRootModule = DynamooseModule.forRootAsync(asyncOptions);\n        expect(asyncRootModule).toBeDefined();\n      })",
                          "err": {},
                          "uuid": "937fd084-eba7-4795-bd24-789b0c7d6dc2",
                          "parentUUID": "04b87390-15a7-4a02-8d1e-0263003ae4a2",
                          "isHook": false,
                          "skipped": false
                        }
                      ],
                      "suites": [],
                      "passes": [
                        "3053ba08-2f78-45da-bb9a-bd2452f1fbd9",
                        "937fd084-eba7-4795-bd24-789b0c7d6dc2"
                      ],
                      "failures": [],
                      "pending": [],
                      "skipped": [],
                      "duration": 11,
                      "root": false,
                      "rootEmpty": false,
                      "_timeout": 5000
                    },
                    {
                      "uuid": "c5b6ba2d-9382-4c6a-bf7e-55ca5f97d53f",
                      "title": "forFeature",
                      "fullFile": "/home/runner/work/tresdoce-nestjs-toolkit/tresdoce-nestjs-toolkit/packages/dynamoose/src/__test__/dynamoose.module.spec.ts",
                      "file": "",
                      "beforeHooks": [],
                      "afterHooks": [],
                      "tests": [
                        {
                          "fullTitle": "DynamooseModule Basic configuration forFeature should return a dynamic module empty",
                          "title": "should return a dynamic module empty",
                          "timedOut": false,
                          "duration": 6,
                          "state": "passed",
                          "speed": "fast",
                          "pass": true,
                          "fail": false,
                          "pending": false,
                          "context": null,
                          "code": "// ⎯⎯⎯⎯⎯⎯⎯⎯⎯\n// • Line: 92\n// • Column: 6\n// ⎯⎯⎯⎯⎯⎯⎯⎯⎯\n\nit('should return a dynamic module empty', () => {\n        const featureModule = DynamooseModule.forFeature();\n        expect(featureModule).toBeDefined();\n      })",
                          "err": {},
                          "uuid": "14199de9-63b7-4b50-84bb-270995367ef0",
                          "parentUUID": "c5b6ba2d-9382-4c6a-bf7e-55ca5f97d53f",
                          "isHook": false,
                          "skipped": false
                        },
                        {
                          "fullTitle": "DynamooseModule Basic configuration forFeature should return a dynamic module",
                          "title": "should return a dynamic module",
                          "timedOut": false,
                          "duration": 5,
                          "state": "passed",
                          "speed": "fast",
                          "pass": true,
                          "fail": false,
                          "pending": false,
[...]
                      "title": "should calculate diff between two timestamps in seconds",
                      "timedOut": false,
                      "duration": 2,
                      "state": "passed",
                      "speed": "fast",
                      "pass": true,
                      "fail": false,
                      "pending": false,
                      "context": null,
                      "code": "// ⎯⎯⎯⎯⎯⎯⎯⎯⎯\n// • Line: 162\n// • Column: 4\n// ⎯⎯⎯⎯⎯⎯⎯⎯⎯\n\nit('should calculate diff between two timestamps in seconds', () => {\n      expect(\n        service.calculateTimestampDiff({\n          startTime: 1689208308510,\n          endTime: 1689208308525,\n          options: { unit: 'seconds' },\n        }),\n      ).toBe(0.015);\n    })",
                      "err": {},
                      "uuid": "74fcf6fd-f06c-47c3-a9be-7acb031e9612",
                      "parentUUID": "68772ac3-d68a-44ca-9a49-1a1691919177",
                      "isHook": false,
                      "skipped": false
                    },
                    {
                      "fullTitle": "FormatService formatDate should calculate diff between two timestamps in seconds with suffix",
                      "title": "should calculate diff between two timestamps in seconds with suffix",
                      "timedOut": false,
                      "duration": 1,
                      "state": "passed",
                      "speed": "fast",
                      "pass": true,
                      "fail": false,
                      "pending": false,
                      "context": null,
                      "code": "// ⎯⎯⎯⎯⎯⎯⎯⎯⎯\n// • Line: 172\n// • Column: 4\n// ⎯⎯⎯⎯⎯⎯⎯⎯⎯\n\nit('should calculate diff between two timestamps in seconds with suffix', () => {\n      expect(\n        service.calculateTimestampDiff({\n          startTime: 1689208308510,\n          endTime: 1689208308525,\n          options: { unit: 'seconds', addSuffix: true },\n        }),\n      ).toBe('0.015s');\n    })",
                      "err": {},
                      "uuid": "87ae0b8d-4955-49c2-b1af-ca3181c6b4ff",
                      "parentUUID": "68772ac3-d68a-44ca-9a49-1a1691919177",
                      "isHook": false,
                      "skipped": false
                    }
                  ],
                  "suites": [],
                  "passes": [
                    "acbe32b2-af13-4891-b804-5f0f5c9287e0",
                    "266e4731-5470-4992-8cbf-98e6aef3ce34",
                    "a2a21195-dae2-44a5-9900-e9a6ba7dd883",
                    "1fa6fca5-5627-4f1e-aebb-5a063dc8d3cf",
                    "885f0431-be39-4fe5-9432-6ccbd6c2d031",
                    "5f86b5b7-c6b0-41e7-b5e6-bf88c5b76d11",
                    "cb0c07ef-2b2e-445b-9a7c-acf6d02bcea3",
                    "dd5a581f-1c13-4346-a6ef-6b11359fd6de",
                    "aa86aed5-67d3-49a3-90c2-30cd80712fdf",
                    "fff8cc28-cc78-46ea-9d49-706a1e045b0d",
                    "349d30a4-1373-4c4c-a735-3cf0c76973c3",
                    "74fcf6fd-f06c-47c3-a9be-7acb031e9612",
                    "87ae0b8d-4955-49c2-b1af-ca3181c6b4ff"
                  ],
                  "failures": [],
                  "pending": [],
                  "skipped": [],
                  "duration": 27,
                  "root": false,
                  "rootEmpty": false,
                  "_timeout": 5000
                }
              ],
              "passes": [],
              "failures": [],
              "pending": [],
              "skipped": [],
              "duration": 0,
              "root": false,
              "rootEmpty": false,
              "_timeout": 5000
            },
            {
              "uuid": "79a3d39a-69d0-43f9-807d-9f101e245387",
              "title": "RedactModule",
              "fullFile": "/home/runner/work/tresdoce-nestjs-toolkit/tresdoce-nestjs-toolkit/packages/utils/src/__test__/redact.module.spec.ts",
              "file": "redact.module.spec.ts",
              "beforeHooks": [],
              "afterHooks": [],
              "tests": [],
              "suites": [
                {
                  "uuid": "5805e1a0-6fdd-4b2a-83ad-462e95e315d7",
                  "title": "default",
                  "fullFile": "/home/runner/work/tresdoce-nestjs-toolkit/tresdoce-nestjs-toolkit/packages/utils/src/__test__/redact.module.spec.ts",
                  "file": "",
                  "beforeHooks": [],
                  "afterHooks": [],
                  "tests": [
                    {
                      "fullTitle": "RedactModule default should define the REDACT_PROVIDER",
                      "title": "should define the REDACT_PROVIDER",
                      "timedOut": false,
                      "duration": 14,
                      "state": "passed",
                      "speed": "fast",
                      "pass": true,
                      "fail": false,
                      "pending": false,
                      "context": null,
                      "code": "// ⎯⎯⎯⎯⎯⎯⎯⎯⎯\n// • Line: 14\n// • Column: 4\n// ⎯⎯⎯⎯⎯⎯⎯⎯⎯\n\nit('should define the REDACT_PROVIDER', async () => {\n      const module: TestingModule = await Test.createTestingModule({\n        imports: [RedactModule],\n      }).compile();\n\n      const provider = module.get(REDACT_PROVIDER);\n      expect(provider).toBeDefined();\n      expect(provider({ apiKey: '123456789' })).toEqual({ apiKey: '123456789' });\n    })",
                      "err": {},
                      "uuid": "70d9e85c-b15e-4eaf-913a-e30eadcea67d",
                      "parentUUID": "5805e1a0-6fdd-4b2a-83ad-462e95e315d7",
                      "isHook": false,
                      "skipped": false
                    },
                    {
                      "fullTitle": "RedactModule default should define the REDACT_PROVIDER with configModule",
                      "title": "should define the REDACT_PROVIDER with configModule",
                      "timedOut": false,
                      "duration": 6,
                      "state": "passed",
                      "speed": "fast",
                      "pass": true,
                      "fail": false,
                      "pending": false,
                      "context": null,
                      "code": "// ⎯⎯⎯⎯⎯⎯⎯⎯⎯\n// • Line: 24\n// • Column: 4\n// ⎯⎯⎯⎯⎯⎯⎯⎯⎯\n\nit('should define the REDACT_PROVIDER with configModule', async () => {\n      const module: TestingModule = await Test.createTestingModule({\n        imports: [\n          ConfigModule.forRoot({\n            isGlobal: true,\n            load: [\n              dynamicConfig({\n                redact: {\n                  paths: ['apiKey'],\n                },\n              }),\n            ],\n          }),\n          RedactModule,\n        ],\n      }).compile();\n\n      const provider = module.get(REDACT_PROVIDER);\n      expect(provider).toBeDefined();\n      expect(provider({ apiKey: '123456789' })).toEqual({ apiKey: '12345****' });\n    })",
                      "err": {},
                      "uuid": "941afe44-8089-4998-83f2-acfd2d2c8864",
                      "parentUUID": "5805e1a0-6fdd-4b2a-83ad-462e95e315d7",
                      "isHook": false,
                      "skipped": false
                    }
                  ],
                  "suites": [],
                  "passes": [
                    "70d9e85c-b15e-4eaf-913a-e30eadcea67d",
                    "941afe44-8089-4998-83f2-acfd2d2c8864"
                  ],
                  "failures": [],
                  "pending": [],
                  "skipped": [],
                  "duration": 20,
                  "root": false,
                  "rootEmpty": false,
                  "_timeout": 5000
                },
                {
                  "uuid": "8c60f282-c5bf-4bf7-aacd-b0406e5c8ba1",
                  "title": "register",
                  "fullFile": "/home/runner/work/tresdoce-nestjs-toolkit/tresdoce-nestjs-toolkit/packages/utils/src/__test__/redact.module.spec.ts",
                  "file": "",
                  "beforeHooks": [],
                  "afterHooks": [],
                  "tests": [
                    {
                      "fullTitle": "RedactModule register should provide the REDACT_PROVIDER",
                      "title": "should provide the REDACT_PROVIDER",
                      "timedOut": false,
                      "duration": 3,
                      "state": "passed",
                      "speed": "fast",
                      "pass": true,
                      "fail": false,
                      "pending": false,
                      "context": null,
                      "code": "// ⎯⎯⎯⎯⎯⎯⎯⎯⎯\n// • Line: 48\n// • Column: 4\n// ⎯⎯⎯⎯⎯⎯⎯⎯⎯\n\nit('should provide the REDACT_PROVIDER', async () => {\n      const module: TestingModule = await Test.createTestingModule({\n        imports: [\n          RedactModule.register({\n            paths: ['apiKey'],\n            obfuscateFrom: 'left',\n          }),\n        ],\n      }).compile();\n\n      const provider = module.get(REDACT_PROVIDER);\n      expect(provider).toBeDefined();\n      expect(provider({ apiKey: '123456789' })).toEqual({ apiKey: '****56789' });\n    })",
                      "err": {},
                      "uuid": "1094e31d-c364-4c63-b110-60ddcf50e4ec",
                      "parentUUID": "8c60f282-c5bf-4bf7-aacd-b0406e5c8ba1",
                      "isHook": false,
                      "skipped": false
                    },
                    {
                      "fullTitle": "RedactModule register should provide the REDACT_PROVIDER values empty",
                      "title": "should provide the REDACT_PROVIDER values empty",
                      "timedOut": false,
                      "duration": 2,
                      "state": "passed",
                      "speed": "fast",
                      "pass": true,
                      "fail": false,
                      "pending": false,
                      "context": null,
                      "code": "// ⎯⎯⎯⎯⎯⎯⎯⎯⎯\n// • Line: 63\n// • Column: 4\n// ⎯⎯⎯⎯⎯⎯⎯⎯⎯\n\nit('should provide the REDACT_PROVIDER values empty', async () => {\n      const module: TestingModule = await Test.createTestingModule({\n        imports: [RedactModule.register({})],\n      }).compile();\n\n      const provider = module.get(REDACT_PROVIDER);\n      expect(provider).toBeDefined();\n      expect(provider({ apiKey: '123456789' })).toEqual({ apiKey: '123456789' });\n    })",
                      "err": {},
                      "uuid": "aba55bce-faec-4a33-9b25-9dddc89e2311",
                      "parentUUID": "8c60f282-c5bf-4bf7-aacd-b0406e5c8ba1",
                      "isHook": false,
                      "skipped": false
                    }
                  ],
                  "suites": [],
                  "passes": [
                    "1094e31d-c364-4c63-b110-60ddcf50e4ec",
                    "aba55bce-faec-4a33-9b25-9dddc89e2311"
                  ],
                  "failures": [],
                  "pending": [],
                  "skipped": [],
                  "duration": 5,
                  "root": false,
                  "rootEmpty": false,
                  "_timeout": 5000
                },
                {
                  "uuid": "99c16f00-680c-4ba2-9ea2-7838e1665ef9",
                  "title": "registerAsync",
                  "fullFile": "/home/runner/work/tresdoce-nestjs-toolkit/tresdoce-nestjs-toolkit/packages/utils/src/__test__/redact.module.spec.ts",
                  "file": "",
                  "beforeHooks": [],
                  "afterHooks": [],
                  "tests": [
                    {
                      "fullTitle": "RedactModule registerAsync should provide the REDACT_PROVIDER using useFactory",
                      "title": "should provide the REDACT_PROVIDER using useFactory",
                      "timedOut": false,
                      "duration": 3,
                      "state": "passed",
                      "speed": "fast",
                      "pass": true,
                      "fail": false,
                      "pending": false,
                      "context": null,
                      "code": "// ⎯⎯⎯⎯⎯⎯⎯⎯⎯\n// • Line: 75\n// • Column: 4\n// ⎯⎯⎯⎯⎯⎯⎯⎯⎯\n\nit('should provide the REDACT_PROVIDER using useFactory', async () => {\n      const newCensor = 'XXXX';\n      const module: TestingModule = await Test.createTestingModule({\n        imports: [\n          RedactModule.registerAsync({\n            useFactory: () => ({\n              paths: ['apiKey'],\n              censor: (value): string =>\n                `[${newCensor}${value.toString().substring(newCensor.length)}]`,\n            }),\n          }),\n        ],\n      }).compile();\n\n      const provider = module.get(REDACT_PROVIDER);\n      expect(provider).toBeDefined();\n      expect(provider({ apiKey: '123456789' })).toEqual({ apiKey: '[XXXX56789]' });\n    })",
                      "err": {},
                      "uuid": "caf85753-59ea-4866-9ec3-19f5baa776fa",
                      "parentUUID": "99c16f00-680c-4ba2-9ea2-7838e1665ef9",
                      "isHook": false,
                      "skipped": false
                    },
                    {
                      "fullTitle": "RedactModule registerAsync should provide the REDACT_PROVIDER using useClass",
                      "title": "should provide the REDACT_PROVIDER using useClass",
                      "timedOut": false,
                      "duration": 2,
                      "state": "passed",
                      "speed": "fast",
                      "pass": true,
                      "fail": false,
                      "pending": false,
                      "context": null,
                      "code": "// ⎯⎯⎯⎯⎯⎯⎯⎯⎯\n// • Line: 94\n// • Column: 4\n// ⎯⎯⎯⎯⎯⎯⎯⎯⎯\n\nit('should provide the REDACT_PROVIDER using useClass', async () => {\n      class TestClass implements RedactModuleOptionsFactory {\n        async createRedactOptions(): Promise<RedactModuleOptions> {\n          return {\n            paths: ['apiKey'],\n          };\n        }\n      }\n\n      const options: RedactModuleAsyncOptions = {\n        useClass: TestClass,\n      };\n\n      const module: TestingModule = await Test.createTestingModule({\n        imports: [RedactModule.registerAsync(options)],\n      }).compile();\n\n      const provider = module.get(REDACT_PROVIDER);\n      expect(provider).toBeDefined();\n      expect(provider({ apiKey: '123456789' })).toEqual({ apiKey: '12345****' });\n    })",
                      "err": {},
                      "uuid": "3799b3e8-e090-49de-8cb6-1a32e3979846",
                      "parentUUID": "99c16f00-680c-4ba2-9ea2-7838e1665ef9",
                      "isHook": false,
                      "skipped": false
                    }
                  ],
                  "suites": [],
                  "passes": [
                    "caf85753-59ea-4866-9ec3-19f5baa776fa",
                    "3799b3e8-e090-49de-8cb6-1a32e3979846"
                  ],
                  "failures": [],
                  "pending": [],
                  "skipped": [],
                  "duration": 5,
                  "root": false,
                  "rootEmpty": false,
                  "_timeout": 5000
                }
              ],
              "passes": [],
              "failures": [],
              "pending": [],
              "skipped": [],
              "duration": 0,
              "root": false,
              "rootEmpty": false,
              "_timeout": 5000
            },
            {
              "uuid": "deaa988c-7c60-4890-ac99-848800e10515",
              "title": "RedactService",
              "fullFile": "/home/runner/work/tresdoce-nestjs-toolkit/tresdoce-nestjs-toolkit/packages/utils/src/__test__/redact.service.spec.ts",
              "file": "redact.service.spec.ts",
              "beforeHooks": [],
              "afterHooks": [],
              "tests": [
                {
                  "fullTitle": "RedactService should be defined",
                  "title": "should be defined",
                  "timedOut": false,
                  "duration": 155,
                  "state": "passed",
                  "speed": "medium",
                  "pass": true,
                  "fail": false,
                  "pending": false,
                  "context": null,
                  "code": "// ⎯⎯⎯⎯⎯⎯⎯⎯⎯\n// • Line: 39\n// • Column: 2\n// ⎯⎯⎯⎯⎯⎯⎯⎯⎯\n\nit('should be defined', async () => {\n    expect(service).toBeDefined();\n    expect(service).toBeInstanceOf(RedactService);\n    expect(service.redactRef).not.toBeNull();\n  })",
                  "err": {},
                  "uuid": "74f8edba-c6af-4d89-98b0-21294b87e2a4",
                  "parentUUID": "deaa988c-7c60-4890-ac99-848800e10515",
                  "isHook": false,
                  "skipped": false
                },
                {
                  "fullTitle": "RedactService should be obfuscate sensitive data",
                  "title": "should be obfuscate sensitive data",
                  "timedOut": false,
                  "duration": 8,
                  "state": "passed",
                  "speed": "fast",
                  "pass": true,
                  "fail": false,
                  "pending": false,
                  "context": null,
                  "code": "// ⎯⎯⎯⎯⎯⎯⎯⎯⎯\n// • Line: 45\n// • Column: 2\n// ⎯⎯⎯⎯⎯⎯⎯⎯⎯\n\nit('should be obfuscate sensitive data', async () => {\n    const redacted = service.obfuscate({ apiKey: '123456789' });\n    expect(redacted).toEqual({ apiKey: '12345****' });\n  })",
                  "err": {},
                  "uuid": "fc2c1575-bb5a-46b8-9eda-e916081471e5",
                  "parentUUID": "deaa988c-7c60-4890-ac99-848800e10515",
                  "isHook": false,
                  "skipped": false
                },
                {
                  "fullTitle": "RedactService should be obfuscate sensitive data with serialize",
                  "title": "should be obfuscate sensitive data with serialize",
                  "timedOut": false,
                  "duration": 5,
                  "state": "passed",
                  "speed": "fast",
                  "pass": true,
                  "fail": false,
                  "pending": false,
                  "context": null,
                  "code": "// ⎯⎯⎯⎯⎯⎯⎯⎯⎯\n// • Line: 50\n// • Column: 2\n// ⎯⎯⎯⎯⎯⎯⎯⎯⎯\n\nit('should be obfuscate sensitive data with serialize', async () => {\n    const redacted = service.obfuscate({ apiKey: '123456789' }, false);\n    expect(redacted).toEqual(JSON.stringify({ apiKey: '12345****' }));\n  })",
                  "err": {},
                  "uuid": "d8e00e79-ee50-4d34-9fd7-f405a23ff477",
                  "parentUUID": "deaa988c-7c60-4890-ac99-848800e10515",
                  "isHook": false,
                  "skipped": false
                }
              ],
              "suites": [],
              "passes": [
                "74f8edba-c6af-4d89-98b0-21294b87e2a4",
                "fc2c1575-bb5a-46b8-9eda-e916081471e5",
                "d8e00e79-ee50-4d34-9fd7-f405a23ff477"
              ],
              "failures": [],
              "pending": [],
              "skipped": [],
              "duration": 168,
              "root": false,
              "rootEmpty": false,
              "_timeout": 5000
            }
          ],
          "passes": [],
          "failures": [],
          "pending": [],
          "skipped": [],
          "duration": 0,
          "root": false,
          "rootEmpty": false,
          "_timeout": 5000
        }
      ],
      "passes": [],
      "failures": [],
      "pending": [],
      "skipped": [],
      "duration": 0,
      "root": true,
      "rootEmpty": true,
      "_timeout": 5000
    }
  ]
}